01-Feb-2025 16:19:27 CST  Closed file root://cmsxrootd.fnal.gov//store/mc/Run3Summer23MiniAODv4/DYto2L-4Jets_MLL-120_HT-100to400_TuneCP5_13p6TeV_madgraphMLM-pythia8/MINIAODSIM/130X_mcRun3_2023_realistic_v15-v2/2560000/c71e438f-d76c-435b-b771-652645931be0.root

------------------------------------
GenXsecAnalyzer:
------------------------------------
-------------------------------------------------------------------------------------------------------------------------------------------------------------------------- 
Overall cross-section summary 
--------------------------------------------------------------------------------------------------------------------------------------------------------------------------
Process		xsec_before [pb]		passed	nposw	nnegw	tried	nposw	nnegw 	xsec_match [pb]			accepted [%]	 event_eff [%]
0		1.923e+00 +/- 4.217e-04		155100	155100	0	559179	559179	0	5.334e-01 +/- 1.157e-03		27.7 +/- 0.1	27.7 +/- 0.1
1		7.173e+00 +/- 7.226e-04		370126	370126	0	2084689	2084689	0	1.274e+00 +/- 1.903e-03		17.8 +/- 0.0	17.8 +/- 0.0
2		1.129e+01 +/- 7.457e-04		292083	292083	0	3400620	3400620	0	9.701e-01 +/- 1.717e-03		8.6 +/- 0.0	8.6 +/- 0.0
3		1.051e+01 +/- 6.338e-04		182899	182899	0	3142448	3142448	0	6.116e-01 +/- 1.388e-03		5.8 +/- 0.0	5.8 +/- 0.0
-------------------------------------------------------------------------------------------------------------------------------------------------------------------------- 
Total		3.090e+01 +/- 1.288e-03		1000208	1000208	0	9186936	9186936	0	3.364e+00 +/- 3.178e-03		10.9 +/- 0.0	10.9 +/- 0.0
--------------------------------------------------------------------------------------------------------------------------------------------------------------------------
Before matching: total cross section = 3.090e+01 +- 1.288e-03 pb
After matching: total cross section = 3.364e+00 +- 3.178e-03 pb
Matching efficiency = 0.1 +/- 0.0   [TO BE USED IN MCM]
Filter efficiency (taking into account weights)= (3.09065e+07) / (3.09065e+07) = 1.000e+00 +- 0.000e+00
Filter efficiency (event-level)= (1.00021e+06) / (1.00021e+06) = 1.000e+00 +- 0.000e+00    [TO BE USED IN MCM]

After filter: final cross section = 3.364e+00 +- 3.178e-03 pb
After filter: final fraction of events with negative weights = 0.000e+00 +- 0.000e+00
After filter: final equivalent lumi for 1M events (1/fb) = 2.973e+02 +- 4.090e-01
[2025-02-01 16:19:28.241261 -0600][Error  ][AsyncSock         ] [red-xfer4.unl.edu:1094.0] Socket error encountered: [ERROR] Invalid operation
[2025-02-01 16:19:28.241308 -0600][Error  ][AsyncSock         ] [red-xfer5.unl.edu:1094.0] Socket error encountered: [ERROR] Invalid operation
[2025-02-01 16:19:28.241509 -0600][Error  ][XRootD            ] [red-xfer4.unl.edu:1094] Impossible to send message kXR_close (handle: 0x00000000). Trying to recover.
[2025-02-01 16:19:28.241519 -0600][Error  ][XRootD            ] [red-xfer4.unl.edu:1094] Unable to get the response to request kXR_close (handle: 0x00000000)
[2025-02-01 16:19:28.241525 -0600][Error  ][XRootD            ] [red-xfer5.unl.edu:1094] Impossible to send message kXR_close (handle: 0x00000000). Trying to recover.
[2025-02-01 16:19:28.241536 -0600][Error  ][XRootD            ] [red-xfer5.unl.edu:1094] Unable to get the response to request kXR_close (handle: 0x00000000)
%MSG-w XrdFileWarning: 
Source delayed close failed with error '[ERROR] Invalid operation' (errno=0, code=3, server=red-xfer4.unl.edu:1094, site=T2_US_Nebraska)
%MSG
