01-Feb-2025 17:07:53 CST  Closed file root://cmsxrootd.fnal.gov//store/mc/Run3Summer23MiniAODv4/DYto2L-4Jets_MLL-50to120_HT-400to800_TuneCP5_13p6TeV_madgraphMLM-pythia8/MINIAODSIM/130X_mcRun3_2023_realistic_v14-v3/2810000/2d6ddb77-778f-4d77-b95b-785c7f4f2628.root

------------------------------------
GenXsecAnalyzer:
------------------------------------
-------------------------------------------------------------------------------------------------------------------------------------------------------------------------- 
Overall cross-section summary 
--------------------------------------------------------------------------------------------------------------------------------------------------------------------------
Process		xsec_before [pb]		passed	nposw	nnegw	tried	nposw	nnegw 	xsec_match [pb]			accepted [%]	 event_eff [%]
0		2.919e-01 +/- 7.948e-05		5199	5199	0	41972	41972	0	3.615e-02 +/- 4.694e-04		12.4 +/- 0.2	12.4 +/- 0.2
1		5.396e+00 +/- 8.820e-04		82993	82993	0	770403	770403	0	5.812e-01 +/- 1.908e-03		10.8 +/- 0.0	10.8 +/- 0.0
2		2.100e+01 +/- 1.584e-03		193336	193336	0	3091176	3091176	0	1.313e+00 +/- 2.893e-03		6.3 +/- 0.0	6.3 +/- 0.0
3		4.489e+01 +/- 2.183e-03		719158	719158	0	6726735	6726735	0	4.799e+00 +/- 5.353e-03		10.7 +/- 0.0	10.7 +/- 0.0
-------------------------------------------------------------------------------------------------------------------------------------------------------------------------- 
Total		7.157e+01 +/- 2.839e-03		1000686	1000686	0	10630286	10630286	0	6.737e+00 +/- 6.416e-03		9.4 +/- 0.0	9.4 +/- 0.0
--------------------------------------------------------------------------------------------------------------------------------------------------------------------------
Before matching: total cross section = 7.157e+01 +- 2.839e-03 pb
After matching: total cross section = 6.737e+00 +- 6.416e-03 pb
Matching efficiency = 0.1 +/- 0.0   [TO BE USED IN MCM]
Filter efficiency (taking into account weights)= (7.16221e+07) / (7.16221e+07) = 1.000e+00 +- 0.000e+00
Filter efficiency (event-level)= (1.00069e+06) / (1.00069e+06) = 1.000e+00 +- 0.000e+00    [TO BE USED IN MCM]

After filter: final cross section = 6.737e+00 +- 6.416e-03 pb
After filter: final fraction of events with negative weights = 0.000e+00 +- 0.000e+00
After filter: final equivalent lumi for 1M events (1/fb) = 1.484e+02 +- 2.050e-01
