01-Feb-2025 17:42:03 CST  Closed file root://cmsxrootd.fnal.gov//store/mc/Run3Summer23MiniAODv4/TbarBtoLminusNuB-s-channel-4FS_TuneCP5_13p6TeV_amcatnlo-pythia8/MINIAODSIM/130X_mcRun3_2023_realistic_v15-v2/2530000/e8d2509c-647f-4b6a-b936-c5df33e2d3de.root

------------------------------------
GenXsecAnalyzer:
------------------------------------
-------------------------------------------------------------------------------------------------------------------------------------------------------------------------- 
Overall cross-section summary 
--------------------------------------------------------------------------------------------------------------------------------------------------------------------------
Process		xsec_before [pb]		passed	nposw	nnegw	tried	nposw	nnegw 	xsec_match [pb]			accepted [%]	 event_eff [%]
0		1.430e+00 +/- 6.024e-05		1000000	808009	191991	1000000	808009	191991	1.430e+00 +/- 6.024e-05		100.0 +/- 0.0	100.0 +/- 0.0
-------------------------------------------------------------------------------------------------------------------------------------------------------------------------- 
Total		1.430e+00 +/- 6.024e-05		1000000	808009	191991	1000000	808009	191991	1.430e+00 +/- 6.024e-05		100.0 +/- 0.0	100.0 +/- 0.0
--------------------------------------------------------------------------------------------------------------------------------------------------------------------------
Before matching: total cross section = 1.430e+00 +- 6.024e-05 pb
After matching: total cross section = 1.430e+00 +- 6.024e-05 pb
Matching efficiency = 1.0 +/- 0.0   [TO BE USED IN MCM]
Filter efficiency (taking into account weights)= (1.42889e+06) / (1.42889e+06) = 1.000e+00 +- 0.000e+00
Filter efficiency (event-level)= (1e+06) / (1e+06) = 1.000e+00 +- 0.000e+00    [TO BE USED IN MCM]

After filter: final cross section = 1.430e+00 +- 6.024e-05 pb
After filter: final fraction of events with negative weights = 1.920e-01 +- 3.314e-05
After filter: final equivalent lumi for 1M events (1/fb) = 2.653e+02 +- 1.673e-01
