01-Feb-2025 17:24:42 CST  Closed file root://cmsxrootd.fnal.gov//store/mc/Run3Summer23MiniAODv4/TTLL_MLL-4to50_TuneCP5_13p6TeV_amcatnlo-pythia8/MINIAODSIM/130X_mcRun3_2023_realistic_v15-v2/80000/f0e14b22-5ac4-4563-9d6f-4556df040360.root

------------------------------------
GenXsecAnalyzer:
------------------------------------
-------------------------------------------------------------------------------------------------------------------------------------------------------------------------- 
Overall cross-section summary 
--------------------------------------------------------------------------------------------------------------------------------------------------------------------------
Process		xsec_before [pb]		passed	nposw	nnegw	tried	nposw	nnegw 	xsec_match [pb]			accepted [%]	 event_eff [%]
0		3.949e-02 +/- 1.929e-05		591000	458646	132354	591000	458646	132354	3.949e-02 +/- 1.929e-05		100.0 +/- 0.0	100.0 +/- 0.0
-------------------------------------------------------------------------------------------------------------------------------------------------------------------------- 
Total		3.949e-02 +/- 1.929e-05		591000	458646	132354	591000	458646	132354	3.949e-02 +/- 1.929e-05		100.0 +/- 0.0	100.0 +/- 0.0
--------------------------------------------------------------------------------------------------------------------------------------------------------------------------
Before matching: total cross section = 3.949e-02 +- 1.929e-05 pb
After matching: total cross section = 3.949e-02 +- 1.929e-05 pb
Matching efficiency = 1.0 +/- 0.0   [TO BE USED IN MCM]
Filter efficiency (taking into account weights)= (23188.8) / (23188.8) = 1.000e+00 +- 0.000e+00
Filter efficiency (event-level)= (591000) / (591000) = 1.000e+00 +- 0.000e+00    [TO BE USED IN MCM]

After filter: final cross section = 3.949e-02 +- 1.929e-05 pb
After filter: final fraction of events with negative weights = 2.239e-01 +- 5.943e-05
After filter: final equivalent lumi for 1M events (1/fb) = 7.719e+03 +- 5.085e+00
