01-Feb-2025 17:31:09 CST  Closed file root://cmsxrootd.fnal.gov//store/mc/Run3Summer23MiniAODv4/TTLNu-1Jets_TuneCP5_13p6TeV_amcatnloFXFX-pythia8/MINIAODSIM/130X_mcRun3_2023_realistic_v15-v2/140000/92718ff6-06f8-40fd-9306-c6cfaf6c3c68.root

------------------------------------
GenXsecAnalyzer:
------------------------------------
-------------------------------------------------------------------------------------------------------------------------------------------------------------------------- 
Overall cross-section summary 
--------------------------------------------------------------------------------------------------------------------------------------------------------------------------
Process		xsec_before [pb]		passed	nposw	nnegw	tried	nposw	nnegw 	xsec_match [pb]			accepted [%]	 event_eff [%]
0		1.426e-01 +/- 1.267e-04		114013	98026	15987	201291	168018	33273	8.680e-02 +/- 2.484e-04		60.9 +/- 0.2	56.6 +/- 0.1
1		7.085e-02 +/- 8.666e-05		57084	49070	8014	98899	82958	15941	4.340e-02 +/- 1.730e-04		61.3 +/- 0.2	57.7 +/- 0.2
2		1.018e-01 +/- 1.435e-04		194002	135711	58291	347038	222825	124213	7.994e-02 +/- 3.505e-04		78.5 +/- 0.3	55.9 +/- 0.1
3		5.177e-02 +/- 8.733e-05		95206	66860	28346	168772	109340	59432	3.995e-02 +/- 2.388e-04		77.2 +/- 0.4	56.4 +/- 0.1
-------------------------------------------------------------------------------------------------------------------------------------------------------------------------- 
Total		3.670e-01 +/- 2.276e-04		460305	349667	110638	816000	583141	232859	2.504e-01 +/- 5.069e-04		68.2 +/- 0.1	56.4 +/- 0.1
--------------------------------------------------------------------------------------------------------------------------------------------------------------------------
Before matching: total cross section = 3.670e-01 +- 2.276e-04 pb
After matching: total cross section = 2.504e-01 +- 5.069e-04 pb
Matching efficiency = 0.6 +/- 0.0   [TO BE USED IN MCM]
Filter efficiency (taking into account weights)= (205678) / (205678) = 1.000e+00 +- 0.000e+00
Filter efficiency (event-level)= (460305) / (460305) = 1.000e+00 +- 0.000e+00    [TO BE USED IN MCM]

After filter: final cross section = 2.504e-01 +- 5.069e-04 pb
After filter: final fraction of events with negative weights = 2.404e-01 +- 7.612e-05
After filter: final equivalent lumi for 1M events (1/fb) = 1.077e+03 +- 1.304e+00
