01-Feb-2025 17:32:39 CST  Closed file root://cmsxrootd.fnal.gov//store/mc/Run3Summer23MiniAODv4/TTto2L2Nu_TuneCP5_13p6TeV_powheg-pythia8/MINIAODSIM/130X_mcRun3_2023_realistic_v14-v2/70000/a4f328d4-e9cd-46f7-8eb5-f754c48349b0.root

------------------------------------
GenXsecAnalyzer:
------------------------------------
-------------------------------------------------------------------------------------------------------------------------------------------------------------------------- 
Overall cross-section summary 
--------------------------------------------------------------------------------------------------------------------------------------------------------------------------
Process		xsec_before [pb]		passed	nposw	nnegw	tried	nposw	nnegw 	xsec_match [pb]			accepted [%]	 event_eff [%]
0		7.621e+02 +/- 1.345e-01		1000000	995977	4023	1000000	995977	4023	7.621e+02 +/- 1.345e-01		100.0 +/- 0.0	100.0 +/- 0.0
-------------------------------------------------------------------------------------------------------------------------------------------------------------------------- 
Total		7.621e+02 +/- 1.345e-01		1000000	995977	4023	1000000	995977	4023	7.621e+02 +/- 1.345e-01		100.0 +/- 0.0	100.0 +/- 0.0
--------------------------------------------------------------------------------------------------------------------------------------------------------------------------
Before matching: total cross section = 7.621e+02 +- 1.345e-01 pb
After matching: total cross section = 7.621e+02 +- 1.345e-01 pb
Matching efficiency = 1.0 +/- 0.0   [TO BE USED IN MCM]
Filter efficiency (taking into account weights)= (8.04513e+07) / (8.04513e+07) = 1.000e+00 +- 0.000e+00
Filter efficiency (event-level)= (1e+06) / (1e+06) = 1.000e+00 +- 0.000e+00    [TO BE USED IN MCM]

After filter: final cross section = 7.621e+02 +- 1.345e-01 pb
After filter: final fraction of events with negative weights = 4.023e-03 +- 2.301e-08
After filter: final equivalent lumi for 1M events (1/fb) = 1.291e+00 +- 1.300e-03
