01-Feb-2025 18:49:11 CST  Closed file root://cmsxrootd.fnal.gov//store/mc/Run3Summer23MiniAODv4/WtoLNu-4Jets_MLNu-120_HT-40to100_TuneCP5_13p6TeV_madgraphMLM-pythia8/MINIAODSIM/130X_mcRun3_2023_realistic_v15-v5/60000/dc655bb4-d800-4625-a5fa-59741ec3d32f.root

------------------------------------
GenXsecAnalyzer:
------------------------------------
-------------------------------------------------------------------------------------------------------------------------------------------------------------------------- 
Overall cross-section summary 
--------------------------------------------------------------------------------------------------------------------------------------------------------------------------
Process		xsec_before [pb]		passed	nposw	nnegw	tried	nposw	nnegw 	xsec_match [pb]			accepted [%]	 event_eff [%]
0		1.509e+01 +/- 3.410e-03		302334	302334	0	724205	724205	0	6.300e+00 +/- 8.861e-03		41.7 +/- 0.1	41.7 +/- 0.1
1		1.041e+01 +/- 3.001e-03		212081	212081	0	504018	504018	0	4.378e+00 +/- 7.345e-03		42.1 +/- 0.1	42.1 +/- 0.1
2		2.992e+01 +/- 3.852e-03		245049	245049	0	1434237	1434237	0	5.111e+00 +/- 9.425e-03		17.1 +/- 0.0	17.1 +/- 0.0
3		2.069e+01 +/- 3.298e-03		176384	176384	0	1005629	1005629	0	3.629e+00 +/- 7.869e-03		17.5 +/- 0.0	17.5 +/- 0.0
4		1.773e+01 +/- 2.366e-03		36178	36178	0	878007	878007	0	7.307e-01 +/- 3.763e-03		4.1 +/- 0.0	4.1 +/- 0.0
5		1.225e+01 +/- 1.888e-03		25324	25324	0	594845	594845	0	5.217e-01 +/- 3.209e-03		4.3 +/- 0.0	4.3 +/- 0.0
6		4.437e+00 +/- 8.269e-04		2059	2059	0	215479	215479	0	4.240e-02 +/- 9.299e-04		1.0 +/- 0.0	1.0 +/- 0.0
7		3.057e+00 +/- 6.544e-04		1506	1506	0	148380	148380	0	3.103e-02 +/- 7.956e-04		1.0 +/- 0.0	1.0 +/- 0.0
-------------------------------------------------------------------------------------------------------------------------------------------------------------------------- 
Total		1.136e+02 +/- 7.525e-03		1000915	1000915	0	5504800	5504800	0	2.065e+01 +/- 1.872e-02		18.2 +/- 0.0	18.2 +/- 0.0
--------------------------------------------------------------------------------------------------------------------------------------------------------------------------
Before matching: total cross section = 1.136e+02 +- 7.525e-03 pb
After matching: total cross section = 2.065e+01 +- 1.872e-02 pb
Matching efficiency = 0.2 +/- 0.0   [TO BE USED IN MCM]
Filter efficiency (taking into account weights)= (1.13704e+08) / (1.13704e+08) = 1.000e+00 +- 0.000e+00
Filter efficiency (event-level)= (1.00092e+06) / (1.00092e+06) = 1.000e+00 +- 0.000e+00    [TO BE USED IN MCM]

After filter: final cross section = 2.065e+01 +- 1.872e-02 pb
After filter: final fraction of events with negative weights = 0.000e+00 +- 0.000e+00
After filter: final equivalent lumi for 1M events (1/fb) = 4.842e+01 +- 6.535e-02
