01-Feb-2025 18:02:38 CST  Closed file root://cmsxrootd.fnal.gov//store/mc/Run3Summer23MiniAODv4/WtoLNu-4Jets_MLNu-0to120_HT-100to400_TuneCP5_13p6TeV_madgraphMLM-pythia8/MINIAODSIM/130X_mcRun3_2023_realistic_v14-v2/2560000/198c5ac1-8f0e-48d5-b22e-c98f5ec34418.root

------------------------------------
GenXsecAnalyzer:
------------------------------------
-------------------------------------------------------------------------------------------------------------------------------------------------------------------------- 
Overall cross-section summary 
--------------------------------------------------------------------------------------------------------------------------------------------------------------------------
Process		xsec_before [pb]		passed	nposw	nnegw	tried	nposw	nnegw 	xsec_match [pb]			accepted [%]	 event_eff [%]
0		2.871e+02 +/- 1.095e-01		52114	52114	0	171455	171455	0	8.727e+01 +/- 3.207e-01		30.4 +/- 0.1	30.4 +/- 0.1
1		1.968e+02 +/- 8.985e-02		36495	36495	0	117594	117594	0	6.108e+01 +/- 2.670e-01		31.0 +/- 0.1	31.0 +/- 0.1
2		1.593e+03 +/- 2.507e-01		210418	210418	0	947280	947280	0	3.538e+02 +/- 6.825e-01		22.2 +/- 0.0	22.2 +/- 0.0
3		1.102e+03 +/- 2.008e-01		153897	153897	0	660547	660547	0	2.567e+02 +/- 5.751e-01		23.3 +/- 0.1	23.3 +/- 0.1
4		2.989e+03 +/- 2.926e-01		193105	193105	0	1831254	1831254	0	3.152e+02 +/- 6.791e-01		10.5 +/- 0.0	10.5 +/- 0.0
5		2.048e+03 +/- 2.219e-01		140813	140813	0	1278047	1278047	0	2.256e+02 +/- 5.676e-01		11.0 +/- 0.0	11.0 +/- 0.0
6		3.051e+03 +/- 2.557e-01		127121	127121	0	1879332	1879332	0	2.063e+02 +/- 5.591e-01		6.8 +/- 0.0	6.8 +/- 0.0
7		2.048e+03 +/- 1.961e-01		86939	86939	0	1256315	1256315	0	1.417e+02 +/- 4.639e-01		6.9 +/- 0.0	6.9 +/- 0.0
-------------------------------------------------------------------------------------------------------------------------------------------------------------------------- 
Total		1.331e+04 +/- 6.016e-01		1000902	1000902	0	8141824	8141824	0	1.637e+03 +/- 1.534e+00		12.3 +/- 0.0	12.3 +/- 0.0
--------------------------------------------------------------------------------------------------------------------------------------------------------------------------
Before matching: total cross section = 1.331e+04 +- 6.016e-01 pb
After matching: total cross section = 1.637e+03 +- 1.534e+00 pb
Matching efficiency = 0.1 +/- 0.0   [TO BE USED IN MCM]
Filter efficiency (taking into account weights)= (1.33272e+10) / (1.33272e+10) = 1.000e+00 +- 0.000e+00
Filter efficiency (event-level)= (1.0009e+06) / (1.0009e+06) = 1.000e+00 +- 0.000e+00    [TO BE USED IN MCM]

After filter: final cross section = 1.637e+03 +- 1.534e+00 pb
After filter: final fraction of events with negative weights = 0.000e+00 +- 0.000e+00
After filter: final equivalent lumi for 1M events (1/fb) = 6.110e-01 +- 8.374e-04
