01-Feb-2025 18:15:03 CST  Closed file root://cmsxrootd.fnal.gov//store/mc/Run3Summer23MiniAODv4/WtoLNu-4Jets_MLNu-0to120_HT-2500_TuneCP5_13p6TeV_madgraphMLM-pythia8/MINIAODSIM/130X_mcRun3_2023_realistic_v15-v3/50000/bc20b152-7677-4388-abfc-f1b7ec7d00a6.root

------------------------------------
GenXsecAnalyzer:
------------------------------------
-------------------------------------------------------------------------------------------------------------------------------------------------------------------------- 
Overall cross-section summary 
--------------------------------------------------------------------------------------------------------------------------------------------------------------------------
Process		xsec_before [pb]		passed	nposw	nnegw	tried	nposw	nnegw 	xsec_match [pb]			accepted [%]	 event_eff [%]
0		6.040e-05 +/- 2.028e-07		6	6	0	203	203	0	1.785e-06 +/- 7.179e-07		3.0 +/- 1.2	3.0 +/- 1.2
1		5.804e-05 +/- 4.558e-07		1	1	0	36	36	0	1.612e-06 +/- 1.590e-06		2.8 +/- 2.7	2.8 +/- 2.7
2		9.089e-03 +/- 1.832e-06		10733	10733	0	260199	260199	0	3.749e-04 +/- 3.544e-06		4.1 +/- 0.0	4.1 +/- 0.0
3		3.614e-03 +/- 1.018e-06		4470	4470	0	103399	103399	0	1.563e-04 +/- 2.287e-06		4.3 +/- 0.1	4.3 +/- 0.1
4		5.407e-02 +/- 4.938e-06		33465	33465	0	1572331	1572331	0	1.151e-03 +/- 6.224e-06		2.1 +/- 0.0	2.1 +/- 0.0
5		2.118e-02 +/- 2.680e-06		14757	14757	0	630393	630393	0	4.957e-04 +/- 4.033e-06		2.3 +/- 0.0	2.3 +/- 0.0
6		1.766e-01 +/- 1.015e-05		614597	614597	0	5283975	5283975	0	2.054e-02 +/- 2.466e-05		11.6 +/- 0.0	11.6 +/- 0.0
7		6.768e-02 +/- 5.732e-06		242133	242133	0	2019155	2019155	0	8.116e-03 +/- 1.549e-05		12.0 +/- 0.0	12.0 +/- 0.0
-------------------------------------------------------------------------------------------------------------------------------------------------------------------------- 
Total		3.324e-01 +/- 1.312e-05		920162	920162	0	9869691	9869691	0	3.099e-02 +/- 3.079e-05		9.3 +/- 0.0	9.3 +/- 0.0
--------------------------------------------------------------------------------------------------------------------------------------------------------------------------
Before matching: total cross section = 3.324e-01 +- 1.312e-05 pb
After matching: total cross section = 3.099e-02 +- 3.079e-05 pb
Matching efficiency = 0.1 +/- 0.0   [TO BE USED IN MCM]
Filter efficiency (taking into account weights)= (305814) / (305814) = 1.000e+00 +- 0.000e+00
Filter efficiency (event-level)= (920162) / (920162) = 1.000e+00 +- 0.000e+00    [TO BE USED IN MCM]

After filter: final cross section = 3.099e-02 +- 3.079e-05 pb
After filter: final fraction of events with negative weights = 0.000e+00 +- 0.000e+00
After filter: final equivalent lumi for 1M events (1/fb) = 3.227e+04 +- 4.549e+01
