01-Feb-2025 17:57:59 CST  Closed file root://cmsxrootd.fnal.gov//store/mc/Run3Summer23MiniAODv4/WZZ_TuneCP5_13p6TeV_amcatnlo-pythia8/MINIAODSIM/130X_mcRun3_2023_realistic_v14-v2/30000/694e72ff-ed2a-4993-b619-9c95c66e1388.root

------------------------------------
GenXsecAnalyzer:
------------------------------------
-------------------------------------------------------------------------------------------------------------------------------------------------------------------------- 
Overall cross-section summary 
--------------------------------------------------------------------------------------------------------------------------------------------------------------------------
Process		xsec_before [pb]		passed	nposw	nnegw	tried	nposw	nnegw 	xsec_match [pb]			accepted [%]	 event_eff [%]
0		6.206e-02 +/- 3.689e-05		1000000	954524	45476	1000000	954524	45476	6.206e-02 +/- 3.689e-05		100.0 +/- 0.0	100.0 +/- 0.0
-------------------------------------------------------------------------------------------------------------------------------------------------------------------------- 
Total		6.206e-02 +/- 3.689e-05		1000000	954524	45476	1000000	954524	45476	6.206e-02 +/- 3.689e-05		100.0 +/- 0.0	100.0 +/- 0.0
--------------------------------------------------------------------------------------------------------------------------------------------------------------------------
Before matching: total cross section = 6.206e-02 +- 3.689e-05 pb
After matching: total cross section = 6.206e-02 +- 3.689e-05 pb
Matching efficiency = 1.0 +/- 0.0   [TO BE USED IN MCM]
Filter efficiency (taking into account weights)= (62067.1) / (62067.1) = 1.000e+00 +- 0.000e+00
Filter efficiency (event-level)= (1e+06) / (1e+06) = 1.000e+00 +- 0.000e+00    [TO BE USED IN MCM]

After filter: final cross section = 6.206e-02 +- 3.689e-05 pb
After filter: final fraction of events with negative weights = 4.548e-02 +- 2.034e-06
After filter: final equivalent lumi for 1M events (1/fb) = 1.332e+04 +- 1.408e+01
