01-Feb-2025 16:28:12 CST  Closed file root://cmsxrootd.fnal.gov//store/mc/RunIISummer20UL18MiniAODv2/DYJetsToLL_M-50_HT-1200to2500_TuneCP5_PSweights_13TeV-madgraphMLM-pythia8/MINIAODSIM/106X_upgrade2018_realistic_v16_L1v1-v1/280000/0083583A-28A4-7945-9712-0FE118E4488A.root

------------------------------------
GenXsecAnalyzer:
------------------------------------
-------------------------------------------------------------------------------------------------------------------------------------------------------------------------- 
Overall cross-section summary 
--------------------------------------------------------------------------------------------------------------------------------------------------------------------------
Process		xsec_before [pb]		passed	nposw	nnegw	tried	nposw	nnegw 	xsec_match [pb]			accepted [%]	 event_eff [%]
0		4.725e-04 +/- 3.954e-07		215	215	0	4167	4167	0	2.438e-05 +/- 1.619e-06		5.2 +/- 0.3	5.2 +/- 0.3
1		6.551e-02 +/- 2.252e-05		27354	27354	0	489184	489184	0	3.663e-03 +/- 2.156e-05		5.6 +/- 0.0	5.6 +/- 0.0
2		3.600e-01 +/- 5.170e-05		83220	83220	0	2722970	2722970	0	1.100e-02 +/- 3.758e-05		3.1 +/- 0.0	3.1 +/- 0.0
3		1.072e+00 +/- 9.604e-05		889259	889259	0	8008974	8008974	0	1.190e-01 +/- 1.195e-04		11.1 +/- 0.0	11.1 +/- 0.0
-------------------------------------------------------------------------------------------------------------------------------------------------------------------------- 
Total		1.498e+00 +/- 1.114e-04		1000048	1000048	0	11225295	11225295	0	1.334e-01 +/- 1.277e-04		8.9 +/- 0.0	8.9 +/- 0.0
--------------------------------------------------------------------------------------------------------------------------------------------------------------------------
Before matching: total cross section = 1.498e+00 +- 1.114e-04 pb
After matching: total cross section = 1.334e-01 +- 1.277e-04 pb
Matching efficiency = 0.1 +/- 0.0   [TO BE USED IN MCM]
Filter efficiency (taking into account weights)= (1.00005e+06) / (1.00005e+06) = 1.000e+00 +- 0.000e+00
Filter efficiency (event-level)= (1.00005e+06) / (1.00005e+06) = 1.000e+00 +- 0.000e+00    [TO BE USED IN MCM]

After filter: final cross section = 1.334e-01 +- 1.277e-04 pb
After filter: final fraction of events with negative weights = 0.000e+00 +- 0.000e+00
After filter: final equivalent lumi for 1M events (1/fb) = 7.494e+03 +- 1.037e+01
