01-Feb-2025 16:47:55 CST  Closed file root://cmsxrootd.fnal.gov//store/mc/RunIISummer20UL18MiniAODv2/DYJetsToLL_M-50_HT-2500toInf_TuneCP5_PSweights_13TeV-madgraphMLM-pythia8/MINIAODSIM/106X_upgrade2018_realistic_v16_L1v1-v1/280000/B201BF1E-8224-544F-A052-C5C50227B83D.root

------------------------------------
GenXsecAnalyzer:
------------------------------------
-------------------------------------------------------------------------------------------------------------------------------------------------------------------------- 
Overall cross-section summary 
--------------------------------------------------------------------------------------------------------------------------------------------------------------------------
Process		xsec_before [pb]		passed	nposw	nnegw	tried	nposw	nnegw 	xsec_match [pb]			accepted [%]	 event_eff [%]
0		9.293e-06 +/- 2.827e-08		11	11	0	266	266	0	3.843e-07 +/- 1.135e-07		4.1 +/- 1.2	4.1 +/- 1.2
1		1.212e-03 +/- 4.202e-07		17470	17470	0	406788	406788	0	5.205e-05 +/- 3.857e-07		4.3 +/- 0.0	4.3 +/- 0.0
2		7.297e-03 +/- 1.069e-06		56193	56193	0	2468787	2468787	0	1.661e-04 +/- 6.930e-07		2.3 +/- 0.0	2.3 +/- 0.0
3		2.423e-02 +/- 2.166e-06		926531	926531	0	8087119	8087119	0	2.776e-03 +/- 2.725e-06		11.5 +/- 0.0	11.5 +/- 0.0
-------------------------------------------------------------------------------------------------------------------------------------------------------------------------- 
Total		3.275e-02 +/- 2.452e-06		1000205	1000205	0	10962960	10962960	0	2.988e-03 +/- 2.857e-06		9.1 +/- 0.0	9.1 +/- 0.0
--------------------------------------------------------------------------------------------------------------------------------------------------------------------------
Before matching: total cross section = 3.275e-02 +- 2.452e-06 pb
After matching: total cross section = 2.988e-03 +- 2.857e-06 pb
Matching efficiency = 0.1 +/- 0.0   [TO BE USED IN MCM]
Filter efficiency (taking into account weights)= (1.0002e+06) / (1.0002e+06) = 1.000e+00 +- 0.000e+00
Filter efficiency (event-level)= (1.0002e+06) / (1.0002e+06) = 1.000e+00 +- 0.000e+00    [TO BE USED IN MCM]

After filter: final cross section = 2.988e-03 +- 2.857e-06 pb
After filter: final fraction of events with negative weights = 0.000e+00 +- 0.000e+00
After filter: final equivalent lumi for 1M events (1/fb) = 3.347e+05 +- 4.631e+02
