01-Feb-2025 17:05:55 CST  Closed file root://cmsxrootd.fnal.gov//store/mc/RunIISummer20UL18MiniAODv2/DYJetsToLL_M-50_HT-800to1200_TuneCP5_PSweights_13TeV-madgraphMLM-pythia8/MINIAODSIM/106X_upgrade2018_realistic_v16_L1v1-v1/270000/F72AB516-A192-7949-9944-E617E79B2223.root

------------------------------------
GenXsecAnalyzer:
------------------------------------
-------------------------------------------------------------------------------------------------------------------------------------------------------------------------- 
Overall cross-section summary 
--------------------------------------------------------------------------------------------------------------------------------------------------------------------------
Process		xsec_before [pb]		passed	nposw	nnegw	tried	nposw	nnegw 	xsec_match [pb]			accepted [%]	 event_eff [%]
0		6.876e-03 +/- 3.107e-06		982	982	0	12817	12817	0	5.268e-04 +/- 1.616e-05		7.7 +/- 0.2	7.7 +/- 0.2
1		3.342e-01 +/- 1.079e-04		42403	42403	0	587270	587270	0	2.413e-02 +/- 1.131e-04		7.2 +/- 0.0	7.2 +/- 0.0
2		1.631e+00 +/- 2.238e-04		117520	117520	0	2893428	2893428	0	6.626e-02 +/- 1.895e-04		4.1 +/- 0.0	4.1 +/- 0.0
3		4.330e+00 +/- 3.746e-04		839423	839423	0	7591845	7591845	0	4.788e-01 +/- 4.946e-04		11.1 +/- 0.0	11.1 +/- 0.0
-------------------------------------------------------------------------------------------------------------------------------------------------------------------------- 
Total		6.303e+00 +/- 4.496e-04		1000328	1000328	0	11085360	11085360	0	5.687e-01 +/- 5.439e-04		9.0 +/- 0.0	9.0 +/- 0.0
--------------------------------------------------------------------------------------------------------------------------------------------------------------------------
Before matching: total cross section = 6.303e+00 +- 4.496e-04 pb
After matching: total cross section = 5.687e-01 +- 5.439e-04 pb
Matching efficiency = 0.1 +/- 0.0   [TO BE USED IN MCM]
Filter efficiency (taking into account weights)= (1.00033e+06) / (1.00033e+06) = 1.000e+00 +- 0.000e+00
Filter efficiency (event-level)= (1.00033e+06) / (1.00033e+06) = 1.000e+00 +- 0.000e+00    [TO BE USED IN MCM]

After filter: final cross section = 5.687e-01 +- 5.439e-04 pb
After filter: final fraction of events with negative weights = 0.000e+00 +- 0.000e+00
After filter: final equivalent lumi for 1M events (1/fb) = 1.758e+03 +- 2.433e+00
