01-Feb-2025 17:07:54 CST  Closed file root://cmsxrootd.fnal.gov//store/mc/RunIISummer20UL18MiniAODv2/ST_s-channel_4f_leptonDecays_TuneCP5_13TeV-amcatnlo-pythia8/MINIAODSIM/106X_upgrade2018_realistic_v16_L1v1-v1/120000/8416FD0D-E2B8-B94F-8374-D129A4913197.root

------------------------------------
GenXsecAnalyzer:
------------------------------------
-------------------------------------------------------------------------------------------------------------------------------------------------------------------------- 
Overall cross-section summary 
--------------------------------------------------------------------------------------------------------------------------------------------------------------------------
Process		xsec_before [pb]		passed	nposw	nnegw	tried	nposw	nnegw 	xsec_match [pb]			accepted [%]	 event_eff [%]
0		2.189e+00 +/- 1.755e-04		616480	508872	107608	616480	508872	107608	2.189e+00 +/- 1.755e-04		100.0 +/- 0.0	100.0 +/- 0.0
1		1.360e+00 +/- 2.963e-03		383520	316626	66894	383520	316626	66894	1.360e+00 +/- 2.963e-03		100.0 +/- 0.0	100.0 +/- 0.0
-------------------------------------------------------------------------------------------------------------------------------------------------------------------------- 
Total		3.549e+00 +/- 2.969e-03		1000000	825498	174502	1000000	825498	174502	3.549e+00 +/- 2.969e-03		100.0 +/- 0.0	100.0 +/- 0.0
--------------------------------------------------------------------------------------------------------------------------------------------------------------------------
Before matching: total cross section = 3.549e+00 +- 2.969e-03 pb
After matching: total cross section = 3.549e+00 +- 2.969e-03 pb
Matching efficiency = 1.0 +/- 0.0   [TO BE USED IN MCM]
Filter efficiency (taking into account weights)= (3.55076e+06) / (3.55076e+06) = 1.000e+00 +- 0.000e+00
Filter efficiency (event-level)= (1e+06) / (1e+06) = 1.000e+00 +- 0.000e+00    [TO BE USED IN MCM]

After filter: final cross section = 3.549e+00 +- 2.969e-03 pb
After filter: final fraction of events with negative weights = 1.745e-01 +- 2.794e-05
After filter: final equivalent lumi for 1M events (1/fb) = 1.194e+02 +- 1.022e-01
