01-Feb-2025 17:52:36 CST  Closed file root://cmsxrootd.fnal.gov//store/mc/RunIISummer20UL18MiniAODv2/WJetsToLNu_HT-400To600_TuneCP5_13TeV-madgraphMLM-pythia8/MINIAODSIM/106X_upgrade2018_realistic_v16_L1v1-v1/230000/4DCCF571-32FB-E945-A6FB-1B8BD32C5F34.root

------------------------------------
GenXsecAnalyzer:
------------------------------------
-------------------------------------------------------------------------------------------------------------------------------------------------------------------------- 
Overall cross-section summary 
--------------------------------------------------------------------------------------------------------------------------------------------------------------------------
Process		xsec_before [pb]		passed	nposw	nnegw	tried	nposw	nnegw 	xsec_match [pb]			accepted [%]	 event_eff [%]
0		1.232e+00 +/- 8.759e-04		3505	3505	0	27438	27438	0	1.574e-01 +/- 2.485e-03		12.8 +/- 0.2	12.8 +/- 0.2
1		2.263e+01 +/- 8.893e-03		56936	56936	0	503666	503666	0	2.558e+00 +/- 1.015e-02		11.3 +/- 0.0	11.3 +/- 0.0
2		8.730e+01 +/- 1.631e-02		126552	126552	0	1920137	1920137	0	5.754e+00 +/- 1.567e-02		6.6 +/- 0.0	6.6 +/- 0.0
3		1.873e+02 +/- 2.272e-02		431256	431256	0	4119283	4119283	0	1.961e+01 +/- 2.835e-02		10.5 +/- 0.0	10.5 +/- 0.0
4		6.507e-01 +/- 4.154e-04		2020	2020	0	14748	14748	0	8.912e-02 +/- 1.843e-03		13.7 +/- 0.3	13.7 +/- 0.3
5		1.337e+01 +/- 6.659e-03		36578	36578	0	300927	300927	0	1.625e+00 +/- 8.006e-03		12.2 +/- 0.1	12.2 +/- 0.1
6		5.144e+01 +/- 1.153e-02		79099	79099	0	1137017	1137017	0	3.578e+00 +/- 1.230e-02		7.0 +/- 0.0	7.0 +/- 0.0
7		1.091e+02 +/- 1.593e-02		264628	264628	0	2438528	2438528	0	1.184e+01 +/- 2.179e-02		10.9 +/- 0.0	10.9 +/- 0.0
-------------------------------------------------------------------------------------------------------------------------------------------------------------------------- 
Total		4.730e+02 +/- 3.597e-02		1000574	1000574	0	10461744	10461744	0	4.524e+01 +/- 4.315e-02		9.6 +/- 0.0	9.6 +/- 0.0
--------------------------------------------------------------------------------------------------------------------------------------------------------------------------
Before matching: total cross section = 4.730e+02 +- 3.597e-02 pb
After matching: total cross section = 4.524e+01 +- 4.315e-02 pb
Matching efficiency = 0.1 +/- 0.0   [TO BE USED IN MCM]
Filter efficiency (taking into account weights)= (1.00057e+06) / (1.00057e+06) = 1.000e+00 +- 0.000e+00
Filter efficiency (event-level)= (1.00057e+06) / (1.00057e+06) = 1.000e+00 +- 0.000e+00    [TO BE USED IN MCM]

After filter: final cross section = 4.524e+01 +- 4.315e-02 pb
After filter: final fraction of events with negative weights = 0.000e+00 +- 0.000e+00
After filter: final equivalent lumi for 1M events (1/fb) = 2.211e+01 +- 3.055e-02
