01-Feb-2025 17:56:48 CST  Closed file root://cmsxrootd.fnal.gov//store/mc/RunIISummer20UL18MiniAODv2/WJetsToLNu_HT-600To800_TuneCP5_13TeV-madgraphMLM-pythia8/MINIAODSIM/106X_upgrade2018_realistic_v16_L1v1-v1/230000/DA69EE8B-E647-E346-B909-38C31FFC3B49.root

------------------------------------
GenXsecAnalyzer:
------------------------------------
-------------------------------------------------------------------------------------------------------------------------------------------------------------------------- 
Overall cross-section summary 
--------------------------------------------------------------------------------------------------------------------------------------------------------------------------
Process		xsec_before [pb]		passed	nposw	nnegw	tried	nposw	nnegw 	xsec_match [pb]			accepted [%]	 event_eff [%]
0		1.558e-01 +/- 1.136e-04		1384	1384	0	14379	14379	0	1.499e-02 +/- 3.833e-04		9.6 +/- 0.2	9.6 +/- 0.2
1		4.660e+00 +/- 2.040e-03		37647	37647	0	426749	426749	0	4.111e-01 +/- 2.031e-03		8.8 +/- 0.0	8.8 +/- 0.0
2		2.090e+01 +/- 3.935e-03		94218	94218	0	1886968	1886968	0	1.044e+00 +/- 3.319e-03		5.0 +/- 0.0	5.0 +/- 0.0
3		5.158e+01 +/- 5.999e-03		500244	500244	0	4682798	4682798	0	5.510e+00 +/- 7.391e-03		10.7 +/- 0.0	10.7 +/- 0.0
4		7.249e-02 +/- 6.169e-05		703	703	0	6965	6965	0	7.316e-03 +/- 2.617e-04		10.1 +/- 0.4	10.1 +/- 0.4
5		2.600e+00 +/- 1.399e-03		22534	22534	0	240302	240302	0	2.438e-01 +/- 1.552e-03		9.4 +/- 0.1	9.4 +/- 0.1
6		1.159e+01 +/- 2.668e-03		55803	55803	0	1053431	1053431	0	6.138e-01 +/- 2.532e-03		5.3 +/- 0.0	5.3 +/- 0.0
7		2.828e+01 +/- 4.142e-03		287869	287869	0	2602608	2602608	0	3.127e+00 +/- 5.516e-03		11.1 +/- 0.0	11.1 +/- 0.0
-------------------------------------------------------------------------------------------------------------------------------------------------------------------------- 
Total		1.198e+02 +/- 9.049e-03		1000402	1000402	0	10914200	10914200	0	1.098e+01 +/- 1.050e-02		9.2 +/- 0.0	9.2 +/- 0.0
--------------------------------------------------------------------------------------------------------------------------------------------------------------------------
Before matching: total cross section = 1.198e+02 +- 9.049e-03 pb
After matching: total cross section = 1.098e+01 +- 1.050e-02 pb
Matching efficiency = 0.1 +/- 0.0   [TO BE USED IN MCM]
Filter efficiency (taking into account weights)= (1.0004e+06) / (1.0004e+06) = 1.000e+00 +- 0.000e+00
Filter efficiency (event-level)= (1.0004e+06) / (1.0004e+06) = 1.000e+00 +- 0.000e+00    [TO BE USED IN MCM]

After filter: final cross section = 1.098e+01 +- 1.050e-02 pb
After filter: final fraction of events with negative weights = 0.000e+00 +- 0.000e+00
After filter: final equivalent lumi for 1M events (1/fb) = 9.104e+01 +- 1.259e-01
