01-Feb-2025 18:02:53 CST  Closed file root://cmsxrootd.fnal.gov//store/mc/RunIISummer20UL18MiniAODv2/WWZ_4F_TuneCP5_13TeV-amcatnlo-pythia8/MINIAODSIM/106X_upgrade2018_realistic_v16_L1v1-v1/240000/8A78A4E7-6411-574C-8C4E-E1B87D667F58.root

------------------------------------
GenXsecAnalyzer:
------------------------------------
-------------------------------------------------------------------------------------------------------------------------------------------------------------------------- 
Overall cross-section summary 
--------------------------------------------------------------------------------------------------------------------------------------------------------------------------
Process		xsec_before [pb]		passed	nposw	nnegw	tried	nposw	nnegw 	xsec_match [pb]			accepted [%]	 event_eff [%]
0		1.707e-01 +/- 1.757e-04		248000	236367	11633	248000	236367	11633	1.707e-01 +/- 1.757e-04		100.0 +/- 0.0	100.0 +/- 0.0
-------------------------------------------------------------------------------------------------------------------------------------------------------------------------- 
Total		1.707e-01 +/- 1.757e-04		248000	236367	11633	248000	236367	11633	1.707e-01 +/- 1.757e-04		100.0 +/- 0.0	100.0 +/- 0.0
--------------------------------------------------------------------------------------------------------------------------------------------------------------------------
Before matching: total cross section = 1.707e-01 +- 1.757e-04 pb
After matching: total cross section = 1.707e-01 +- 1.757e-04 pb
Matching efficiency = 1.0 +/- 0.0   [TO BE USED IN MCM]
Filter efficiency (taking into account weights)= (42310.5) / (42310.5) = 1.000e+00 +- 0.000e+00
Filter efficiency (event-level)= (248000) / (248000) = 1.000e+00 +- 0.000e+00    [TO BE USED IN MCM]

After filter: final cross section = 1.707e-01 +- 1.757e-04 pb
After filter: final fraction of events with negative weights = 4.691e-02 +- 4.341e-06
After filter: final equivalent lumi for 1M events (1/fb) = 4.811e+03 +- 6.257e+00
