01-Feb-2025 18:05:35 CST  Closed file root://cmsxrootd.fnal.gov//store/mc/RunIISummer20UL18MiniAODv2/WZZ_TuneCP5_13TeV-amcatnlo-pythia8/MINIAODSIM/106X_upgrade2018_realistic_v16_L1v1-v3/1310000/9FADA4C5-13DF-9A4C-B282-92952F2ED72F.root

------------------------------------
GenXsecAnalyzer:
------------------------------------
-------------------------------------------------------------------------------------------------------------------------------------------------------------------------- 
Overall cross-section summary 
--------------------------------------------------------------------------------------------------------------------------------------------------------------------------
Process		xsec_before [pb]		passed	nposw	nnegw	tried	nposw	nnegw 	xsec_match [pb]			accepted [%]	 event_eff [%]
0		5.709e-02 +/- 6.213e-05		300000	285933	14067	300000	285933	14067	5.709e-02 +/- 6.213e-05		100.0 +/- 0.0	100.0 +/- 0.0
-------------------------------------------------------------------------------------------------------------------------------------------------------------------------- 
Total		5.709e-02 +/- 6.213e-05		300000	285933	14067	300000	285933	14067	5.709e-02 +/- 6.213e-05		100.0 +/- 0.0	100.0 +/- 0.0
--------------------------------------------------------------------------------------------------------------------------------------------------------------------------
Before matching: total cross section = 5.709e-02 +- 6.213e-05 pb
After matching: total cross section = 5.709e-02 +- 6.213e-05 pb
Matching efficiency = 1.0 +/- 0.0   [TO BE USED IN MCM]
Filter efficiency (taking into account weights)= (17121.3) / (17121.3) = 1.000e+00 +- 0.000e+00
Filter efficiency (event-level)= (300000) / (300000) = 1.000e+00 +- 0.000e+00    [TO BE USED IN MCM]

After filter: final cross section = 5.709e-02 +- 6.213e-05 pb
After filter: final fraction of events with negative weights = 4.689e-02 +- 3.993e-06
After filter: final equivalent lumi for 1M events (1/fb) = 1.439e+04 +- 1.927e+01
