01-Feb-2025 18:08:35 CST  Closed file root://cmsxrootd.fnal.gov//store/mc/RunIISummer20UL18MiniAODv2/ZZZ_TuneCP5_13TeV-amcatnlo-pythia8/MINIAODSIM/106X_upgrade2018_realistic_v16_L1v1-v1/30000/645004C7-E8F6-0347-899B-C570975AECD3.root

------------------------------------
GenXsecAnalyzer:
------------------------------------
-------------------------------------------------------------------------------------------------------------------------------------------------------------------------- 
Overall cross-section summary 
--------------------------------------------------------------------------------------------------------------------------------------------------------------------------
Process		xsec_before [pb]		passed	nposw	nnegw	tried	nposw	nnegw 	xsec_match [pb]			accepted [%]	 event_eff [%]
0		1.476e-02 +/- 2.172e-06		250000	236358	13642	250000	236358	13642	1.476e-02 +/- 2.172e-06		100.0 +/- 0.0	100.0 +/- 0.0
-------------------------------------------------------------------------------------------------------------------------------------------------------------------------- 
Total		1.476e-02 +/- 2.172e-06		250000	236358	13642	250000	236358	13642	1.476e-02 +/- 2.172e-06		100.0 +/- 0.0	100.0 +/- 0.0
--------------------------------------------------------------------------------------------------------------------------------------------------------------------------
Before matching: total cross section = 1.476e-02 +- 2.172e-06 pb
After matching: total cross section = 1.476e-02 +- 2.172e-06 pb
Matching efficiency = 1.0 +/- 0.0   [TO BE USED IN MCM]
Filter efficiency (taking into account weights)= (3690.78) / (3690.78) = 1.000e+00 +- 0.000e+00
Filter efficiency (event-level)= (250000) / (250000) = 1.000e+00 +- 0.000e+00    [TO BE USED IN MCM]

After filter: final cross section = 1.476e-02 +- 2.172e-06 pb
After filter: final fraction of events with negative weights = 5.457e-02 +- 5.818e-06
After filter: final equivalent lumi for 1M events (1/fb) = 5.378e+04 +- 4.844e+01
