01-Feb-2025 16:23:11 CST  Closed file root://cmsxrootd.fnal.gov//store/mc/Run3Summer23BPixMiniAODv4/DYto2L-4Jets_MLL-120_HT-1500to2500_TuneCP5_13p6TeV_madgraphMLM-pythia8/MINIAODSIM/130X_mcRun3_2023_realistic_postBPix_v6-v2/2820000/0fdca943-d2ad-42e8-bf4a-9ce90066d8d1.root

------------------------------------
GenXsecAnalyzer:
------------------------------------
-------------------------------------------------------------------------------------------------------------------------------------------------------------------------- 
Overall cross-section summary 
--------------------------------------------------------------------------------------------------------------------------------------------------------------------------
Process		xsec_before [pb]		passed	nposw	nnegw	tried	nposw	nnegw 	xsec_match [pb]			accepted [%]	 event_eff [%]
0		1.430e-05 +/- 4.756e-09		392	392	0	8391	8391	0	6.682e-07 +/- 3.295e-08		4.7 +/- 0.2	4.7 +/- 0.2
1		8.399e-04 +/- 1.299e-07		22465	22465	0	472537	472537	0	3.993e-05 +/- 2.601e-07		4.8 +/- 0.0	4.8 +/- 0.0
2		4.680e-03 +/- 3.283e-07		71593	71593	0	2758979	2758979	0	1.214e-04 +/- 4.480e-07		2.6 +/- 0.0	2.6 +/- 0.0
3		1.434e-02 +/- 6.292e-07		906143	906143	0	8572803	8572803	0	1.516e-03 +/- 1.507e-06		10.6 +/- 0.0	10.6 +/- 0.0
-------------------------------------------------------------------------------------------------------------------------------------------------------------------------- 
Total		1.988e-02 +/- 7.215e-07		1000593	1000593	0	11812710	11812710	0	1.684e-03 +/- 1.611e-06		8.5 +/- 0.0	8.5 +/- 0.0
--------------------------------------------------------------------------------------------------------------------------------------------------------------------------
Before matching: total cross section = 1.988e-02 +- 7.215e-07 pb
After matching: total cross section = 1.684e-03 +- 1.611e-06 pb
Matching efficiency = 0.1 +/- 0.0   [TO BE USED IN MCM]
Filter efficiency (taking into account weights)= (19889.7) / (19889.7) = 1.000e+00 +- 0.000e+00
Filter efficiency (event-level)= (1.00059e+06) / (1.00059e+06) = 1.000e+00 +- 0.000e+00    [TO BE USED IN MCM]

After filter: final cross section = 1.684e-03 +- 1.611e-06 pb
After filter: final fraction of events with negative weights = 0.000e+00 +- 0.000e+00
After filter: final equivalent lumi for 1M events (1/fb) = 5.940e+05 +- 8.222e+02
