01-Feb-2025 16:45:26 CST  Closed file root://cmsxrootd.fnal.gov//store/mc/Run3Summer23BPixMiniAODv4/DYto2L-4Jets_MLL-120_HT-800to1500_TuneCP5_13p6TeV_madgraphMLM-pythia8/MINIAODSIM/130X_mcRun3_2023_realistic_postBPix_v6-v2/2810000/8990086f-41a7-4f67-8c18-d2a9ff12732b.root

------------------------------------
GenXsecAnalyzer:
------------------------------------
-------------------------------------------------------------------------------------------------------------------------------------------------------------------------- 
Overall cross-section summary 
--------------------------------------------------------------------------------------------------------------------------------------------------------------------------
Process		xsec_before [pb]		passed	nposw	nnegw	tried	nposw	nnegw 	xsec_match [pb]			accepted [%]	 event_eff [%]
0		8.646e-04 +/- 1.892e-07		2828	2828	0	39325	39325	0	6.218e-05 +/- 1.126e-06		7.2 +/- 0.1	7.2 +/- 0.1
1		1.501e-02 +/- 2.104e-06		43062	43062	0	681711	681711	0	9.481e-04 +/- 4.424e-06		6.3 +/- 0.0	6.3 +/- 0.0
2		6.684e-02 +/- 4.337e-06		117168	117168	0	3184769	3184769	0	2.459e-03 +/- 7.053e-06		3.7 +/- 0.0	3.7 +/- 0.0
3		1.718e-01 +/- 7.248e-06		837646	837646	0	8268924	8268924	0	1.740e-02 +/- 1.804e-05		10.1 +/- 0.0	10.1 +/- 0.0
-------------------------------------------------------------------------------------------------------------------------------------------------------------------------- 
Total		2.545e-01 +/- 8.707e-06		1000704	1000704	0	12174729	12174729	0	2.092e-02 +/- 2.005e-05		8.2 +/- 0.0	8.2 +/- 0.0
--------------------------------------------------------------------------------------------------------------------------------------------------------------------------
Before matching: total cross section = 2.545e-01 +- 8.707e-06 pb
After matching: total cross section = 2.092e-02 +- 2.005e-05 pb
Matching efficiency = 0.1 +/- 0.0   [TO BE USED IN MCM]
Filter efficiency (taking into account weights)= (254689) / (254689) = 1.000e+00 +- 0.000e+00
Filter efficiency (event-level)= (1.0007e+06) / (1.0007e+06) = 1.000e+00 +- 0.000e+00    [TO BE USED IN MCM]

After filter: final cross section = 2.092e-02 +- 2.005e-05 pb
After filter: final fraction of events with negative weights = 0.000e+00 +- 0.000e+00
After filter: final equivalent lumi for 1M events (1/fb) = 4.781e+04 +- 6.621e+01
MessageLogger: dropped waiting message count 155
