01-Feb-2025 16:33:43 CST  Closed file root://cmsxrootd.fnal.gov//store/mc/Run3Summer23BPixMiniAODv4/DYto2L-4Jets_MLL-120_HT-400to800_TuneCP5_13p6TeV_madgraphMLM-pythia8/MINIAODSIM/130X_mcRun3_2023_realistic_postBPix_v6-v2/120000/07410904-614d-488f-9392-99f5e0642583.root

------------------------------------
GenXsecAnalyzer:
------------------------------------
-------------------------------------------------------------------------------------------------------------------------------------------------------------------------- 
Overall cross-section summary 
--------------------------------------------------------------------------------------------------------------------------------------------------------------------------
Process		xsec_before [pb]		passed	nposw	nnegw	tried	nposw	nnegw 	xsec_match [pb]			accepted [%]	 event_eff [%]
0		2.285e-02 +/- 4.944e-06		15001	15001	0	126227	126227	0	2.715e-03 +/- 2.082e-05		11.9 +/- 0.1	11.9 +/- 0.1
1		1.972e-01 +/- 2.466e-05		103720	103720	0	1080482	1080482	0	1.893e-02 +/- 5.595e-05		9.6 +/- 0.0	9.6 +/- 0.0
2		6.403e-01 +/- 3.993e-05		207294	207294	0	3650049	3650049	0	3.636e-02 +/- 7.760e-05		5.7 +/- 0.0	5.7 +/- 0.0
3		1.244e+00 +/- 5.356e-05		674523	674523	0	7148969	7148969	0	1.173e-01 +/- 1.361e-04		9.4 +/- 0.0	9.4 +/- 0.0
-------------------------------------------------------------------------------------------------------------------------------------------------------------------------- 
Total		2.104e+00 +/- 7.138e-05		1000538	1000538	0	12005727	12005727	0	1.753e-01 +/- 1.679e-04		8.3 +/- 0.0	8.3 +/- 0.0
--------------------------------------------------------------------------------------------------------------------------------------------------------------------------
Before matching: total cross section = 2.104e+00 +- 7.138e-05 pb
After matching: total cross section = 1.753e-01 +- 1.679e-04 pb
Matching efficiency = 0.1 +/- 0.0   [TO BE USED IN MCM]
Filter efficiency (taking into account weights)= (2.10532e+06) / (2.10532e+06) = 1.000e+00 +- 0.000e+00
Filter efficiency (event-level)= (1.00054e+06) / (1.00054e+06) = 1.000e+00 +- 0.000e+00    [TO BE USED IN MCM]

After filter: final cross section = 1.753e-01 +- 1.679e-04 pb
After filter: final fraction of events with negative weights = 0.000e+00 +- 0.000e+00
After filter: final equivalent lumi for 1M events (1/fb) = 5.703e+03 +- 7.897e+00
