01-Feb-2025 16:47:57 CST  Closed file root://cmsxrootd.fnal.gov//store/mc/Run3Summer23BPixMiniAODv4/DYto2L-4Jets_MLL-50to120_HT-100to400_TuneCP5_13p6TeV_madgraphMLM-pythia8/MINIAODSIM/130X_mcRun3_2023_realistic_postBPix_v2-v2/2810000/70390b6d-1186-48da-a8f5-72040fa49f3e.root

------------------------------------
GenXsecAnalyzer:
------------------------------------
-------------------------------------------------------------------------------------------------------------------------------------------------------------------------- 
Overall cross-section summary 
--------------------------------------------------------------------------------------------------------------------------------------------------------------------------
Process		xsec_before [pb]		passed	nposw	nnegw	tried	nposw	nnegw 	xsec_match [pb]			accepted [%]	 event_eff [%]
0		6.050e+01 +/- 1.279e-02		100606	100606	0	332233	332233	0	1.832e+01 +/- 4.838e-02		30.3 +/- 0.1	30.3 +/- 0.1
1		3.111e+02 +/- 3.788e-02		364758	364758	0	1693037	1693037	0	6.703e+01 +/- 9.865e-02		21.5 +/- 0.0	21.5 +/- 0.0
2		5.649e+02 +/- 4.204e-02		326467	326467	0	3174328	3174328	0	5.810e+01 +/- 9.641e-02		10.3 +/- 0.0	10.3 +/- 0.0
3		5.654e+02 +/- 3.568e-02		208774	208774	0	3179124	3179124	0	3.713e+01 +/- 7.858e-02		6.6 +/- 0.0	6.6 +/- 0.0
-------------------------------------------------------------------------------------------------------------------------------------------------------------------------- 
Total		1.502e+03 +/- 6.811e-02		1000605	1000605	0	8378722	8378722	0	1.794e+02 +/- 1.685e-01		11.9 +/- 0.0	11.9 +/- 0.0
--------------------------------------------------------------------------------------------------------------------------------------------------------------------------
Before matching: total cross section = 1.502e+03 +- 6.811e-02 pb
After matching: total cross section = 1.794e+02 +- 1.685e-01 pb
Matching efficiency = 0.1 +/- 0.0   [TO BE USED IN MCM]
Filter efficiency (taking into account weights)= (1.50285e+09) / (1.50285e+09) = 1.000e+00 +- 0.000e+00
Filter efficiency (event-level)= (1.0006e+06) / (1.0006e+06) = 1.000e+00 +- 0.000e+00    [TO BE USED IN MCM]

After filter: final cross section = 1.794e+02 +- 1.685e-01 pb
After filter: final fraction of events with negative weights = 0.000e+00 +- 0.000e+00
After filter: final equivalent lumi for 1M events (1/fb) = 5.575e+00 +- 7.649e-03
