01-Feb-2025 17:16:06 CST  Closed file root://cmsxrootd.fnal.gov//store/mc/Run3Summer23BPixMiniAODv4/TTLL_MLL-50_TuneCP5_13p6TeV_amcatnlo-pythia8/MINIAODSIM/130X_mcRun3_2023_realistic_postBPix_v6-v2/70000/f1ae95b4-2deb-4515-82c7-c9ab60e380f9.root

------------------------------------
GenXsecAnalyzer:
------------------------------------
-------------------------------------------------------------------------------------------------------------------------------------------------------------------------- 
Overall cross-section summary 
--------------------------------------------------------------------------------------------------------------------------------------------------------------------------
Process		xsec_before [pb]		passed	nposw	nnegw	tried	nposw	nnegw 	xsec_match [pb]			accepted [%]	 event_eff [%]
0		8.646e-02 +/- 3.903e-05		400000	304182	95818	400000	304182	95818	8.646e-02 +/- 3.903e-05		100.0 +/- 0.0	100.0 +/- 0.0
-------------------------------------------------------------------------------------------------------------------------------------------------------------------------- 
Total		8.646e-02 +/- 3.903e-05		400000	304182	95818	400000	304182	95818	8.646e-02 +/- 3.903e-05		100.0 +/- 0.0	100.0 +/- 0.0
--------------------------------------------------------------------------------------------------------------------------------------------------------------------------
Before matching: total cross section = 8.646e-02 +- 3.903e-05 pb
After matching: total cross section = 8.646e-02 +- 3.903e-05 pb
Matching efficiency = 1.0 +/- 0.0   [TO BE USED IN MCM]
Filter efficiency (taking into account weights)= (34575.6) / (34575.6) = 1.000e+00 +- 0.000e+00
Filter efficiency (event-level)= (400000) / (400000) = 1.000e+00 +- 0.000e+00    [TO BE USED IN MCM]

After filter: final cross section = 8.646e-02 +- 3.903e-05 pb
After filter: final fraction of events with negative weights = 2.395e-01 +- 8.222e-05
After filter: final equivalent lumi for 1M events (1/fb) = 3.138e+03 +- 2.069e+00
