01-Feb-2025 17:14:07 CST  Closed file root://cmsxrootd.fnal.gov//store/mc/Run3Summer23BPixMiniAODv4/TTLL_MLL-4to50_TuneCP5_13p6TeV_amcatnlo-pythia8/MINIAODSIM/130X_mcRun3_2023_realistic_postBPix_v6-v2/80000/597f5be1-6d06-42c4-9a75-365f2fa89a4d.root

------------------------------------
GenXsecAnalyzer:
------------------------------------
-------------------------------------------------------------------------------------------------------------------------------------------------------------------------- 
Overall cross-section summary 
--------------------------------------------------------------------------------------------------------------------------------------------------------------------------
Process		xsec_before [pb]		passed	nposw	nnegw	tried	nposw	nnegw 	xsec_match [pb]			accepted [%]	 event_eff [%]
0		3.949e-02 +/- 1.929e-05		294000	228021	65979	294000	228021	65979	3.949e-02 +/- 1.929e-05		100.0 +/- 0.0	100.0 +/- 0.0
-------------------------------------------------------------------------------------------------------------------------------------------------------------------------- 
Total		3.949e-02 +/- 1.929e-05		294000	228021	65979	294000	228021	65979	3.949e-02 +/- 1.929e-05		100.0 +/- 0.0	100.0 +/- 0.0
--------------------------------------------------------------------------------------------------------------------------------------------------------------------------
Before matching: total cross section = 3.949e-02 +- 1.929e-05 pb
After matching: total cross section = 3.949e-02 +- 1.929e-05 pb
Matching efficiency = 1.0 +/- 0.0   [TO BE USED IN MCM]
Filter efficiency (taking into account weights)= (11515.9) / (11515.9) = 1.000e+00 +- 0.000e+00
Filter efficiency (event-level)= (294000) / (294000) = 1.000e+00 +- 0.000e+00    [TO BE USED IN MCM]

After filter: final cross section = 3.949e-02 +- 1.929e-05 pb
After filter: final fraction of events with negative weights = 2.244e-01 +- 8.303e-05
After filter: final equivalent lumi for 1M events (1/fb) = 7.693e+03 +- 5.366e+00
