01-Feb-2025 20:18:35 CST  Closed file root://cmsxrootd.fnal.gov//store/mc/Run3Summer23BPixMiniAODv4/WtoLNu-4Jets_MLNu-120_HT-800to1500_TuneCP5_13p6TeV_madgraphMLM-pythia8/MINIAODSIM/130X_mcRun3_2023_realistic_postBPix_v6-v3/70000/fc57b730-32a8-4b86-ae6b-c7668e2c8df7.root

------------------------------------
GenXsecAnalyzer:
------------------------------------
-------------------------------------------------------------------------------------------------------------------------------------------------------------------------- 
Overall cross-section summary 
--------------------------------------------------------------------------------------------------------------------------------------------------------------------------
Process		xsec_before [pb]		passed	nposw	nnegw	tried	nposw	nnegw 	xsec_match [pb]			accepted [%]	 event_eff [%]
0		1.705e-03 +/- 7.581e-07		956	956	0	12535	12535	0	1.300e-04 +/- 4.041e-06		7.6 +/- 0.2	7.6 +/- 0.2
1		7.031e-04 +/- 3.715e-07		354	354	0	5162	5162	0	4.823e-05 +/- 2.474e-06		6.9 +/- 0.4	6.9 +/- 0.4
2		2.960e-02 +/- 7.750e-06		13644	13644	0	214930	214930	0	1.879e-03 +/- 1.557e-05		6.3 +/- 0.1	6.3 +/- 0.1
3		1.455e-02 +/- 5.070e-06		7365	7365	0	106260	106260	0	1.009e-03 +/- 1.134e-05		6.9 +/- 0.1	6.9 +/- 0.1
4		1.320e-01 +/- 1.640e-05		36452	36452	0	993461	993461	0	4.843e-03 +/- 2.491e-05		3.7 +/- 0.0	3.7 +/- 0.0
5		6.532e-02 +/- 1.049e-05		19861	19861	0	500877	500877	0	2.590e-03 +/- 1.802e-05		4.0 +/- 0.0	4.0 +/- 0.0
6		3.396e-01 +/- 2.630e-05		265629	265629	0	2621237	2621237	0	3.441e-02 +/- 6.335e-05		10.1 +/- 0.0	10.1 +/- 0.0
7		1.674e-01 +/- 1.713e-05		135225	135225	0	1282139	1282139	0	1.766e-02 +/- 4.545e-05		10.5 +/- 0.0	10.5 +/- 0.0
-------------------------------------------------------------------------------------------------------------------------------------------------------------------------- 
Total		7.508e-01 +/- 3.809e-05		479486	479486	0	5736601	5736601	0	6.276e-02 +/- 8.682e-05		8.4 +/- 0.0	8.4 +/- 0.0
--------------------------------------------------------------------------------------------------------------------------------------------------------------------------
Before matching: total cross section = 7.508e-01 +- 3.809e-05 pb
After matching: total cross section = 6.276e-02 +- 8.682e-05 pb
Matching efficiency = 0.1 +/- 0.0   [TO BE USED IN MCM]
Filter efficiency (taking into account weights)= (360064) / (360064) = 1.000e+00 +- 0.000e+00
Filter efficiency (event-level)= (479486) / (479486) = 1.000e+00 +- 0.000e+00    [TO BE USED IN MCM]

After filter: final cross section = 6.276e-02 +- 8.682e-05 pb
After filter: final fraction of events with negative weights = 0.000e+00 +- 0.000e+00
After filter: final equivalent lumi for 1M events (1/fb) = 1.593e+04 +- 2.720e+01
