01-Feb-2025 17:56:00 CST  Closed file root://cmsxrootd.fnal.gov//store/mc/Run3Summer23BPixMiniAODv4/WtoLNu-4Jets_MLNu-0to120_HT-2500_TuneCP5_13p6TeV_madgraphMLM-pythia8/MINIAODSIM/130X_mcRun3_2023_realistic_postBPix_v6-v3/140000/263f9afb-50ad-4328-a6d8-0052bb8bc5ed.root

------------------------------------
GenXsecAnalyzer:
------------------------------------
-------------------------------------------------------------------------------------------------------------------------------------------------------------------------- 
Overall cross-section summary 
--------------------------------------------------------------------------------------------------------------------------------------------------------------------------
Process		xsec_before [pb]		passed	nposw	nnegw	tried	nposw	nnegw 	xsec_match [pb]			accepted [%]	 event_eff [%]
0		6.430e-05 +/- 2.914e-07		4	4	0	123	123	0	2.097e-06 +/- 1.031e-06		3.3 +/- 1.6	3.3 +/- 1.6
1		6.407e-05 +/- 6.193e-07		1	1	0	19	19	0	3.372e-06 +/- 3.282e-06		5.3 +/- 5.1	5.3 +/- 5.1
2		9.081e-03 +/- 2.467e-06		5750	5750	0	141225	141225	0	3.697e-04 +/- 4.777e-06		4.1 +/- 0.1	4.1 +/- 0.1
3		3.607e-03 +/- 1.352e-06		2381	2381	0	56341	56341	0	1.524e-04 +/- 3.058e-06		4.2 +/- 0.1	4.2 +/- 0.1
4		5.411e-02 +/- 6.578e-06		18355	18355	0	860726	860726	0	1.154e-03 +/- 8.427e-06		2.1 +/- 0.0	2.1 +/- 0.0
5		2.120e-02 +/- 3.564e-06		8095	8095	0	346690	346690	0	4.950e-04 +/- 5.438e-06		2.3 +/- 0.0	2.3 +/- 0.0
6		1.767e-01 +/- 1.366e-05		334626	334626	0	2892050	2892050	0	2.045e-02 +/- 3.328e-05		11.6 +/- 0.0	11.6 +/- 0.0
7		6.774e-02 +/- 7.703e-06		132688	132688	0	1107864	1107864	0	8.113e-03 +/- 2.092e-05		12.0 +/- 0.0	12.0 +/- 0.0
-------------------------------------------------------------------------------------------------------------------------------------------------------------------------- 
Total		3.326e-01 +/- 1.761e-05		501900	501900	0	5405038	5405038	0	3.088e-02 +/- 4.155e-05		9.3 +/- 0.0	9.3 +/- 0.0
--------------------------------------------------------------------------------------------------------------------------------------------------------------------------
Before matching: total cross section = 3.326e-01 +- 1.761e-05 pb
After matching: total cross section = 3.088e-02 +- 4.155e-05 pb
Matching efficiency = 0.1 +/- 0.0   [TO BE USED IN MCM]
Filter efficiency (taking into account weights)= (166912) / (166912) = 1.000e+00 +- 0.000e+00
Filter efficiency (event-level)= (501900) / (501900) = 1.000e+00 +- 0.000e+00    [TO BE USED IN MCM]

After filter: final cross section = 3.088e-02 +- 4.155e-05 pb
After filter: final fraction of events with negative weights = 0.000e+00 +- 0.000e+00
After filter: final equivalent lumi for 1M events (1/fb) = 3.238e+04 +- 5.428e+01
