01-Feb-2025 18:10:50 CST  Closed file root://cmsxrootd.fnal.gov//store/mc/Run3Summer23BPixMiniAODv4/WtoLNu-4Jets_MLNu-120_HT-2500_TuneCP5_13p6TeV_madgraphMLM-pythia8/MINIAODSIM/130X_mcRun3_2023_realistic_postBPix_v6-v2/50000/add390eb-d54d-4def-ab81-25ae57e19c66.root

------------------------------------
GenXsecAnalyzer:
------------------------------------
-------------------------------------------------------------------------------------------------------------------------------------------------------------------------- 
Overall cross-section summary 
--------------------------------------------------------------------------------------------------------------------------------------------------------------------------
Process		xsec_before [pb]		passed	nposw	nnegw	tried	nposw	nnegw 	xsec_match [pb]			accepted [%]	 event_eff [%]
0		6.466e-07 +/- 1.309e-09		21	21	0	458	458	0	2.964e-08 +/- 6.318e-09		4.6 +/- 1.0	4.6 +/- 1.0
1		5.126e-07 +/- 2.867e-09		4	4	0	73	73	0	2.807e-08 +/- 1.365e-08		5.5 +/- 2.7	5.5 +/- 2.7
2		1.102e-04 +/- 3.718e-08		5420	5420	0	134429	134429	0	4.444e-06 +/- 5.915e-08		4.0 +/- 0.1	4.0 +/- 0.1
3		4.165e-05 +/- 1.901e-08		2211	2211	0	50941	50941	0	1.808e-06 +/- 3.761e-08		4.3 +/- 0.1	4.3 +/- 0.1
4		6.728e-04 +/- 8.850e-08		18275	18275	0	835697	835697	0	1.471e-05 +/- 1.077e-07		2.2 +/- 0.0	2.2 +/- 0.0
5		2.559e-04 +/- 4.793e-08		7839	7839	0	326946	326946	0	6.137e-06 +/- 6.848e-08		2.4 +/- 0.0	2.4 +/- 0.0
6		2.271e-03 +/- 1.768e-07		326212	326212	0	2912955	2912955	0	2.543e-04 +/- 4.201e-07		11.2 +/- 0.0	11.2 +/- 0.0
7		8.364e-04 +/- 9.790e-08		123530	123530	0	1067970	1067970	0	9.675e-05 +/- 2.591e-07		11.6 +/- 0.0	11.6 +/- 0.0
-------------------------------------------------------------------------------------------------------------------------------------------------------------------------- 
Total		4.189e-03 +/- 2.296e-07		483512	483512	0	5329469	5329469	0	3.800e-04 +/- 5.216e-07		9.1 +/- 0.0	9.1 +/- 0.0
--------------------------------------------------------------------------------------------------------------------------------------------------------------------------
Before matching: total cross section = 4.189e-03 +- 2.296e-07 pb
After matching: total cross section = 3.800e-04 +- 5.216e-07 pb
Matching efficiency = 0.1 +/- 0.0   [TO BE USED IN MCM]
Filter efficiency (taking into account weights)= (2025.45) / (2025.45) = 1.000e+00 +- 0.000e+00
Filter efficiency (event-level)= (483512) / (483512) = 1.000e+00 +- 0.000e+00    [TO BE USED IN MCM]

After filter: final cross section = 3.800e-04 +- 5.216e-07 pb
After filter: final fraction of events with negative weights = 0.000e+00 +- 0.000e+00
After filter: final equivalent lumi for 1M events (1/fb) = 2.631e+06 +- 4.468e+03
