01-Feb-2025 19:37:33 CST  Closed file root://cmsxrootd.fnal.gov//store/mc/Run3Summer23BPixMiniAODv4/WtoLNu-4Jets_MLNu-120_HT-40to100_TuneCP5_13p6TeV_madgraphMLM-pythia8/MINIAODSIM/130X_mcRun3_2023_realistic_postBPix_v6-v2/40000/964b1cdf-9e68-485b-b99d-80412f7846ac.root

------------------------------------
GenXsecAnalyzer:
------------------------------------
-------------------------------------------------------------------------------------------------------------------------------------------------------------------------- 
Overall cross-section summary 
--------------------------------------------------------------------------------------------------------------------------------------------------------------------------
Process		xsec_before [pb]		passed	nposw	nnegw	tried	nposw	nnegw 	xsec_match [pb]			accepted [%]	 event_eff [%]
0		1.510e+01 +/- 3.406e-03		301300	301300	0	724549	724549	0	6.278e+00 +/- 8.856e-03		41.6 +/- 0.1	41.6 +/- 0.1
1		1.041e+01 +/- 3.000e-03		212731	212731	0	504518	504518	0	4.389e+00 +/- 7.347e-03		42.2 +/- 0.1	42.2 +/- 0.1
2		2.993e+01 +/- 3.847e-03		245529	245529	0	1437498	1437498	0	5.111e+00 +/- 9.416e-03		17.1 +/- 0.0	17.1 +/- 0.0
3		2.070e+01 +/- 3.291e-03		176158	176158	0	1006617	1006617	0	3.622e+00 +/- 7.859e-03		17.5 +/- 0.0	17.5 +/- 0.0
4		1.773e+01 +/- 2.359e-03		35807	35807	0	878437	878437	0	7.229e-01 +/- 3.743e-03		4.1 +/- 0.0	4.1 +/- 0.0
5		1.225e+01 +/- 1.890e-03		25164	25164	0	597002	597002	0	5.164e-01 +/- 3.187e-03		4.2 +/- 0.0	4.2 +/- 0.0
6		4.439e+00 +/- 8.239e-04		2001	2001	0	217316	217316	0	4.087e-02 +/- 9.095e-04		0.9 +/- 0.0	0.9 +/- 0.0
7		3.051e+00 +/- 6.505e-04		1468	1468	0	148498	148498	0	3.017e-02 +/- 7.835e-04		1.0 +/- 0.0	1.0 +/- 0.0
-------------------------------------------------------------------------------------------------------------------------------------------------------------------------- 
Total		1.136e+02 +/- 7.514e-03		1000158	1000158	0	5514435	5514435	0	2.060e+01 +/- 1.869e-02		18.1 +/- 0.0	18.1 +/- 0.0
--------------------------------------------------------------------------------------------------------------------------------------------------------------------------
Before matching: total cross section = 1.136e+02 +- 7.514e-03 pb
After matching: total cross section = 2.060e+01 +- 1.869e-02 pb
Matching efficiency = 0.2 +/- 0.0   [TO BE USED IN MCM]
Filter efficiency (taking into account weights)= (1.13636e+08) / (1.13636e+08) = 1.000e+00 +- 0.000e+00
Filter efficiency (event-level)= (1.00016e+06) / (1.00016e+06) = 1.000e+00 +- 0.000e+00    [TO BE USED IN MCM]

After filter: final cross section = 2.060e+01 +- 1.869e-02 pb
After filter: final fraction of events with negative weights = 0.000e+00 +- 0.000e+00
After filter: final equivalent lumi for 1M events (1/fb) = 4.853e+01 +- 6.553e-02
