01-Feb-2025 17:54:28 CST  Closed file root://cmsxrootd.fnal.gov//store/mc/Run3Summer23BPixMiniAODv4/WtoLNu-4Jets_MLNu-0to120_HT-1500to2500_TuneCP5_13p6TeV_madgraphMLM-pythia8/MINIAODSIM/130X_mcRun3_2023_realistic_postBPix_v6-v2/50000/76f90b71-b95b-4780-86c3-134585e5af36.root

------------------------------------
GenXsecAnalyzer:
------------------------------------
-------------------------------------------------------------------------------------------------------------------------------------------------------------------------- 
Overall cross-section summary 
--------------------------------------------------------------------------------------------------------------------------------------------------------------------------
Process		xsec_before [pb]		passed	nposw	nnegw	tried	nposw	nnegw 	xsec_match [pb]			accepted [%]	 event_eff [%]
0		8.235e-04 +/- 1.253e-06		41	41	0	801	801	0	4.215e-05 +/- 6.412e-06		5.1 +/- 0.8	5.1 +/- 0.8
1		6.518e-04 +/- 1.840e-06		11	11	0	240	240	0	2.989e-05 +/- 8.805e-06		4.6 +/- 1.4	4.6 +/- 1.3
2		1.407e-01 +/- 4.210e-05		7415	7415	0	154886	154886	0	6.735e-03 +/- 7.635e-05		4.8 +/- 0.1	4.8 +/- 0.1
3		6.538e-02 +/- 2.292e-05		3830	3830	0	72309	72309	0	3.463e-03 +/- 5.447e-05		5.3 +/- 0.1	5.3 +/- 0.1
4		8.070e-01 +/- 1.005e-04		23468	23468	0	916736	916736	0	2.066e-02 +/- 1.331e-04		2.6 +/- 0.0	2.6 +/- 0.0
5		3.683e-01 +/- 6.131e-05		12340	12340	0	430809	430809	0	1.055e-02 +/- 9.362e-05		2.9 +/- 0.0	2.9 +/- 0.0
6		2.518e+00 +/- 1.919e-04		324727	324727	0	2937692	2937692	0	2.783e-01 +/- 4.612e-04		11.1 +/- 0.0	11.1 +/- 0.0
7		1.127e+00 +/- 1.163e-04		150248	150248	0	1311600	1311600	0	1.291e-01 +/- 3.138e-04		11.5 +/- 0.0	11.5 +/- 0.0
-------------------------------------------------------------------------------------------------------------------------------------------------------------------------- 
Total		5.028e+00 +/- 2.579e-04		522080	522080	0	5825073	5825073	0	4.507e-01 +/- 5.956e-04		9.0 +/- 0.0	9.0 +/- 0.0
--------------------------------------------------------------------------------------------------------------------------------------------------------------------------
Before matching: total cross section = 5.028e+00 +- 2.579e-04 pb
After matching: total cross section = 4.507e-01 +- 5.956e-04 pb
Matching efficiency = 0.1 +/- 0.0   [TO BE USED IN MCM]
Filter efficiency (taking into account weights)= (2.62527e+06) / (2.62527e+06) = 1.000e+00 +- 0.000e+00
Filter efficiency (event-level)= (522080) / (522080) = 1.000e+00 +- 0.000e+00    [TO BE USED IN MCM]

After filter: final cross section = 4.507e-01 +- 5.956e-04 pb
After filter: final fraction of events with negative weights = 0.000e+00 +- 0.000e+00
After filter: final equivalent lumi for 1M events (1/fb) = 2.219e+03 +- 3.677e+00
