01-Feb-2025 18:01:55 CST  Closed file root://cmsxrootd.fnal.gov//store/mc/Run3Summer23BPixMiniAODv4/WtoLNu-4Jets_MLNu-0to120_HT-40to100_TuneCP5_13p6TeV_madgraphMLM-pythia8/MINIAODSIM/130X_mcRun3_2023_realistic_postBPix_v2-v3/30000/870011af-5d27-4b5c-8347-4f6e32ecc118.root

------------------------------------
GenXsecAnalyzer:
------------------------------------
-------------------------------------------------------------------------------------------------------------------------------------------------------------------------- 
Overall cross-section summary 
--------------------------------------------------------------------------------------------------------------------------------------------------------------------------
Process		xsec_before [pb]		passed	nposw	nnegw	tried	nposw	nnegw 	xsec_match [pb]			accepted [%]	 event_eff [%]
0		2.345e+03 +/- 4.154e-01		256579	256579	0	549074	549074	0	1.096e+03 +/- 1.591e+00		46.7 +/- 0.1	46.7 +/- 0.1
1		1.737e+03 +/- 3.602e-01		193500	193500	0	408033	408033	0	8.238e+02 +/- 1.369e+00		47.4 +/- 0.1	47.4 +/- 0.1
2		5.669e+03 +/- 6.093e-01		266672	266672	0	1313630	1313630	0	1.151e+03 +/- 1.993e+00		20.3 +/- 0.0	20.3 +/- 0.0
3		4.198e+03 +/- 4.773e-01		206037	206037	0	987740	987740	0	8.756e+02 +/- 1.719e+00		20.9 +/- 0.0	20.9 +/- 0.0
4		3.712e+03 +/- 3.582e-01		42111	42111	0	900454	900454	0	1.736e+02 +/- 8.261e-01		4.7 +/- 0.0	4.7 +/- 0.0
5		2.713e+03 +/- 2.857e-01		31051	31051	0	641417	641417	0	1.313e+02 +/- 7.272e-01		4.8 +/- 0.0	4.8 +/- 0.0
6		9.863e+02 +/- 1.246e-01		2453	2453	0	233248	233248	0	1.037e+01 +/- 2.083e-01		1.1 +/- 0.0	1.1 +/- 0.0
7		7.148e+02 +/- 1.053e-01		1831	1831	0	168965	168965	0	7.746e+00 +/- 1.800e-01		1.1 +/- 0.0	1.1 +/- 0.0
-------------------------------------------------------------------------------------------------------------------------------------------------------------------------- 
Total		2.207e+04 +/- 1.067e+00		1000234	1000234	0	5202561	5202561	0	4.244e+03 +/- 3.819e+00		19.2 +/- 0.0	19.2 +/- 0.0
--------------------------------------------------------------------------------------------------------------------------------------------------------------------------
Before matching: total cross section = 2.207e+04 +- 1.067e+00 pb
After matching: total cross section = 4.244e+03 +- 3.819e+00 pb
Matching efficiency = 0.2 +/- 0.0   [TO BE USED IN MCM]
Filter efficiency (taking into account weights)= (2.20825e+10) / (2.20825e+10) = 1.000e+00 +- 0.000e+00
Filter efficiency (event-level)= (1.00023e+06) / (1.00023e+06) = 1.000e+00 +- 0.000e+00    [TO BE USED IN MCM]

After filter: final cross section = 4.244e+03 +- 3.819e+00 pb
After filter: final fraction of events with negative weights = 0.000e+00 +- 0.000e+00
After filter: final equivalent lumi for 1M events (1/fb) = 2.356e-01 +- 3.170e-04
