01-Feb-2025 17:37:30 CST  Closed file root://cmsxrootd.fnal.gov//store/mc/Run3Summer23BPixMiniAODv4/WWW_4F_TuneCP5_13p6TeV_amcatnlo-madspin-pythia8/MINIAODSIM/130X_mcRun3_2023_realistic_postBPix_v2-v2/30000/02f46616-ad79-4a54-bd19-25b53492a09d.root

------------------------------------
GenXsecAnalyzer:
------------------------------------
-------------------------------------------------------------------------------------------------------------------------------------------------------------------------- 
Overall cross-section summary 
--------------------------------------------------------------------------------------------------------------------------------------------------------------------------
Process		xsec_before [pb]		passed	nposw	nnegw	tried	nposw	nnegw 	xsec_match [pb]			accepted [%]	 event_eff [%]
0		2.328e-01 +/- 1.247e-04		466500	444777	21723	466500	444777	21723	2.328e-01 +/- 1.247e-04		100.0 +/- 0.0	100.0 +/- 0.0
-------------------------------------------------------------------------------------------------------------------------------------------------------------------------- 
Total		2.328e-01 +/- 1.247e-04		466500	444777	21723	466500	444777	21723	2.328e-01 +/- 1.247e-04		100.0 +/- 0.0	100.0 +/- 0.0
--------------------------------------------------------------------------------------------------------------------------------------------------------------------------
Before matching: total cross section = 2.328e-01 +- 1.247e-04 pb
After matching: total cross section = 2.328e-01 +- 1.247e-04 pb
Matching efficiency = 1.0 +/- 0.0   [TO BE USED IN MCM]
Filter efficiency (taking into account weights)= (108441) / (108441) = 1.000e+00 +- 0.000e+00
Filter efficiency (event-level)= (466500) / (466500) = 1.000e+00 +- 0.000e+00    [TO BE USED IN MCM]

After filter: final cross section = 2.328e-01 +- 1.247e-04 pb
After filter: final fraction of events with negative weights = 4.657e-02 +- 3.141e-06
After filter: final equivalent lumi for 1M events (1/fb) = 3.533e+03 +- 3.635e+00
