01-Feb-2025 16:45:39 CST  Closed file root://cmsxrootd.fnal.gov//store/mc/Run3Summer22MiniAODv4/DYto2L-4Jets_MLL-50to120_HT-2500_TuneCP5_13p6TeV_madgraphMLM-pythia8/MINIAODSIM/130X_mcRun3_2022_realistic_v5-v3/2820000/05e9faeb-653a-4219-a7f9-ab0eee6714ee.root

------------------------------------
GenXsecAnalyzer:
------------------------------------
-------------------------------------------------------------------------------------------------------------------------------------------------------------------------- 
Overall cross-section summary 
--------------------------------------------------------------------------------------------------------------------------------------------------------------------------
Process		xsec_before [pb]		passed	nposw	nnegw	tried	nposw	nnegw 	xsec_match [pb]			accepted [%]	 event_eff [%]
0		8.281e-06 +/- 2.110e-08		10	10	0	243	243	0	3.414e-07 +/- 1.057e-07		4.1 +/- 1.3	4.1 +/- 1.3
1		1.406e-03 +/- 2.376e-07		15965	15965	0	390785	390785	0	5.746e-05 +/- 4.455e-07		4.1 +/- 0.0	4.1 +/- 0.0
2		8.442e-03 +/- 6.480e-07		51548	51548	0	2390139	2390139	0	1.821e-04 +/- 7.933e-07		2.2 +/- 0.0	2.2 +/- 0.0
3		2.803e-02 +/- 1.292e-06		932662	932662	0	8158330	8158330	0	3.204e-03 +/- 3.126e-06		11.4 +/- 0.0	11.4 +/- 0.0
-------------------------------------------------------------------------------------------------------------------------------------------------------------------------- 
Total		3.789e-02 +/- 1.465e-06		1000185	1000185	0	10939497	10939497	0	3.464e-03 +/- 3.304e-06		9.1 +/- 0.0	9.1 +/- 0.0
--------------------------------------------------------------------------------------------------------------------------------------------------------------------------
Before matching: total cross section = 3.789e-02 +- 1.465e-06 pb
After matching: total cross section = 3.464e-03 +- 3.304e-06 pb
Matching efficiency = 0.1 +/- 0.0   [TO BE USED IN MCM]
Filter efficiency (taking into account weights)= (37890.4) / (37890.4) = 1.000e+00 +- 0.000e+00
Filter efficiency (event-level)= (1.00018e+06) / (1.00018e+06) = 1.000e+00 +- 0.000e+00    [TO BE USED IN MCM]

After filter: final cross section = 3.464e-03 +- 3.304e-06 pb
After filter: final fraction of events with negative weights = 0.000e+00 +- 0.000e+00
After filter: final equivalent lumi for 1M events (1/fb) = 2.887e+05 +- 3.990e+02
