01-Feb-2025 16:59:24 CST  Closed file root://cmsxrootd.fnal.gov//store/mc/Run3Summer22MiniAODv4/DYto2L-4Jets_MLL-50to120_HT-800to1500_TuneCP5_13p6TeV_madgraphMLM-pythia8/MINIAODSIM/130X_mcRun3_2022_realistic_v5-v2/2560000/5f18a02d-1ee3-47bb-8e47-e395907d491a.root

------------------------------------
GenXsecAnalyzer:
------------------------------------
-------------------------------------------------------------------------------------------------------------------------------------------------------------------------- 
Overall cross-section summary 
--------------------------------------------------------------------------------------------------------------------------------------------------------------------------
Process		xsec_before [pb]		passed	nposw	nnegw	tried	nposw	nnegw 	xsec_match [pb]			accepted [%]	 event_eff [%]
0		7.698e-03 +/- 2.063e-06		744	744	0	10733	10733	0	5.336e-04 +/- 1.887e-05		6.9 +/- 0.2	6.9 +/- 0.2
1		4.004e-01 +/- 6.736e-05		36893	36893	0	539354	539354	0	2.739e-02 +/- 1.377e-04		6.8 +/- 0.0	6.8 +/- 0.0
2		2.006e+00 +/- 1.415e-04		108379	108379	0	2851120	2851120	0	7.626e-02 +/- 2.273e-04		3.8 +/- 0.0	3.8 +/- 0.0
3		5.466e+00 +/- 2.417e-04		854354	854354	0	7888043	7888043	0	5.921e-01 +/- 6.054e-04		10.8 +/- 0.0	10.8 +/- 0.0
-------------------------------------------------------------------------------------------------------------------------------------------------------------------------- 
Total		7.881e+00 +/- 2.881e-04		1000370	1000370	0	11289250	11289250	0	6.983e-01 +/- 6.670e-04		8.9 +/- 0.0	8.9 +/- 0.0
--------------------------------------------------------------------------------------------------------------------------------------------------------------------------
Before matching: total cross section = 7.881e+00 +- 2.881e-04 pb
After matching: total cross section = 6.983e-01 +- 6.670e-04 pb
Matching efficiency = 0.1 +/- 0.0   [TO BE USED IN MCM]
Filter efficiency (taking into account weights)= (7.88486e+06) / (7.88486e+06) = 1.000e+00 +- 0.000e+00
Filter efficiency (event-level)= (1.00037e+06) / (1.00037e+06) = 1.000e+00 +- 0.000e+00    [TO BE USED IN MCM]

After filter: final cross section = 6.983e-01 +- 6.670e-04 pb
After filter: final fraction of events with negative weights = 0.000e+00 +- 0.000e+00
After filter: final equivalent lumi for 1M events (1/fb) = 1.432e+03 +- 1.980e+00
