01-Feb-2025 16:29:27 CST  Closed file root://cmsxrootd.fnal.gov//store/mc/Run3Summer22MiniAODv4/DYto2L-4Jets_MLL-120_HT-800to1500_TuneCP5_13p6TeV_madgraphMLM-pythia8/MINIAODSIM/130X_mcRun3_2022_realistic_v5-v2/2810000/b28e0566-c71d-4ba6-ab2c-d69eb588b8bd.root

------------------------------------
GenXsecAnalyzer:
------------------------------------
-------------------------------------------------------------------------------------------------------------------------------------------------------------------------- 
Overall cross-section summary 
--------------------------------------------------------------------------------------------------------------------------------------------------------------------------
Process		xsec_before [pb]		passed	nposw	nnegw	tried	nposw	nnegw 	xsec_match [pb]			accepted [%]	 event_eff [%]
0		8.639e-04 +/- 1.535e-07		2798	2798	0	39278	39278	0	6.154e-05 +/- 1.121e-06		7.1 +/- 0.1	7.1 +/- 0.1
1		1.501e-02 +/- 2.038e-06		43337	43337	0	683453	683453	0	9.518e-04 +/- 4.427e-06		6.3 +/- 0.0	6.3 +/- 0.0
2		6.690e-02 +/- 4.089e-06		116683	116683	0	3175628	3175628	0	2.458e-03 +/- 7.064e-06		3.7 +/- 0.0	3.7 +/- 0.0
3		1.721e-01 +/- 6.883e-06		837586	837586	0	8311883	8311883	0	1.734e-02 +/- 1.798e-05		10.1 +/- 0.0	10.1 +/- 0.0
-------------------------------------------------------------------------------------------------------------------------------------------------------------------------- 
Total		2.548e-01 +/- 8.262e-06		1000404	1000404	0	12210242	12210242	0	2.088e-02 +/- 2.001e-05		8.2 +/- 0.0	8.2 +/- 0.0
--------------------------------------------------------------------------------------------------------------------------------------------------------------------------
Before matching: total cross section = 2.548e-01 +- 8.262e-06 pb
After matching: total cross section = 2.088e-02 +- 2.001e-05 pb
Matching efficiency = 0.1 +/- 0.0   [TO BE USED IN MCM]
Filter efficiency (taking into account weights)= (254968) / (254968) = 1.000e+00 +- 0.000e+00
Filter efficiency (event-level)= (1.0004e+06) / (1.0004e+06) = 1.000e+00 +- 0.000e+00    [TO BE USED IN MCM]

After filter: final cross section = 2.088e-02 +- 2.001e-05 pb
After filter: final fraction of events with negative weights = 0.000e+00 +- 0.000e+00
After filter: final equivalent lumi for 1M events (1/fb) = 4.790e+04 +- 6.635e+01
