01-Feb-2025 17:03:55 CST  Closed file root://cmsxrootd.fnal.gov//store/mc/Run3Summer22MiniAODv4/TTLL_MLL-4to50_TuneCP5_13p6TeV_amcatnlo-pythia8/MINIAODSIM/130X_mcRun3_2022_realistic_v5-v2/610000/37904a3e-70b7-4ec0-8f54-7f33a8386583.root

------------------------------------
GenXsecAnalyzer:
------------------------------------
-------------------------------------------------------------------------------------------------------------------------------------------------------------------------- 
Overall cross-section summary 
--------------------------------------------------------------------------------------------------------------------------------------------------------------------------
Process		xsec_before [pb]		passed	nposw	nnegw	tried	nposw	nnegw 	xsec_match [pb]			accepted [%]	 event_eff [%]
0		3.949e-02 +/- 2.728e-05		300000	233224	66776	300000	233224	66776	3.949e-02 +/- 2.728e-05		100.0 +/- 0.0	100.0 +/- 0.0
-------------------------------------------------------------------------------------------------------------------------------------------------------------------------- 
Total		3.949e-02 +/- 2.728e-05		300000	233224	66776	300000	233224	66776	3.949e-02 +/- 2.728e-05		100.0 +/- 0.0	100.0 +/- 0.0
--------------------------------------------------------------------------------------------------------------------------------------------------------------------------
Before matching: total cross section = 3.949e-02 +- 2.728e-05 pb
After matching: total cross section = 3.949e-02 +- 2.728e-05 pb
Matching efficiency = 1.0 +/- 0.0   [TO BE USED IN MCM]
Filter efficiency (taking into account weights)= (11829) / (11829) = 1.000e+00 +- 0.000e+00
Filter efficiency (event-level)= (300000) / (300000) = 1.000e+00 +- 0.000e+00    [TO BE USED IN MCM]

After filter: final cross section = 3.949e-02 +- 2.728e-05 pb
After filter: final fraction of events with negative weights = 2.226e-01 +- 8.676e-05
After filter: final equivalent lumi for 1M events (1/fb) = 7.795e+03 +- 5.912e+00
