01-Feb-2025 17:06:39 CST  Closed file root://cmsxrootd.fnal.gov//store/mc/Run3Summer22MiniAODv4/TTLL_MLL-50_TuneCP5_13p6TeV_amcatnlo-pythia8/MINIAODSIM/130X_mcRun3_2022_realistic_v5-v2/2550000/ca0b46f5-9b23-46d1-81ed-245ca78fe0a9.root

------------------------------------
GenXsecAnalyzer:
------------------------------------
-------------------------------------------------------------------------------------------------------------------------------------------------------------------------- 
Overall cross-section summary 
--------------------------------------------------------------------------------------------------------------------------------------------------------------------------
Process		xsec_before [pb]		passed	nposw	nnegw	tried	nposw	nnegw 	xsec_match [pb]			accepted [%]	 event_eff [%]
0		8.646e-02 +/- 5.520e-05		400000	304368	95632	400000	304368	95632	8.646e-02 +/- 5.520e-05		100.0 +/- 0.0	100.0 +/- 0.0
-------------------------------------------------------------------------------------------------------------------------------------------------------------------------- 
Total		8.646e-02 +/- 5.520e-05		400000	304368	95632	400000	304368	95632	8.646e-02 +/- 5.520e-05		100.0 +/- 0.0	100.0 +/- 0.0
--------------------------------------------------------------------------------------------------------------------------------------------------------------------------
Before matching: total cross section = 8.646e-02 +- 5.520e-05 pb
After matching: total cross section = 8.646e-02 +- 5.520e-05 pb
Matching efficiency = 1.0 +/- 0.0   [TO BE USED IN MCM]
Filter efficiency (taking into account weights)= (34637.4) / (34637.4) = 1.000e+00 +- 0.000e+00
Filter efficiency (event-level)= (400000) / (400000) = 1.000e+00 +- 0.000e+00    [TO BE USED IN MCM]

After filter: final cross section = 8.646e-02 +- 5.520e-05 pb
After filter: final fraction of events with negative weights = 2.391e-01 +- 8.208e-05
After filter: final equivalent lumi for 1M events (1/fb) = 3.150e+03 +- 2.207e+00
