01-Feb-2025 18:36:50 CST  Closed file root://cmsxrootd.fnal.gov//store/mc/Run3Summer22MiniAODv4/WtoLNu-4Jets_MLNu-0to120_HT-800to1500_TuneCP5_13p6TeV_madgraphMLM-pythia8/MINIAODSIM/130X_mcRun3_2022_realistic_v5-v2/2820000/c497b93b-9ed1-4f52-9299-ba8b2d6e2315.root

------------------------------------
GenXsecAnalyzer:
------------------------------------
-------------------------------------------------------------------------------------------------------------------------------------------------------------------------- 
Overall cross-section summary 
--------------------------------------------------------------------------------------------------------------------------------------------------------------------------
Process		xsec_before [pb]		passed	nposw	nnegw	tried	nposw	nnegw 	xsec_match [pb]			accepted [%]	 event_eff [%]
0		3.978e-02 +/- 1.702e-05		483	483	0	6584	6584	0	2.919e-03 +/- 1.278e-04		7.3 +/- 0.3	7.3 +/- 0.3
1		1.977e-02 +/- 1.461e-05		217	217	0	2956	2956	0	1.451e-03 +/- 9.484e-05		7.3 +/- 0.5	7.3 +/- 0.5
2		2.295e+00 +/- 4.687e-04		23593	23593	0	350323	350323	0	1.546e-01 +/- 9.724e-04		6.7 +/- 0.0	6.7 +/- 0.0
3		1.212e+00 +/- 2.976e-04		13612	13612	0	185230	185230	0	8.904e-02 +/- 7.349e-04		7.3 +/- 0.1	7.3 +/- 0.1
4		1.153e+01 +/- 1.013e-03		68258	68258	0	1820370	1820370	0	4.322e-01 +/- 1.624e-03		3.7 +/- 0.0	3.7 +/- 0.0
5		6.070e+00 +/- 6.870e-04		39466	39466	0	975203	975203	0	2.456e-01 +/- 1.212e-03		4.0 +/- 0.0	4.0 +/- 0.0
6		3.171e+01 +/- 1.700e-03		557348	557348	0	5144842	5144842	0	3.435e+00 +/- 4.349e-03		10.8 +/- 0.0	10.8 +/- 0.0
7		1.640e+01 +/- 1.119e-03		297170	297170	0	2648203	2648203	0	1.840e+00 +/- 3.183e-03		11.2 +/- 0.0	11.2 +/- 0.0
-------------------------------------------------------------------------------------------------------------------------------------------------------------------------- 
Total		6.927e+01 +/- 2.439e-03		1000147	1000147	0	11133711	11133711	0	6.223e+00 +/- 5.940e-03		9.0 +/- 0.0	9.0 +/- 0.0
--------------------------------------------------------------------------------------------------------------------------------------------------------------------------
Before matching: total cross section = 6.927e+01 +- 2.439e-03 pb
After matching: total cross section = 6.223e+00 +- 5.940e-03 pb
Matching efficiency = 0.1 +/- 0.0   [TO BE USED IN MCM]
Filter efficiency (taking into account weights)= (6.93018e+07) / (6.93018e+07) = 1.000e+00 +- 0.000e+00
Filter efficiency (event-level)= (1.00015e+06) / (1.00015e+06) = 1.000e+00 +- 0.000e+00    [TO BE USED IN MCM]

After filter: final cross section = 6.223e+00 +- 5.940e-03 pb
After filter: final fraction of events with negative weights = 0.000e+00 +- 0.000e+00
After filter: final equivalent lumi for 1M events (1/fb) = 1.607e+02 +- 2.222e-01
