01-Feb-2025 18:30:06 CST  Closed file root://cmsxrootd.fnal.gov//store/mc/Run3Summer22MiniAODv4/WtoLNu-4Jets_MLNu-0to120_HT-2500_TuneCP5_13p6TeV_madgraphMLM-pythia8/MINIAODSIM/130X_mcRun3_2022_realistic_v5-v2/2820000/1fdcd3b5-0a21-45aa-af8f-66c469562eaa.root

------------------------------------
GenXsecAnalyzer:
------------------------------------
-------------------------------------------------------------------------------------------------------------------------------------------------------------------------- 
Overall cross-section summary 
--------------------------------------------------------------------------------------------------------------------------------------------------------------------------
Process		xsec_before [pb]		passed	nposw	nnegw	tried	nposw	nnegw 	xsec_match [pb]			accepted [%]	 event_eff [%]
0		9.622e-05 +/- 4.482e-07		3	3	0	102	102	0	2.838e-06 +/- 1.614e-06		2.9 +/- 1.7	2.9 +/- 1.7
1		9.566e-05 +/- 7.557e-07		1	1	0	37	37	0	2.604e-06 +/- 2.568e-06		2.7 +/- 2.7	2.7 +/- 2.7
2		9.085e-03 +/- 2.320e-06		5940	5940	0	146595	146595	0	3.681e-04 +/- 4.680e-06		4.1 +/- 0.1	4.1 +/- 0.1
3		3.608e-03 +/- 1.169e-06		2596	2596	0	58397	58397	0	1.604e-04 +/- 3.078e-06		4.4 +/- 0.1	4.4 +/- 0.1
4		5.423e-02 +/- 5.927e-06		19120	19120	0	888789	888789	0	1.167e-03 +/- 8.347e-06		2.2 +/- 0.0	2.2 +/- 0.0
5		2.122e-02 +/- 3.291e-06		8455	8455	0	353977	353977	0	5.068e-04 +/- 5.446e-06		2.4 +/- 0.0	2.4 +/- 0.0
6		1.773e-01 +/- 1.298e-05		343579	343579	0	2970911	2970911	0	2.050e-02 +/- 3.293e-05		11.6 +/- 0.0	11.6 +/- 0.0
7		6.804e-02 +/- 7.106e-06		135881	135881	0	1140970	1140970	0	8.103e-03 +/- 2.065e-05		11.9 +/- 0.0	11.9 +/- 0.0
-------------------------------------------------------------------------------------------------------------------------------------------------------------------------- 
Total		3.337e-01 +/- 1.650e-05		515575	515575	0	5559778	5559778	0	3.094e-02 +/- 4.107e-05		9.3 +/- 0.0	9.3 +/- 0.0
--------------------------------------------------------------------------------------------------------------------------------------------------------------------------
Before matching: total cross section = 3.337e-01 +- 1.650e-05 pb
After matching: total cross section = 3.094e-02 +- 4.107e-05 pb
Matching efficiency = 0.1 +/- 0.0   [TO BE USED IN MCM]
Filter efficiency (taking into account weights)= (172017) / (172017) = 1.000e+00 +- 0.000e+00
Filter efficiency (event-level)= (515575) / (515575) = 1.000e+00 +- 0.000e+00    [TO BE USED IN MCM]

After filter: final cross section = 3.094e-02 +- 4.107e-05 pb
After filter: final fraction of events with negative weights = 0.000e+00 +- 0.000e+00
After filter: final equivalent lumi for 1M events (1/fb) = 3.232e+04 +- 5.372e+01
[2025-02-01 18:30:06.939041 -0600][Error  ][AsyncSock         ] [red-xfer4.unl.edu:1094.0] Socket error encountered: [ERROR] Invalid operation
[2025-02-01 18:30:06.939071 -0600][Error  ][AsyncSock         ] [red-xfer6.unl.edu:1094.0] Socket error encountered: [ERROR] Invalid operation
[2025-02-01 18:30:06.939247 -0600][Error  ][XRootD            ] [red-xfer4.unl.edu:1094] Impossible to send message kXR_close (handle: 0x00000000). Trying to recover.
[2025-02-01 18:30:06.939263 -0600][Error  ][XRootD            ] [red-xfer4.unl.edu:1094] Unable to get the response to request kXR_close (handle: 0x00000000)
[2025-02-01 18:30:06.939287 -0600][Error  ][XRootD            ] [red-xfer6.unl.edu:1094] Impossible to send message kXR_close (handle: 0x00000000). Trying to recover.
[2025-02-01 18:30:06.939304 -0600][Error  ][XRootD            ] [red-xfer6.unl.edu:1094] Unable to get the response to request kXR_close (handle: 0x00000000)
