01-Feb-2025 18:32:11 CST  Closed file root://cmsxrootd.fnal.gov//store/mc/Run3Summer22MiniAODv4/WtoLNu-4Jets_MLNu-0to120_HT-400to800_TuneCP5_13p6TeV_madgraphMLM-pythia8/MINIAODSIM/130X_mcRun3_2022_realistic_v5-v1/2560000/53f99d54-b247-4a35-b785-d3fbd5b9e6f5.root

------------------------------------
GenXsecAnalyzer:
------------------------------------
-------------------------------------------------------------------------------------------------------------------------------------------------------------------------- 
Overall cross-section summary 
--------------------------------------------------------------------------------------------------------------------------------------------------------------------------
Process		xsec_before [pb]		passed	nposw	nnegw	tried	nposw	nnegw 	xsec_match [pb]			accepted [%]	 event_eff [%]
0		1.472e+00 +/- 4.331e-04		3590	3590	0	29100	29100	0	1.816e-01 +/- 2.838e-03		12.3 +/- 0.2	12.3 +/- 0.2
1		7.817e-01 +/- 2.448e-04		1940	1940	0	15274	15274	0	9.929e-02 +/- 2.106e-03		12.7 +/- 0.3	12.7 +/- 0.3
2		2.913e+01 +/- 4.874e-03		60421	60421	0	566784	566784	0	3.105e+00 +/- 1.195e-02		10.7 +/- 0.0	10.7 +/- 0.0
3		1.723e+01 +/- 3.534e-03		39191	39191	0	340498	340498	0	1.983e+00 +/- 9.433e-03		11.5 +/- 0.1	11.5 +/- 0.1
4		1.155e+02 +/- 8.573e-03		146643	146643	0	2361129	2361129	0	7.172e+00 +/- 1.815e-02		6.2 +/- 0.0	6.2 +/- 0.0
5		6.788e+01 +/- 6.229e-03		93450	93450	0	1421461	1421461	0	4.463e+00 +/- 1.412e-02		6.6 +/- 0.0	6.6 +/- 0.0
6		2.501e+02 +/- 1.204e-02		562141	562141	0	5237608	5237608	0	2.685e+01 +/- 3.386e-02		10.7 +/- 0.0	10.7 +/- 0.0
7		1.451e+02 +/- 8.480e-03		336116	336116	0	3015301	3015301	0	1.617e+01 +/- 2.631e-02		11.1 +/- 0.0	11.1 +/- 0.0
-------------------------------------------------------------------------------------------------------------------------------------------------------------------------- 
Total		6.272e+02 +/- 1.912e-02		1243492	1243492	0	12987155	12987155	0	6.005e+01 +/- 5.124e-02		9.6 +/- 0.0	9.6 +/- 0.0
--------------------------------------------------------------------------------------------------------------------------------------------------------------------------
Before matching: total cross section = 6.272e+02 +- 1.912e-02 pb
After matching: total cross section = 6.005e+01 +- 5.124e-02 pb
Matching efficiency = 0.1 +/- 0.0   [TO BE USED IN MCM]
Filter efficiency (taking into account weights)= (6.2766e+08) / (6.2766e+08) = 1.000e+00 +- 0.000e+00
Filter efficiency (event-level)= (1.00064e+06) / (1.00064e+06) = 1.000e+00 +- 0.000e+00    [TO BE USED IN MCM]

After filter: final cross section = 6.005e+01 +- 5.124e-02 pb
After filter: final fraction of events with negative weights = 0.000e+00 +- 0.000e+00
After filter: final equivalent lumi for 1M events (1/fb) = 1.665e+01 +- 2.189e-02
