01-Feb-2025 17:28:18 CST  Closed file root://cmsxrootd.fnal.gov//store/mc/Run3Summer22MiniAODv4/WWW_4F_TuneCP5_13p6TeV_amcatnlo-madspin-pythia8/MINIAODSIM/130X_mcRun3_2022_realistic_v5-v2/40000/3d30fe8b-1142-4f2a-b3c9-949c75ae4881.root

------------------------------------
GenXsecAnalyzer:
------------------------------------
-------------------------------------------------------------------------------------------------------------------------------------------------------------------------- 
Overall cross-section summary 
--------------------------------------------------------------------------------------------------------------------------------------------------------------------------
Process		xsec_before [pb]		passed	nposw	nnegw	tried	nposw	nnegw 	xsec_match [pb]			accepted [%]	 event_eff [%]
0		2.328e-01 +/- 1.247e-04		450000	429068	20932	450000	429068	20932	2.328e-01 +/- 1.247e-04		100.0 +/- 0.0	100.0 +/- 0.0
-------------------------------------------------------------------------------------------------------------------------------------------------------------------------- 
Total		2.328e-01 +/- 1.247e-04		450000	429068	20932	450000	429068	20932	2.328e-01 +/- 1.247e-04		100.0 +/- 0.0	100.0 +/- 0.0
--------------------------------------------------------------------------------------------------------------------------------------------------------------------------
Before matching: total cross section = 2.328e-01 +- 1.247e-04 pb
After matching: total cross section = 2.328e-01 +- 1.247e-04 pb
Matching efficiency = 1.0 +/- 0.0   [TO BE USED IN MCM]
Filter efficiency (taking into account weights)= (104617) / (104617) = 1.000e+00 +- 0.000e+00
Filter efficiency (event-level)= (450000) / (450000) = 1.000e+00 +- 0.000e+00    [TO BE USED IN MCM]

After filter: final cross section = 2.328e-01 +- 1.247e-04 pb
After filter: final fraction of events with negative weights = 4.652e-02 +- 3.744e-06
After filter: final equivalent lumi for 1M events (1/fb) = 3.534e+03 +- 3.637e+00
