01-Feb-2025 17:49:51 CST  Closed file root://cmsxrootd.fnal.gov//store/mc/Run3Summer22MiniAODv4/WWZ_4F_TuneCP5_13p6TeV_amcatnlo-pythia8/MINIAODSIM/130X_mcRun3_2022_realistic_v5-v2/50000/cb3e916f-23d9-4098-b22a-cb6794532fb8.root

------------------------------------
GenXsecAnalyzer:
------------------------------------
-------------------------------------------------------------------------------------------------------------------------------------------------------------------------- 
Overall cross-section summary 
--------------------------------------------------------------------------------------------------------------------------------------------------------------------------
Process		xsec_before [pb]		passed	nposw	nnegw	tried	nposw	nnegw 	xsec_match [pb]			accepted [%]	 event_eff [%]
0		1.851e-01 +/- 9.482e-05		1000156	954966	45190	1000156	954966	45190	1.851e-01 +/- 9.482e-05		100.0 +/- 0.0	100.0 +/- 0.0
-------------------------------------------------------------------------------------------------------------------------------------------------------------------------- 
Total		1.851e-01 +/- 9.482e-05		1000156	954966	45190	1000156	954966	45190	1.851e-01 +/- 9.482e-05		100.0 +/- 0.0	100.0 +/- 0.0
--------------------------------------------------------------------------------------------------------------------------------------------------------------------------
Before matching: total cross section = 1.851e-01 +- 9.482e-05 pb
After matching: total cross section = 1.851e-01 +- 9.482e-05 pb
Matching efficiency = 1.0 +/- 0.0   [TO BE USED IN MCM]
Filter efficiency (taking into account weights)= (185226) / (185226) = 1.000e+00 +- 0.000e+00
Filter efficiency (event-level)= (1.00016e+06) / (1.00016e+06) = 1.000e+00 +- 0.000e+00    [TO BE USED IN MCM]

After filter: final cross section = 1.851e-01 +- 9.482e-05 pb
After filter: final fraction of events with negative weights = 4.518e-02 +- 2.027e-06
After filter: final equivalent lumi for 1M events (1/fb) = 4.469e+03 +- 4.568e+00
