01-Feb-2025 18:20:36 CST  Closed file root://cmsxrootd.fnal.gov//store/mc/Run3Summer22MiniAODv4/WZZ_TuneCP5_13p6TeV_amcatnlo-pythia8/MINIAODSIM/130X_mcRun3_2022_realistic_v5-v2/50000/6e9b0b01-9f46-4a49-a0cb-d9f30df5c341.root

------------------------------------
GenXsecAnalyzer:
------------------------------------
-------------------------------------------------------------------------------------------------------------------------------------------------------------------------- 
Overall cross-section summary 
--------------------------------------------------------------------------------------------------------------------------------------------------------------------------
Process		xsec_before [pb]		passed	nposw	nnegw	tried	nposw	nnegw 	xsec_match [pb]			accepted [%]	 event_eff [%]
0		6.206e-02 +/- 3.689e-05		1000129	954534	45595	1000129	954534	45595	6.206e-02 +/- 3.689e-05		100.0 +/- 0.0	100.0 +/- 0.0
-------------------------------------------------------------------------------------------------------------------------------------------------------------------------- 
Total		6.206e-02 +/- 3.689e-05		1000129	954534	45595	1000129	954534	45595	6.206e-02 +/- 3.689e-05		100.0 +/- 0.0	100.0 +/- 0.0
--------------------------------------------------------------------------------------------------------------------------------------------------------------------------
Before matching: total cross section = 6.206e-02 +- 3.689e-05 pb
After matching: total cross section = 6.206e-02 +- 3.689e-05 pb
Matching efficiency = 1.0 +/- 0.0   [TO BE USED IN MCM]
Filter efficiency (taking into account weights)= (62059.7) / (62059.7) = 1.000e+00 +- 0.000e+00
Filter efficiency (event-level)= (1.00013e+06) / (1.00013e+06) = 1.000e+00 +- 0.000e+00    [TO BE USED IN MCM]

After filter: final cross section = 6.206e-02 +- 3.689e-05 pb
After filter: final fraction of events with negative weights = 4.559e-02 +- 2.044e-06
After filter: final equivalent lumi for 1M events (1/fb) = 1.331e+04 +- 1.407e+01
