01-Feb-2025 16:45:41 CST  Initiating request to open file root://cmsxrootd.fnal.gov//store/mc/Run3Summer22MiniAODv4/DYto2L-4Jets_MLL-50to120_HT-400to800_TuneCP5_13p6TeV_madgraphMLM-pythia8/MINIAODSIM/130X_mcRun3_2022_realistic_v5-v1/2550000/75848341-93fe-44dd-a227-ba1196135cbf.root
01-Feb-2025 16:45:45 CST  Successfully opened file root://cmsxrootd.fnal.gov//store/mc/Run3Summer22MiniAODv4/DYto2L-4Jets_MLL-50to120_HT-400to800_TuneCP5_13p6TeV_madgraphMLM-pythia8/MINIAODSIM/130X_mcRun3_2022_realistic_v5-v1/2550000/75848341-93fe-44dd-a227-ba1196135cbf.root
Begin processing the 1st record. Run 1, Event 994382, LumiSection 94 on stream 0 at 01-Feb-2025 16:45:47.427 CST
01-Feb-2025 16:45:48 CST  Closed file root://cmsxrootd.fnal.gov//store/mc/Run3Summer22MiniAODv4/DYto2L-4Jets_MLL-50to120_HT-400to800_TuneCP5_13p6TeV_madgraphMLM-pythia8/MINIAODSIM/130X_mcRun3_2022_realistic_v5-v1/2550000/75848341-93fe-44dd-a227-ba1196135cbf.root
01-Feb-2025 16:45:48 CST  Initiating request to open file root://cmsxrootd.fnal.gov//store/mc/Run3Summer22MiniAODv4/DYto2L-4Jets_MLL-50to120_HT-400to800_TuneCP5_13p6TeV_madgraphMLM-pythia8/MINIAODSIM/130X_mcRun3_2022_realistic_v5-v1/2550000/e953dbe1-355a-4f17-95e8-0c51c7ddc69d.root
01-Feb-2025 16:45:51 CST  Successfully opened file root://cmsxrootd.fnal.gov//store/mc/Run3Summer22MiniAODv4/DYto2L-4Jets_MLL-50to120_HT-400to800_TuneCP5_13p6TeV_madgraphMLM-pythia8/MINIAODSIM/130X_mcRun3_2022_realistic_v5-v1/2550000/e953dbe1-355a-4f17-95e8-0c51c7ddc69d.root
01-Feb-2025 16:45:54 CST  Closed file root://cmsxrootd.fnal.gov//store/mc/Run3Summer22MiniAODv4/DYto2L-4Jets_MLL-50to120_HT-400to800_TuneCP5_13p6TeV_madgraphMLM-pythia8/MINIAODSIM/130X_mcRun3_2022_realistic_v5-v1/2550000/e953dbe1-355a-4f17-95e8-0c51c7ddc69d.root
01-Feb-2025 16:45:54 CST  Initiating request to open file root://cmsxrootd.fnal.gov//store/mc/Run3Summer22MiniAODv4/DYto2L-4Jets_MLL-50to120_HT-400to800_TuneCP5_13p6TeV_madgraphMLM-pythia8/MINIAODSIM/130X_mcRun3_2022_realistic_v5-v1/2550000/1ba868c8-76f8-4a03-ab30-5d77f5ca52d8.root
[2025-02-01 16:46:33.062978 -0600][Error  ][AsyncSock         ] [xrootd-se37-vanderbilt.sites.opensciencegrid.org:1094.0] Socket error while handshaking: [ERROR] Socket timeout
[2025-02-01 16:46:33.063110 -0600][Error  ][PostMaster        ] [xrootd-se37-vanderbilt.sites.opensciencegrid.org:1094] elapsed = 45, pConnectionWindow = 31 seconds.
01-Feb-2025 16:46:34 CST  Successfully opened file root://cmsxrootd.fnal.gov//store/mc/Run3Summer22MiniAODv4/DYto2L-4Jets_MLL-50to120_HT-400to800_TuneCP5_13p6TeV_madgraphMLM-pythia8/MINIAODSIM/130X_mcRun3_2022_realistic_v5-v1/2550000/1ba868c8-76f8-4a03-ab30-5d77f5ca52d8.root
Begin processing the 100001st record. Run 1, Event 1642083, LumiSection 154 on stream 0 at 01-Feb-2025 16:46:36.692 CST
01-Feb-2025 16:46:36 CST  Closed file root://cmsxrootd.fnal.gov//store/mc/Run3Summer22MiniAODv4/DYto2L-4Jets_MLL-50to120_HT-400to800_TuneCP5_13p6TeV_madgraphMLM-pythia8/MINIAODSIM/130X_mcRun3_2022_realistic_v5-v1/2550000/1ba868c8-76f8-4a03-ab30-5d77f5ca52d8.root
01-Feb-2025 16:46:36 CST  Initiating request to open file root://cmsxrootd.fnal.gov//store/mc/Run3Summer22MiniAODv4/DYto2L-4Jets_MLL-50to120_HT-400to800_TuneCP5_13p6TeV_madgraphMLM-pythia8/MINIAODSIM/130X_mcRun3_2022_realistic_v5-v1/2550000/223d3177-9188-4840-a174-ad9e24aa80a6.root
01-Feb-2025 16:46:39 CST  Successfully opened file root://cmsxrootd.fnal.gov//store/mc/Run3Summer22MiniAODv4/DYto2L-4Jets_MLL-50to120_HT-400to800_TuneCP5_13p6TeV_madgraphMLM-pythia8/MINIAODSIM/130X_mcRun3_2022_realistic_v5-v1/2550000/223d3177-9188-4840-a174-ad9e24aa80a6.root
01-Feb-2025 16:46:41 CST  Closed file root://cmsxrootd.fnal.gov//store/mc/Run3Summer22MiniAODv4/DYto2L-4Jets_MLL-50to120_HT-400to800_TuneCP5_13p6TeV_madgraphMLM-pythia8/MINIAODSIM/130X_mcRun3_2022_realistic_v5-v1/2550000/223d3177-9188-4840-a174-ad9e24aa80a6.root
01-Feb-2025 16:46:41 CST  Initiating request to open file root://cmsxrootd.fnal.gov//store/mc/Run3Summer22MiniAODv4/DYto2L-4Jets_MLL-50to120_HT-400to800_TuneCP5_13p6TeV_madgraphMLM-pythia8/MINIAODSIM/130X_mcRun3_2022_realistic_v5-v1/2550000/7e11870c-60f3-4776-9688-9065ffc30e7c.root
01-Feb-2025 16:46:43 CST  Successfully opened file root://cmsxrootd.fnal.gov//store/mc/Run3Summer22MiniAODv4/DYto2L-4Jets_MLL-50to120_HT-400to800_TuneCP5_13p6TeV_madgraphMLM-pythia8/MINIAODSIM/130X_mcRun3_2022_realistic_v5-v1/2550000/7e11870c-60f3-4776-9688-9065ffc30e7c.root
01-Feb-2025 16:46:45 CST  Closed file root://cmsxrootd.fnal.gov//store/mc/Run3Summer22MiniAODv4/DYto2L-4Jets_MLL-50to120_HT-400to800_TuneCP5_13p6TeV_madgraphMLM-pythia8/MINIAODSIM/130X_mcRun3_2022_realistic_v5-v1/2550000/7e11870c-60f3-4776-9688-9065ffc30e7c.root
01-Feb-2025 16:46:45 CST  Initiating request to open file root://cmsxrootd.fnal.gov//store/mc/Run3Summer22MiniAODv4/DYto2L-4Jets_MLL-50to120_HT-400to800_TuneCP5_13p6TeV_madgraphMLM-pythia8/MINIAODSIM/130X_mcRun3_2022_realistic_v5-v1/2550000/69741926-04f1-4310-88e9-c7ef7dd76fd4.root
01-Feb-2025 16:46:48 CST  Successfully opened file root://cmsxrootd.fnal.gov//store/mc/Run3Summer22MiniAODv4/DYto2L-4Jets_MLL-50to120_HT-400to800_TuneCP5_13p6TeV_madgraphMLM-pythia8/MINIAODSIM/130X_mcRun3_2022_realistic_v5-v1/2550000/69741926-04f1-4310-88e9-c7ef7dd76fd4.root
Begin processing the 200001st record. Run 1, Event 2134921, LumiSection 200 on stream 0 at 01-Feb-2025 16:46:49.991 CST
01-Feb-2025 16:46:50 CST  Closed file root://cmsxrootd.fnal.gov//store/mc/Run3Summer22MiniAODv4/DYto2L-4Jets_MLL-50to120_HT-400to800_TuneCP5_13p6TeV_madgraphMLM-pythia8/MINIAODSIM/130X_mcRun3_2022_realistic_v5-v1/2550000/69741926-04f1-4310-88e9-c7ef7dd76fd4.root
01-Feb-2025 16:46:50 CST  Initiating request to open file root://cmsxrootd.fnal.gov//store/mc/Run3Summer22MiniAODv4/DYto2L-4Jets_MLL-50to120_HT-400to800_TuneCP5_13p6TeV_madgraphMLM-pythia8/MINIAODSIM/130X_mcRun3_2022_realistic_v5-v1/2550000/a72b19a5-f75b-4edd-9005-388c962c3382.root
01-Feb-2025 16:46:52 CST  Successfully opened file root://cmsxrootd.fnal.gov//store/mc/Run3Summer22MiniAODv4/DYto2L-4Jets_MLL-50to120_HT-400to800_TuneCP5_13p6TeV_madgraphMLM-pythia8/MINIAODSIM/130X_mcRun3_2022_realistic_v5-v1/2550000/a72b19a5-f75b-4edd-9005-388c962c3382.root
01-Feb-2025 16:46:54 CST  Closed file root://cmsxrootd.fnal.gov//store/mc/Run3Summer22MiniAODv4/DYto2L-4Jets_MLL-50to120_HT-400to800_TuneCP5_13p6TeV_madgraphMLM-pythia8/MINIAODSIM/130X_mcRun3_2022_realistic_v5-v1/2550000/a72b19a5-f75b-4edd-9005-388c962c3382.root
01-Feb-2025 16:46:54 CST  Initiating request to open file root://cmsxrootd.fnal.gov//store/mc/Run3Summer22MiniAODv4/DYto2L-4Jets_MLL-50to120_HT-400to800_TuneCP5_13p6TeV_madgraphMLM-pythia8/MINIAODSIM/130X_mcRun3_2022_realistic_v5-v1/2550000/24d518cc-dad4-42a4-bff3-c31a132028fe.root
01-Feb-2025 16:46:57 CST  Successfully opened file root://cmsxrootd.fnal.gov//store/mc/Run3Summer22MiniAODv4/DYto2L-4Jets_MLL-50to120_HT-400to800_TuneCP5_13p6TeV_madgraphMLM-pythia8/MINIAODSIM/130X_mcRun3_2022_realistic_v5-v1/2550000/24d518cc-dad4-42a4-bff3-c31a132028fe.root
01-Feb-2025 16:46:59 CST  Closed file root://cmsxrootd.fnal.gov//store/mc/Run3Summer22MiniAODv4/DYto2L-4Jets_MLL-50to120_HT-400to800_TuneCP5_13p6TeV_madgraphMLM-pythia8/MINIAODSIM/130X_mcRun3_2022_realistic_v5-v1/2550000/24d518cc-dad4-42a4-bff3-c31a132028fe.root
01-Feb-2025 16:46:59 CST  Initiating request to open file root://cmsxrootd.fnal.gov//store/mc/Run3Summer22MiniAODv4/DYto2L-4Jets_MLL-50to120_HT-400to800_TuneCP5_13p6TeV_madgraphMLM-pythia8/MINIAODSIM/130X_mcRun3_2022_realistic_v5-v1/2550000/d08abd73-c99d-485a-8005-8a3b7067a774.root
01-Feb-2025 16:47:01 CST  Successfully opened file root://cmsxrootd.fnal.gov//store/mc/Run3Summer22MiniAODv4/DYto2L-4Jets_MLL-50to120_HT-400to800_TuneCP5_13p6TeV_madgraphMLM-pythia8/MINIAODSIM/130X_mcRun3_2022_realistic_v5-v1/2550000/d08abd73-c99d-485a-8005-8a3b7067a774.root
Begin processing the 300001st record. Run 1, Event 4031081, LumiSection 378 on stream 0 at 01-Feb-2025 16:47:03.260 CST
01-Feb-2025 16:47:03 CST  Closed file root://cmsxrootd.fnal.gov//store/mc/Run3Summer22MiniAODv4/DYto2L-4Jets_MLL-50to120_HT-400to800_TuneCP5_13p6TeV_madgraphMLM-pythia8/MINIAODSIM/130X_mcRun3_2022_realistic_v5-v1/2550000/d08abd73-c99d-485a-8005-8a3b7067a774.root
01-Feb-2025 16:47:03 CST  Initiating request to open file root://cmsxrootd.fnal.gov//store/mc/Run3Summer22MiniAODv4/DYto2L-4Jets_MLL-50to120_HT-400to800_TuneCP5_13p6TeV_madgraphMLM-pythia8/MINIAODSIM/130X_mcRun3_2022_realistic_v5-v1/2550000/2e3d7b2b-7ff7-4a73-bc6e-e3415d7952c1.root
01-Feb-2025 16:47:07 CST  Successfully opened file root://cmsxrootd.fnal.gov//store/mc/Run3Summer22MiniAODv4/DYto2L-4Jets_MLL-50to120_HT-400to800_TuneCP5_13p6TeV_madgraphMLM-pythia8/MINIAODSIM/130X_mcRun3_2022_realistic_v5-v1/2550000/2e3d7b2b-7ff7-4a73-bc6e-e3415d7952c1.root
01-Feb-2025 16:47:10 CST  Closed file root://cmsxrootd.fnal.gov//store/mc/Run3Summer22MiniAODv4/DYto2L-4Jets_MLL-50to120_HT-400to800_TuneCP5_13p6TeV_madgraphMLM-pythia8/MINIAODSIM/130X_mcRun3_2022_realistic_v5-v1/2550000/2e3d7b2b-7ff7-4a73-bc6e-e3415d7952c1.root
01-Feb-2025 16:47:10 CST  Initiating request to open file root://cmsxrootd.fnal.gov//store/mc/Run3Summer22MiniAODv4/DYto2L-4Jets_MLL-50to120_HT-400to800_TuneCP5_13p6TeV_madgraphMLM-pythia8/MINIAODSIM/130X_mcRun3_2022_realistic_v5-v1/2550000/e9201c48-40fa-4123-a9b2-eeb04e050307.root
01-Feb-2025 16:47:12 CST  Successfully opened file root://cmsxrootd.fnal.gov//store/mc/Run3Summer22MiniAODv4/DYto2L-4Jets_MLL-50to120_HT-400to800_TuneCP5_13p6TeV_madgraphMLM-pythia8/MINIAODSIM/130X_mcRun3_2022_realistic_v5-v1/2550000/e9201c48-40fa-4123-a9b2-eeb04e050307.root
01-Feb-2025 16:47:14 CST  Closed file root://cmsxrootd.fnal.gov//store/mc/Run3Summer22MiniAODv4/DYto2L-4Jets_MLL-50to120_HT-400to800_TuneCP5_13p6TeV_madgraphMLM-pythia8/MINIAODSIM/130X_mcRun3_2022_realistic_v5-v1/2550000/e9201c48-40fa-4123-a9b2-eeb04e050307.root
01-Feb-2025 16:47:14 CST  Initiating request to open file root://cmsxrootd.fnal.gov//store/mc/Run3Summer22MiniAODv4/DYto2L-4Jets_MLL-50to120_HT-400to800_TuneCP5_13p6TeV_madgraphMLM-pythia8/MINIAODSIM/130X_mcRun3_2022_realistic_v5-v1/2550000/aeddf243-74b6-4eee-bb2e-fb93447bd084.root
01-Feb-2025 16:47:16 CST  Successfully opened file root://cmsxrootd.fnal.gov//store/mc/Run3Summer22MiniAODv4/DYto2L-4Jets_MLL-50to120_HT-400to800_TuneCP5_13p6TeV_madgraphMLM-pythia8/MINIAODSIM/130X_mcRun3_2022_realistic_v5-v1/2550000/aeddf243-74b6-4eee-bb2e-fb93447bd084.root
Begin processing the 400001st record. Run 1, Event 11757185, LumiSection 1100 on stream 0 at 01-Feb-2025 16:47:18.614 CST
01-Feb-2025 16:47:18 CST  Closed file root://cmsxrootd.fnal.gov//store/mc/Run3Summer22MiniAODv4/DYto2L-4Jets_MLL-50to120_HT-400to800_TuneCP5_13p6TeV_madgraphMLM-pythia8/MINIAODSIM/130X_mcRun3_2022_realistic_v5-v1/2550000/aeddf243-74b6-4eee-bb2e-fb93447bd084.root
01-Feb-2025 16:47:18 CST  Initiating request to open file root://cmsxrootd.fnal.gov//store/mc/Run3Summer22MiniAODv4/DYto2L-4Jets_MLL-50to120_HT-400to800_TuneCP5_13p6TeV_madgraphMLM-pythia8/MINIAODSIM/130X_mcRun3_2022_realistic_v5-v1/2550000/f623fcfe-ad54-44c2-9d0a-e247feb3498b.root
01-Feb-2025 16:47:21 CST  Successfully opened file root://cmsxrootd.fnal.gov//store/mc/Run3Summer22MiniAODv4/DYto2L-4Jets_MLL-50to120_HT-400to800_TuneCP5_13p6TeV_madgraphMLM-pythia8/MINIAODSIM/130X_mcRun3_2022_realistic_v5-v1/2550000/f623fcfe-ad54-44c2-9d0a-e247feb3498b.root
01-Feb-2025 16:47:24 CST  Closed file root://cmsxrootd.fnal.gov//store/mc/Run3Summer22MiniAODv4/DYto2L-4Jets_MLL-50to120_HT-400to800_TuneCP5_13p6TeV_madgraphMLM-pythia8/MINIAODSIM/130X_mcRun3_2022_realistic_v5-v1/2550000/f623fcfe-ad54-44c2-9d0a-e247feb3498b.root
01-Feb-2025 16:47:24 CST  Initiating request to open file root://cmsxrootd.fnal.gov//store/mc/Run3Summer22MiniAODv4/DYto2L-4Jets_MLL-50to120_HT-400to800_TuneCP5_13p6TeV_madgraphMLM-pythia8/MINIAODSIM/130X_mcRun3_2022_realistic_v5-v1/2550000/8f034804-33b0-4139-aa2f-d19b7a43c296.root
01-Feb-2025 16:47:26 CST  Successfully opened file root://cmsxrootd.fnal.gov//store/mc/Run3Summer22MiniAODv4/DYto2L-4Jets_MLL-50to120_HT-400to800_TuneCP5_13p6TeV_madgraphMLM-pythia8/MINIAODSIM/130X_mcRun3_2022_realistic_v5-v1/2550000/8f034804-33b0-4139-aa2f-d19b7a43c296.root
Begin processing the 500001st record. Run 1, Event 7806273, LumiSection 731 on stream 0 at 01-Feb-2025 16:47:29.006 CST
01-Feb-2025 16:47:29 CST  Closed file root://cmsxrootd.fnal.gov//store/mc/Run3Summer22MiniAODv4/DYto2L-4Jets_MLL-50to120_HT-400to800_TuneCP5_13p6TeV_madgraphMLM-pythia8/MINIAODSIM/130X_mcRun3_2022_realistic_v5-v1/2550000/8f034804-33b0-4139-aa2f-d19b7a43c296.root
01-Feb-2025 16:47:29 CST  Initiating request to open file root://cmsxrootd.fnal.gov//store/mc/Run3Summer22MiniAODv4/DYto2L-4Jets_MLL-50to120_HT-400to800_TuneCP5_13p6TeV_madgraphMLM-pythia8/MINIAODSIM/130X_mcRun3_2022_realistic_v5-v1/2550000/dd41cc15-e37c-4073-89ab-24dbd871e621.root
01-Feb-2025 16:47:31 CST  Successfully opened file root://cmsxrootd.fnal.gov//store/mc/Run3Summer22MiniAODv4/DYto2L-4Jets_MLL-50to120_HT-400to800_TuneCP5_13p6TeV_madgraphMLM-pythia8/MINIAODSIM/130X_mcRun3_2022_realistic_v5-v1/2550000/dd41cc15-e37c-4073-89ab-24dbd871e621.root
01-Feb-2025 16:47:34 CST  Closed file root://cmsxrootd.fnal.gov//store/mc/Run3Summer22MiniAODv4/DYto2L-4Jets_MLL-50to120_HT-400to800_TuneCP5_13p6TeV_madgraphMLM-pythia8/MINIAODSIM/130X_mcRun3_2022_realistic_v5-v1/2550000/dd41cc15-e37c-4073-89ab-24dbd871e621.root
01-Feb-2025 16:47:34 CST  Initiating request to open file root://cmsxrootd.fnal.gov//store/mc/Run3Summer22MiniAODv4/DYto2L-4Jets_MLL-50to120_HT-400to800_TuneCP5_13p6TeV_madgraphMLM-pythia8/MINIAODSIM/130X_mcRun3_2022_realistic_v5-v1/2550000/4027d2c9-6d78-41ab-b9c1-66454afb5735.root
01-Feb-2025 16:47:36 CST  Successfully opened file root://cmsxrootd.fnal.gov//store/mc/Run3Summer22MiniAODv4/DYto2L-4Jets_MLL-50to120_HT-400to800_TuneCP5_13p6TeV_madgraphMLM-pythia8/MINIAODSIM/130X_mcRun3_2022_realistic_v5-v1/2550000/4027d2c9-6d78-41ab-b9c1-66454afb5735.root
Begin processing the 600001st record. Run 1, Event 1479067, LumiSection 139 on stream 0 at 01-Feb-2025 16:47:39.239 CST
01-Feb-2025 16:47:39 CST  Closed file root://cmsxrootd.fnal.gov//store/mc/Run3Summer22MiniAODv4/DYto2L-4Jets_MLL-50to120_HT-400to800_TuneCP5_13p6TeV_madgraphMLM-pythia8/MINIAODSIM/130X_mcRun3_2022_realistic_v5-v1/2550000/4027d2c9-6d78-41ab-b9c1-66454afb5735.root
01-Feb-2025 16:47:39 CST  Initiating request to open file root://cmsxrootd.fnal.gov//store/mc/Run3Summer22MiniAODv4/DYto2L-4Jets_MLL-50to120_HT-400to800_TuneCP5_13p6TeV_madgraphMLM-pythia8/MINIAODSIM/130X_mcRun3_2022_realistic_v5-v1/2550000/dc261345-0ae4-4de2-94fc-e7017274c983.root
01-Feb-2025 16:47:41 CST  Successfully opened file root://cmsxrootd.fnal.gov//store/mc/Run3Summer22MiniAODv4/DYto2L-4Jets_MLL-50to120_HT-400to800_TuneCP5_13p6TeV_madgraphMLM-pythia8/MINIAODSIM/130X_mcRun3_2022_realistic_v5-v1/2550000/dc261345-0ae4-4de2-94fc-e7017274c983.root
01-Feb-2025 16:47:44 CST  Closed file root://cmsxrootd.fnal.gov//store/mc/Run3Summer22MiniAODv4/DYto2L-4Jets_MLL-50to120_HT-400to800_TuneCP5_13p6TeV_madgraphMLM-pythia8/MINIAODSIM/130X_mcRun3_2022_realistic_v5-v1/2550000/dc261345-0ae4-4de2-94fc-e7017274c983.root
01-Feb-2025 16:47:44 CST  Initiating request to open file root://cmsxrootd.fnal.gov//store/mc/Run3Summer22MiniAODv4/DYto2L-4Jets_MLL-50to120_HT-400to800_TuneCP5_13p6TeV_madgraphMLM-pythia8/MINIAODSIM/130X_mcRun3_2022_realistic_v5-v1/2550000/77caf863-fde1-4ace-bd04-bd45fefa14f2.root
01-Feb-2025 16:47:46 CST  Successfully opened file root://cmsxrootd.fnal.gov//store/mc/Run3Summer22MiniAODv4/DYto2L-4Jets_MLL-50to120_HT-400to800_TuneCP5_13p6TeV_madgraphMLM-pythia8/MINIAODSIM/130X_mcRun3_2022_realistic_v5-v1/2550000/77caf863-fde1-4ace-bd04-bd45fefa14f2.root
01-Feb-2025 16:47:49 CST  Closed file root://cmsxrootd.fnal.gov//store/mc/Run3Summer22MiniAODv4/DYto2L-4Jets_MLL-50to120_HT-400to800_TuneCP5_13p6TeV_madgraphMLM-pythia8/MINIAODSIM/130X_mcRun3_2022_realistic_v5-v1/2550000/77caf863-fde1-4ace-bd04-bd45fefa14f2.root
01-Feb-2025 16:47:49 CST  Initiating request to open file root://cmsxrootd.fnal.gov//store/mc/Run3Summer22MiniAODv4/DYto2L-4Jets_MLL-50to120_HT-400to800_TuneCP5_13p6TeV_madgraphMLM-pythia8/MINIAODSIM/130X_mcRun3_2022_realistic_v5-v1/2550000/037b8d7c-8b9e-4b64-a213-b0a80ff9bcd1.root
01-Feb-2025 16:47:51 CST  Successfully opened file root://cmsxrootd.fnal.gov//store/mc/Run3Summer22MiniAODv4/DYto2L-4Jets_MLL-50to120_HT-400to800_TuneCP5_13p6TeV_madgraphMLM-pythia8/MINIAODSIM/130X_mcRun3_2022_realistic_v5-v1/2550000/037b8d7c-8b9e-4b64-a213-b0a80ff9bcd1.root
Begin processing the 700001st record. Run 1, Event 71592, LumiSection 7 on stream 0 at 01-Feb-2025 16:47:53.523 CST
01-Feb-2025 16:47:54 CST  Closed file root://cmsxrootd.fnal.gov//store/mc/Run3Summer22MiniAODv4/DYto2L-4Jets_MLL-50to120_HT-400to800_TuneCP5_13p6TeV_madgraphMLM-pythia8/MINIAODSIM/130X_mcRun3_2022_realistic_v5-v1/2550000/037b8d7c-8b9e-4b64-a213-b0a80ff9bcd1.root
01-Feb-2025 16:47:54 CST  Initiating request to open file root://cmsxrootd.fnal.gov//store/mc/Run3Summer22MiniAODv4/DYto2L-4Jets_MLL-50to120_HT-400to800_TuneCP5_13p6TeV_madgraphMLM-pythia8/MINIAODSIM/130X_mcRun3_2022_realistic_v5-v1/2550000/9040e92d-4b7c-44aa-9619-642acf1e38d2.root
01-Feb-2025 16:47:56 CST  Successfully opened file root://cmsxrootd.fnal.gov//store/mc/Run3Summer22MiniAODv4/DYto2L-4Jets_MLL-50to120_HT-400to800_TuneCP5_13p6TeV_madgraphMLM-pythia8/MINIAODSIM/130X_mcRun3_2022_realistic_v5-v1/2550000/9040e92d-4b7c-44aa-9619-642acf1e38d2.root
01-Feb-2025 16:47:58 CST  Closed file root://cmsxrootd.fnal.gov//store/mc/Run3Summer22MiniAODv4/DYto2L-4Jets_MLL-50to120_HT-400to800_TuneCP5_13p6TeV_madgraphMLM-pythia8/MINIAODSIM/130X_mcRun3_2022_realistic_v5-v1/2550000/9040e92d-4b7c-44aa-9619-642acf1e38d2.root
01-Feb-2025 16:47:58 CST  Initiating request to open file root://cmsxrootd.fnal.gov//store/mc/Run3Summer22MiniAODv4/DYto2L-4Jets_MLL-50to120_HT-400to800_TuneCP5_13p6TeV_madgraphMLM-pythia8/MINIAODSIM/130X_mcRun3_2022_realistic_v5-v1/2550000/386eeb30-76c5-4de9-a9f0-986e5b243765.root
01-Feb-2025 16:48:00 CST  Successfully opened file root://cmsxrootd.fnal.gov//store/mc/Run3Summer22MiniAODv4/DYto2L-4Jets_MLL-50to120_HT-400to800_TuneCP5_13p6TeV_madgraphMLM-pythia8/MINIAODSIM/130X_mcRun3_2022_realistic_v5-v1/2550000/386eeb30-76c5-4de9-a9f0-986e5b243765.root
Begin processing the 800001st record. Run 1, Event 4941093, LumiSection 463 on stream 0 at 01-Feb-2025 16:48:02.720 CST
01-Feb-2025 16:48:03 CST  Closed file root://cmsxrootd.fnal.gov//store/mc/Run3Summer22MiniAODv4/DYto2L-4Jets_MLL-50to120_HT-400to800_TuneCP5_13p6TeV_madgraphMLM-pythia8/MINIAODSIM/130X_mcRun3_2022_realistic_v5-v1/2550000/386eeb30-76c5-4de9-a9f0-986e5b243765.root
01-Feb-2025 16:48:03 CST  Initiating request to open file root://cmsxrootd.fnal.gov//store/mc/Run3Summer22MiniAODv4/DYto2L-4Jets_MLL-50to120_HT-400to800_TuneCP5_13p6TeV_madgraphMLM-pythia8/MINIAODSIM/130X_mcRun3_2022_realistic_v5-v1/2550000/1ce56033-aace-42b6-b0ae-8880aab23944.root
01-Feb-2025 16:48:05 CST  Successfully opened file root://cmsxrootd.fnal.gov//store/mc/Run3Summer22MiniAODv4/DYto2L-4Jets_MLL-50to120_HT-400to800_TuneCP5_13p6TeV_madgraphMLM-pythia8/MINIAODSIM/130X_mcRun3_2022_realistic_v5-v1/2550000/1ce56033-aace-42b6-b0ae-8880aab23944.root
01-Feb-2025 16:48:06 CST  Closed file root://cmsxrootd.fnal.gov//store/mc/Run3Summer22MiniAODv4/DYto2L-4Jets_MLL-50to120_HT-400to800_TuneCP5_13p6TeV_madgraphMLM-pythia8/MINIAODSIM/130X_mcRun3_2022_realistic_v5-v1/2550000/1ce56033-aace-42b6-b0ae-8880aab23944.root
01-Feb-2025 16:48:06 CST  Initiating request to open file root://cmsxrootd.fnal.gov//store/mc/Run3Summer22MiniAODv4/DYto2L-4Jets_MLL-50to120_HT-400to800_TuneCP5_13p6TeV_madgraphMLM-pythia8/MINIAODSIM/130X_mcRun3_2022_realistic_v5-v1/2550000/64921994-c2c1-40ce-8833-795c4c2fddf5.root
01-Feb-2025 16:48:09 CST  Successfully opened file root://cmsxrootd.fnal.gov//store/mc/Run3Summer22MiniAODv4/DYto2L-4Jets_MLL-50to120_HT-400to800_TuneCP5_13p6TeV_madgraphMLM-pythia8/MINIAODSIM/130X_mcRun3_2022_realistic_v5-v1/2550000/64921994-c2c1-40ce-8833-795c4c2fddf5.root
01-Feb-2025 16:48:11 CST  Closed file root://cmsxrootd.fnal.gov//store/mc/Run3Summer22MiniAODv4/DYto2L-4Jets_MLL-50to120_HT-400to800_TuneCP5_13p6TeV_madgraphMLM-pythia8/MINIAODSIM/130X_mcRun3_2022_realistic_v5-v1/2550000/64921994-c2c1-40ce-8833-795c4c2fddf5.root
01-Feb-2025 16:48:11 CST  Initiating request to open file root://cmsxrootd.fnal.gov//store/mc/Run3Summer22MiniAODv4/DYto2L-4Jets_MLL-50to120_HT-400to800_TuneCP5_13p6TeV_madgraphMLM-pythia8/MINIAODSIM/130X_mcRun3_2022_realistic_v5-v1/2550000/763b95cc-909f-40c5-baf8-422a10b90fb2.root
01-Feb-2025 16:48:13 CST  Successfully opened file root://cmsxrootd.fnal.gov//store/mc/Run3Summer22MiniAODv4/DYto2L-4Jets_MLL-50to120_HT-400to800_TuneCP5_13p6TeV_madgraphMLM-pythia8/MINIAODSIM/130X_mcRun3_2022_realistic_v5-v1/2550000/763b95cc-909f-40c5-baf8-422a10b90fb2.root
01-Feb-2025 16:48:14 CST  Closed file root://cmsxrootd.fnal.gov//store/mc/Run3Summer22MiniAODv4/DYto2L-4Jets_MLL-50to120_HT-400to800_TuneCP5_13p6TeV_madgraphMLM-pythia8/MINIAODSIM/130X_mcRun3_2022_realistic_v5-v1/2550000/763b95cc-909f-40c5-baf8-422a10b90fb2.root
01-Feb-2025 16:48:14 CST  Initiating request to open file root://cmsxrootd.fnal.gov//store/mc/Run3Summer22MiniAODv4/DYto2L-4Jets_MLL-50to120_HT-400to800_TuneCP5_13p6TeV_madgraphMLM-pythia8/MINIAODSIM/130X_mcRun3_2022_realistic_v5-v1/2550000/2b0877bd-6fa8-49d2-8d6c-fa74cf74f9f2.root
01-Feb-2025 16:48:16 CST  Successfully opened file root://cmsxrootd.fnal.gov//store/mc/Run3Summer22MiniAODv4/DYto2L-4Jets_MLL-50to120_HT-400to800_TuneCP5_13p6TeV_madgraphMLM-pythia8/MINIAODSIM/130X_mcRun3_2022_realistic_v5-v1/2550000/2b0877bd-6fa8-49d2-8d6c-fa74cf74f9f2.root
01-Feb-2025 16:48:18 CST  Closed file root://cmsxrootd.fnal.gov//store/mc/Run3Summer22MiniAODv4/DYto2L-4Jets_MLL-50to120_HT-400to800_TuneCP5_13p6TeV_madgraphMLM-pythia8/MINIAODSIM/130X_mcRun3_2022_realistic_v5-v1/2550000/2b0877bd-6fa8-49d2-8d6c-fa74cf74f9f2.root
01-Feb-2025 16:48:18 CST  Initiating request to open file root://cmsxrootd.fnal.gov//store/mc/Run3Summer22MiniAODv4/DYto2L-4Jets_MLL-50to120_HT-400to800_TuneCP5_13p6TeV_madgraphMLM-pythia8/MINIAODSIM/130X_mcRun3_2022_realistic_v5-v1/2550000/ba2fee08-5c6b-434e-a6c9-69f26143ad72.root
01-Feb-2025 16:48:20 CST  Successfully opened file root://cmsxrootd.fnal.gov//store/mc/Run3Summer22MiniAODv4/DYto2L-4Jets_MLL-50to120_HT-400to800_TuneCP5_13p6TeV_madgraphMLM-pythia8/MINIAODSIM/130X_mcRun3_2022_realistic_v5-v1/2550000/ba2fee08-5c6b-434e-a6c9-69f26143ad72.root
01-Feb-2025 16:48:22 CST  Closed file root://cmsxrootd.fnal.gov//store/mc/Run3Summer22MiniAODv4/DYto2L-4Jets_MLL-50to120_HT-400to800_TuneCP5_13p6TeV_madgraphMLM-pythia8/MINIAODSIM/130X_mcRun3_2022_realistic_v5-v1/2550000/ba2fee08-5c6b-434e-a6c9-69f26143ad72.root
01-Feb-2025 16:48:22 CST  Initiating request to open file root://cmsxrootd.fnal.gov//store/mc/Run3Summer22MiniAODv4/DYto2L-4Jets_MLL-50to120_HT-400to800_TuneCP5_13p6TeV_madgraphMLM-pythia8/MINIAODSIM/130X_mcRun3_2022_realistic_v5-v1/2550000/24b7ffe1-0fea-4ad8-abfe-f4c0bf05d05f.root
01-Feb-2025 16:48:24 CST  Successfully opened file root://cmsxrootd.fnal.gov//store/mc/Run3Summer22MiniAODv4/DYto2L-4Jets_MLL-50to120_HT-400to800_TuneCP5_13p6TeV_madgraphMLM-pythia8/MINIAODSIM/130X_mcRun3_2022_realistic_v5-v1/2550000/24b7ffe1-0fea-4ad8-abfe-f4c0bf05d05f.root
01-Feb-2025 16:48:26 CST  Closed file root://cmsxrootd.fnal.gov//store/mc/Run3Summer22MiniAODv4/DYto2L-4Jets_MLL-50to120_HT-400to800_TuneCP5_13p6TeV_madgraphMLM-pythia8/MINIAODSIM/130X_mcRun3_2022_realistic_v5-v1/2550000/24b7ffe1-0fea-4ad8-abfe-f4c0bf05d05f.root
01-Feb-2025 16:48:26 CST  Initiating request to open file root://cmsxrootd.fnal.gov//store/mc/Run3Summer22MiniAODv4/DYto2L-4Jets_MLL-50to120_HT-400to800_TuneCP5_13p6TeV_madgraphMLM-pythia8/MINIAODSIM/130X_mcRun3_2022_realistic_v5-v1/2550000/2c13afe1-6501-4af6-9359-4c5dda7928c8.root
01-Feb-2025 16:48:29 CST  Successfully opened file root://cmsxrootd.fnal.gov//store/mc/Run3Summer22MiniAODv4/DYto2L-4Jets_MLL-50to120_HT-400to800_TuneCP5_13p6TeV_madgraphMLM-pythia8/MINIAODSIM/130X_mcRun3_2022_realistic_v5-v1/2550000/2c13afe1-6501-4af6-9359-4c5dda7928c8.root
01-Feb-2025 16:48:30 CST  Closed file root://cmsxrootd.fnal.gov//store/mc/Run3Summer22MiniAODv4/DYto2L-4Jets_MLL-50to120_HT-400to800_TuneCP5_13p6TeV_madgraphMLM-pythia8/MINIAODSIM/130X_mcRun3_2022_realistic_v5-v1/2550000/2c13afe1-6501-4af6-9359-4c5dda7928c8.root
01-Feb-2025 16:48:30 CST  Initiating request to open file root://cmsxrootd.fnal.gov//store/mc/Run3Summer22MiniAODv4/DYto2L-4Jets_MLL-50to120_HT-400to800_TuneCP5_13p6TeV_madgraphMLM-pythia8/MINIAODSIM/130X_mcRun3_2022_realistic_v5-v1/2550000/4b293c13-29e8-4cb3-95e8-a989dc4e0261.root
01-Feb-2025 16:48:33 CST  Successfully opened file root://cmsxrootd.fnal.gov//store/mc/Run3Summer22MiniAODv4/DYto2L-4Jets_MLL-50to120_HT-400to800_TuneCP5_13p6TeV_madgraphMLM-pythia8/MINIAODSIM/130X_mcRun3_2022_realistic_v5-v1/2550000/4b293c13-29e8-4cb3-95e8-a989dc4e0261.root
Begin processing the 900001st record. Run 1, Event 3242452, LumiSection 304 on stream 0 at 01-Feb-2025 16:48:34.272 CST
01-Feb-2025 16:48:34 CST  Closed file root://cmsxrootd.fnal.gov//store/mc/Run3Summer22MiniAODv4/DYto2L-4Jets_MLL-50to120_HT-400to800_TuneCP5_13p6TeV_madgraphMLM-pythia8/MINIAODSIM/130X_mcRun3_2022_realistic_v5-v1/2550000/4b293c13-29e8-4cb3-95e8-a989dc4e0261.root
01-Feb-2025 16:48:34 CST  Initiating request to open file root://cmsxrootd.fnal.gov//store/mc/Run3Summer22MiniAODv4/DYto2L-4Jets_MLL-50to120_HT-400to800_TuneCP5_13p6TeV_madgraphMLM-pythia8/MINIAODSIM/130X_mcRun3_2022_realistic_v5-v1/2550000/20acb8bf-1e6a-4a8d-b968-c3657b93cd43.root
01-Feb-2025 16:48:36 CST  Successfully opened file root://cmsxrootd.fnal.gov//store/mc/Run3Summer22MiniAODv4/DYto2L-4Jets_MLL-50to120_HT-400to800_TuneCP5_13p6TeV_madgraphMLM-pythia8/MINIAODSIM/130X_mcRun3_2022_realistic_v5-v1/2550000/20acb8bf-1e6a-4a8d-b968-c3657b93cd43.root
01-Feb-2025 16:48:38 CST  Closed file root://cmsxrootd.fnal.gov//store/mc/Run3Summer22MiniAODv4/DYto2L-4Jets_MLL-50to120_HT-400to800_TuneCP5_13p6TeV_madgraphMLM-pythia8/MINIAODSIM/130X_mcRun3_2022_realistic_v5-v1/2550000/20acb8bf-1e6a-4a8d-b968-c3657b93cd43.root
01-Feb-2025 16:48:38 CST  Initiating request to open file root://cmsxrootd.fnal.gov//store/mc/Run3Summer22MiniAODv4/DYto2L-4Jets_MLL-50to120_HT-400to800_TuneCP5_13p6TeV_madgraphMLM-pythia8/MINIAODSIM/130X_mcRun3_2022_realistic_v5-v1/2550000/515c8fc0-9df0-49b7-8d23-994c64617337.root
01-Feb-2025 16:48:40 CST  Successfully opened file root://cmsxrootd.fnal.gov//store/mc/Run3Summer22MiniAODv4/DYto2L-4Jets_MLL-50to120_HT-400to800_TuneCP5_13p6TeV_madgraphMLM-pythia8/MINIAODSIM/130X_mcRun3_2022_realistic_v5-v1/2550000/515c8fc0-9df0-49b7-8d23-994c64617337.root
01-Feb-2025 16:48:41 CST  Closed file root://cmsxrootd.fnal.gov//store/mc/Run3Summer22MiniAODv4/DYto2L-4Jets_MLL-50to120_HT-400to800_TuneCP5_13p6TeV_madgraphMLM-pythia8/MINIAODSIM/130X_mcRun3_2022_realistic_v5-v1/2550000/515c8fc0-9df0-49b7-8d23-994c64617337.root
01-Feb-2025 16:48:41 CST  Initiating request to open file root://cmsxrootd.fnal.gov//store/mc/Run3Summer22MiniAODv4/DYto2L-4Jets_MLL-50to120_HT-400to800_TuneCP5_13p6TeV_madgraphMLM-pythia8/MINIAODSIM/130X_mcRun3_2022_realistic_v5-v1/2550000/e317c761-3464-4386-8591-2bdc78cd26df.root
01-Feb-2025 16:48:44 CST  Successfully opened file root://cmsxrootd.fnal.gov//store/mc/Run3Summer22MiniAODv4/DYto2L-4Jets_MLL-50to120_HT-400to800_TuneCP5_13p6TeV_madgraphMLM-pythia8/MINIAODSIM/130X_mcRun3_2022_realistic_v5-v1/2550000/e317c761-3464-4386-8591-2bdc78cd26df.root
01-Feb-2025 16:48:45 CST  Closed file root://cmsxrootd.fnal.gov//store/mc/Run3Summer22MiniAODv4/DYto2L-4Jets_MLL-50to120_HT-400to800_TuneCP5_13p6TeV_madgraphMLM-pythia8/MINIAODSIM/130X_mcRun3_2022_realistic_v5-v1/2550000/e317c761-3464-4386-8591-2bdc78cd26df.root
01-Feb-2025 16:48:45 CST  Initiating request to open file root://cmsxrootd.fnal.gov//store/mc/Run3Summer22MiniAODv4/DYto2L-4Jets_MLL-50to120_HT-400to800_TuneCP5_13p6TeV_madgraphMLM-pythia8/MINIAODSIM/130X_mcRun3_2022_realistic_v5-v1/2550000/8dcc930c-0a27-48ce-8949-66764af17f28.root
01-Feb-2025 16:48:48 CST  Successfully opened file root://cmsxrootd.fnal.gov//store/mc/Run3Summer22MiniAODv4/DYto2L-4Jets_MLL-50to120_HT-400to800_TuneCP5_13p6TeV_madgraphMLM-pythia8/MINIAODSIM/130X_mcRun3_2022_realistic_v5-v1/2550000/8dcc930c-0a27-48ce-8949-66764af17f28.root
01-Feb-2025 16:48:49 CST  Closed file root://cmsxrootd.fnal.gov//store/mc/Run3Summer22MiniAODv4/DYto2L-4Jets_MLL-50to120_HT-400to800_TuneCP5_13p6TeV_madgraphMLM-pythia8/MINIAODSIM/130X_mcRun3_2022_realistic_v5-v1/2550000/8dcc930c-0a27-48ce-8949-66764af17f28.root
01-Feb-2025 16:48:49 CST  Initiating request to open file root://cmsxrootd.fnal.gov//store/mc/Run3Summer22MiniAODv4/DYto2L-4Jets_MLL-50to120_HT-400to800_TuneCP5_13p6TeV_madgraphMLM-pythia8/MINIAODSIM/130X_mcRun3_2022_realistic_v5-v1/2550000/aaa9a9f3-4430-4db6-802b-3ec68bcb7bf3.root
01-Feb-2025 16:48:52 CST  Successfully opened file root://cmsxrootd.fnal.gov//store/mc/Run3Summer22MiniAODv4/DYto2L-4Jets_MLL-50to120_HT-400to800_TuneCP5_13p6TeV_madgraphMLM-pythia8/MINIAODSIM/130X_mcRun3_2022_realistic_v5-v1/2550000/aaa9a9f3-4430-4db6-802b-3ec68bcb7bf3.root
01-Feb-2025 16:48:54 CST  Closed file root://cmsxrootd.fnal.gov//store/mc/Run3Summer22MiniAODv4/DYto2L-4Jets_MLL-50to120_HT-400to800_TuneCP5_13p6TeV_madgraphMLM-pythia8/MINIAODSIM/130X_mcRun3_2022_realistic_v5-v1/2550000/aaa9a9f3-4430-4db6-802b-3ec68bcb7bf3.root
01-Feb-2025 16:48:54 CST  Initiating request to open file root://cmsxrootd.fnal.gov//store/mc/Run3Summer22MiniAODv4/DYto2L-4Jets_MLL-50to120_HT-400to800_TuneCP5_13p6TeV_madgraphMLM-pythia8/MINIAODSIM/130X_mcRun3_2022_realistic_v5-v1/2550000/55318051-ebc2-41bc-8907-0eeb077c64e5.root
01-Feb-2025 16:48:56 CST  Successfully opened file root://cmsxrootd.fnal.gov//store/mc/Run3Summer22MiniAODv4/DYto2L-4Jets_MLL-50to120_HT-400to800_TuneCP5_13p6TeV_madgraphMLM-pythia8/MINIAODSIM/130X_mcRun3_2022_realistic_v5-v1/2550000/55318051-ebc2-41bc-8907-0eeb077c64e5.root
     44.623100      0.139343     72.310630             3
     21.211300      0.098917     72.310630             2
      5.412580      0.056931     72.310630             1
      0.292073      0.005053     72.310630             0
 
01-Feb-2025 16:48:58 CST  Closed file root://cmsxrootd.fnal.gov//store/mc/Run3Summer22MiniAODv4/DYto2L-4Jets_MLL-50to120_HT-400to800_TuneCP5_13p6TeV_madgraphMLM-pythia8/MINIAODSIM/130X_mcRun3_2022_realistic_v5-v1/2550000/55318051-ebc2-41bc-8907-0eeb077c64e5.root

------------------------------------
GenXsecAnalyzer:
------------------------------------
-------------------------------------------------------------------------------------------------------------------------------------------------------------------------- 
Overall cross-section summary 
--------------------------------------------------------------------------------------------------------------------------------------------------------------------------
Process		xsec_before [pb]		passed	nposw	nnegw	tried	nposw	nnegw 	xsec_match [pb]			accepted [%]	 event_eff [%]
0		2.915e-01 +/- 1.142e-04		5161	5161	0	42057	42057	0	3.577e-02 +/- 4.665e-04		12.3 +/- 0.2	12.3 +/- 0.2
1		5.397e+00 +/- 1.262e-03		82768	82768	0	770721	770721	0	5.796e-01 +/- 1.908e-03		10.7 +/- 0.0	10.7 +/- 0.0
2		2.099e+01 +/- 2.252e-03		193567	193567	0	3095289	3095289	0	1.313e+00 +/- 2.893e-03		6.3 +/- 0.0	6.3 +/- 0.0
3		4.487e+01 +/- 3.107e-03		718616	718616	0	6709740	6709740	0	4.806e+00 +/- 5.367e-03		10.7 +/- 0.0	10.7 +/- 0.0
-------------------------------------------------------------------------------------------------------------------------------------------------------------------------- 
Total		7.155e+01 +/- 4.042e-03		1000112	1000112	0	10617807	10617807	0	6.740e+00 +/- 6.425e-03		9.4 +/- 0.0	9.4 +/- 0.0
--------------------------------------------------------------------------------------------------------------------------------------------------------------------------
Before matching: total cross section = 7.155e+01 +- 4.042e-03 pb
After matching: total cross section = 6.740e+00 +- 6.425e-03 pb
Matching efficiency = 0.1 +/- 0.0   [TO BE USED IN MCM]
Filter efficiency (taking into account weights)= (7.15648e+07) / (7.15648e+07) = 1.000e+00 +- 0.000e+00
Filter efficiency (event-level)= (1.00011e+06) / (1.00011e+06) = 1.000e+00 +- 0.000e+00    [TO BE USED IN MCM]

After filter: final cross section = 6.740e+00 +- 6.425e-03 pb
After filter: final fraction of events with negative weights = 0.000e+00 +- 0.000e+00
After filter: final equivalent lumi for 1M events (1/fb) = 1.484e+02 +- 2.050e-01
