01-Feb-2025 15:57:34 CST  Initiating request to open file root://cmsxrootd.fnal.gov//store/mc/Run3Summer22MiniAODv4/DYto2L-4Jets_MLL-120_HT-100to400_TuneCP5_13p6TeV_madgraphMLM-pythia8/MINIAODSIM/130X_mcRun3_2022_realistic_v5-v2/130000/2078a5c3-89c1-4694-9e74-d5e7ad85dc3f.root
01-Feb-2025 15:57:37 CST  Successfully opened file root://cmsxrootd.fnal.gov//store/mc/Run3Summer22MiniAODv4/DYto2L-4Jets_MLL-120_HT-100to400_TuneCP5_13p6TeV_madgraphMLM-pythia8/MINIAODSIM/130X_mcRun3_2022_realistic_v5-v2/130000/2078a5c3-89c1-4694-9e74-d5e7ad85dc3f.root
Begin processing the 1st record. Run 1, Event 12275125, LumiSection 2230 on stream 0 at 01-Feb-2025 15:57:39.777 CST
01-Feb-2025 15:57:40 CST  Closed file root://cmsxrootd.fnal.gov//store/mc/Run3Summer22MiniAODv4/DYto2L-4Jets_MLL-120_HT-100to400_TuneCP5_13p6TeV_madgraphMLM-pythia8/MINIAODSIM/130X_mcRun3_2022_realistic_v5-v2/130000/2078a5c3-89c1-4694-9e74-d5e7ad85dc3f.root
01-Feb-2025 15:57:40 CST  Initiating request to open file root://cmsxrootd.fnal.gov//store/mc/Run3Summer22MiniAODv4/DYto2L-4Jets_MLL-120_HT-100to400_TuneCP5_13p6TeV_madgraphMLM-pythia8/MINIAODSIM/130X_mcRun3_2022_realistic_v5-v2/130000/0c38225f-847e-48b8-810a-3bc3df93ec0a.root
01-Feb-2025 15:57:41 CST  Successfully opened file root://cmsxrootd.fnal.gov//store/mc/Run3Summer22MiniAODv4/DYto2L-4Jets_MLL-120_HT-100to400_TuneCP5_13p6TeV_madgraphMLM-pythia8/MINIAODSIM/130X_mcRun3_2022_realistic_v5-v2/130000/0c38225f-847e-48b8-810a-3bc3df93ec0a.root
01-Feb-2025 15:57:43 CST  Closed file root://cmsxrootd.fnal.gov//store/mc/Run3Summer22MiniAODv4/DYto2L-4Jets_MLL-120_HT-100to400_TuneCP5_13p6TeV_madgraphMLM-pythia8/MINIAODSIM/130X_mcRun3_2022_realistic_v5-v2/130000/0c38225f-847e-48b8-810a-3bc3df93ec0a.root
01-Feb-2025 15:57:43 CST  Initiating request to open file root://cmsxrootd.fnal.gov//store/mc/Run3Summer22MiniAODv4/DYto2L-4Jets_MLL-120_HT-100to400_TuneCP5_13p6TeV_madgraphMLM-pythia8/MINIAODSIM/130X_mcRun3_2022_realistic_v5-v2/130000/41b5fd17-5974-490e-9179-b6f889607d8c.root
01-Feb-2025 15:57:45 CST  Successfully opened file root://cmsxrootd.fnal.gov//store/mc/Run3Summer22MiniAODv4/DYto2L-4Jets_MLL-120_HT-100to400_TuneCP5_13p6TeV_madgraphMLM-pythia8/MINIAODSIM/130X_mcRun3_2022_realistic_v5-v2/130000/41b5fd17-5974-490e-9179-b6f889607d8c.root
Begin processing the 100001st record. Run 1, Event 10719787, LumiSection 1947 on stream 0 at 01-Feb-2025 15:57:47.863 CST
01-Feb-2025 15:57:48 CST  Closed file root://cmsxrootd.fnal.gov//store/mc/Run3Summer22MiniAODv4/DYto2L-4Jets_MLL-120_HT-100to400_TuneCP5_13p6TeV_madgraphMLM-pythia8/MINIAODSIM/130X_mcRun3_2022_realistic_v5-v2/130000/41b5fd17-5974-490e-9179-b6f889607d8c.root
01-Feb-2025 15:57:48 CST  Initiating request to open file root://cmsxrootd.fnal.gov//store/mc/Run3Summer22MiniAODv4/DYto2L-4Jets_MLL-120_HT-100to400_TuneCP5_13p6TeV_madgraphMLM-pythia8/MINIAODSIM/130X_mcRun3_2022_realistic_v5-v2/130000/e0a5379c-dfeb-4803-97e3-01f60a5a9bba.root
01-Feb-2025 15:57:49 CST  Successfully opened file root://cmsxrootd.fnal.gov//store/mc/Run3Summer22MiniAODv4/DYto2L-4Jets_MLL-120_HT-100to400_TuneCP5_13p6TeV_madgraphMLM-pythia8/MINIAODSIM/130X_mcRun3_2022_realistic_v5-v2/130000/e0a5379c-dfeb-4803-97e3-01f60a5a9bba.root
01-Feb-2025 15:57:51 CST  Closed file root://cmsxrootd.fnal.gov//store/mc/Run3Summer22MiniAODv4/DYto2L-4Jets_MLL-120_HT-100to400_TuneCP5_13p6TeV_madgraphMLM-pythia8/MINIAODSIM/130X_mcRun3_2022_realistic_v5-v2/130000/e0a5379c-dfeb-4803-97e3-01f60a5a9bba.root
01-Feb-2025 15:57:51 CST  Initiating request to open file root://cmsxrootd.fnal.gov//store/mc/Run3Summer22MiniAODv4/DYto2L-4Jets_MLL-120_HT-100to400_TuneCP5_13p6TeV_madgraphMLM-pythia8/MINIAODSIM/130X_mcRun3_2022_realistic_v5-v2/130000/0a4ddf67-4746-4df0-981b-2fe85a302261.root
01-Feb-2025 15:57:52 CST  Successfully opened file root://cmsxrootd.fnal.gov//store/mc/Run3Summer22MiniAODv4/DYto2L-4Jets_MLL-120_HT-100to400_TuneCP5_13p6TeV_madgraphMLM-pythia8/MINIAODSIM/130X_mcRun3_2022_realistic_v5-v2/130000/0a4ddf67-4746-4df0-981b-2fe85a302261.root
Begin processing the 200001st record. Run 1, Event 12090237, LumiSection 2196 on stream 0 at 01-Feb-2025 15:57:56.221 CST
01-Feb-2025 15:57:56 CST  Closed file root://cmsxrootd.fnal.gov//store/mc/Run3Summer22MiniAODv4/DYto2L-4Jets_MLL-120_HT-100to400_TuneCP5_13p6TeV_madgraphMLM-pythia8/MINIAODSIM/130X_mcRun3_2022_realistic_v5-v2/130000/0a4ddf67-4746-4df0-981b-2fe85a302261.root
01-Feb-2025 15:57:56 CST  Initiating request to open file root://cmsxrootd.fnal.gov//store/mc/Run3Summer22MiniAODv4/DYto2L-4Jets_MLL-120_HT-100to400_TuneCP5_13p6TeV_madgraphMLM-pythia8/MINIAODSIM/130X_mcRun3_2022_realistic_v5-v2/130000/1ccfacb0-26dc-4b6b-a063-670e0de3692b.root
01-Feb-2025 15:57:57 CST  Successfully opened file root://cmsxrootd.fnal.gov//store/mc/Run3Summer22MiniAODv4/DYto2L-4Jets_MLL-120_HT-100to400_TuneCP5_13p6TeV_madgraphMLM-pythia8/MINIAODSIM/130X_mcRun3_2022_realistic_v5-v2/130000/1ccfacb0-26dc-4b6b-a063-670e0de3692b.root
01-Feb-2025 15:58:04 CST  Closed file root://cmsxrootd.fnal.gov//store/mc/Run3Summer22MiniAODv4/DYto2L-4Jets_MLL-120_HT-100to400_TuneCP5_13p6TeV_madgraphMLM-pythia8/MINIAODSIM/130X_mcRun3_2022_realistic_v5-v2/130000/1ccfacb0-26dc-4b6b-a063-670e0de3692b.root
01-Feb-2025 15:58:04 CST  Initiating request to open file root://cmsxrootd.fnal.gov//store/mc/Run3Summer22MiniAODv4/DYto2L-4Jets_MLL-120_HT-100to400_TuneCP5_13p6TeV_madgraphMLM-pythia8/MINIAODSIM/130X_mcRun3_2022_realistic_v5-v2/130000/7d2d19ff-c941-4265-8f15-22eb690649cc.root
01-Feb-2025 15:58:06 CST  Successfully opened file root://cmsxrootd.fnal.gov//store/mc/Run3Summer22MiniAODv4/DYto2L-4Jets_MLL-120_HT-100to400_TuneCP5_13p6TeV_madgraphMLM-pythia8/MINIAODSIM/130X_mcRun3_2022_realistic_v5-v2/130000/7d2d19ff-c941-4265-8f15-22eb690649cc.root
Begin processing the 300001st record. Run 1, Event 14829785, LumiSection 2693 on stream 0 at 01-Feb-2025 15:58:10.243 CST
01-Feb-2025 15:58:10 CST  Closed file root://cmsxrootd.fnal.gov//store/mc/Run3Summer22MiniAODv4/DYto2L-4Jets_MLL-120_HT-100to400_TuneCP5_13p6TeV_madgraphMLM-pythia8/MINIAODSIM/130X_mcRun3_2022_realistic_v5-v2/130000/7d2d19ff-c941-4265-8f15-22eb690649cc.root
01-Feb-2025 15:58:10 CST  Initiating request to open file root://cmsxrootd.fnal.gov//store/mc/Run3Summer22MiniAODv4/DYto2L-4Jets_MLL-120_HT-100to400_TuneCP5_13p6TeV_madgraphMLM-pythia8/MINIAODSIM/130X_mcRun3_2022_realistic_v5-v2/130000/52bad44d-79af-41dc-96e6-0230b389cd84.root
01-Feb-2025 15:58:11 CST  Successfully opened file root://cmsxrootd.fnal.gov//store/mc/Run3Summer22MiniAODv4/DYto2L-4Jets_MLL-120_HT-100to400_TuneCP5_13p6TeV_madgraphMLM-pythia8/MINIAODSIM/130X_mcRun3_2022_realistic_v5-v2/130000/52bad44d-79af-41dc-96e6-0230b389cd84.root
01-Feb-2025 15:58:14 CST  Closed file root://cmsxrootd.fnal.gov//store/mc/Run3Summer22MiniAODv4/DYto2L-4Jets_MLL-120_HT-100to400_TuneCP5_13p6TeV_madgraphMLM-pythia8/MINIAODSIM/130X_mcRun3_2022_realistic_v5-v2/130000/52bad44d-79af-41dc-96e6-0230b389cd84.root
01-Feb-2025 15:58:14 CST  Initiating request to open file root://cmsxrootd.fnal.gov//store/mc/Run3Summer22MiniAODv4/DYto2L-4Jets_MLL-120_HT-100to400_TuneCP5_13p6TeV_madgraphMLM-pythia8/MINIAODSIM/130X_mcRun3_2022_realistic_v5-v2/130000/1afa4855-2751-41bc-93e2-4ee2eabddda8.root
01-Feb-2025 15:58:15 CST  Successfully opened file root://cmsxrootd.fnal.gov//store/mc/Run3Summer22MiniAODv4/DYto2L-4Jets_MLL-120_HT-100to400_TuneCP5_13p6TeV_madgraphMLM-pythia8/MINIAODSIM/130X_mcRun3_2022_realistic_v5-v2/130000/1afa4855-2751-41bc-93e2-4ee2eabddda8.root
01-Feb-2025 15:58:18 CST  Closed file root://cmsxrootd.fnal.gov//store/mc/Run3Summer22MiniAODv4/DYto2L-4Jets_MLL-120_HT-100to400_TuneCP5_13p6TeV_madgraphMLM-pythia8/MINIAODSIM/130X_mcRun3_2022_realistic_v5-v2/130000/1afa4855-2751-41bc-93e2-4ee2eabddda8.root
01-Feb-2025 15:58:18 CST  Initiating request to open file root://cmsxrootd.fnal.gov//store/mc/Run3Summer22MiniAODv4/DYto2L-4Jets_MLL-120_HT-100to400_TuneCP5_13p6TeV_madgraphMLM-pythia8/MINIAODSIM/130X_mcRun3_2022_realistic_v5-v2/130000/6d01ddf5-01f8-4c8a-8f53-9913ef861c08.root
01-Feb-2025 15:58:19 CST  Successfully opened file root://cmsxrootd.fnal.gov//store/mc/Run3Summer22MiniAODv4/DYto2L-4Jets_MLL-120_HT-100to400_TuneCP5_13p6TeV_madgraphMLM-pythia8/MINIAODSIM/130X_mcRun3_2022_realistic_v5-v2/130000/6d01ddf5-01f8-4c8a-8f53-9913ef861c08.root
Begin processing the 400001st record. Run 1, Event 107939, LumiSection 20 on stream 0 at 01-Feb-2025 15:58:22.037 CST
01-Feb-2025 15:58:22 CST  Closed file root://cmsxrootd.fnal.gov//store/mc/Run3Summer22MiniAODv4/DYto2L-4Jets_MLL-120_HT-100to400_TuneCP5_13p6TeV_madgraphMLM-pythia8/MINIAODSIM/130X_mcRun3_2022_realistic_v5-v2/130000/6d01ddf5-01f8-4c8a-8f53-9913ef861c08.root
01-Feb-2025 15:58:22 CST  Initiating request to open file root://cmsxrootd.fnal.gov//store/mc/Run3Summer22MiniAODv4/DYto2L-4Jets_MLL-120_HT-100to400_TuneCP5_13p6TeV_madgraphMLM-pythia8/MINIAODSIM/130X_mcRun3_2022_realistic_v5-v2/130000/1afb2fa7-9f97-44df-8aec-beda4161de87.root
01-Feb-2025 15:58:23 CST  Successfully opened file root://cmsxrootd.fnal.gov//store/mc/Run3Summer22MiniAODv4/DYto2L-4Jets_MLL-120_HT-100to400_TuneCP5_13p6TeV_madgraphMLM-pythia8/MINIAODSIM/130X_mcRun3_2022_realistic_v5-v2/130000/1afb2fa7-9f97-44df-8aec-beda4161de87.root
01-Feb-2025 15:58:26 CST  Closed file root://cmsxrootd.fnal.gov//store/mc/Run3Summer22MiniAODv4/DYto2L-4Jets_MLL-120_HT-100to400_TuneCP5_13p6TeV_madgraphMLM-pythia8/MINIAODSIM/130X_mcRun3_2022_realistic_v5-v2/130000/1afb2fa7-9f97-44df-8aec-beda4161de87.root
01-Feb-2025 15:58:26 CST  Initiating request to open file root://cmsxrootd.fnal.gov//store/mc/Run3Summer22MiniAODv4/DYto2L-4Jets_MLL-120_HT-100to400_TuneCP5_13p6TeV_madgraphMLM-pythia8/MINIAODSIM/130X_mcRun3_2022_realistic_v5-v2/130000/5832ec58-af02-493b-b042-6f1c452243f5.root
01-Feb-2025 15:58:27 CST  Successfully opened file root://cmsxrootd.fnal.gov//store/mc/Run3Summer22MiniAODv4/DYto2L-4Jets_MLL-120_HT-100to400_TuneCP5_13p6TeV_madgraphMLM-pythia8/MINIAODSIM/130X_mcRun3_2022_realistic_v5-v2/130000/5832ec58-af02-493b-b042-6f1c452243f5.root
Begin processing the 500001st record. Run 1, Event 15700916, LumiSection 2852 on stream 0 at 01-Feb-2025 15:58:29.630 CST
01-Feb-2025 15:58:30 CST  Closed file root://cmsxrootd.fnal.gov//store/mc/Run3Summer22MiniAODv4/DYto2L-4Jets_MLL-120_HT-100to400_TuneCP5_13p6TeV_madgraphMLM-pythia8/MINIAODSIM/130X_mcRun3_2022_realistic_v5-v2/130000/5832ec58-af02-493b-b042-6f1c452243f5.root
01-Feb-2025 15:58:30 CST  Initiating request to open file root://cmsxrootd.fnal.gov//store/mc/Run3Summer22MiniAODv4/DYto2L-4Jets_MLL-120_HT-100to400_TuneCP5_13p6TeV_madgraphMLM-pythia8/MINIAODSIM/130X_mcRun3_2022_realistic_v5-v2/130000/ef070861-150a-43f5-abef-1b4c7efbd3c9.root
01-Feb-2025 15:58:31 CST  Successfully opened file root://cmsxrootd.fnal.gov//store/mc/Run3Summer22MiniAODv4/DYto2L-4Jets_MLL-120_HT-100to400_TuneCP5_13p6TeV_madgraphMLM-pythia8/MINIAODSIM/130X_mcRun3_2022_realistic_v5-v2/130000/ef070861-150a-43f5-abef-1b4c7efbd3c9.root
01-Feb-2025 15:58:34 CST  Closed file root://cmsxrootd.fnal.gov//store/mc/Run3Summer22MiniAODv4/DYto2L-4Jets_MLL-120_HT-100to400_TuneCP5_13p6TeV_madgraphMLM-pythia8/MINIAODSIM/130X_mcRun3_2022_realistic_v5-v2/130000/ef070861-150a-43f5-abef-1b4c7efbd3c9.root
01-Feb-2025 15:58:34 CST  Initiating request to open file root://cmsxrootd.fnal.gov//store/mc/Run3Summer22MiniAODv4/DYto2L-4Jets_MLL-120_HT-100to400_TuneCP5_13p6TeV_madgraphMLM-pythia8/MINIAODSIM/130X_mcRun3_2022_realistic_v5-v2/130000/a00ac8c4-7f60-4aca-8200-ad19930934c1.root
01-Feb-2025 15:58:35 CST  Successfully opened file root://cmsxrootd.fnal.gov//store/mc/Run3Summer22MiniAODv4/DYto2L-4Jets_MLL-120_HT-100to400_TuneCP5_13p6TeV_madgraphMLM-pythia8/MINIAODSIM/130X_mcRun3_2022_realistic_v5-v2/130000/a00ac8c4-7f60-4aca-8200-ad19930934c1.root
Begin processing the 600001st record. Run 1, Event 7275512, LumiSection 1322 on stream 0 at 01-Feb-2025 15:58:37.917 CST
01-Feb-2025 15:58:38 CST  Closed file root://cmsxrootd.fnal.gov//store/mc/Run3Summer22MiniAODv4/DYto2L-4Jets_MLL-120_HT-100to400_TuneCP5_13p6TeV_madgraphMLM-pythia8/MINIAODSIM/130X_mcRun3_2022_realistic_v5-v2/130000/a00ac8c4-7f60-4aca-8200-ad19930934c1.root
01-Feb-2025 15:58:38 CST  Initiating request to open file root://cmsxrootd.fnal.gov//store/mc/Run3Summer22MiniAODv4/DYto2L-4Jets_MLL-120_HT-100to400_TuneCP5_13p6TeV_madgraphMLM-pythia8/MINIAODSIM/130X_mcRun3_2022_realistic_v5-v2/130000/20e1644e-b818-4276-b575-59b443a3b57d.root
01-Feb-2025 15:58:39 CST  Successfully opened file root://cmsxrootd.fnal.gov//store/mc/Run3Summer22MiniAODv4/DYto2L-4Jets_MLL-120_HT-100to400_TuneCP5_13p6TeV_madgraphMLM-pythia8/MINIAODSIM/130X_mcRun3_2022_realistic_v5-v2/130000/20e1644e-b818-4276-b575-59b443a3b57d.root
01-Feb-2025 15:58:42 CST  Closed file root://cmsxrootd.fnal.gov//store/mc/Run3Summer22MiniAODv4/DYto2L-4Jets_MLL-120_HT-100to400_TuneCP5_13p6TeV_madgraphMLM-pythia8/MINIAODSIM/130X_mcRun3_2022_realistic_v5-v2/130000/20e1644e-b818-4276-b575-59b443a3b57d.root
01-Feb-2025 15:58:42 CST  Initiating request to open file root://cmsxrootd.fnal.gov//store/mc/Run3Summer22MiniAODv4/DYto2L-4Jets_MLL-120_HT-100to400_TuneCP5_13p6TeV_madgraphMLM-pythia8/MINIAODSIM/130X_mcRun3_2022_realistic_v5-v2/130000/b3927b1b-a67e-4422-b801-6a0713187a78.root
01-Feb-2025 15:58:43 CST  Successfully opened file root://cmsxrootd.fnal.gov//store/mc/Run3Summer22MiniAODv4/DYto2L-4Jets_MLL-120_HT-100to400_TuneCP5_13p6TeV_madgraphMLM-pythia8/MINIAODSIM/130X_mcRun3_2022_realistic_v5-v2/130000/b3927b1b-a67e-4422-b801-6a0713187a78.root
Begin processing the 700001st record. Run 1, Event 8220540, LumiSection 1493 on stream 0 at 01-Feb-2025 15:58:46.681 CST
01-Feb-2025 15:58:46 CST  Closed file root://cmsxrootd.fnal.gov//store/mc/Run3Summer22MiniAODv4/DYto2L-4Jets_MLL-120_HT-100to400_TuneCP5_13p6TeV_madgraphMLM-pythia8/MINIAODSIM/130X_mcRun3_2022_realistic_v5-v2/130000/b3927b1b-a67e-4422-b801-6a0713187a78.root
01-Feb-2025 15:58:46 CST  Initiating request to open file root://cmsxrootd.fnal.gov//store/mc/Run3Summer22MiniAODv4/DYto2L-4Jets_MLL-120_HT-100to400_TuneCP5_13p6TeV_madgraphMLM-pythia8/MINIAODSIM/130X_mcRun3_2022_realistic_v5-v2/130000/7ab9df4e-45af-4760-97c0-9d0e98c39f96.root
01-Feb-2025 15:58:48 CST  Successfully opened file root://cmsxrootd.fnal.gov//store/mc/Run3Summer22MiniAODv4/DYto2L-4Jets_MLL-120_HT-100to400_TuneCP5_13p6TeV_madgraphMLM-pythia8/MINIAODSIM/130X_mcRun3_2022_realistic_v5-v2/130000/7ab9df4e-45af-4760-97c0-9d0e98c39f96.root
01-Feb-2025 15:58:51 CST  Closed file root://cmsxrootd.fnal.gov//store/mc/Run3Summer22MiniAODv4/DYto2L-4Jets_MLL-120_HT-100to400_TuneCP5_13p6TeV_madgraphMLM-pythia8/MINIAODSIM/130X_mcRun3_2022_realistic_v5-v2/130000/7ab9df4e-45af-4760-97c0-9d0e98c39f96.root
01-Feb-2025 15:58:51 CST  Initiating request to open file root://cmsxrootd.fnal.gov//store/mc/Run3Summer22MiniAODv4/DYto2L-4Jets_MLL-120_HT-100to400_TuneCP5_13p6TeV_madgraphMLM-pythia8/MINIAODSIM/130X_mcRun3_2022_realistic_v5-v2/130000/2dcec4b6-4001-4ee8-91e6-617eacdaed92.root
01-Feb-2025 15:58:52 CST  Successfully opened file root://cmsxrootd.fnal.gov//store/mc/Run3Summer22MiniAODv4/DYto2L-4Jets_MLL-120_HT-100to400_TuneCP5_13p6TeV_madgraphMLM-pythia8/MINIAODSIM/130X_mcRun3_2022_realistic_v5-v2/130000/2dcec4b6-4001-4ee8-91e6-617eacdaed92.root
Begin processing the 800001st record. Run 1, Event 8201721, LumiSection 1490 on stream 0 at 01-Feb-2025 15:58:55.833 CST
01-Feb-2025 15:58:55 CST  Closed file root://cmsxrootd.fnal.gov//store/mc/Run3Summer22MiniAODv4/DYto2L-4Jets_MLL-120_HT-100to400_TuneCP5_13p6TeV_madgraphMLM-pythia8/MINIAODSIM/130X_mcRun3_2022_realistic_v5-v2/130000/2dcec4b6-4001-4ee8-91e6-617eacdaed92.root
01-Feb-2025 15:58:55 CST  Initiating request to open file root://cmsxrootd.fnal.gov//store/mc/Run3Summer22MiniAODv4/DYto2L-4Jets_MLL-120_HT-100to400_TuneCP5_13p6TeV_madgraphMLM-pythia8/MINIAODSIM/130X_mcRun3_2022_realistic_v5-v2/130000/a61666bf-d23a-4170-9b24-fd5c281d7ed8.root
01-Feb-2025 15:58:56 CST  Successfully opened file root://cmsxrootd.fnal.gov//store/mc/Run3Summer22MiniAODv4/DYto2L-4Jets_MLL-120_HT-100to400_TuneCP5_13p6TeV_madgraphMLM-pythia8/MINIAODSIM/130X_mcRun3_2022_realistic_v5-v2/130000/a61666bf-d23a-4170-9b24-fd5c281d7ed8.root
01-Feb-2025 15:59:00 CST  Closed file root://cmsxrootd.fnal.gov//store/mc/Run3Summer22MiniAODv4/DYto2L-4Jets_MLL-120_HT-100to400_TuneCP5_13p6TeV_madgraphMLM-pythia8/MINIAODSIM/130X_mcRun3_2022_realistic_v5-v2/130000/a61666bf-d23a-4170-9b24-fd5c281d7ed8.root
01-Feb-2025 15:59:00 CST  Initiating request to open file root://cmsxrootd.fnal.gov//store/mc/Run3Summer22MiniAODv4/DYto2L-4Jets_MLL-120_HT-100to400_TuneCP5_13p6TeV_madgraphMLM-pythia8/MINIAODSIM/130X_mcRun3_2022_realistic_v5-v2/130000/00805f71-351c-4e62-89bc-917d7f85e863.root
01-Feb-2025 15:59:01 CST  Successfully opened file root://cmsxrootd.fnal.gov//store/mc/Run3Summer22MiniAODv4/DYto2L-4Jets_MLL-120_HT-100to400_TuneCP5_13p6TeV_madgraphMLM-pythia8/MINIAODSIM/130X_mcRun3_2022_realistic_v5-v2/130000/00805f71-351c-4e62-89bc-917d7f85e863.root
01-Feb-2025 15:59:04 CST  Closed file root://cmsxrootd.fnal.gov//store/mc/Run3Summer22MiniAODv4/DYto2L-4Jets_MLL-120_HT-100to400_TuneCP5_13p6TeV_madgraphMLM-pythia8/MINIAODSIM/130X_mcRun3_2022_realistic_v5-v2/130000/00805f71-351c-4e62-89bc-917d7f85e863.root
01-Feb-2025 15:59:04 CST  Initiating request to open file root://cmsxrootd.fnal.gov//store/mc/Run3Summer22MiniAODv4/DYto2L-4Jets_MLL-120_HT-100to400_TuneCP5_13p6TeV_madgraphMLM-pythia8/MINIAODSIM/130X_mcRun3_2022_realistic_v5-v2/130000/6436d29d-0580-4dcf-a1d5-e0f1bdf0688e.root
01-Feb-2025 15:59:05 CST  Successfully opened file root://cmsxrootd.fnal.gov//store/mc/Run3Summer22MiniAODv4/DYto2L-4Jets_MLL-120_HT-100to400_TuneCP5_13p6TeV_madgraphMLM-pythia8/MINIAODSIM/130X_mcRun3_2022_realistic_v5-v2/130000/6436d29d-0580-4dcf-a1d5-e0f1bdf0688e.root
Begin processing the 900001st record. Run 1, Event 13051782, LumiSection 2371 on stream 0 at 01-Feb-2025 15:59:09.150 CST
01-Feb-2025 15:59:09 CST  Closed file root://cmsxrootd.fnal.gov//store/mc/Run3Summer22MiniAODv4/DYto2L-4Jets_MLL-120_HT-100to400_TuneCP5_13p6TeV_madgraphMLM-pythia8/MINIAODSIM/130X_mcRun3_2022_realistic_v5-v2/130000/6436d29d-0580-4dcf-a1d5-e0f1bdf0688e.root
01-Feb-2025 15:59:09 CST  Initiating request to open file root://cmsxrootd.fnal.gov//store/mc/Run3Summer22MiniAODv4/DYto2L-4Jets_MLL-120_HT-100to400_TuneCP5_13p6TeV_madgraphMLM-pythia8/MINIAODSIM/130X_mcRun3_2022_realistic_v5-v2/130000/1e72c62e-a850-413e-99ee-62f2084d4a43.root
01-Feb-2025 15:59:10 CST  Successfully opened file root://cmsxrootd.fnal.gov//store/mc/Run3Summer22MiniAODv4/DYto2L-4Jets_MLL-120_HT-100to400_TuneCP5_13p6TeV_madgraphMLM-pythia8/MINIAODSIM/130X_mcRun3_2022_realistic_v5-v2/130000/1e72c62e-a850-413e-99ee-62f2084d4a43.root
01-Feb-2025 15:59:13 CST  Closed file root://cmsxrootd.fnal.gov//store/mc/Run3Summer22MiniAODv4/DYto2L-4Jets_MLL-120_HT-100to400_TuneCP5_13p6TeV_madgraphMLM-pythia8/MINIAODSIM/130X_mcRun3_2022_realistic_v5-v2/130000/1e72c62e-a850-413e-99ee-62f2084d4a43.root
01-Feb-2025 15:59:13 CST  Initiating request to open file root://cmsxrootd.fnal.gov//store/mc/Run3Summer22MiniAODv4/DYto2L-4Jets_MLL-120_HT-100to400_TuneCP5_13p6TeV_madgraphMLM-pythia8/MINIAODSIM/130X_mcRun3_2022_realistic_v5-v2/130000/e851d6a7-cf67-4d19-b0fe-904b53f53751.root
01-Feb-2025 15:59:14 CST  Successfully opened file root://cmsxrootd.fnal.gov//store/mc/Run3Summer22MiniAODv4/DYto2L-4Jets_MLL-120_HT-100to400_TuneCP5_13p6TeV_madgraphMLM-pythia8/MINIAODSIM/130X_mcRun3_2022_realistic_v5-v2/130000/e851d6a7-cf67-4d19-b0fe-904b53f53751.root
      1.898929      0.031340     30.832580             0
      7.201771      0.054698     30.832580             1
     11.266310      0.055631     30.832580             2
     10.465570      0.047973     30.832580             3
 
01-Feb-2025 15:59:20 CST  Closed file root://cmsxrootd.fnal.gov//store/mc/Run3Summer22MiniAODv4/DYto2L-4Jets_MLL-120_HT-100to400_TuneCP5_13p6TeV_madgraphMLM-pythia8/MINIAODSIM/130X_mcRun3_2022_realistic_v5-v2/130000/e851d6a7-cf67-4d19-b0fe-904b53f53751.root

------------------------------------
GenXsecAnalyzer:
------------------------------------
-------------------------------------------------------------------------------------------------------------------------------------------------------------------------- 
Overall cross-section summary 
--------------------------------------------------------------------------------------------------------------------------------------------------------------------------
Process		xsec_before [pb]		passed	nposw	nnegw	tried	nposw	nnegw 	xsec_match [pb]			accepted [%]	 event_eff [%]
0		1.922e+00 +/- 3.856e-04		155626	155626	0	560701	560701	0	5.334e-01 +/- 1.154e-03		27.8 +/- 0.1	27.8 +/- 0.1
1		7.174e+00 +/- 6.625e-04		370672	370672	0	2097548	2097548	0	1.268e+00 +/- 1.893e-03		17.7 +/- 0.0	17.7 +/- 0.0
2		1.130e+01 +/- 6.859e-04		290902	290902	0	3406799	3406799	0	9.651e-01 +/- 1.712e-03		8.5 +/- 0.0	8.5 +/- 0.0
3		1.052e+01 +/- 5.931e-04		182816	182816	0	3148163	3148163	0	6.111e-01 +/- 1.388e-03		5.8 +/- 0.0	5.8 +/- 0.0
-------------------------------------------------------------------------------------------------------------------------------------------------------------------------- 
Total		3.092e+01 +/- 1.187e-03		1000016	1000016	0	9213211	9213211	0	3.356e+00 +/- 3.172e-03		10.9 +/- 0.0	10.9 +/- 0.0
--------------------------------------------------------------------------------------------------------------------------------------------------------------------------
Before matching: total cross section = 3.092e+01 +- 1.187e-03 pb
After matching: total cross section = 3.356e+00 +- 3.172e-03 pb
Matching efficiency = 0.1 +/- 0.0   [TO BE USED IN MCM]
Filter efficiency (taking into account weights)= (3.09282e+07) / (3.09282e+07) = 1.000e+00 +- 0.000e+00
Filter efficiency (event-level)= (1.00002e+06) / (1.00002e+06) = 1.000e+00 +- 0.000e+00    [TO BE USED IN MCM]

After filter: final cross section = 3.356e+00 +- 3.172e-03 pb
After filter: final fraction of events with negative weights = 0.000e+00 +- 0.000e+00
After filter: final equivalent lumi for 1M events (1/fb) = 2.979e+02 +- 4.099e-01
