01-Feb-2025 16:49:52 CST  Initiating request to open file root://cmsxrootd.fnal.gov//store/mc/Run3Summer22MiniAODv4/DYto2L-4Jets_MLL-50to120_HT-70to100_TuneCP5_13p6TeV_madgraphMLM-pythia8/MINIAODSIM/130X_mcRun3_2022_realistic_v5-v1/2560000/cb641369-04d0-4242-985d-fce8d5eec92f.root
01-Feb-2025 16:50:38 CST  Successfully opened file root://cmsxrootd.fnal.gov//store/mc/Run3Summer22MiniAODv4/DYto2L-4Jets_MLL-50to120_HT-70to100_TuneCP5_13p6TeV_madgraphMLM-pythia8/MINIAODSIM/130X_mcRun3_2022_realistic_v5-v1/2560000/cb641369-04d0-4242-985d-fce8d5eec92f.root
Begin processing the 1st record. Run 1, Event 6722384, LumiSection 1054 on stream 0 at 01-Feb-2025 16:50:45.400 CST
01-Feb-2025 16:50:46 CST  Closed file root://cmsxrootd.fnal.gov//store/mc/Run3Summer22MiniAODv4/DYto2L-4Jets_MLL-50to120_HT-70to100_TuneCP5_13p6TeV_madgraphMLM-pythia8/MINIAODSIM/130X_mcRun3_2022_realistic_v5-v1/2560000/cb641369-04d0-4242-985d-fce8d5eec92f.root
01-Feb-2025 16:50:46 CST  Initiating request to open file root://cmsxrootd.fnal.gov//store/mc/Run3Summer22MiniAODv4/DYto2L-4Jets_MLL-50to120_HT-70to100_TuneCP5_13p6TeV_madgraphMLM-pythia8/MINIAODSIM/130X_mcRun3_2022_realistic_v5-v1/2560000/65ac690e-280e-454e-9ac0-5dda1305154b.root
01-Feb-2025 16:50:53 CST  Successfully opened file root://cmsxrootd.fnal.gov//store/mc/Run3Summer22MiniAODv4/DYto2L-4Jets_MLL-50to120_HT-70to100_TuneCP5_13p6TeV_madgraphMLM-pythia8/MINIAODSIM/130X_mcRun3_2022_realistic_v5-v1/2560000/65ac690e-280e-454e-9ac0-5dda1305154b.root
01-Feb-2025 16:51:01 CST  Closed file root://cmsxrootd.fnal.gov//store/mc/Run3Summer22MiniAODv4/DYto2L-4Jets_MLL-50to120_HT-70to100_TuneCP5_13p6TeV_madgraphMLM-pythia8/MINIAODSIM/130X_mcRun3_2022_realistic_v5-v1/2560000/65ac690e-280e-454e-9ac0-5dda1305154b.root
01-Feb-2025 16:51:01 CST  Initiating request to open file root://cmsxrootd.fnal.gov//store/mc/Run3Summer22MiniAODv4/DYto2L-4Jets_MLL-50to120_HT-70to100_TuneCP5_13p6TeV_madgraphMLM-pythia8/MINIAODSIM/130X_mcRun3_2022_realistic_v5-v1/2560000/94c7d0b5-cca5-40c6-ac50-baec4e579a32.root
01-Feb-2025 16:51:09 CST  Successfully opened file root://cmsxrootd.fnal.gov//store/mc/Run3Summer22MiniAODv4/DYto2L-4Jets_MLL-50to120_HT-70to100_TuneCP5_13p6TeV_madgraphMLM-pythia8/MINIAODSIM/130X_mcRun3_2022_realistic_v5-v1/2560000/94c7d0b5-cca5-40c6-ac50-baec4e579a32.root
Begin processing the 100001st record. Run 1, Event 172711560, LumiSection 27054 on stream 0 at 01-Feb-2025 16:51:17.131 CST
01-Feb-2025 16:51:18 CST  Closed file root://cmsxrootd.fnal.gov//store/mc/Run3Summer22MiniAODv4/DYto2L-4Jets_MLL-50to120_HT-70to100_TuneCP5_13p6TeV_madgraphMLM-pythia8/MINIAODSIM/130X_mcRun3_2022_realistic_v5-v1/2560000/94c7d0b5-cca5-40c6-ac50-baec4e579a32.root
01-Feb-2025 16:51:18 CST  Initiating request to open file root://cmsxrootd.fnal.gov//store/mc/Run3Summer22MiniAODv4/DYto2L-4Jets_MLL-50to120_HT-70to100_TuneCP5_13p6TeV_madgraphMLM-pythia8/MINIAODSIM/130X_mcRun3_2022_realistic_v5-v1/2560000/8668b4ca-7105-4dea-b308-7e7cf6e79743.root
01-Feb-2025 16:51:26 CST  Successfully opened file root://cmsxrootd.fnal.gov//store/mc/Run3Summer22MiniAODv4/DYto2L-4Jets_MLL-50to120_HT-70to100_TuneCP5_13p6TeV_madgraphMLM-pythia8/MINIAODSIM/130X_mcRun3_2022_realistic_v5-v1/2560000/8668b4ca-7105-4dea-b308-7e7cf6e79743.root
Begin processing the 200001st record. Run 1, Event 153106851, LumiSection 23983 on stream 0 at 01-Feb-2025 16:51:43.094 CST
01-Feb-2025 16:51:43 CST  Closed file root://cmsxrootd.fnal.gov//store/mc/Run3Summer22MiniAODv4/DYto2L-4Jets_MLL-50to120_HT-70to100_TuneCP5_13p6TeV_madgraphMLM-pythia8/MINIAODSIM/130X_mcRun3_2022_realistic_v5-v1/2560000/8668b4ca-7105-4dea-b308-7e7cf6e79743.root
01-Feb-2025 16:51:43 CST  Initiating request to open file root://cmsxrootd.fnal.gov//store/mc/Run3Summer22MiniAODv4/DYto2L-4Jets_MLL-50to120_HT-70to100_TuneCP5_13p6TeV_madgraphMLM-pythia8/MINIAODSIM/130X_mcRun3_2022_realistic_v5-v1/2560000/f13aad95-f70c-4fe7-b0be-ad0152d3c7c0.root
01-Feb-2025 16:51:51 CST  Successfully opened file root://cmsxrootd.fnal.gov//store/mc/Run3Summer22MiniAODv4/DYto2L-4Jets_MLL-50to120_HT-70to100_TuneCP5_13p6TeV_madgraphMLM-pythia8/MINIAODSIM/130X_mcRun3_2022_realistic_v5-v1/2560000/f13aad95-f70c-4fe7-b0be-ad0152d3c7c0.root
01-Feb-2025 16:52:00 CST  Closed file root://cmsxrootd.fnal.gov//store/mc/Run3Summer22MiniAODv4/DYto2L-4Jets_MLL-50to120_HT-70to100_TuneCP5_13p6TeV_madgraphMLM-pythia8/MINIAODSIM/130X_mcRun3_2022_realistic_v5-v1/2560000/f13aad95-f70c-4fe7-b0be-ad0152d3c7c0.root
01-Feb-2025 16:52:00 CST  Initiating request to open file root://cmsxrootd.fnal.gov//store/mc/Run3Summer22MiniAODv4/DYto2L-4Jets_MLL-50to120_HT-70to100_TuneCP5_13p6TeV_madgraphMLM-pythia8/MINIAODSIM/130X_mcRun3_2022_realistic_v5-v1/2560000/fc45ed5a-17de-4a9a-b2c4-97b9ce9739e4.root
01-Feb-2025 16:52:07 CST  Successfully opened file root://cmsxrootd.fnal.gov//store/mc/Run3Summer22MiniAODv4/DYto2L-4Jets_MLL-50to120_HT-70to100_TuneCP5_13p6TeV_madgraphMLM-pythia8/MINIAODSIM/130X_mcRun3_2022_realistic_v5-v1/2560000/fc45ed5a-17de-4a9a-b2c4-97b9ce9739e4.root
Begin processing the 300001st record. Run 1, Event 51622378, LumiSection 8087 on stream 0 at 01-Feb-2025 16:52:19.103 CST
01-Feb-2025 16:52:19 CST  Closed file root://cmsxrootd.fnal.gov//store/mc/Run3Summer22MiniAODv4/DYto2L-4Jets_MLL-50to120_HT-70to100_TuneCP5_13p6TeV_madgraphMLM-pythia8/MINIAODSIM/130X_mcRun3_2022_realistic_v5-v1/2560000/fc45ed5a-17de-4a9a-b2c4-97b9ce9739e4.root
01-Feb-2025 16:52:19 CST  Initiating request to open file root://cmsxrootd.fnal.gov//store/mc/Run3Summer22MiniAODv4/DYto2L-4Jets_MLL-50to120_HT-70to100_TuneCP5_13p6TeV_madgraphMLM-pythia8/MINIAODSIM/130X_mcRun3_2022_realistic_v5-v1/2560000/7e68e0df-5aac-46d3-af52-80805f773d77.root
01-Feb-2025 16:52:26 CST  Successfully opened file root://cmsxrootd.fnal.gov//store/mc/Run3Summer22MiniAODv4/DYto2L-4Jets_MLL-50to120_HT-70to100_TuneCP5_13p6TeV_madgraphMLM-pythia8/MINIAODSIM/130X_mcRun3_2022_realistic_v5-v1/2560000/7e68e0df-5aac-46d3-af52-80805f773d77.root
01-Feb-2025 16:52:34 CST  Closed file root://cmsxrootd.fnal.gov//store/mc/Run3Summer22MiniAODv4/DYto2L-4Jets_MLL-50to120_HT-70to100_TuneCP5_13p6TeV_madgraphMLM-pythia8/MINIAODSIM/130X_mcRun3_2022_realistic_v5-v1/2560000/7e68e0df-5aac-46d3-af52-80805f773d77.root
01-Feb-2025 16:52:34 CST  Initiating request to open file root://cmsxrootd.fnal.gov//store/mc/Run3Summer22MiniAODv4/DYto2L-4Jets_MLL-50to120_HT-70to100_TuneCP5_13p6TeV_madgraphMLM-pythia8/MINIAODSIM/130X_mcRun3_2022_realistic_v5-v1/2560000/26669ff6-80a2-46ef-b27b-cc2384a90f61.root
01-Feb-2025 16:52:41 CST  Successfully opened file root://cmsxrootd.fnal.gov//store/mc/Run3Summer22MiniAODv4/DYto2L-4Jets_MLL-50to120_HT-70to100_TuneCP5_13p6TeV_madgraphMLM-pythia8/MINIAODSIM/130X_mcRun3_2022_realistic_v5-v1/2560000/26669ff6-80a2-46ef-b27b-cc2384a90f61.root
Begin processing the 400001st record. Run 1, Event 154810940, LumiSection 24250 on stream 0 at 01-Feb-2025 16:52:51.334 CST
01-Feb-2025 16:52:51 CST  Closed file root://cmsxrootd.fnal.gov//store/mc/Run3Summer22MiniAODv4/DYto2L-4Jets_MLL-50to120_HT-70to100_TuneCP5_13p6TeV_madgraphMLM-pythia8/MINIAODSIM/130X_mcRun3_2022_realistic_v5-v1/2560000/26669ff6-80a2-46ef-b27b-cc2384a90f61.root
01-Feb-2025 16:52:51 CST  Initiating request to open file root://cmsxrootd.fnal.gov//store/mc/Run3Summer22MiniAODv4/DYto2L-4Jets_MLL-50to120_HT-70to100_TuneCP5_13p6TeV_madgraphMLM-pythia8/MINIAODSIM/130X_mcRun3_2022_realistic_v5-v1/2560000/23857531-f3b3-4ae8-a1a3-c0ca60a670ce.root
01-Feb-2025 16:52:59 CST  Successfully opened file root://cmsxrootd.fnal.gov//store/mc/Run3Summer22MiniAODv4/DYto2L-4Jets_MLL-50to120_HT-70to100_TuneCP5_13p6TeV_madgraphMLM-pythia8/MINIAODSIM/130X_mcRun3_2022_realistic_v5-v1/2560000/23857531-f3b3-4ae8-a1a3-c0ca60a670ce.root
01-Feb-2025 16:53:08 CST  Closed file root://cmsxrootd.fnal.gov//store/mc/Run3Summer22MiniAODv4/DYto2L-4Jets_MLL-50to120_HT-70to100_TuneCP5_13p6TeV_madgraphMLM-pythia8/MINIAODSIM/130X_mcRun3_2022_realistic_v5-v1/2560000/23857531-f3b3-4ae8-a1a3-c0ca60a670ce.root
01-Feb-2025 16:53:08 CST  Initiating request to open file root://cmsxrootd.fnal.gov//store/mc/Run3Summer22MiniAODv4/DYto2L-4Jets_MLL-50to120_HT-70to100_TuneCP5_13p6TeV_madgraphMLM-pythia8/MINIAODSIM/130X_mcRun3_2022_realistic_v5-v1/2560000/45b58590-63cd-43e8-a547-d82ae3e1311d.root
01-Feb-2025 16:53:15 CST  Successfully opened file root://cmsxrootd.fnal.gov//store/mc/Run3Summer22MiniAODv4/DYto2L-4Jets_MLL-50to120_HT-70to100_TuneCP5_13p6TeV_madgraphMLM-pythia8/MINIAODSIM/130X_mcRun3_2022_realistic_v5-v1/2560000/45b58590-63cd-43e8-a547-d82ae3e1311d.root
Begin processing the 500001st record. Run 1, Event 131775606, LumiSection 20642 on stream 0 at 01-Feb-2025 16:53:21.923 CST
01-Feb-2025 16:53:22 CST  Closed file root://cmsxrootd.fnal.gov//store/mc/Run3Summer22MiniAODv4/DYto2L-4Jets_MLL-50to120_HT-70to100_TuneCP5_13p6TeV_madgraphMLM-pythia8/MINIAODSIM/130X_mcRun3_2022_realistic_v5-v1/2560000/45b58590-63cd-43e8-a547-d82ae3e1311d.root
01-Feb-2025 16:53:22 CST  Initiating request to open file root://cmsxrootd.fnal.gov//store/mc/Run3Summer22MiniAODv4/DYto2L-4Jets_MLL-50to120_HT-70to100_TuneCP5_13p6TeV_madgraphMLM-pythia8/MINIAODSIM/130X_mcRun3_2022_realistic_v5-v1/2560000/4c649d78-440c-4c16-8930-df5f033bb57d.root
01-Feb-2025 16:53:29 CST  Successfully opened file root://cmsxrootd.fnal.gov//store/mc/Run3Summer22MiniAODv4/DYto2L-4Jets_MLL-50to120_HT-70to100_TuneCP5_13p6TeV_madgraphMLM-pythia8/MINIAODSIM/130X_mcRun3_2022_realistic_v5-v1/2560000/4c649d78-440c-4c16-8930-df5f033bb57d.root
01-Feb-2025 16:53:37 CST  Closed file root://cmsxrootd.fnal.gov//store/mc/Run3Summer22MiniAODv4/DYto2L-4Jets_MLL-50to120_HT-70to100_TuneCP5_13p6TeV_madgraphMLM-pythia8/MINIAODSIM/130X_mcRun3_2022_realistic_v5-v1/2560000/4c649d78-440c-4c16-8930-df5f033bb57d.root
01-Feb-2025 16:53:37 CST  Initiating request to open file root://cmsxrootd.fnal.gov//store/mc/Run3Summer22MiniAODv4/DYto2L-4Jets_MLL-50to120_HT-70to100_TuneCP5_13p6TeV_madgraphMLM-pythia8/MINIAODSIM/130X_mcRun3_2022_realistic_v5-v1/2560000/f241f578-fcaa-4070-a4ff-5cd361d5a6e3.root
01-Feb-2025 16:53:45 CST  Successfully opened file root://cmsxrootd.fnal.gov//store/mc/Run3Summer22MiniAODv4/DYto2L-4Jets_MLL-50to120_HT-70to100_TuneCP5_13p6TeV_madgraphMLM-pythia8/MINIAODSIM/130X_mcRun3_2022_realistic_v5-v1/2560000/f241f578-fcaa-4070-a4ff-5cd361d5a6e3.root
Begin processing the 600001st record. Run 1, Event 154729551, LumiSection 24238 on stream 0 at 01-Feb-2025 16:53:53.224 CST
01-Feb-2025 16:53:53 CST  Closed file root://cmsxrootd.fnal.gov//store/mc/Run3Summer22MiniAODv4/DYto2L-4Jets_MLL-50to120_HT-70to100_TuneCP5_13p6TeV_madgraphMLM-pythia8/MINIAODSIM/130X_mcRun3_2022_realistic_v5-v1/2560000/f241f578-fcaa-4070-a4ff-5cd361d5a6e3.root
01-Feb-2025 16:53:53 CST  Initiating request to open file root://cmsxrootd.fnal.gov//store/mc/Run3Summer22MiniAODv4/DYto2L-4Jets_MLL-50to120_HT-70to100_TuneCP5_13p6TeV_madgraphMLM-pythia8/MINIAODSIM/130X_mcRun3_2022_realistic_v5-v1/2560000/b59d9a5d-cc47-4a23-b30d-3e5e4806f1c0.root
01-Feb-2025 16:54:00 CST  Successfully opened file root://cmsxrootd.fnal.gov//store/mc/Run3Summer22MiniAODv4/DYto2L-4Jets_MLL-50to120_HT-70to100_TuneCP5_13p6TeV_madgraphMLM-pythia8/MINIAODSIM/130X_mcRun3_2022_realistic_v5-v1/2560000/b59d9a5d-cc47-4a23-b30d-3e5e4806f1c0.root
01-Feb-2025 16:54:08 CST  Closed file root://cmsxrootd.fnal.gov//store/mc/Run3Summer22MiniAODv4/DYto2L-4Jets_MLL-50to120_HT-70to100_TuneCP5_13p6TeV_madgraphMLM-pythia8/MINIAODSIM/130X_mcRun3_2022_realistic_v5-v1/2560000/b59d9a5d-cc47-4a23-b30d-3e5e4806f1c0.root
01-Feb-2025 16:54:08 CST  Initiating request to open file root://cmsxrootd.fnal.gov//store/mc/Run3Summer22MiniAODv4/DYto2L-4Jets_MLL-50to120_HT-70to100_TuneCP5_13p6TeV_madgraphMLM-pythia8/MINIAODSIM/130X_mcRun3_2022_realistic_v5-v1/2560000/c360fb9e-6e4b-4e1c-8b05-7fb5ae9b91ec.root
01-Feb-2025 16:54:15 CST  Successfully opened file root://cmsxrootd.fnal.gov//store/mc/Run3Summer22MiniAODv4/DYto2L-4Jets_MLL-50to120_HT-70to100_TuneCP5_13p6TeV_madgraphMLM-pythia8/MINIAODSIM/130X_mcRun3_2022_realistic_v5-v1/2560000/c360fb9e-6e4b-4e1c-8b05-7fb5ae9b91ec.root
Begin processing the 700001st record. Run 1, Event 74236852, LumiSection 11629 on stream 0 at 01-Feb-2025 16:54:24.136 CST
01-Feb-2025 16:54:25 CST  Closed file root://cmsxrootd.fnal.gov//store/mc/Run3Summer22MiniAODv4/DYto2L-4Jets_MLL-50to120_HT-70to100_TuneCP5_13p6TeV_madgraphMLM-pythia8/MINIAODSIM/130X_mcRun3_2022_realistic_v5-v1/2560000/c360fb9e-6e4b-4e1c-8b05-7fb5ae9b91ec.root
01-Feb-2025 16:54:25 CST  Initiating request to open file root://cmsxrootd.fnal.gov//store/mc/Run3Summer22MiniAODv4/DYto2L-4Jets_MLL-50to120_HT-70to100_TuneCP5_13p6TeV_madgraphMLM-pythia8/MINIAODSIM/130X_mcRun3_2022_realistic_v5-v1/2560000/d2c10296-ed08-46cc-8aa7-408e0237008c.root
01-Feb-2025 16:54:33 CST  Successfully opened file root://cmsxrootd.fnal.gov//store/mc/Run3Summer22MiniAODv4/DYto2L-4Jets_MLL-50to120_HT-70to100_TuneCP5_13p6TeV_madgraphMLM-pythia8/MINIAODSIM/130X_mcRun3_2022_realistic_v5-v1/2560000/d2c10296-ed08-46cc-8aa7-408e0237008c.root
Begin processing the 800001st record. Run 1, Event 122183732, LumiSection 19140 on stream 0 at 01-Feb-2025 16:54:42.193 CST
01-Feb-2025 16:54:42 CST  Closed file root://cmsxrootd.fnal.gov//store/mc/Run3Summer22MiniAODv4/DYto2L-4Jets_MLL-50to120_HT-70to100_TuneCP5_13p6TeV_madgraphMLM-pythia8/MINIAODSIM/130X_mcRun3_2022_realistic_v5-v1/2560000/d2c10296-ed08-46cc-8aa7-408e0237008c.root
01-Feb-2025 16:54:42 CST  Initiating request to open file root://cmsxrootd.fnal.gov//store/mc/Run3Summer22MiniAODv4/DYto2L-4Jets_MLL-50to120_HT-70to100_TuneCP5_13p6TeV_madgraphMLM-pythia8/MINIAODSIM/130X_mcRun3_2022_realistic_v5-v1/2560000/abc7fbb4-c698-4a09-97bb-8c89d4d4cd73.root
01-Feb-2025 16:54:49 CST  Successfully opened file root://cmsxrootd.fnal.gov//store/mc/Run3Summer22MiniAODv4/DYto2L-4Jets_MLL-50to120_HT-70to100_TuneCP5_13p6TeV_madgraphMLM-pythia8/MINIAODSIM/130X_mcRun3_2022_realistic_v5-v1/2560000/abc7fbb4-c698-4a09-97bb-8c89d4d4cd73.root
01-Feb-2025 16:55:00 CST  Closed file root://cmsxrootd.fnal.gov//store/mc/Run3Summer22MiniAODv4/DYto2L-4Jets_MLL-50to120_HT-70to100_TuneCP5_13p6TeV_madgraphMLM-pythia8/MINIAODSIM/130X_mcRun3_2022_realistic_v5-v1/2560000/abc7fbb4-c698-4a09-97bb-8c89d4d4cd73.root
01-Feb-2025 16:55:00 CST  Initiating request to open file root://cmsxrootd.fnal.gov//store/mc/Run3Summer22MiniAODv4/DYto2L-4Jets_MLL-50to120_HT-70to100_TuneCP5_13p6TeV_madgraphMLM-pythia8/MINIAODSIM/130X_mcRun3_2022_realistic_v5-v1/2560000/441111c1-b578-4e6e-bd1e-cca058891531.root
01-Feb-2025 16:55:07 CST  Successfully opened file root://cmsxrootd.fnal.gov//store/mc/Run3Summer22MiniAODv4/DYto2L-4Jets_MLL-50to120_HT-70to100_TuneCP5_13p6TeV_madgraphMLM-pythia8/MINIAODSIM/130X_mcRun3_2022_realistic_v5-v1/2560000/441111c1-b578-4e6e-bd1e-cca058891531.root
Begin processing the 900001st record. Run 1, Event 183910826, LumiSection 28809 on stream 0 at 01-Feb-2025 16:55:16.353 CST
01-Feb-2025 16:55:16 CST  Closed file root://cmsxrootd.fnal.gov//store/mc/Run3Summer22MiniAODv4/DYto2L-4Jets_MLL-50to120_HT-70to100_TuneCP5_13p6TeV_madgraphMLM-pythia8/MINIAODSIM/130X_mcRun3_2022_realistic_v5-v1/2560000/441111c1-b578-4e6e-bd1e-cca058891531.root
01-Feb-2025 16:55:16 CST  Initiating request to open file root://cmsxrootd.fnal.gov//store/mc/Run3Summer22MiniAODv4/DYto2L-4Jets_MLL-50to120_HT-70to100_TuneCP5_13p6TeV_madgraphMLM-pythia8/MINIAODSIM/130X_mcRun3_2022_realistic_v5-v1/2560000/68f1e204-70a7-4921-ab50-576be1d6093f.root
01-Feb-2025 16:55:23 CST  Successfully opened file root://cmsxrootd.fnal.gov//store/mc/Run3Summer22MiniAODv4/DYto2L-4Jets_MLL-50to120_HT-70to100_TuneCP5_13p6TeV_madgraphMLM-pythia8/MINIAODSIM/130X_mcRun3_2022_realistic_v5-v1/2560000/68f1e204-70a7-4921-ab50-576be1d6093f.root
01-Feb-2025 16:55:30 CST  Closed file root://cmsxrootd.fnal.gov//store/mc/Run3Summer22MiniAODv4/DYto2L-4Jets_MLL-50to120_HT-70to100_TuneCP5_13p6TeV_madgraphMLM-pythia8/MINIAODSIM/130X_mcRun3_2022_realistic_v5-v1/2560000/68f1e204-70a7-4921-ab50-576be1d6093f.root
01-Feb-2025 16:55:30 CST  Initiating request to open file root://cmsxrootd.fnal.gov//store/mc/Run3Summer22MiniAODv4/DYto2L-4Jets_MLL-50to120_HT-70to100_TuneCP5_13p6TeV_madgraphMLM-pythia8/MINIAODSIM/130X_mcRun3_2022_realistic_v5-v1/2560000/58c33890-0bdb-4e78-8250-097ac926a96d.root
01-Feb-2025 16:55:37 CST  Successfully opened file root://cmsxrootd.fnal.gov//store/mc/Run3Summer22MiniAODv4/DYto2L-4Jets_MLL-50to120_HT-70to100_TuneCP5_13p6TeV_madgraphMLM-pythia8/MINIAODSIM/130X_mcRun3_2022_realistic_v5-v1/2560000/58c33890-0bdb-4e78-8250-097ac926a96d.root
01-Feb-2025 16:55:48 CST  Closed file root://cmsxrootd.fnal.gov//store/mc/Run3Summer22MiniAODv4/DYto2L-4Jets_MLL-50to120_HT-70to100_TuneCP5_13p6TeV_madgraphMLM-pythia8/MINIAODSIM/130X_mcRun3_2022_realistic_v5-v1/2560000/58c33890-0bdb-4e78-8250-097ac926a96d.root
01-Feb-2025 16:55:48 CST  Initiating request to open file root://cmsxrootd.fnal.gov//store/mc/Run3Summer22MiniAODv4/DYto2L-4Jets_MLL-50to120_HT-70to100_TuneCP5_13p6TeV_madgraphMLM-pythia8/MINIAODSIM/130X_mcRun3_2022_realistic_v5-v1/2560000/9a38bd0a-de12-4f20-a0c4-85f52af64802.root
01-Feb-2025 16:55:55 CST  Successfully opened file root://cmsxrootd.fnal.gov//store/mc/Run3Summer22MiniAODv4/DYto2L-4Jets_MLL-50to120_HT-70to100_TuneCP5_13p6TeV_madgraphMLM-pythia8/MINIAODSIM/130X_mcRun3_2022_realistic_v5-v1/2560000/9a38bd0a-de12-4f20-a0c4-85f52af64802.root
    138.942000      0.486882    887.337500             3
    327.673000      1.045480    887.337500             2
    318.598000      1.366440    887.337500             1
     99.149000      0.861049    887.337500             0
 
01-Feb-2025 16:56:06 CST  Closed file root://cmsxrootd.fnal.gov//store/mc/Run3Summer22MiniAODv4/DYto2L-4Jets_MLL-50to120_HT-70to100_TuneCP5_13p6TeV_madgraphMLM-pythia8/MINIAODSIM/130X_mcRun3_2022_realistic_v5-v1/2560000/9a38bd0a-de12-4f20-a0c4-85f52af64802.root

------------------------------------
GenXsecAnalyzer:
------------------------------------
-------------------------------------------------------------------------------------------------------------------------------------------------------------------------- 
Overall cross-section summary 
--------------------------------------------------------------------------------------------------------------------------------------------------------------------------
Process		xsec_before [pb]		passed	nposw	nnegw	tried	nposw	nnegw 	xsec_match [pb]			accepted [%]	 event_eff [%]
0		9.880e+01 +/- 1.537e-02		382162	382162	0	975371	975371	0	3.871e+01 +/- 4.921e-02		39.2 +/- 0.0	39.2 +/- 0.0
1		3.184e+02 +/- 2.582e-02		742885	742885	0	3111074	3111074	0	7.604e+01 +/- 7.722e-02		23.9 +/- 0.0	23.9 +/- 0.0
2		3.273e+02 +/- 1.907e-02		234421	234421	0	3218416	3218416	0	2.384e+01 +/- 4.743e-02		7.3 +/- 0.0	7.3 +/- 0.0
3		1.384e+02 +/- 8.434e-03		17710	17710	0	1360449	1360449	0	1.802e+00 +/- 1.345e-02		1.3 +/- 0.0	1.3 +/- 0.0
-------------------------------------------------------------------------------------------------------------------------------------------------------------------------- 
Total		8.829e+02 +/- 3.657e-02		1377178	1377178	0	8665310	8665310	0	1.403e+02 +/- 1.098e-01		15.9 +/- 0.0	15.9 +/- 0.0
--------------------------------------------------------------------------------------------------------------------------------------------------------------------------
Before matching: total cross section = 8.829e+02 +- 3.657e-02 pb
After matching: total cross section = 1.403e+02 +- 1.098e-01 pb
Matching efficiency = 0.2 +/- 0.0   [TO BE USED IN MCM]
Filter efficiency (taking into account weights)= (8.8344e+08) / (8.8344e+08) = 1.000e+00 +- 0.000e+00
Filter efficiency (event-level)= (1.00051e+06) / (1.00051e+06) = 1.000e+00 +- 0.000e+00    [TO BE USED IN MCM]

After filter: final cross section = 1.403e+02 +- 1.098e-01 pb
After filter: final fraction of events with negative weights = 0.000e+00 +- 0.000e+00
After filter: final equivalent lumi for 1M events (1/fb) = 7.126e+00 +- 9.049e-03
