01-Feb-2025 16:29:28 CST  Initiating request to open file root://cmsxrootd.fnal.gov//store/mc/Run3Summer22MiniAODv4/DYto2L-4Jets_MLL-50to120_HT-100to400_TuneCP5_13p6TeV_madgraphMLM-pythia8/MINIAODSIM/130X_mcRun3_2022_realistic_v5-v1/60000/d0998361-0ebc-482d-8025-219f5e1cb7ed.root
01-Feb-2025 16:29:32 CST  Successfully opened file root://cmsxrootd.fnal.gov//store/mc/Run3Summer22MiniAODv4/DYto2L-4Jets_MLL-50to120_HT-100to400_TuneCP5_13p6TeV_madgraphMLM-pythia8/MINIAODSIM/130X_mcRun3_2022_realistic_v5-v1/60000/d0998361-0ebc-482d-8025-219f5e1cb7ed.root
Begin processing the 1st record. Run 1, Event 7076239, LumiSection 930 on stream 0 at 01-Feb-2025 16:29:33.153 CST
01-Feb-2025 16:29:33 CST  Closed file root://cmsxrootd.fnal.gov//store/mc/Run3Summer22MiniAODv4/DYto2L-4Jets_MLL-50to120_HT-100to400_TuneCP5_13p6TeV_madgraphMLM-pythia8/MINIAODSIM/130X_mcRun3_2022_realistic_v5-v1/60000/d0998361-0ebc-482d-8025-219f5e1cb7ed.root
01-Feb-2025 16:29:33 CST  Initiating request to open file root://cmsxrootd.fnal.gov//store/mc/Run3Summer22MiniAODv4/DYto2L-4Jets_MLL-50to120_HT-100to400_TuneCP5_13p6TeV_madgraphMLM-pythia8/MINIAODSIM/130X_mcRun3_2022_realistic_v5-v1/60000/9e0cc64b-8887-4d85-a720-79ca58d54ab6.root
01-Feb-2025 16:29:35 CST  Successfully opened file root://cmsxrootd.fnal.gov//store/mc/Run3Summer22MiniAODv4/DYto2L-4Jets_MLL-50to120_HT-100to400_TuneCP5_13p6TeV_madgraphMLM-pythia8/MINIAODSIM/130X_mcRun3_2022_realistic_v5-v1/60000/9e0cc64b-8887-4d85-a720-79ca58d54ab6.root
01-Feb-2025 16:29:36 CST  Closed file root://cmsxrootd.fnal.gov//store/mc/Run3Summer22MiniAODv4/DYto2L-4Jets_MLL-50to120_HT-100to400_TuneCP5_13p6TeV_madgraphMLM-pythia8/MINIAODSIM/130X_mcRun3_2022_realistic_v5-v1/60000/9e0cc64b-8887-4d85-a720-79ca58d54ab6.root
01-Feb-2025 16:29:36 CST  Initiating request to open file root://cmsxrootd.fnal.gov//store/mc/Run3Summer22MiniAODv4/DYto2L-4Jets_MLL-50to120_HT-100to400_TuneCP5_13p6TeV_madgraphMLM-pythia8/MINIAODSIM/130X_mcRun3_2022_realistic_v5-v1/60000/935e7659-f5e3-4bac-847d-37234ea5b277.root
01-Feb-2025 16:29:37 CST  Successfully opened file root://cmsxrootd.fnal.gov//store/mc/Run3Summer22MiniAODv4/DYto2L-4Jets_MLL-50to120_HT-100to400_TuneCP5_13p6TeV_madgraphMLM-pythia8/MINIAODSIM/130X_mcRun3_2022_realistic_v5-v1/60000/935e7659-f5e3-4bac-847d-37234ea5b277.root
Begin processing the 100001st record. Run 1, Event 48354996, LumiSection 6349 on stream 0 at 01-Feb-2025 16:29:37.951 CST
01-Feb-2025 16:29:38 CST  Closed file root://cmsxrootd.fnal.gov//store/mc/Run3Summer22MiniAODv4/DYto2L-4Jets_MLL-50to120_HT-100to400_TuneCP5_13p6TeV_madgraphMLM-pythia8/MINIAODSIM/130X_mcRun3_2022_realistic_v5-v1/60000/935e7659-f5e3-4bac-847d-37234ea5b277.root
01-Feb-2025 16:29:38 CST  Initiating request to open file root://cmsxrootd.fnal.gov//store/mc/Run3Summer22MiniAODv4/DYto2L-4Jets_MLL-50to120_HT-100to400_TuneCP5_13p6TeV_madgraphMLM-pythia8/MINIAODSIM/130X_mcRun3_2022_realistic_v5-v1/60000/266e7eb6-ceac-4328-98b8-9ffd80a7e592.root
01-Feb-2025 16:29:39 CST  Successfully opened file root://cmsxrootd.fnal.gov//store/mc/Run3Summer22MiniAODv4/DYto2L-4Jets_MLL-50to120_HT-100to400_TuneCP5_13p6TeV_madgraphMLM-pythia8/MINIAODSIM/130X_mcRun3_2022_realistic_v5-v1/60000/266e7eb6-ceac-4328-98b8-9ffd80a7e592.root
01-Feb-2025 16:29:41 CST  Closed file root://cmsxrootd.fnal.gov//store/mc/Run3Summer22MiniAODv4/DYto2L-4Jets_MLL-50to120_HT-100to400_TuneCP5_13p6TeV_madgraphMLM-pythia8/MINIAODSIM/130X_mcRun3_2022_realistic_v5-v1/60000/266e7eb6-ceac-4328-98b8-9ffd80a7e592.root
01-Feb-2025 16:29:41 CST  Initiating request to open file root://cmsxrootd.fnal.gov//store/mc/Run3Summer22MiniAODv4/DYto2L-4Jets_MLL-50to120_HT-100to400_TuneCP5_13p6TeV_madgraphMLM-pythia8/MINIAODSIM/130X_mcRun3_2022_realistic_v5-v1/60000/faeefee5-6a5f-49c5-8753-3ec9956fe300.root
01-Feb-2025 16:29:42 CST  Successfully opened file root://cmsxrootd.fnal.gov//store/mc/Run3Summer22MiniAODv4/DYto2L-4Jets_MLL-50to120_HT-100to400_TuneCP5_13p6TeV_madgraphMLM-pythia8/MINIAODSIM/130X_mcRun3_2022_realistic_v5-v1/60000/faeefee5-6a5f-49c5-8753-3ec9956fe300.root
Begin processing the 200001st record. Run 1, Event 56639618, LumiSection 7436 on stream 0 at 01-Feb-2025 16:29:43.978 CST
01-Feb-2025 16:29:44 CST  Closed file root://cmsxrootd.fnal.gov//store/mc/Run3Summer22MiniAODv4/DYto2L-4Jets_MLL-50to120_HT-100to400_TuneCP5_13p6TeV_madgraphMLM-pythia8/MINIAODSIM/130X_mcRun3_2022_realistic_v5-v1/60000/faeefee5-6a5f-49c5-8753-3ec9956fe300.root
01-Feb-2025 16:29:44 CST  Initiating request to open file root://cmsxrootd.fnal.gov//store/mc/Run3Summer22MiniAODv4/DYto2L-4Jets_MLL-50to120_HT-100to400_TuneCP5_13p6TeV_madgraphMLM-pythia8/MINIAODSIM/130X_mcRun3_2022_realistic_v5-v1/60000/82af8d2e-cee7-49be-943d-9fead8c55896.root
01-Feb-2025 16:29:45 CST  Successfully opened file root://cmsxrootd.fnal.gov//store/mc/Run3Summer22MiniAODv4/DYto2L-4Jets_MLL-50to120_HT-100to400_TuneCP5_13p6TeV_madgraphMLM-pythia8/MINIAODSIM/130X_mcRun3_2022_realistic_v5-v1/60000/82af8d2e-cee7-49be-943d-9fead8c55896.root
Begin processing the 300001st record. Run 1, Event 142896681, LumiSection 18761 on stream 0 at 01-Feb-2025 16:29:47.345 CST
01-Feb-2025 16:29:47 CST  Closed file root://cmsxrootd.fnal.gov//store/mc/Run3Summer22MiniAODv4/DYto2L-4Jets_MLL-50to120_HT-100to400_TuneCP5_13p6TeV_madgraphMLM-pythia8/MINIAODSIM/130X_mcRun3_2022_realistic_v5-v1/60000/82af8d2e-cee7-49be-943d-9fead8c55896.root
01-Feb-2025 16:29:47 CST  Initiating request to open file root://cmsxrootd.fnal.gov//store/mc/Run3Summer22MiniAODv4/DYto2L-4Jets_MLL-50to120_HT-100to400_TuneCP5_13p6TeV_madgraphMLM-pythia8/MINIAODSIM/130X_mcRun3_2022_realistic_v5-v1/60000/e91a8380-133f-470d-abf3-d019c0bd588d.root
01-Feb-2025 16:29:48 CST  Successfully opened file root://cmsxrootd.fnal.gov//store/mc/Run3Summer22MiniAODv4/DYto2L-4Jets_MLL-50to120_HT-100to400_TuneCP5_13p6TeV_madgraphMLM-pythia8/MINIAODSIM/130X_mcRun3_2022_realistic_v5-v1/60000/e91a8380-133f-470d-abf3-d019c0bd588d.root
01-Feb-2025 16:29:50 CST  Closed file root://cmsxrootd.fnal.gov//store/mc/Run3Summer22MiniAODv4/DYto2L-4Jets_MLL-50to120_HT-100to400_TuneCP5_13p6TeV_madgraphMLM-pythia8/MINIAODSIM/130X_mcRun3_2022_realistic_v5-v1/60000/e91a8380-133f-470d-abf3-d019c0bd588d.root
01-Feb-2025 16:29:50 CST  Initiating request to open file root://cmsxrootd.fnal.gov//store/mc/Run3Summer22MiniAODv4/DYto2L-4Jets_MLL-50to120_HT-100to400_TuneCP5_13p6TeV_madgraphMLM-pythia8/MINIAODSIM/130X_mcRun3_2022_realistic_v5-v1/60000/d64efb43-413a-48fe-9efd-b3c101ca088d.root
01-Feb-2025 16:29:51 CST  Successfully opened file root://cmsxrootd.fnal.gov//store/mc/Run3Summer22MiniAODv4/DYto2L-4Jets_MLL-50to120_HT-100to400_TuneCP5_13p6TeV_madgraphMLM-pythia8/MINIAODSIM/130X_mcRun3_2022_realistic_v5-v1/60000/d64efb43-413a-48fe-9efd-b3c101ca088d.root
Begin processing the 400001st record. Run 1, Event 161674754, LumiSection 21226 on stream 0 at 01-Feb-2025 16:29:52.587 CST
01-Feb-2025 16:29:52 CST  Closed file root://cmsxrootd.fnal.gov//store/mc/Run3Summer22MiniAODv4/DYto2L-4Jets_MLL-50to120_HT-100to400_TuneCP5_13p6TeV_madgraphMLM-pythia8/MINIAODSIM/130X_mcRun3_2022_realistic_v5-v1/60000/d64efb43-413a-48fe-9efd-b3c101ca088d.root
01-Feb-2025 16:29:52 CST  Initiating request to open file root://cmsxrootd.fnal.gov//store/mc/Run3Summer22MiniAODv4/DYto2L-4Jets_MLL-50to120_HT-100to400_TuneCP5_13p6TeV_madgraphMLM-pythia8/MINIAODSIM/130X_mcRun3_2022_realistic_v5-v1/60000/c1510558-06af-49b6-9add-a7dc777645da.root
01-Feb-2025 16:29:53 CST  Successfully opened file root://cmsxrootd.fnal.gov//store/mc/Run3Summer22MiniAODv4/DYto2L-4Jets_MLL-50to120_HT-100to400_TuneCP5_13p6TeV_madgraphMLM-pythia8/MINIAODSIM/130X_mcRun3_2022_realistic_v5-v1/60000/c1510558-06af-49b6-9add-a7dc777645da.root
01-Feb-2025 16:29:55 CST  Closed file root://cmsxrootd.fnal.gov//store/mc/Run3Summer22MiniAODv4/DYto2L-4Jets_MLL-50to120_HT-100to400_TuneCP5_13p6TeV_madgraphMLM-pythia8/MINIAODSIM/130X_mcRun3_2022_realistic_v5-v1/60000/c1510558-06af-49b6-9add-a7dc777645da.root
01-Feb-2025 16:29:55 CST  Initiating request to open file root://cmsxrootd.fnal.gov//store/mc/Run3Summer22MiniAODv4/DYto2L-4Jets_MLL-50to120_HT-100to400_TuneCP5_13p6TeV_madgraphMLM-pythia8/MINIAODSIM/130X_mcRun3_2022_realistic_v5-v1/60000/2deda52b-28e0-49a5-8067-4ba520d84b28.root
01-Feb-2025 16:29:56 CST  Successfully opened file root://cmsxrootd.fnal.gov//store/mc/Run3Summer22MiniAODv4/DYto2L-4Jets_MLL-50to120_HT-100to400_TuneCP5_13p6TeV_madgraphMLM-pythia8/MINIAODSIM/130X_mcRun3_2022_realistic_v5-v1/60000/2deda52b-28e0-49a5-8067-4ba520d84b28.root
Begin processing the 500001st record. Run 1, Event 55695471, LumiSection 7312 on stream 0 at 01-Feb-2025 16:29:57.892 CST
01-Feb-2025 16:29:58 CST  Closed file root://cmsxrootd.fnal.gov//store/mc/Run3Summer22MiniAODv4/DYto2L-4Jets_MLL-50to120_HT-100to400_TuneCP5_13p6TeV_madgraphMLM-pythia8/MINIAODSIM/130X_mcRun3_2022_realistic_v5-v1/60000/2deda52b-28e0-49a5-8067-4ba520d84b28.root
01-Feb-2025 16:29:58 CST  Initiating request to open file root://cmsxrootd.fnal.gov//store/mc/Run3Summer22MiniAODv4/DYto2L-4Jets_MLL-50to120_HT-100to400_TuneCP5_13p6TeV_madgraphMLM-pythia8/MINIAODSIM/130X_mcRun3_2022_realistic_v5-v1/60000/5d1cf920-8f06-4780-83bc-73788483efd4.root
01-Feb-2025 16:29:59 CST  Successfully opened file root://cmsxrootd.fnal.gov//store/mc/Run3Summer22MiniAODv4/DYto2L-4Jets_MLL-50to120_HT-100to400_TuneCP5_13p6TeV_madgraphMLM-pythia8/MINIAODSIM/130X_mcRun3_2022_realistic_v5-v1/60000/5d1cf920-8f06-4780-83bc-73788483efd4.root
01-Feb-2025 16:30:00 CST  Closed file root://cmsxrootd.fnal.gov//store/mc/Run3Summer22MiniAODv4/DYto2L-4Jets_MLL-50to120_HT-100to400_TuneCP5_13p6TeV_madgraphMLM-pythia8/MINIAODSIM/130X_mcRun3_2022_realistic_v5-v1/60000/5d1cf920-8f06-4780-83bc-73788483efd4.root
01-Feb-2025 16:30:00 CST  Initiating request to open file root://cmsxrootd.fnal.gov//store/mc/Run3Summer22MiniAODv4/DYto2L-4Jets_MLL-50to120_HT-100to400_TuneCP5_13p6TeV_madgraphMLM-pythia8/MINIAODSIM/130X_mcRun3_2022_realistic_v5-v1/60000/69d8346e-3dec-47fd-a771-4815df096b23.root
01-Feb-2025 16:30:02 CST  Successfully opened file root://cmsxrootd.fnal.gov//store/mc/Run3Summer22MiniAODv4/DYto2L-4Jets_MLL-50to120_HT-100to400_TuneCP5_13p6TeV_madgraphMLM-pythia8/MINIAODSIM/130X_mcRun3_2022_realistic_v5-v1/60000/69d8346e-3dec-47fd-a771-4815df096b23.root
Begin processing the 600001st record. Run 1, Event 60461386, LumiSection 7938 on stream 0 at 01-Feb-2025 16:30:02.810 CST
01-Feb-2025 16:30:03 CST  Closed file root://cmsxrootd.fnal.gov//store/mc/Run3Summer22MiniAODv4/DYto2L-4Jets_MLL-50to120_HT-100to400_TuneCP5_13p6TeV_madgraphMLM-pythia8/MINIAODSIM/130X_mcRun3_2022_realistic_v5-v1/60000/69d8346e-3dec-47fd-a771-4815df096b23.root
01-Feb-2025 16:30:03 CST  Initiating request to open file root://cmsxrootd.fnal.gov//store/mc/Run3Summer22MiniAODv4/DYto2L-4Jets_MLL-50to120_HT-100to400_TuneCP5_13p6TeV_madgraphMLM-pythia8/MINIAODSIM/130X_mcRun3_2022_realistic_v5-v1/60000/d000d794-45c8-40b6-8300-789e8d7f62d9.root
01-Feb-2025 16:30:04 CST  Successfully opened file root://cmsxrootd.fnal.gov//store/mc/Run3Summer22MiniAODv4/DYto2L-4Jets_MLL-50to120_HT-100to400_TuneCP5_13p6TeV_madgraphMLM-pythia8/MINIAODSIM/130X_mcRun3_2022_realistic_v5-v1/60000/d000d794-45c8-40b6-8300-789e8d7f62d9.root
01-Feb-2025 16:30:05 CST  Closed file root://cmsxrootd.fnal.gov//store/mc/Run3Summer22MiniAODv4/DYto2L-4Jets_MLL-50to120_HT-100to400_TuneCP5_13p6TeV_madgraphMLM-pythia8/MINIAODSIM/130X_mcRun3_2022_realistic_v5-v1/60000/d000d794-45c8-40b6-8300-789e8d7f62d9.root
01-Feb-2025 16:30:05 CST  Initiating request to open file root://cmsxrootd.fnal.gov//store/mc/Run3Summer22MiniAODv4/DYto2L-4Jets_MLL-50to120_HT-100to400_TuneCP5_13p6TeV_madgraphMLM-pythia8/MINIAODSIM/130X_mcRun3_2022_realistic_v5-v1/60000/012b50ce-4a1f-4573-93a3-c5215f2a7028.root
01-Feb-2025 16:30:06 CST  Successfully opened file root://cmsxrootd.fnal.gov//store/mc/Run3Summer22MiniAODv4/DYto2L-4Jets_MLL-50to120_HT-100to400_TuneCP5_13p6TeV_madgraphMLM-pythia8/MINIAODSIM/130X_mcRun3_2022_realistic_v5-v1/60000/012b50ce-4a1f-4573-93a3-c5215f2a7028.root
Begin processing the 700001st record. Run 1, Event 207168911, LumiSection 27199 on stream 0 at 01-Feb-2025 16:30:08.099 CST
01-Feb-2025 16:30:08 CST  Closed file root://cmsxrootd.fnal.gov//store/mc/Run3Summer22MiniAODv4/DYto2L-4Jets_MLL-50to120_HT-100to400_TuneCP5_13p6TeV_madgraphMLM-pythia8/MINIAODSIM/130X_mcRun3_2022_realistic_v5-v1/60000/012b50ce-4a1f-4573-93a3-c5215f2a7028.root
01-Feb-2025 16:30:08 CST  Initiating request to open file root://cmsxrootd.fnal.gov//store/mc/Run3Summer22MiniAODv4/DYto2L-4Jets_MLL-50to120_HT-100to400_TuneCP5_13p6TeV_madgraphMLM-pythia8/MINIAODSIM/130X_mcRun3_2022_realistic_v5-v1/60000/4ea1bc5a-4283-47d8-9ea9-5498d40bd143.root
01-Feb-2025 16:30:11 CST  Successfully opened file root://cmsxrootd.fnal.gov//store/mc/Run3Summer22MiniAODv4/DYto2L-4Jets_MLL-50to120_HT-100to400_TuneCP5_13p6TeV_madgraphMLM-pythia8/MINIAODSIM/130X_mcRun3_2022_realistic_v5-v1/60000/4ea1bc5a-4283-47d8-9ea9-5498d40bd143.root
01-Feb-2025 16:30:12 CST  Closed file root://cmsxrootd.fnal.gov//store/mc/Run3Summer22MiniAODv4/DYto2L-4Jets_MLL-50to120_HT-100to400_TuneCP5_13p6TeV_madgraphMLM-pythia8/MINIAODSIM/130X_mcRun3_2022_realistic_v5-v1/60000/4ea1bc5a-4283-47d8-9ea9-5498d40bd143.root
01-Feb-2025 16:30:12 CST  Initiating request to open file root://cmsxrootd.fnal.gov//store/mc/Run3Summer22MiniAODv4/DYto2L-4Jets_MLL-50to120_HT-100to400_TuneCP5_13p6TeV_madgraphMLM-pythia8/MINIAODSIM/130X_mcRun3_2022_realistic_v5-v1/60000/c246cc43-f76a-49e6-b929-e1706cb82b1e.root
01-Feb-2025 16:30:13 CST  Successfully opened file root://cmsxrootd.fnal.gov//store/mc/Run3Summer22MiniAODv4/DYto2L-4Jets_MLL-50to120_HT-100to400_TuneCP5_13p6TeV_madgraphMLM-pythia8/MINIAODSIM/130X_mcRun3_2022_realistic_v5-v1/60000/c246cc43-f76a-49e6-b929-e1706cb82b1e.root
Begin processing the 800001st record. Run 1, Event 160584724, LumiSection 21083 on stream 0 at 01-Feb-2025 16:30:14.482 CST
01-Feb-2025 16:30:14 CST  Closed file root://cmsxrootd.fnal.gov//store/mc/Run3Summer22MiniAODv4/DYto2L-4Jets_MLL-50to120_HT-100to400_TuneCP5_13p6TeV_madgraphMLM-pythia8/MINIAODSIM/130X_mcRun3_2022_realistic_v5-v1/60000/c246cc43-f76a-49e6-b929-e1706cb82b1e.root
01-Feb-2025 16:30:14 CST  Initiating request to open file root://cmsxrootd.fnal.gov//store/mc/Run3Summer22MiniAODv4/DYto2L-4Jets_MLL-50to120_HT-100to400_TuneCP5_13p6TeV_madgraphMLM-pythia8/MINIAODSIM/130X_mcRun3_2022_realistic_v5-v1/60000/5db48ab4-bfef-45fb-8118-938a180f3a6f.root
01-Feb-2025 16:30:15 CST  Successfully opened file root://cmsxrootd.fnal.gov//store/mc/Run3Summer22MiniAODv4/DYto2L-4Jets_MLL-50to120_HT-100to400_TuneCP5_13p6TeV_madgraphMLM-pythia8/MINIAODSIM/130X_mcRun3_2022_realistic_v5-v1/60000/5db48ab4-bfef-45fb-8118-938a180f3a6f.root
01-Feb-2025 16:30:17 CST  Closed file root://cmsxrootd.fnal.gov//store/mc/Run3Summer22MiniAODv4/DYto2L-4Jets_MLL-50to120_HT-100to400_TuneCP5_13p6TeV_madgraphMLM-pythia8/MINIAODSIM/130X_mcRun3_2022_realistic_v5-v1/60000/5db48ab4-bfef-45fb-8118-938a180f3a6f.root
01-Feb-2025 16:30:17 CST  Initiating request to open file root://cmsxrootd.fnal.gov//store/mc/Run3Summer22MiniAODv4/DYto2L-4Jets_MLL-50to120_HT-100to400_TuneCP5_13p6TeV_madgraphMLM-pythia8/MINIAODSIM/130X_mcRun3_2022_realistic_v5-v1/60000/09b964a6-5c8d-42a0-8248-77d229b64c0a.root
01-Feb-2025 16:30:18 CST  Successfully opened file root://cmsxrootd.fnal.gov//store/mc/Run3Summer22MiniAODv4/DYto2L-4Jets_MLL-50to120_HT-100to400_TuneCP5_13p6TeV_madgraphMLM-pythia8/MINIAODSIM/130X_mcRun3_2022_realistic_v5-v1/60000/09b964a6-5c8d-42a0-8248-77d229b64c0a.root
Begin processing the 900001st record. Run 1, Event 154735967, LumiSection 20315 on stream 0 at 01-Feb-2025 16:30:19.500 CST
01-Feb-2025 16:30:19 CST  Closed file root://cmsxrootd.fnal.gov//store/mc/Run3Summer22MiniAODv4/DYto2L-4Jets_MLL-50to120_HT-100to400_TuneCP5_13p6TeV_madgraphMLM-pythia8/MINIAODSIM/130X_mcRun3_2022_realistic_v5-v1/60000/09b964a6-5c8d-42a0-8248-77d229b64c0a.root
01-Feb-2025 16:30:19 CST  Initiating request to open file root://cmsxrootd.fnal.gov//store/mc/Run3Summer22MiniAODv4/DYto2L-4Jets_MLL-50to120_HT-100to400_TuneCP5_13p6TeV_madgraphMLM-pythia8/MINIAODSIM/130X_mcRun3_2022_realistic_v5-v1/60000/e668fe92-4487-4386-afc0-095c3f7596ce.root
01-Feb-2025 16:30:21 CST  Successfully opened file root://cmsxrootd.fnal.gov//store/mc/Run3Summer22MiniAODv4/DYto2L-4Jets_MLL-50to120_HT-100to400_TuneCP5_13p6TeV_madgraphMLM-pythia8/MINIAODSIM/130X_mcRun3_2022_realistic_v5-v1/60000/e668fe92-4487-4386-afc0-095c3f7596ce.root
01-Feb-2025 16:30:23 CST  Closed file root://cmsxrootd.fnal.gov//store/mc/Run3Summer22MiniAODv4/DYto2L-4Jets_MLL-50to120_HT-100to400_TuneCP5_13p6TeV_madgraphMLM-pythia8/MINIAODSIM/130X_mcRun3_2022_realistic_v5-v1/60000/e668fe92-4487-4386-afc0-095c3f7596ce.root
01-Feb-2025 16:30:23 CST  Initiating request to open file root://cmsxrootd.fnal.gov//store/mc/Run3Summer22MiniAODv4/DYto2L-4Jets_MLL-50to120_HT-100to400_TuneCP5_13p6TeV_madgraphMLM-pythia8/MINIAODSIM/130X_mcRun3_2022_realistic_v5-v1/60000/823146bb-798a-4c87-8e81-0a936beb70f2.root
01-Feb-2025 16:30:24 CST  Successfully opened file root://cmsxrootd.fnal.gov//store/mc/Run3Summer22MiniAODv4/DYto2L-4Jets_MLL-50to120_HT-100to400_TuneCP5_13p6TeV_madgraphMLM-pythia8/MINIAODSIM/130X_mcRun3_2022_realistic_v5-v1/60000/823146bb-798a-4c87-8e81-0a936beb70f2.root
    563.976000      1.338710   1507.866000             3
    564.846000      1.652100   1507.866000             2
    309.574000      1.473620   1507.866000             1
     60.683400      0.489763   1507.866000             0
 
01-Feb-2025 16:30:25 CST  Closed file root://cmsxrootd.fnal.gov//store/mc/Run3Summer22MiniAODv4/DYto2L-4Jets_MLL-50to120_HT-100to400_TuneCP5_13p6TeV_madgraphMLM-pythia8/MINIAODSIM/130X_mcRun3_2022_realistic_v5-v1/60000/823146bb-798a-4c87-8e81-0a936beb70f2.root

------------------------------------
GenXsecAnalyzer:
------------------------------------
-------------------------------------------------------------------------------------------------------------------------------------------------------------------------- 
Overall cross-section summary 
--------------------------------------------------------------------------------------------------------------------------------------------------------------------------
Process		xsec_before [pb]		passed	nposw	nnegw	tried	nposw	nnegw 	xsec_match [pb]			accepted [%]	 event_eff [%]
0		6.059e+01 +/- 8.772e-03		137407	137407	0	452656	452656	0	1.839e+01 +/- 4.149e-02		30.4 +/- 0.1	30.4 +/- 0.1
1		3.112e+02 +/- 2.651e-02		497971	497971	0	2309254	2309254	0	6.711e+01 +/- 8.441e-02		21.6 +/- 0.0	21.6 +/- 0.0
2		5.648e+02 +/- 2.921e-02		449411	449411	0	4364958	4364958	0	5.815e+01 +/- 8.221e-02		10.3 +/- 0.0	10.3 +/- 0.0
3		5.653e+02 +/- 2.476e-02		287448	287448	0	4363531	4363531	0	3.724e+01 +/- 6.715e-02		6.6 +/- 0.0	6.6 +/- 0.0
-------------------------------------------------------------------------------------------------------------------------------------------------------------------------- 
Total		1.502e+03 +/- 4.739e-02		1372237	1372237	0	11490399	11490399	0	1.794e+02 +/- 1.438e-01		11.9 +/- 0.0	11.9 +/- 0.0
--------------------------------------------------------------------------------------------------------------------------------------------------------------------------
Before matching: total cross section = 1.502e+03 +- 4.739e-02 pb
After matching: total cross section = 1.794e+02 +- 1.438e-01 pb
Matching efficiency = 0.1 +/- 0.0   [TO BE USED IN MCM]
Filter efficiency (taking into account weights)= (1.50275e+09) / (1.50275e+09) = 1.000e+00 +- 0.000e+00
Filter efficiency (event-level)= (1.0006e+06) / (1.0006e+06) = 1.000e+00 +- 0.000e+00    [TO BE USED IN MCM]

After filter: final cross section = 1.794e+02 +- 1.438e-01 pb
After filter: final fraction of events with negative weights = 0.000e+00 +- 0.000e+00
After filter: final equivalent lumi for 1M events (1/fb) = 5.575e+00 +- 7.146e-03
