01-Feb-2025 17:16:14 CST  Initiating request to open file root://cmsxrootd.fnal.gov//store/mc/Run3Summer22MiniAODv4/TbarWplusto2L2Nu_TuneCP5_13p6TeV_powheg-pythia8/MINIAODSIM/130X_mcRun3_2022_realistic_v5-v2/30000/19fd1931-42f2-41bb-8e5e-30bafc2c7382.root
01-Feb-2025 17:16:19 CST  Successfully opened file root://cmsxrootd.fnal.gov//store/mc/Run3Summer22MiniAODv4/TbarWplusto2L2Nu_TuneCP5_13p6TeV_powheg-pythia8/MINIAODSIM/130X_mcRun3_2022_realistic_v5-v2/30000/19fd1931-42f2-41bb-8e5e-30bafc2c7382.root
Begin processing the 1st record. Run 1, Event 1211256, LumiSection 1674 on stream 0 at 01-Feb-2025 17:16:20.851 CST
01-Feb-2025 17:16:21 CST  Closed file root://cmsxrootd.fnal.gov//store/mc/Run3Summer22MiniAODv4/TbarWplusto2L2Nu_TuneCP5_13p6TeV_powheg-pythia8/MINIAODSIM/130X_mcRun3_2022_realistic_v5-v2/30000/19fd1931-42f2-41bb-8e5e-30bafc2c7382.root
01-Feb-2025 17:16:21 CST  Initiating request to open file root://cmsxrootd.fnal.gov//store/mc/Run3Summer22MiniAODv4/TbarWplusto2L2Nu_TuneCP5_13p6TeV_powheg-pythia8/MINIAODSIM/130X_mcRun3_2022_realistic_v5-v2/30000/914a905b-c270-455d-acee-4a3411a3ff46.root
01-Feb-2025 17:16:24 CST  Successfully opened file root://cmsxrootd.fnal.gov//store/mc/Run3Summer22MiniAODv4/TbarWplusto2L2Nu_TuneCP5_13p6TeV_powheg-pythia8/MINIAODSIM/130X_mcRun3_2022_realistic_v5-v2/30000/914a905b-c270-455d-acee-4a3411a3ff46.root
Begin processing the 100001st record. Run 1, Event 1565375, LumiSection 2163 on stream 0 at 01-Feb-2025 17:16:26.573 CST
01-Feb-2025 17:16:26 CST  Closed file root://cmsxrootd.fnal.gov//store/mc/Run3Summer22MiniAODv4/TbarWplusto2L2Nu_TuneCP5_13p6TeV_powheg-pythia8/MINIAODSIM/130X_mcRun3_2022_realistic_v5-v2/30000/914a905b-c270-455d-acee-4a3411a3ff46.root
01-Feb-2025 17:16:26 CST  Initiating request to open file root://cmsxrootd.fnal.gov//store/mc/Run3Summer22MiniAODv4/TbarWplusto2L2Nu_TuneCP5_13p6TeV_powheg-pythia8/MINIAODSIM/130X_mcRun3_2022_realistic_v5-v2/2540000/a6d26ccb-6fab-4d78-8cf3-4bcff5643d3f.root
01-Feb-2025 17:16:29 CST  Successfully opened file root://cmsxrootd.fnal.gov//store/mc/Run3Summer22MiniAODv4/TbarWplusto2L2Nu_TuneCP5_13p6TeV_powheg-pythia8/MINIAODSIM/130X_mcRun3_2022_realistic_v5-v2/2540000/a6d26ccb-6fab-4d78-8cf3-4bcff5643d3f.root
01-Feb-2025 17:16:31 CST  Closed file root://cmsxrootd.fnal.gov//store/mc/Run3Summer22MiniAODv4/TbarWplusto2L2Nu_TuneCP5_13p6TeV_powheg-pythia8/MINIAODSIM/130X_mcRun3_2022_realistic_v5-v2/2540000/a6d26ccb-6fab-4d78-8cf3-4bcff5643d3f.root
01-Feb-2025 17:16:31 CST  Initiating request to open file root://cmsxrootd.fnal.gov//store/mc/Run3Summer22MiniAODv4/TbarWplusto2L2Nu_TuneCP5_13p6TeV_powheg-pythia8/MINIAODSIM/130X_mcRun3_2022_realistic_v5-v2/2540000/1161bda1-93c3-4f43-b21b-dc79d9ec4193.root
01-Feb-2025 17:16:33 CST  Successfully opened file root://cmsxrootd.fnal.gov//store/mc/Run3Summer22MiniAODv4/TbarWplusto2L2Nu_TuneCP5_13p6TeV_powheg-pythia8/MINIAODSIM/130X_mcRun3_2022_realistic_v5-v2/2540000/1161bda1-93c3-4f43-b21b-dc79d9ec4193.root
01-Feb-2025 17:16:35 CST  Closed file root://cmsxrootd.fnal.gov//store/mc/Run3Summer22MiniAODv4/TbarWplusto2L2Nu_TuneCP5_13p6TeV_powheg-pythia8/MINIAODSIM/130X_mcRun3_2022_realistic_v5-v2/2540000/1161bda1-93c3-4f43-b21b-dc79d9ec4193.root
01-Feb-2025 17:16:35 CST  Initiating request to open file root://cmsxrootd.fnal.gov//store/mc/Run3Summer22MiniAODv4/TbarWplusto2L2Nu_TuneCP5_13p6TeV_powheg-pythia8/MINIAODSIM/130X_mcRun3_2022_realistic_v5-v2/2540000/5c49e54c-5b7d-4f45-b673-32ad3d588606.root
01-Feb-2025 17:16:37 CST  Successfully opened file root://cmsxrootd.fnal.gov//store/mc/Run3Summer22MiniAODv4/TbarWplusto2L2Nu_TuneCP5_13p6TeV_powheg-pythia8/MINIAODSIM/130X_mcRun3_2022_realistic_v5-v2/2540000/5c49e54c-5b7d-4f45-b673-32ad3d588606.root
Begin processing the 200001st record. Run 1, Event 491046, LumiSection 679 on stream 0 at 01-Feb-2025 17:16:39.178 CST
01-Feb-2025 17:16:39 CST  Closed file root://cmsxrootd.fnal.gov//store/mc/Run3Summer22MiniAODv4/TbarWplusto2L2Nu_TuneCP5_13p6TeV_powheg-pythia8/MINIAODSIM/130X_mcRun3_2022_realistic_v5-v2/2540000/5c49e54c-5b7d-4f45-b673-32ad3d588606.root
01-Feb-2025 17:16:39 CST  Initiating request to open file root://cmsxrootd.fnal.gov//store/mc/Run3Summer22MiniAODv4/TbarWplusto2L2Nu_TuneCP5_13p6TeV_powheg-pythia8/MINIAODSIM/130X_mcRun3_2022_realistic_v5-v2/50000/b1cd777d-a6c8-42aa-9dee-bc8d3f8a07ec.root
01-Feb-2025 17:16:41 CST  Successfully opened file root://cmsxrootd.fnal.gov//store/mc/Run3Summer22MiniAODv4/TbarWplusto2L2Nu_TuneCP5_13p6TeV_powheg-pythia8/MINIAODSIM/130X_mcRun3_2022_realistic_v5-v2/50000/b1cd777d-a6c8-42aa-9dee-bc8d3f8a07ec.root
01-Feb-2025 17:16:44 CST  Closed file root://cmsxrootd.fnal.gov//store/mc/Run3Summer22MiniAODv4/TbarWplusto2L2Nu_TuneCP5_13p6TeV_powheg-pythia8/MINIAODSIM/130X_mcRun3_2022_realistic_v5-v2/50000/b1cd777d-a6c8-42aa-9dee-bc8d3f8a07ec.root
01-Feb-2025 17:16:44 CST  Initiating request to open file root://cmsxrootd.fnal.gov//store/mc/Run3Summer22MiniAODv4/TbarWplusto2L2Nu_TuneCP5_13p6TeV_powheg-pythia8/MINIAODSIM/130X_mcRun3_2022_realistic_v5-v2/40000/aa4b9cdd-4e61-4541-a8a0-96efa6d560f5.root
01-Feb-2025 17:16:47 CST  Successfully opened file root://cmsxrootd.fnal.gov//store/mc/Run3Summer22MiniAODv4/TbarWplusto2L2Nu_TuneCP5_13p6TeV_powheg-pythia8/MINIAODSIM/130X_mcRun3_2022_realistic_v5-v2/40000/aa4b9cdd-4e61-4541-a8a0-96efa6d560f5.root
Begin processing the 300001st record. Run 1, Event 1711802, LumiSection 2365 on stream 0 at 01-Feb-2025 17:16:49.176 CST
01-Feb-2025 17:16:49 CST  Closed file root://cmsxrootd.fnal.gov//store/mc/Run3Summer22MiniAODv4/TbarWplusto2L2Nu_TuneCP5_13p6TeV_powheg-pythia8/MINIAODSIM/130X_mcRun3_2022_realistic_v5-v2/40000/aa4b9cdd-4e61-4541-a8a0-96efa6d560f5.root
01-Feb-2025 17:16:49 CST  Initiating request to open file root://cmsxrootd.fnal.gov//store/mc/Run3Summer22MiniAODv4/TbarWplusto2L2Nu_TuneCP5_13p6TeV_powheg-pythia8/MINIAODSIM/130X_mcRun3_2022_realistic_v5-v2/40000/bd050efd-6d92-4e99-8200-def2a853ed0c.root
01-Feb-2025 17:16:52 CST  Successfully opened file root://cmsxrootd.fnal.gov//store/mc/Run3Summer22MiniAODv4/TbarWplusto2L2Nu_TuneCP5_13p6TeV_powheg-pythia8/MINIAODSIM/130X_mcRun3_2022_realistic_v5-v2/40000/bd050efd-6d92-4e99-8200-def2a853ed0c.root
01-Feb-2025 17:16:55 CST  Closed file root://cmsxrootd.fnal.gov//store/mc/Run3Summer22MiniAODv4/TbarWplusto2L2Nu_TuneCP5_13p6TeV_powheg-pythia8/MINIAODSIM/130X_mcRun3_2022_realistic_v5-v2/40000/bd050efd-6d92-4e99-8200-def2a853ed0c.root
01-Feb-2025 17:16:55 CST  Initiating request to open file root://cmsxrootd.fnal.gov//store/mc/Run3Summer22MiniAODv4/TbarWplusto2L2Nu_TuneCP5_13p6TeV_powheg-pythia8/MINIAODSIM/130X_mcRun3_2022_realistic_v5-v2/40000/0a4a83f4-a371-4fbb-baa6-4d8d8cba119a.root
01-Feb-2025 17:16:57 CST  Successfully opened file root://cmsxrootd.fnal.gov//store/mc/Run3Summer22MiniAODv4/TbarWplusto2L2Nu_TuneCP5_13p6TeV_powheg-pythia8/MINIAODSIM/130X_mcRun3_2022_realistic_v5-v2/40000/0a4a83f4-a371-4fbb-baa6-4d8d8cba119a.root
Begin processing the 400001st record. Run 1, Event 609952, LumiSection 843 on stream 0 at 01-Feb-2025 17:16:59.762 CST
01-Feb-2025 17:17:00 CST  Closed file root://cmsxrootd.fnal.gov//store/mc/Run3Summer22MiniAODv4/TbarWplusto2L2Nu_TuneCP5_13p6TeV_powheg-pythia8/MINIAODSIM/130X_mcRun3_2022_realistic_v5-v2/40000/0a4a83f4-a371-4fbb-baa6-4d8d8cba119a.root
01-Feb-2025 17:17:00 CST  Initiating request to open file root://cmsxrootd.fnal.gov//store/mc/Run3Summer22MiniAODv4/TbarWplusto2L2Nu_TuneCP5_13p6TeV_powheg-pythia8/MINIAODSIM/130X_mcRun3_2022_realistic_v5-v2/40000/461c4dbd-6744-4e02-b6b3-95d5597990b3.root
[2025-02-01 17:17:46.630667 -0600][Error  ][AsyncSock         ] [xrootd-se37-vanderbilt.sites.opensciencegrid.org:1094.0] Socket error while handshaking: [ERROR] Socket timeout
[2025-02-01 17:17:46.630770 -0600][Error  ][PostMaster        ] [xrootd-se37-vanderbilt.sites.opensciencegrid.org:1094] elapsed = 45, pConnectionWindow = 31 seconds.
01-Feb-2025 17:17:48 CST  Successfully opened file root://cmsxrootd.fnal.gov//store/mc/Run3Summer22MiniAODv4/TbarWplusto2L2Nu_TuneCP5_13p6TeV_powheg-pythia8/MINIAODSIM/130X_mcRun3_2022_realistic_v5-v2/40000/461c4dbd-6744-4e02-b6b3-95d5597990b3.root
01-Feb-2025 17:17:49 CST  Closed file root://cmsxrootd.fnal.gov//store/mc/Run3Summer22MiniAODv4/TbarWplusto2L2Nu_TuneCP5_13p6TeV_powheg-pythia8/MINIAODSIM/130X_mcRun3_2022_realistic_v5-v2/40000/461c4dbd-6744-4e02-b6b3-95d5597990b3.root
01-Feb-2025 17:17:49 CST  Initiating request to open file root://cmsxrootd.fnal.gov//store/mc/Run3Summer22MiniAODv4/TbarWplusto2L2Nu_TuneCP5_13p6TeV_powheg-pythia8/MINIAODSIM/130X_mcRun3_2022_realistic_v5-v2/50000/8f313418-8057-498f-9b24-8ab1178afa9a.root
01-Feb-2025 17:17:52 CST  Successfully opened file root://cmsxrootd.fnal.gov//store/mc/Run3Summer22MiniAODv4/TbarWplusto2L2Nu_TuneCP5_13p6TeV_powheg-pythia8/MINIAODSIM/130X_mcRun3_2022_realistic_v5-v2/50000/8f313418-8057-498f-9b24-8ab1178afa9a.root
Begin processing the 500001st record. Run 1, Event 794673, LumiSection 1098 on stream 0 at 01-Feb-2025 17:17:53.521 CST
01-Feb-2025 17:17:53 CST  Closed file root://cmsxrootd.fnal.gov//store/mc/Run3Summer22MiniAODv4/TbarWplusto2L2Nu_TuneCP5_13p6TeV_powheg-pythia8/MINIAODSIM/130X_mcRun3_2022_realistic_v5-v2/50000/8f313418-8057-498f-9b24-8ab1178afa9a.root
01-Feb-2025 17:17:53 CST  Initiating request to open file root://cmsxrootd.fnal.gov//store/mc/Run3Summer22MiniAODv4/TbarWplusto2L2Nu_TuneCP5_13p6TeV_powheg-pythia8/MINIAODSIM/130X_mcRun3_2022_realistic_v5-v2/30000/3c03b479-b090-4717-b2a0-96f50195976c.root
01-Feb-2025 17:17:55 CST  Successfully opened file root://cmsxrootd.fnal.gov//store/mc/Run3Summer22MiniAODv4/TbarWplusto2L2Nu_TuneCP5_13p6TeV_powheg-pythia8/MINIAODSIM/130X_mcRun3_2022_realistic_v5-v2/30000/3c03b479-b090-4717-b2a0-96f50195976c.root
01-Feb-2025 17:17:57 CST  Closed file root://cmsxrootd.fnal.gov//store/mc/Run3Summer22MiniAODv4/TbarWplusto2L2Nu_TuneCP5_13p6TeV_powheg-pythia8/MINIAODSIM/130X_mcRun3_2022_realistic_v5-v2/30000/3c03b479-b090-4717-b2a0-96f50195976c.root
01-Feb-2025 17:17:57 CST  Initiating request to open file root://cmsxrootd.fnal.gov//store/mc/Run3Summer22MiniAODv4/TbarWplusto2L2Nu_TuneCP5_13p6TeV_powheg-pythia8/MINIAODSIM/130X_mcRun3_2022_realistic_v5-v2/50000/4ef5b13f-bb5f-4be1-a897-210a5a511a45.root
01-Feb-2025 17:18:00 CST  Successfully opened file root://cmsxrootd.fnal.gov//store/mc/Run3Summer22MiniAODv4/TbarWplusto2L2Nu_TuneCP5_13p6TeV_powheg-pythia8/MINIAODSIM/130X_mcRun3_2022_realistic_v5-v2/50000/4ef5b13f-bb5f-4be1-a897-210a5a511a45.root
01-Feb-2025 17:18:02 CST  Closed file root://cmsxrootd.fnal.gov//store/mc/Run3Summer22MiniAODv4/TbarWplusto2L2Nu_TuneCP5_13p6TeV_powheg-pythia8/MINIAODSIM/130X_mcRun3_2022_realistic_v5-v2/50000/4ef5b13f-bb5f-4be1-a897-210a5a511a45.root
01-Feb-2025 17:18:02 CST  Initiating request to open file root://cmsxrootd.fnal.gov//store/mc/Run3Summer22MiniAODv4/TbarWplusto2L2Nu_TuneCP5_13p6TeV_powheg-pythia8/MINIAODSIM/130X_mcRun3_2022_realistic_v5-v2/50000/4acd4f2c-0d91-4b89-af71-14f06ea5d8fb.root
01-Feb-2025 17:18:04 CST  Successfully opened file root://cmsxrootd.fnal.gov//store/mc/Run3Summer22MiniAODv4/TbarWplusto2L2Nu_TuneCP5_13p6TeV_powheg-pythia8/MINIAODSIM/130X_mcRun3_2022_realistic_v5-v2/50000/4acd4f2c-0d91-4b89-af71-14f06ea5d8fb.root
Begin processing the 600001st record. Run 1, Event 843258, LumiSection 1165 on stream 0 at 01-Feb-2025 17:18:07.236 CST
01-Feb-2025 17:18:07 CST  Closed file root://cmsxrootd.fnal.gov//store/mc/Run3Summer22MiniAODv4/TbarWplusto2L2Nu_TuneCP5_13p6TeV_powheg-pythia8/MINIAODSIM/130X_mcRun3_2022_realistic_v5-v2/50000/4acd4f2c-0d91-4b89-af71-14f06ea5d8fb.root
01-Feb-2025 17:18:07 CST  Initiating request to open file root://cmsxrootd.fnal.gov//store/mc/Run3Summer22MiniAODv4/TbarWplusto2L2Nu_TuneCP5_13p6TeV_powheg-pythia8/MINIAODSIM/130X_mcRun3_2022_realistic_v5-v2/50000/3b4fc987-6470-4d8e-8558-900ae3149aac.root
01-Feb-2025 17:18:09 CST  Successfully opened file root://cmsxrootd.fnal.gov//store/mc/Run3Summer22MiniAODv4/TbarWplusto2L2Nu_TuneCP5_13p6TeV_powheg-pythia8/MINIAODSIM/130X_mcRun3_2022_realistic_v5-v2/50000/3b4fc987-6470-4d8e-8558-900ae3149aac.root
01-Feb-2025 17:18:11 CST  Closed file root://cmsxrootd.fnal.gov//store/mc/Run3Summer22MiniAODv4/TbarWplusto2L2Nu_TuneCP5_13p6TeV_powheg-pythia8/MINIAODSIM/130X_mcRun3_2022_realistic_v5-v2/50000/3b4fc987-6470-4d8e-8558-900ae3149aac.root
01-Feb-2025 17:18:11 CST  Initiating request to open file root://cmsxrootd.fnal.gov//store/mc/Run3Summer22MiniAODv4/TbarWplusto2L2Nu_TuneCP5_13p6TeV_powheg-pythia8/MINIAODSIM/130X_mcRun3_2022_realistic_v5-v2/40000/fa39c227-a9db-44ae-a1fd-7f61cd945795.root
01-Feb-2025 17:18:14 CST  Successfully opened file root://cmsxrootd.fnal.gov//store/mc/Run3Summer22MiniAODv4/TbarWplusto2L2Nu_TuneCP5_13p6TeV_powheg-pythia8/MINIAODSIM/130X_mcRun3_2022_realistic_v5-v2/40000/fa39c227-a9db-44ae-a1fd-7f61cd945795.root
01-Feb-2025 17:18:15 CST  Closed file root://cmsxrootd.fnal.gov//store/mc/Run3Summer22MiniAODv4/TbarWplusto2L2Nu_TuneCP5_13p6TeV_powheg-pythia8/MINIAODSIM/130X_mcRun3_2022_realistic_v5-v2/40000/fa39c227-a9db-44ae-a1fd-7f61cd945795.root
01-Feb-2025 17:18:15 CST  Initiating request to open file root://cmsxrootd.fnal.gov//store/mc/Run3Summer22MiniAODv4/TbarWplusto2L2Nu_TuneCP5_13p6TeV_powheg-pythia8/MINIAODSIM/130X_mcRun3_2022_realistic_v5-v2/40000/e1ec2e0e-ea89-400e-a2cd-b1920de3c993.root
01-Feb-2025 17:18:18 CST  Successfully opened file root://cmsxrootd.fnal.gov//store/mc/Run3Summer22MiniAODv4/TbarWplusto2L2Nu_TuneCP5_13p6TeV_powheg-pythia8/MINIAODSIM/130X_mcRun3_2022_realistic_v5-v2/40000/e1ec2e0e-ea89-400e-a2cd-b1920de3c993.root
Begin processing the 700001st record. Run 1, Event 867241, LumiSection 1198 on stream 0 at 01-Feb-2025 17:18:20.374 CST
01-Feb-2025 17:18:20 CST  Closed file root://cmsxrootd.fnal.gov//store/mc/Run3Summer22MiniAODv4/TbarWplusto2L2Nu_TuneCP5_13p6TeV_powheg-pythia8/MINIAODSIM/130X_mcRun3_2022_realistic_v5-v2/40000/e1ec2e0e-ea89-400e-a2cd-b1920de3c993.root
01-Feb-2025 17:18:20 CST  Initiating request to open file root://cmsxrootd.fnal.gov//store/mc/Run3Summer22MiniAODv4/TbarWplusto2L2Nu_TuneCP5_13p6TeV_powheg-pythia8/MINIAODSIM/130X_mcRun3_2022_realistic_v5-v2/40000/f3ada070-2b63-4b21-9843-c9fd44d0e0a9.root
01-Feb-2025 17:18:22 CST  Successfully opened file root://cmsxrootd.fnal.gov//store/mc/Run3Summer22MiniAODv4/TbarWplusto2L2Nu_TuneCP5_13p6TeV_powheg-pythia8/MINIAODSIM/130X_mcRun3_2022_realistic_v5-v2/40000/f3ada070-2b63-4b21-9843-c9fd44d0e0a9.root
01-Feb-2025 17:18:25 CST  Closed file root://cmsxrootd.fnal.gov//store/mc/Run3Summer22MiniAODv4/TbarWplusto2L2Nu_TuneCP5_13p6TeV_powheg-pythia8/MINIAODSIM/130X_mcRun3_2022_realistic_v5-v2/40000/f3ada070-2b63-4b21-9843-c9fd44d0e0a9.root
01-Feb-2025 17:18:25 CST  Initiating request to open file root://cmsxrootd.fnal.gov//store/mc/Run3Summer22MiniAODv4/TbarWplusto2L2Nu_TuneCP5_13p6TeV_powheg-pythia8/MINIAODSIM/130X_mcRun3_2022_realistic_v5-v2/40000/96f3ee74-d692-413c-90d1-c5afd82656ac.root
01-Feb-2025 17:18:29 CST  Successfully opened file root://cmsxrootd.fnal.gov//store/mc/Run3Summer22MiniAODv4/TbarWplusto2L2Nu_TuneCP5_13p6TeV_powheg-pythia8/MINIAODSIM/130X_mcRun3_2022_realistic_v5-v2/40000/96f3ee74-d692-413c-90d1-c5afd82656ac.root
Begin processing the 800001st record. Run 1, Event 2065552, LumiSection 2853 on stream 0 at 01-Feb-2025 17:18:31.187 CST
01-Feb-2025 17:18:31 CST  Closed file root://cmsxrootd.fnal.gov//store/mc/Run3Summer22MiniAODv4/TbarWplusto2L2Nu_TuneCP5_13p6TeV_powheg-pythia8/MINIAODSIM/130X_mcRun3_2022_realistic_v5-v2/40000/96f3ee74-d692-413c-90d1-c5afd82656ac.root
01-Feb-2025 17:18:31 CST  Initiating request to open file root://cmsxrootd.fnal.gov//store/mc/Run3Summer22MiniAODv4/TbarWplusto2L2Nu_TuneCP5_13p6TeV_powheg-pythia8/MINIAODSIM/130X_mcRun3_2022_realistic_v5-v2/50000/a21a9159-0812-41f0-8abd-db6c20dac5d6.root
01-Feb-2025 17:18:33 CST  Successfully opened file root://cmsxrootd.fnal.gov//store/mc/Run3Summer22MiniAODv4/TbarWplusto2L2Nu_TuneCP5_13p6TeV_powheg-pythia8/MINIAODSIM/130X_mcRun3_2022_realistic_v5-v2/50000/a21a9159-0812-41f0-8abd-db6c20dac5d6.root
01-Feb-2025 17:18:35 CST  Closed file root://cmsxrootd.fnal.gov//store/mc/Run3Summer22MiniAODv4/TbarWplusto2L2Nu_TuneCP5_13p6TeV_powheg-pythia8/MINIAODSIM/130X_mcRun3_2022_realistic_v5-v2/50000/a21a9159-0812-41f0-8abd-db6c20dac5d6.root
01-Feb-2025 17:18:35 CST  Initiating request to open file root://cmsxrootd.fnal.gov//store/mc/Run3Summer22MiniAODv4/TbarWplusto2L2Nu_TuneCP5_13p6TeV_powheg-pythia8/MINIAODSIM/130X_mcRun3_2022_realistic_v5-v2/50000/4e377082-e121-4c01-a691-cbc09bc00bd4.root
01-Feb-2025 17:18:37 CST  Successfully opened file root://cmsxrootd.fnal.gov//store/mc/Run3Summer22MiniAODv4/TbarWplusto2L2Nu_TuneCP5_13p6TeV_powheg-pythia8/MINIAODSIM/130X_mcRun3_2022_realistic_v5-v2/50000/4e377082-e121-4c01-a691-cbc09bc00bd4.root
Begin processing the 900001st record. Run 1, Event 562589, LumiSection 778 on stream 0 at 01-Feb-2025 17:18:40.032 CST
01-Feb-2025 17:18:40 CST  Closed file root://cmsxrootd.fnal.gov//store/mc/Run3Summer22MiniAODv4/TbarWplusto2L2Nu_TuneCP5_13p6TeV_powheg-pythia8/MINIAODSIM/130X_mcRun3_2022_realistic_v5-v2/50000/4e377082-e121-4c01-a691-cbc09bc00bd4.root
01-Feb-2025 17:18:40 CST  Initiating request to open file root://cmsxrootd.fnal.gov//store/mc/Run3Summer22MiniAODv4/TbarWplusto2L2Nu_TuneCP5_13p6TeV_powheg-pythia8/MINIAODSIM/130X_mcRun3_2022_realistic_v5-v2/50000/91917bfa-4a5d-44d0-ad03-f5e183f2f9c3.root
01-Feb-2025 17:18:42 CST  Successfully opened file root://cmsxrootd.fnal.gov//store/mc/Run3Summer22MiniAODv4/TbarWplusto2L2Nu_TuneCP5_13p6TeV_powheg-pythia8/MINIAODSIM/130X_mcRun3_2022_realistic_v5-v2/50000/91917bfa-4a5d-44d0-ad03-f5e183f2f9c3.root
01-Feb-2025 17:18:47 CST  Closed file root://cmsxrootd.fnal.gov//store/mc/Run3Summer22MiniAODv4/TbarWplusto2L2Nu_TuneCP5_13p6TeV_powheg-pythia8/MINIAODSIM/130X_mcRun3_2022_realistic_v5-v2/50000/91917bfa-4a5d-44d0-ad03-f5e183f2f9c3.root
01-Feb-2025 17:18:47 CST  Initiating request to open file root://cmsxrootd.fnal.gov//store/mc/Run3Summer22MiniAODv4/TbarWplusto2L2Nu_TuneCP5_13p6TeV_powheg-pythia8/MINIAODSIM/130X_mcRun3_2022_realistic_v5-v2/50000/889ff604-999a-463b-a2e0-c1e8da616337.root
01-Feb-2025 17:18:50 CST  Successfully opened file root://cmsxrootd.fnal.gov//store/mc/Run3Summer22MiniAODv4/TbarWplusto2L2Nu_TuneCP5_13p6TeV_powheg-pythia8/MINIAODSIM/130X_mcRun3_2022_realistic_v5-v2/50000/889ff604-999a-463b-a2e0-c1e8da616337.root
     36.053640      0.025919      1.000000         10000
 
01-Feb-2025 17:18:52 CST  Closed file root://cmsxrootd.fnal.gov//store/mc/Run3Summer22MiniAODv4/TbarWplusto2L2Nu_TuneCP5_13p6TeV_powheg-pythia8/MINIAODSIM/130X_mcRun3_2022_realistic_v5-v2/50000/889ff604-999a-463b-a2e0-c1e8da616337.root

------------------------------------
GenXsecAnalyzer:
------------------------------------
-------------------------------------------------------------------------------------------------------------------------------------------------------------------------- 
Overall cross-section summary 
--------------------------------------------------------------------------------------------------------------------------------------------------------------------------
Process		xsec_before [pb]		passed	nposw	nnegw	tried	nposw	nnegw 	xsec_match [pb]			accepted [%]	 event_eff [%]
-------------------------------------------------------------------------------------------------------------------------------------------------------------------------- 
Total		3.605e+01 +/- 1.296e-02		2000468	2000440	28	2000468	2000440	28	3.605e+01 +/- 1.296e-02		100.0 +/- 0.0	100.0 +/- 0.0
--------------------------------------------------------------------------------------------------------------------------------------------------------------------------
Before matching: total cross section = 3.605e+01 +- 1.296e-02 pb
After matching: total cross section = 3.605e+01 +- 1.296e-02 pb
Matching efficiency = 1.0 +/- 0.0   [TO BE USED IN MCM]
Filter efficiency (taking into account weights)= (3.80811e+06) / (3.80811e+06) = 1.000e+00 +- 0.000e+00
Filter efficiency (event-level)= (1.0006e+06) / (1.0006e+06) = 1.000e+00 +- 0.000e+00    [TO BE USED IN MCM]

After filter: final cross section = 3.605e+01 +- 1.296e-02 pb
After filter: final fraction of events with negative weights = 1.399e-05 +- 1.110e-12
After filter: final equivalent lumi for 1M events (1/fb) = 2.773e+01 +- 2.947e-02
