01-Feb-2025 16:59:25 CST  Initiating request to open file root://cmsxrootd.fnal.gov//store/mc/Run3Summer22MiniAODv4/TBbartoLplusNuBbar-s-channel-4FS_TuneCP5_13p6TeV_amcatnlo-pythia8/MINIAODSIM/130X_mcRun3_2022_realistic_v5-v2/40000/a2212c4d-8ac4-45e2-b371-2794fee3279a.root
01-Feb-2025 16:59:29 CST  Successfully opened file root://cmsxrootd.fnal.gov//store/mc/Run3Summer22MiniAODv4/TBbartoLplusNuBbar-s-channel-4FS_TuneCP5_13p6TeV_amcatnlo-pythia8/MINIAODSIM/130X_mcRun3_2022_realistic_v5-v2/40000/a2212c4d-8ac4-45e2-b371-2794fee3279a.root
Begin processing the 1st record. Run 1, Event 16518, LumiSection 24 on stream 0 at 01-Feb-2025 16:59:30.581 CST
01-Feb-2025 16:59:31 CST  Closed file root://cmsxrootd.fnal.gov//store/mc/Run3Summer22MiniAODv4/TBbartoLplusNuBbar-s-channel-4FS_TuneCP5_13p6TeV_amcatnlo-pythia8/MINIAODSIM/130X_mcRun3_2022_realistic_v5-v2/40000/a2212c4d-8ac4-45e2-b371-2794fee3279a.root
01-Feb-2025 16:59:31 CST  Initiating request to open file root://cmsxrootd.fnal.gov//store/mc/Run3Summer22MiniAODv4/TBbartoLplusNuBbar-s-channel-4FS_TuneCP5_13p6TeV_amcatnlo-pythia8/MINIAODSIM/130X_mcRun3_2022_realistic_v5-v2/40000/4c0453c9-feec-418e-bed3-1efd1e00b7e9.root
01-Feb-2025 16:59:33 CST  Successfully opened file root://cmsxrootd.fnal.gov//store/mc/Run3Summer22MiniAODv4/TBbartoLplusNuBbar-s-channel-4FS_TuneCP5_13p6TeV_amcatnlo-pythia8/MINIAODSIM/130X_mcRun3_2022_realistic_v5-v2/40000/4c0453c9-feec-418e-bed3-1efd1e00b7e9.root
Begin processing the 100001st record. Run 1, Event 1039868, LumiSection 1449 on stream 0 at 01-Feb-2025 16:59:34.899 CST
01-Feb-2025 16:59:35 CST  Closed file root://cmsxrootd.fnal.gov//store/mc/Run3Summer22MiniAODv4/TBbartoLplusNuBbar-s-channel-4FS_TuneCP5_13p6TeV_amcatnlo-pythia8/MINIAODSIM/130X_mcRun3_2022_realistic_v5-v2/40000/4c0453c9-feec-418e-bed3-1efd1e00b7e9.root
01-Feb-2025 16:59:35 CST  Initiating request to open file root://cmsxrootd.fnal.gov//store/mc/Run3Summer22MiniAODv4/TBbartoLplusNuBbar-s-channel-4FS_TuneCP5_13p6TeV_amcatnlo-pythia8/MINIAODSIM/130X_mcRun3_2022_realistic_v5-v2/40000/8cf07d35-830e-4030-aead-6efcfd5ca263.root
01-Feb-2025 16:59:37 CST  Successfully opened file root://cmsxrootd.fnal.gov//store/mc/Run3Summer22MiniAODv4/TBbartoLplusNuBbar-s-channel-4FS_TuneCP5_13p6TeV_amcatnlo-pythia8/MINIAODSIM/130X_mcRun3_2022_realistic_v5-v2/40000/8cf07d35-830e-4030-aead-6efcfd5ca263.root
01-Feb-2025 16:59:38 CST  Closed file root://cmsxrootd.fnal.gov//store/mc/Run3Summer22MiniAODv4/TBbartoLplusNuBbar-s-channel-4FS_TuneCP5_13p6TeV_amcatnlo-pythia8/MINIAODSIM/130X_mcRun3_2022_realistic_v5-v2/40000/8cf07d35-830e-4030-aead-6efcfd5ca263.root
01-Feb-2025 16:59:38 CST  Initiating request to open file root://cmsxrootd.fnal.gov//store/mc/Run3Summer22MiniAODv4/TBbartoLplusNuBbar-s-channel-4FS_TuneCP5_13p6TeV_amcatnlo-pythia8/MINIAODSIM/130X_mcRun3_2022_realistic_v5-v2/50000/e416fa21-39e2-4a00-8e7d-0dbfc0de0363.root
01-Feb-2025 16:59:40 CST  Successfully opened file root://cmsxrootd.fnal.gov//store/mc/Run3Summer22MiniAODv4/TBbartoLplusNuBbar-s-channel-4FS_TuneCP5_13p6TeV_amcatnlo-pythia8/MINIAODSIM/130X_mcRun3_2022_realistic_v5-v2/50000/e416fa21-39e2-4a00-8e7d-0dbfc0de0363.root
01-Feb-2025 16:59:41 CST  Closed file root://cmsxrootd.fnal.gov//store/mc/Run3Summer22MiniAODv4/TBbartoLplusNuBbar-s-channel-4FS_TuneCP5_13p6TeV_amcatnlo-pythia8/MINIAODSIM/130X_mcRun3_2022_realistic_v5-v2/50000/e416fa21-39e2-4a00-8e7d-0dbfc0de0363.root
01-Feb-2025 16:59:41 CST  Initiating request to open file root://cmsxrootd.fnal.gov//store/mc/Run3Summer22MiniAODv4/TBbartoLplusNuBbar-s-channel-4FS_TuneCP5_13p6TeV_amcatnlo-pythia8/MINIAODSIM/130X_mcRun3_2022_realistic_v5-v2/40000/61dde695-c045-4e9c-a767-c14f21d44859.root
01-Feb-2025 16:59:43 CST  Successfully opened file root://cmsxrootd.fnal.gov//store/mc/Run3Summer22MiniAODv4/TBbartoLplusNuBbar-s-channel-4FS_TuneCP5_13p6TeV_amcatnlo-pythia8/MINIAODSIM/130X_mcRun3_2022_realistic_v5-v2/40000/61dde695-c045-4e9c-a767-c14f21d44859.root
01-Feb-2025 16:59:45 CST  Closed file root://cmsxrootd.fnal.gov//store/mc/Run3Summer22MiniAODv4/TBbartoLplusNuBbar-s-channel-4FS_TuneCP5_13p6TeV_amcatnlo-pythia8/MINIAODSIM/130X_mcRun3_2022_realistic_v5-v2/40000/61dde695-c045-4e9c-a767-c14f21d44859.root
01-Feb-2025 16:59:45 CST  Initiating request to open file root://cmsxrootd.fnal.gov//store/mc/Run3Summer22MiniAODv4/TBbartoLplusNuBbar-s-channel-4FS_TuneCP5_13p6TeV_amcatnlo-pythia8/MINIAODSIM/130X_mcRun3_2022_realistic_v5-v2/40000/2491dfa7-6975-4a82-84ea-9dc5dd091895.root
01-Feb-2025 16:59:47 CST  Successfully opened file root://cmsxrootd.fnal.gov//store/mc/Run3Summer22MiniAODv4/TBbartoLplusNuBbar-s-channel-4FS_TuneCP5_13p6TeV_amcatnlo-pythia8/MINIAODSIM/130X_mcRun3_2022_realistic_v5-v2/40000/2491dfa7-6975-4a82-84ea-9dc5dd091895.root
Begin processing the 200001st record. Run 1, Event 867732, LumiSection 1209 on stream 0 at 01-Feb-2025 16:59:48.494 CST
01-Feb-2025 16:59:48 CST  Closed file root://cmsxrootd.fnal.gov//store/mc/Run3Summer22MiniAODv4/TBbartoLplusNuBbar-s-channel-4FS_TuneCP5_13p6TeV_amcatnlo-pythia8/MINIAODSIM/130X_mcRun3_2022_realistic_v5-v2/40000/2491dfa7-6975-4a82-84ea-9dc5dd091895.root
01-Feb-2025 16:59:48 CST  Initiating request to open file root://cmsxrootd.fnal.gov//store/mc/Run3Summer22MiniAODv4/TBbartoLplusNuBbar-s-channel-4FS_TuneCP5_13p6TeV_amcatnlo-pythia8/MINIAODSIM/130X_mcRun3_2022_realistic_v5-v2/40000/66e23a1a-d5df-47f4-83b3-9c2ba7158033.root
01-Feb-2025 16:59:50 CST  Successfully opened file root://cmsxrootd.fnal.gov//store/mc/Run3Summer22MiniAODv4/TBbartoLplusNuBbar-s-channel-4FS_TuneCP5_13p6TeV_amcatnlo-pythia8/MINIAODSIM/130X_mcRun3_2022_realistic_v5-v2/40000/66e23a1a-d5df-47f4-83b3-9c2ba7158033.root
01-Feb-2025 16:59:52 CST  Closed file root://cmsxrootd.fnal.gov//store/mc/Run3Summer22MiniAODv4/TBbartoLplusNuBbar-s-channel-4FS_TuneCP5_13p6TeV_amcatnlo-pythia8/MINIAODSIM/130X_mcRun3_2022_realistic_v5-v2/40000/66e23a1a-d5df-47f4-83b3-9c2ba7158033.root
01-Feb-2025 16:59:52 CST  Initiating request to open file root://cmsxrootd.fnal.gov//store/mc/Run3Summer22MiniAODv4/TBbartoLplusNuBbar-s-channel-4FS_TuneCP5_13p6TeV_amcatnlo-pythia8/MINIAODSIM/130X_mcRun3_2022_realistic_v5-v2/40000/b15a3933-d459-42a3-89c2-b2c4952a893a.root
01-Feb-2025 16:59:54 CST  Successfully opened file root://cmsxrootd.fnal.gov//store/mc/Run3Summer22MiniAODv4/TBbartoLplusNuBbar-s-channel-4FS_TuneCP5_13p6TeV_amcatnlo-pythia8/MINIAODSIM/130X_mcRun3_2022_realistic_v5-v2/40000/b15a3933-d459-42a3-89c2-b2c4952a893a.root
01-Feb-2025 16:59:56 CST  Closed file root://cmsxrootd.fnal.gov//store/mc/Run3Summer22MiniAODv4/TBbartoLplusNuBbar-s-channel-4FS_TuneCP5_13p6TeV_amcatnlo-pythia8/MINIAODSIM/130X_mcRun3_2022_realistic_v5-v2/40000/b15a3933-d459-42a3-89c2-b2c4952a893a.root
01-Feb-2025 16:59:56 CST  Initiating request to open file root://cmsxrootd.fnal.gov//store/mc/Run3Summer22MiniAODv4/TBbartoLplusNuBbar-s-channel-4FS_TuneCP5_13p6TeV_amcatnlo-pythia8/MINIAODSIM/130X_mcRun3_2022_realistic_v5-v2/40000/fefec216-d269-4ff6-9339-b733bce008d7.root
01-Feb-2025 16:59:58 CST  Successfully opened file root://cmsxrootd.fnal.gov//store/mc/Run3Summer22MiniAODv4/TBbartoLplusNuBbar-s-channel-4FS_TuneCP5_13p6TeV_amcatnlo-pythia8/MINIAODSIM/130X_mcRun3_2022_realistic_v5-v2/40000/fefec216-d269-4ff6-9339-b733bce008d7.root
01-Feb-2025 16:59:59 CST  Closed file root://cmsxrootd.fnal.gov//store/mc/Run3Summer22MiniAODv4/TBbartoLplusNuBbar-s-channel-4FS_TuneCP5_13p6TeV_amcatnlo-pythia8/MINIAODSIM/130X_mcRun3_2022_realistic_v5-v2/40000/fefec216-d269-4ff6-9339-b733bce008d7.root
01-Feb-2025 16:59:59 CST  Initiating request to open file root://cmsxrootd.fnal.gov//store/mc/Run3Summer22MiniAODv4/TBbartoLplusNuBbar-s-channel-4FS_TuneCP5_13p6TeV_amcatnlo-pythia8/MINIAODSIM/130X_mcRun3_2022_realistic_v5-v2/40000/8e14b048-7cf5-4c24-b169-1ac147e6da90.root
01-Feb-2025 17:00:01 CST  Successfully opened file root://cmsxrootd.fnal.gov//store/mc/Run3Summer22MiniAODv4/TBbartoLplusNuBbar-s-channel-4FS_TuneCP5_13p6TeV_amcatnlo-pythia8/MINIAODSIM/130X_mcRun3_2022_realistic_v5-v2/40000/8e14b048-7cf5-4c24-b169-1ac147e6da90.root
Begin processing the 300001st record. Run 1, Event 998618, LumiSection 1391 on stream 0 at 01-Feb-2025 17:00:02.881 CST
01-Feb-2025 17:00:02 CST  Closed file root://cmsxrootd.fnal.gov//store/mc/Run3Summer22MiniAODv4/TBbartoLplusNuBbar-s-channel-4FS_TuneCP5_13p6TeV_amcatnlo-pythia8/MINIAODSIM/130X_mcRun3_2022_realistic_v5-v2/40000/8e14b048-7cf5-4c24-b169-1ac147e6da90.root
01-Feb-2025 17:00:02 CST  Initiating request to open file root://cmsxrootd.fnal.gov//store/mc/Run3Summer22MiniAODv4/TBbartoLplusNuBbar-s-channel-4FS_TuneCP5_13p6TeV_amcatnlo-pythia8/MINIAODSIM/130X_mcRun3_2022_realistic_v5-v2/50000/67023834-8791-4a5d-aa8b-b75fa41aa549.root
01-Feb-2025 17:00:05 CST  Successfully opened file root://cmsxrootd.fnal.gov//store/mc/Run3Summer22MiniAODv4/TBbartoLplusNuBbar-s-channel-4FS_TuneCP5_13p6TeV_amcatnlo-pythia8/MINIAODSIM/130X_mcRun3_2022_realistic_v5-v2/50000/67023834-8791-4a5d-aa8b-b75fa41aa549.root
01-Feb-2025 17:00:06 CST  Closed file root://cmsxrootd.fnal.gov//store/mc/Run3Summer22MiniAODv4/TBbartoLplusNuBbar-s-channel-4FS_TuneCP5_13p6TeV_amcatnlo-pythia8/MINIAODSIM/130X_mcRun3_2022_realistic_v5-v2/50000/67023834-8791-4a5d-aa8b-b75fa41aa549.root
01-Feb-2025 17:00:06 CST  Initiating request to open file root://cmsxrootd.fnal.gov//store/mc/Run3Summer22MiniAODv4/TBbartoLplusNuBbar-s-channel-4FS_TuneCP5_13p6TeV_amcatnlo-pythia8/MINIAODSIM/130X_mcRun3_2022_realistic_v5-v2/30000/076e0403-9384-441c-98dd-fcb50d7a9163.root
01-Feb-2025 17:00:08 CST  Successfully opened file root://cmsxrootd.fnal.gov//store/mc/Run3Summer22MiniAODv4/TBbartoLplusNuBbar-s-channel-4FS_TuneCP5_13p6TeV_amcatnlo-pythia8/MINIAODSIM/130X_mcRun3_2022_realistic_v5-v2/30000/076e0403-9384-441c-98dd-fcb50d7a9163.root
01-Feb-2025 17:00:09 CST  Closed file root://cmsxrootd.fnal.gov//store/mc/Run3Summer22MiniAODv4/TBbartoLplusNuBbar-s-channel-4FS_TuneCP5_13p6TeV_amcatnlo-pythia8/MINIAODSIM/130X_mcRun3_2022_realistic_v5-v2/30000/076e0403-9384-441c-98dd-fcb50d7a9163.root
01-Feb-2025 17:00:09 CST  Initiating request to open file root://cmsxrootd.fnal.gov//store/mc/Run3Summer22MiniAODv4/TBbartoLplusNuBbar-s-channel-4FS_TuneCP5_13p6TeV_amcatnlo-pythia8/MINIAODSIM/130X_mcRun3_2022_realistic_v5-v2/40000/db171cc8-9cd4-4386-917c-a68d3ed05539.root
01-Feb-2025 17:00:11 CST  Successfully opened file root://cmsxrootd.fnal.gov//store/mc/Run3Summer22MiniAODv4/TBbartoLplusNuBbar-s-channel-4FS_TuneCP5_13p6TeV_amcatnlo-pythia8/MINIAODSIM/130X_mcRun3_2022_realistic_v5-v2/40000/db171cc8-9cd4-4386-917c-a68d3ed05539.root
01-Feb-2025 17:00:12 CST  Closed file root://cmsxrootd.fnal.gov//store/mc/Run3Summer22MiniAODv4/TBbartoLplusNuBbar-s-channel-4FS_TuneCP5_13p6TeV_amcatnlo-pythia8/MINIAODSIM/130X_mcRun3_2022_realistic_v5-v2/40000/db171cc8-9cd4-4386-917c-a68d3ed05539.root
01-Feb-2025 17:00:12 CST  Initiating request to open file root://cmsxrootd.fnal.gov//store/mc/Run3Summer22MiniAODv4/TBbartoLplusNuBbar-s-channel-4FS_TuneCP5_13p6TeV_amcatnlo-pythia8/MINIAODSIM/130X_mcRun3_2022_realistic_v5-v2/50000/7fbf4ba4-d38f-4343-9a98-fbd538b3f1de.root
01-Feb-2025 17:00:14 CST  Successfully opened file root://cmsxrootd.fnal.gov//store/mc/Run3Summer22MiniAODv4/TBbartoLplusNuBbar-s-channel-4FS_TuneCP5_13p6TeV_amcatnlo-pythia8/MINIAODSIM/130X_mcRun3_2022_realistic_v5-v2/50000/7fbf4ba4-d38f-4343-9a98-fbd538b3f1de.root
01-Feb-2025 17:00:16 CST  Closed file root://cmsxrootd.fnal.gov//store/mc/Run3Summer22MiniAODv4/TBbartoLplusNuBbar-s-channel-4FS_TuneCP5_13p6TeV_amcatnlo-pythia8/MINIAODSIM/130X_mcRun3_2022_realistic_v5-v2/50000/7fbf4ba4-d38f-4343-9a98-fbd538b3f1de.root
01-Feb-2025 17:00:16 CST  Initiating request to open file root://cmsxrootd.fnal.gov//store/mc/Run3Summer22MiniAODv4/TBbartoLplusNuBbar-s-channel-4FS_TuneCP5_13p6TeV_amcatnlo-pythia8/MINIAODSIM/130X_mcRun3_2022_realistic_v5-v2/50000/77e5d0f7-8075-4f6b-b737-e91e671e3412.root
01-Feb-2025 17:00:18 CST  Successfully opened file root://cmsxrootd.fnal.gov//store/mc/Run3Summer22MiniAODv4/TBbartoLplusNuBbar-s-channel-4FS_TuneCP5_13p6TeV_amcatnlo-pythia8/MINIAODSIM/130X_mcRun3_2022_realistic_v5-v2/50000/77e5d0f7-8075-4f6b-b737-e91e671e3412.root
Begin processing the 400001st record. Run 1, Event 977272, LumiSection 1362 on stream 0 at 01-Feb-2025 17:00:19.897 CST
01-Feb-2025 17:00:19 CST  Closed file root://cmsxrootd.fnal.gov//store/mc/Run3Summer22MiniAODv4/TBbartoLplusNuBbar-s-channel-4FS_TuneCP5_13p6TeV_amcatnlo-pythia8/MINIAODSIM/130X_mcRun3_2022_realistic_v5-v2/50000/77e5d0f7-8075-4f6b-b737-e91e671e3412.root
01-Feb-2025 17:00:19 CST  Initiating request to open file root://cmsxrootd.fnal.gov//store/mc/Run3Summer22MiniAODv4/TBbartoLplusNuBbar-s-channel-4FS_TuneCP5_13p6TeV_amcatnlo-pythia8/MINIAODSIM/130X_mcRun3_2022_realistic_v5-v2/2540000/958405df-8f5b-4cfe-b004-c87704f2486d.root
%MSG-w XrdAdaptorInternal:  file_open 01-Feb-2025 17:00:21 CST PostProcessEvent
Failed to open file at URL root://eos-c01.cms.rcac.purdue.edu:1101//store/mc/Run3Summer22MiniAODv4/TBbartoLplusNuBbar-s-channel-4FS_TuneCP5_13p6TeV_amcatnlo-pythia8/MINIAODSIM/130X_mcRun3_2022_realistic_v5-v2/2540000/958405df-8f5b-4cfe-b004-c87704f2486d.root?cap.msg=LZQstdodNHagq1gzAIYXamJo9xP8FMpFl28AEX3cCyIY4DZX/rqymaD06/1V9/8owV7bTScuADPENiREEDHR3/LbfGjjb24IKqsW+0PcyrX61ssUADCZodr+ohbr9jjoREnMQcryagFQwG8t/Sl3SiLSaaFIYqru8nbyPnXofQBq58VZ2AP+Bq6BWwNNHjvZq0hhoZHCHb5XZmTrbD9u5kKfsob0jIenLUWsLgz39xGM7w0Wbm2xWT5ltv8QNDIrWIoyUzad4//8riVC8ShNtVw3vhiUFSNk4KxhdQqzbO8UjKW5KUSA2acRPT2Szavkgn94dsULWER0C3ja4hTN2wp3tsAbwgr58pxOZTcFcxSKwX6Mu/wXCAvn1d9NkCMiMHeljgCA69YN8/qwCFId+alMXgtN8X8c/4p8plebSXYOKQkgfl9BcjUp9Zu6bx2w7DkiREc0Mlm6h3Fe48TUbLgVR56xU1KAYSYM6dk7rkHIEtFqq/I7CAV2QZOwKxR8Mn0RWWLofcIbVzATT7atTpnW/VgDQDOrpNF4jlr5tQbwASPIlASRiPZUlNze61dbmzH/xTe3fhucAkXMUIL9A3Z80bnVo8qA2TmcAxmQTwx1H/ZxrcAiByHbOHW1Ekl1a1gblTNhYTihAXEgwB5OovzvWM2Yf5+ttImL4Ryv0ArxH/fTW6hoMarI793fOOBQq6w9h+zWxByJPdPyURIkwU4aUcsnliDWmxGhYOQ1e24EY6OLXfaKNzjR32Oq0NDStenYI6iEfpSMwoKoYEE9cRKnNqZw+C8sHtnoIbse+Tv+21sqao+Gd3ILhO9u4NFIihpqqUjC7u10JxHZsAezJncjFAbwDxpPMSAP4efU3YPNT/KuS0+bz3wzEJFbjBkXbmjzcRFUSUWdrRS6TBo+BJ1p99LbJVtK&cap.sym=aszWoh0CI9mITkIE2ISvoOJzQY0=&eos.clientinfo=zbase64:MDAwMDAwNmZ4nBXIUQ6EIAxF0a3MBmxg/oaki9H2EUlUSKExs3vl79xbG65kgwN9f59S03ZzufJUlx3KYXL8G3jznGHQOZqVyoq8+jFmv7sYZDBqXyREkrOTySrU3NRBUE8xhvgAh0gm4w==&mgm.blockchecksum=ignore&mgm.id=023f3487&mgm.logid=4fef06b6-e0f0-11ef-b832-bc2411272cf6&mgm.mtime=1696636296&mgm.replicahead=1&mgm.replicaindex=1&xrdcl.requuid=9b439f19-2606-465c-93d6-b58b2887f2f3.
%MSG
01-Feb-2025 17:00:22 CST  Successfully opened file root://cmsxrootd.fnal.gov//store/mc/Run3Summer22MiniAODv4/TBbartoLplusNuBbar-s-channel-4FS_TuneCP5_13p6TeV_amcatnlo-pythia8/MINIAODSIM/130X_mcRun3_2022_realistic_v5-v2/2540000/958405df-8f5b-4cfe-b004-c87704f2486d.root
01-Feb-2025 17:00:23 CST  Closed file root://cmsxrootd.fnal.gov//store/mc/Run3Summer22MiniAODv4/TBbartoLplusNuBbar-s-channel-4FS_TuneCP5_13p6TeV_amcatnlo-pythia8/MINIAODSIM/130X_mcRun3_2022_realistic_v5-v2/2540000/958405df-8f5b-4cfe-b004-c87704f2486d.root
01-Feb-2025 17:00:23 CST  Initiating request to open file root://cmsxrootd.fnal.gov//store/mc/Run3Summer22MiniAODv4/TBbartoLplusNuBbar-s-channel-4FS_TuneCP5_13p6TeV_amcatnlo-pythia8/MINIAODSIM/130X_mcRun3_2022_realistic_v5-v2/30000/f3e7c971-91b5-4eae-989c-63a9663cb9b4.root
%MSG-w XrdAdaptorInternal:  file_open 01-Feb-2025 17:00:24 CST PostProcessEvent
Failed to open file at URL root://eos-c01.cms.rcac.purdue.edu:1101//store/mc/Run3Summer22MiniAODv4/TBbartoLplusNuBbar-s-channel-4FS_TuneCP5_13p6TeV_amcatnlo-pythia8/MINIAODSIM/130X_mcRun3_2022_realistic_v5-v2/30000/f3e7c971-91b5-4eae-989c-63a9663cb9b4.root?cap.msg=LZQstdodNHagq1gzAIYXamJo9xP8FMpFl28AEX3cCyIY4DZX/rqymaD06/1V9/8owV7bTScuADPENiREEDHR3/LbfGjjb24IKqsW+0PcyrX61ssUADCZodr+ohbr9jjoREnMQcryagFQwG8t/Sl3SiLSaaFIYqru8nbyPnXofQBq58VZ2AP+Bq6BWwNNHjvZq0hhoZHCHb5XZmTrbD9u5kKfsob0jIenLUWsLgz39xGM7w0Wbm2xWT5ltv8QNDIrWIoyUzad4//8riVC8ShNtfbk3HSQyeiwV7bS9nocMnzFWRQMMvC+fb1uYLMVWm2uM75bumlmPtUXF6eifigWos/73p7VjUuApcAXQfTmd+SbOiiGQYmujgdvC2FZS8qtBX4I4hLbNI7aHsHaIxbKAKB1tgJRN4jf6ooxKCvMxLG6YTavOBPjD9SSe3TBRm5DZYdnfQA+8mQm2vyBVIFSh53kAG7wismrFA2jyypbAiyfdprrSS9xBjkp8enAajD5OZnd5u8pnocjIdi+s5Pl03cd106PFHpfzFoDRWRy5FU0ZOiPioPFYwbWqrnmnq09/JAAMgz6V66eOy5epZZ8BqMFYDjw6Rdmn9BVjr2D7tKfrwkn0nrlTLewHkULXGepE7DaTy+OTOjc6QvBa/Cn0eGyqMiVLNQ2Ib6HQdkrv2gJQplfIYVCTq8qA+Eijwq/AdmboXGDjMtevKZGrmSDOBODbbyJ28RAj8WJjRmIBEpJFPmnzD0YqCIRfPFrzNXK9/Fn3DHkNXau2O6SEPYzv17autvujwHSp4DgPoKLQ9NTq0yMtXhgY2F9fd7m//PgN63lxgMCkHhSTST0PYd/WdZilg18yN/R5Ci45Wb8C+9vNt6jRj/8sdW76QYEg5aOPD0x/IwKqL3V4wcofDUMFjbFBMIC47Ye&cap.sym=aszWoh0CI9mITkIE2ISvoOJzQY0=&eos.clientinfo=zbase64:MDAwMDAwNmZ4nBXIUQrEIAxF0a3MBhoUZn6ELKZNnlRoq0RDmd23/p17a8OVbHCg7+9TatpuLlee6rJDOUyOfwNvnjMMOkezUlmRVz/G7HcXgwxG7YuESHJ2MlmFmps6COopxhAfhoIm4Q==&mgm.blockchecksum=ignore&mgm.id=023ecac9&mgm.logid=51d95a3a-e0f0-11ef-8ca0-bc2411272cf6&mgm.mtime=1696585849&mgm.replicahead=1&mgm.replicaindex=1&xrdcl.requuid=76165c04-9eda-4325-8c3e-9f7eca9eeeb9.
%MSG
%MSG-w XrdAdaptorInternal:  file_open 01-Feb-2025 17:00:24 CST PostProcessEvent
Failed to open file at URL root://eos-c01.cms.rcac.purdue.edu:1101//store/mc/Run3Summer22MiniAODv4/TBbartoLplusNuBbar-s-channel-4FS_TuneCP5_13p6TeV_amcatnlo-pythia8/MINIAODSIM/130X_mcRun3_2022_realistic_v5-v2/30000/f3e7c971-91b5-4eae-989c-63a9663cb9b4.root?cap.msg=LZQstdodNHagq1gzAIYXamJo9xP8FMpFl28AEX3cCyIY4DZX/rqymaD06/1V9/8owV7bTScuADPENiREEDHR3/LbfGjjb24IKqsW+0PcyrX61ssUADCZodr+ohbr9jjoREnMQcryagFQwG8t/Sl3SiLSaaFIYqru8nbyPnXofQBq58VZ2AP+Bq6BWwNNHjvZq0hhoZHCHb5XZmTrbD9u5kKfsob0jIenLUWsLgz39xGM7w0Wbm2xWT5ltv8QNDIrWIoyUzad4//8riVC8ShNtfbk3HSQyeiwV7bS9nocMnzFWRQMMvC+fb1uYLMVWm2uM75bumlmPtUXF6eifigWos/73p7VjUuApcAXQfTmd+SbOiiGQYmujgdvC2FZS8qtBX4I4hLbNI7aHsHaIxbKAKB1tgJRN4jf6ooxKCvMxLG6YTavOBPjD9SSe3TBRm5DZYdnfQA+8mQm2vyBVIFSh53kAG7wismrFA2jyypbAiyfdprrSS9xBjkp8enAajD5OZnd5u8pnocjIdi+s5Pl03cd106PFHpfzFoDRWRy5FU0ZOiPioPFYwbWqrnmnq09/JAAMgz6V66eOy5epZZ8BqMFYDjw6Rdmn9BVjr2D7tKfrwkn0nrlTLewHkULXGepE7DaTy+OTOjc6QvBa/Cn0eGyqMiVLNQ2Ib6HQdkrv2gJQplfIYVCTq8qA+Eijwq/AdmboXGDjMtevKZGrmSDOBODbbyJ28RAj8WJjRmIBEpJFPmnzD0YqCIRfPFrzNXK9/Fn3DHkNXau2O6SEPYzv17autvujwHSp4DgPoKLQ9NTq0yMtXhgY2F9fd7m//PgN63lxgMCkHhSTST0PYd/WdZilg18yN/R5Ci45Wb8C+9vNt6jRj/8sdW76QYEg5aOPD0x/IwKqL3V4wcofDUMFjbFBMIC47Ye&cap.sym=aszWoh0CI9mITkIE2ISvoOJzQY0=&eos.clientinfo=zbase64:MDAwMDAwNmZ4nB3IUQ6EIAxF0a3MBmxgPkm6GG0fGRIVUmiMux/x795TG85kgwN9w6fUtF1czjyryw/KL467gTfPGQad0KxUVuTV9zH/4WKQwah9kRBJjk4mq1BzUwdBPcUY4h+DxCba&mgm.blockchecksum=ignore&mgm.id=023ecac9&mgm.logid=51dcf5f0-e0f0-11ef-8ca0-bc2411272cf6&mgm.mtime=1696585849&mgm.replicahead=1&mgm.replicaindex=1&tried=&xrdcl.requuid=b0cca645-2e68-4241-b0f5-0551fcae7f65.
%MSG
%MSG-w RootInputFileSequence:  AfterFile 01-Feb-2025 17:00:24 CST  PostProcessEvent
Input file: root://cmsxrootd.fnal.gov//store/mc/Run3Summer22MiniAODv4/TBbartoLplusNuBbar-s-channel-4FS_TuneCP5_13p6TeV_amcatnlo-pythia8/MINIAODSIM/130X_mcRun3_2022_realistic_v5-v2/30000/f3e7c971-91b5-4eae-989c-63a9663cb9b4.root was not found or could not be opened, and will be skipped.

%MSG
01-Feb-2025 17:00:24 CST  Initiating request to open file root://cmsxrootd.fnal.gov//store/mc/Run3Summer22MiniAODv4/TBbartoLplusNuBbar-s-channel-4FS_TuneCP5_13p6TeV_amcatnlo-pythia8/MINIAODSIM/130X_mcRun3_2022_realistic_v5-v2/30000/047d45d3-4c95-4332-ad29-e94461d77639.root
%MSG-w XrdAdaptorInternal:  file_open 01-Feb-2025 17:00:25 CST PostProcessEvent
Failed to open file at URL root://eos-c01.cms.rcac.purdue.edu:1102//store/mc/Run3Summer22MiniAODv4/TBbartoLplusNuBbar-s-channel-4FS_TuneCP5_13p6TeV_amcatnlo-pythia8/MINIAODSIM/130X_mcRun3_2022_realistic_v5-v2/30000/047d45d3-4c95-4332-ad29-e94461d77639.root?cap.msg=LZQstdodNHagq1gzAIYXamJo9xP8FMpFl28AEX3cCyIY4DZX/rqymaD06/1V9/8owV7bTScuADPENiREEDHR3/LbfGjjb24IKqsW+0PcyrX61ssUADCZodr+ohbr9jjoREnMQcryagFQwG8t/Sl3SiLSaaFIYqru8nbyPnXofQBq58VZ2AP+Bq6BWwNNHjvZq0hhoZHCHb5XZmTrbD9u5kKfsob0jIenLUWsLgz39xGM7w0Wbm2xWT5ltv8QNDIrWIoyUzad4//8riVC8ShNtfbk3HSQyeiwZ3GLeWaR5MZP8JiXm96UruSEDl51Hz60w53aBmDTxr8Jykv2yOulddkjNYKSs6iuXNnAid4BaZBJK9QnAvwvkp8nddICkHJ3y0qkZc4GvUTDIvRUIDT3xOxVeqfkpOvjcv/t9SIsUD7MHs2xTc+sFa0gT06PRw4MzsnExaXW7H4L2xNjVZN1hlTJ8WB1KpZ9kRaFPltTv1m0GDqyTo72d/rEudoH76PQmJUwzlQGWgMkeKDvqcCVdwcYjXl38+Y+QQl8BTlv84+puxvbMld0NqNglPBu3uXPN2MxjMp0mO/c3VX35CQGz4xa6tlKvDCFGqUMctPtOVKkHvWdpxKuh9dCyfY0AqQKnfl/ZV92xVVbA+fUPMP/mVY9ECv9rLIdZ0KQTPtlGrZAw0J8aiQbvNXlcQKxfPWiVYqNIAkUsQP7/u2njCpsVQNksAyfx4Ae98GiT8kwBbA4W/BiLUWETo7WjPlXPFaLBTgwL2vG1fcwvVxt4xqmt4lrT5RtlV21Q3wn9bQjC5pUH10zrgNNuwHRAYAebz86JfK4bdcKx62mTlOZWggkRrTCJEsAdWV7jMTbhYtkiGOpA9Pn3N9E+gbonesvUqasvsGbBsFYh0Wujh7L02pXFnYsExxPewF+&cap.sym=aszWoh0CI9mITkIE2ISvoOJzQY0=&eos.clientinfo=zbase64:MDAwMDAwNmZ4nBXIUQrEIAxF0a10AxO0X0XIYtrkSYVOlWgo3f2Mf+fe2nAnGxxo3ZZS0/FwufNUlxPKYXK8DXx4zjDoHM1KZUXe/Rqz/7sYZDBq/0iIJN9OJrtQc1MHQT3FGNYfhuUm4w==&mgm.blockchecksum=ignore&mgm.id=023ecad7&mgm.logid=527955bc-e0f0-11ef-8ca0-bc2411272cf6&mgm.mtime=1696585869&mgm.replicahead=0&mgm.replicaindex=0&xrdcl.requuid=a0224276-1a6b-47a1-a6a2-56983d8ac16f.
%MSG
01-Feb-2025 17:00:26 CST  Successfully opened file root://cmsxrootd.fnal.gov//store/mc/Run3Summer22MiniAODv4/TBbartoLplusNuBbar-s-channel-4FS_TuneCP5_13p6TeV_amcatnlo-pythia8/MINIAODSIM/130X_mcRun3_2022_realistic_v5-v2/30000/047d45d3-4c95-4332-ad29-e94461d77639.root
01-Feb-2025 17:00:28 CST  Closed file root://cmsxrootd.fnal.gov//store/mc/Run3Summer22MiniAODv4/TBbartoLplusNuBbar-s-channel-4FS_TuneCP5_13p6TeV_amcatnlo-pythia8/MINIAODSIM/130X_mcRun3_2022_realistic_v5-v2/30000/047d45d3-4c95-4332-ad29-e94461d77639.root
01-Feb-2025 17:00:28 CST  Initiating request to open file root://cmsxrootd.fnal.gov//store/mc/Run3Summer22MiniAODv4/TBbartoLplusNuBbar-s-channel-4FS_TuneCP5_13p6TeV_amcatnlo-pythia8/MINIAODSIM/130X_mcRun3_2022_realistic_v5-v2/30000/ea613dac-de4c-4241-8e68-3a5e510453db.root
01-Feb-2025 17:00:30 CST  Successfully opened file root://cmsxrootd.fnal.gov//store/mc/Run3Summer22MiniAODv4/TBbartoLplusNuBbar-s-channel-4FS_TuneCP5_13p6TeV_amcatnlo-pythia8/MINIAODSIM/130X_mcRun3_2022_realistic_v5-v2/30000/ea613dac-de4c-4241-8e68-3a5e510453db.root
Begin processing the 500001st record. Run 1, Event 366446, LumiSection 511 on stream 0 at 01-Feb-2025 17:00:32.104 CST
01-Feb-2025 17:00:32 CST  Closed file root://cmsxrootd.fnal.gov//store/mc/Run3Summer22MiniAODv4/TBbartoLplusNuBbar-s-channel-4FS_TuneCP5_13p6TeV_amcatnlo-pythia8/MINIAODSIM/130X_mcRun3_2022_realistic_v5-v2/30000/ea613dac-de4c-4241-8e68-3a5e510453db.root
01-Feb-2025 17:00:32 CST  Initiating request to open file root://cmsxrootd.fnal.gov//store/mc/Run3Summer22MiniAODv4/TBbartoLplusNuBbar-s-channel-4FS_TuneCP5_13p6TeV_amcatnlo-pythia8/MINIAODSIM/130X_mcRun3_2022_realistic_v5-v2/30000/5696e48b-66a1-491f-82b9-1ac6169089e7.root
01-Feb-2025 17:00:34 CST  Successfully opened file root://cmsxrootd.fnal.gov//store/mc/Run3Summer22MiniAODv4/TBbartoLplusNuBbar-s-channel-4FS_TuneCP5_13p6TeV_amcatnlo-pythia8/MINIAODSIM/130X_mcRun3_2022_realistic_v5-v2/30000/5696e48b-66a1-491f-82b9-1ac6169089e7.root
01-Feb-2025 17:00:35 CST  Closed file root://cmsxrootd.fnal.gov//store/mc/Run3Summer22MiniAODv4/TBbartoLplusNuBbar-s-channel-4FS_TuneCP5_13p6TeV_amcatnlo-pythia8/MINIAODSIM/130X_mcRun3_2022_realistic_v5-v2/30000/5696e48b-66a1-491f-82b9-1ac6169089e7.root
01-Feb-2025 17:00:35 CST  Initiating request to open file root://cmsxrootd.fnal.gov//store/mc/Run3Summer22MiniAODv4/TBbartoLplusNuBbar-s-channel-4FS_TuneCP5_13p6TeV_amcatnlo-pythia8/MINIAODSIM/130X_mcRun3_2022_realistic_v5-v2/50000/1988a335-10c5-42a9-8393-2eba88db047a.root
%MSG-w XrdAdaptorInternal:  file_open 01-Feb-2025 17:00:36 CST PostProcessEvent
Failed to open file at URL root://eos-c01.cms.rcac.purdue.edu:1102//store/mc/Run3Summer22MiniAODv4/TBbartoLplusNuBbar-s-channel-4FS_TuneCP5_13p6TeV_amcatnlo-pythia8/MINIAODSIM/130X_mcRun3_2022_realistic_v5-v2/50000/1988a335-10c5-42a9-8393-2eba88db047a.root?cap.msg=LZQstdodNHagq1gzAIYXamJo9xP8FMpFl28AEX3cCyIY4DZX/rqymaD06/1V9/8owV7bTScuADPENiREEDHR3/LbfGjjb24IKqsW+0PcyrX61ssUADCZodr+ohbr9jjoREnMQcryagFQwG8t/Sl3SiLSaaFIYqru8nbyPnXofQBq58VZ2AP+Bq6BWwNNHjvZq0hhoZHCHb5XZmTrbD9u5kKfsob0jIenLUWsLgz39xGM7w0Wbm2xWT5ltv8QNDIrWIoyUzad4//8riVC8ShNtcFIIE/XGXUANEMYP2LFSuALyQ5fFFU2/es7KQkQz/Ql4RHO8P+XfjlpyUOo65dTR0yAWFT3HQKIT5AKFesrt5jIUEYKZNuJeNPg6hCsaUsATsdQtIMqbqvCzHoWybIM+NVCo3QVHBbjVV70G8S7SifR6fzKU7Nw9dRGcr+DELoFqSdn7HqAO1RR64CHUUf5ZQ/Ldl94/29ZxQDjCkE+Ai5a7aIs8eqzROH0whWiGu08eecp1I2/mda+KuOfac6LylLRy0St87gFHUV7WJrMW+iPxXJ3EFsdR0MCLQg3rHXKTv9WsvRHffHFdi6ZTq+izjfPXqAnOSpiAEUz7l8aS3B7xQoPNh9xDO4J1msLYGl0xhr6x2LUNy2TU2N0GTzPCJhAR7FaQgvNzUlicNjjTHpLFzejHpMy88otucdNeqBnBDwl3txsBOk9eygzy7lc6NzhwtytK66TFD6SOTpEqUDqQGeI96c4Spr0ZkF5ne1BMhYuwa6lc6Mug8FVyF15DsNRmiMPWQbU0TzMBqJBMgWIj+xzT1GkKBFpF4RJt1F6VY0bM2M8kdAXKln4BBOVeqexHrLFvYOu+5KYYNP6sO+rbrziJeLPsZKzLUeUPT7GEw+xCAstVwynfYhOdMs3zd/N0QK8v9D5&cap.sym=aszWoh0CI9mITkIE2ISvoOJzQY0=&eos.clientinfo=zbase64:MDAwMDAwNmZ4nBXIUQrEIAxF0a10AxO0X0XIYtrkSYVOlWgo3f2Mf+fe2nAnGxxo3ZZS0/FwufNUlxPKYXK8DXx4zjDoHM1KZUXe/Rqz/7sYZDBq/0iIJN9OJrtQc1MHQT3FGNYfhuUm4w==&mgm.blockchecksum=ignore&mgm.id=02413723&mgm.logid=5978751e-e0f0-11ef-8ca0-bc2411272cf6&mgm.mtime=1696920616&mgm.replicahead=1&mgm.replicaindex=1&xrdcl.requuid=6c1f1668-683e-4bb8-882d-6745849fe565.
%MSG
01-Feb-2025 17:00:38 CST  Successfully opened file root://cmsxrootd.fnal.gov//store/mc/Run3Summer22MiniAODv4/TBbartoLplusNuBbar-s-channel-4FS_TuneCP5_13p6TeV_amcatnlo-pythia8/MINIAODSIM/130X_mcRun3_2022_realistic_v5-v2/50000/1988a335-10c5-42a9-8393-2eba88db047a.root
Begin processing the 600001st record. Run 1, Event 1176554, LumiSection 1639 on stream 0 at 01-Feb-2025 17:00:39.563 CST
01-Feb-2025 17:00:39 CST  Closed file root://cmsxrootd.fnal.gov//store/mc/Run3Summer22MiniAODv4/TBbartoLplusNuBbar-s-channel-4FS_TuneCP5_13p6TeV_amcatnlo-pythia8/MINIAODSIM/130X_mcRun3_2022_realistic_v5-v2/50000/1988a335-10c5-42a9-8393-2eba88db047a.root
01-Feb-2025 17:00:39 CST  Initiating request to open file root://cmsxrootd.fnal.gov//store/mc/Run3Summer22MiniAODv4/TBbartoLplusNuBbar-s-channel-4FS_TuneCP5_13p6TeV_amcatnlo-pythia8/MINIAODSIM/130X_mcRun3_2022_realistic_v5-v2/50000/76091863-c7d0-4c61-bbb8-93ec9f30779d.root
01-Feb-2025 17:00:41 CST  Successfully opened file root://cmsxrootd.fnal.gov//store/mc/Run3Summer22MiniAODv4/TBbartoLplusNuBbar-s-channel-4FS_TuneCP5_13p6TeV_amcatnlo-pythia8/MINIAODSIM/130X_mcRun3_2022_realistic_v5-v2/50000/76091863-c7d0-4c61-bbb8-93ec9f30779d.root
01-Feb-2025 17:00:42 CST  Closed file root://cmsxrootd.fnal.gov//store/mc/Run3Summer22MiniAODv4/TBbartoLplusNuBbar-s-channel-4FS_TuneCP5_13p6TeV_amcatnlo-pythia8/MINIAODSIM/130X_mcRun3_2022_realistic_v5-v2/50000/76091863-c7d0-4c61-bbb8-93ec9f30779d.root
01-Feb-2025 17:00:42 CST  Initiating request to open file root://cmsxrootd.fnal.gov//store/mc/Run3Summer22MiniAODv4/TBbartoLplusNuBbar-s-channel-4FS_TuneCP5_13p6TeV_amcatnlo-pythia8/MINIAODSIM/130X_mcRun3_2022_realistic_v5-v2/50000/16d23b18-a8fa-4ae7-8ed8-087c7120c467.root
01-Feb-2025 17:00:44 CST  Successfully opened file root://cmsxrootd.fnal.gov//store/mc/Run3Summer22MiniAODv4/TBbartoLplusNuBbar-s-channel-4FS_TuneCP5_13p6TeV_amcatnlo-pythia8/MINIAODSIM/130X_mcRun3_2022_realistic_v5-v2/50000/16d23b18-a8fa-4ae7-8ed8-087c7120c467.root
01-Feb-2025 17:00:46 CST  Closed file root://cmsxrootd.fnal.gov//store/mc/Run3Summer22MiniAODv4/TBbartoLplusNuBbar-s-channel-4FS_TuneCP5_13p6TeV_amcatnlo-pythia8/MINIAODSIM/130X_mcRun3_2022_realistic_v5-v2/50000/16d23b18-a8fa-4ae7-8ed8-087c7120c467.root
01-Feb-2025 17:00:46 CST  Initiating request to open file root://cmsxrootd.fnal.gov//store/mc/Run3Summer22MiniAODv4/TBbartoLplusNuBbar-s-channel-4FS_TuneCP5_13p6TeV_amcatnlo-pythia8/MINIAODSIM/130X_mcRun3_2022_realistic_v5-v2/50000/c670d6be-4f8a-4e90-b8bb-25758463bf11.root
01-Feb-2025 17:00:48 CST  Successfully opened file root://cmsxrootd.fnal.gov//store/mc/Run3Summer22MiniAODv4/TBbartoLplusNuBbar-s-channel-4FS_TuneCP5_13p6TeV_amcatnlo-pythia8/MINIAODSIM/130X_mcRun3_2022_realistic_v5-v2/50000/c670d6be-4f8a-4e90-b8bb-25758463bf11.root
Begin processing the 700001st record. Run 1, Event 78216, LumiSection 109 on stream 0 at 01-Feb-2025 17:00:50.347 CST
01-Feb-2025 17:00:50 CST  Closed file root://cmsxrootd.fnal.gov//store/mc/Run3Summer22MiniAODv4/TBbartoLplusNuBbar-s-channel-4FS_TuneCP5_13p6TeV_amcatnlo-pythia8/MINIAODSIM/130X_mcRun3_2022_realistic_v5-v2/50000/c670d6be-4f8a-4e90-b8bb-25758463bf11.root
01-Feb-2025 17:00:50 CST  Initiating request to open file root://cmsxrootd.fnal.gov//store/mc/Run3Summer22MiniAODv4/TBbartoLplusNuBbar-s-channel-4FS_TuneCP5_13p6TeV_amcatnlo-pythia8/MINIAODSIM/130X_mcRun3_2022_realistic_v5-v2/50000/cebd1c56-f367-45f9-93d4-0b5e840bebe3.root
01-Feb-2025 17:00:52 CST  Successfully opened file root://cmsxrootd.fnal.gov//store/mc/Run3Summer22MiniAODv4/TBbartoLplusNuBbar-s-channel-4FS_TuneCP5_13p6TeV_amcatnlo-pythia8/MINIAODSIM/130X_mcRun3_2022_realistic_v5-v2/50000/cebd1c56-f367-45f9-93d4-0b5e840bebe3.root
01-Feb-2025 17:00:54 CST  Closed file root://cmsxrootd.fnal.gov//store/mc/Run3Summer22MiniAODv4/TBbartoLplusNuBbar-s-channel-4FS_TuneCP5_13p6TeV_amcatnlo-pythia8/MINIAODSIM/130X_mcRun3_2022_realistic_v5-v2/50000/cebd1c56-f367-45f9-93d4-0b5e840bebe3.root
01-Feb-2025 17:00:54 CST  Initiating request to open file root://cmsxrootd.fnal.gov//store/mc/Run3Summer22MiniAODv4/TBbartoLplusNuBbar-s-channel-4FS_TuneCP5_13p6TeV_amcatnlo-pythia8/MINIAODSIM/130X_mcRun3_2022_realistic_v5-v2/50000/29fc5a8b-ec98-4ee9-bb24-ada6d3c705ca.root
01-Feb-2025 17:00:57 CST  Successfully opened file root://cmsxrootd.fnal.gov//store/mc/Run3Summer22MiniAODv4/TBbartoLplusNuBbar-s-channel-4FS_TuneCP5_13p6TeV_amcatnlo-pythia8/MINIAODSIM/130X_mcRun3_2022_realistic_v5-v2/50000/29fc5a8b-ec98-4ee9-bb24-ada6d3c705ca.root
Begin processing the 800001st record. Run 1, Event 927391, LumiSection 1292 on stream 0 at 01-Feb-2025 17:00:58.011 CST
01-Feb-2025 17:00:58 CST  Closed file root://cmsxrootd.fnal.gov//store/mc/Run3Summer22MiniAODv4/TBbartoLplusNuBbar-s-channel-4FS_TuneCP5_13p6TeV_amcatnlo-pythia8/MINIAODSIM/130X_mcRun3_2022_realistic_v5-v2/50000/29fc5a8b-ec98-4ee9-bb24-ada6d3c705ca.root
01-Feb-2025 17:00:58 CST  Initiating request to open file root://cmsxrootd.fnal.gov//store/mc/Run3Summer22MiniAODv4/TBbartoLplusNuBbar-s-channel-4FS_TuneCP5_13p6TeV_amcatnlo-pythia8/MINIAODSIM/130X_mcRun3_2022_realistic_v5-v2/2520000/5011fc77-516c-4438-a23c-9cd5330525ed.root
01-Feb-2025 17:01:00 CST  Successfully opened file root://cmsxrootd.fnal.gov//store/mc/Run3Summer22MiniAODv4/TBbartoLplusNuBbar-s-channel-4FS_TuneCP5_13p6TeV_amcatnlo-pythia8/MINIAODSIM/130X_mcRun3_2022_realistic_v5-v2/2520000/5011fc77-516c-4438-a23c-9cd5330525ed.root
01-Feb-2025 17:01:01 CST  Closed file root://cmsxrootd.fnal.gov//store/mc/Run3Summer22MiniAODv4/TBbartoLplusNuBbar-s-channel-4FS_TuneCP5_13p6TeV_amcatnlo-pythia8/MINIAODSIM/130X_mcRun3_2022_realistic_v5-v2/2520000/5011fc77-516c-4438-a23c-9cd5330525ed.root
01-Feb-2025 17:01:01 CST  Initiating request to open file root://cmsxrootd.fnal.gov//store/mc/Run3Summer22MiniAODv4/TBbartoLplusNuBbar-s-channel-4FS_TuneCP5_13p6TeV_amcatnlo-pythia8/MINIAODSIM/130X_mcRun3_2022_realistic_v5-v2/2530000/4c0e87a6-f3d3-437f-851d-aef8051aff3a.root
01-Feb-2025 17:01:03 CST  Successfully opened file root://cmsxrootd.fnal.gov//store/mc/Run3Summer22MiniAODv4/TBbartoLplusNuBbar-s-channel-4FS_TuneCP5_13p6TeV_amcatnlo-pythia8/MINIAODSIM/130X_mcRun3_2022_realistic_v5-v2/2530000/4c0e87a6-f3d3-437f-851d-aef8051aff3a.root
01-Feb-2025 17:01:05 CST  Closed file root://cmsxrootd.fnal.gov//store/mc/Run3Summer22MiniAODv4/TBbartoLplusNuBbar-s-channel-4FS_TuneCP5_13p6TeV_amcatnlo-pythia8/MINIAODSIM/130X_mcRun3_2022_realistic_v5-v2/2530000/4c0e87a6-f3d3-437f-851d-aef8051aff3a.root
01-Feb-2025 17:01:05 CST  Initiating request to open file root://cmsxrootd.fnal.gov//store/mc/Run3Summer22MiniAODv4/TBbartoLplusNuBbar-s-channel-4FS_TuneCP5_13p6TeV_amcatnlo-pythia8/MINIAODSIM/130X_mcRun3_2022_realistic_v5-v2/2530000/da93b75c-e01e-46b5-ad2a-80dab7aa0185.root
01-Feb-2025 17:01:07 CST  Successfully opened file root://cmsxrootd.fnal.gov//store/mc/Run3Summer22MiniAODv4/TBbartoLplusNuBbar-s-channel-4FS_TuneCP5_13p6TeV_amcatnlo-pythia8/MINIAODSIM/130X_mcRun3_2022_realistic_v5-v2/2530000/da93b75c-e01e-46b5-ad2a-80dab7aa0185.root
Begin processing the 900001st record. Run 1, Event 600894, LumiSection 837 on stream 0 at 01-Feb-2025 17:01:08.333 CST
01-Feb-2025 17:01:08 CST  Closed file root://cmsxrootd.fnal.gov//store/mc/Run3Summer22MiniAODv4/TBbartoLplusNuBbar-s-channel-4FS_TuneCP5_13p6TeV_amcatnlo-pythia8/MINIAODSIM/130X_mcRun3_2022_realistic_v5-v2/2530000/da93b75c-e01e-46b5-ad2a-80dab7aa0185.root
01-Feb-2025 17:01:08 CST  Initiating request to open file root://cmsxrootd.fnal.gov//store/mc/Run3Summer22MiniAODv4/TBbartoLplusNuBbar-s-channel-4FS_TuneCP5_13p6TeV_amcatnlo-pythia8/MINIAODSIM/130X_mcRun3_2022_realistic_v5-v2/2530000/5ba60923-f255-4af4-8bf8-5aa5f58da87d.root
01-Feb-2025 17:01:10 CST  Successfully opened file root://cmsxrootd.fnal.gov//store/mc/Run3Summer22MiniAODv4/TBbartoLplusNuBbar-s-channel-4FS_TuneCP5_13p6TeV_amcatnlo-pythia8/MINIAODSIM/130X_mcRun3_2022_realistic_v5-v2/2530000/5ba60923-f255-4af4-8bf8-5aa5f58da87d.root
01-Feb-2025 17:01:11 CST  Closed file root://cmsxrootd.fnal.gov//store/mc/Run3Summer22MiniAODv4/TBbartoLplusNuBbar-s-channel-4FS_TuneCP5_13p6TeV_amcatnlo-pythia8/MINIAODSIM/130X_mcRun3_2022_realistic_v5-v2/2530000/5ba60923-f255-4af4-8bf8-5aa5f58da87d.root
01-Feb-2025 17:01:11 CST  Initiating request to open file root://cmsxrootd.fnal.gov//store/mc/Run3Summer22MiniAODv4/TBbartoLplusNuBbar-s-channel-4FS_TuneCP5_13p6TeV_amcatnlo-pythia8/MINIAODSIM/130X_mcRun3_2022_realistic_v5-v2/50000/46612c98-3bdb-491c-a05a-1ed71c4f24e5.root
01-Feb-2025 17:01:13 CST  Successfully opened file root://cmsxrootd.fnal.gov//store/mc/Run3Summer22MiniAODv4/TBbartoLplusNuBbar-s-channel-4FS_TuneCP5_13p6TeV_amcatnlo-pythia8/MINIAODSIM/130X_mcRun3_2022_realistic_v5-v2/50000/46612c98-3bdb-491c-a05a-1ed71c4f24e5.root
01-Feb-2025 17:01:15 CST  Closed file root://cmsxrootd.fnal.gov//store/mc/Run3Summer22MiniAODv4/TBbartoLplusNuBbar-s-channel-4FS_TuneCP5_13p6TeV_amcatnlo-pythia8/MINIAODSIM/130X_mcRun3_2022_realistic_v5-v2/50000/46612c98-3bdb-491c-a05a-1ed71c4f24e5.root
01-Feb-2025 17:01:15 CST  Initiating request to open file root://cmsxrootd.fnal.gov//store/mc/Run3Summer22MiniAODv4/TBbartoLplusNuBbar-s-channel-4FS_TuneCP5_13p6TeV_amcatnlo-pythia8/MINIAODSIM/130X_mcRun3_2022_realistic_v5-v2/50000/ffa99358-c4b9-4a8f-97dc-9d002f5ebba9.root
01-Feb-2025 17:01:17 CST  Successfully opened file root://cmsxrootd.fnal.gov//store/mc/Run3Summer22MiniAODv4/TBbartoLplusNuBbar-s-channel-4FS_TuneCP5_13p6TeV_amcatnlo-pythia8/MINIAODSIM/130X_mcRun3_2022_realistic_v5-v2/50000/ffa99358-c4b9-4a8f-97dc-9d002f5ebba9.root
01-Feb-2025 17:01:18 CST  Closed file root://cmsxrootd.fnal.gov//store/mc/Run3Summer22MiniAODv4/TBbartoLplusNuBbar-s-channel-4FS_TuneCP5_13p6TeV_amcatnlo-pythia8/MINIAODSIM/130X_mcRun3_2022_realistic_v5-v2/50000/ffa99358-c4b9-4a8f-97dc-9d002f5ebba9.root
01-Feb-2025 17:01:18 CST  Initiating request to open file root://cmsxrootd.fnal.gov//store/mc/Run3Summer22MiniAODv4/TBbartoLplusNuBbar-s-channel-4FS_TuneCP5_13p6TeV_amcatnlo-pythia8/MINIAODSIM/130X_mcRun3_2022_realistic_v5-v2/2530000/40be8b1f-665a-4241-8682-3890c29bd212.root
01-Feb-2025 17:01:20 CST  Successfully opened file root://cmsxrootd.fnal.gov//store/mc/Run3Summer22MiniAODv4/TBbartoLplusNuBbar-s-channel-4FS_TuneCP5_13p6TeV_amcatnlo-pythia8/MINIAODSIM/130X_mcRun3_2022_realistic_v5-v2/2530000/40be8b1f-665a-4241-8682-3890c29bd212.root
01-Feb-2025 17:01:21 CST  Closed file root://cmsxrootd.fnal.gov//store/mc/Run3Summer22MiniAODv4/TBbartoLplusNuBbar-s-channel-4FS_TuneCP5_13p6TeV_amcatnlo-pythia8/MINIAODSIM/130X_mcRun3_2022_realistic_v5-v2/2530000/40be8b1f-665a-4241-8682-3890c29bd212.root
01-Feb-2025 17:01:21 CST  Initiating request to open file root://cmsxrootd.fnal.gov//store/mc/Run3Summer22MiniAODv4/TBbartoLplusNuBbar-s-channel-4FS_TuneCP5_13p6TeV_amcatnlo-pythia8/MINIAODSIM/130X_mcRun3_2022_realistic_v5-v2/40000/5f905f6b-431a-4be7-a028-1fa52c68f2f8.root
01-Feb-2025 17:01:23 CST  Successfully opened file root://cmsxrootd.fnal.gov//store/mc/Run3Summer22MiniAODv4/TBbartoLplusNuBbar-s-channel-4FS_TuneCP5_13p6TeV_amcatnlo-pythia8/MINIAODSIM/130X_mcRun3_2022_realistic_v5-v2/40000/5f905f6b-431a-4be7-a028-1fa52c68f2f8.root
      2.278464      0.003403      3.699856             0
 
01-Feb-2025 17:01:24 CST  Closed file root://cmsxrootd.fnal.gov//store/mc/Run3Summer22MiniAODv4/TBbartoLplusNuBbar-s-channel-4FS_TuneCP5_13p6TeV_amcatnlo-pythia8/MINIAODSIM/130X_mcRun3_2022_realistic_v5-v2/40000/5f905f6b-431a-4be7-a028-1fa52c68f2f8.root

------------------------------------
GenXsecAnalyzer:
------------------------------------
-------------------------------------------------------------------------------------------------------------------------------------------------------------------------- 
Overall cross-section summary 
--------------------------------------------------------------------------------------------------------------------------------------------------------------------------
Process		xsec_before [pb]		passed	nposw	nnegw	tried	nposw	nnegw 	xsec_match [pb]			accepted [%]	 event_eff [%]
0		2.278e+00 +/- 7.986e-05		1000594	807936	192658	1000594	807936	192658	2.278e+00 +/- 7.986e-05		100.0 +/- 0.0	100.0 +/- 0.0
-------------------------------------------------------------------------------------------------------------------------------------------------------------------------- 
Total		2.278e+00 +/- 7.986e-05		1000594	807936	192658	1000594	807936	192658	2.278e+00 +/- 7.986e-05		100.0 +/- 0.0	100.0 +/- 0.0
--------------------------------------------------------------------------------------------------------------------------------------------------------------------------
Before matching: total cross section = 2.278e+00 +- 7.986e-05 pb
After matching: total cross section = 2.278e+00 +- 7.986e-05 pb
Matching efficiency = 1.0 +/- 0.0   [TO BE USED IN MCM]
Filter efficiency (taking into account weights)= (2.27644e+06) / (2.27644e+06) = 1.000e+00 +- 0.000e+00
Filter efficiency (event-level)= (1.00059e+06) / (1.00059e+06) = 1.000e+00 +- 0.000e+00    [TO BE USED IN MCM]

After filter: final cross section = 2.278e+00 +- 7.986e-05 pb
After filter: final fraction of events with negative weights = 1.925e-01 +- 3.375e-05
After filter: final equivalent lumi for 1M events (1/fb) = 1.660e+02 +- 1.045e-01
