01-Feb-2025 17:03:04 CST  Initiating request to open file root://cmsxrootd.fnal.gov//store/mc/Run3Summer22MiniAODv4/TTLL_MLL-4to50_TuneCP5_13p6TeV_amcatnlo-pythia8/MINIAODSIM/130X_mcRun3_2022_realistic_v5-v2/40000/cc529a89-8802-4917-8ebe-0eee83cf2a9d.root
01-Feb-2025 17:03:06 CST  Successfully opened file root://cmsxrootd.fnal.gov//store/mc/Run3Summer22MiniAODv4/TTLL_MLL-4to50_TuneCP5_13p6TeV_amcatnlo-pythia8/MINIAODSIM/130X_mcRun3_2022_realistic_v5-v2/40000/cc529a89-8802-4917-8ebe-0eee83cf2a9d.root
Begin processing the 1st record. Run 1, Event 2131, LumiSection 4 on stream 0 at 01-Feb-2025 17:03:07.823 CST
01-Feb-2025 17:03:08 CST  Closed file root://cmsxrootd.fnal.gov//store/mc/Run3Summer22MiniAODv4/TTLL_MLL-4to50_TuneCP5_13p6TeV_amcatnlo-pythia8/MINIAODSIM/130X_mcRun3_2022_realistic_v5-v2/40000/cc529a89-8802-4917-8ebe-0eee83cf2a9d.root
01-Feb-2025 17:03:08 CST  Initiating request to open file root://cmsxrootd.fnal.gov//store/mc/Run3Summer22MiniAODv4/TTLL_MLL-4to50_TuneCP5_13p6TeV_amcatnlo-pythia8/MINIAODSIM/130X_mcRun3_2022_realistic_v5-v2/40000/43505775-6635-440c-a81d-fc37113b9bc0.root
01-Feb-2025 17:03:09 CST  Successfully opened file root://cmsxrootd.fnal.gov//store/mc/Run3Summer22MiniAODv4/TTLL_MLL-4to50_TuneCP5_13p6TeV_amcatnlo-pythia8/MINIAODSIM/130X_mcRun3_2022_realistic_v5-v2/40000/43505775-6635-440c-a81d-fc37113b9bc0.root
01-Feb-2025 17:03:10 CST  Closed file root://cmsxrootd.fnal.gov//store/mc/Run3Summer22MiniAODv4/TTLL_MLL-4to50_TuneCP5_13p6TeV_amcatnlo-pythia8/MINIAODSIM/130X_mcRun3_2022_realistic_v5-v2/40000/43505775-6635-440c-a81d-fc37113b9bc0.root
01-Feb-2025 17:03:10 CST  Initiating request to open file root://cmsxrootd.fnal.gov//store/mc/Run3Summer22MiniAODv4/TTLL_MLL-4to50_TuneCP5_13p6TeV_amcatnlo-pythia8/MINIAODSIM/130X_mcRun3_2022_realistic_v5-v2/40000/2509eab7-9266-4891-b4bf-eb7442b604b5.root
01-Feb-2025 17:03:12 CST  Successfully opened file root://cmsxrootd.fnal.gov//store/mc/Run3Summer22MiniAODv4/TTLL_MLL-4to50_TuneCP5_13p6TeV_amcatnlo-pythia8/MINIAODSIM/130X_mcRun3_2022_realistic_v5-v2/40000/2509eab7-9266-4891-b4bf-eb7442b604b5.root
01-Feb-2025 17:03:13 CST  Closed file root://cmsxrootd.fnal.gov//store/mc/Run3Summer22MiniAODv4/TTLL_MLL-4to50_TuneCP5_13p6TeV_amcatnlo-pythia8/MINIAODSIM/130X_mcRun3_2022_realistic_v5-v2/40000/2509eab7-9266-4891-b4bf-eb7442b604b5.root
01-Feb-2025 17:03:13 CST  Initiating request to open file root://cmsxrootd.fnal.gov//store/mc/Run3Summer22MiniAODv4/TTLL_MLL-4to50_TuneCP5_13p6TeV_amcatnlo-pythia8/MINIAODSIM/130X_mcRun3_2022_realistic_v5-v2/40000/52a761be-6056-4917-94cc-3f688293155f.root
01-Feb-2025 17:03:14 CST  Successfully opened file root://cmsxrootd.fnal.gov//store/mc/Run3Summer22MiniAODv4/TTLL_MLL-4to50_TuneCP5_13p6TeV_amcatnlo-pythia8/MINIAODSIM/130X_mcRun3_2022_realistic_v5-v2/40000/52a761be-6056-4917-94cc-3f688293155f.root
01-Feb-2025 17:03:14 CST  Closed file root://cmsxrootd.fnal.gov//store/mc/Run3Summer22MiniAODv4/TTLL_MLL-4to50_TuneCP5_13p6TeV_amcatnlo-pythia8/MINIAODSIM/130X_mcRun3_2022_realistic_v5-v2/40000/52a761be-6056-4917-94cc-3f688293155f.root
01-Feb-2025 17:03:14 CST  Initiating request to open file root://cmsxrootd.fnal.gov//store/mc/Run3Summer22MiniAODv4/TTLL_MLL-4to50_TuneCP5_13p6TeV_amcatnlo-pythia8/MINIAODSIM/130X_mcRun3_2022_realistic_v5-v2/40000/e1c50cc4-911d-4cd0-9f6f-f75c826120ca.root
01-Feb-2025 17:03:15 CST  Successfully opened file root://cmsxrootd.fnal.gov//store/mc/Run3Summer22MiniAODv4/TTLL_MLL-4to50_TuneCP5_13p6TeV_amcatnlo-pythia8/MINIAODSIM/130X_mcRun3_2022_realistic_v5-v2/40000/e1c50cc4-911d-4cd0-9f6f-f75c826120ca.root
01-Feb-2025 17:03:16 CST  Closed file root://cmsxrootd.fnal.gov//store/mc/Run3Summer22MiniAODv4/TTLL_MLL-4to50_TuneCP5_13p6TeV_amcatnlo-pythia8/MINIAODSIM/130X_mcRun3_2022_realistic_v5-v2/40000/e1c50cc4-911d-4cd0-9f6f-f75c826120ca.root
01-Feb-2025 17:03:16 CST  Initiating request to open file root://cmsxrootd.fnal.gov//store/mc/Run3Summer22MiniAODv4/TTLL_MLL-4to50_TuneCP5_13p6TeV_amcatnlo-pythia8/MINIAODSIM/130X_mcRun3_2022_realistic_v5-v2/40000/35499e4d-f269-48a4-9046-a9942948bfdf.root
01-Feb-2025 17:03:17 CST  Successfully opened file root://cmsxrootd.fnal.gov//store/mc/Run3Summer22MiniAODv4/TTLL_MLL-4to50_TuneCP5_13p6TeV_amcatnlo-pythia8/MINIAODSIM/130X_mcRun3_2022_realistic_v5-v2/40000/35499e4d-f269-48a4-9046-a9942948bfdf.root
Begin processing the 100001st record. Run 1, Event 9862, LumiSection 14 on stream 0 at 01-Feb-2025 17:03:18.425 CST
01-Feb-2025 17:03:18 CST  Closed file root://cmsxrootd.fnal.gov//store/mc/Run3Summer22MiniAODv4/TTLL_MLL-4to50_TuneCP5_13p6TeV_amcatnlo-pythia8/MINIAODSIM/130X_mcRun3_2022_realistic_v5-v2/40000/35499e4d-f269-48a4-9046-a9942948bfdf.root
01-Feb-2025 17:03:18 CST  Initiating request to open file root://cmsxrootd.fnal.gov//store/mc/Run3Summer22MiniAODv4/TTLL_MLL-4to50_TuneCP5_13p6TeV_amcatnlo-pythia8/MINIAODSIM/130X_mcRun3_2022_realistic_v5-v2/40000/cd691492-1527-4806-b13a-1cb7b12f4d05.root
01-Feb-2025 17:03:19 CST  Successfully opened file root://cmsxrootd.fnal.gov//store/mc/Run3Summer22MiniAODv4/TTLL_MLL-4to50_TuneCP5_13p6TeV_amcatnlo-pythia8/MINIAODSIM/130X_mcRun3_2022_realistic_v5-v2/40000/cd691492-1527-4806-b13a-1cb7b12f4d05.root
01-Feb-2025 17:03:20 CST  Closed file root://cmsxrootd.fnal.gov//store/mc/Run3Summer22MiniAODv4/TTLL_MLL-4to50_TuneCP5_13p6TeV_amcatnlo-pythia8/MINIAODSIM/130X_mcRun3_2022_realistic_v5-v2/40000/cd691492-1527-4806-b13a-1cb7b12f4d05.root
01-Feb-2025 17:03:20 CST  Initiating request to open file root://cmsxrootd.fnal.gov//store/mc/Run3Summer22MiniAODv4/TTLL_MLL-4to50_TuneCP5_13p6TeV_amcatnlo-pythia8/MINIAODSIM/130X_mcRun3_2022_realistic_v5-v2/40000/06201888-2175-4979-82ad-76e6a90e5507.root
01-Feb-2025 17:03:21 CST  Successfully opened file root://cmsxrootd.fnal.gov//store/mc/Run3Summer22MiniAODv4/TTLL_MLL-4to50_TuneCP5_13p6TeV_amcatnlo-pythia8/MINIAODSIM/130X_mcRun3_2022_realistic_v5-v2/40000/06201888-2175-4979-82ad-76e6a90e5507.root
01-Feb-2025 17:03:22 CST  Closed file root://cmsxrootd.fnal.gov//store/mc/Run3Summer22MiniAODv4/TTLL_MLL-4to50_TuneCP5_13p6TeV_amcatnlo-pythia8/MINIAODSIM/130X_mcRun3_2022_realistic_v5-v2/40000/06201888-2175-4979-82ad-76e6a90e5507.root
01-Feb-2025 17:03:22 CST  Initiating request to open file root://cmsxrootd.fnal.gov//store/mc/Run3Summer22MiniAODv4/TTLL_MLL-4to50_TuneCP5_13p6TeV_amcatnlo-pythia8/MINIAODSIM/130X_mcRun3_2022_realistic_v5-v2/40000/056c8bc9-616c-47e3-82c9-b9a98ae4a5c8.root
01-Feb-2025 17:03:23 CST  Successfully opened file root://cmsxrootd.fnal.gov//store/mc/Run3Summer22MiniAODv4/TTLL_MLL-4to50_TuneCP5_13p6TeV_amcatnlo-pythia8/MINIAODSIM/130X_mcRun3_2022_realistic_v5-v2/40000/056c8bc9-616c-47e3-82c9-b9a98ae4a5c8.root
01-Feb-2025 17:03:24 CST  Closed file root://cmsxrootd.fnal.gov//store/mc/Run3Summer22MiniAODv4/TTLL_MLL-4to50_TuneCP5_13p6TeV_amcatnlo-pythia8/MINIAODSIM/130X_mcRun3_2022_realistic_v5-v2/40000/056c8bc9-616c-47e3-82c9-b9a98ae4a5c8.root
01-Feb-2025 17:03:24 CST  Initiating request to open file root://cmsxrootd.fnal.gov//store/mc/Run3Summer22MiniAODv4/TTLL_MLL-4to50_TuneCP5_13p6TeV_amcatnlo-pythia8/MINIAODSIM/130X_mcRun3_2022_realistic_v5-v2/40000/059cc727-77d3-48b8-96fb-6473857f59e2.root
01-Feb-2025 17:03:25 CST  Successfully opened file root://cmsxrootd.fnal.gov//store/mc/Run3Summer22MiniAODv4/TTLL_MLL-4to50_TuneCP5_13p6TeV_amcatnlo-pythia8/MINIAODSIM/130X_mcRun3_2022_realistic_v5-v2/40000/059cc727-77d3-48b8-96fb-6473857f59e2.root
01-Feb-2025 17:03:26 CST  Closed file root://cmsxrootd.fnal.gov//store/mc/Run3Summer22MiniAODv4/TTLL_MLL-4to50_TuneCP5_13p6TeV_amcatnlo-pythia8/MINIAODSIM/130X_mcRun3_2022_realistic_v5-v2/40000/059cc727-77d3-48b8-96fb-6473857f59e2.root
01-Feb-2025 17:03:26 CST  Initiating request to open file root://cmsxrootd.fnal.gov//store/mc/Run3Summer22MiniAODv4/TTLL_MLL-4to50_TuneCP5_13p6TeV_amcatnlo-pythia8/MINIAODSIM/130X_mcRun3_2022_realistic_v5-v2/40000/b05a4a9f-1fa8-48b5-8a0d-83266ddf2db2.root
01-Feb-2025 17:03:27 CST  Successfully opened file root://cmsxrootd.fnal.gov//store/mc/Run3Summer22MiniAODv4/TTLL_MLL-4to50_TuneCP5_13p6TeV_amcatnlo-pythia8/MINIAODSIM/130X_mcRun3_2022_realistic_v5-v2/40000/b05a4a9f-1fa8-48b5-8a0d-83266ddf2db2.root
01-Feb-2025 17:03:28 CST  Closed file root://cmsxrootd.fnal.gov//store/mc/Run3Summer22MiniAODv4/TTLL_MLL-4to50_TuneCP5_13p6TeV_amcatnlo-pythia8/MINIAODSIM/130X_mcRun3_2022_realistic_v5-v2/40000/b05a4a9f-1fa8-48b5-8a0d-83266ddf2db2.root
01-Feb-2025 17:03:28 CST  Initiating request to open file root://cmsxrootd.fnal.gov//store/mc/Run3Summer22MiniAODv4/TTLL_MLL-4to50_TuneCP5_13p6TeV_amcatnlo-pythia8/MINIAODSIM/130X_mcRun3_2022_realistic_v5-v2/40000/79ee76ef-c53a-455a-aeab-6eb9b11fd5f3.root
01-Feb-2025 17:03:29 CST  Successfully opened file root://cmsxrootd.fnal.gov//store/mc/Run3Summer22MiniAODv4/TTLL_MLL-4to50_TuneCP5_13p6TeV_amcatnlo-pythia8/MINIAODSIM/130X_mcRun3_2022_realistic_v5-v2/40000/79ee76ef-c53a-455a-aeab-6eb9b11fd5f3.root
01-Feb-2025 17:03:30 CST  Closed file root://cmsxrootd.fnal.gov//store/mc/Run3Summer22MiniAODv4/TTLL_MLL-4to50_TuneCP5_13p6TeV_amcatnlo-pythia8/MINIAODSIM/130X_mcRun3_2022_realistic_v5-v2/40000/79ee76ef-c53a-455a-aeab-6eb9b11fd5f3.root
01-Feb-2025 17:03:30 CST  Initiating request to open file root://cmsxrootd.fnal.gov//store/mc/Run3Summer22MiniAODv4/TTLL_MLL-4to50_TuneCP5_13p6TeV_amcatnlo-pythia8/MINIAODSIM/130X_mcRun3_2022_realistic_v5-v2/50000/96d27d62-e267-4b84-bea9-c04a7dd7034f.root
01-Feb-2025 17:03:31 CST  Successfully opened file root://cmsxrootd.fnal.gov//store/mc/Run3Summer22MiniAODv4/TTLL_MLL-4to50_TuneCP5_13p6TeV_amcatnlo-pythia8/MINIAODSIM/130X_mcRun3_2022_realistic_v5-v2/50000/96d27d62-e267-4b84-bea9-c04a7dd7034f.root
01-Feb-2025 17:03:32 CST  Closed file root://cmsxrootd.fnal.gov//store/mc/Run3Summer22MiniAODv4/TTLL_MLL-4to50_TuneCP5_13p6TeV_amcatnlo-pythia8/MINIAODSIM/130X_mcRun3_2022_realistic_v5-v2/50000/96d27d62-e267-4b84-bea9-c04a7dd7034f.root
01-Feb-2025 17:03:32 CST  Initiating request to open file root://cmsxrootd.fnal.gov//store/mc/Run3Summer22MiniAODv4/TTLL_MLL-4to50_TuneCP5_13p6TeV_amcatnlo-pythia8/MINIAODSIM/130X_mcRun3_2022_realistic_v5-v2/30000/7aca7ed2-63ad-4c38-9152-7d1f3cb8aee1.root
01-Feb-2025 17:03:33 CST  Successfully opened file root://cmsxrootd.fnal.gov//store/mc/Run3Summer22MiniAODv4/TTLL_MLL-4to50_TuneCP5_13p6TeV_amcatnlo-pythia8/MINIAODSIM/130X_mcRun3_2022_realistic_v5-v2/30000/7aca7ed2-63ad-4c38-9152-7d1f3cb8aee1.root
01-Feb-2025 17:03:34 CST  Closed file root://cmsxrootd.fnal.gov//store/mc/Run3Summer22MiniAODv4/TTLL_MLL-4to50_TuneCP5_13p6TeV_amcatnlo-pythia8/MINIAODSIM/130X_mcRun3_2022_realistic_v5-v2/30000/7aca7ed2-63ad-4c38-9152-7d1f3cb8aee1.root
01-Feb-2025 17:03:34 CST  Initiating request to open file root://cmsxrootd.fnal.gov//store/mc/Run3Summer22MiniAODv4/TTLL_MLL-4to50_TuneCP5_13p6TeV_amcatnlo-pythia8/MINIAODSIM/130X_mcRun3_2022_realistic_v5-v2/30000/0ee818f4-3a26-4468-a8d9-73ff3cc6375a.root
01-Feb-2025 17:03:35 CST  Successfully opened file root://cmsxrootd.fnal.gov//store/mc/Run3Summer22MiniAODv4/TTLL_MLL-4to50_TuneCP5_13p6TeV_amcatnlo-pythia8/MINIAODSIM/130X_mcRun3_2022_realistic_v5-v2/30000/0ee818f4-3a26-4468-a8d9-73ff3cc6375a.root
Begin processing the 200001st record. Run 1, Event 148151, LumiSection 209 on stream 0 at 01-Feb-2025 17:03:36.642 CST
01-Feb-2025 17:03:36 CST  Closed file root://cmsxrootd.fnal.gov//store/mc/Run3Summer22MiniAODv4/TTLL_MLL-4to50_TuneCP5_13p6TeV_amcatnlo-pythia8/MINIAODSIM/130X_mcRun3_2022_realistic_v5-v2/30000/0ee818f4-3a26-4468-a8d9-73ff3cc6375a.root
01-Feb-2025 17:03:36 CST  Initiating request to open file root://cmsxrootd.fnal.gov//store/mc/Run3Summer22MiniAODv4/TTLL_MLL-4to50_TuneCP5_13p6TeV_amcatnlo-pythia8/MINIAODSIM/130X_mcRun3_2022_realistic_v5-v2/50000/10529166-1700-4d6d-ae5d-ec3a4e75ec9a.root
01-Feb-2025 17:03:37 CST  Successfully opened file root://cmsxrootd.fnal.gov//store/mc/Run3Summer22MiniAODv4/TTLL_MLL-4to50_TuneCP5_13p6TeV_amcatnlo-pythia8/MINIAODSIM/130X_mcRun3_2022_realistic_v5-v2/50000/10529166-1700-4d6d-ae5d-ec3a4e75ec9a.root
01-Feb-2025 17:03:38 CST  Closed file root://cmsxrootd.fnal.gov//store/mc/Run3Summer22MiniAODv4/TTLL_MLL-4to50_TuneCP5_13p6TeV_amcatnlo-pythia8/MINIAODSIM/130X_mcRun3_2022_realistic_v5-v2/50000/10529166-1700-4d6d-ae5d-ec3a4e75ec9a.root
01-Feb-2025 17:03:38 CST  Initiating request to open file root://cmsxrootd.fnal.gov//store/mc/Run3Summer22MiniAODv4/TTLL_MLL-4to50_TuneCP5_13p6TeV_amcatnlo-pythia8/MINIAODSIM/130X_mcRun3_2022_realistic_v5-v2/50000/2dea30df-50bf-44a5-b9e5-fb4ddbde772a.root
01-Feb-2025 17:03:39 CST  Successfully opened file root://cmsxrootd.fnal.gov//store/mc/Run3Summer22MiniAODv4/TTLL_MLL-4to50_TuneCP5_13p6TeV_amcatnlo-pythia8/MINIAODSIM/130X_mcRun3_2022_realistic_v5-v2/50000/2dea30df-50bf-44a5-b9e5-fb4ddbde772a.root
01-Feb-2025 17:03:40 CST  Closed file root://cmsxrootd.fnal.gov//store/mc/Run3Summer22MiniAODv4/TTLL_MLL-4to50_TuneCP5_13p6TeV_amcatnlo-pythia8/MINIAODSIM/130X_mcRun3_2022_realistic_v5-v2/50000/2dea30df-50bf-44a5-b9e5-fb4ddbde772a.root
01-Feb-2025 17:03:40 CST  Initiating request to open file root://cmsxrootd.fnal.gov//store/mc/Run3Summer22MiniAODv4/TTLL_MLL-4to50_TuneCP5_13p6TeV_amcatnlo-pythia8/MINIAODSIM/130X_mcRun3_2022_realistic_v5-v2/2540000/e40f3607-8330-43d9-b885-2f7ab6616848.root
01-Feb-2025 17:03:41 CST  Successfully opened file root://cmsxrootd.fnal.gov//store/mc/Run3Summer22MiniAODv4/TTLL_MLL-4to50_TuneCP5_13p6TeV_amcatnlo-pythia8/MINIAODSIM/130X_mcRun3_2022_realistic_v5-v2/2540000/e40f3607-8330-43d9-b885-2f7ab6616848.root
01-Feb-2025 17:03:42 CST  Closed file root://cmsxrootd.fnal.gov//store/mc/Run3Summer22MiniAODv4/TTLL_MLL-4to50_TuneCP5_13p6TeV_amcatnlo-pythia8/MINIAODSIM/130X_mcRun3_2022_realistic_v5-v2/2540000/e40f3607-8330-43d9-b885-2f7ab6616848.root
01-Feb-2025 17:03:42 CST  Initiating request to open file root://cmsxrootd.fnal.gov//store/mc/Run3Summer22MiniAODv4/TTLL_MLL-4to50_TuneCP5_13p6TeV_amcatnlo-pythia8/MINIAODSIM/130X_mcRun3_2022_realistic_v5-v2/50000/6191590b-644d-4187-a317-8e5a74d7f283.root
01-Feb-2025 17:03:43 CST  Successfully opened file root://cmsxrootd.fnal.gov//store/mc/Run3Summer22MiniAODv4/TTLL_MLL-4to50_TuneCP5_13p6TeV_amcatnlo-pythia8/MINIAODSIM/130X_mcRun3_2022_realistic_v5-v2/50000/6191590b-644d-4187-a317-8e5a74d7f283.root
01-Feb-2025 17:03:44 CST  Closed file root://cmsxrootd.fnal.gov//store/mc/Run3Summer22MiniAODv4/TTLL_MLL-4to50_TuneCP5_13p6TeV_amcatnlo-pythia8/MINIAODSIM/130X_mcRun3_2022_realistic_v5-v2/50000/6191590b-644d-4187-a317-8e5a74d7f283.root
01-Feb-2025 17:03:44 CST  Initiating request to open file root://cmsxrootd.fnal.gov//store/mc/Run3Summer22MiniAODv4/TTLL_MLL-4to50_TuneCP5_13p6TeV_amcatnlo-pythia8/MINIAODSIM/130X_mcRun3_2022_realistic_v5-v2/50000/5ad78451-5490-4fa4-bb51-a2702be4915d.root
01-Feb-2025 17:03:45 CST  Successfully opened file root://cmsxrootd.fnal.gov//store/mc/Run3Summer22MiniAODv4/TTLL_MLL-4to50_TuneCP5_13p6TeV_amcatnlo-pythia8/MINIAODSIM/130X_mcRun3_2022_realistic_v5-v2/50000/5ad78451-5490-4fa4-bb51-a2702be4915d.root
01-Feb-2025 17:03:45 CST  Closed file root://cmsxrootd.fnal.gov//store/mc/Run3Summer22MiniAODv4/TTLL_MLL-4to50_TuneCP5_13p6TeV_amcatnlo-pythia8/MINIAODSIM/130X_mcRun3_2022_realistic_v5-v2/50000/5ad78451-5490-4fa4-bb51-a2702be4915d.root
01-Feb-2025 17:03:45 CST  Initiating request to open file root://cmsxrootd.fnal.gov//store/mc/Run3Summer22MiniAODv4/TTLL_MLL-4to50_TuneCP5_13p6TeV_amcatnlo-pythia8/MINIAODSIM/130X_mcRun3_2022_realistic_v5-v2/40000/aebc8ff1-a4e6-40ef-b7f6-6024c599626d.root
01-Feb-2025 17:03:46 CST  Successfully opened file root://cmsxrootd.fnal.gov//store/mc/Run3Summer22MiniAODv4/TTLL_MLL-4to50_TuneCP5_13p6TeV_amcatnlo-pythia8/MINIAODSIM/130X_mcRun3_2022_realistic_v5-v2/40000/aebc8ff1-a4e6-40ef-b7f6-6024c599626d.root
01-Feb-2025 17:03:48 CST  Closed file root://cmsxrootd.fnal.gov//store/mc/Run3Summer22MiniAODv4/TTLL_MLL-4to50_TuneCP5_13p6TeV_amcatnlo-pythia8/MINIAODSIM/130X_mcRun3_2022_realistic_v5-v2/40000/aebc8ff1-a4e6-40ef-b7f6-6024c599626d.root
01-Feb-2025 17:03:48 CST  Initiating request to open file root://cmsxrootd.fnal.gov//store/mc/Run3Summer22MiniAODv4/TTLL_MLL-4to50_TuneCP5_13p6TeV_amcatnlo-pythia8/MINIAODSIM/130X_mcRun3_2022_realistic_v5-v2/30000/808b43d4-dccf-4b5a-a7fe-3778624ee5de.root
01-Feb-2025 17:03:49 CST  Successfully opened file root://cmsxrootd.fnal.gov//store/mc/Run3Summer22MiniAODv4/TTLL_MLL-4to50_TuneCP5_13p6TeV_amcatnlo-pythia8/MINIAODSIM/130X_mcRun3_2022_realistic_v5-v2/30000/808b43d4-dccf-4b5a-a7fe-3778624ee5de.root
01-Feb-2025 17:03:50 CST  Closed file root://cmsxrootd.fnal.gov//store/mc/Run3Summer22MiniAODv4/TTLL_MLL-4to50_TuneCP5_13p6TeV_amcatnlo-pythia8/MINIAODSIM/130X_mcRun3_2022_realistic_v5-v2/30000/808b43d4-dccf-4b5a-a7fe-3778624ee5de.root
01-Feb-2025 17:03:50 CST  Initiating request to open file root://cmsxrootd.fnal.gov//store/mc/Run3Summer22MiniAODv4/TTLL_MLL-4to50_TuneCP5_13p6TeV_amcatnlo-pythia8/MINIAODSIM/130X_mcRun3_2022_realistic_v5-v2/30000/93630a1f-13af-4425-ab49-fc5ec1e2d45e.root
01-Feb-2025 17:03:51 CST  Successfully opened file root://cmsxrootd.fnal.gov//store/mc/Run3Summer22MiniAODv4/TTLL_MLL-4to50_TuneCP5_13p6TeV_amcatnlo-pythia8/MINIAODSIM/130X_mcRun3_2022_realistic_v5-v2/30000/93630a1f-13af-4425-ab49-fc5ec1e2d45e.root
01-Feb-2025 17:03:52 CST  Closed file root://cmsxrootd.fnal.gov//store/mc/Run3Summer22MiniAODv4/TTLL_MLL-4to50_TuneCP5_13p6TeV_amcatnlo-pythia8/MINIAODSIM/130X_mcRun3_2022_realistic_v5-v2/30000/93630a1f-13af-4425-ab49-fc5ec1e2d45e.root
01-Feb-2025 17:03:52 CST  Initiating request to open file root://cmsxrootd.fnal.gov//store/mc/Run3Summer22MiniAODv4/TTLL_MLL-4to50_TuneCP5_13p6TeV_amcatnlo-pythia8/MINIAODSIM/130X_mcRun3_2022_realistic_v5-v2/30000/69b74b33-9015-4fcc-a3db-b4dcc651d7dd.root
01-Feb-2025 17:03:53 CST  Successfully opened file root://cmsxrootd.fnal.gov//store/mc/Run3Summer22MiniAODv4/TTLL_MLL-4to50_TuneCP5_13p6TeV_amcatnlo-pythia8/MINIAODSIM/130X_mcRun3_2022_realistic_v5-v2/30000/69b74b33-9015-4fcc-a3db-b4dcc651d7dd.root
01-Feb-2025 17:03:53 CST  Closed file root://cmsxrootd.fnal.gov//store/mc/Run3Summer22MiniAODv4/TTLL_MLL-4to50_TuneCP5_13p6TeV_amcatnlo-pythia8/MINIAODSIM/130X_mcRun3_2022_realistic_v5-v2/30000/69b74b33-9015-4fcc-a3db-b4dcc651d7dd.root
01-Feb-2025 17:03:53 CST  Initiating request to open file root://cmsxrootd.fnal.gov//store/mc/Run3Summer22MiniAODv4/TTLL_MLL-4to50_TuneCP5_13p6TeV_amcatnlo-pythia8/MINIAODSIM/130X_mcRun3_2022_realistic_v5-v2/610000/37904a3e-70b7-4ec0-8f54-7f33a8386583.root
01-Feb-2025 17:03:54 CST  Successfully opened file root://cmsxrootd.fnal.gov//store/mc/Run3Summer22MiniAODv4/TTLL_MLL-4to50_TuneCP5_13p6TeV_amcatnlo-pythia8/MINIAODSIM/130X_mcRun3_2022_realistic_v5-v2/610000/37904a3e-70b7-4ec0-8f54-7f33a8386583.root
      0.039489      0.000055      0.071068             0
 
01-Feb-2025 17:03:55 CST  Closed file root://cmsxrootd.fnal.gov//store/mc/Run3Summer22MiniAODv4/TTLL_MLL-4to50_TuneCP5_13p6TeV_amcatnlo-pythia8/MINIAODSIM/130X_mcRun3_2022_realistic_v5-v2/610000/37904a3e-70b7-4ec0-8f54-7f33a8386583.root

------------------------------------
GenXsecAnalyzer:
------------------------------------
-------------------------------------------------------------------------------------------------------------------------------------------------------------------------- 
Overall cross-section summary 
--------------------------------------------------------------------------------------------------------------------------------------------------------------------------
Process		xsec_before [pb]		passed	nposw	nnegw	tried	nposw	nnegw 	xsec_match [pb]			accepted [%]	 event_eff [%]
0		3.949e-02 +/- 2.728e-05		300000	233224	66776	300000	233224	66776	3.949e-02 +/- 2.728e-05		100.0 +/- 0.0	100.0 +/- 0.0
-------------------------------------------------------------------------------------------------------------------------------------------------------------------------- 
Total		3.949e-02 +/- 2.728e-05		300000	233224	66776	300000	233224	66776	3.949e-02 +/- 2.728e-05		100.0 +/- 0.0	100.0 +/- 0.0
--------------------------------------------------------------------------------------------------------------------------------------------------------------------------
Before matching: total cross section = 3.949e-02 +- 2.728e-05 pb
After matching: total cross section = 3.949e-02 +- 2.728e-05 pb
Matching efficiency = 1.0 +/- 0.0   [TO BE USED IN MCM]
Filter efficiency (taking into account weights)= (11829) / (11829) = 1.000e+00 +- 0.000e+00
Filter efficiency (event-level)= (300000) / (300000) = 1.000e+00 +- 0.000e+00    [TO BE USED IN MCM]

After filter: final cross section = 3.949e-02 +- 2.728e-05 pb
After filter: final fraction of events with negative weights = 2.226e-01 +- 8.676e-05
After filter: final equivalent lumi for 1M events (1/fb) = 7.795e+03 +- 5.912e+00
