01-Feb-2025 17:10:41 CST  Initiating request to open file root://cmsxrootd.fnal.gov//store/mc/Run3Summer22MiniAODv4/TWminusto2L2Nu_TuneCP5_13p6TeV_powheg-pythia8/MINIAODSIM/130X_mcRun3_2022_realistic_v5-v2/2530000/b824979f-8b23-4a52-98e6-a538b49a23ba.root
01-Feb-2025 17:10:44 CST  Successfully opened file root://cmsxrootd.fnal.gov//store/mc/Run3Summer22MiniAODv4/TWminusto2L2Nu_TuneCP5_13p6TeV_powheg-pythia8/MINIAODSIM/130X_mcRun3_2022_realistic_v5-v2/2530000/b824979f-8b23-4a52-98e6-a538b49a23ba.root
Begin processing the 1st record. Run 1, Event 2902, LumiSection 5 on stream 0 at 01-Feb-2025 17:10:45.444 CST
01-Feb-2025 17:10:45 CST  Closed file root://cmsxrootd.fnal.gov//store/mc/Run3Summer22MiniAODv4/TWminusto2L2Nu_TuneCP5_13p6TeV_powheg-pythia8/MINIAODSIM/130X_mcRun3_2022_realistic_v5-v2/2530000/b824979f-8b23-4a52-98e6-a538b49a23ba.root
01-Feb-2025 17:10:45 CST  Initiating request to open file root://cmsxrootd.fnal.gov//store/mc/Run3Summer22MiniAODv4/TWminusto2L2Nu_TuneCP5_13p6TeV_powheg-pythia8/MINIAODSIM/130X_mcRun3_2022_realistic_v5-v2/2530000/50fe0d06-b3af-43f8-8b0c-7513f35c5867.root
01-Feb-2025 17:10:47 CST  Successfully opened file root://cmsxrootd.fnal.gov//store/mc/Run3Summer22MiniAODv4/TWminusto2L2Nu_TuneCP5_13p6TeV_powheg-pythia8/MINIAODSIM/130X_mcRun3_2022_realistic_v5-v2/2530000/50fe0d06-b3af-43f8-8b0c-7513f35c5867.root
01-Feb-2025 17:10:48 CST  Closed file root://cmsxrootd.fnal.gov//store/mc/Run3Summer22MiniAODv4/TWminusto2L2Nu_TuneCP5_13p6TeV_powheg-pythia8/MINIAODSIM/130X_mcRun3_2022_realistic_v5-v2/2530000/50fe0d06-b3af-43f8-8b0c-7513f35c5867.root
01-Feb-2025 17:10:48 CST  Initiating request to open file root://cmsxrootd.fnal.gov//store/mc/Run3Summer22MiniAODv4/TWminusto2L2Nu_TuneCP5_13p6TeV_powheg-pythia8/MINIAODSIM/130X_mcRun3_2022_realistic_v5-v2/2530000/a15ebc96-546b-438b-b1a4-1b28e4e4175d.root
01-Feb-2025 17:10:49 CST  Successfully opened file root://cmsxrootd.fnal.gov//store/mc/Run3Summer22MiniAODv4/TWminusto2L2Nu_TuneCP5_13p6TeV_powheg-pythia8/MINIAODSIM/130X_mcRun3_2022_realistic_v5-v2/2530000/a15ebc96-546b-438b-b1a4-1b28e4e4175d.root
Begin processing the 100001st record. Run 1, Event 2261142, LumiSection 3124 on stream 0 at 01-Feb-2025 17:10:50.630 CST
01-Feb-2025 17:10:50 CST  Closed file root://cmsxrootd.fnal.gov//store/mc/Run3Summer22MiniAODv4/TWminusto2L2Nu_TuneCP5_13p6TeV_powheg-pythia8/MINIAODSIM/130X_mcRun3_2022_realistic_v5-v2/2530000/a15ebc96-546b-438b-b1a4-1b28e4e4175d.root
01-Feb-2025 17:10:50 CST  Initiating request to open file root://cmsxrootd.fnal.gov//store/mc/Run3Summer22MiniAODv4/TWminusto2L2Nu_TuneCP5_13p6TeV_powheg-pythia8/MINIAODSIM/130X_mcRun3_2022_realistic_v5-v2/2530000/6705ca96-7a0f-4da0-8c2a-29c22f4f26a3.root
01-Feb-2025 17:10:51 CST  Successfully opened file root://cmsxrootd.fnal.gov//store/mc/Run3Summer22MiniAODv4/TWminusto2L2Nu_TuneCP5_13p6TeV_powheg-pythia8/MINIAODSIM/130X_mcRun3_2022_realistic_v5-v2/2530000/6705ca96-7a0f-4da0-8c2a-29c22f4f26a3.root
01-Feb-2025 17:10:52 CST  Closed file root://cmsxrootd.fnal.gov//store/mc/Run3Summer22MiniAODv4/TWminusto2L2Nu_TuneCP5_13p6TeV_powheg-pythia8/MINIAODSIM/130X_mcRun3_2022_realistic_v5-v2/2530000/6705ca96-7a0f-4da0-8c2a-29c22f4f26a3.root
01-Feb-2025 17:10:52 CST  Initiating request to open file root://cmsxrootd.fnal.gov//store/mc/Run3Summer22MiniAODv4/TWminusto2L2Nu_TuneCP5_13p6TeV_powheg-pythia8/MINIAODSIM/130X_mcRun3_2022_realistic_v5-v2/2530000/beb25cca-f3d5-4256-8172-ff99a4f890fa.root
01-Feb-2025 17:10:53 CST  Successfully opened file root://cmsxrootd.fnal.gov//store/mc/Run3Summer22MiniAODv4/TWminusto2L2Nu_TuneCP5_13p6TeV_powheg-pythia8/MINIAODSIM/130X_mcRun3_2022_realistic_v5-v2/2530000/beb25cca-f3d5-4256-8172-ff99a4f890fa.root
Begin processing the 200001st record. Run 1, Event 1680583, LumiSection 2322 on stream 0 at 01-Feb-2025 17:10:55.359 CST
01-Feb-2025 17:10:55 CST  Closed file root://cmsxrootd.fnal.gov//store/mc/Run3Summer22MiniAODv4/TWminusto2L2Nu_TuneCP5_13p6TeV_powheg-pythia8/MINIAODSIM/130X_mcRun3_2022_realistic_v5-v2/2530000/beb25cca-f3d5-4256-8172-ff99a4f890fa.root
01-Feb-2025 17:10:55 CST  Initiating request to open file root://cmsxrootd.fnal.gov//store/mc/Run3Summer22MiniAODv4/TWminusto2L2Nu_TuneCP5_13p6TeV_powheg-pythia8/MINIAODSIM/130X_mcRun3_2022_realistic_v5-v2/2530000/a55fdb03-cab5-4180-a7d6-7cee05b66011.root
01-Feb-2025 17:10:56 CST  Successfully opened file root://cmsxrootd.fnal.gov//store/mc/Run3Summer22MiniAODv4/TWminusto2L2Nu_TuneCP5_13p6TeV_powheg-pythia8/MINIAODSIM/130X_mcRun3_2022_realistic_v5-v2/2530000/a55fdb03-cab5-4180-a7d6-7cee05b66011.root
01-Feb-2025 17:10:57 CST  Closed file root://cmsxrootd.fnal.gov//store/mc/Run3Summer22MiniAODv4/TWminusto2L2Nu_TuneCP5_13p6TeV_powheg-pythia8/MINIAODSIM/130X_mcRun3_2022_realistic_v5-v2/2530000/a55fdb03-cab5-4180-a7d6-7cee05b66011.root
01-Feb-2025 17:10:57 CST  Initiating request to open file root://cmsxrootd.fnal.gov//store/mc/Run3Summer22MiniAODv4/TWminusto2L2Nu_TuneCP5_13p6TeV_powheg-pythia8/MINIAODSIM/130X_mcRun3_2022_realistic_v5-v2/2530000/29012484-20fd-415e-8257-c79946593e6c.root
01-Feb-2025 17:10:59 CST  Successfully opened file root://cmsxrootd.fnal.gov//store/mc/Run3Summer22MiniAODv4/TWminusto2L2Nu_TuneCP5_13p6TeV_powheg-pythia8/MINIAODSIM/130X_mcRun3_2022_realistic_v5-v2/2530000/29012484-20fd-415e-8257-c79946593e6c.root
Begin processing the 300001st record. Run 1, Event 1467089, LumiSection 2027 on stream 0 at 01-Feb-2025 17:11:00.907 CST
01-Feb-2025 17:11:01 CST  Closed file root://cmsxrootd.fnal.gov//store/mc/Run3Summer22MiniAODv4/TWminusto2L2Nu_TuneCP5_13p6TeV_powheg-pythia8/MINIAODSIM/130X_mcRun3_2022_realistic_v5-v2/2530000/29012484-20fd-415e-8257-c79946593e6c.root
01-Feb-2025 17:11:01 CST  Initiating request to open file root://cmsxrootd.fnal.gov//store/mc/Run3Summer22MiniAODv4/TWminusto2L2Nu_TuneCP5_13p6TeV_powheg-pythia8/MINIAODSIM/130X_mcRun3_2022_realistic_v5-v2/2530000/4279f68e-01a4-4ca3-ab1d-7d849bd4cfc3.root
01-Feb-2025 17:11:02 CST  Successfully opened file root://cmsxrootd.fnal.gov//store/mc/Run3Summer22MiniAODv4/TWminusto2L2Nu_TuneCP5_13p6TeV_powheg-pythia8/MINIAODSIM/130X_mcRun3_2022_realistic_v5-v2/2530000/4279f68e-01a4-4ca3-ab1d-7d849bd4cfc3.root
01-Feb-2025 17:11:03 CST  Closed file root://cmsxrootd.fnal.gov//store/mc/Run3Summer22MiniAODv4/TWminusto2L2Nu_TuneCP5_13p6TeV_powheg-pythia8/MINIAODSIM/130X_mcRun3_2022_realistic_v5-v2/2530000/4279f68e-01a4-4ca3-ab1d-7d849bd4cfc3.root
01-Feb-2025 17:11:03 CST  Initiating request to open file root://cmsxrootd.fnal.gov//store/mc/Run3Summer22MiniAODv4/TWminusto2L2Nu_TuneCP5_13p6TeV_powheg-pythia8/MINIAODSIM/130X_mcRun3_2022_realistic_v5-v2/2530000/296fc321-4f83-459a-b768-4e907be21750.root
01-Feb-2025 17:11:04 CST  Successfully opened file root://cmsxrootd.fnal.gov//store/mc/Run3Summer22MiniAODv4/TWminusto2L2Nu_TuneCP5_13p6TeV_powheg-pythia8/MINIAODSIM/130X_mcRun3_2022_realistic_v5-v2/2530000/296fc321-4f83-459a-b768-4e907be21750.root
Begin processing the 400001st record. Run 1, Event 2091991, LumiSection 2890 on stream 0 at 01-Feb-2025 17:11:05.903 CST
01-Feb-2025 17:11:06 CST  Closed file root://cmsxrootd.fnal.gov//store/mc/Run3Summer22MiniAODv4/TWminusto2L2Nu_TuneCP5_13p6TeV_powheg-pythia8/MINIAODSIM/130X_mcRun3_2022_realistic_v5-v2/2530000/296fc321-4f83-459a-b768-4e907be21750.root
01-Feb-2025 17:11:06 CST  Initiating request to open file root://cmsxrootd.fnal.gov//store/mc/Run3Summer22MiniAODv4/TWminusto2L2Nu_TuneCP5_13p6TeV_powheg-pythia8/MINIAODSIM/130X_mcRun3_2022_realistic_v5-v2/2530000/4a396dac-6164-4621-a6ba-d24a1d5bcdb3.root
01-Feb-2025 17:11:07 CST  Successfully opened file root://cmsxrootd.fnal.gov//store/mc/Run3Summer22MiniAODv4/TWminusto2L2Nu_TuneCP5_13p6TeV_powheg-pythia8/MINIAODSIM/130X_mcRun3_2022_realistic_v5-v2/2530000/4a396dac-6164-4621-a6ba-d24a1d5bcdb3.root
01-Feb-2025 17:11:08 CST  Closed file root://cmsxrootd.fnal.gov//store/mc/Run3Summer22MiniAODv4/TWminusto2L2Nu_TuneCP5_13p6TeV_powheg-pythia8/MINIAODSIM/130X_mcRun3_2022_realistic_v5-v2/2530000/4a396dac-6164-4621-a6ba-d24a1d5bcdb3.root
01-Feb-2025 17:11:08 CST  Initiating request to open file root://cmsxrootd.fnal.gov//store/mc/Run3Summer22MiniAODv4/TWminusto2L2Nu_TuneCP5_13p6TeV_powheg-pythia8/MINIAODSIM/130X_mcRun3_2022_realistic_v5-v2/2530000/ab4ea1b1-69c1-474c-acdb-1456c320ff72.root
01-Feb-2025 17:11:09 CST  Successfully opened file root://cmsxrootd.fnal.gov//store/mc/Run3Summer22MiniAODv4/TWminusto2L2Nu_TuneCP5_13p6TeV_powheg-pythia8/MINIAODSIM/130X_mcRun3_2022_realistic_v5-v2/2530000/ab4ea1b1-69c1-474c-acdb-1456c320ff72.root
Begin processing the 500001st record. Run 1, Event 2057327, LumiSection 2842 on stream 0 at 01-Feb-2025 17:11:10.640 CST
01-Feb-2025 17:11:10 CST  Closed file root://cmsxrootd.fnal.gov//store/mc/Run3Summer22MiniAODv4/TWminusto2L2Nu_TuneCP5_13p6TeV_powheg-pythia8/MINIAODSIM/130X_mcRun3_2022_realistic_v5-v2/2530000/ab4ea1b1-69c1-474c-acdb-1456c320ff72.root
01-Feb-2025 17:11:10 CST  Initiating request to open file root://cmsxrootd.fnal.gov//store/mc/Run3Summer22MiniAODv4/TWminusto2L2Nu_TuneCP5_13p6TeV_powheg-pythia8/MINIAODSIM/130X_mcRun3_2022_realistic_v5-v2/2530000/ed2ce848-b407-494a-83f2-40809446dcba.root
01-Feb-2025 17:11:12 CST  Successfully opened file root://cmsxrootd.fnal.gov//store/mc/Run3Summer22MiniAODv4/TWminusto2L2Nu_TuneCP5_13p6TeV_powheg-pythia8/MINIAODSIM/130X_mcRun3_2022_realistic_v5-v2/2530000/ed2ce848-b407-494a-83f2-40809446dcba.root
01-Feb-2025 17:11:13 CST  Closed file root://cmsxrootd.fnal.gov//store/mc/Run3Summer22MiniAODv4/TWminusto2L2Nu_TuneCP5_13p6TeV_powheg-pythia8/MINIAODSIM/130X_mcRun3_2022_realistic_v5-v2/2530000/ed2ce848-b407-494a-83f2-40809446dcba.root
01-Feb-2025 17:11:13 CST  Initiating request to open file root://cmsxrootd.fnal.gov//store/mc/Run3Summer22MiniAODv4/TWminusto2L2Nu_TuneCP5_13p6TeV_powheg-pythia8/MINIAODSIM/130X_mcRun3_2022_realistic_v5-v2/2530000/f500310e-d146-46a1-b971-3af1a41aa97f.root
01-Feb-2025 17:11:14 CST  Successfully opened file root://cmsxrootd.fnal.gov//store/mc/Run3Summer22MiniAODv4/TWminusto2L2Nu_TuneCP5_13p6TeV_powheg-pythia8/MINIAODSIM/130X_mcRun3_2022_realistic_v5-v2/2530000/f500310e-d146-46a1-b971-3af1a41aa97f.root
Begin processing the 600001st record. Run 1, Event 867877, LumiSection 1199 on stream 0 at 01-Feb-2025 17:11:15.702 CST
01-Feb-2025 17:11:16 CST  Closed file root://cmsxrootd.fnal.gov//store/mc/Run3Summer22MiniAODv4/TWminusto2L2Nu_TuneCP5_13p6TeV_powheg-pythia8/MINIAODSIM/130X_mcRun3_2022_realistic_v5-v2/2530000/f500310e-d146-46a1-b971-3af1a41aa97f.root
01-Feb-2025 17:11:16 CST  Initiating request to open file root://cmsxrootd.fnal.gov//store/mc/Run3Summer22MiniAODv4/TWminusto2L2Nu_TuneCP5_13p6TeV_powheg-pythia8/MINIAODSIM/130X_mcRun3_2022_realistic_v5-v2/2530000/e79e3bc3-6be0-4a6d-a448-f8565deb2a4e.root
01-Feb-2025 17:11:17 CST  Successfully opened file root://cmsxrootd.fnal.gov//store/mc/Run3Summer22MiniAODv4/TWminusto2L2Nu_TuneCP5_13p6TeV_powheg-pythia8/MINIAODSIM/130X_mcRun3_2022_realistic_v5-v2/2530000/e79e3bc3-6be0-4a6d-a448-f8565deb2a4e.root
01-Feb-2025 17:11:19 CST  Closed file root://cmsxrootd.fnal.gov//store/mc/Run3Summer22MiniAODv4/TWminusto2L2Nu_TuneCP5_13p6TeV_powheg-pythia8/MINIAODSIM/130X_mcRun3_2022_realistic_v5-v2/2530000/e79e3bc3-6be0-4a6d-a448-f8565deb2a4e.root
01-Feb-2025 17:11:19 CST  Initiating request to open file root://cmsxrootd.fnal.gov//store/mc/Run3Summer22MiniAODv4/TWminusto2L2Nu_TuneCP5_13p6TeV_powheg-pythia8/MINIAODSIM/130X_mcRun3_2022_realistic_v5-v2/2530000/b9b2d2ed-2ddc-46d4-b8e6-e3d5153749a6.root
01-Feb-2025 17:11:20 CST  Successfully opened file root://cmsxrootd.fnal.gov//store/mc/Run3Summer22MiniAODv4/TWminusto2L2Nu_TuneCP5_13p6TeV_powheg-pythia8/MINIAODSIM/130X_mcRun3_2022_realistic_v5-v2/2530000/b9b2d2ed-2ddc-46d4-b8e6-e3d5153749a6.root
Begin processing the 700001st record. Run 1, Event 867247, LumiSection 1198 on stream 0 at 01-Feb-2025 17:11:22.277 CST
01-Feb-2025 17:11:23 CST  Closed file root://cmsxrootd.fnal.gov//store/mc/Run3Summer22MiniAODv4/TWminusto2L2Nu_TuneCP5_13p6TeV_powheg-pythia8/MINIAODSIM/130X_mcRun3_2022_realistic_v5-v2/2530000/b9b2d2ed-2ddc-46d4-b8e6-e3d5153749a6.root
01-Feb-2025 17:11:23 CST  Initiating request to open file root://cmsxrootd.fnal.gov//store/mc/Run3Summer22MiniAODv4/TWminusto2L2Nu_TuneCP5_13p6TeV_powheg-pythia8/MINIAODSIM/130X_mcRun3_2022_realistic_v5-v2/2530000/b82c9e1a-91df-4517-a23f-e325f77b9db2.root
01-Feb-2025 17:11:26 CST  Successfully opened file root://cmsxrootd.fnal.gov//store/mc/Run3Summer22MiniAODv4/TWminusto2L2Nu_TuneCP5_13p6TeV_powheg-pythia8/MINIAODSIM/130X_mcRun3_2022_realistic_v5-v2/2530000/b82c9e1a-91df-4517-a23f-e325f77b9db2.root
Begin processing the 800001st record. Run 1, Event 2129982, LumiSection 2942 on stream 0 at 01-Feb-2025 17:11:44.290 CST
01-Feb-2025 17:11:44 CST  Closed file root://cmsxrootd.fnal.gov//store/mc/Run3Summer22MiniAODv4/TWminusto2L2Nu_TuneCP5_13p6TeV_powheg-pythia8/MINIAODSIM/130X_mcRun3_2022_realistic_v5-v2/2530000/b82c9e1a-91df-4517-a23f-e325f77b9db2.root
01-Feb-2025 17:11:44 CST  Initiating request to open file root://cmsxrootd.fnal.gov//store/mc/Run3Summer22MiniAODv4/TWminusto2L2Nu_TuneCP5_13p6TeV_powheg-pythia8/MINIAODSIM/130X_mcRun3_2022_realistic_v5-v2/2530000/4bd78a78-4795-4ab0-94b7-4b2a7f1c4ead.root
01-Feb-2025 17:11:45 CST  Successfully opened file root://cmsxrootd.fnal.gov//store/mc/Run3Summer22MiniAODv4/TWminusto2L2Nu_TuneCP5_13p6TeV_powheg-pythia8/MINIAODSIM/130X_mcRun3_2022_realistic_v5-v2/2530000/4bd78a78-4795-4ab0-94b7-4b2a7f1c4ead.root
01-Feb-2025 17:11:47 CST  Closed file root://cmsxrootd.fnal.gov//store/mc/Run3Summer22MiniAODv4/TWminusto2L2Nu_TuneCP5_13p6TeV_powheg-pythia8/MINIAODSIM/130X_mcRun3_2022_realistic_v5-v2/2530000/4bd78a78-4795-4ab0-94b7-4b2a7f1c4ead.root
01-Feb-2025 17:11:47 CST  Initiating request to open file root://cmsxrootd.fnal.gov//store/mc/Run3Summer22MiniAODv4/TWminusto2L2Nu_TuneCP5_13p6TeV_powheg-pythia8/MINIAODSIM/130X_mcRun3_2022_realistic_v5-v2/2530000/8e18452b-bc8a-40d4-a5ad-1744fca28aec.root
01-Feb-2025 17:11:48 CST  Successfully opened file root://cmsxrootd.fnal.gov//store/mc/Run3Summer22MiniAODv4/TWminusto2L2Nu_TuneCP5_13p6TeV_powheg-pythia8/MINIAODSIM/130X_mcRun3_2022_realistic_v5-v2/2530000/8e18452b-bc8a-40d4-a5ad-1744fca28aec.root
Begin processing the 900001st record. Run 1, Event 1243899, LumiSection 1719 on stream 0 at 01-Feb-2025 17:11:49.407 CST
01-Feb-2025 17:11:49 CST  Closed file root://cmsxrootd.fnal.gov//store/mc/Run3Summer22MiniAODv4/TWminusto2L2Nu_TuneCP5_13p6TeV_powheg-pythia8/MINIAODSIM/130X_mcRun3_2022_realistic_v5-v2/2530000/8e18452b-bc8a-40d4-a5ad-1744fca28aec.root
01-Feb-2025 17:11:49 CST  Initiating request to open file root://cmsxrootd.fnal.gov//store/mc/Run3Summer22MiniAODv4/TWminusto2L2Nu_TuneCP5_13p6TeV_powheg-pythia8/MINIAODSIM/130X_mcRun3_2022_realistic_v5-v2/2530000/1372985c-bb35-4f55-a211-f97518c6ae08.root
01-Feb-2025 17:11:51 CST  Successfully opened file root://cmsxrootd.fnal.gov//store/mc/Run3Summer22MiniAODv4/TWminusto2L2Nu_TuneCP5_13p6TeV_powheg-pythia8/MINIAODSIM/130X_mcRun3_2022_realistic_v5-v2/2530000/1372985c-bb35-4f55-a211-f97518c6ae08.root
     35.986179      0.025845      1.000000         10000
 
01-Feb-2025 17:11:52 CST  Closed file root://cmsxrootd.fnal.gov//store/mc/Run3Summer22MiniAODv4/TWminusto2L2Nu_TuneCP5_13p6TeV_powheg-pythia8/MINIAODSIM/130X_mcRun3_2022_realistic_v5-v2/2530000/1372985c-bb35-4f55-a211-f97518c6ae08.root

------------------------------------
GenXsecAnalyzer:
------------------------------------
-------------------------------------------------------------------------------------------------------------------------------------------------------------------------- 
Overall cross-section summary 
--------------------------------------------------------------------------------------------------------------------------------------------------------------------------
Process		xsec_before [pb]		passed	nposw	nnegw	tried	nposw	nnegw 	xsec_match [pb]			accepted [%]	 event_eff [%]
-------------------------------------------------------------------------------------------------------------------------------------------------------------------------- 
Total		3.599e+01 +/- 1.292e-02		2000412	2000370	42	2000412	2000370	42	3.599e+01 +/- 1.292e-02		100.0 +/- 0.0	100.0 +/- 0.0
--------------------------------------------------------------------------------------------------------------------------------------------------------------------------
Before matching: total cross section = 3.599e+01 +- 1.292e-02 pb
After matching: total cross section = 3.599e+01 +- 1.292e-02 pb
Matching efficiency = 1.0 +/- 0.0   [TO BE USED IN MCM]
Filter efficiency (taking into account weights)= (3.80083e+06) / (3.80083e+06) = 1.000e+00 +- 0.000e+00
Filter efficiency (event-level)= (1.00057e+06) / (1.00057e+06) = 1.000e+00 +- 0.000e+00    [TO BE USED IN MCM]

After filter: final cross section = 3.599e+01 +- 1.292e-02 pb
After filter: final fraction of events with negative weights = 2.099e-05 +- 1.892e-12
After filter: final equivalent lumi for 1M events (1/fb) = 2.779e+01 +- 2.952e-02
