01-Feb-2025 18:22:31 CST  Initiating request to open file root://cmsxrootd.fnal.gov//store/mc/Run3Summer22MiniAODv4/WtoLNu-4Jets_MLNu-0to120_HT-100to400_TuneCP5_13p6TeV_madgraphMLM-pythia8/MINIAODSIM/130X_mcRun3_2022_realistic_v5-v3/80000/24203c4d-52f3-40d4-bd8d-b548d96ec8bb.root
01-Feb-2025 18:22:36 CST  Successfully opened file root://cmsxrootd.fnal.gov//store/mc/Run3Summer22MiniAODv4/WtoLNu-4Jets_MLNu-0to120_HT-100to400_TuneCP5_13p6TeV_madgraphMLM-pythia8/MINIAODSIM/130X_mcRun3_2022_realistic_v5-v3/80000/24203c4d-52f3-40d4-bd8d-b548d96ec8bb.root
Begin processing the 1st record. Run 1, Event 155947596, LumiSection 30014 on stream 0 at 01-Feb-2025 18:22:39.400 CST
01-Feb-2025 18:22:39 CST  Closed file root://cmsxrootd.fnal.gov//store/mc/Run3Summer22MiniAODv4/WtoLNu-4Jets_MLNu-0to120_HT-100to400_TuneCP5_13p6TeV_madgraphMLM-pythia8/MINIAODSIM/130X_mcRun3_2022_realistic_v5-v3/80000/24203c4d-52f3-40d4-bd8d-b548d96ec8bb.root
01-Feb-2025 18:22:39 CST  Initiating request to open file root://cmsxrootd.fnal.gov//store/mc/Run3Summer22MiniAODv4/WtoLNu-4Jets_MLNu-0to120_HT-100to400_TuneCP5_13p6TeV_madgraphMLM-pythia8/MINIAODSIM/130X_mcRun3_2022_realistic_v5-v3/80000/13ba0095-8074-4bfb-85a5-8c493ca2b9b8.root
01-Feb-2025 18:22:42 CST  Successfully opened file root://cmsxrootd.fnal.gov//store/mc/Run3Summer22MiniAODv4/WtoLNu-4Jets_MLNu-0to120_HT-100to400_TuneCP5_13p6TeV_madgraphMLM-pythia8/MINIAODSIM/130X_mcRun3_2022_realistic_v5-v3/80000/13ba0095-8074-4bfb-85a5-8c493ca2b9b8.root
01-Feb-2025 18:22:45 CST  Closed file root://cmsxrootd.fnal.gov//store/mc/Run3Summer22MiniAODv4/WtoLNu-4Jets_MLNu-0to120_HT-100to400_TuneCP5_13p6TeV_madgraphMLM-pythia8/MINIAODSIM/130X_mcRun3_2022_realistic_v5-v3/80000/13ba0095-8074-4bfb-85a5-8c493ca2b9b8.root
01-Feb-2025 18:22:45 CST  Initiating request to open file root://cmsxrootd.fnal.gov//store/mc/Run3Summer22MiniAODv4/WtoLNu-4Jets_MLNu-0to120_HT-100to400_TuneCP5_13p6TeV_madgraphMLM-pythia8/MINIAODSIM/130X_mcRun3_2022_realistic_v5-v3/80001/5d744458-6912-444b-ba3e-8828c427cc7a.root
01-Feb-2025 18:22:47 CST  Successfully opened file root://cmsxrootd.fnal.gov//store/mc/Run3Summer22MiniAODv4/WtoLNu-4Jets_MLNu-0to120_HT-100to400_TuneCP5_13p6TeV_madgraphMLM-pythia8/MINIAODSIM/130X_mcRun3_2022_realistic_v5-v3/80001/5d744458-6912-444b-ba3e-8828c427cc7a.root
Begin processing the 100001st record. Run 1, Event 602004943, LumiSection 115860 on stream 0 at 01-Feb-2025 18:22:51.354 CST
01-Feb-2025 18:22:51 CST  Closed file root://cmsxrootd.fnal.gov//store/mc/Run3Summer22MiniAODv4/WtoLNu-4Jets_MLNu-0to120_HT-100to400_TuneCP5_13p6TeV_madgraphMLM-pythia8/MINIAODSIM/130X_mcRun3_2022_realistic_v5-v3/80001/5d744458-6912-444b-ba3e-8828c427cc7a.root
01-Feb-2025 18:22:51 CST  Initiating request to open file root://cmsxrootd.fnal.gov//store/mc/Run3Summer22MiniAODv4/WtoLNu-4Jets_MLNu-0to120_HT-100to400_TuneCP5_13p6TeV_madgraphMLM-pythia8/MINIAODSIM/130X_mcRun3_2022_realistic_v5-v3/80000/3cf59887-3a7d-41db-8dfc-5370ff47696f.root
01-Feb-2025 18:22:53 CST  Successfully opened file root://cmsxrootd.fnal.gov//store/mc/Run3Summer22MiniAODv4/WtoLNu-4Jets_MLNu-0to120_HT-100to400_TuneCP5_13p6TeV_madgraphMLM-pythia8/MINIAODSIM/130X_mcRun3_2022_realistic_v5-v3/80000/3cf59887-3a7d-41db-8dfc-5370ff47696f.root
01-Feb-2025 18:22:59 CST  Closed file root://cmsxrootd.fnal.gov//store/mc/Run3Summer22MiniAODv4/WtoLNu-4Jets_MLNu-0to120_HT-100to400_TuneCP5_13p6TeV_madgraphMLM-pythia8/MINIAODSIM/130X_mcRun3_2022_realistic_v5-v3/80000/3cf59887-3a7d-41db-8dfc-5370ff47696f.root
01-Feb-2025 18:22:59 CST  Initiating request to open file root://cmsxrootd.fnal.gov//store/mc/Run3Summer22MiniAODv4/WtoLNu-4Jets_MLNu-0to120_HT-100to400_TuneCP5_13p6TeV_madgraphMLM-pythia8/MINIAODSIM/130X_mcRun3_2022_realistic_v5-v3/80001/bf65b542-0158-4ee7-ac8c-cef4e29d3e98.root
01-Feb-2025 18:23:01 CST  Successfully opened file root://cmsxrootd.fnal.gov//store/mc/Run3Summer22MiniAODv4/WtoLNu-4Jets_MLNu-0to120_HT-100to400_TuneCP5_13p6TeV_madgraphMLM-pythia8/MINIAODSIM/130X_mcRun3_2022_realistic_v5-v3/80001/bf65b542-0158-4ee7-ac8c-cef4e29d3e98.root
Begin processing the 200001st record. Run 1, Event 734002515, LumiSection 141263 on stream 0 at 01-Feb-2025 18:23:04.047 CST
01-Feb-2025 18:23:04 CST  Closed file root://cmsxrootd.fnal.gov//store/mc/Run3Summer22MiniAODv4/WtoLNu-4Jets_MLNu-0to120_HT-100to400_TuneCP5_13p6TeV_madgraphMLM-pythia8/MINIAODSIM/130X_mcRun3_2022_realistic_v5-v3/80001/bf65b542-0158-4ee7-ac8c-cef4e29d3e98.root
01-Feb-2025 18:23:04 CST  Initiating request to open file root://cmsxrootd.fnal.gov//store/mc/Run3Summer22MiniAODv4/WtoLNu-4Jets_MLNu-0to120_HT-100to400_TuneCP5_13p6TeV_madgraphMLM-pythia8/MINIAODSIM/130X_mcRun3_2022_realistic_v5-v3/80001/0dabb1a1-5698-49a6-bf86-1405a111b5ce.root
01-Feb-2025 18:23:06 CST  Successfully opened file root://cmsxrootd.fnal.gov//store/mc/Run3Summer22MiniAODv4/WtoLNu-4Jets_MLNu-0to120_HT-100to400_TuneCP5_13p6TeV_madgraphMLM-pythia8/MINIAODSIM/130X_mcRun3_2022_realistic_v5-v3/80001/0dabb1a1-5698-49a6-bf86-1405a111b5ce.root
01-Feb-2025 18:23:10 CST  Closed file root://cmsxrootd.fnal.gov//store/mc/Run3Summer22MiniAODv4/WtoLNu-4Jets_MLNu-0to120_HT-100to400_TuneCP5_13p6TeV_madgraphMLM-pythia8/MINIAODSIM/130X_mcRun3_2022_realistic_v5-v3/80001/0dabb1a1-5698-49a6-bf86-1405a111b5ce.root
01-Feb-2025 18:23:10 CST  Initiating request to open file root://cmsxrootd.fnal.gov//store/mc/Run3Summer22MiniAODv4/WtoLNu-4Jets_MLNu-0to120_HT-100to400_TuneCP5_13p6TeV_madgraphMLM-pythia8/MINIAODSIM/130X_mcRun3_2022_realistic_v5-v3/80000/07214435-0538-4be7-9bf0-31d4ebc4ea75.root
01-Feb-2025 18:23:12 CST  Successfully opened file root://cmsxrootd.fnal.gov//store/mc/Run3Summer22MiniAODv4/WtoLNu-4Jets_MLNu-0to120_HT-100to400_TuneCP5_13p6TeV_madgraphMLM-pythia8/MINIAODSIM/130X_mcRun3_2022_realistic_v5-v3/80000/07214435-0538-4be7-9bf0-31d4ebc4ea75.root
01-Feb-2025 18:23:16 CST  Closed file root://cmsxrootd.fnal.gov//store/mc/Run3Summer22MiniAODv4/WtoLNu-4Jets_MLNu-0to120_HT-100to400_TuneCP5_13p6TeV_madgraphMLM-pythia8/MINIAODSIM/130X_mcRun3_2022_realistic_v5-v3/80000/07214435-0538-4be7-9bf0-31d4ebc4ea75.root
01-Feb-2025 18:23:16 CST  Initiating request to open file root://cmsxrootd.fnal.gov//store/mc/Run3Summer22MiniAODv4/WtoLNu-4Jets_MLNu-0to120_HT-100to400_TuneCP5_13p6TeV_madgraphMLM-pythia8/MINIAODSIM/130X_mcRun3_2022_realistic_v5-v3/80000/fff8bd1f-cf25-426a-84fb-dee1f94dc771.root
01-Feb-2025 18:23:18 CST  Successfully opened file root://cmsxrootd.fnal.gov//store/mc/Run3Summer22MiniAODv4/WtoLNu-4Jets_MLNu-0to120_HT-100to400_TuneCP5_13p6TeV_madgraphMLM-pythia8/MINIAODSIM/130X_mcRun3_2022_realistic_v5-v3/80000/fff8bd1f-cf25-426a-84fb-dee1f94dc771.root
Begin processing the 300001st record. Run 1, Event 58590550, LumiSection 11277 on stream 0 at 01-Feb-2025 18:23:21.640 CST
01-Feb-2025 18:23:22 CST  Closed file root://cmsxrootd.fnal.gov//store/mc/Run3Summer22MiniAODv4/WtoLNu-4Jets_MLNu-0to120_HT-100to400_TuneCP5_13p6TeV_madgraphMLM-pythia8/MINIAODSIM/130X_mcRun3_2022_realistic_v5-v3/80000/fff8bd1f-cf25-426a-84fb-dee1f94dc771.root
01-Feb-2025 18:23:22 CST  Initiating request to open file root://cmsxrootd.fnal.gov//store/mc/Run3Summer22MiniAODv4/WtoLNu-4Jets_MLNu-0to120_HT-100to400_TuneCP5_13p6TeV_madgraphMLM-pythia8/MINIAODSIM/130X_mcRun3_2022_realistic_v5-v3/80000/6495303d-b1d7-4b53-b5a2-4a21a46764ea.root
01-Feb-2025 18:23:24 CST  Successfully opened file root://cmsxrootd.fnal.gov//store/mc/Run3Summer22MiniAODv4/WtoLNu-4Jets_MLNu-0to120_HT-100to400_TuneCP5_13p6TeV_madgraphMLM-pythia8/MINIAODSIM/130X_mcRun3_2022_realistic_v5-v3/80000/6495303d-b1d7-4b53-b5a2-4a21a46764ea.root
Begin processing the 400001st record. Run 1, Event 183480646, LumiSection 35312 on stream 0 at 01-Feb-2025 18:23:28.223 CST
01-Feb-2025 18:23:28 CST  Closed file root://cmsxrootd.fnal.gov//store/mc/Run3Summer22MiniAODv4/WtoLNu-4Jets_MLNu-0to120_HT-100to400_TuneCP5_13p6TeV_madgraphMLM-pythia8/MINIAODSIM/130X_mcRun3_2022_realistic_v5-v3/80000/6495303d-b1d7-4b53-b5a2-4a21a46764ea.root
01-Feb-2025 18:23:28 CST  Initiating request to open file root://cmsxrootd.fnal.gov//store/mc/Run3Summer22MiniAODv4/WtoLNu-4Jets_MLNu-0to120_HT-100to400_TuneCP5_13p6TeV_madgraphMLM-pythia8/MINIAODSIM/130X_mcRun3_2022_realistic_v5-v3/80001/cb0c9f1f-9072-4a2d-bd47-a9569b367abb.root
01-Feb-2025 18:23:30 CST  Successfully opened file root://cmsxrootd.fnal.gov//store/mc/Run3Summer22MiniAODv4/WtoLNu-4Jets_MLNu-0to120_HT-100to400_TuneCP5_13p6TeV_madgraphMLM-pythia8/MINIAODSIM/130X_mcRun3_2022_realistic_v5-v3/80001/cb0c9f1f-9072-4a2d-bd47-a9569b367abb.root
01-Feb-2025 18:23:34 CST  Closed file root://cmsxrootd.fnal.gov//store/mc/Run3Summer22MiniAODv4/WtoLNu-4Jets_MLNu-0to120_HT-100to400_TuneCP5_13p6TeV_madgraphMLM-pythia8/MINIAODSIM/130X_mcRun3_2022_realistic_v5-v3/80001/cb0c9f1f-9072-4a2d-bd47-a9569b367abb.root
01-Feb-2025 18:23:34 CST  Initiating request to open file root://cmsxrootd.fnal.gov//store/mc/Run3Summer22MiniAODv4/WtoLNu-4Jets_MLNu-0to120_HT-100to400_TuneCP5_13p6TeV_madgraphMLM-pythia8/MINIAODSIM/130X_mcRun3_2022_realistic_v5-v3/80001/37c7307e-f8e3-4bee-b4a3-4525eb41391b.root
01-Feb-2025 18:23:37 CST  Successfully opened file root://cmsxrootd.fnal.gov//store/mc/Run3Summer22MiniAODv4/WtoLNu-4Jets_MLNu-0to120_HT-100to400_TuneCP5_13p6TeV_madgraphMLM-pythia8/MINIAODSIM/130X_mcRun3_2022_realistic_v5-v3/80001/37c7307e-f8e3-4bee-b4a3-4525eb41391b.root
01-Feb-2025 18:23:39 CST  Closed file root://cmsxrootd.fnal.gov//store/mc/Run3Summer22MiniAODv4/WtoLNu-4Jets_MLNu-0to120_HT-100to400_TuneCP5_13p6TeV_madgraphMLM-pythia8/MINIAODSIM/130X_mcRun3_2022_realistic_v5-v3/80001/37c7307e-f8e3-4bee-b4a3-4525eb41391b.root
01-Feb-2025 18:23:39 CST  Initiating request to open file root://cmsxrootd.fnal.gov//store/mc/Run3Summer22MiniAODv4/WtoLNu-4Jets_MLNu-0to120_HT-100to400_TuneCP5_13p6TeV_madgraphMLM-pythia8/MINIAODSIM/130X_mcRun3_2022_realistic_v5-v3/80001/46e33704-49b3-4987-871a-fecc8a461717.root
01-Feb-2025 18:23:42 CST  Successfully opened file root://cmsxrootd.fnal.gov//store/mc/Run3Summer22MiniAODv4/WtoLNu-4Jets_MLNu-0to120_HT-100to400_TuneCP5_13p6TeV_madgraphMLM-pythia8/MINIAODSIM/130X_mcRun3_2022_realistic_v5-v3/80001/46e33704-49b3-4987-871a-fecc8a461717.root
Begin processing the 500001st record. Run 1, Event 815024728, LumiSection 156857 on stream 0 at 01-Feb-2025 18:23:45.842 CST
01-Feb-2025 18:23:45 CST  Closed file root://cmsxrootd.fnal.gov//store/mc/Run3Summer22MiniAODv4/WtoLNu-4Jets_MLNu-0to120_HT-100to400_TuneCP5_13p6TeV_madgraphMLM-pythia8/MINIAODSIM/130X_mcRun3_2022_realistic_v5-v3/80001/46e33704-49b3-4987-871a-fecc8a461717.root
01-Feb-2025 18:23:45 CST  Initiating request to open file root://cmsxrootd.fnal.gov//store/mc/Run3Summer22MiniAODv4/WtoLNu-4Jets_MLNu-0to120_HT-100to400_TuneCP5_13p6TeV_madgraphMLM-pythia8/MINIAODSIM/130X_mcRun3_2022_realistic_v5-v3/80001/41359543-0007-424b-a9d8-b9f1e1dad43d.root
01-Feb-2025 18:23:48 CST  Successfully opened file root://cmsxrootd.fnal.gov//store/mc/Run3Summer22MiniAODv4/WtoLNu-4Jets_MLNu-0to120_HT-100to400_TuneCP5_13p6TeV_madgraphMLM-pythia8/MINIAODSIM/130X_mcRun3_2022_realistic_v5-v3/80001/41359543-0007-424b-a9d8-b9f1e1dad43d.root
01-Feb-2025 18:23:51 CST  Closed file root://cmsxrootd.fnal.gov//store/mc/Run3Summer22MiniAODv4/WtoLNu-4Jets_MLNu-0to120_HT-100to400_TuneCP5_13p6TeV_madgraphMLM-pythia8/MINIAODSIM/130X_mcRun3_2022_realistic_v5-v3/80001/41359543-0007-424b-a9d8-b9f1e1dad43d.root
01-Feb-2025 18:23:51 CST  Initiating request to open file root://cmsxrootd.fnal.gov//store/mc/Run3Summer22MiniAODv4/WtoLNu-4Jets_MLNu-0to120_HT-100to400_TuneCP5_13p6TeV_madgraphMLM-pythia8/MINIAODSIM/130X_mcRun3_2022_realistic_v5-v3/80001/230cfb06-4817-4ece-8782-b7b12f1fd132.root
01-Feb-2025 18:23:54 CST  Successfully opened file root://cmsxrootd.fnal.gov//store/mc/Run3Summer22MiniAODv4/WtoLNu-4Jets_MLNu-0to120_HT-100to400_TuneCP5_13p6TeV_madgraphMLM-pythia8/MINIAODSIM/130X_mcRun3_2022_realistic_v5-v3/80001/230cfb06-4817-4ece-8782-b7b12f1fd132.root
01-Feb-2025 18:23:59 CST  Closed file root://cmsxrootd.fnal.gov//store/mc/Run3Summer22MiniAODv4/WtoLNu-4Jets_MLNu-0to120_HT-100to400_TuneCP5_13p6TeV_madgraphMLM-pythia8/MINIAODSIM/130X_mcRun3_2022_realistic_v5-v3/80001/230cfb06-4817-4ece-8782-b7b12f1fd132.root
01-Feb-2025 18:23:59 CST  Initiating request to open file root://cmsxrootd.fnal.gov//store/mc/Run3Summer22MiniAODv4/WtoLNu-4Jets_MLNu-0to120_HT-100to400_TuneCP5_13p6TeV_madgraphMLM-pythia8/MINIAODSIM/130X_mcRun3_2022_realistic_v5-v3/80000/2ea3bedc-9be6-4fde-8b5f-fbb1f39b5f3b.root
01-Feb-2025 18:24:01 CST  Successfully opened file root://cmsxrootd.fnal.gov//store/mc/Run3Summer22MiniAODv4/WtoLNu-4Jets_MLNu-0to120_HT-100to400_TuneCP5_13p6TeV_madgraphMLM-pythia8/MINIAODSIM/130X_mcRun3_2022_realistic_v5-v3/80000/2ea3bedc-9be6-4fde-8b5f-fbb1f39b5f3b.root
Begin processing the 600001st record. Run 1, Event 373807456, LumiSection 71942 on stream 0 at 01-Feb-2025 18:24:06.360 CST
01-Feb-2025 18:24:07 CST  Closed file root://cmsxrootd.fnal.gov//store/mc/Run3Summer22MiniAODv4/WtoLNu-4Jets_MLNu-0to120_HT-100to400_TuneCP5_13p6TeV_madgraphMLM-pythia8/MINIAODSIM/130X_mcRun3_2022_realistic_v5-v3/80000/2ea3bedc-9be6-4fde-8b5f-fbb1f39b5f3b.root
01-Feb-2025 18:24:07 CST  Initiating request to open file root://cmsxrootd.fnal.gov//store/mc/Run3Summer22MiniAODv4/WtoLNu-4Jets_MLNu-0to120_HT-100to400_TuneCP5_13p6TeV_madgraphMLM-pythia8/MINIAODSIM/130X_mcRun3_2022_realistic_v5-v3/80001/f5f79461-bb65-48f3-9ca5-e54a0108aef9.root
01-Feb-2025 18:24:09 CST  Successfully opened file root://cmsxrootd.fnal.gov//store/mc/Run3Summer22MiniAODv4/WtoLNu-4Jets_MLNu-0to120_HT-100to400_TuneCP5_13p6TeV_madgraphMLM-pythia8/MINIAODSIM/130X_mcRun3_2022_realistic_v5-v3/80001/f5f79461-bb65-48f3-9ca5-e54a0108aef9.root
01-Feb-2025 18:24:14 CST  Closed file root://cmsxrootd.fnal.gov//store/mc/Run3Summer22MiniAODv4/WtoLNu-4Jets_MLNu-0to120_HT-100to400_TuneCP5_13p6TeV_madgraphMLM-pythia8/MINIAODSIM/130X_mcRun3_2022_realistic_v5-v3/80001/f5f79461-bb65-48f3-9ca5-e54a0108aef9.root
01-Feb-2025 18:24:14 CST  Initiating request to open file root://cmsxrootd.fnal.gov//store/mc/Run3Summer22MiniAODv4/WtoLNu-4Jets_MLNu-0to120_HT-100to400_TuneCP5_13p6TeV_madgraphMLM-pythia8/MINIAODSIM/130X_mcRun3_2022_realistic_v5-v3/80001/7c8c60c6-01b7-4144-9a42-87272c32433b.root
01-Feb-2025 18:24:17 CST  Successfully opened file root://cmsxrootd.fnal.gov//store/mc/Run3Summer22MiniAODv4/WtoLNu-4Jets_MLNu-0to120_HT-100to400_TuneCP5_13p6TeV_madgraphMLM-pythia8/MINIAODSIM/130X_mcRun3_2022_realistic_v5-v3/80001/7c8c60c6-01b7-4144-9a42-87272c32433b.root
Begin processing the 700001st record. Run 1, Event 430261150, LumiSection 82807 on stream 0 at 01-Feb-2025 18:24:19.641 CST
01-Feb-2025 18:24:20 CST  Closed file root://cmsxrootd.fnal.gov//store/mc/Run3Summer22MiniAODv4/WtoLNu-4Jets_MLNu-0to120_HT-100to400_TuneCP5_13p6TeV_madgraphMLM-pythia8/MINIAODSIM/130X_mcRun3_2022_realistic_v5-v3/80001/7c8c60c6-01b7-4144-9a42-87272c32433b.root
01-Feb-2025 18:24:20 CST  Initiating request to open file root://cmsxrootd.fnal.gov//store/mc/Run3Summer22MiniAODv4/WtoLNu-4Jets_MLNu-0to120_HT-100to400_TuneCP5_13p6TeV_madgraphMLM-pythia8/MINIAODSIM/130X_mcRun3_2022_realistic_v5-v3/80000/a1916221-a7b8-4d08-8df2-efa59edc11cf.root
01-Feb-2025 18:24:22 CST  Successfully opened file root://cmsxrootd.fnal.gov//store/mc/Run3Summer22MiniAODv4/WtoLNu-4Jets_MLNu-0to120_HT-100to400_TuneCP5_13p6TeV_madgraphMLM-pythia8/MINIAODSIM/130X_mcRun3_2022_realistic_v5-v3/80000/a1916221-a7b8-4d08-8df2-efa59edc11cf.root
01-Feb-2025 18:24:25 CST  Closed file root://cmsxrootd.fnal.gov//store/mc/Run3Summer22MiniAODv4/WtoLNu-4Jets_MLNu-0to120_HT-100to400_TuneCP5_13p6TeV_madgraphMLM-pythia8/MINIAODSIM/130X_mcRun3_2022_realistic_v5-v3/80000/a1916221-a7b8-4d08-8df2-efa59edc11cf.root
01-Feb-2025 18:24:25 CST  Initiating request to open file root://cmsxrootd.fnal.gov//store/mc/Run3Summer22MiniAODv4/WtoLNu-4Jets_MLNu-0to120_HT-100to400_TuneCP5_13p6TeV_madgraphMLM-pythia8/MINIAODSIM/130X_mcRun3_2022_realistic_v5-v3/80001/7fba6b64-7ae0-4315-8b70-891ac970f2cf.root
01-Feb-2025 18:24:28 CST  Successfully opened file root://cmsxrootd.fnal.gov//store/mc/Run3Summer22MiniAODv4/WtoLNu-4Jets_MLNu-0to120_HT-100to400_TuneCP5_13p6TeV_madgraphMLM-pythia8/MINIAODSIM/130X_mcRun3_2022_realistic_v5-v3/80001/7fba6b64-7ae0-4315-8b70-891ac970f2cf.root
Begin processing the 800001st record. Run 1, Event 526267154, LumiSection 101284 on stream 0 at 01-Feb-2025 18:24:31.842 CST
01-Feb-2025 18:24:32 CST  Closed file root://cmsxrootd.fnal.gov//store/mc/Run3Summer22MiniAODv4/WtoLNu-4Jets_MLNu-0to120_HT-100to400_TuneCP5_13p6TeV_madgraphMLM-pythia8/MINIAODSIM/130X_mcRun3_2022_realistic_v5-v3/80001/7fba6b64-7ae0-4315-8b70-891ac970f2cf.root
01-Feb-2025 18:24:32 CST  Initiating request to open file root://cmsxrootd.fnal.gov//store/mc/Run3Summer22MiniAODv4/WtoLNu-4Jets_MLNu-0to120_HT-100to400_TuneCP5_13p6TeV_madgraphMLM-pythia8/MINIAODSIM/130X_mcRun3_2022_realistic_v5-v3/80000/c10af91e-dc47-470c-9e4b-b740d0aaa376.root
01-Feb-2025 18:24:34 CST  Successfully opened file root://cmsxrootd.fnal.gov//store/mc/Run3Summer22MiniAODv4/WtoLNu-4Jets_MLNu-0to120_HT-100to400_TuneCP5_13p6TeV_madgraphMLM-pythia8/MINIAODSIM/130X_mcRun3_2022_realistic_v5-v3/80000/c10af91e-dc47-470c-9e4b-b740d0aaa376.root
01-Feb-2025 18:24:37 CST  Closed file root://cmsxrootd.fnal.gov//store/mc/Run3Summer22MiniAODv4/WtoLNu-4Jets_MLNu-0to120_HT-100to400_TuneCP5_13p6TeV_madgraphMLM-pythia8/MINIAODSIM/130X_mcRun3_2022_realistic_v5-v3/80000/c10af91e-dc47-470c-9e4b-b740d0aaa376.root
01-Feb-2025 18:24:37 CST  Initiating request to open file root://cmsxrootd.fnal.gov//store/mc/Run3Summer22MiniAODv4/WtoLNu-4Jets_MLNu-0to120_HT-100to400_TuneCP5_13p6TeV_madgraphMLM-pythia8/MINIAODSIM/130X_mcRun3_2022_realistic_v5-v3/80001/879640da-b34d-4097-86b7-6099e30d935d.root
01-Feb-2025 18:24:40 CST  Successfully opened file root://cmsxrootd.fnal.gov//store/mc/Run3Summer22MiniAODv4/WtoLNu-4Jets_MLNu-0to120_HT-100to400_TuneCP5_13p6TeV_madgraphMLM-pythia8/MINIAODSIM/130X_mcRun3_2022_realistic_v5-v3/80001/879640da-b34d-4097-86b7-6099e30d935d.root
Begin processing the 900001st record. Run 1, Event 532218462, LumiSection 102429 on stream 0 at 01-Feb-2025 18:24:43.489 CST
01-Feb-2025 18:24:43 CST  Closed file root://cmsxrootd.fnal.gov//store/mc/Run3Summer22MiniAODv4/WtoLNu-4Jets_MLNu-0to120_HT-100to400_TuneCP5_13p6TeV_madgraphMLM-pythia8/MINIAODSIM/130X_mcRun3_2022_realistic_v5-v3/80001/879640da-b34d-4097-86b7-6099e30d935d.root
01-Feb-2025 18:24:43 CST  Initiating request to open file root://cmsxrootd.fnal.gov//store/mc/Run3Summer22MiniAODv4/WtoLNu-4Jets_MLNu-0to120_HT-100to400_TuneCP5_13p6TeV_madgraphMLM-pythia8/MINIAODSIM/130X_mcRun3_2022_realistic_v5-v3/80001/04c4fc9e-98a8-4efe-a51a-94f792acd212.root
01-Feb-2025 18:24:46 CST  Successfully opened file root://cmsxrootd.fnal.gov//store/mc/Run3Summer22MiniAODv4/WtoLNu-4Jets_MLNu-0to120_HT-100to400_TuneCP5_13p6TeV_madgraphMLM-pythia8/MINIAODSIM/130X_mcRun3_2022_realistic_v5-v3/80001/04c4fc9e-98a8-4efe-a51a-94f792acd212.root
01-Feb-2025 18:24:51 CST  Closed file root://cmsxrootd.fnal.gov//store/mc/Run3Summer22MiniAODv4/WtoLNu-4Jets_MLNu-0to120_HT-100to400_TuneCP5_13p6TeV_madgraphMLM-pythia8/MINIAODSIM/130X_mcRun3_2022_realistic_v5-v3/80001/04c4fc9e-98a8-4efe-a51a-94f792acd212.root
01-Feb-2025 18:24:51 CST  Initiating request to open file root://cmsxrootd.fnal.gov//store/mc/Run3Summer22MiniAODv4/WtoLNu-4Jets_MLNu-0to120_HT-100to400_TuneCP5_13p6TeV_madgraphMLM-pythia8/MINIAODSIM/130X_mcRun3_2022_realistic_v5-v3/80000/8d22b6df-1dbe-458a-9087-8012832452f9.root
01-Feb-2025 18:24:53 CST  Successfully opened file root://cmsxrootd.fnal.gov//store/mc/Run3Summer22MiniAODv4/WtoLNu-4Jets_MLNu-0to120_HT-100to400_TuneCP5_13p6TeV_madgraphMLM-pythia8/MINIAODSIM/130X_mcRun3_2022_realistic_v5-v3/80000/8d22b6df-1dbe-458a-9087-8012832452f9.root
    270.987700      7.849921  13425.260000             2
    192.689500      5.832965  13425.260000             3
   1589.694000     19.201880  13425.260000             4
   1102.423000     16.074790  13425.260000             5
   3020.853000     22.372380  13425.260000             6
   2047.457000     15.122920  13425.260000             7
   3098.199000     19.581780  13425.260000             8
   2102.962000     15.872900  13425.260000             9
 
01-Feb-2025 18:24:57 CST  Closed file root://cmsxrootd.fnal.gov//store/mc/Run3Summer22MiniAODv4/WtoLNu-4Jets_MLNu-0to120_HT-100to400_TuneCP5_13p6TeV_madgraphMLM-pythia8/MINIAODSIM/130X_mcRun3_2022_realistic_v5-v3/80000/8d22b6df-1dbe-458a-9087-8012832452f9.root

------------------------------------
GenXsecAnalyzer:
------------------------------------
-------------------------------------------------------------------------------------------------------------------------------------------------------------------------- 
Overall cross-section summary 
--------------------------------------------------------------------------------------------------------------------------------------------------------------------------
Process		xsec_before [pb]		passed	nposw	nnegw	tried	nposw	nnegw 	xsec_match [pb]			accepted [%]	 event_eff [%]
0		2.865e+02 +/- 1.038e-01		52077	52077	0	171038	171038	0	8.722e+01 +/- 3.203e-01		30.4 +/- 0.1	30.4 +/- 0.1
1		1.968e+02 +/- 7.539e-02		37388	37388	0	118665	118665	0	6.200e+01 +/- 2.664e-01		31.5 +/- 0.1	31.5 +/- 0.1
2		1.593e+03 +/- 2.334e-01		211320	211320	0	949606	949606	0	3.544e+02 +/- 6.817e-01		22.3 +/- 0.0	22.3 +/- 0.0
3		1.102e+03 +/- 1.838e-01		152548	152548	0	661259	661259	0	2.542e+02 +/- 5.724e-01		23.1 +/- 0.1	23.1 +/- 0.1
4		2.993e+03 +/- 2.699e-01		194213	194213	0	1840794	1840794	0	3.157e+02 +/- 6.782e-01		10.6 +/- 0.0	10.6 +/- 0.0
5		2.047e+03 +/- 2.051e-01		139405	139405	0	1270031	1270031	0	2.247e+02 +/- 5.684e-01		11.0 +/- 0.0	11.0 +/- 0.0
6		3.055e+03 +/- 2.412e-01		126431	126431	0	1873571	1873571	0	2.061e+02 +/- 5.601e-01		6.7 +/- 0.0	6.7 +/- 0.0
7		2.050e+03 +/- 1.858e-01		86999	86999	0	1257168	1257168	0	1.419e+02 +/- 4.643e-01		6.9 +/- 0.0	6.9 +/- 0.0
-------------------------------------------------------------------------------------------------------------------------------------------------------------------------- 
Total		1.332e+04 +/- 5.588e-01		1000381	1000381	0	8142132	8142132	0	1.637e+03 +/- 1.534e+00		12.3 +/- 0.0	12.3 +/- 0.0
--------------------------------------------------------------------------------------------------------------------------------------------------------------------------
Before matching: total cross section = 1.332e+04 +- 5.588e-01 pb
After matching: total cross section = 1.637e+03 +- 1.534e+00 pb
Matching efficiency = 0.1 +/- 0.0   [TO BE USED IN MCM]
Filter efficiency (taking into account weights)= (1.33331e+10) / (1.33331e+10) = 1.000e+00 +- 0.000e+00
Filter efficiency (event-level)= (1.00038e+06) / (1.00038e+06) = 1.000e+00 +- 0.000e+00    [TO BE USED IN MCM]

After filter: final cross section = 1.637e+03 +- 1.534e+00 pb
After filter: final fraction of events with negative weights = 0.000e+00 +- 0.000e+00
After filter: final equivalent lumi for 1M events (1/fb) = 6.109e-01 +- 8.373e-04
