01-Feb-2025 18:58:13 CST  Initiating request to open file root://cmsxrootd.fnal.gov//store/mc/Run3Summer22MiniAODv4/WtoLNu-4Jets_MLNu-120_HT-800to1500_TuneCP5_13p6TeV_madgraphMLM-pythia8/MINIAODSIM/130X_mcRun3_2022_realistic_v5-v2/40000/7c90d1b1-161a-4e88-81b8-83ceec13594e.root
01-Feb-2025 18:58:59 CST  Successfully opened file root://cmsxrootd.fnal.gov//store/mc/Run3Summer22MiniAODv4/WtoLNu-4Jets_MLNu-120_HT-800to1500_TuneCP5_13p6TeV_madgraphMLM-pythia8/MINIAODSIM/130X_mcRun3_2022_realistic_v5-v2/40000/7c90d1b1-161a-4e88-81b8-83ceec13594e.root
Begin processing the 1st record. Run 1, Event 119179, LumiSection 21 on stream 0 at 01-Feb-2025 18:59:03.652 CST
01-Feb-2025 18:59:03 CST  Closed file root://cmsxrootd.fnal.gov//store/mc/Run3Summer22MiniAODv4/WtoLNu-4Jets_MLNu-120_HT-800to1500_TuneCP5_13p6TeV_madgraphMLM-pythia8/MINIAODSIM/130X_mcRun3_2022_realistic_v5-v2/40000/7c90d1b1-161a-4e88-81b8-83ceec13594e.root
01-Feb-2025 18:59:03 CST  Initiating request to open file root://cmsxrootd.fnal.gov//store/mc/Run3Summer22MiniAODv4/WtoLNu-4Jets_MLNu-120_HT-800to1500_TuneCP5_13p6TeV_madgraphMLM-pythia8/MINIAODSIM/130X_mcRun3_2022_realistic_v5-v2/40000/00839b87-fbc8-4f22-a204-58ac6bd1d451.root
01-Feb-2025 18:59:13 CST  Successfully opened file root://cmsxrootd.fnal.gov//store/mc/Run3Summer22MiniAODv4/WtoLNu-4Jets_MLNu-120_HT-800to1500_TuneCP5_13p6TeV_madgraphMLM-pythia8/MINIAODSIM/130X_mcRun3_2022_realistic_v5-v2/40000/00839b87-fbc8-4f22-a204-58ac6bd1d451.root
01-Feb-2025 18:59:17 CST  Closed file root://cmsxrootd.fnal.gov//store/mc/Run3Summer22MiniAODv4/WtoLNu-4Jets_MLNu-120_HT-800to1500_TuneCP5_13p6TeV_madgraphMLM-pythia8/MINIAODSIM/130X_mcRun3_2022_realistic_v5-v2/40000/00839b87-fbc8-4f22-a204-58ac6bd1d451.root
01-Feb-2025 18:59:17 CST  Initiating request to open file root://cmsxrootd.fnal.gov//store/mc/Run3Summer22MiniAODv4/WtoLNu-4Jets_MLNu-120_HT-800to1500_TuneCP5_13p6TeV_madgraphMLM-pythia8/MINIAODSIM/130X_mcRun3_2022_realistic_v5-v2/40000/7a446e07-d76e-48b1-8039-07c07e3174b5.root
01-Feb-2025 18:59:30 CST  Successfully opened file root://cmsxrootd.fnal.gov//store/mc/Run3Summer22MiniAODv4/WtoLNu-4Jets_MLNu-120_HT-800to1500_TuneCP5_13p6TeV_madgraphMLM-pythia8/MINIAODSIM/130X_mcRun3_2022_realistic_v5-v2/40000/7a446e07-d76e-48b1-8039-07c07e3174b5.root
01-Feb-2025 18:59:35 CST  Closed file root://cmsxrootd.fnal.gov//store/mc/Run3Summer22MiniAODv4/WtoLNu-4Jets_MLNu-120_HT-800to1500_TuneCP5_13p6TeV_madgraphMLM-pythia8/MINIAODSIM/130X_mcRun3_2022_realistic_v5-v2/40000/7a446e07-d76e-48b1-8039-07c07e3174b5.root
01-Feb-2025 18:59:35 CST  Initiating request to open file root://cmsxrootd.fnal.gov//store/mc/Run3Summer22MiniAODv4/WtoLNu-4Jets_MLNu-120_HT-800to1500_TuneCP5_13p6TeV_madgraphMLM-pythia8/MINIAODSIM/130X_mcRun3_2022_realistic_v5-v2/40000/c8955324-80fc-446e-a37b-4421c01ecbac.root
01-Feb-2025 18:59:43 CST  Successfully opened file root://cmsxrootd.fnal.gov//store/mc/Run3Summer22MiniAODv4/WtoLNu-4Jets_MLNu-120_HT-800to1500_TuneCP5_13p6TeV_madgraphMLM-pythia8/MINIAODSIM/130X_mcRun3_2022_realistic_v5-v2/40000/c8955324-80fc-446e-a37b-4421c01ecbac.root
01-Feb-2025 18:59:47 CST  Closed file root://cmsxrootd.fnal.gov//store/mc/Run3Summer22MiniAODv4/WtoLNu-4Jets_MLNu-120_HT-800to1500_TuneCP5_13p6TeV_madgraphMLM-pythia8/MINIAODSIM/130X_mcRun3_2022_realistic_v5-v2/40000/c8955324-80fc-446e-a37b-4421c01ecbac.root
01-Feb-2025 18:59:47 CST  Initiating request to open file root://cmsxrootd.fnal.gov//store/mc/Run3Summer22MiniAODv4/WtoLNu-4Jets_MLNu-120_HT-800to1500_TuneCP5_13p6TeV_madgraphMLM-pythia8/MINIAODSIM/130X_mcRun3_2022_realistic_v5-v2/40000/e7ddeb42-ff5e-43e4-bcb0-d0dc5c1494c1.root
01-Feb-2025 18:59:57 CST  Successfully opened file root://cmsxrootd.fnal.gov//store/mc/Run3Summer22MiniAODv4/WtoLNu-4Jets_MLNu-120_HT-800to1500_TuneCP5_13p6TeV_madgraphMLM-pythia8/MINIAODSIM/130X_mcRun3_2022_realistic_v5-v2/40000/e7ddeb42-ff5e-43e4-bcb0-d0dc5c1494c1.root
01-Feb-2025 19:00:04 CST  Closed file root://cmsxrootd.fnal.gov//store/mc/Run3Summer22MiniAODv4/WtoLNu-4Jets_MLNu-120_HT-800to1500_TuneCP5_13p6TeV_madgraphMLM-pythia8/MINIAODSIM/130X_mcRun3_2022_realistic_v5-v2/40000/e7ddeb42-ff5e-43e4-bcb0-d0dc5c1494c1.root
01-Feb-2025 19:00:04 CST  Initiating request to open file root://cmsxrootd.fnal.gov//store/mc/Run3Summer22MiniAODv4/WtoLNu-4Jets_MLNu-120_HT-800to1500_TuneCP5_13p6TeV_madgraphMLM-pythia8/MINIAODSIM/130X_mcRun3_2022_realistic_v5-v2/40000/6f9c9414-6cf5-4c1c-bd43-b83281301792.root
01-Feb-2025 19:00:15 CST  Successfully opened file root://cmsxrootd.fnal.gov//store/mc/Run3Summer22MiniAODv4/WtoLNu-4Jets_MLNu-120_HT-800to1500_TuneCP5_13p6TeV_madgraphMLM-pythia8/MINIAODSIM/130X_mcRun3_2022_realistic_v5-v2/40000/6f9c9414-6cf5-4c1c-bd43-b83281301792.root
01-Feb-2025 19:00:21 CST  Closed file root://cmsxrootd.fnal.gov//store/mc/Run3Summer22MiniAODv4/WtoLNu-4Jets_MLNu-120_HT-800to1500_TuneCP5_13p6TeV_madgraphMLM-pythia8/MINIAODSIM/130X_mcRun3_2022_realistic_v5-v2/40000/6f9c9414-6cf5-4c1c-bd43-b83281301792.root
01-Feb-2025 19:00:21 CST  Initiating request to open file root://cmsxrootd.fnal.gov//store/mc/Run3Summer22MiniAODv4/WtoLNu-4Jets_MLNu-120_HT-800to1500_TuneCP5_13p6TeV_madgraphMLM-pythia8/MINIAODSIM/130X_mcRun3_2022_realistic_v5-v2/40000/40373a4e-8846-40c9-b4f2-5ea7ec0b67f8.root
01-Feb-2025 19:00:28 CST  Successfully opened file root://cmsxrootd.fnal.gov//store/mc/Run3Summer22MiniAODv4/WtoLNu-4Jets_MLNu-120_HT-800to1500_TuneCP5_13p6TeV_madgraphMLM-pythia8/MINIAODSIM/130X_mcRun3_2022_realistic_v5-v2/40000/40373a4e-8846-40c9-b4f2-5ea7ec0b67f8.root
01-Feb-2025 19:00:33 CST  Closed file root://cmsxrootd.fnal.gov//store/mc/Run3Summer22MiniAODv4/WtoLNu-4Jets_MLNu-120_HT-800to1500_TuneCP5_13p6TeV_madgraphMLM-pythia8/MINIAODSIM/130X_mcRun3_2022_realistic_v5-v2/40000/40373a4e-8846-40c9-b4f2-5ea7ec0b67f8.root
01-Feb-2025 19:00:33 CST  Initiating request to open file root://cmsxrootd.fnal.gov//store/mc/Run3Summer22MiniAODv4/WtoLNu-4Jets_MLNu-120_HT-800to1500_TuneCP5_13p6TeV_madgraphMLM-pythia8/MINIAODSIM/130X_mcRun3_2022_realistic_v5-v2/40000/2eaee9c9-ddad-479c-8483-b14b030bac0f.root
01-Feb-2025 19:00:41 CST  Successfully opened file root://cmsxrootd.fnal.gov//store/mc/Run3Summer22MiniAODv4/WtoLNu-4Jets_MLNu-120_HT-800to1500_TuneCP5_13p6TeV_madgraphMLM-pythia8/MINIAODSIM/130X_mcRun3_2022_realistic_v5-v2/40000/2eaee9c9-ddad-479c-8483-b14b030bac0f.root
01-Feb-2025 19:00:48 CST  Closed file root://cmsxrootd.fnal.gov//store/mc/Run3Summer22MiniAODv4/WtoLNu-4Jets_MLNu-120_HT-800to1500_TuneCP5_13p6TeV_madgraphMLM-pythia8/MINIAODSIM/130X_mcRun3_2022_realistic_v5-v2/40000/2eaee9c9-ddad-479c-8483-b14b030bac0f.root
01-Feb-2025 19:00:48 CST  Initiating request to open file root://cmsxrootd.fnal.gov//store/mc/Run3Summer22MiniAODv4/WtoLNu-4Jets_MLNu-120_HT-800to1500_TuneCP5_13p6TeV_madgraphMLM-pythia8/MINIAODSIM/130X_mcRun3_2022_realistic_v5-v2/40000/0518c483-fd1d-418c-ac9a-5984c4bde5a3.root
01-Feb-2025 19:00:56 CST  Successfully opened file root://cmsxrootd.fnal.gov//store/mc/Run3Summer22MiniAODv4/WtoLNu-4Jets_MLNu-120_HT-800to1500_TuneCP5_13p6TeV_madgraphMLM-pythia8/MINIAODSIM/130X_mcRun3_2022_realistic_v5-v2/40000/0518c483-fd1d-418c-ac9a-5984c4bde5a3.root
01-Feb-2025 19:01:06 CST  Closed file root://cmsxrootd.fnal.gov//store/mc/Run3Summer22MiniAODv4/WtoLNu-4Jets_MLNu-120_HT-800to1500_TuneCP5_13p6TeV_madgraphMLM-pythia8/MINIAODSIM/130X_mcRun3_2022_realistic_v5-v2/40000/0518c483-fd1d-418c-ac9a-5984c4bde5a3.root
01-Feb-2025 19:01:06 CST  Initiating request to open file root://cmsxrootd.fnal.gov//store/mc/Run3Summer22MiniAODv4/WtoLNu-4Jets_MLNu-120_HT-800to1500_TuneCP5_13p6TeV_madgraphMLM-pythia8/MINIAODSIM/130X_mcRun3_2022_realistic_v5-v2/40000/48bcfb61-b1f2-4dce-ba1c-88b307648fc9.root
[2025-02-01 19:02:00.124141 -0600][Error  ][XRootD            ] [cms-xrd-global.cern.ch:1094] Unable to get the response to request kXR_open (file: /store/mc/Run3Summer22MiniAODv4/WtoLNu-4Jets_MLNu-120_HT-800to1500_TuneCP5_13p6TeV_madgraphMLM-pythia8/MINIAODSIM/130X_mcRun3_2022_realistic_v5-v2/40000/7c90d1b1-161a-4e88-81b8-83ceec13594e.root?tried=+1213xrootd-cms-redir-int.cr.cnaf.infn.it,+1213xrootd-redic.pi.infn.it,+1213xrootd011213xrootd-cms-uk.gridpp.rl1213xrootd02.grid.hep.ph.ic.ac.uk,+1213cmsxrootd2.fnal.gov,gfe02.grid.hep.ph.ic.ac.uk,xrootd-cms-uk.gridpp.rl.ac.uk,llrxrd-redir.in2p3.fr&triedrc=resel,enoent, mode: 0460, flags: kXR_open_read kXR_async kXR_retstat )
%MSG-w XrdAdaptorInternal:  file_open 01-Feb-2025 19:02:07 CST PostProcessEvent
Failed to open file at URL root://cms-xrd-global.cern.ch:1094//store/mc/Run3Summer22MiniAODv4/WtoLNu-4Jets_MLNu-120_HT-800to1500_TuneCP5_13p6TeV_madgraphMLM-pythia8/MINIAODSIM/130X_mcRun3_2022_realistic_v5-v2/40000/48bcfb61-b1f2-4dce-ba1c-88b307648fc9.root?tried=+1213cmsxrootd2.fnal.gov&xrdcl.requuid=71a2c36a-690a-41c3-a010-f2d380dcd69a.
%MSG
%MSG-w XrdAdaptorInternal:  file_open 01-Feb-2025 19:02:07 CST PostProcessEvent
Failed to open file at URL root://cms-xrd-global.cern.ch:1094//store/mc/Run3Summer22MiniAODv4/WtoLNu-4Jets_MLNu-120_HT-800to1500_TuneCP5_13p6TeV_madgraphMLM-pythia8/MINIAODSIM/130X_mcRun3_2022_realistic_v5-v2/40000/48bcfb61-b1f2-4dce-ba1c-88b307648fc9.root?tried=+1213cmsxrootd2.fnal.gov,&xrdcl.requuid=6deb7da5-03ae-4ea6-a78f-82e1b5015825.
%MSG
%MSG-w RootInputFileSequence:  AfterFile 01-Feb-2025 19:02:07 CST  PostProcessEvent
Input file: root://cmsxrootd.fnal.gov//store/mc/Run3Summer22MiniAODv4/WtoLNu-4Jets_MLNu-120_HT-800to1500_TuneCP5_13p6TeV_madgraphMLM-pythia8/MINIAODSIM/130X_mcRun3_2022_realistic_v5-v2/40000/48bcfb61-b1f2-4dce-ba1c-88b307648fc9.root was not found or could not be opened, and will be skipped.

%MSG
01-Feb-2025 19:02:07 CST  Initiating request to open file root://cmsxrootd.fnal.gov//store/mc/Run3Summer22MiniAODv4/WtoLNu-4Jets_MLNu-120_HT-800to1500_TuneCP5_13p6TeV_madgraphMLM-pythia8/MINIAODSIM/130X_mcRun3_2022_realistic_v5-v2/40000/adf6f599-8b04-479f-948f-4fa2d44c57a3.root
[2025-02-01 19:02:59.138004 -0600][Error  ][XRootD            ] [cms-xrd-global.cern.ch:1094] Unable to get the response to request kXR_open (file: /store/mc/Run3Summer22MiniAODv4/WtoLNu-4Jets_MLNu-120_HT-800to1500_TuneCP5_13p6TeV_madgraphMLM-pythia8/MINIAODSIM/130X_mcRun3_2022_realistic_v5-v2/40000/e7ddeb42-ff5e-43e4-bcb0-d0dc5c1494c1.root?tried=+1213llrxrd-redir.in2p3.fr,+1213xrootd-redic.pi.infn.it,+1213xrootd-cms-redir-int.cr.cnaf.infn.it,+1213cmsxrootd2.fnal.gov,cms03.lcg.cscs.ch&triedrc=resel, mode: 0460, flags: kXR_open_read kXR_async kXR_retstat )
%MSG-w XrdAdaptorInternal:  file_open 01-Feb-2025 19:03:08 CST PostProcessEvent
Failed to open file at URL root://cms-xrd-global.cern.ch:1094//store/mc/Run3Summer22MiniAODv4/WtoLNu-4Jets_MLNu-120_HT-800to1500_TuneCP5_13p6TeV_madgraphMLM-pythia8/MINIAODSIM/130X_mcRun3_2022_realistic_v5-v2/40000/adf6f599-8b04-479f-948f-4fa2d44c57a3.root?tried=+1213cmsxrootd2.fnal.gov&xrdcl.requuid=2c3a568b-cdfb-4f4d-95b3-dae7a64ac8cf.
%MSG
%MSG-w XrdAdaptorInternal:  file_open 01-Feb-2025 19:03:08 CST PostProcessEvent
Failed to open file at URL root://cms-xrd-global.cern.ch:1094//store/mc/Run3Summer22MiniAODv4/WtoLNu-4Jets_MLNu-120_HT-800to1500_TuneCP5_13p6TeV_madgraphMLM-pythia8/MINIAODSIM/130X_mcRun3_2022_realistic_v5-v2/40000/adf6f599-8b04-479f-948f-4fa2d44c57a3.root?tried=+1213cmsxrootd2.fnal.gov,&xrdcl.requuid=18e623a6-29d9-41ea-ba6c-b139e3f85578.
%MSG
%MSG-w RootInputFileSequence:  AfterFile 01-Feb-2025 19:03:08 CST  PostProcessEvent
Input file: root://cmsxrootd.fnal.gov//store/mc/Run3Summer22MiniAODv4/WtoLNu-4Jets_MLNu-120_HT-800to1500_TuneCP5_13p6TeV_madgraphMLM-pythia8/MINIAODSIM/130X_mcRun3_2022_realistic_v5-v2/40000/adf6f599-8b04-479f-948f-4fa2d44c57a3.root was not found or could not be opened, and will be skipped.

%MSG
01-Feb-2025 19:03:08 CST  Initiating request to open file root://cmsxrootd.fnal.gov//store/mc/Run3Summer22MiniAODv4/WtoLNu-4Jets_MLNu-120_HT-800to1500_TuneCP5_13p6TeV_madgraphMLM-pythia8/MINIAODSIM/130X_mcRun3_2022_realistic_v5-v2/40000/b813b703-a2d8-47d6-a676-d46d296f386b.root
[2025-02-01 19:03:43.146846 -0600][Error  ][XRootD            ] [cms-xrd-global.cern.ch:1094] Unable to get the response to request kXR_open (file: /store/mc/Run3Summer22MiniAODv4/WtoLNu-4Jets_MLNu-120_HT-800to1500_TuneCP5_13p6TeV_madgraphMLM-pythia8/MINIAODSIM/130X_mcRun3_2022_realistic_v5-v2/40000/2eaee9c9-ddad-479c-8483-b14b030bac0f.root?tried=+1213llrxrd-redir.in2p3.fr,+1213xrootd-redic.pi.infn.it,+1213xrootd-cms-redir-int.cr.cnaf.infn.it,+1213cmsxrootd2.fnal.gov,cms03.lcg.cscs.ch&triedrc=resel, mode: 0460, flags: kXR_open_read kXR_async kXR_retstat )
[2025-02-01 19:04:07.708252 -0600][Error  ][PostMaster        ] [gfe02.grid.hep.ph.ic.ac.uk:1095] Forcing error on disconnect: [ERROR] Operation interrupted.
[2025-02-01 19:04:18.832908 -0600][Error  ][PostMaster        ] [sedsk45.grid.hep.ph.ic.ac.uk:20771] Forcing error on disconnect: [ERROR] Operation interrupted.
[2025-02-01 19:04:26.166749 -0600][Error  ][PostMaster        ] [grid-dcache.physik.rwth-aachen.de:1094] Forcing error on disconnect: [ERROR] Operation interrupted.
[2025-02-01 19:04:32.990664 -0600][Error  ][PostMaster        ] [grid-se054.physik.rwth-aachen.de:33135] Forcing error on disconnect: [ERROR] Operation interrupted.
%MSG-w XrdAdaptorInternal:  file_open 01-Feb-2025 19:04:39 CST PostProcessEvent
Failed to open file at URL root://cms-xrd-global.cern.ch:1094//store/mc/Run3Summer22MiniAODv4/WtoLNu-4Jets_MLNu-120_HT-800to1500_TuneCP5_13p6TeV_madgraphMLM-pythia8/MINIAODSIM/130X_mcRun3_2022_realistic_v5-v2/40000/b813b703-a2d8-47d6-a676-d46d296f386b.root?tried=+1213cmsxrootd2.fnal.gov&xrdcl.requuid=e35a244e-f12d-4405-8ce8-c093ba37b9e3.
%MSG
%MSG-w XrdAdaptorInternal:  file_open 01-Feb-2025 19:04:39 CST PostProcessEvent
Failed to open file at URL root://cms-xrd-global.cern.ch:1094//store/mc/Run3Summer22MiniAODv4/WtoLNu-4Jets_MLNu-120_HT-800to1500_TuneCP5_13p6TeV_madgraphMLM-pythia8/MINIAODSIM/130X_mcRun3_2022_realistic_v5-v2/40000/b813b703-a2d8-47d6-a676-d46d296f386b.root?tried=+1213cmsxrootd2.fnal.gov,&xrdcl.requuid=8c90b9b8-df9f-47cf-93fe-a75bf83d6ba0.
%MSG
%MSG-w RootInputFileSequence:  AfterFile 01-Feb-2025 19:04:39 CST  PostProcessEvent
Input file: root://cmsxrootd.fnal.gov//store/mc/Run3Summer22MiniAODv4/WtoLNu-4Jets_MLNu-120_HT-800to1500_TuneCP5_13p6TeV_madgraphMLM-pythia8/MINIAODSIM/130X_mcRun3_2022_realistic_v5-v2/40000/b813b703-a2d8-47d6-a676-d46d296f386b.root was not found or could not be opened, and will be skipped.

%MSG
01-Feb-2025 19:04:39 CST  Initiating request to open file root://cmsxrootd.fnal.gov//store/mc/Run3Summer22MiniAODv4/WtoLNu-4Jets_MLNu-120_HT-800to1500_TuneCP5_13p6TeV_madgraphMLM-pythia8/MINIAODSIM/130X_mcRun3_2022_realistic_v5-v2/40000/3227e997-4f2e-4dc8-8994-eb24ec89fcac.root
[2025-02-01 19:04:51.856983 -0600][Error  ][PostMaster        ] [dc051.pic.es:20985] Forcing error on disconnect: [ERROR] Operation interrupted.
[2025-02-01 19:05:02.974778 -0600][Error  ][PostMaster        ] [heplnx229.pp.rl.ac.uk:1094] Forcing error on disconnect: [ERROR] Operation interrupted.
[2025-02-01 19:05:03.486418 -0600][Error  ][PostMaster        ] [heplnx228.pp.rl.ac.uk:1094] Forcing error on disconnect: [ERROR] Operation interrupted.
[2025-02-01 19:05:19.907800 -0600][Error  ][PostMaster        ] [se29.cscs.ch:36995] Forcing error on disconnect: [ERROR] Operation interrupted.
%MSG-w XrdAdaptorInternal:  file_open 01-Feb-2025 19:05:40 CST PostProcessEvent
Failed to open file at URL root://cms-xrd-global.cern.ch:1094//store/mc/Run3Summer22MiniAODv4/WtoLNu-4Jets_MLNu-120_HT-800to1500_TuneCP5_13p6TeV_madgraphMLM-pythia8/MINIAODSIM/130X_mcRun3_2022_realistic_v5-v2/40000/3227e997-4f2e-4dc8-8994-eb24ec89fcac.root?tried=+1213cmsxrootd2.fnal.gov&xrdcl.requuid=da273d2d-fa4d-4ae8-8b4d-ea62a51c1d67.
%MSG
%MSG-w XrdAdaptorInternal:  file_open 01-Feb-2025 19:05:40 CST PostProcessEvent
Failed to open file at URL root://cms-xrd-global.cern.ch:1094//store/mc/Run3Summer22MiniAODv4/WtoLNu-4Jets_MLNu-120_HT-800to1500_TuneCP5_13p6TeV_madgraphMLM-pythia8/MINIAODSIM/130X_mcRun3_2022_realistic_v5-v2/40000/3227e997-4f2e-4dc8-8994-eb24ec89fcac.root?tried=+1213cmsxrootd2.fnal.gov,&xrdcl.requuid=e3ce5f6c-6a55-4fb1-8ce1-d5383d0b28c8.
%MSG
%MSG-w RootInputFileSequence:  AfterFile 01-Feb-2025 19:05:40 CST  PostProcessEvent
Input file: root://cmsxrootd.fnal.gov//store/mc/Run3Summer22MiniAODv4/WtoLNu-4Jets_MLNu-120_HT-800to1500_TuneCP5_13p6TeV_madgraphMLM-pythia8/MINIAODSIM/130X_mcRun3_2022_realistic_v5-v2/40000/3227e997-4f2e-4dc8-8994-eb24ec89fcac.root was not found or could not be opened, and will be skipped.

%MSG
01-Feb-2025 19:05:40 CST  Initiating request to open file root://cmsxrootd.fnal.gov//store/mc/Run3Summer22MiniAODv4/WtoLNu-4Jets_MLNu-120_HT-800to1500_TuneCP5_13p6TeV_madgraphMLM-pythia8/MINIAODSIM/130X_mcRun3_2022_realistic_v5-v2/40000/b68f5ca9-ace3-41e2-9175-557b2c1931c9.root
[2025-02-01 19:05:42.784703 -0600][Error  ][PostMaster        ] [cmsxrootd-2.gridka.de:1094] Forcing error on disconnect: [ERROR] Operation interrupted.
[2025-02-01 19:05:48.160012 -0600][Error  ][PostMaster        ] [cmsxrootd-1.gridka.de:1094] Forcing error on disconnect: [ERROR] Operation interrupted.
[2025-02-01 19:05:48.905621 -0600][Error  ][PostMaster        ] [f01-124-152-e.gridka.de:22326] Forcing error on disconnect: [ERROR] Operation interrupted.
[2025-02-01 19:05:54.166876 -0600][Error  ][PostMaster        ] [cms03.lcg.cscs.ch:1094] Forcing error on disconnect: [ERROR] Operation interrupted.
[2025-02-01 19:06:03.362841 -0600][Error  ][PostMaster        ] [pool-k8s-cms27.cscs.ch:36070] Forcing error on disconnect: [ERROR] Operation interrupted.
[2025-02-01 19:06:07.028189 -0600][Error  ][PostMaster        ] [dc040.pic.es:23693] Forcing error on disconnect: [ERROR] Operation interrupted.
[2025-02-01 19:06:09.812098 -0600][Error  ][PostMaster        ] [xrootd01-cmst1.pic.es:1095] Forcing error on disconnect: [ERROR] Operation interrupted.
[2025-02-01 19:06:17.377113 -0600][Error  ][PostMaster        ] [xrootd02-cmst1.pic.es:1095] Forcing error on disconnect: [ERROR] Operation interrupted.
%MSG-w XrdAdaptorInternal:  file_open 01-Feb-2025 19:06:41 CST PostProcessEvent
Failed to open file at URL root://cms-xrd-global.cern.ch:1094//store/mc/Run3Summer22MiniAODv4/WtoLNu-4Jets_MLNu-120_HT-800to1500_TuneCP5_13p6TeV_madgraphMLM-pythia8/MINIAODSIM/130X_mcRun3_2022_realistic_v5-v2/40000/b68f5ca9-ace3-41e2-9175-557b2c1931c9.root?tried=+1213cmsxrootd2.fnal.gov&xrdcl.requuid=be3a6a2e-fa1f-49b9-a49a-cbb83fec250f.
%MSG
%MSG-w XrdAdaptorInternal:  file_open 01-Feb-2025 19:06:41 CST PostProcessEvent
Failed to open file at URL root://cms-xrd-global.cern.ch:1094//store/mc/Run3Summer22MiniAODv4/WtoLNu-4Jets_MLNu-120_HT-800to1500_TuneCP5_13p6TeV_madgraphMLM-pythia8/MINIAODSIM/130X_mcRun3_2022_realistic_v5-v2/40000/b68f5ca9-ace3-41e2-9175-557b2c1931c9.root?tried=+1213cmsxrootd2.fnal.gov,&xrdcl.requuid=7b1db0b4-5bab-4071-9a4d-aa622d45778e.
%MSG
%MSG-w RootInputFileSequence:  AfterFile 01-Feb-2025 19:06:41 CST  PostProcessEvent
Input file: root://cmsxrootd.fnal.gov//store/mc/Run3Summer22MiniAODv4/WtoLNu-4Jets_MLNu-120_HT-800to1500_TuneCP5_13p6TeV_madgraphMLM-pythia8/MINIAODSIM/130X_mcRun3_2022_realistic_v5-v2/40000/b68f5ca9-ace3-41e2-9175-557b2c1931c9.root was not found or could not be opened, and will be skipped.

%MSG
01-Feb-2025 19:06:41 CST  Initiating request to open file root://cmsxrootd.fnal.gov//store/mc/Run3Summer22MiniAODv4/WtoLNu-4Jets_MLNu-120_HT-800to1500_TuneCP5_13p6TeV_madgraphMLM-pythia8/MINIAODSIM/130X_mcRun3_2022_realistic_v5-v2/40000/e749338e-f5be-4680-bce3-563fe87caba2.root
%MSG-w XrdAdaptorInternal:  file_open 01-Feb-2025 19:08:02 CST PostProcessEvent
Failed to open file at URL root://cms-xrd-global.cern.ch:1094//store/mc/Run3Summer22MiniAODv4/WtoLNu-4Jets_MLNu-120_HT-800to1500_TuneCP5_13p6TeV_madgraphMLM-pythia8/MINIAODSIM/130X_mcRun3_2022_realistic_v5-v2/40000/e749338e-f5be-4680-bce3-563fe87caba2.root?tried=+1213cmsxrootd2.fnal.gov&xrdcl.requuid=cd115569-4fa6-4af9-aa93-e405ed97980f.
%MSG
%MSG-w XrdAdaptorInternal:  file_open 01-Feb-2025 19:08:02 CST PostProcessEvent
Failed to open file at URL root://cms-xrd-global.cern.ch:1094//store/mc/Run3Summer22MiniAODv4/WtoLNu-4Jets_MLNu-120_HT-800to1500_TuneCP5_13p6TeV_madgraphMLM-pythia8/MINIAODSIM/130X_mcRun3_2022_realistic_v5-v2/40000/e749338e-f5be-4680-bce3-563fe87caba2.root?tried=+1213cmsxrootd2.fnal.gov,&xrdcl.requuid=1c41e59a-bbc3-4d92-ad01-c5a845038056.
%MSG
%MSG-w RootInputFileSequence:  AfterFile 01-Feb-2025 19:08:02 CST  PostProcessEvent
Input file: root://cmsxrootd.fnal.gov//store/mc/Run3Summer22MiniAODv4/WtoLNu-4Jets_MLNu-120_HT-800to1500_TuneCP5_13p6TeV_madgraphMLM-pythia8/MINIAODSIM/130X_mcRun3_2022_realistic_v5-v2/40000/e749338e-f5be-4680-bce3-563fe87caba2.root was not found or could not be opened, and will be skipped.

%MSG
01-Feb-2025 19:08:02 CST  Initiating request to open file root://cmsxrootd.fnal.gov//store/mc/Run3Summer22MiniAODv4/WtoLNu-4Jets_MLNu-120_HT-800to1500_TuneCP5_13p6TeV_madgraphMLM-pythia8/MINIAODSIM/130X_mcRun3_2022_realistic_v5-v2/40000/02de2642-ddcb-493b-8b2f-09968e269259.root
%MSG-w XrdAdaptorInternal:  file_open 01-Feb-2025 19:09:03 CST PostProcessEvent
Failed to open file at URL root://cms-xrd-global.cern.ch:1094//store/mc/Run3Summer22MiniAODv4/WtoLNu-4Jets_MLNu-120_HT-800to1500_TuneCP5_13p6TeV_madgraphMLM-pythia8/MINIAODSIM/130X_mcRun3_2022_realistic_v5-v2/40000/02de2642-ddcb-493b-8b2f-09968e269259.root?tried=+1213cmsxrootd2.fnal.gov&xrdcl.requuid=584577c8-1c1f-4653-a94e-181e5ad1d2a4.
%MSG
%MSG-w XrdAdaptorInternal:  file_open 01-Feb-2025 19:09:03 CST PostProcessEvent
Failed to open file at URL root://cms-xrd-global.cern.ch:1094//store/mc/Run3Summer22MiniAODv4/WtoLNu-4Jets_MLNu-120_HT-800to1500_TuneCP5_13p6TeV_madgraphMLM-pythia8/MINIAODSIM/130X_mcRun3_2022_realistic_v5-v2/40000/02de2642-ddcb-493b-8b2f-09968e269259.root?tried=+1213cmsxrootd2.fnal.gov,&xrdcl.requuid=b4dd1bff-5018-4003-abb6-1d32cecd22af.
%MSG
%MSG-w RootInputFileSequence:  AfterFile 01-Feb-2025 19:09:03 CST  PostProcessEvent
Input file: root://cmsxrootd.fnal.gov//store/mc/Run3Summer22MiniAODv4/WtoLNu-4Jets_MLNu-120_HT-800to1500_TuneCP5_13p6TeV_madgraphMLM-pythia8/MINIAODSIM/130X_mcRun3_2022_realistic_v5-v2/40000/02de2642-ddcb-493b-8b2f-09968e269259.root was not found or could not be opened, and will be skipped.

%MSG
01-Feb-2025 19:09:03 CST  Initiating request to open file root://cmsxrootd.fnal.gov//store/mc/Run3Summer22MiniAODv4/WtoLNu-4Jets_MLNu-120_HT-800to1500_TuneCP5_13p6TeV_madgraphMLM-pythia8/MINIAODSIM/130X_mcRun3_2022_realistic_v5-v2/40000/7d8baa34-1264-4598-b7f1-808118d2d419.root
%MSG-w XrdAdaptorInternal:  file_open 01-Feb-2025 19:10:04 CST PostProcessEvent
Failed to open file at URL root://cms-xrd-global.cern.ch:1094//store/mc/Run3Summer22MiniAODv4/WtoLNu-4Jets_MLNu-120_HT-800to1500_TuneCP5_13p6TeV_madgraphMLM-pythia8/MINIAODSIM/130X_mcRun3_2022_realistic_v5-v2/40000/7d8baa34-1264-4598-b7f1-808118d2d419.root?tried=+1213cmsxrootd2.fnal.gov&xrdcl.requuid=42598897-a654-45df-a577-c91b808a6b5c.
%MSG
%MSG-w XrdAdaptorInternal:  file_open 01-Feb-2025 19:10:04 CST PostProcessEvent
Failed to open file at URL root://cms-xrd-global.cern.ch:1094//store/mc/Run3Summer22MiniAODv4/WtoLNu-4Jets_MLNu-120_HT-800to1500_TuneCP5_13p6TeV_madgraphMLM-pythia8/MINIAODSIM/130X_mcRun3_2022_realistic_v5-v2/40000/7d8baa34-1264-4598-b7f1-808118d2d419.root?tried=+1213cmsxrootd2.fnal.gov,&xrdcl.requuid=2350b4cb-f735-4bf4-b5d3-5fff5a0aeeb4.
%MSG
%MSG-w RootInputFileSequence:  AfterFile 01-Feb-2025 19:10:04 CST  PostProcessEvent
Input file: root://cmsxrootd.fnal.gov//store/mc/Run3Summer22MiniAODv4/WtoLNu-4Jets_MLNu-120_HT-800to1500_TuneCP5_13p6TeV_madgraphMLM-pythia8/MINIAODSIM/130X_mcRun3_2022_realistic_v5-v2/40000/7d8baa34-1264-4598-b7f1-808118d2d419.root was not found or could not be opened, and will be skipped.

%MSG
01-Feb-2025 19:10:04 CST  Initiating request to open file root://cmsxrootd.fnal.gov//store/mc/Run3Summer22MiniAODv4/WtoLNu-4Jets_MLNu-120_HT-800to1500_TuneCP5_13p6TeV_madgraphMLM-pythia8/MINIAODSIM/130X_mcRun3_2022_realistic_v5-v2/40000/27e4855b-fae6-4a0e-8ecb-77b1de150117.root
%MSG-w XrdAdaptorInternal:  file_open 01-Feb-2025 19:11:15 CST PostProcessEvent
Failed to open file at URL root://cms-xrd-global.cern.ch:1094//store/mc/Run3Summer22MiniAODv4/WtoLNu-4Jets_MLNu-120_HT-800to1500_TuneCP5_13p6TeV_madgraphMLM-pythia8/MINIAODSIM/130X_mcRun3_2022_realistic_v5-v2/40000/27e4855b-fae6-4a0e-8ecb-77b1de150117.root?tried=+1213cmsxrootd2.fnal.gov&xrdcl.requuid=2109c038-0fec-4c00-b5cf-3af8a88000b9.
%MSG
%MSG-w XrdAdaptorInternal:  file_open 01-Feb-2025 19:11:15 CST PostProcessEvent
Failed to open file at URL root://cms-xrd-global.cern.ch:1094//store/mc/Run3Summer22MiniAODv4/WtoLNu-4Jets_MLNu-120_HT-800to1500_TuneCP5_13p6TeV_madgraphMLM-pythia8/MINIAODSIM/130X_mcRun3_2022_realistic_v5-v2/40000/27e4855b-fae6-4a0e-8ecb-77b1de150117.root?tried=+1213cmsxrootd2.fnal.gov,&xrdcl.requuid=a64d843b-33b9-4b0c-8cdb-d830dd4edafc.
%MSG
%MSG-w RootInputFileSequence:  AfterFile 01-Feb-2025 19:11:15 CST  PostProcessEvent
Input file: root://cmsxrootd.fnal.gov//store/mc/Run3Summer22MiniAODv4/WtoLNu-4Jets_MLNu-120_HT-800to1500_TuneCP5_13p6TeV_madgraphMLM-pythia8/MINIAODSIM/130X_mcRun3_2022_realistic_v5-v2/40000/27e4855b-fae6-4a0e-8ecb-77b1de150117.root was not found or could not be opened, and will be skipped.

%MSG
01-Feb-2025 19:11:15 CST  Initiating request to open file root://cmsxrootd.fnal.gov//store/mc/Run3Summer22MiniAODv4/WtoLNu-4Jets_MLNu-120_HT-800to1500_TuneCP5_13p6TeV_madgraphMLM-pythia8/MINIAODSIM/130X_mcRun3_2022_realistic_v5-v2/40000/03e3e0fd-2737-476e-91cd-1f5d5436f19a.root
%MSG-w XrdAdaptorInternal:  file_open 01-Feb-2025 19:12:16 CST PostProcessEvent
Failed to open file at URL root://cms-xrd-global.cern.ch:1094//store/mc/Run3Summer22MiniAODv4/WtoLNu-4Jets_MLNu-120_HT-800to1500_TuneCP5_13p6TeV_madgraphMLM-pythia8/MINIAODSIM/130X_mcRun3_2022_realistic_v5-v2/40000/03e3e0fd-2737-476e-91cd-1f5d5436f19a.root?tried=+1213cmsxrootd2.fnal.gov&xrdcl.requuid=d51d867e-bfb6-4385-8f49-c66a8c466182.
%MSG
%MSG-w XrdAdaptorInternal:  file_open 01-Feb-2025 19:12:16 CST PostProcessEvent
Failed to open file at URL root://cms-xrd-global.cern.ch:1094//store/mc/Run3Summer22MiniAODv4/WtoLNu-4Jets_MLNu-120_HT-800to1500_TuneCP5_13p6TeV_madgraphMLM-pythia8/MINIAODSIM/130X_mcRun3_2022_realistic_v5-v2/40000/03e3e0fd-2737-476e-91cd-1f5d5436f19a.root?tried=+1213cmsxrootd2.fnal.gov,&xrdcl.requuid=f070abf4-fdf8-4ef2-be1a-fc59a3ae57f9.
%MSG
%MSG-w RootInputFileSequence:  AfterFile 01-Feb-2025 19:12:16 CST  PostProcessEvent
Input file: root://cmsxrootd.fnal.gov//store/mc/Run3Summer22MiniAODv4/WtoLNu-4Jets_MLNu-120_HT-800to1500_TuneCP5_13p6TeV_madgraphMLM-pythia8/MINIAODSIM/130X_mcRun3_2022_realistic_v5-v2/40000/03e3e0fd-2737-476e-91cd-1f5d5436f19a.root was not found or could not be opened, and will be skipped.

%MSG
01-Feb-2025 19:12:16 CST  Initiating request to open file root://cmsxrootd.fnal.gov//store/mc/Run3Summer22MiniAODv4/WtoLNu-4Jets_MLNu-120_HT-800to1500_TuneCP5_13p6TeV_madgraphMLM-pythia8/MINIAODSIM/130X_mcRun3_2022_realistic_v5-v2/40000/c554ec39-b818-4afb-9323-26a76a42adbe.root
[2025-02-01 19:13:07.453084 -0600][Error  ][AsyncSock         ] [webdav-7-3-23.recas.ba.infn.it:8080.0] Socket error while handshaking: [ERROR] Socket timeout
[2025-02-01 19:13:07.453233 -0600][Error  ][PostMaster        ] [webdav-7-3-23.recas.ba.infn.it:8080] elapsed = 45, pConnectionWindow = 31 seconds.
01-Feb-2025 19:13:10 CST  Successfully opened file root://cmsxrootd.fnal.gov//store/mc/Run3Summer22MiniAODv4/WtoLNu-4Jets_MLNu-120_HT-800to1500_TuneCP5_13p6TeV_madgraphMLM-pythia8/MINIAODSIM/130X_mcRun3_2022_realistic_v5-v2/40000/c554ec39-b818-4afb-9323-26a76a42adbe.root
01-Feb-2025 19:13:22 CST  Closed file root://cmsxrootd.fnal.gov//store/mc/Run3Summer22MiniAODv4/WtoLNu-4Jets_MLNu-120_HT-800to1500_TuneCP5_13p6TeV_madgraphMLM-pythia8/MINIAODSIM/130X_mcRun3_2022_realistic_v5-v2/40000/c554ec39-b818-4afb-9323-26a76a42adbe.root
01-Feb-2025 19:13:22 CST  Initiating request to open file root://cmsxrootd.fnal.gov//store/mc/Run3Summer22MiniAODv4/WtoLNu-4Jets_MLNu-120_HT-800to1500_TuneCP5_13p6TeV_madgraphMLM-pythia8/MINIAODSIM/130X_mcRun3_2022_realistic_v5-v2/40000/179c72dc-85c8-437d-8775-9aae718fb860.root
[2025-02-01 19:13:59.313684 -0600][Error  ][AsyncSock         ] [webdav-7-3-25.recas.ba.infn.it:8080.0] Socket error while handshaking: [ERROR] Socket timeout
[2025-02-01 19:13:59.313783 -0600][Error  ][PostMaster        ] [webdav-7-3-25.recas.ba.infn.it:8080] elapsed = 45, pConnectionWindow = 31 seconds.
[2025-02-01 19:14:13.505005 -0600][Error  ][AsyncSock         ] [xr-1-1-13-1.recas.ba.infn.it:8080.0] Socket error while handshaking: [ERROR] Socket timeout
[2025-02-01 19:14:13.505087 -0600][Error  ][PostMaster        ] [xr-1-1-13-1.recas.ba.infn.it:8080] elapsed = 45, pConnectionWindow = 31 seconds.
01-Feb-2025 19:14:16 CST  Successfully opened file root://cmsxrootd.fnal.gov//store/mc/Run3Summer22MiniAODv4/WtoLNu-4Jets_MLNu-120_HT-800to1500_TuneCP5_13p6TeV_madgraphMLM-pythia8/MINIAODSIM/130X_mcRun3_2022_realistic_v5-v2/40000/179c72dc-85c8-437d-8775-9aae718fb860.root
%MSG-w XrdAdaptorLvl3:  source 01-Feb-2025 19:14:23 CST PreSource
Deactivating webdav-7-3-23.recas.ba.infn.it from active sources because its quality (1504) is higher than 260 and 4 times larger than the other active server xr-1-1-13-1.recas.ba.infn.it (220) 
%MSG
01-Feb-2025 19:14:24 CST  Closed file root://cmsxrootd.fnal.gov//store/mc/Run3Summer22MiniAODv4/WtoLNu-4Jets_MLNu-120_HT-800to1500_TuneCP5_13p6TeV_madgraphMLM-pythia8/MINIAODSIM/130X_mcRun3_2022_realistic_v5-v2/40000/179c72dc-85c8-437d-8775-9aae718fb860.root
01-Feb-2025 19:14:24 CST  Initiating request to open file root://cmsxrootd.fnal.gov//store/mc/Run3Summer22MiniAODv4/WtoLNu-4Jets_MLNu-120_HT-800to1500_TuneCP5_13p6TeV_madgraphMLM-pythia8/MINIAODSIM/130X_mcRun3_2022_realistic_v5-v2/40000/2c84b24c-8f89-4ff6-98c9-d9a7fad121a3.root
01-Feb-2025 19:14:33 CST  Successfully opened file root://cmsxrootd.fnal.gov//store/mc/Run3Summer22MiniAODv4/WtoLNu-4Jets_MLNu-120_HT-800to1500_TuneCP5_13p6TeV_madgraphMLM-pythia8/MINIAODSIM/130X_mcRun3_2022_realistic_v5-v2/40000/2c84b24c-8f89-4ff6-98c9-d9a7fad121a3.root
01-Feb-2025 19:14:44 CST  Closed file root://cmsxrootd.fnal.gov//store/mc/Run3Summer22MiniAODv4/WtoLNu-4Jets_MLNu-120_HT-800to1500_TuneCP5_13p6TeV_madgraphMLM-pythia8/MINIAODSIM/130X_mcRun3_2022_realistic_v5-v2/40000/2c84b24c-8f89-4ff6-98c9-d9a7fad121a3.root
01-Feb-2025 19:14:44 CST  Initiating request to open file root://cmsxrootd.fnal.gov//store/mc/Run3Summer22MiniAODv4/WtoLNu-4Jets_MLNu-120_HT-800to1500_TuneCP5_13p6TeV_madgraphMLM-pythia8/MINIAODSIM/130X_mcRun3_2022_realistic_v5-v2/40000/5347e1b8-9cce-477e-9cd3-eaeb023feb5d.root
01-Feb-2025 19:14:52 CST  Successfully opened file root://cmsxrootd.fnal.gov//store/mc/Run3Summer22MiniAODv4/WtoLNu-4Jets_MLNu-120_HT-800to1500_TuneCP5_13p6TeV_madgraphMLM-pythia8/MINIAODSIM/130X_mcRun3_2022_realistic_v5-v2/40000/5347e1b8-9cce-477e-9cd3-eaeb023feb5d.root
01-Feb-2025 19:14:58 CST  Closed file root://cmsxrootd.fnal.gov//store/mc/Run3Summer22MiniAODv4/WtoLNu-4Jets_MLNu-120_HT-800to1500_TuneCP5_13p6TeV_madgraphMLM-pythia8/MINIAODSIM/130X_mcRun3_2022_realistic_v5-v2/40000/5347e1b8-9cce-477e-9cd3-eaeb023feb5d.root
01-Feb-2025 19:14:58 CST  Initiating request to open file root://cmsxrootd.fnal.gov//store/mc/Run3Summer22MiniAODv4/WtoLNu-4Jets_MLNu-120_HT-800to1500_TuneCP5_13p6TeV_madgraphMLM-pythia8/MINIAODSIM/130X_mcRun3_2022_realistic_v5-v2/40000/69ce0451-849c-4b0c-bd04-4df668881217.root
01-Feb-2025 19:15:06 CST  Successfully opened file root://cmsxrootd.fnal.gov//store/mc/Run3Summer22MiniAODv4/WtoLNu-4Jets_MLNu-120_HT-800to1500_TuneCP5_13p6TeV_madgraphMLM-pythia8/MINIAODSIM/130X_mcRun3_2022_realistic_v5-v2/40000/69ce0451-849c-4b0c-bd04-4df668881217.root
01-Feb-2025 19:15:13 CST  Closed file root://cmsxrootd.fnal.gov//store/mc/Run3Summer22MiniAODv4/WtoLNu-4Jets_MLNu-120_HT-800to1500_TuneCP5_13p6TeV_madgraphMLM-pythia8/MINIAODSIM/130X_mcRun3_2022_realistic_v5-v2/40000/69ce0451-849c-4b0c-bd04-4df668881217.root
01-Feb-2025 19:15:13 CST  Initiating request to open file root://cmsxrootd.fnal.gov//store/mc/Run3Summer22MiniAODv4/WtoLNu-4Jets_MLNu-120_HT-800to1500_TuneCP5_13p6TeV_madgraphMLM-pythia8/MINIAODSIM/130X_mcRun3_2022_realistic_v5-v2/40000/dd7ddf8d-1277-41c6-81a5-3c274ec61c7b.root
01-Feb-2025 19:15:22 CST  Successfully opened file root://cmsxrootd.fnal.gov//store/mc/Run3Summer22MiniAODv4/WtoLNu-4Jets_MLNu-120_HT-800to1500_TuneCP5_13p6TeV_madgraphMLM-pythia8/MINIAODSIM/130X_mcRun3_2022_realistic_v5-v2/40000/dd7ddf8d-1277-41c6-81a5-3c274ec61c7b.root
01-Feb-2025 19:15:26 CST  Closed file root://cmsxrootd.fnal.gov//store/mc/Run3Summer22MiniAODv4/WtoLNu-4Jets_MLNu-120_HT-800to1500_TuneCP5_13p6TeV_madgraphMLM-pythia8/MINIAODSIM/130X_mcRun3_2022_realistic_v5-v2/40000/dd7ddf8d-1277-41c6-81a5-3c274ec61c7b.root
01-Feb-2025 19:15:26 CST  Initiating request to open file root://cmsxrootd.fnal.gov//store/mc/Run3Summer22MiniAODv4/WtoLNu-4Jets_MLNu-120_HT-800to1500_TuneCP5_13p6TeV_madgraphMLM-pythia8/MINIAODSIM/130X_mcRun3_2022_realistic_v5-v2/40000/7b98406b-1555-4437-b02c-4bcca3d63388.root
[2025-02-01 19:15:33.465036 -0600][Error  ][AsyncSock         ] [dcache-cms-xrootd.desy.de:1094.0] Unable to connect: permission denied
[2025-02-01 19:15:33.465173 -0600][Error  ][PostMaster        ] [dcache-cms-xrootd.desy.de:1094] elapsed = 0, pConnectionWindow = 31 seconds.
01-Feb-2025 19:15:35 CST  Successfully opened file root://cmsxrootd.fnal.gov//store/mc/Run3Summer22MiniAODv4/WtoLNu-4Jets_MLNu-120_HT-800to1500_TuneCP5_13p6TeV_madgraphMLM-pythia8/MINIAODSIM/130X_mcRun3_2022_realistic_v5-v2/40000/7b98406b-1555-4437-b02c-4bcca3d63388.root
Begin processing the 100001st record. Run 1, Event 4551436, LumiSection 764 on stream 0 at 01-Feb-2025 19:15:40.595 CST
01-Feb-2025 19:15:40 CST  Closed file root://cmsxrootd.fnal.gov//store/mc/Run3Summer22MiniAODv4/WtoLNu-4Jets_MLNu-120_HT-800to1500_TuneCP5_13p6TeV_madgraphMLM-pythia8/MINIAODSIM/130X_mcRun3_2022_realistic_v5-v2/40000/7b98406b-1555-4437-b02c-4bcca3d63388.root
01-Feb-2025 19:15:40 CST  Initiating request to open file root://cmsxrootd.fnal.gov//store/mc/Run3Summer22MiniAODv4/WtoLNu-4Jets_MLNu-120_HT-800to1500_TuneCP5_13p6TeV_madgraphMLM-pythia8/MINIAODSIM/130X_mcRun3_2022_realistic_v5-v2/40000/83d07507-654c-48eb-a607-64c01fa38e5a.root
[2025-02-01 19:15:41.246796 -0600][Error  ][AsyncSock         ] [xr-4-4-9-3.recas.ba.infn.it:8080.0] Socket error while handshaking: [ERROR] Socket timeout
[2025-02-01 19:15:41.246885 -0600][Error  ][PostMaster        ] [xr-4-4-9-3.recas.ba.infn.it:8080] elapsed = 45, pConnectionWindow = 31 seconds.
01-Feb-2025 19:15:49 CST  Successfully opened file root://cmsxrootd.fnal.gov//store/mc/Run3Summer22MiniAODv4/WtoLNu-4Jets_MLNu-120_HT-800to1500_TuneCP5_13p6TeV_madgraphMLM-pythia8/MINIAODSIM/130X_mcRun3_2022_realistic_v5-v2/40000/83d07507-654c-48eb-a607-64c01fa38e5a.root
01-Feb-2025 19:16:00 CST  Closed file root://cmsxrootd.fnal.gov//store/mc/Run3Summer22MiniAODv4/WtoLNu-4Jets_MLNu-120_HT-800to1500_TuneCP5_13p6TeV_madgraphMLM-pythia8/MINIAODSIM/130X_mcRun3_2022_realistic_v5-v2/40000/83d07507-654c-48eb-a607-64c01fa38e5a.root
01-Feb-2025 19:16:00 CST  Initiating request to open file root://cmsxrootd.fnal.gov//store/mc/Run3Summer22MiniAODv4/WtoLNu-4Jets_MLNu-120_HT-800to1500_TuneCP5_13p6TeV_madgraphMLM-pythia8/MINIAODSIM/130X_mcRun3_2022_realistic_v5-v2/40000/0aa1e389-8eb6-47be-b546-9fdf4bb96d6b.root
01-Feb-2025 19:16:08 CST  Successfully opened file root://cmsxrootd.fnal.gov//store/mc/Run3Summer22MiniAODv4/WtoLNu-4Jets_MLNu-120_HT-800to1500_TuneCP5_13p6TeV_madgraphMLM-pythia8/MINIAODSIM/130X_mcRun3_2022_realistic_v5-v2/40000/0aa1e389-8eb6-47be-b546-9fdf4bb96d6b.root
01-Feb-2025 19:16:17 CST  Closed file root://cmsxrootd.fnal.gov//store/mc/Run3Summer22MiniAODv4/WtoLNu-4Jets_MLNu-120_HT-800to1500_TuneCP5_13p6TeV_madgraphMLM-pythia8/MINIAODSIM/130X_mcRun3_2022_realistic_v5-v2/40000/0aa1e389-8eb6-47be-b546-9fdf4bb96d6b.root
01-Feb-2025 19:16:17 CST  Initiating request to open file root://cmsxrootd.fnal.gov//store/mc/Run3Summer22MiniAODv4/WtoLNu-4Jets_MLNu-120_HT-800to1500_TuneCP5_13p6TeV_madgraphMLM-pythia8/MINIAODSIM/130X_mcRun3_2022_realistic_v5-v2/40000/a65565ac-2d7e-4d85-8cf1-cd1b47c40501.root
01-Feb-2025 19:16:25 CST  Successfully opened file root://cmsxrootd.fnal.gov//store/mc/Run3Summer22MiniAODv4/WtoLNu-4Jets_MLNu-120_HT-800to1500_TuneCP5_13p6TeV_madgraphMLM-pythia8/MINIAODSIM/130X_mcRun3_2022_realistic_v5-v2/40000/a65565ac-2d7e-4d85-8cf1-cd1b47c40501.root
01-Feb-2025 19:16:35 CST  Closed file root://cmsxrootd.fnal.gov//store/mc/Run3Summer22MiniAODv4/WtoLNu-4Jets_MLNu-120_HT-800to1500_TuneCP5_13p6TeV_madgraphMLM-pythia8/MINIAODSIM/130X_mcRun3_2022_realistic_v5-v2/40000/a65565ac-2d7e-4d85-8cf1-cd1b47c40501.root
01-Feb-2025 19:16:35 CST  Initiating request to open file root://cmsxrootd.fnal.gov//store/mc/Run3Summer22MiniAODv4/WtoLNu-4Jets_MLNu-120_HT-800to1500_TuneCP5_13p6TeV_madgraphMLM-pythia8/MINIAODSIM/130X_mcRun3_2022_realistic_v5-v2/40000/007c7d85-9af7-4c27-b373-54285b63fdbe.root
01-Feb-2025 19:16:43 CST  Successfully opened file root://cmsxrootd.fnal.gov//store/mc/Run3Summer22MiniAODv4/WtoLNu-4Jets_MLNu-120_HT-800to1500_TuneCP5_13p6TeV_madgraphMLM-pythia8/MINIAODSIM/130X_mcRun3_2022_realistic_v5-v2/40000/007c7d85-9af7-4c27-b373-54285b63fdbe.root
01-Feb-2025 19:16:49 CST  Closed file root://cmsxrootd.fnal.gov//store/mc/Run3Summer22MiniAODv4/WtoLNu-4Jets_MLNu-120_HT-800to1500_TuneCP5_13p6TeV_madgraphMLM-pythia8/MINIAODSIM/130X_mcRun3_2022_realistic_v5-v2/40000/007c7d85-9af7-4c27-b373-54285b63fdbe.root
01-Feb-2025 19:16:49 CST  Initiating request to open file root://cmsxrootd.fnal.gov//store/mc/Run3Summer22MiniAODv4/WtoLNu-4Jets_MLNu-120_HT-800to1500_TuneCP5_13p6TeV_madgraphMLM-pythia8/MINIAODSIM/130X_mcRun3_2022_realistic_v5-v2/40000/02b47442-65a9-42b8-af58-0101c9f8a476.root
[2025-02-01 19:17:26.281408 -0600][Error  ][Utility           ] Unable to resolve gaexrdoor.ciemat.es:1094: Temporary failure in name resolution
[2025-02-01 19:17:26.281454 -0600][Error  ][PostMaster        ] [gaexrdoor.ciemat.es:1094] Unable to resolve IP address for the host
[2025-02-01 19:18:51.393345 -0600][Error  ][XRootD            ] [cms-xrd-global.cern.ch:1094] Unable to get the response to request kXR_open (file: /store/mc/Run3Summer22MiniAODv4/WtoLNu-4Jets_MLNu-120_HT-800to1500_TuneCP5_13p6TeV_madgraphMLM-pythia8/MINIAODSIM/130X_mcRun3_2022_realistic_v5-v2/40000/83d07507-654c-48eb-a607-64c01fa38e5a.root?tried=+1213llrxrd-redir.in2p3.fr,+1213xrootd-cms-redir-int.cr.cnaf.infn.it,+1213xrootd-redic.pi.infn.it,+1213cmsxrootd2.fnal.gov,cms03.lcg.cscs.ch&triedrc=resel, mode: 0460, flags: kXR_open_read kXR_async kXR_retstat )
[2025-02-01 19:18:54.095740 -0600][Error  ][PostMaster        ] [gfe02.grid.hep.ph.ic.ac.uk:1097] Forcing error on disconnect: [ERROR] Operation interrupted.
[2025-02-01 19:19:05.617666 -0600][Error  ][PostMaster        ] [xrootd01.grid.hep.ph.ic.ac.uk:1094] Forcing error on disconnect: [ERROR] Operation interrupted.
[2025-02-01 19:19:12.396926 -0600][Error  ][XRootD            ] [cms-xrd-global.cern.ch:1094] Unable to get the response to request kXR_open (file: /store/mc/Run3Summer22MiniAODv4/WtoLNu-4Jets_MLNu-120_HT-800to1500_TuneCP5_13p6TeV_madgraphMLM-pythia8/MINIAODSIM/130X_mcRun3_2022_realistic_v5-v2/40000/0aa1e389-8eb6-47be-b546-9fdf4bb96d6b.root?tried=+1213xrootd-redic.pi.infn.it,+1213llrxrd-redir.in2p3.fr,+1213xrootd-cms-redir-int.cr.cnaf.infn.it,+1213cmsxrootd2.fnal.gov,cms03.lcg.cscs.ch&triedrc=resel, mode: 0460, flags: kXR_open_read kXR_async kXR_retstat )
[2025-02-01 19:19:18.381998 -0600][Error  ][PostMaster        ] [xrootd-cms-uk.gridpp.rl.ac.uk:1094] Forcing error on disconnect: [ERROR] Operation interrupted.
[2025-02-01 19:19:26.398851 -0600][Error  ][XRootD            ] [cms-xrd-global.cern.ch:1094] Unable to get the response to request kXR_open (file: /store/mc/Run3Summer22MiniAODv4/WtoLNu-4Jets_MLNu-120_HT-800to1500_TuneCP5_13p6TeV_madgraphMLM-pythia8/MINIAODSIM/130X_mcRun3_2022_realistic_v5-v2/40000/a65565ac-2d7e-4d85-8cf1-cd1b47c40501.root?tried=+1213llrxrd-redir.in2p3.fr,+1213xrootd-redic.pi.infn.it,+1213xrootd-cms-redir-int.cr.cnaf.infn.it,+1213cmsxrootd2.fnal.gov,cms03.lcg.cscs.ch&triedrc=resel, mode: 0460, flags: kXR_open_read kXR_async kXR_retstat )
[2025-02-01 19:19:27.300630 -0600][Error  ][PostMaster        ] [grid-cms-xrootd.physik.rwth-aachen.de:1094] Forcing error on disconnect: [ERROR] Operation interrupted.
[2025-02-01 19:19:39.403824 -0600][Error  ][PostMaster        ] [xr-1-1-13-1.recas.ba.infn.it:8080] Forcing error on disconnect: [ERROR] Operation interrupted.
[2025-02-01 19:19:47.402003 -0600][Error  ][XRootD            ] [cms-xrd-global.cern.ch:1094] Unable to get the response to request kXR_open (file: /store/mc/Run3Summer22MiniAODv4/WtoLNu-4Jets_MLNu-120_HT-800to1500_TuneCP5_13p6TeV_madgraphMLM-pythia8/MINIAODSIM/130X_mcRun3_2022_realistic_v5-v2/40000/007c7d85-9af7-4c27-b373-54285b63fdbe.root?tried=+1213xrootd-redic.pi.infn.it,+1213llrxrd-redir.in2p3.fr,+1213xrootd-cms-redir-int.cr.cnaf.infn.it,+1213cmsxrootd2.fnal.gov,cms03.lcg.cscs.ch&triedrc=resel, mode: 0460, flags: kXR_open_read kXR_async kXR_retstat )
[2025-02-01 19:19:47.428320 -0600][Error  ][XRootD            ] [xrootd-redic.pi.infn.it:1094] Unable to get the response to request kXR_open (file: /store/mc/Run3Summer22MiniAODv4/WtoLNu-4Jets_MLNu-120_HT-800to1500_TuneCP5_13p6TeV_madgraphMLM-pythia8/MINIAODSIM/130X_mcRun3_2022_realistic_v5-v2/40000/02b47442-65a9-42b8-af58-0101c9f8a476.root?tried=+1213cmsxrootd2.fnal.gov,gaexroot01.ciemat.es,gaexroot01.ciemat.es,xrootd-es-pic.pic.es,xrootd-es-cie.ciemat.es,xrootd-es-cie.ciemat.es,xrootd-es-cie.ciemat.es&triedrc=srverr,srverr, mode: 0460, flags: kXR_open_read kXR_async kXR_retstat )
[2025-02-01 19:20:07.442625 -0600][Error  ][PostMaster        ] [webdav-7-3-25.recas.ba.infn.it:8080] Forcing error on disconnect: [ERROR] Operation interrupted.
%MSG-w XrdAdaptorInternal:  file_open 01-Feb-2025 19:20:07 CST PostProcessEvent
Failed to open file at URL root://xrootd-redic.pi.infn.it:1094//store/mc/Run3Summer22MiniAODv4/WtoLNu-4Jets_MLNu-120_HT-800to1500_TuneCP5_13p6TeV_madgraphMLM-pythia8/MINIAODSIM/130X_mcRun3_2022_realistic_v5-v2/40000/02b47442-65a9-42b8-af58-0101c9f8a476.root?tried=+1213cmsxrootd2.fnal.gov&xrdcl.requuid=2eaedef9-8f26-4d7e-b5e7-a0d0781ea377.
%MSG
[2025-02-01 19:20:13.686892 -0600][Error  ][PostMaster        ] [webdav-7-3-23.recas.ba.infn.it:8080] Forcing error on disconnect: [ERROR] Operation interrupted.
[2025-02-01 19:20:20.433763 -0600][Error  ][PostMaster        ] [cmsxrootd-2.gridka.de:1094] Forcing error on disconnect: [ERROR] Operation interrupted.
[2025-02-01 19:20:21.189812 -0600][Error  ][PostMaster        ] [ccdcacli501.in2p3.fr:1095] Forcing error on disconnect: [ERROR] Operation interrupted.
[2025-02-01 19:20:29.300725 -0600][Error  ][PostMaster        ] [f01-125-152-e.gridka.de:23098] Forcing error on disconnect: [ERROR] Operation interrupted.
[2025-02-01 19:20:29.703394 -0600][Error  ][PostMaster        ] [cmsxrootd-1.gridka.de:1094] Forcing error on disconnect: [ERROR] Operation interrupted.
[2025-02-01 19:20:37.460997 -0600][Error  ][PostMaster        ] [t2-cms-xrootd01.desy.de:1094] Forcing error on disconnect: [ERROR] Operation interrupted.
[2025-02-01 19:20:57.823166 -0600][Error  ][Utility           ] Unable to resolve gaexrdoor.ciemat.es:1094: Temporary failure in name resolution
[2025-02-01 19:20:57.823208 -0600][Error  ][PostMaster        ] [gaexrdoor.ciemat.es:1094] Unable to resolve IP address for the host
[2025-02-01 19:20:57.823422 -0600][Error  ][PostMaster        ] [ccdcacli466.in2p3.fr:30246] Forcing error on disconnect: [ERROR] Operation interrupted.
[2025-02-01 19:20:57.823646 -0600][Error  ][PostMaster        ] [dcache-cms266.desy.de:33182] Forcing error on disconnect: [ERROR] Operation interrupted.
[2025-02-01 19:20:57.824062 -0600][Error  ][PostMaster        ] [t2-cms-xrootd02.desy.de:1094] Forcing error on disconnect: [ERROR] Operation interrupted.
[2025-02-01 19:20:57.824305 -0600][Error  ][PostMaster        ] [xr-4-4-9-3.recas.ba.infn.it:8080] Forcing error on disconnect: [ERROR] Operation interrupted.
[2025-02-01 19:21:15.231702 -0600][Error  ][PostMaster        ] [se15.cscs.ch:36208] Forcing error on disconnect: [ERROR] Operation interrupted.
[2025-02-01 19:21:17.220986 -0600][Error  ][PostMaster        ] [xrootd-cmst1-door.pic.es:1094] Forcing error on disconnect: [ERROR] Operation interrupted.
[2025-02-01 19:21:32.234707 -0600][Error  ][PostMaster        ] [pool-k8s-cms26.cscs.ch:36950] Forcing error on disconnect: [ERROR] Operation interrupted.
[2025-02-01 19:21:42.853897 -0600][Error  ][PostMaster        ] [pool-k8s-cms28.cscs.ch:36403] Forcing error on disconnect: [ERROR] Operation interrupted.
[2025-02-01 19:21:52.057935 -0600][Error  ][PostMaster        ] [pool-k8s-cms26.cscs.ch:36772] Forcing error on disconnect: [ERROR] Operation interrupted.
[2025-02-01 19:21:56.002978 -0600][Error  ][PostMaster        ] [cms03.lcg.cscs.ch:1094] Forcing error on disconnect: [ERROR] Operation interrupted.
[2025-02-01 19:22:42.526093 -0600][Error  ][PostMaster        ] [xrootd-es-cie.ciemat.es:1095] Forcing error on disconnect: [ERROR] Operation interrupted.
[2025-02-01 19:23:06.938999 -0600][Error  ][XRootD            ] [cms-xrd-global.cern.ch:1094] Unable to get the response to request kXR_open (file: /store/mc/Run3Summer22MiniAODv4/WtoLNu-4Jets_MLNu-120_HT-800to1500_TuneCP5_13p6TeV_madgraphMLM-pythia8/MINIAODSIM/130X_mcRun3_2022_realistic_v5-v2/40000/02b47442-65a9-42b8-af58-0101c9f8a476.root?tried=+1213llrxrd-redir.in2p3.fr,+1213xrootd-redic.pi.infn.it,+1213xrootd-cms-redir-int.cr.cnaf.infn.it,+1313xrootd-es-pic.pic.es,+1213cmsxrootd2.fnal.gov,,gaexroot01.ciemat.es,gaexroot01.ciemat.es,xrootd-es-cie.ciemat.es,xrootd-es-pic.pic.es,xrootd-cms.infn.it&triedrc=srverr,enoent, mode: 0460, flags: kXR_open_read kXR_async kXR_retstat )
%MSG-w XrdAdaptorInternal:  file_open 01-Feb-2025 19:23:06 CST PostProcessEvent
Failed to open file at URL root://cms-xrd-global.cern.ch:1094//store/mc/Run3Summer22MiniAODv4/WtoLNu-4Jets_MLNu-120_HT-800to1500_TuneCP5_13p6TeV_madgraphMLM-pythia8/MINIAODSIM/130X_mcRun3_2022_realistic_v5-v2/40000/02b47442-65a9-42b8-af58-0101c9f8a476.root?tried=+1213llrxrd-redir.in2p3.fr,+1213xrootd-redic.pi.infn.it,+1213xrootd-cms-redir-int.cr.cnaf.infn.it,+1313xrootd-es-pic.pic.es,+1213cmsxrootd2.fnal.gov,,gaexroot01.ciemat.es,gaexroot01.ciemat.es,xrootd-es-cie.ciemat.es,xrootd-es-pic.pic.es,xrootd-cms.infn.it&xrdcl.requuid=27aa56df-0905-4e0b-8460-710965f0126a.
%MSG
[2025-02-01 19:26:05.977778 -0600][Error  ][XRootD            ] [llrxrd-redir.in2p3.fr:1094] Unable to get the response to request kXR_open (file: /store/mc/Run3Summer22MiniAODv4/WtoLNu-4Jets_MLNu-120_HT-800to1500_TuneCP5_13p6TeV_madgraphMLM-pythia8/MINIAODSIM/130X_mcRun3_2022_realistic_v5-v2/40000/02b47442-65a9-42b8-af58-0101c9f8a476.root?tried=+1213xrootd-redic.pi.infn.it,+1213cmsxrootd2.fnal.gov,,gaexroot01.ciemat.es,gaexroot01.ciemat.es,xrootd-es-pic.pic.es,xrootd-es-cie.ciemat.es,xrootd-es-cie.ciemat.es,xrootd-es-cie.ciemat.es&triedrc=srverr,srverr, mode: 0460, flags: kXR_open_read kXR_async kXR_retstat )
%MSG-w XrdAdaptorInternal:  file_open 01-Feb-2025 19:26:15 CST PostProcessEvent
Failed to open file at URL root://llrxrd-redir.in2p3.fr:1094//store/mc/Run3Summer22MiniAODv4/WtoLNu-4Jets_MLNu-120_HT-800to1500_TuneCP5_13p6TeV_madgraphMLM-pythia8/MINIAODSIM/130X_mcRun3_2022_realistic_v5-v2/40000/02b47442-65a9-42b8-af58-0101c9f8a476.root?tried=+1213xrootd-redic.pi.infn.it,+1213cmsxrootd2.fnal.gov,,gaexroot01.ciemat.es,gaexroot01.ciemat.es,xrootd-es-pic.pic.es,xrootd-es-cie.ciemat.es,xrootd-es-cie.ciemat.es,xrootd-es-cie.ciemat.es&xrdcl.requuid=c59c18b8-758e-4bed-8b2a-c541d9dc5af4.
%MSG
[2025-02-01 19:26:36.496025 -0600][Error  ][Utility           ] Unable to resolve gaexrdoor.ciemat.es:1094: Temporary failure in name resolution
[2025-02-01 19:26:36.496053 -0600][Error  ][PostMaster        ] [gaexrdoor.ciemat.es:1094] Unable to resolve IP address for the host
[2025-02-01 19:28:29.841786 -0600][Error  ][PostMaster        ] [xrootd-es-cie.ciemat.es:1095] Forcing error on disconnect: [ERROR] Operation interrupted.
[2025-02-01 19:29:11.623932 -0600][Error  ][XRootD            ] [llrxrd-redir.in2p3.fr:1094] Unable to get the response to request kXR_open (file: /store/mc/Run3Summer22MiniAODv4/WtoLNu-4Jets_MLNu-120_HT-800to1500_TuneCP5_13p6TeV_madgraphMLM-pythia8/MINIAODSIM/130X_mcRun3_2022_realistic_v5-v2/40000/02b47442-65a9-42b8-af58-0101c9f8a476.root?tried=+1313xrootd-es-pic.pic.es,+1213cmsxrootd2.fnal.gov,,gaexroot01.ciemat.es,gaexroot01.ciemat.es,xrootd-es-cie.ciemat.es,xrootd-es-pic.pic.es,xrootd-cms.infn.it&triedrc=srverr,enoent, mode: 0460, flags: kXR_open_read kXR_async kXR_retstat )
%MSG-w XrdAdaptorInternal:  file_open 01-Feb-2025 19:29:11 CST PostProcessEvent
Failed to open file at URL root://llrxrd-redir.in2p3.fr:1094//store/mc/Run3Summer22MiniAODv4/WtoLNu-4Jets_MLNu-120_HT-800to1500_TuneCP5_13p6TeV_madgraphMLM-pythia8/MINIAODSIM/130X_mcRun3_2022_realistic_v5-v2/40000/02b47442-65a9-42b8-af58-0101c9f8a476.root?tried=+1213cmsxrootd2.fnal.gov,&xrdcl.requuid=2d42069e-9e0a-4708-af1c-35b6671c692c.
%MSG
%MSG-w RootInputFileSequence:  AfterFile 01-Feb-2025 19:29:11 CST  PostProcessEvent
Input file: root://cmsxrootd.fnal.gov//store/mc/Run3Summer22MiniAODv4/WtoLNu-4Jets_MLNu-120_HT-800to1500_TuneCP5_13p6TeV_madgraphMLM-pythia8/MINIAODSIM/130X_mcRun3_2022_realistic_v5-v2/40000/02b47442-65a9-42b8-af58-0101c9f8a476.root was not found or could not be opened, and will be skipped.

%MSG
01-Feb-2025 19:29:11 CST  Initiating request to open file root://cmsxrootd.fnal.gov//store/mc/Run3Summer22MiniAODv4/WtoLNu-4Jets_MLNu-120_HT-800to1500_TuneCP5_13p6TeV_madgraphMLM-pythia8/MINIAODSIM/130X_mcRun3_2022_realistic_v5-v2/40000/33c61186-12e4-4563-aaa0-6c5e314a7fd1.root
01-Feb-2025 19:29:51 CST  Successfully opened file root://cmsxrootd.fnal.gov//store/mc/Run3Summer22MiniAODv4/WtoLNu-4Jets_MLNu-120_HT-800to1500_TuneCP5_13p6TeV_madgraphMLM-pythia8/MINIAODSIM/130X_mcRun3_2022_realistic_v5-v2/40000/33c61186-12e4-4563-aaa0-6c5e314a7fd1.root
01-Feb-2025 19:29:55 CST  Closed file root://cmsxrootd.fnal.gov//store/mc/Run3Summer22MiniAODv4/WtoLNu-4Jets_MLNu-120_HT-800to1500_TuneCP5_13p6TeV_madgraphMLM-pythia8/MINIAODSIM/130X_mcRun3_2022_realistic_v5-v2/40000/33c61186-12e4-4563-aaa0-6c5e314a7fd1.root
01-Feb-2025 19:29:55 CST  Initiating request to open file root://cmsxrootd.fnal.gov//store/mc/Run3Summer22MiniAODv4/WtoLNu-4Jets_MLNu-120_HT-800to1500_TuneCP5_13p6TeV_madgraphMLM-pythia8/MINIAODSIM/130X_mcRun3_2022_realistic_v5-v2/40000/45315192-976d-46b2-a8a0-07dac5c9a2d6.root
[2025-02-01 19:30:34.063400 -0600][Error  ][AsyncSock         ] [cmsrm-xrootd02.roma1.infn.it:1094.0] Unable to connect: connection refused
[2025-02-01 19:30:34.063493 -0600][Error  ][PostMaster        ] [cmsrm-xrootd02.roma1.infn.it:1094] elapsed = 1, pConnectionWindow = 31 seconds.
[2025-02-01 19:30:34.182498 -0600][Error  ][AsyncSock         ] [cmsrm-xrootd02.roma1.infn.it:1094.0] Unable to connect: connection refused
[2025-02-01 19:30:34.182607 -0600][Error  ][PostMaster        ] [cmsrm-xrootd02.roma1.infn.it:1094] elapsed = 0, pConnectionWindow = 31 seconds.
[2025-02-01 19:31:05.647834 -0600][Error  ][AsyncSock         ] [cmsrm-xrootd02.roma1.infn.it:1094.0] Unable to connect: connection refused
[2025-02-01 19:31:05.647951 -0600][Error  ][PostMaster        ] [cmsrm-xrootd02.roma1.infn.it:1094] elapsed = 0, pConnectionWindow = 31 seconds.
[2025-02-01 19:31:05.769371 -0600][Error  ][AsyncSock         ] [cmsrm-xrootd02.roma1.infn.it:1094.0] Unable to connect: connection refused
[2025-02-01 19:31:05.769515 -0600][Error  ][PostMaster        ] [cmsrm-xrootd02.roma1.infn.it:1094] elapsed = 0, pConnectionWindow = 31 seconds.
[2025-02-01 19:31:05.769545 -0600][Error  ][PostMaster        ] [cmsrm-xrootd02.roma1.infn.it:1094] Unable to recover: [ERROR] Connection error.
[2025-02-01 19:31:05.769571 -0600][Error  ][XRootD            ] [cmsrm-xrootd02.roma1.infn.it:1094] Impossible to send message kXR_open (file: /store/mc/Run3Summer22MiniAODv4/WtoLNu-4Jets_MLNu-120_HT-800to1500_TuneCP5_13p6TeV_madgraphMLM-pythia8/MINIAODSIM/130X_mcRun3_2022_realistic_v5-v2/40000/45315192-976d-46b2-a8a0-07dac5c9a2d6.root?tried=+1213cmsxrootd2.fnal.gov, mode: 0460, flags: kXR_open_read kXR_async kXR_retstat ). Trying to recover.
[2025-02-01 19:31:07.402797 -0600][Error  ][AsyncSock         ] [cmsrm-xrootd01.roma1.infn.it:1094.0] Unable to connect: connection refused
[2025-02-01 19:31:07.402914 -0600][Error  ][PostMaster        ] [cmsrm-xrootd01.roma1.infn.it:1094] elapsed = 0, pConnectionWindow = 31 seconds.
[2025-02-01 19:31:07.524673 -0600][Error  ][AsyncSock         ] [cmsrm-xrootd01.roma1.infn.it:1094.0] Unable to connect: connection refused
[2025-02-01 19:31:07.524706 -0600][Error  ][PostMaster        ] [cmsrm-xrootd01.roma1.infn.it:1094] elapsed = 0, pConnectionWindow = 31 seconds.
[2025-02-01 19:31:31.672199 -0600][Error  ][PostMaster        ] [gaexroot01.ciemat.es:1095] Forcing error on disconnect: [ERROR] Operation interrupted.
[2025-02-01 19:31:38.656726 -0600][Error  ][AsyncSock         ] [cmsrm-xrootd01.roma1.infn.it:1094.0] Unable to connect: connection refused
[2025-02-01 19:31:38.656810 -0600][Error  ][PostMaster        ] [cmsrm-xrootd01.roma1.infn.it:1094] elapsed = 0, pConnectionWindow = 31 seconds.
[2025-02-01 19:31:38.778756 -0600][Error  ][AsyncSock         ] [cmsrm-xrootd01.roma1.infn.it:1094.0] Unable to connect: connection refused
[2025-02-01 19:31:38.778817 -0600][Error  ][PostMaster        ] [cmsrm-xrootd01.roma1.infn.it:1094] elapsed = 0, pConnectionWindow = 31 seconds.
[2025-02-01 19:31:38.778823 -0600][Error  ][PostMaster        ] [cmsrm-xrootd01.roma1.infn.it:1094] Unable to recover: [ERROR] Connection error.
[2025-02-01 19:31:38.778830 -0600][Error  ][XRootD            ] [cmsrm-xrootd01.roma1.infn.it:1094] Impossible to send message kXR_open (file: /store/mc/Run3Summer22MiniAODv4/WtoLNu-4Jets_MLNu-120_HT-800to1500_TuneCP5_13p6TeV_madgraphMLM-pythia8/MINIAODSIM/130X_mcRun3_2022_realistic_v5-v2/40000/45315192-976d-46b2-a8a0-07dac5c9a2d6.root?tried=+1213cmsxrootd2.fnal.gov,cmsrm-xrootd02.roma1.infn.it,cmsrm-xrootd02.roma1.infn.it,xrootd-redic.pi.infn.it&triedrc=srverr, mode: 0460, flags: kXR_open_read kXR_async kXR_retstat ). Trying to recover.
[2025-02-01 19:32:18.506806 -0600][Error  ][PostMaster        ] [cms-xrd-transit.cern.ch:1094] Forcing error on disconnect: [ERROR] Operation interrupted.
[2025-02-01 19:32:29.757695 -0600][Warning][XRootD            ] [llrxrd-redir.in2p3.fr:1094] Redirect limit has been reached for message kXR_open (file: /store/mc/Run3Summer22MiniAODv4/WtoLNu-4Jets_MLNu-120_HT-800to1500_TuneCP5_13p6TeV_madgraphMLM-pythia8/MINIAODSIM/130X_mcRun3_2022_realistic_v5-v2/40000/45315192-976d-46b2-a8a0-07dac5c9a2d6.root?tried=+1313xrootd-redic.pi.infn.it,+1313llrxrd-redir.in2p3.fr,+1213cmsxrootd2.fnal.gov,cmsrm-xrootd02.roma1.infn.it,cmsrm-xrootd02.roma1.infn.it,xrootd-redic.pi.infn.it,cmsrm-xrootd01.roma1.infn.it,cmsrm-xrootd01.roma1.infn.it,xrootd-cms-redir-int.cr.cnaf.infn.it,xrootd-redic.pi.infn.it,xrootd-cms.infn.it&triedrc=srverr,srverr,enoent, mode: 0460, flags: kXR_open_read kXR_async kXR_retstat ), the last known error is: [ERROR] Error response: no such file or directory
[2025-02-01 19:32:29.757942 -0600][Warning][XRootD            ] Redirect trace-back:
[2025-02-01 19:32:29.757942 -0600][Warning][XRootD            ] 	0. Waited at server request. Resending: root://cmsxrootd.fnal.gov:1094//store/mc/Run3Summer22MiniAODv4/WtoLNu-4Jets_MLNu-120_HT-800to1500_TuneCP5_13p6TeV_madgraphMLM-pythia8/MINIAODSIM/130X_mcRun3_2022_realistic_v5-v2/40000/45315192-976d-46b2-a8a0-07dac5c9a2d6.root
[2025-02-01 19:32:29.757942 -0600][Warning][XRootD            ] 	1. Waited at server request. Resending: root://cmsxrootd.fnal.gov:1094//store/mc/Run3Summer22MiniAODv4/WtoLNu-4Jets_MLNu-120_HT-800to1500_TuneCP5_13p6TeV_madgraphMLM-pythia8/MINIAODSIM/130X_mcRun3_2022_realistic_v5-v2/40000/45315192-976d-46b2-a8a0-07dac5c9a2d6.root
[2025-02-01 19:32:29.757942 -0600][Warning][XRootD            ] 	2. Waited at server request. Resending: root://cmsxrootd.fnal.gov:1094//store/mc/Run3Summer22MiniAODv4/WtoLNu-4Jets_MLNu-120_HT-800to1500_TuneCP5_13p6TeV_madgraphMLM-pythia8/MINIAODSIM/130X_mcRun3_2022_realistic_v5-v2/40000/45315192-976d-46b2-a8a0-07dac5c9a2d6.root
[2025-02-01 19:32:29.757942 -0600][Warning][XRootD            ] 	3. Waited at server request. Resending: root://cmsxrootd.fnal.gov:1094//store/mc/Run3Summer22MiniAODv4/WtoLNu-4Jets_MLNu-120_HT-800to1500_TuneCP5_13p6TeV_madgraphMLM-pythia8/MINIAODSIM/130X_mcRun3_2022_realistic_v5-v2/40000/45315192-976d-46b2-a8a0-07dac5c9a2d6.root
[2025-02-01 19:32:29.757942 -0600][Warning][XRootD            ] 	4. Waited at server request. Resending: root://cmsxrootd.fnal.gov:1094//store/mc/Run3Summer22MiniAODv4/WtoLNu-4Jets_MLNu-120_HT-800to1500_TuneCP5_13p6TeV_madgraphMLM-pythia8/MINIAODSIM/130X_mcRun3_2022_realistic_v5-v2/40000/45315192-976d-46b2-a8a0-07dac5c9a2d6.root
[2025-02-01 19:32:29.757942 -0600][Warning][XRootD            ] 	5. Waited at server request. Resending: root://cmsxrootd.fnal.gov:1094//store/mc/Run3Summer22MiniAODv4/WtoLNu-4Jets_MLNu-120_HT-800to1500_TuneCP5_13p6TeV_madgraphMLM-pythia8/MINIAODSIM/130X_mcRun3_2022_realistic_v5-v2/40000/45315192-976d-46b2-a8a0-07dac5c9a2d6.root
[2025-02-01 19:32:29.757942 -0600][Warning][XRootD            ] 	6. Waited at server request. Resending: root://cmsxrootd.fnal.gov:1094//store/mc/Run3Summer22MiniAODv4/WtoLNu-4Jets_MLNu-120_HT-800to1500_TuneCP5_13p6TeV_madgraphMLM-pythia8/MINIAODSIM/130X_mcRun3_2022_realistic_v5-v2/40000/45315192-976d-46b2-a8a0-07dac5c9a2d6.root
[2025-02-01 19:32:29.757942 -0600][Warning][XRootD            ] 	7. Waited at server request. Resending: root://cmsxrootd.fnal.gov:1094//store/mc/Run3Summer22MiniAODv4/WtoLNu-4Jets_MLNu-120_HT-800to1500_TuneCP5_13p6TeV_madgraphMLM-pythia8/MINIAODSIM/130X_mcRun3_2022_realistic_v5-v2/40000/45315192-976d-46b2-a8a0-07dac5c9a2d6.root
[2025-02-01 19:32:29.757942 -0600][Warning][XRootD            ] 	8. Waited at server request. Resending: root://cmsxrootd.fnal.gov:1094//store/mc/Run3Summer22MiniAODv4/WtoLNu-4Jets_MLNu-120_HT-800to1500_TuneCP5_13p6TeV_madgraphMLM-pythia8/MINIAODSIM/130X_mcRun3_2022_realistic_v5-v2/40000/45315192-976d-46b2-a8a0-07dac5c9a2d6.root
[2025-02-01 19:32:29.757942 -0600][Warning][XRootD            ] 	9. Waited at server request. Resending: root://cmsxrootd.fnal.gov:1094//store/mc/Run3Summer22MiniAODv4/WtoLNu-4Jets_MLNu-120_HT-800to1500_TuneCP5_13p6TeV_madgraphMLM-pythia8/MINIAODSIM/130X_mcRun3_2022_realistic_v5-v2/40000/45315192-976d-46b2-a8a0-07dac5c9a2d6.root
[2025-02-01 19:32:29.757942 -0600][Warning][XRootD            ] 	10. Waited at server request. Resending: root://cmsxrootd.fnal.gov:1094//store/mc/Run3Summer22MiniAODv4/WtoLNu-4Jets_MLNu-120_HT-800to1500_TuneCP5_13p6TeV_madgraphMLM-pythia8/MINIAODSIM/130X_mcRun3_2022_realistic_v5-v2/40000/45315192-976d-46b2-a8a0-07dac5c9a2d6.root
[2025-02-01 19:32:29.757942 -0600][Warning][XRootD            ] 	11. Waited at server request. Resending: root://cmsxrootd.fnal.gov:1094//store/mc/Run3Summer22MiniAODv4/WtoLNu-4Jets_MLNu-120_HT-800to1500_TuneCP5_13p6TeV_madgraphMLM-pythia8/MINIAODSIM/130X_mcRun3_2022_realistic_v5-v2/40000/45315192-976d-46b2-a8a0-07dac5c9a2d6.root
[2025-02-01 19:32:29.757942 -0600][Warning][XRootD            ] 	12. Waited at server request. Resending: root://cmsxrootd.fnal.gov:1094//store/mc/Run3Summer22MiniAODv4/WtoLNu-4Jets_MLNu-120_HT-800to1500_TuneCP5_13p6TeV_madgraphMLM-pythia8/MINIAODSIM/130X_mcRun3_2022_realistic_v5-v2/40000/45315192-976d-46b2-a8a0-07dac5c9a2d6.root
[2025-02-01 19:32:29.757942 -0600][Warning][XRootD            ] 	13. Waited at server request. Resending: root://cmsxrootd.fnal.gov:1094//store/mc/Run3Summer22MiniAODv4/WtoLNu-4Jets_MLNu-120_HT-800to1500_TuneCP5_13p6TeV_madgraphMLM-pythia8/MINIAODSIM/130X_mcRun3_2022_realistic_v5-v2/40000/45315192-976d-46b2-a8a0-07dac5c9a2d6.root
[2025-02-01 19:32:29.757942 -0600][Warning][XRootD            ] 	14. Waited at server request. Resending: root://cmsxrootd.fnal.gov:1094//store/mc/Run3Summer22MiniAODv4/WtoLNu-4Jets_MLNu-120_HT-800to1500_TuneCP5_13p6TeV_madgraphMLM-pythia8/MINIAODSIM/130X_mcRun3_2022_realistic_v5-v2/40000/45315192-976d-46b2-a8a0-07dac5c9a2d6.root
[2025-02-01 19:32:29.757942 -0600][Warning][XRootD            ] 	15. Waited at server request. Resending: root://cmsxrootd.fnal.gov:1094//store/mc/Run3Summer22MiniAODv4/WtoLNu-4Jets_MLNu-120_HT-800to1500_TuneCP5_13p6TeV_madgraphMLM-pythia8/MINIAODSIM/130X_mcRun3_2022_realistic_v5-v2/40000/45315192-976d-46b2-a8a0-07dac5c9a2d6.root
[2025-02-01 19:32:29.757942 -0600][Warning][XRootD            ] 	16. Waited at server request. Resending: root://cmsxrootd.fnal.gov:1094//store/mc/Run3Summer22MiniAODv4/WtoLNu-4Jets_MLNu-120_HT-800to1500_TuneCP5_13p6TeV_madgraphMLM-pythia8/MINIAODSIM/130X_mcRun3_2022_realistic_v5-v2/40000/45315192-976d-46b2-a8a0-07dac5c9a2d6.root
[2025-02-01 19:32:29.757942 -0600][Warning][XRootD            ] 	17. Waited at server request. Resending: root://cmsxrootd.fnal.gov:1094//store/mc/Run3Summer22MiniAODv4/WtoLNu-4Jets_MLNu-120_HT-800to1500_TuneCP5_13p6TeV_madgraphMLM-pythia8/MINIAODSIM/130X_mcRun3_2022_realistic_v5-v2/40000/45315192-976d-46b2-a8a0-07dac5c9a2d6.root
[2025-02-01 19:32:29.757942 -0600][Warning][XRootD            ] 	18. Waited at server request. Resending: root://cmsxrootd.fnal.gov:1094//store/mc/Run3Summer22MiniAODv4/WtoLNu-4Jets_MLNu-120_HT-800to1500_TuneCP5_13p6TeV_madgraphMLM-pythia8/MINIAODSIM/130X_mcRun3_2022_realistic_v5-v2/40000/45315192-976d-46b2-a8a0-07dac5c9a2d6.root
[2025-02-01 19:32:29.757942 -0600][Warning][XRootD            ] 	19. Waited at server request. Resending: root://cmsxrootd.fnal.gov:1094//store/mc/Run3Summer22MiniAODv4/WtoLNu-4Jets_MLNu-120_HT-800to1500_TuneCP5_13p6TeV_madgraphMLM-pythia8/MINIAODSIM/130X_mcRun3_2022_realistic_v5-v2/40000/45315192-976d-46b2-a8a0-07dac5c9a2d6.root
[2025-02-01 19:32:29.757942 -0600][Warning][XRootD            ] 	20. Waited at server request. Resending: root://cmsxrootd.fnal.gov:1094//store/mc/Run3Summer22MiniAODv4/WtoLNu-4Jets_MLNu-120_HT-800to1500_TuneCP5_13p6TeV_madgraphMLM-pythia8/MINIAODSIM/130X_mcRun3_2022_realistic_v5-v2/40000/45315192-976d-46b2-a8a0-07dac5c9a2d6.root
[2025-02-01 19:32:29.757942 -0600][Warning][XRootD            ] 	21. Waited at server request. Resending: root://cmsxrootd.fnal.gov:1094//store/mc/Run3Summer22MiniAODv4/WtoLNu-4Jets_MLNu-120_HT-800to1500_TuneCP5_13p6TeV_madgraphMLM-pythia8/MINIAODSIM/130X_mcRun3_2022_realistic_v5-v2/40000/45315192-976d-46b2-a8a0-07dac5c9a2d6.root
[2025-02-01 19:32:29.757942 -0600][Warning][XRootD            ] 	22. Redirected from: root://cmsxrootd.fnal.gov:1094//store/mc/Run3Summer22MiniAODv4/WtoLNu-4Jets_MLNu-120_HT-800to1500_TuneCP5_13p6TeV_madgraphMLM-pythia8/MINIAODSIM/130X_mcRun3_2022_realistic_v5-v2/40000/45315192-976d-46b2-a8a0-07dac5c9a2d6.root to: root://cms-xrd-global.cern.ch:1094/
[2025-02-01 19:32:29.757942 -0600][Warning][XRootD            ] 	23. Waited at server request. Resending: root://cms-xrd-global.cern.ch:1094/
[2025-02-01 19:32:29.757942 -0600][Warning][XRootD            ] 	24. Redirected from: root://cms-xrd-global.cern.ch:1094/ to: root://xrootd-redic.pi.infn.it:1094/
[2025-02-01 19:32:29.757942 -0600][Warning][XRootD            ] 	25. Redirected from: root://xrootd-redic.pi.infn.it:1094/ to: root://xrootd-redic.pi.infn.it:1194/
[2025-02-01 19:32:29.757942 -0600][Warning][XRootD            ] 	26. Redirected from: root://xrootd-redic.pi.infn.it:1194/ to: root://cmsrm-xrootd02.roma1.infn.it:7070/
[2025-02-01 19:32:29.757942 -0600][Warning][XRootD            ] 	27. Redirected from: root://cmsrm-xrootd02.roma1.infn.it:7070/ to: root://cmsrm-xrootd02.roma1.infn.it:1094/
[2025-02-01 19:32:29.757942 -0600][Warning][XRootD            ] 	28. Retrying: root://cms-xrd-global.cern.ch:1094/
[2025-02-01 19:32:29.757942 -0600][Warning][XRootD            ] 	29. Redirected from: root://cms-xrd-global.cern.ch:1094/ to: root://xrootd-cms-redir-int.cr.cnaf.infn.it:1094/
[2025-02-01 19:32:29.757942 -0600][Warning][XRootD            ] 	30. Redirected from: root://xrootd-cms-redir-int.cr.cnaf.infn.it:1094/ to: root://xrootd-cms-redir-int.cr.cnaf.infn.it:1194/
[2025-02-01 19:32:29.757942 -0600][Warning][XRootD            ] 	31. Redirected from: root://xrootd-cms-redir-int.cr.cnaf.infn.it:1194/ to: root://cmsrm-xrootd01.roma1.infn.it:7070/
[2025-02-01 19:32:29.757942 -0600][Warning][XRootD            ] 	32. Redirected from: root://cmsrm-xrootd01.roma1.infn.it:7070/ to: root://cmsrm-xrootd01.roma1.infn.it:1094/
[2025-02-01 19:32:29.757942 -0600][Warning][XRootD            ] 	33. Retrying: root://cms-xrd-global.cern.ch:1094/
[2025-02-01 19:32:29.757942 -0600][Warning][XRootD            ] 	34. Redirected from: root://cms-xrd-global.cern.ch:1094/ to: root://llrxrd-redir.in2p3.fr:1094/
[2025-02-01 19:32:29.757942 -0600][Warning][XRootD            ] 	35. Redirected from: root://llrxrd-redir.in2p3.fr:1094/ to: root://llrxrd-redir.in2p3.fr:1194/
[2025-02-01 19:32:29.757942 -0600][Warning][XRootD            ] 	36. Redirected from: root://llrxrd-redir.in2p3.fr:1194/ to: root://xrootd-cms.infn.it:1094/
[2025-02-01 19:32:29.757942 -0600][Warning][XRootD            ] 	37. Redirected from: root://xrootd-cms.infn.it:1094/ to: root://xrootd-redic.pi.infn.it:1194/
[2025-02-01 19:32:29.757942 -0600][Warning][XRootD            ] 	38. Redirected from: root://xrootd-redic.pi.infn.it:1194/ to: root://xrootd-cms.infn.it:1094/
[2025-02-01 19:32:29.757942 -0600][Warning][XRootD            ] 	39. Redirected from: root://xrootd-cms.infn.it:1094/ to: root://xrootd-redic.pi.infn.it:1194/
[2025-02-01 19:32:29.757942 -0600][Warning][XRootD            ] 	40. Waited at server request. Resending: root://xrootd-redic.pi.infn.it:1194/
[2025-02-01 19:32:29.757942 -0600][Warning][XRootD            ] 	41. Retrying: root://cms-xrd-global.cern.ch:1094/
[2025-02-01 19:32:29.757942 -0600][Warning][XRootD            ] 	42. Waited at server request. Resending: root://cms-xrd-global.cern.ch:1094/
[2025-02-01 19:32:29.757942 -0600][Warning][XRootD            ] 	43. Waited at server request. Resending: root://cms-xrd-global.cern.ch:1094/
[2025-02-01 19:32:29.757942 -0600][Warning][XRootD            ] 	44. Waited at server request. Resending: root://cms-xrd-global.cern.ch:1094/
[2025-02-01 19:32:29.757942 -0600][Warning][XRootD            ] 	45. Waited at server request. Resending: root://cms-xrd-global.cern.ch:1094/
[2025-02-01 19:32:29.757942 -0600][Warning][XRootD            ] 	46. Waited at server request. Resending: root://cms-xrd-global.cern.ch:1094/
[2025-02-01 19:32:29.757942 -0600][Warning][XRootD            ] 	47. Waited at server request. Resending: root://cms-xrd-global.cern.ch:1094/
[2025-02-01 19:32:29.757942 -0600][Warning][XRootD            ] 	48. Waited at server request. Resending: root://cms-xrd-global.cern.ch:1094/
[2025-02-01 19:32:29.757942 -0600][Warning][XRootD            ] 	49. Waited at server request. Resending: root://cms-xrd-global.cern.ch:1094/
[2025-02-01 19:32:29.757942 -0600][Warning][XRootD            ] 	50. Waited at server request. Resending: root://cms-xrd-global.cern.ch:1094/
[2025-02-01 19:32:29.757942 -0600][Warning][XRootD            ] 	51. Redirected from: root://cms-xrd-global.cern.ch:1094/ to: root://llrxrd-redir.in2p3.fr:1094/
%MSG-w XrdAdaptorInternal:  file_open 01-Feb-2025 19:32:29 CST PostProcessEvent
Failed to open file at URL root://llrxrd-redir.in2p3.fr:1094//store/mc/Run3Summer22MiniAODv4/WtoLNu-4Jets_MLNu-120_HT-800to1500_TuneCP5_13p6TeV_madgraphMLM-pythia8/MINIAODSIM/130X_mcRun3_2022_realistic_v5-v2/40000/45315192-976d-46b2-a8a0-07dac5c9a2d6.root?tried=+1213cmsxrootd2.fnal.gov&xrdcl.requuid=e45628c4-8ce7-465c-a118-c54e2c05f06b.
%MSG
[2025-02-01 19:32:36.880316 -0600][Warning][XRootD            ] [llrxrd-redir.in2p3.fr:1094] Redirect limit has been reached for message kXR_open (file: /store/mc/Run3Summer22MiniAODv4/WtoLNu-4Jets_MLNu-120_HT-800to1500_TuneCP5_13p6TeV_madgraphMLM-pythia8/MINIAODSIM/130X_mcRun3_2022_realistic_v5-v2/40000/45315192-976d-46b2-a8a0-07dac5c9a2d6.root?tried=+1313xrootd-redic.pi.infn.it,+1313llrxrd-redir.in2p3.fr,+1213cmsxrootd2.fnal.gov,,cmsrm-xrootd01.roma1.infn.it,cmsrm-xrootd01.roma1.infn.it,xrootd-redic.pi.infn.it,cmsrm-xrootd02.roma1.infn.it,cmsrm-xrootd02.roma1.infn.it,xrootd-cms-redir-int.cr.cnaf.infn.it,xrootd-redic.pi.infn.it,xrootd-cms.infn.it&triedrc=srverr,srverr,enoent, mode: 0660, flags: kXR_open_read kXR_async kXR_retstat ), the last known error is: [ERROR] Error response: no such file or directory
[2025-02-01 19:32:36.880445 -0600][Warning][XRootD            ] Redirect trace-back:
[2025-02-01 19:32:36.880445 -0600][Warning][XRootD            ] 	0. Redirected from: root://cmsxrootd.fnal.gov:1094//store/mc/Run3Summer22MiniAODv4/WtoLNu-4Jets_MLNu-120_HT-800to1500_TuneCP5_13p6TeV_madgraphMLM-pythia8/MINIAODSIM/130X_mcRun3_2022_realistic_v5-v2/40000/45315192-976d-46b2-a8a0-07dac5c9a2d6.root to: root://cms-xrd-global.cern.ch:1094/
[2025-02-01 19:32:36.880445 -0600][Warning][XRootD            ] 	1. Redirected from: root://cms-xrd-global.cern.ch:1094/ to: root://xrootd-redic.pi.infn.it:1094/
[2025-02-01 19:32:36.880445 -0600][Warning][XRootD            ] 	2. Redirected from: root://xrootd-redic.pi.infn.it:1094/ to: root://xrootd-redic.pi.infn.it:1194/
[2025-02-01 19:32:36.880445 -0600][Warning][XRootD            ] 	3. Redirected from: root://xrootd-redic.pi.infn.it:1194/ to: root://cmsrm-xrootd01.roma1.infn.it:7070/
[2025-02-01 19:32:36.880445 -0600][Warning][XRootD            ] 	4. Redirected from: root://cmsrm-xrootd01.roma1.infn.it:7070/ to: root://cmsrm-xrootd01.roma1.infn.it:1094/
[2025-02-01 19:32:36.880445 -0600][Warning][XRootD            ] 	5. Retrying: root://cms-xrd-global.cern.ch:1094/
[2025-02-01 19:32:36.880445 -0600][Warning][XRootD            ] 	6. Redirected from: root://cms-xrd-global.cern.ch:1094/ to: root://xrootd-cms-redir-int.cr.cnaf.infn.it:1094/
[2025-02-01 19:32:36.880445 -0600][Warning][XRootD            ] 	7. Redirected from: root://xrootd-cms-redir-int.cr.cnaf.infn.it:1094/ to: root://xrootd-cms-redir-int.cr.cnaf.infn.it:1194/
[2025-02-01 19:32:36.880445 -0600][Warning][XRootD            ] 	8. Redirected from: root://xrootd-cms-redir-int.cr.cnaf.infn.it:1194/ to: root://cmsrm-xrootd02.roma1.infn.it:7070/
[2025-02-01 19:32:36.880445 -0600][Warning][XRootD            ] 	9. Redirected from: root://cmsrm-xrootd02.roma1.infn.it:7070/ to: root://cmsrm-xrootd02.roma1.infn.it:1094/
[2025-02-01 19:32:36.880445 -0600][Warning][XRootD            ] 	10. Retrying: root://cms-xrd-global.cern.ch:1094/
[2025-02-01 19:32:36.880445 -0600][Warning][XRootD            ] 	11. Redirected from: root://cms-xrd-global.cern.ch:1094/ to: root://llrxrd-redir.in2p3.fr:1094/
[2025-02-01 19:32:36.880445 -0600][Warning][XRootD            ] 	12. Redirected from: root://llrxrd-redir.in2p3.fr:1094/ to: root://llrxrd-redir.in2p3.fr:1194/
[2025-02-01 19:32:36.880445 -0600][Warning][XRootD            ] 	13. Redirected from: root://llrxrd-redir.in2p3.fr:1194/ to: root://xrootd-cms.infn.it:1094/
[2025-02-01 19:32:36.880445 -0600][Warning][XRootD            ] 	14. Redirected from: root://xrootd-cms.infn.it:1094/ to: root://xrootd-redic.pi.infn.it:1194/
[2025-02-01 19:32:36.880445 -0600][Warning][XRootD            ] 	15. Redirected from: root://xrootd-redic.pi.infn.it:1194/ to: root://xrootd-cms.infn.it:1094/
[2025-02-01 19:32:36.880445 -0600][Warning][XRootD            ] 	16. Redirected from: root://xrootd-cms.infn.it:1094/ to: root://xrootd-redic.pi.infn.it:1194/
[2025-02-01 19:32:36.880445 -0600][Warning][XRootD            ] 	17. Waited at server request. Resending: root://xrootd-redic.pi.infn.it:1194/
[2025-02-01 19:32:36.880445 -0600][Warning][XRootD            ] 	18. Retrying: root://cms-xrd-global.cern.ch:1094/
[2025-02-01 19:32:36.880445 -0600][Warning][XRootD            ] 	19. Redirected from: root://cms-xrd-global.cern.ch:1094/ to: root://llrxrd-redir.in2p3.fr:1094/
%MSG-w XrdAdaptorInternal:  file_open 01-Feb-2025 19:32:36 CST PostProcessEvent
Failed to open file at URL root://llrxrd-redir.in2p3.fr:1094//store/mc/Run3Summer22MiniAODv4/WtoLNu-4Jets_MLNu-120_HT-800to1500_TuneCP5_13p6TeV_madgraphMLM-pythia8/MINIAODSIM/130X_mcRun3_2022_realistic_v5-v2/40000/45315192-976d-46b2-a8a0-07dac5c9a2d6.root?tried=+1213cmsxrootd2.fnal.gov,&xrdcl.requuid=d801bc12-6f7c-4478-8227-8cfaf899a5b2.
%MSG
%MSG-w RootInputFileSequence:  AfterFile 01-Feb-2025 19:32:36 CST  PostProcessEvent
Input file: root://cmsxrootd.fnal.gov//store/mc/Run3Summer22MiniAODv4/WtoLNu-4Jets_MLNu-120_HT-800to1500_TuneCP5_13p6TeV_madgraphMLM-pythia8/MINIAODSIM/130X_mcRun3_2022_realistic_v5-v2/40000/45315192-976d-46b2-a8a0-07dac5c9a2d6.root was not found or could not be opened, and will be skipped.

%MSG
01-Feb-2025 19:32:36 CST  Initiating request to open file root://cmsxrootd.fnal.gov//store/mc/Run3Summer22MiniAODv4/WtoLNu-4Jets_MLNu-120_HT-800to1500_TuneCP5_13p6TeV_madgraphMLM-pythia8/MINIAODSIM/130X_mcRun3_2022_realistic_v5-v2/40000/1c2667d5-f169-4ebf-a1a9-171fe1849a87.root
01-Feb-2025 19:33:19 CST  Successfully opened file root://cmsxrootd.fnal.gov//store/mc/Run3Summer22MiniAODv4/WtoLNu-4Jets_MLNu-120_HT-800to1500_TuneCP5_13p6TeV_madgraphMLM-pythia8/MINIAODSIM/130X_mcRun3_2022_realistic_v5-v2/40000/1c2667d5-f169-4ebf-a1a9-171fe1849a87.root
01-Feb-2025 19:33:24 CST  Closed file root://cmsxrootd.fnal.gov//store/mc/Run3Summer22MiniAODv4/WtoLNu-4Jets_MLNu-120_HT-800to1500_TuneCP5_13p6TeV_madgraphMLM-pythia8/MINIAODSIM/130X_mcRun3_2022_realistic_v5-v2/40000/1c2667d5-f169-4ebf-a1a9-171fe1849a87.root
01-Feb-2025 19:33:24 CST  Initiating request to open file root://cmsxrootd.fnal.gov//store/mc/Run3Summer22MiniAODv4/WtoLNu-4Jets_MLNu-120_HT-800to1500_TuneCP5_13p6TeV_madgraphMLM-pythia8/MINIAODSIM/130X_mcRun3_2022_realistic_v5-v2/40000/cb770f9e-60ce-4d9a-86d3-8aa7fdc6f749.root
01-Feb-2025 19:34:04 CST  Successfully opened file root://cmsxrootd.fnal.gov//store/mc/Run3Summer22MiniAODv4/WtoLNu-4Jets_MLNu-120_HT-800to1500_TuneCP5_13p6TeV_madgraphMLM-pythia8/MINIAODSIM/130X_mcRun3_2022_realistic_v5-v2/40000/cb770f9e-60ce-4d9a-86d3-8aa7fdc6f749.root
      0.001527      0.000039      0.750906             2
      0.000872      0.000021      0.750906             3
      0.029688      0.000473      0.750906             4
      0.014943      0.000304      0.750906             5
      0.130915      0.000937      0.750906             6
      0.066470      0.000656      0.750906             7
      0.338382      0.001601      0.750906             8
      0.168110      0.000983      0.750906             9
 
01-Feb-2025 19:34:10 CST  Closed file root://cmsxrootd.fnal.gov//store/mc/Run3Summer22MiniAODv4/WtoLNu-4Jets_MLNu-120_HT-800to1500_TuneCP5_13p6TeV_madgraphMLM-pythia8/MINIAODSIM/130X_mcRun3_2022_realistic_v5-v2/40000/cb770f9e-60ce-4d9a-86d3-8aa7fdc6f749.root

------------------------------------
GenXsecAnalyzer:
------------------------------------
-------------------------------------------------------------------------------------------------------------------------------------------------------------------------- 
Overall cross-section summary 
--------------------------------------------------------------------------------------------------------------------------------------------------------------------------
Process		xsec_before [pb]		passed	nposw	nnegw	tried	nposw	nnegw 	xsec_match [pb]			accepted [%]	 event_eff [%]
0		1.719e-03 +/- 1.039e-06		369	369	0	4906	4906	0	1.293e-04 +/- 6.474e-06		7.5 +/- 0.4	7.5 +/- 0.4
1		6.907e-04 +/- 5.551e-07		151	151	0	1949	1949	0	5.347e-05 +/- 4.180e-06		7.7 +/- 0.6	7.7 +/- 0.6
2		2.963e-02 +/- 1.186e-05		5255	5255	0	82915	82915	0	1.878e-03 +/- 2.508e-05		6.3 +/- 0.1	6.3 +/- 0.1
3		1.456e-02 +/- 7.631e-06		2885	2885	0	40563	40563	0	1.035e-03 +/- 1.858e-05		7.1 +/- 0.1	7.1 +/- 0.1
4		1.321e-01 +/- 2.521e-05		13899	13899	0	381754	381754	0	4.808e-03 +/- 4.005e-05		3.6 +/- 0.0	3.6 +/- 0.0
5		6.538e-02 +/- 1.644e-05		7554	7554	0	191674	191674	0	2.577e-03 +/- 2.906e-05		3.9 +/- 0.0	3.9 +/- 0.0
6		3.398e-01 +/- 4.119e-05		101741	101741	0	1008244	1008244	0	3.429e-02 +/- 1.020e-04		10.1 +/- 0.0	10.1 +/- 0.0
7		1.676e-01 +/- 2.631e-05		51816	51816	0	493512	493512	0	1.760e-02 +/- 7.320e-05		10.5 +/- 0.0	10.5 +/- 0.0
-------------------------------------------------------------------------------------------------------------------------------------------------------------------------- 
Total		7.515e-01 +/- 5.912e-05		183670	183670	0	2205517	2205517	0	6.258e-02 +/- 1.399e-04		8.3 +/- 0.0	8.3 +/- 0.0
--------------------------------------------------------------------------------------------------------------------------------------------------------------------------
Before matching: total cross section = 7.515e-01 +- 5.912e-05 pb
After matching: total cross section = 6.258e-02 +- 1.399e-04 pb
Matching efficiency = 0.1 +/- 0.0   [TO BE USED IN MCM]
Filter efficiency (taking into account weights)= (138059) / (138059) = 1.000e+00 +- 0.000e+00
Filter efficiency (event-level)= (183670) / (183670) = 1.000e+00 +- 0.000e+00    [TO BE USED IN MCM]

After filter: final cross section = 6.258e-02 +- 1.399e-04 pb
After filter: final fraction of events with negative weights = 0.000e+00 +- 0.000e+00
After filter: final equivalent lumi for 1M events (1/fb) = 1.598e+04 +- 3.913e+01
