01-Feb-2025 17:49:53 CST  Initiating request to open file root://cmsxrootd.fnal.gov//store/mc/Run3Summer22MiniAODv4/WW_TuneCP5_13p6TeV_pythia8/MINIAODSIM/130X_mcRun3_2022_realistic_v5-v2/2520000/1a519df5-acdd-4175-a0c3-d6ce77270b8c.root
01-Feb-2025 17:49:58 CST  Successfully opened file root://cmsxrootd.fnal.gov//store/mc/Run3Summer22MiniAODv4/WW_TuneCP5_13p6TeV_pythia8/MINIAODSIM/130X_mcRun3_2022_realistic_v5-v2/2520000/1a519df5-acdd-4175-a0c3-d6ce77270b8c.root
Begin processing the 1st record. Run 1, Event 1330457, LumiSection 1854 on stream 0 at 01-Feb-2025 17:50:01.510 CST
01-Feb-2025 17:50:02 CST  Closed file root://cmsxrootd.fnal.gov//store/mc/Run3Summer22MiniAODv4/WW_TuneCP5_13p6TeV_pythia8/MINIAODSIM/130X_mcRun3_2022_realistic_v5-v2/2520000/1a519df5-acdd-4175-a0c3-d6ce77270b8c.root
01-Feb-2025 17:50:02 CST  Initiating request to open file root://cmsxrootd.fnal.gov//store/mc/Run3Summer22MiniAODv4/WW_TuneCP5_13p6TeV_pythia8/MINIAODSIM/130X_mcRun3_2022_realistic_v5-v2/2520000/63b1ab8c-66be-4870-a263-75ff1b084d65.root
01-Feb-2025 17:50:05 CST  Successfully opened file root://cmsxrootd.fnal.gov//store/mc/Run3Summer22MiniAODv4/WW_TuneCP5_13p6TeV_pythia8/MINIAODSIM/130X_mcRun3_2022_realistic_v5-v2/2520000/63b1ab8c-66be-4870-a263-75ff1b084d65.root
Begin processing the 100001st record. Run 1, Event 5272473, LumiSection 7344 on stream 0 at 01-Feb-2025 17:50:08.070 CST
01-Feb-2025 17:50:08 CST  Closed file root://cmsxrootd.fnal.gov//store/mc/Run3Summer22MiniAODv4/WW_TuneCP5_13p6TeV_pythia8/MINIAODSIM/130X_mcRun3_2022_realistic_v5-v2/2520000/63b1ab8c-66be-4870-a263-75ff1b084d65.root
01-Feb-2025 17:50:08 CST  Initiating request to open file root://cmsxrootd.fnal.gov//store/mc/Run3Summer22MiniAODv4/WW_TuneCP5_13p6TeV_pythia8/MINIAODSIM/130X_mcRun3_2022_realistic_v5-v2/2520000/8ebb27e4-17fc-4adb-9cd8-e1064b48dc93.root
01-Feb-2025 17:50:10 CST  Successfully opened file root://cmsxrootd.fnal.gov//store/mc/Run3Summer22MiniAODv4/WW_TuneCP5_13p6TeV_pythia8/MINIAODSIM/130X_mcRun3_2022_realistic_v5-v2/2520000/8ebb27e4-17fc-4adb-9cd8-e1064b48dc93.root
01-Feb-2025 17:50:15 CST  Closed file root://cmsxrootd.fnal.gov//store/mc/Run3Summer22MiniAODv4/WW_TuneCP5_13p6TeV_pythia8/MINIAODSIM/130X_mcRun3_2022_realistic_v5-v2/2520000/8ebb27e4-17fc-4adb-9cd8-e1064b48dc93.root
01-Feb-2025 17:50:15 CST  Initiating request to open file root://cmsxrootd.fnal.gov//store/mc/Run3Summer22MiniAODv4/WW_TuneCP5_13p6TeV_pythia8/MINIAODSIM/130X_mcRun3_2022_realistic_v5-v2/2520000/63421b28-12de-4cd7-bd0e-51179941ab01.root
01-Feb-2025 17:50:17 CST  Successfully opened file root://cmsxrootd.fnal.gov//store/mc/Run3Summer22MiniAODv4/WW_TuneCP5_13p6TeV_pythia8/MINIAODSIM/130X_mcRun3_2022_realistic_v5-v2/2520000/63421b28-12de-4cd7-bd0e-51179941ab01.root
Begin processing the 200001st record. Run 1, Event 1587178, LumiSection 2211 on stream 0 at 01-Feb-2025 17:50:20.809 CST
01-Feb-2025 17:50:21 CST  Closed file root://cmsxrootd.fnal.gov//store/mc/Run3Summer22MiniAODv4/WW_TuneCP5_13p6TeV_pythia8/MINIAODSIM/130X_mcRun3_2022_realistic_v5-v2/2520000/63421b28-12de-4cd7-bd0e-51179941ab01.root
01-Feb-2025 17:50:21 CST  Initiating request to open file root://cmsxrootd.fnal.gov//store/mc/Run3Summer22MiniAODv4/WW_TuneCP5_13p6TeV_pythia8/MINIAODSIM/130X_mcRun3_2022_realistic_v5-v2/2520000/99261e09-c5a8-4f14-96bd-062caab804bc.root
01-Feb-2025 17:50:24 CST  Successfully opened file root://cmsxrootd.fnal.gov//store/mc/Run3Summer22MiniAODv4/WW_TuneCP5_13p6TeV_pythia8/MINIAODSIM/130X_mcRun3_2022_realistic_v5-v2/2520000/99261e09-c5a8-4f14-96bd-062caab804bc.root
Begin processing the 300001st record. Run 1, Event 5061777, LumiSection 7050 on stream 0 at 01-Feb-2025 17:50:28.718 CST
01-Feb-2025 17:50:29 CST  Closed file root://cmsxrootd.fnal.gov//store/mc/Run3Summer22MiniAODv4/WW_TuneCP5_13p6TeV_pythia8/MINIAODSIM/130X_mcRun3_2022_realistic_v5-v2/2520000/99261e09-c5a8-4f14-96bd-062caab804bc.root
01-Feb-2025 17:50:29 CST  Initiating request to open file root://cmsxrootd.fnal.gov//store/mc/Run3Summer22MiniAODv4/WW_TuneCP5_13p6TeV_pythia8/MINIAODSIM/130X_mcRun3_2022_realistic_v5-v2/2520000/40641671-a375-40a9-aeb6-65cf9fc6fb9e.root
01-Feb-2025 17:50:31 CST  Successfully opened file root://cmsxrootd.fnal.gov//store/mc/Run3Summer22MiniAODv4/WW_TuneCP5_13p6TeV_pythia8/MINIAODSIM/130X_mcRun3_2022_realistic_v5-v2/2520000/40641671-a375-40a9-aeb6-65cf9fc6fb9e.root
Begin processing the 400001st record. Run 1, Event 7777454, LumiSection 10833 on stream 0 at 01-Feb-2025 17:50:35.826 CST
01-Feb-2025 17:50:35 CST  Closed file root://cmsxrootd.fnal.gov//store/mc/Run3Summer22MiniAODv4/WW_TuneCP5_13p6TeV_pythia8/MINIAODSIM/130X_mcRun3_2022_realistic_v5-v2/2520000/40641671-a375-40a9-aeb6-65cf9fc6fb9e.root
01-Feb-2025 17:50:35 CST  Initiating request to open file root://cmsxrootd.fnal.gov//store/mc/Run3Summer22MiniAODv4/WW_TuneCP5_13p6TeV_pythia8/MINIAODSIM/130X_mcRun3_2022_realistic_v5-v2/2520000/01c847b4-eaec-435e-8ece-3bf374ef6e77.root
01-Feb-2025 17:50:38 CST  Successfully opened file root://cmsxrootd.fnal.gov//store/mc/Run3Summer22MiniAODv4/WW_TuneCP5_13p6TeV_pythia8/MINIAODSIM/130X_mcRun3_2022_realistic_v5-v2/2520000/01c847b4-eaec-435e-8ece-3bf374ef6e77.root
01-Feb-2025 17:50:42 CST  Closed file root://cmsxrootd.fnal.gov//store/mc/Run3Summer22MiniAODv4/WW_TuneCP5_13p6TeV_pythia8/MINIAODSIM/130X_mcRun3_2022_realistic_v5-v2/2520000/01c847b4-eaec-435e-8ece-3bf374ef6e77.root
01-Feb-2025 17:50:42 CST  Initiating request to open file root://cmsxrootd.fnal.gov//store/mc/Run3Summer22MiniAODv4/WW_TuneCP5_13p6TeV_pythia8/MINIAODSIM/130X_mcRun3_2022_realistic_v5-v2/2520000/8883c862-9932-4bff-a29e-54758b7c0127.root
01-Feb-2025 17:50:45 CST  Successfully opened file root://cmsxrootd.fnal.gov//store/mc/Run3Summer22MiniAODv4/WW_TuneCP5_13p6TeV_pythia8/MINIAODSIM/130X_mcRun3_2022_realistic_v5-v2/2520000/8883c862-9932-4bff-a29e-54758b7c0127.root
Begin processing the 500001st record. Run 1, Event 718276, LumiSection 1001 on stream 0 at 01-Feb-2025 17:50:49.067 CST
01-Feb-2025 17:50:50 CST  Closed file root://cmsxrootd.fnal.gov//store/mc/Run3Summer22MiniAODv4/WW_TuneCP5_13p6TeV_pythia8/MINIAODSIM/130X_mcRun3_2022_realistic_v5-v2/2520000/8883c862-9932-4bff-a29e-54758b7c0127.root
01-Feb-2025 17:50:50 CST  Initiating request to open file root://cmsxrootd.fnal.gov//store/mc/Run3Summer22MiniAODv4/WW_TuneCP5_13p6TeV_pythia8/MINIAODSIM/130X_mcRun3_2022_realistic_v5-v2/2520000/be4a79c1-6b3f-4f17-9841-2d13e43701f2.root
01-Feb-2025 17:50:52 CST  Successfully opened file root://cmsxrootd.fnal.gov//store/mc/Run3Summer22MiniAODv4/WW_TuneCP5_13p6TeV_pythia8/MINIAODSIM/130X_mcRun3_2022_realistic_v5-v2/2520000/be4a79c1-6b3f-4f17-9841-2d13e43701f2.root
Begin processing the 600001st record. Run 1, Event 11558113, LumiSection 16098 on stream 0 at 01-Feb-2025 17:50:56.229 CST
01-Feb-2025 17:50:56 CST  Closed file root://cmsxrootd.fnal.gov//store/mc/Run3Summer22MiniAODv4/WW_TuneCP5_13p6TeV_pythia8/MINIAODSIM/130X_mcRun3_2022_realistic_v5-v2/2520000/be4a79c1-6b3f-4f17-9841-2d13e43701f2.root
01-Feb-2025 17:50:56 CST  Initiating request to open file root://cmsxrootd.fnal.gov//store/mc/Run3Summer22MiniAODv4/WW_TuneCP5_13p6TeV_pythia8/MINIAODSIM/130X_mcRun3_2022_realistic_v5-v2/2520000/9dcd8eea-2c48-424a-b2d4-47a4d05e60f9.root
01-Feb-2025 17:50:59 CST  Successfully opened file root://cmsxrootd.fnal.gov//store/mc/Run3Summer22MiniAODv4/WW_TuneCP5_13p6TeV_pythia8/MINIAODSIM/130X_mcRun3_2022_realistic_v5-v2/2520000/9dcd8eea-2c48-424a-b2d4-47a4d05e60f9.root
Begin processing the 700001st record. Run 1, Event 13542868, LumiSection 18862 on stream 0 at 01-Feb-2025 17:51:03.608 CST
01-Feb-2025 17:51:04 CST  Closed file root://cmsxrootd.fnal.gov//store/mc/Run3Summer22MiniAODv4/WW_TuneCP5_13p6TeV_pythia8/MINIAODSIM/130X_mcRun3_2022_realistic_v5-v2/2520000/9dcd8eea-2c48-424a-b2d4-47a4d05e60f9.root
01-Feb-2025 17:51:04 CST  Initiating request to open file root://cmsxrootd.fnal.gov//store/mc/Run3Summer22MiniAODv4/WW_TuneCP5_13p6TeV_pythia8/MINIAODSIM/130X_mcRun3_2022_realistic_v5-v2/2520000/60217d8f-a738-4daf-b4d7-0a7cb573a9f0.root
01-Feb-2025 17:51:06 CST  Successfully opened file root://cmsxrootd.fnal.gov//store/mc/Run3Summer22MiniAODv4/WW_TuneCP5_13p6TeV_pythia8/MINIAODSIM/130X_mcRun3_2022_realistic_v5-v2/2520000/60217d8f-a738-4daf-b4d7-0a7cb573a9f0.root
Begin processing the 800001st record. Run 1, Event 4434523, LumiSection 6177 on stream 0 at 01-Feb-2025 17:51:10.712 CST
01-Feb-2025 17:51:11 CST  Closed file root://cmsxrootd.fnal.gov//store/mc/Run3Summer22MiniAODv4/WW_TuneCP5_13p6TeV_pythia8/MINIAODSIM/130X_mcRun3_2022_realistic_v5-v2/2520000/60217d8f-a738-4daf-b4d7-0a7cb573a9f0.root
01-Feb-2025 17:51:11 CST  Initiating request to open file root://cmsxrootd.fnal.gov//store/mc/Run3Summer22MiniAODv4/WW_TuneCP5_13p6TeV_pythia8/MINIAODSIM/130X_mcRun3_2022_realistic_v5-v2/2520000/89096119-a281-47bd-b91c-ab9771792160.root
01-Feb-2025 17:51:13 CST  Successfully opened file root://cmsxrootd.fnal.gov//store/mc/Run3Summer22MiniAODv4/WW_TuneCP5_13p6TeV_pythia8/MINIAODSIM/130X_mcRun3_2022_realistic_v5-v2/2520000/89096119-a281-47bd-b91c-ab9771792160.root
Begin processing the 900001st record. Run 1, Event 13461414, LumiSection 18749 on stream 0 at 01-Feb-2025 17:51:17.808 CST
01-Feb-2025 17:51:17 CST  Closed file root://cmsxrootd.fnal.gov//store/mc/Run3Summer22MiniAODv4/WW_TuneCP5_13p6TeV_pythia8/MINIAODSIM/130X_mcRun3_2022_realistic_v5-v2/2520000/89096119-a281-47bd-b91c-ab9771792160.root
01-Feb-2025 17:51:17 CST  Initiating request to open file root://cmsxrootd.fnal.gov//store/mc/Run3Summer22MiniAODv4/WW_TuneCP5_13p6TeV_pythia8/MINIAODSIM/130X_mcRun3_2022_realistic_v5-v2/2520000/c14fd0e6-775f-49ed-a177-90e3f234434c.root
01-Feb-2025 17:51:20 CST  Successfully opened file root://cmsxrootd.fnal.gov//store/mc/Run3Summer22MiniAODv4/WW_TuneCP5_13p6TeV_pythia8/MINIAODSIM/130X_mcRun3_2022_realistic_v5-v2/2520000/c14fd0e6-775f-49ed-a177-90e3f234434c.root
01-Feb-2025 17:51:24 CST  Closed file root://cmsxrootd.fnal.gov//store/mc/Run3Summer22MiniAODv4/WW_TuneCP5_13p6TeV_pythia8/MINIAODSIM/130X_mcRun3_2022_realistic_v5-v2/2520000/c14fd0e6-775f-49ed-a177-90e3f234434c.root
01-Feb-2025 17:51:24 CST  Initiating request to open file root://cmsxrootd.fnal.gov//store/mc/Run3Summer22MiniAODv4/WW_TuneCP5_13p6TeV_pythia8/MINIAODSIM/130X_mcRun3_2022_realistic_v5-v2/2520000/5d8353a7-8282-41bd-bd04-ddc592a6e63d.root
01-Feb-2025 17:51:27 CST  Successfully opened file root://cmsxrootd.fnal.gov//store/mc/Run3Summer22MiniAODv4/WW_TuneCP5_13p6TeV_pythia8/MINIAODSIM/130X_mcRun3_2022_realistic_v5-v2/2520000/5d8353a7-8282-41bd-bd04-ddc592a6e63d.root
01-Feb-2025 17:51:30 CST  Closed file root://cmsxrootd.fnal.gov//store/mc/Run3Summer22MiniAODv4/WW_TuneCP5_13p6TeV_pythia8/MINIAODSIM/130X_mcRun3_2022_realistic_v5-v2/2520000/5d8353a7-8282-41bd-bd04-ddc592a6e63d.root

------------------------------------
GenXsecAnalyzer:
------------------------------------
Before Filter: total cross section = 8.028e+01 +- 3.753e-02 pb
Filter efficiency (taking into account weights)= (1.00018e+06) / (1.00018e+06) = 1.000e+00 +- 0.000e+00
Filter efficiency (event-level)= (1.00017e+06) / (1.00017e+06) = 1.000e+00 +- 0.000e+00    [TO BE USED IN MCM]

After filter: final cross section = 8.028e+01 +- 3.753e-02 pb
After filter: final fraction of events with negative weights = 0.000e+00 +- 0.000e+00
After filter: final equivalent lumi for 1M events (1/fb) = 1.246e+01 +- 1.375e-02
