01-Feb-2025 19:53:08 CST  Initiating request to open file root://cmsxrootd.fnal.gov//store/mc/Run3Summer22MiniAODv4/ZZ_TuneCP5_13p6TeV_pythia8/MINIAODSIM/130X_mcRun3_2022_realistic_v5-v2/50000/ada96f8c-052b-4a4d-8a5d-9a9fa279585e.root
01-Feb-2025 19:53:13 CST  Successfully opened file root://cmsxrootd.fnal.gov//store/mc/Run3Summer22MiniAODv4/ZZ_TuneCP5_13p6TeV_pythia8/MINIAODSIM/130X_mcRun3_2022_realistic_v5-v2/50000/ada96f8c-052b-4a4d-8a5d-9a9fa279585e.root
Begin processing the 1st record. Run 1, Event 805923, LumiSection 1105 on stream 0 at 01-Feb-2025 19:53:14.391 CST
01-Feb-2025 19:53:14 CST  Closed file root://cmsxrootd.fnal.gov//store/mc/Run3Summer22MiniAODv4/ZZ_TuneCP5_13p6TeV_pythia8/MINIAODSIM/130X_mcRun3_2022_realistic_v5-v2/50000/ada96f8c-052b-4a4d-8a5d-9a9fa279585e.root
01-Feb-2025 19:53:14 CST  Initiating request to open file root://cmsxrootd.fnal.gov//store/mc/Run3Summer22MiniAODv4/ZZ_TuneCP5_13p6TeV_pythia8/MINIAODSIM/130X_mcRun3_2022_realistic_v5-v2/50000/b096bcf9-d980-4032-8308-040bb8b32232.root
01-Feb-2025 19:53:17 CST  Successfully opened file root://cmsxrootd.fnal.gov//store/mc/Run3Summer22MiniAODv4/ZZ_TuneCP5_13p6TeV_pythia8/MINIAODSIM/130X_mcRun3_2022_realistic_v5-v2/50000/b096bcf9-d980-4032-8308-040bb8b32232.root
01-Feb-2025 19:53:19 CST  Closed file root://cmsxrootd.fnal.gov//store/mc/Run3Summer22MiniAODv4/ZZ_TuneCP5_13p6TeV_pythia8/MINIAODSIM/130X_mcRun3_2022_realistic_v5-v2/50000/b096bcf9-d980-4032-8308-040bb8b32232.root
01-Feb-2025 19:53:19 CST  Initiating request to open file root://cmsxrootd.fnal.gov//store/mc/Run3Summer22MiniAODv4/ZZ_TuneCP5_13p6TeV_pythia8/MINIAODSIM/130X_mcRun3_2022_realistic_v5-v2/2540000/d6a3d8ff-4f2e-4305-9911-56000e0e066f.root
01-Feb-2025 19:53:21 CST  Successfully opened file root://cmsxrootd.fnal.gov//store/mc/Run3Summer22MiniAODv4/ZZ_TuneCP5_13p6TeV_pythia8/MINIAODSIM/130X_mcRun3_2022_realistic_v5-v2/2540000/d6a3d8ff-4f2e-4305-9911-56000e0e066f.root
01-Feb-2025 19:53:23 CST  Closed file root://cmsxrootd.fnal.gov//store/mc/Run3Summer22MiniAODv4/ZZ_TuneCP5_13p6TeV_pythia8/MINIAODSIM/130X_mcRun3_2022_realistic_v5-v2/2540000/d6a3d8ff-4f2e-4305-9911-56000e0e066f.root
01-Feb-2025 19:53:23 CST  Initiating request to open file root://cmsxrootd.fnal.gov//store/mc/Run3Summer22MiniAODv4/ZZ_TuneCP5_13p6TeV_pythia8/MINIAODSIM/130X_mcRun3_2022_realistic_v5-v2/2530000/e319e433-9397-4985-aa9e-a30d46e29f24.root
[2025-02-01 19:54:09.708194 -0600][Error  ][AsyncSock         ] [xrootd-se37-vanderbilt.sites.opensciencegrid.org:1094.0] Socket error while handshaking: [ERROR] Socket timeout
[2025-02-01 19:54:09.708416 -0600][Error  ][PostMaster        ] [xrootd-se37-vanderbilt.sites.opensciencegrid.org:1094] elapsed = 45, pConnectionWindow = 31 seconds.
01-Feb-2025 19:54:11 CST  Successfully opened file root://cmsxrootd.fnal.gov//store/mc/Run3Summer22MiniAODv4/ZZ_TuneCP5_13p6TeV_pythia8/MINIAODSIM/130X_mcRun3_2022_realistic_v5-v2/2530000/e319e433-9397-4985-aa9e-a30d46e29f24.root
01-Feb-2025 19:54:13 CST  Closed file root://cmsxrootd.fnal.gov//store/mc/Run3Summer22MiniAODv4/ZZ_TuneCP5_13p6TeV_pythia8/MINIAODSIM/130X_mcRun3_2022_realistic_v5-v2/2530000/e319e433-9397-4985-aa9e-a30d46e29f24.root
01-Feb-2025 19:54:13 CST  Initiating request to open file root://cmsxrootd.fnal.gov//store/mc/Run3Summer22MiniAODv4/ZZ_TuneCP5_13p6TeV_pythia8/MINIAODSIM/130X_mcRun3_2022_realistic_v5-v2/50000/d958c5df-0cd0-4f4f-8e8b-887088325160.root
01-Feb-2025 19:54:15 CST  Successfully opened file root://cmsxrootd.fnal.gov//store/mc/Run3Summer22MiniAODv4/ZZ_TuneCP5_13p6TeV_pythia8/MINIAODSIM/130X_mcRun3_2022_realistic_v5-v2/50000/d958c5df-0cd0-4f4f-8e8b-887088325160.root
Begin processing the 100001st record. Run 1, Event 502960, LumiSection 689 on stream 0 at 01-Feb-2025 19:54:17.214 CST
01-Feb-2025 19:54:17 CST  Closed file root://cmsxrootd.fnal.gov//store/mc/Run3Summer22MiniAODv4/ZZ_TuneCP5_13p6TeV_pythia8/MINIAODSIM/130X_mcRun3_2022_realistic_v5-v2/50000/d958c5df-0cd0-4f4f-8e8b-887088325160.root
01-Feb-2025 19:54:17 CST  Initiating request to open file root://cmsxrootd.fnal.gov//store/mc/Run3Summer22MiniAODv4/ZZ_TuneCP5_13p6TeV_pythia8/MINIAODSIM/130X_mcRun3_2022_realistic_v5-v2/50000/d96299da-ccd5-44cc-a0f7-aa6349d3dcb3.root
01-Feb-2025 19:54:20 CST  Successfully opened file root://cmsxrootd.fnal.gov//store/mc/Run3Summer22MiniAODv4/ZZ_TuneCP5_13p6TeV_pythia8/MINIAODSIM/130X_mcRun3_2022_realistic_v5-v2/50000/d96299da-ccd5-44cc-a0f7-aa6349d3dcb3.root
Begin processing the 200001st record. Run 1, Event 705160, LumiSection 966 on stream 0 at 01-Feb-2025 19:54:24.272 CST
01-Feb-2025 19:54:24 CST  Closed file root://cmsxrootd.fnal.gov//store/mc/Run3Summer22MiniAODv4/ZZ_TuneCP5_13p6TeV_pythia8/MINIAODSIM/130X_mcRun3_2022_realistic_v5-v2/50000/d96299da-ccd5-44cc-a0f7-aa6349d3dcb3.root
01-Feb-2025 19:54:24 CST  Initiating request to open file root://cmsxrootd.fnal.gov//store/mc/Run3Summer22MiniAODv4/ZZ_TuneCP5_13p6TeV_pythia8/MINIAODSIM/130X_mcRun3_2022_realistic_v5-v2/50000/1907befd-b689-4e3c-a4f8-0c63ee6cf8f9.root
01-Feb-2025 19:54:26 CST  Successfully opened file root://cmsxrootd.fnal.gov//store/mc/Run3Summer22MiniAODv4/ZZ_TuneCP5_13p6TeV_pythia8/MINIAODSIM/130X_mcRun3_2022_realistic_v5-v2/50000/1907befd-b689-4e3c-a4f8-0c63ee6cf8f9.root
01-Feb-2025 19:54:29 CST  Closed file root://cmsxrootd.fnal.gov//store/mc/Run3Summer22MiniAODv4/ZZ_TuneCP5_13p6TeV_pythia8/MINIAODSIM/130X_mcRun3_2022_realistic_v5-v2/50000/1907befd-b689-4e3c-a4f8-0c63ee6cf8f9.root
01-Feb-2025 19:54:29 CST  Initiating request to open file root://cmsxrootd.fnal.gov//store/mc/Run3Summer22MiniAODv4/ZZ_TuneCP5_13p6TeV_pythia8/MINIAODSIM/130X_mcRun3_2022_realistic_v5-v2/50000/edcae52c-37c5-47a7-8adc-e38552620714.root
01-Feb-2025 19:54:31 CST  Successfully opened file root://cmsxrootd.fnal.gov//store/mc/Run3Summer22MiniAODv4/ZZ_TuneCP5_13p6TeV_pythia8/MINIAODSIM/130X_mcRun3_2022_realistic_v5-v2/50000/edcae52c-37c5-47a7-8adc-e38552620714.root
01-Feb-2025 19:54:33 CST  Closed file root://cmsxrootd.fnal.gov//store/mc/Run3Summer22MiniAODv4/ZZ_TuneCP5_13p6TeV_pythia8/MINIAODSIM/130X_mcRun3_2022_realistic_v5-v2/50000/edcae52c-37c5-47a7-8adc-e38552620714.root
01-Feb-2025 19:54:33 CST  Initiating request to open file root://cmsxrootd.fnal.gov//store/mc/Run3Summer22MiniAODv4/ZZ_TuneCP5_13p6TeV_pythia8/MINIAODSIM/130X_mcRun3_2022_realistic_v5-v2/50000/c35a4fc2-7802-4dfb-8e11-3accf1233a3d.root
01-Feb-2025 19:54:35 CST  Successfully opened file root://cmsxrootd.fnal.gov//store/mc/Run3Summer22MiniAODv4/ZZ_TuneCP5_13p6TeV_pythia8/MINIAODSIM/130X_mcRun3_2022_realistic_v5-v2/50000/c35a4fc2-7802-4dfb-8e11-3accf1233a3d.root
01-Feb-2025 19:54:37 CST  Closed file root://cmsxrootd.fnal.gov//store/mc/Run3Summer22MiniAODv4/ZZ_TuneCP5_13p6TeV_pythia8/MINIAODSIM/130X_mcRun3_2022_realistic_v5-v2/50000/c35a4fc2-7802-4dfb-8e11-3accf1233a3d.root
01-Feb-2025 19:54:37 CST  Initiating request to open file root://cmsxrootd.fnal.gov//store/mc/Run3Summer22MiniAODv4/ZZ_TuneCP5_13p6TeV_pythia8/MINIAODSIM/130X_mcRun3_2022_realistic_v5-v2/50000/761ee80b-1225-4af4-a25d-1dfa8a2c71f1.root
01-Feb-2025 19:54:39 CST  Successfully opened file root://cmsxrootd.fnal.gov//store/mc/Run3Summer22MiniAODv4/ZZ_TuneCP5_13p6TeV_pythia8/MINIAODSIM/130X_mcRun3_2022_realistic_v5-v2/50000/761ee80b-1225-4af4-a25d-1dfa8a2c71f1.root
Begin processing the 300001st record. Run 1, Event 171523, LumiSection 235 on stream 0 at 01-Feb-2025 19:54:41.216 CST
01-Feb-2025 19:54:41 CST  Closed file root://cmsxrootd.fnal.gov//store/mc/Run3Summer22MiniAODv4/ZZ_TuneCP5_13p6TeV_pythia8/MINIAODSIM/130X_mcRun3_2022_realistic_v5-v2/50000/761ee80b-1225-4af4-a25d-1dfa8a2c71f1.root
01-Feb-2025 19:54:41 CST  Initiating request to open file root://cmsxrootd.fnal.gov//store/mc/Run3Summer22MiniAODv4/ZZ_TuneCP5_13p6TeV_pythia8/MINIAODSIM/130X_mcRun3_2022_realistic_v5-v2/50000/4673b47d-c680-4e56-9f2b-4e560d1e2ca9.root
01-Feb-2025 19:54:44 CST  Successfully opened file root://cmsxrootd.fnal.gov//store/mc/Run3Summer22MiniAODv4/ZZ_TuneCP5_13p6TeV_pythia8/MINIAODSIM/130X_mcRun3_2022_realistic_v5-v2/50000/4673b47d-c680-4e56-9f2b-4e560d1e2ca9.root
01-Feb-2025 19:54:45 CST  Closed file root://cmsxrootd.fnal.gov//store/mc/Run3Summer22MiniAODv4/ZZ_TuneCP5_13p6TeV_pythia8/MINIAODSIM/130X_mcRun3_2022_realistic_v5-v2/50000/4673b47d-c680-4e56-9f2b-4e560d1e2ca9.root
01-Feb-2025 19:54:45 CST  Initiating request to open file root://cmsxrootd.fnal.gov//store/mc/Run3Summer22MiniAODv4/ZZ_TuneCP5_13p6TeV_pythia8/MINIAODSIM/130X_mcRun3_2022_realistic_v5-v2/50000/c5460cf2-af92-42b8-a7f4-0d68f101615f.root
01-Feb-2025 19:54:48 CST  Successfully opened file root://cmsxrootd.fnal.gov//store/mc/Run3Summer22MiniAODv4/ZZ_TuneCP5_13p6TeV_pythia8/MINIAODSIM/130X_mcRun3_2022_realistic_v5-v2/50000/c5460cf2-af92-42b8-a7f4-0d68f101615f.root
01-Feb-2025 19:54:49 CST  Closed file root://cmsxrootd.fnal.gov//store/mc/Run3Summer22MiniAODv4/ZZ_TuneCP5_13p6TeV_pythia8/MINIAODSIM/130X_mcRun3_2022_realistic_v5-v2/50000/c5460cf2-af92-42b8-a7f4-0d68f101615f.root
01-Feb-2025 19:54:49 CST  Initiating request to open file root://cmsxrootd.fnal.gov//store/mc/Run3Summer22MiniAODv4/ZZ_TuneCP5_13p6TeV_pythia8/MINIAODSIM/130X_mcRun3_2022_realistic_v5-v2/50000/96ec935c-1448-416b-8a6a-7450e50cbfe2.root
01-Feb-2025 19:54:51 CST  Successfully opened file root://cmsxrootd.fnal.gov//store/mc/Run3Summer22MiniAODv4/ZZ_TuneCP5_13p6TeV_pythia8/MINIAODSIM/130X_mcRun3_2022_realistic_v5-v2/50000/96ec935c-1448-416b-8a6a-7450e50cbfe2.root
Begin processing the 400001st record. Run 1, Event 299992, LumiSection 411 on stream 0 at 01-Feb-2025 19:54:53.949 CST
01-Feb-2025 19:54:54 CST  Closed file root://cmsxrootd.fnal.gov//store/mc/Run3Summer22MiniAODv4/ZZ_TuneCP5_13p6TeV_pythia8/MINIAODSIM/130X_mcRun3_2022_realistic_v5-v2/50000/96ec935c-1448-416b-8a6a-7450e50cbfe2.root
01-Feb-2025 19:54:54 CST  Initiating request to open file root://cmsxrootd.fnal.gov//store/mc/Run3Summer22MiniAODv4/ZZ_TuneCP5_13p6TeV_pythia8/MINIAODSIM/130X_mcRun3_2022_realistic_v5-v2/50000/5a1fc9b3-2639-4c3c-9a73-4f09a52ce5af.root
01-Feb-2025 19:54:56 CST  Successfully opened file root://cmsxrootd.fnal.gov//store/mc/Run3Summer22MiniAODv4/ZZ_TuneCP5_13p6TeV_pythia8/MINIAODSIM/130X_mcRun3_2022_realistic_v5-v2/50000/5a1fc9b3-2639-4c3c-9a73-4f09a52ce5af.root
Begin processing the 500001st record. Run 1, Event 848943, LumiSection 1163 on stream 0 at 01-Feb-2025 19:54:58.994 CST
01-Feb-2025 19:54:58 CST  Closed file root://cmsxrootd.fnal.gov//store/mc/Run3Summer22MiniAODv4/ZZ_TuneCP5_13p6TeV_pythia8/MINIAODSIM/130X_mcRun3_2022_realistic_v5-v2/50000/5a1fc9b3-2639-4c3c-9a73-4f09a52ce5af.root
01-Feb-2025 19:54:58 CST  Initiating request to open file root://cmsxrootd.fnal.gov//store/mc/Run3Summer22MiniAODv4/ZZ_TuneCP5_13p6TeV_pythia8/MINIAODSIM/130X_mcRun3_2022_realistic_v5-v2/50000/547ca0db-8b16-4089-a4fa-12969684c0cb.root
01-Feb-2025 19:55:01 CST  Successfully opened file root://cmsxrootd.fnal.gov//store/mc/Run3Summer22MiniAODv4/ZZ_TuneCP5_13p6TeV_pythia8/MINIAODSIM/130X_mcRun3_2022_realistic_v5-v2/50000/547ca0db-8b16-4089-a4fa-12969684c0cb.root
01-Feb-2025 19:55:03 CST  Closed file root://cmsxrootd.fnal.gov//store/mc/Run3Summer22MiniAODv4/ZZ_TuneCP5_13p6TeV_pythia8/MINIAODSIM/130X_mcRun3_2022_realistic_v5-v2/50000/547ca0db-8b16-4089-a4fa-12969684c0cb.root
01-Feb-2025 19:55:03 CST  Initiating request to open file root://cmsxrootd.fnal.gov//store/mc/Run3Summer22MiniAODv4/ZZ_TuneCP5_13p6TeV_pythia8/MINIAODSIM/130X_mcRun3_2022_realistic_v5-v2/50000/1133a56e-f677-45e7-943f-0213784da657.root
01-Feb-2025 19:55:05 CST  Successfully opened file root://cmsxrootd.fnal.gov//store/mc/Run3Summer22MiniAODv4/ZZ_TuneCP5_13p6TeV_pythia8/MINIAODSIM/130X_mcRun3_2022_realistic_v5-v2/50000/1133a56e-f677-45e7-943f-0213784da657.root
Begin processing the 600001st record. Run 1, Event 900765, LumiSection 1234 on stream 0 at 01-Feb-2025 19:55:07.995 CST
01-Feb-2025 19:55:08 CST  Closed file root://cmsxrootd.fnal.gov//store/mc/Run3Summer22MiniAODv4/ZZ_TuneCP5_13p6TeV_pythia8/MINIAODSIM/130X_mcRun3_2022_realistic_v5-v2/50000/1133a56e-f677-45e7-943f-0213784da657.root
01-Feb-2025 19:55:08 CST  Initiating request to open file root://cmsxrootd.fnal.gov//store/mc/Run3Summer22MiniAODv4/ZZ_TuneCP5_13p6TeV_pythia8/MINIAODSIM/130X_mcRun3_2022_realistic_v5-v2/50000/00afb440-11ab-4d38-a350-7fb3a63a20e4.root
01-Feb-2025 19:55:10 CST  Successfully opened file root://cmsxrootd.fnal.gov//store/mc/Run3Summer22MiniAODv4/ZZ_TuneCP5_13p6TeV_pythia8/MINIAODSIM/130X_mcRun3_2022_realistic_v5-v2/50000/00afb440-11ab-4d38-a350-7fb3a63a20e4.root
01-Feb-2025 19:55:13 CST  Closed file root://cmsxrootd.fnal.gov//store/mc/Run3Summer22MiniAODv4/ZZ_TuneCP5_13p6TeV_pythia8/MINIAODSIM/130X_mcRun3_2022_realistic_v5-v2/50000/00afb440-11ab-4d38-a350-7fb3a63a20e4.root
01-Feb-2025 19:55:13 CST  Initiating request to open file root://cmsxrootd.fnal.gov//store/mc/Run3Summer22MiniAODv4/ZZ_TuneCP5_13p6TeV_pythia8/MINIAODSIM/130X_mcRun3_2022_realistic_v5-v2/50000/e0508e97-d2c7-46c9-81bc-e52945a15b5c.root
01-Feb-2025 19:55:15 CST  Successfully opened file root://cmsxrootd.fnal.gov//store/mc/Run3Summer22MiniAODv4/ZZ_TuneCP5_13p6TeV_pythia8/MINIAODSIM/130X_mcRun3_2022_realistic_v5-v2/50000/e0508e97-d2c7-46c9-81bc-e52945a15b5c.root
Begin processing the 700001st record. Run 1, Event 1067188, LumiSection 1462 on stream 0 at 01-Feb-2025 19:55:17.246 CST
01-Feb-2025 19:55:17 CST  Closed file root://cmsxrootd.fnal.gov//store/mc/Run3Summer22MiniAODv4/ZZ_TuneCP5_13p6TeV_pythia8/MINIAODSIM/130X_mcRun3_2022_realistic_v5-v2/50000/e0508e97-d2c7-46c9-81bc-e52945a15b5c.root
01-Feb-2025 19:55:17 CST  Initiating request to open file root://cmsxrootd.fnal.gov//store/mc/Run3Summer22MiniAODv4/ZZ_TuneCP5_13p6TeV_pythia8/MINIAODSIM/130X_mcRun3_2022_realistic_v5-v2/30000/ae355fe4-5e7c-44d6-ae95-91889479b03f.root
01-Feb-2025 19:55:20 CST  Successfully opened file root://cmsxrootd.fnal.gov//store/mc/Run3Summer22MiniAODv4/ZZ_TuneCP5_13p6TeV_pythia8/MINIAODSIM/130X_mcRun3_2022_realistic_v5-v2/30000/ae355fe4-5e7c-44d6-ae95-91889479b03f.root
01-Feb-2025 19:55:21 CST  Closed file root://cmsxrootd.fnal.gov//store/mc/Run3Summer22MiniAODv4/ZZ_TuneCP5_13p6TeV_pythia8/MINIAODSIM/130X_mcRun3_2022_realistic_v5-v2/30000/ae355fe4-5e7c-44d6-ae95-91889479b03f.root
01-Feb-2025 19:55:21 CST  Initiating request to open file root://cmsxrootd.fnal.gov//store/mc/Run3Summer22MiniAODv4/ZZ_TuneCP5_13p6TeV_pythia8/MINIAODSIM/130X_mcRun3_2022_realistic_v5-v2/30000/ab81d451-f366-4a37-8fa6-9008ce87a23b.root
01-Feb-2025 19:55:24 CST  Successfully opened file root://cmsxrootd.fnal.gov//store/mc/Run3Summer22MiniAODv4/ZZ_TuneCP5_13p6TeV_pythia8/MINIAODSIM/130X_mcRun3_2022_realistic_v5-v2/30000/ab81d451-f366-4a37-8fa6-9008ce87a23b.root
Begin processing the 800001st record. Run 1, Event 459095, LumiSection 629 on stream 0 at 01-Feb-2025 19:55:25.726 CST
01-Feb-2025 19:55:26 CST  Closed file root://cmsxrootd.fnal.gov//store/mc/Run3Summer22MiniAODv4/ZZ_TuneCP5_13p6TeV_pythia8/MINIAODSIM/130X_mcRun3_2022_realistic_v5-v2/30000/ab81d451-f366-4a37-8fa6-9008ce87a23b.root
01-Feb-2025 19:55:26 CST  Initiating request to open file root://cmsxrootd.fnal.gov//store/mc/Run3Summer22MiniAODv4/ZZ_TuneCP5_13p6TeV_pythia8/MINIAODSIM/130X_mcRun3_2022_realistic_v5-v2/30000/399da7f7-22bd-4f86-b092-c7f55e7851e5.root
01-Feb-2025 19:55:28 CST  Successfully opened file root://cmsxrootd.fnal.gov//store/mc/Run3Summer22MiniAODv4/ZZ_TuneCP5_13p6TeV_pythia8/MINIAODSIM/130X_mcRun3_2022_realistic_v5-v2/30000/399da7f7-22bd-4f86-b092-c7f55e7851e5.root
Begin processing the 900001st record. Run 1, Event 961321, LumiSection 1317 on stream 0 at 01-Feb-2025 19:55:30.787 CST
01-Feb-2025 19:55:30 CST  Closed file root://cmsxrootd.fnal.gov//store/mc/Run3Summer22MiniAODv4/ZZ_TuneCP5_13p6TeV_pythia8/MINIAODSIM/130X_mcRun3_2022_realistic_v5-v2/30000/399da7f7-22bd-4f86-b092-c7f55e7851e5.root
01-Feb-2025 19:55:30 CST  Initiating request to open file root://cmsxrootd.fnal.gov//store/mc/Run3Summer22MiniAODv4/ZZ_TuneCP5_13p6TeV_pythia8/MINIAODSIM/130X_mcRun3_2022_realistic_v5-v2/30000/ab11534b-809e-4617-bafd-75af59c640f1.root
01-Feb-2025 19:55:33 CST  Successfully opened file root://cmsxrootd.fnal.gov//store/mc/Run3Summer22MiniAODv4/ZZ_TuneCP5_13p6TeV_pythia8/MINIAODSIM/130X_mcRun3_2022_realistic_v5-v2/30000/ab11534b-809e-4617-bafd-75af59c640f1.root
01-Feb-2025 19:55:36 CST  Closed file root://cmsxrootd.fnal.gov//store/mc/Run3Summer22MiniAODv4/ZZ_TuneCP5_13p6TeV_pythia8/MINIAODSIM/130X_mcRun3_2022_realistic_v5-v2/30000/ab11534b-809e-4617-bafd-75af59c640f1.root
01-Feb-2025 19:55:36 CST  Initiating request to open file root://cmsxrootd.fnal.gov//store/mc/Run3Summer22MiniAODv4/ZZ_TuneCP5_13p6TeV_pythia8/MINIAODSIM/130X_mcRun3_2022_realistic_v5-v2/30000/2235056b-d1e9-4e52-afa0-0d4f1e438b1d.root
01-Feb-2025 19:55:38 CST  Successfully opened file root://cmsxrootd.fnal.gov//store/mc/Run3Summer22MiniAODv4/ZZ_TuneCP5_13p6TeV_pythia8/MINIAODSIM/130X_mcRun3_2022_realistic_v5-v2/30000/2235056b-d1e9-4e52-afa0-0d4f1e438b1d.root
01-Feb-2025 19:55:40 CST  Closed file root://cmsxrootd.fnal.gov//store/mc/Run3Summer22MiniAODv4/ZZ_TuneCP5_13p6TeV_pythia8/MINIAODSIM/130X_mcRun3_2022_realistic_v5-v2/30000/2235056b-d1e9-4e52-afa0-0d4f1e438b1d.root
01-Feb-2025 19:55:40 CST  Initiating request to open file root://cmsxrootd.fnal.gov//store/mc/Run3Summer22MiniAODv4/ZZ_TuneCP5_13p6TeV_pythia8/MINIAODSIM/130X_mcRun3_2022_realistic_v5-v2/30000/a0c953e6-d8a0-490f-9c45-379b19c54ac8.root
01-Feb-2025 19:55:42 CST  Successfully opened file root://cmsxrootd.fnal.gov//store/mc/Run3Summer22MiniAODv4/ZZ_TuneCP5_13p6TeV_pythia8/MINIAODSIM/130X_mcRun3_2022_realistic_v5-v2/30000/a0c953e6-d8a0-490f-9c45-379b19c54ac8.root
01-Feb-2025 19:55:44 CST  Closed file root://cmsxrootd.fnal.gov//store/mc/Run3Summer22MiniAODv4/ZZ_TuneCP5_13p6TeV_pythia8/MINIAODSIM/130X_mcRun3_2022_realistic_v5-v2/30000/a0c953e6-d8a0-490f-9c45-379b19c54ac8.root
01-Feb-2025 19:55:44 CST  Initiating request to open file root://cmsxrootd.fnal.gov//store/mc/Run3Summer22MiniAODv4/ZZ_TuneCP5_13p6TeV_pythia8/MINIAODSIM/130X_mcRun3_2022_realistic_v5-v2/30000/5392d314-5656-4257-b270-005070ab8f58.root
01-Feb-2025 19:55:46 CST  Successfully opened file root://cmsxrootd.fnal.gov//store/mc/Run3Summer22MiniAODv4/ZZ_TuneCP5_13p6TeV_pythia8/MINIAODSIM/130X_mcRun3_2022_realistic_v5-v2/30000/5392d314-5656-4257-b270-005070ab8f58.root
01-Feb-2025 19:55:47 CST  Closed file root://cmsxrootd.fnal.gov//store/mc/Run3Summer22MiniAODv4/ZZ_TuneCP5_13p6TeV_pythia8/MINIAODSIM/130X_mcRun3_2022_realistic_v5-v2/30000/5392d314-5656-4257-b270-005070ab8f58.root

------------------------------------
GenXsecAnalyzer:
------------------------------------
Before Filter: total cross section = 1.284e+01 +- 6.563e-03 pb
Filter efficiency (taking into account weights)= (1.0001e+06) / (1.0001e+06) = 1.000e+00 +- 0.000e+00
Filter efficiency (event-level)= (1.0001e+06) / (1.0001e+06) = 1.000e+00 +- 0.000e+00    [TO BE USED IN MCM]

After filter: final cross section = 1.284e+01 +- 6.563e-03 pb
After filter: final fraction of events with negative weights = 0.000e+00 +- 0.000e+00
After filter: final equivalent lumi for 1M events (1/fb) = 7.785e+01 +- 8.743e-02
