01-Feb-2025 19:34:12 CST  Initiating request to open file root://cmsxrootd.fnal.gov//store/mc/Run3Summer22MiniAODv4/ZZZ_TuneCP5_13p6TeV_amcatnlo-pythia8/MINIAODSIM/130X_mcRun3_2022_realistic_v5-v2/40000/e8287ecd-f731-46aa-95b2-5d9eaea81dc3.root
01-Feb-2025 19:34:15 CST  Successfully opened file root://cmsxrootd.fnal.gov//store/mc/Run3Summer22MiniAODv4/ZZZ_TuneCP5_13p6TeV_amcatnlo-pythia8/MINIAODSIM/130X_mcRun3_2022_realistic_v5-v2/40000/e8287ecd-f731-46aa-95b2-5d9eaea81dc3.root
Begin processing the 1st record. Run 1, Event 731, LumiSection 2 on stream 0 at 01-Feb-2025 19:34:16.093 CST
01-Feb-2025 19:34:16 CST  Closed file root://cmsxrootd.fnal.gov//store/mc/Run3Summer22MiniAODv4/ZZZ_TuneCP5_13p6TeV_amcatnlo-pythia8/MINIAODSIM/130X_mcRun3_2022_realistic_v5-v2/40000/e8287ecd-f731-46aa-95b2-5d9eaea81dc3.root
01-Feb-2025 19:34:16 CST  Initiating request to open file root://cmsxrootd.fnal.gov//store/mc/Run3Summer22MiniAODv4/ZZZ_TuneCP5_13p6TeV_amcatnlo-pythia8/MINIAODSIM/130X_mcRun3_2022_realistic_v5-v2/40000/aa45ddfe-8529-4f4c-b9b7-2eacc4e3bd2a.root
01-Feb-2025 19:34:17 CST  Successfully opened file root://cmsxrootd.fnal.gov//store/mc/Run3Summer22MiniAODv4/ZZZ_TuneCP5_13p6TeV_amcatnlo-pythia8/MINIAODSIM/130X_mcRun3_2022_realistic_v5-v2/40000/aa45ddfe-8529-4f4c-b9b7-2eacc4e3bd2a.root
Begin processing the 100001st record. Run 1, Event 997332, LumiSection 1374 on stream 0 at 01-Feb-2025 19:34:29.862 CST
01-Feb-2025 19:34:29 CST  Closed file root://cmsxrootd.fnal.gov//store/mc/Run3Summer22MiniAODv4/ZZZ_TuneCP5_13p6TeV_amcatnlo-pythia8/MINIAODSIM/130X_mcRun3_2022_realistic_v5-v2/40000/aa45ddfe-8529-4f4c-b9b7-2eacc4e3bd2a.root
01-Feb-2025 19:34:29 CST  Initiating request to open file root://cmsxrootd.fnal.gov//store/mc/Run3Summer22MiniAODv4/ZZZ_TuneCP5_13p6TeV_amcatnlo-pythia8/MINIAODSIM/130X_mcRun3_2022_realistic_v5-v2/40000/8ad5b7a3-108e-4b36-8ceb-a66d470b808d.root
01-Feb-2025 19:34:31 CST  Successfully opened file root://cmsxrootd.fnal.gov//store/mc/Run3Summer22MiniAODv4/ZZZ_TuneCP5_13p6TeV_amcatnlo-pythia8/MINIAODSIM/130X_mcRun3_2022_realistic_v5-v2/40000/8ad5b7a3-108e-4b36-8ceb-a66d470b808d.root
01-Feb-2025 19:34:56 CST  Closed file root://cmsxrootd.fnal.gov//store/mc/Run3Summer22MiniAODv4/ZZZ_TuneCP5_13p6TeV_amcatnlo-pythia8/MINIAODSIM/130X_mcRun3_2022_realistic_v5-v2/40000/8ad5b7a3-108e-4b36-8ceb-a66d470b808d.root
01-Feb-2025 19:34:56 CST  Initiating request to open file root://cmsxrootd.fnal.gov//store/mc/Run3Summer22MiniAODv4/ZZZ_TuneCP5_13p6TeV_amcatnlo-pythia8/MINIAODSIM/130X_mcRun3_2022_realistic_v5-v2/40000/34d587d0-7aab-4f7b-bf23-c139f294a77c.root
01-Feb-2025 19:34:57 CST  Successfully opened file root://cmsxrootd.fnal.gov//store/mc/Run3Summer22MiniAODv4/ZZZ_TuneCP5_13p6TeV_amcatnlo-pythia8/MINIAODSIM/130X_mcRun3_2022_realistic_v5-v2/40000/34d587d0-7aab-4f7b-bf23-c139f294a77c.root
Begin processing the 200001st record. Run 1, Event 1977245, LumiSection 2724 on stream 0 at 01-Feb-2025 19:35:21.858 CST
01-Feb-2025 19:35:22 CST  Closed file root://cmsxrootd.fnal.gov//store/mc/Run3Summer22MiniAODv4/ZZZ_TuneCP5_13p6TeV_amcatnlo-pythia8/MINIAODSIM/130X_mcRun3_2022_realistic_v5-v2/40000/34d587d0-7aab-4f7b-bf23-c139f294a77c.root
01-Feb-2025 19:35:22 CST  Initiating request to open file root://cmsxrootd.fnal.gov//store/mc/Run3Summer22MiniAODv4/ZZZ_TuneCP5_13p6TeV_amcatnlo-pythia8/MINIAODSIM/130X_mcRun3_2022_realistic_v5-v2/40000/c4fddaa9-9281-45de-afbf-e690c6be4992.root
01-Feb-2025 19:35:23 CST  Successfully opened file root://cmsxrootd.fnal.gov//store/mc/Run3Summer22MiniAODv4/ZZZ_TuneCP5_13p6TeV_amcatnlo-pythia8/MINIAODSIM/130X_mcRun3_2022_realistic_v5-v2/40000/c4fddaa9-9281-45de-afbf-e690c6be4992.root
01-Feb-2025 19:35:51 CST  Closed file root://cmsxrootd.fnal.gov//store/mc/Run3Summer22MiniAODv4/ZZZ_TuneCP5_13p6TeV_amcatnlo-pythia8/MINIAODSIM/130X_mcRun3_2022_realistic_v5-v2/40000/c4fddaa9-9281-45de-afbf-e690c6be4992.root
01-Feb-2025 19:35:51 CST  Initiating request to open file root://cmsxrootd.fnal.gov//store/mc/Run3Summer22MiniAODv4/ZZZ_TuneCP5_13p6TeV_amcatnlo-pythia8/MINIAODSIM/130X_mcRun3_2022_realistic_v5-v2/40000/843ef46b-6946-468d-94c3-2e8c4e1a9921.root
01-Feb-2025 19:35:52 CST  Successfully opened file root://cmsxrootd.fnal.gov//store/mc/Run3Summer22MiniAODv4/ZZZ_TuneCP5_13p6TeV_amcatnlo-pythia8/MINIAODSIM/130X_mcRun3_2022_realistic_v5-v2/40000/843ef46b-6946-468d-94c3-2e8c4e1a9921.root
Begin processing the 300001st record. Run 1, Event 531594, LumiSection 733 on stream 0 at 01-Feb-2025 19:36:31.264 CST
01-Feb-2025 19:36:31 CST  Closed file root://cmsxrootd.fnal.gov//store/mc/Run3Summer22MiniAODv4/ZZZ_TuneCP5_13p6TeV_amcatnlo-pythia8/MINIAODSIM/130X_mcRun3_2022_realistic_v5-v2/40000/843ef46b-6946-468d-94c3-2e8c4e1a9921.root
01-Feb-2025 19:36:31 CST  Initiating request to open file root://cmsxrootd.fnal.gov//store/mc/Run3Summer22MiniAODv4/ZZZ_TuneCP5_13p6TeV_amcatnlo-pythia8/MINIAODSIM/130X_mcRun3_2022_realistic_v5-v2/40000/3cc7bd20-5fe1-41e0-b4e7-b4dbff611c6b.root
01-Feb-2025 19:36:33 CST  Successfully opened file root://cmsxrootd.fnal.gov//store/mc/Run3Summer22MiniAODv4/ZZZ_TuneCP5_13p6TeV_amcatnlo-pythia8/MINIAODSIM/130X_mcRun3_2022_realistic_v5-v2/40000/3cc7bd20-5fe1-41e0-b4e7-b4dbff611c6b.root
Begin processing the 400001st record. Run 1, Event 1317667, LumiSection 1815 on stream 0 at 01-Feb-2025 19:37:03.042 CST
01-Feb-2025 19:37:03 CST  Closed file root://cmsxrootd.fnal.gov//store/mc/Run3Summer22MiniAODv4/ZZZ_TuneCP5_13p6TeV_amcatnlo-pythia8/MINIAODSIM/130X_mcRun3_2022_realistic_v5-v2/40000/3cc7bd20-5fe1-41e0-b4e7-b4dbff611c6b.root
01-Feb-2025 19:37:03 CST  Initiating request to open file root://cmsxrootd.fnal.gov//store/mc/Run3Summer22MiniAODv4/ZZZ_TuneCP5_13p6TeV_amcatnlo-pythia8/MINIAODSIM/130X_mcRun3_2022_realistic_v5-v2/50000/656073eb-9be3-4c0a-9bb4-bb36bfb46eed.root
01-Feb-2025 19:37:04 CST  Successfully opened file root://cmsxrootd.fnal.gov//store/mc/Run3Summer22MiniAODv4/ZZZ_TuneCP5_13p6TeV_amcatnlo-pythia8/MINIAODSIM/130X_mcRun3_2022_realistic_v5-v2/50000/656073eb-9be3-4c0a-9bb4-bb36bfb46eed.root
01-Feb-2025 19:37:59 CST  Closed file root://cmsxrootd.fnal.gov//store/mc/Run3Summer22MiniAODv4/ZZZ_TuneCP5_13p6TeV_amcatnlo-pythia8/MINIAODSIM/130X_mcRun3_2022_realistic_v5-v2/50000/656073eb-9be3-4c0a-9bb4-bb36bfb46eed.root
01-Feb-2025 19:37:59 CST  Initiating request to open file root://cmsxrootd.fnal.gov//store/mc/Run3Summer22MiniAODv4/ZZZ_TuneCP5_13p6TeV_amcatnlo-pythia8/MINIAODSIM/130X_mcRun3_2022_realistic_v5-v2/50000/e9c712fa-18f5-4402-aadf-daf4d66ebca9.root
01-Feb-2025 19:38:00 CST  Successfully opened file root://cmsxrootd.fnal.gov//store/mc/Run3Summer22MiniAODv4/ZZZ_TuneCP5_13p6TeV_amcatnlo-pythia8/MINIAODSIM/130X_mcRun3_2022_realistic_v5-v2/50000/e9c712fa-18f5-4402-aadf-daf4d66ebca9.root
01-Feb-2025 19:38:28 CST  Closed file root://cmsxrootd.fnal.gov//store/mc/Run3Summer22MiniAODv4/ZZZ_TuneCP5_13p6TeV_amcatnlo-pythia8/MINIAODSIM/130X_mcRun3_2022_realistic_v5-v2/50000/e9c712fa-18f5-4402-aadf-daf4d66ebca9.root
01-Feb-2025 19:38:28 CST  Initiating request to open file root://cmsxrootd.fnal.gov//store/mc/Run3Summer22MiniAODv4/ZZZ_TuneCP5_13p6TeV_amcatnlo-pythia8/MINIAODSIM/130X_mcRun3_2022_realistic_v5-v2/40000/25d57dc2-544a-4990-a5bb-fc7e68bb5cc2.root
01-Feb-2025 19:38:29 CST  Successfully opened file root://cmsxrootd.fnal.gov//store/mc/Run3Summer22MiniAODv4/ZZZ_TuneCP5_13p6TeV_amcatnlo-pythia8/MINIAODSIM/130X_mcRun3_2022_realistic_v5-v2/40000/25d57dc2-544a-4990-a5bb-fc7e68bb5cc2.root
Begin processing the 500001st record. Run 1, Event 1687732, LumiSection 2325 on stream 0 at 01-Feb-2025 19:39:14.326 CST
01-Feb-2025 19:39:14 CST  Closed file root://cmsxrootd.fnal.gov//store/mc/Run3Summer22MiniAODv4/ZZZ_TuneCP5_13p6TeV_amcatnlo-pythia8/MINIAODSIM/130X_mcRun3_2022_realistic_v5-v2/40000/25d57dc2-544a-4990-a5bb-fc7e68bb5cc2.root
01-Feb-2025 19:39:14 CST  Initiating request to open file root://cmsxrootd.fnal.gov//store/mc/Run3Summer22MiniAODv4/ZZZ_TuneCP5_13p6TeV_amcatnlo-pythia8/MINIAODSIM/130X_mcRun3_2022_realistic_v5-v2/50000/d3e9faeb-fa6e-4eb6-8af9-f9653ca93e28.root
01-Feb-2025 19:39:15 CST  Successfully opened file root://cmsxrootd.fnal.gov//store/mc/Run3Summer22MiniAODv4/ZZZ_TuneCP5_13p6TeV_amcatnlo-pythia8/MINIAODSIM/130X_mcRun3_2022_realistic_v5-v2/50000/d3e9faeb-fa6e-4eb6-8af9-f9653ca93e28.root
[2025-02-01 19:39:30.838811 -0600][Error  ][PostMaster        ] [cmsstor205.fnal.gov:17343] Forcing error on disconnect: [ERROR] Operation interrupted.
[2025-02-01 19:39:31.348146 -0600][Error  ][PostMaster        ] [cmsstor201.fnal.gov:29133] Forcing error on disconnect: [ERROR] Operation interrupted.
[2025-02-01 19:39:57.306048 -0600][Error  ][PostMaster        ] [cmsstor901.fnal.gov:23742] Forcing error on disconnect: [ERROR] Operation interrupted.
01-Feb-2025 19:40:32 CST  Closed file root://cmsxrootd.fnal.gov//store/mc/Run3Summer22MiniAODv4/ZZZ_TuneCP5_13p6TeV_amcatnlo-pythia8/MINIAODSIM/130X_mcRun3_2022_realistic_v5-v2/50000/d3e9faeb-fa6e-4eb6-8af9-f9653ca93e28.root
01-Feb-2025 19:40:32 CST  Initiating request to open file root://cmsxrootd.fnal.gov//store/mc/Run3Summer22MiniAODv4/ZZZ_TuneCP5_13p6TeV_amcatnlo-pythia8/MINIAODSIM/130X_mcRun3_2022_realistic_v5-v2/50000/ac1ee631-7d8c-4766-a2ce-e1bb1953c398.root
01-Feb-2025 19:40:33 CST  Successfully opened file root://cmsxrootd.fnal.gov//store/mc/Run3Summer22MiniAODv4/ZZZ_TuneCP5_13p6TeV_amcatnlo-pythia8/MINIAODSIM/130X_mcRun3_2022_realistic_v5-v2/50000/ac1ee631-7d8c-4766-a2ce-e1bb1953c398.root
[2025-02-01 19:40:37.699883 -0600][Error  ][PostMaster        ] [cmsstor368.fnal.gov:21660] Forcing error on disconnect: [ERROR] Operation interrupted.
[2025-02-01 19:41:06.391288 -0600][Error  ][PostMaster        ] [cmsstor105.fnal.gov:17472] Forcing error on disconnect: [ERROR] Operation interrupted.
Begin processing the 600001st record. Run 1, Event 1079164, LumiSection 1487 on stream 0 at 01-Feb-2025 19:41:32.440 CST
01-Feb-2025 19:41:32 CST  Closed file root://cmsxrootd.fnal.gov//store/mc/Run3Summer22MiniAODv4/ZZZ_TuneCP5_13p6TeV_amcatnlo-pythia8/MINIAODSIM/130X_mcRun3_2022_realistic_v5-v2/50000/ac1ee631-7d8c-4766-a2ce-e1bb1953c398.root
01-Feb-2025 19:41:32 CST  Initiating request to open file root://cmsxrootd.fnal.gov//store/mc/Run3Summer22MiniAODv4/ZZZ_TuneCP5_13p6TeV_amcatnlo-pythia8/MINIAODSIM/130X_mcRun3_2022_realistic_v5-v2/50000/95deff53-656f-412f-b33b-0971b22aff07.root
01-Feb-2025 19:41:34 CST  Successfully opened file root://cmsxrootd.fnal.gov//store/mc/Run3Summer22MiniAODv4/ZZZ_TuneCP5_13p6TeV_amcatnlo-pythia8/MINIAODSIM/130X_mcRun3_2022_realistic_v5-v2/50000/95deff53-656f-412f-b33b-0971b22aff07.root
[2025-02-01 19:41:47.537756 -0600][Error  ][PostMaster        ] [cmsstor367.fnal.gov:27497] Forcing error on disconnect: [ERROR] Operation interrupted.
[2025-02-01 19:42:18.557637 -0600][Error  ][PostMaster        ] [cmsstor105.fnal.gov:21295] Forcing error on disconnect: [ERROR] Operation interrupted.
Begin processing the 700001st record. Run 1, Event 1198766, LumiSection 1652 on stream 0 at 01-Feb-2025 19:43:05.795 CST
01-Feb-2025 19:43:05 CST  Closed file root://cmsxrootd.fnal.gov//store/mc/Run3Summer22MiniAODv4/ZZZ_TuneCP5_13p6TeV_amcatnlo-pythia8/MINIAODSIM/130X_mcRun3_2022_realistic_v5-v2/50000/95deff53-656f-412f-b33b-0971b22aff07.root
01-Feb-2025 19:43:05 CST  Initiating request to open file root://cmsxrootd.fnal.gov//store/mc/Run3Summer22MiniAODv4/ZZZ_TuneCP5_13p6TeV_amcatnlo-pythia8/MINIAODSIM/130X_mcRun3_2022_realistic_v5-v2/50000/072f8ea1-e29c-4a3f-9d9f-490ea8ea9568.root
01-Feb-2025 19:43:06 CST  Successfully opened file root://cmsxrootd.fnal.gov//store/mc/Run3Summer22MiniAODv4/ZZZ_TuneCP5_13p6TeV_amcatnlo-pythia8/MINIAODSIM/130X_mcRun3_2022_realistic_v5-v2/50000/072f8ea1-e29c-4a3f-9d9f-490ea8ea9568.root
[2025-02-01 19:43:14.988677 -0600][Error  ][PostMaster        ] [cmsstor110.fnal.gov:25530] Forcing error on disconnect: [ERROR] Operation interrupted.
[2025-02-01 19:43:30.062075 -0600][Error  ][PostMaster        ] [cmsstor110.fnal.gov:24661] Forcing error on disconnect: [ERROR] Operation interrupted.
01-Feb-2025 19:43:33 CST  Closed file root://cmsxrootd.fnal.gov//store/mc/Run3Summer22MiniAODv4/ZZZ_TuneCP5_13p6TeV_amcatnlo-pythia8/MINIAODSIM/130X_mcRun3_2022_realistic_v5-v2/50000/072f8ea1-e29c-4a3f-9d9f-490ea8ea9568.root
01-Feb-2025 19:43:33 CST  Initiating request to open file root://cmsxrootd.fnal.gov//store/mc/Run3Summer22MiniAODv4/ZZZ_TuneCP5_13p6TeV_amcatnlo-pythia8/MINIAODSIM/130X_mcRun3_2022_realistic_v5-v2/40000/b6df7e6a-90fd-45ea-8acd-9bddc4eddb62.root
01-Feb-2025 19:43:34 CST  Successfully opened file root://cmsxrootd.fnal.gov//store/mc/Run3Summer22MiniAODv4/ZZZ_TuneCP5_13p6TeV_amcatnlo-pythia8/MINIAODSIM/130X_mcRun3_2022_realistic_v5-v2/40000/b6df7e6a-90fd-45ea-8acd-9bddc4eddb62.root
[2025-02-01 19:44:15.725442 -0600][Error  ][PostMaster        ] [cmsstor302.fnal.gov:29362] Forcing error on disconnect: [ERROR] Operation interrupted.
01-Feb-2025 19:45:12 CST  Closed file root://cmsxrootd.fnal.gov//store/mc/Run3Summer22MiniAODv4/ZZZ_TuneCP5_13p6TeV_amcatnlo-pythia8/MINIAODSIM/130X_mcRun3_2022_realistic_v5-v2/40000/b6df7e6a-90fd-45ea-8acd-9bddc4eddb62.root
01-Feb-2025 19:45:12 CST  Initiating request to open file root://cmsxrootd.fnal.gov//store/mc/Run3Summer22MiniAODv4/ZZZ_TuneCP5_13p6TeV_amcatnlo-pythia8/MINIAODSIM/130X_mcRun3_2022_realistic_v5-v2/40000/12bf50e8-9873-4029-a044-830e23a7988d.root
01-Feb-2025 19:45:13 CST  Successfully opened file root://cmsxrootd.fnal.gov//store/mc/Run3Summer22MiniAODv4/ZZZ_TuneCP5_13p6TeV_amcatnlo-pythia8/MINIAODSIM/130X_mcRun3_2022_realistic_v5-v2/40000/12bf50e8-9873-4029-a044-830e23a7988d.root
[2025-02-01 19:45:33.067811 -0600][Error  ][PostMaster        ] [cmsstor346.fnal.gov:30180] Forcing error on disconnect: [ERROR] Operation interrupted.
Begin processing the 800001st record. Run 1, Event 1769215, LumiSection 2437 on stream 0 at 01-Feb-2025 19:46:34.938 CST
01-Feb-2025 19:46:35 CST  Closed file root://cmsxrootd.fnal.gov//store/mc/Run3Summer22MiniAODv4/ZZZ_TuneCP5_13p6TeV_amcatnlo-pythia8/MINIAODSIM/130X_mcRun3_2022_realistic_v5-v2/40000/12bf50e8-9873-4029-a044-830e23a7988d.root
01-Feb-2025 19:46:35 CST  Initiating request to open file root://cmsxrootd.fnal.gov//store/mc/Run3Summer22MiniAODv4/ZZZ_TuneCP5_13p6TeV_amcatnlo-pythia8/MINIAODSIM/130X_mcRun3_2022_realistic_v5-v2/40000/36ac0bf4-82c0-4cc0-a20e-c401b388c6b8.root
01-Feb-2025 19:46:36 CST  Successfully opened file root://cmsxrootd.fnal.gov//store/mc/Run3Summer22MiniAODv4/ZZZ_TuneCP5_13p6TeV_amcatnlo-pythia8/MINIAODSIM/130X_mcRun3_2022_realistic_v5-v2/40000/36ac0bf4-82c0-4cc0-a20e-c401b388c6b8.root
[2025-02-01 19:46:48.165708 -0600][Error  ][PostMaster        ] [cmsstor322.fnal.gov:28098] Forcing error on disconnect: [ERROR] Operation interrupted.
01-Feb-2025 19:46:53 CST  Closed file root://cmsxrootd.fnal.gov//store/mc/Run3Summer22MiniAODv4/ZZZ_TuneCP5_13p6TeV_amcatnlo-pythia8/MINIAODSIM/130X_mcRun3_2022_realistic_v5-v2/40000/36ac0bf4-82c0-4cc0-a20e-c401b388c6b8.root
01-Feb-2025 19:46:53 CST  Initiating request to open file root://cmsxrootd.fnal.gov//store/mc/Run3Summer22MiniAODv4/ZZZ_TuneCP5_13p6TeV_amcatnlo-pythia8/MINIAODSIM/130X_mcRun3_2022_realistic_v5-v2/50000/0cbfc794-28b0-4119-adca-c0c85b819fcf.root
01-Feb-2025 19:46:54 CST  Successfully opened file root://cmsxrootd.fnal.gov//store/mc/Run3Summer22MiniAODv4/ZZZ_TuneCP5_13p6TeV_amcatnlo-pythia8/MINIAODSIM/130X_mcRun3_2022_realistic_v5-v2/50000/0cbfc794-28b0-4119-adca-c0c85b819fcf.root
[2025-02-01 19:48:20.236680 -0600][Error  ][PostMaster        ] [cmsstor208.fnal.gov:20670] Forcing error on disconnect: [ERROR] Operation interrupted.
01-Feb-2025 19:48:33 CST  Closed file root://cmsxrootd.fnal.gov//store/mc/Run3Summer22MiniAODv4/ZZZ_TuneCP5_13p6TeV_amcatnlo-pythia8/MINIAODSIM/130X_mcRun3_2022_realistic_v5-v2/50000/0cbfc794-28b0-4119-adca-c0c85b819fcf.root
01-Feb-2025 19:48:33 CST  Initiating request to open file root://cmsxrootd.fnal.gov//store/mc/Run3Summer22MiniAODv4/ZZZ_TuneCP5_13p6TeV_amcatnlo-pythia8/MINIAODSIM/130X_mcRun3_2022_realistic_v5-v2/50000/04492a08-39cf-4767-80f5-60e5394def75.root
01-Feb-2025 19:48:34 CST  Successfully opened file root://cmsxrootd.fnal.gov//store/mc/Run3Summer22MiniAODv4/ZZZ_TuneCP5_13p6TeV_amcatnlo-pythia8/MINIAODSIM/130X_mcRun3_2022_realistic_v5-v2/50000/04492a08-39cf-4767-80f5-60e5394def75.root
[2025-02-01 19:50:26.351963 -0600][Error  ][PostMaster        ] [cmsxrootd-site2.fnal.gov:1093] Forcing error on disconnect: [ERROR] Operation interrupted.
[2025-02-01 19:50:27.667824 -0600][Error  ][PostMaster        ] [cmsstor208.fnal.gov:22637] Forcing error on disconnect: [ERROR] Operation interrupted.
Begin processing the 900001st record. Run 1, Event 187795, LumiSection 259 on stream 0 at 01-Feb-2025 19:50:41.180 CST
01-Feb-2025 19:50:41 CST  Closed file root://cmsxrootd.fnal.gov//store/mc/Run3Summer22MiniAODv4/ZZZ_TuneCP5_13p6TeV_amcatnlo-pythia8/MINIAODSIM/130X_mcRun3_2022_realistic_v5-v2/50000/04492a08-39cf-4767-80f5-60e5394def75.root
01-Feb-2025 19:50:41 CST  Initiating request to open file root://cmsxrootd.fnal.gov//store/mc/Run3Summer22MiniAODv4/ZZZ_TuneCP5_13p6TeV_amcatnlo-pythia8/MINIAODSIM/130X_mcRun3_2022_realistic_v5-v2/50000/26ef329a-78c3-4194-afd5-f98daec0c255.root
01-Feb-2025 19:50:42 CST  Successfully opened file root://cmsxrootd.fnal.gov//store/mc/Run3Summer22MiniAODv4/ZZZ_TuneCP5_13p6TeV_amcatnlo-pythia8/MINIAODSIM/130X_mcRun3_2022_realistic_v5-v2/50000/26ef329a-78c3-4194-afd5-f98daec0c255.root
[2025-02-01 19:51:50.435571 -0600][Error  ][PostMaster        ] [cmsstor210.fnal.gov:19590] Forcing error on disconnect: [ERROR] Operation interrupted.
[2025-02-01 19:51:51.415817 -0600][Error  ][PostMaster        ] [cmssrv608.fnal.gov:1093] Forcing error on disconnect: [ERROR] Operation interrupted.
[2025-02-01 19:52:08.752700 -0600][Error  ][PostMaster        ] [cmsstor336.fnal.gov:15277] Forcing error on disconnect: [ERROR] Operation interrupted.
      0.015908      0.000016      0.017923             0
 
01-Feb-2025 19:53:06 CST  Closed file root://cmsxrootd.fnal.gov//store/mc/Run3Summer22MiniAODv4/ZZZ_TuneCP5_13p6TeV_amcatnlo-pythia8/MINIAODSIM/130X_mcRun3_2022_realistic_v5-v2/50000/26ef329a-78c3-4194-afd5-f98daec0c255.root

------------------------------------
GenXsecAnalyzer:
------------------------------------
-------------------------------------------------------------------------------------------------------------------------------------------------------------------------- 
Overall cross-section summary 
--------------------------------------------------------------------------------------------------------------------------------------------------------------------------
Process		xsec_before [pb]		passed	nposw	nnegw	tried	nposw	nnegw 	xsec_match [pb]			accepted [%]	 event_eff [%]
0		1.591e-02 +/- 7.828e-06		1000428	944882	55546	1000428	944882	55546	1.591e-02 +/- 7.828e-06		100.0 +/- 0.0	100.0 +/- 0.0
-------------------------------------------------------------------------------------------------------------------------------------------------------------------------- 
Total		1.591e-02 +/- 7.828e-06		1000428	944882	55546	1000428	944882	55546	1.591e-02 +/- 7.828e-06		100.0 +/- 0.0	100.0 +/- 0.0
--------------------------------------------------------------------------------------------------------------------------------------------------------------------------
Before matching: total cross section = 1.591e-02 +- 7.828e-06 pb
After matching: total cross section = 1.591e-02 +- 7.828e-06 pb
Matching efficiency = 1.0 +/- 0.0   [TO BE USED IN MCM]
Filter efficiency (taking into account weights)= (15939.3) / (15939.3) = 1.000e+00 +- 0.000e+00
Filter efficiency (event-level)= (1.00043e+06) / (1.00043e+06) = 1.000e+00 +- 0.000e+00    [TO BE USED IN MCM]

After filter: final cross section = 1.591e-02 +- 7.828e-06 pb
After filter: final fraction of events with negative weights = 5.552e-02 +- 3.100e-06
After filter: final equivalent lumi for 1M events (1/fb) = 4.968e+04 +- 4.922e+01
