01-Feb-2025 16:29:28 CST  Initiating request to open file root://cmsxrootd.fnal.gov//store/mc/Run3Summer23MiniAODv4/DYto2L-4Jets_MLL-120_HT-400to800_TuneCP5_13p6TeV_madgraphMLM-pythia8/MINIAODSIM/130X_mcRun3_2023_realistic_v15-v2/2820000/87b76852-04d2-4969-ba82-47bdab2a86c4.root
01-Feb-2025 16:29:33 CST  Successfully opened file root://cmsxrootd.fnal.gov//store/mc/Run3Summer23MiniAODv4/DYto2L-4Jets_MLL-120_HT-400to800_TuneCP5_13p6TeV_madgraphMLM-pythia8/MINIAODSIM/130X_mcRun3_2023_realistic_v15-v2/2820000/87b76852-04d2-4969-ba82-47bdab2a86c4.root
Begin processing the 1st record. Run 1, Event 12364677, LumiSection 1084 on stream 0 at 01-Feb-2025 16:29:37.354 CST
01-Feb-2025 16:29:37 CST  Closed file root://cmsxrootd.fnal.gov//store/mc/Run3Summer23MiniAODv4/DYto2L-4Jets_MLL-120_HT-400to800_TuneCP5_13p6TeV_madgraphMLM-pythia8/MINIAODSIM/130X_mcRun3_2023_realistic_v15-v2/2820000/87b76852-04d2-4969-ba82-47bdab2a86c4.root
01-Feb-2025 16:29:37 CST  Initiating request to open file root://cmsxrootd.fnal.gov//store/mc/Run3Summer23MiniAODv4/DYto2L-4Jets_MLL-120_HT-400to800_TuneCP5_13p6TeV_madgraphMLM-pythia8/MINIAODSIM/130X_mcRun3_2023_realistic_v15-v2/2820000/b91732a2-c217-4b02-9a7a-eb8be7a40910.root
01-Feb-2025 16:29:40 CST  Successfully opened file root://cmsxrootd.fnal.gov//store/mc/Run3Summer23MiniAODv4/DYto2L-4Jets_MLL-120_HT-400to800_TuneCP5_13p6TeV_madgraphMLM-pythia8/MINIAODSIM/130X_mcRun3_2023_realistic_v15-v2/2820000/b91732a2-c217-4b02-9a7a-eb8be7a40910.root
01-Feb-2025 16:29:44 CST  Closed file root://cmsxrootd.fnal.gov//store/mc/Run3Summer23MiniAODv4/DYto2L-4Jets_MLL-120_HT-400to800_TuneCP5_13p6TeV_madgraphMLM-pythia8/MINIAODSIM/130X_mcRun3_2023_realistic_v15-v2/2820000/b91732a2-c217-4b02-9a7a-eb8be7a40910.root
01-Feb-2025 16:29:44 CST  Initiating request to open file root://cmsxrootd.fnal.gov//store/mc/Run3Summer23MiniAODv4/DYto2L-4Jets_MLL-120_HT-400to800_TuneCP5_13p6TeV_madgraphMLM-pythia8/MINIAODSIM/130X_mcRun3_2023_realistic_v15-v2/2820000/064f544d-7133-4fb1-8ba8-072cfda95077.root
01-Feb-2025 16:29:47 CST  Successfully opened file root://cmsxrootd.fnal.gov//store/mc/Run3Summer23MiniAODv4/DYto2L-4Jets_MLL-120_HT-400to800_TuneCP5_13p6TeV_madgraphMLM-pythia8/MINIAODSIM/130X_mcRun3_2023_realistic_v15-v2/2820000/064f544d-7133-4fb1-8ba8-072cfda95077.root
01-Feb-2025 16:29:50 CST  Closed file root://cmsxrootd.fnal.gov//store/mc/Run3Summer23MiniAODv4/DYto2L-4Jets_MLL-120_HT-400to800_TuneCP5_13p6TeV_madgraphMLM-pythia8/MINIAODSIM/130X_mcRun3_2023_realistic_v15-v2/2820000/064f544d-7133-4fb1-8ba8-072cfda95077.root
01-Feb-2025 16:29:50 CST  Initiating request to open file root://cmsxrootd.fnal.gov//store/mc/Run3Summer23MiniAODv4/DYto2L-4Jets_MLL-120_HT-400to800_TuneCP5_13p6TeV_madgraphMLM-pythia8/MINIAODSIM/130X_mcRun3_2023_realistic_v15-v2/2820000/4d7621c8-6c95-4e6c-8c4c-7fee38a91e84.root
01-Feb-2025 16:29:52 CST  Successfully opened file root://cmsxrootd.fnal.gov//store/mc/Run3Summer23MiniAODv4/DYto2L-4Jets_MLL-120_HT-400to800_TuneCP5_13p6TeV_madgraphMLM-pythia8/MINIAODSIM/130X_mcRun3_2023_realistic_v15-v2/2820000/4d7621c8-6c95-4e6c-8c4c-7fee38a91e84.root
01-Feb-2025 16:29:57 CST  Closed file root://cmsxrootd.fnal.gov//store/mc/Run3Summer23MiniAODv4/DYto2L-4Jets_MLL-120_HT-400to800_TuneCP5_13p6TeV_madgraphMLM-pythia8/MINIAODSIM/130X_mcRun3_2023_realistic_v15-v2/2820000/4d7621c8-6c95-4e6c-8c4c-7fee38a91e84.root
01-Feb-2025 16:29:57 CST  Initiating request to open file root://cmsxrootd.fnal.gov//store/mc/Run3Summer23MiniAODv4/DYto2L-4Jets_MLL-120_HT-400to800_TuneCP5_13p6TeV_madgraphMLM-pythia8/MINIAODSIM/130X_mcRun3_2023_realistic_v15-v2/2820000/32286dcc-ce18-4a9f-8560-759dfe27ad33.root
01-Feb-2025 16:29:59 CST  Successfully opened file root://cmsxrootd.fnal.gov//store/mc/Run3Summer23MiniAODv4/DYto2L-4Jets_MLL-120_HT-400to800_TuneCP5_13p6TeV_madgraphMLM-pythia8/MINIAODSIM/130X_mcRun3_2023_realistic_v15-v2/2820000/32286dcc-ce18-4a9f-8560-759dfe27ad33.root
01-Feb-2025 16:30:02 CST  Closed file root://cmsxrootd.fnal.gov//store/mc/Run3Summer23MiniAODv4/DYto2L-4Jets_MLL-120_HT-400to800_TuneCP5_13p6TeV_madgraphMLM-pythia8/MINIAODSIM/130X_mcRun3_2023_realistic_v15-v2/2820000/32286dcc-ce18-4a9f-8560-759dfe27ad33.root
01-Feb-2025 16:30:02 CST  Initiating request to open file root://cmsxrootd.fnal.gov//store/mc/Run3Summer23MiniAODv4/DYto2L-4Jets_MLL-120_HT-400to800_TuneCP5_13p6TeV_madgraphMLM-pythia8/MINIAODSIM/130X_mcRun3_2023_realistic_v15-v2/2820000/684aa961-fffb-4de5-b91f-a9507a0ba668.root
01-Feb-2025 16:30:05 CST  Successfully opened file root://cmsxrootd.fnal.gov//store/mc/Run3Summer23MiniAODv4/DYto2L-4Jets_MLL-120_HT-400to800_TuneCP5_13p6TeV_madgraphMLM-pythia8/MINIAODSIM/130X_mcRun3_2023_realistic_v15-v2/2820000/684aa961-fffb-4de5-b91f-a9507a0ba668.root
Begin processing the 100001st record. Run 1, Event 5317453, LumiSection 466 on stream 0 at 01-Feb-2025 16:30:08.829 CST
01-Feb-2025 16:30:09 CST  Closed file root://cmsxrootd.fnal.gov//store/mc/Run3Summer23MiniAODv4/DYto2L-4Jets_MLL-120_HT-400to800_TuneCP5_13p6TeV_madgraphMLM-pythia8/MINIAODSIM/130X_mcRun3_2023_realistic_v15-v2/2820000/684aa961-fffb-4de5-b91f-a9507a0ba668.root
01-Feb-2025 16:30:09 CST  Initiating request to open file root://cmsxrootd.fnal.gov//store/mc/Run3Summer23MiniAODv4/DYto2L-4Jets_MLL-120_HT-400to800_TuneCP5_13p6TeV_madgraphMLM-pythia8/MINIAODSIM/130X_mcRun3_2023_realistic_v15-v2/2820000/057f32bb-8f0e-4bad-a614-cb7aebf7a2fd.root
01-Feb-2025 16:30:11 CST  Successfully opened file root://cmsxrootd.fnal.gov//store/mc/Run3Summer23MiniAODv4/DYto2L-4Jets_MLL-120_HT-400to800_TuneCP5_13p6TeV_madgraphMLM-pythia8/MINIAODSIM/130X_mcRun3_2023_realistic_v15-v2/2820000/057f32bb-8f0e-4bad-a614-cb7aebf7a2fd.root
01-Feb-2025 16:30:14 CST  Closed file root://cmsxrootd.fnal.gov//store/mc/Run3Summer23MiniAODv4/DYto2L-4Jets_MLL-120_HT-400to800_TuneCP5_13p6TeV_madgraphMLM-pythia8/MINIAODSIM/130X_mcRun3_2023_realistic_v15-v2/2820000/057f32bb-8f0e-4bad-a614-cb7aebf7a2fd.root
01-Feb-2025 16:30:14 CST  Initiating request to open file root://cmsxrootd.fnal.gov//store/mc/Run3Summer23MiniAODv4/DYto2L-4Jets_MLL-120_HT-400to800_TuneCP5_13p6TeV_madgraphMLM-pythia8/MINIAODSIM/130X_mcRun3_2023_realistic_v15-v2/2820000/c77866f3-86d4-45a7-907b-c31682f8e28a.root
01-Feb-2025 16:30:17 CST  Successfully opened file root://cmsxrootd.fnal.gov//store/mc/Run3Summer23MiniAODv4/DYto2L-4Jets_MLL-120_HT-400to800_TuneCP5_13p6TeV_madgraphMLM-pythia8/MINIAODSIM/130X_mcRun3_2023_realistic_v15-v2/2820000/c77866f3-86d4-45a7-907b-c31682f8e28a.root
01-Feb-2025 16:30:20 CST  Closed file root://cmsxrootd.fnal.gov//store/mc/Run3Summer23MiniAODv4/DYto2L-4Jets_MLL-120_HT-400to800_TuneCP5_13p6TeV_madgraphMLM-pythia8/MINIAODSIM/130X_mcRun3_2023_realistic_v15-v2/2820000/c77866f3-86d4-45a7-907b-c31682f8e28a.root
01-Feb-2025 16:30:20 CST  Initiating request to open file root://cmsxrootd.fnal.gov//store/mc/Run3Summer23MiniAODv4/DYto2L-4Jets_MLL-120_HT-400to800_TuneCP5_13p6TeV_madgraphMLM-pythia8/MINIAODSIM/130X_mcRun3_2023_realistic_v15-v2/2820000/fcbf298e-00b6-42e4-9a74-050ac9fa53ee.root
01-Feb-2025 16:30:23 CST  Successfully opened file root://cmsxrootd.fnal.gov//store/mc/Run3Summer23MiniAODv4/DYto2L-4Jets_MLL-120_HT-400to800_TuneCP5_13p6TeV_madgraphMLM-pythia8/MINIAODSIM/130X_mcRun3_2023_realistic_v15-v2/2820000/fcbf298e-00b6-42e4-9a74-050ac9fa53ee.root
01-Feb-2025 16:30:27 CST  Closed file root://cmsxrootd.fnal.gov//store/mc/Run3Summer23MiniAODv4/DYto2L-4Jets_MLL-120_HT-400to800_TuneCP5_13p6TeV_madgraphMLM-pythia8/MINIAODSIM/130X_mcRun3_2023_realistic_v15-v2/2820000/fcbf298e-00b6-42e4-9a74-050ac9fa53ee.root
01-Feb-2025 16:30:27 CST  Initiating request to open file root://cmsxrootd.fnal.gov//store/mc/Run3Summer23MiniAODv4/DYto2L-4Jets_MLL-120_HT-400to800_TuneCP5_13p6TeV_madgraphMLM-pythia8/MINIAODSIM/130X_mcRun3_2023_realistic_v15-v2/2820000/35fc3db2-6cae-486f-908a-aaa033099876.root
01-Feb-2025 16:30:30 CST  Successfully opened file root://cmsxrootd.fnal.gov//store/mc/Run3Summer23MiniAODv4/DYto2L-4Jets_MLL-120_HT-400to800_TuneCP5_13p6TeV_madgraphMLM-pythia8/MINIAODSIM/130X_mcRun3_2023_realistic_v15-v2/2820000/35fc3db2-6cae-486f-908a-aaa033099876.root
01-Feb-2025 16:30:33 CST  Closed file root://cmsxrootd.fnal.gov//store/mc/Run3Summer23MiniAODv4/DYto2L-4Jets_MLL-120_HT-400to800_TuneCP5_13p6TeV_madgraphMLM-pythia8/MINIAODSIM/130X_mcRun3_2023_realistic_v15-v2/2820000/35fc3db2-6cae-486f-908a-aaa033099876.root
01-Feb-2025 16:30:33 CST  Initiating request to open file root://cmsxrootd.fnal.gov//store/mc/Run3Summer23MiniAODv4/DYto2L-4Jets_MLL-120_HT-400to800_TuneCP5_13p6TeV_madgraphMLM-pythia8/MINIAODSIM/130X_mcRun3_2023_realistic_v15-v2/2820000/eb8519b7-0f33-427c-86cc-6e8e257207d2.root
01-Feb-2025 16:30:35 CST  Successfully opened file root://cmsxrootd.fnal.gov//store/mc/Run3Summer23MiniAODv4/DYto2L-4Jets_MLL-120_HT-400to800_TuneCP5_13p6TeV_madgraphMLM-pythia8/MINIAODSIM/130X_mcRun3_2023_realistic_v15-v2/2820000/eb8519b7-0f33-427c-86cc-6e8e257207d2.root
01-Feb-2025 16:30:39 CST  Closed file root://cmsxrootd.fnal.gov//store/mc/Run3Summer23MiniAODv4/DYto2L-4Jets_MLL-120_HT-400to800_TuneCP5_13p6TeV_madgraphMLM-pythia8/MINIAODSIM/130X_mcRun3_2023_realistic_v15-v2/2820000/eb8519b7-0f33-427c-86cc-6e8e257207d2.root
01-Feb-2025 16:30:39 CST  Initiating request to open file root://cmsxrootd.fnal.gov//store/mc/Run3Summer23MiniAODv4/DYto2L-4Jets_MLL-120_HT-400to800_TuneCP5_13p6TeV_madgraphMLM-pythia8/MINIAODSIM/130X_mcRun3_2023_realistic_v15-v2/2820000/963582b2-3928-4e8e-816d-4553770a9c94.root
01-Feb-2025 16:30:42 CST  Successfully opened file root://cmsxrootd.fnal.gov//store/mc/Run3Summer23MiniAODv4/DYto2L-4Jets_MLL-120_HT-400to800_TuneCP5_13p6TeV_madgraphMLM-pythia8/MINIAODSIM/130X_mcRun3_2023_realistic_v15-v2/2820000/963582b2-3928-4e8e-816d-4553770a9c94.root
Begin processing the 200001st record. Run 1, Event 3419455, LumiSection 300 on stream 0 at 01-Feb-2025 16:30:46.618 CST
01-Feb-2025 16:30:46 CST  Closed file root://cmsxrootd.fnal.gov//store/mc/Run3Summer23MiniAODv4/DYto2L-4Jets_MLL-120_HT-400to800_TuneCP5_13p6TeV_madgraphMLM-pythia8/MINIAODSIM/130X_mcRun3_2023_realistic_v15-v2/2820000/963582b2-3928-4e8e-816d-4553770a9c94.root
01-Feb-2025 16:30:46 CST  Initiating request to open file root://cmsxrootd.fnal.gov//store/mc/Run3Summer23MiniAODv4/DYto2L-4Jets_MLL-120_HT-400to800_TuneCP5_13p6TeV_madgraphMLM-pythia8/MINIAODSIM/130X_mcRun3_2023_realistic_v15-v2/2820000/991b5970-b818-40f1-a001-ff926cba8975.root
01-Feb-2025 16:30:49 CST  Successfully opened file root://cmsxrootd.fnal.gov//store/mc/Run3Summer23MiniAODv4/DYto2L-4Jets_MLL-120_HT-400to800_TuneCP5_13p6TeV_madgraphMLM-pythia8/MINIAODSIM/130X_mcRun3_2023_realistic_v15-v2/2820000/991b5970-b818-40f1-a001-ff926cba8975.root
01-Feb-2025 16:30:51 CST  Closed file root://cmsxrootd.fnal.gov//store/mc/Run3Summer23MiniAODv4/DYto2L-4Jets_MLL-120_HT-400to800_TuneCP5_13p6TeV_madgraphMLM-pythia8/MINIAODSIM/130X_mcRun3_2023_realistic_v15-v2/2820000/991b5970-b818-40f1-a001-ff926cba8975.root
01-Feb-2025 16:30:51 CST  Initiating request to open file root://cmsxrootd.fnal.gov//store/mc/Run3Summer23MiniAODv4/DYto2L-4Jets_MLL-120_HT-400to800_TuneCP5_13p6TeV_madgraphMLM-pythia8/MINIAODSIM/130X_mcRun3_2023_realistic_v15-v2/2820000/0346857d-f7f7-4666-86a6-616fce3d4432.root
01-Feb-2025 16:30:54 CST  Successfully opened file root://cmsxrootd.fnal.gov//store/mc/Run3Summer23MiniAODv4/DYto2L-4Jets_MLL-120_HT-400to800_TuneCP5_13p6TeV_madgraphMLM-pythia8/MINIAODSIM/130X_mcRun3_2023_realistic_v15-v2/2820000/0346857d-f7f7-4666-86a6-616fce3d4432.root
01-Feb-2025 16:30:58 CST  Closed file root://cmsxrootd.fnal.gov//store/mc/Run3Summer23MiniAODv4/DYto2L-4Jets_MLL-120_HT-400to800_TuneCP5_13p6TeV_madgraphMLM-pythia8/MINIAODSIM/130X_mcRun3_2023_realistic_v15-v2/2820000/0346857d-f7f7-4666-86a6-616fce3d4432.root
01-Feb-2025 16:30:58 CST  Initiating request to open file root://cmsxrootd.fnal.gov//store/mc/Run3Summer23MiniAODv4/DYto2L-4Jets_MLL-120_HT-400to800_TuneCP5_13p6TeV_madgraphMLM-pythia8/MINIAODSIM/130X_mcRun3_2023_realistic_v15-v2/2820000/84562327-5ac9-4ef1-8517-2acd690d3d0d.root
01-Feb-2025 16:31:00 CST  Successfully opened file root://cmsxrootd.fnal.gov//store/mc/Run3Summer23MiniAODv4/DYto2L-4Jets_MLL-120_HT-400to800_TuneCP5_13p6TeV_madgraphMLM-pythia8/MINIAODSIM/130X_mcRun3_2023_realistic_v15-v2/2820000/84562327-5ac9-4ef1-8517-2acd690d3d0d.root
01-Feb-2025 16:31:03 CST  Closed file root://cmsxrootd.fnal.gov//store/mc/Run3Summer23MiniAODv4/DYto2L-4Jets_MLL-120_HT-400to800_TuneCP5_13p6TeV_madgraphMLM-pythia8/MINIAODSIM/130X_mcRun3_2023_realistic_v15-v2/2820000/84562327-5ac9-4ef1-8517-2acd690d3d0d.root
01-Feb-2025 16:31:03 CST  Initiating request to open file root://cmsxrootd.fnal.gov//store/mc/Run3Summer23MiniAODv4/DYto2L-4Jets_MLL-120_HT-400to800_TuneCP5_13p6TeV_madgraphMLM-pythia8/MINIAODSIM/130X_mcRun3_2023_realistic_v15-v2/2820000/173c055b-8094-465c-9dbc-532737c1dcb7.root
01-Feb-2025 16:31:06 CST  Successfully opened file root://cmsxrootd.fnal.gov//store/mc/Run3Summer23MiniAODv4/DYto2L-4Jets_MLL-120_HT-400to800_TuneCP5_13p6TeV_madgraphMLM-pythia8/MINIAODSIM/130X_mcRun3_2023_realistic_v15-v2/2820000/173c055b-8094-465c-9dbc-532737c1dcb7.root
01-Feb-2025 16:31:11 CST  Closed file root://cmsxrootd.fnal.gov//store/mc/Run3Summer23MiniAODv4/DYto2L-4Jets_MLL-120_HT-400to800_TuneCP5_13p6TeV_madgraphMLM-pythia8/MINIAODSIM/130X_mcRun3_2023_realistic_v15-v2/2820000/173c055b-8094-465c-9dbc-532737c1dcb7.root
01-Feb-2025 16:31:11 CST  Initiating request to open file root://cmsxrootd.fnal.gov//store/mc/Run3Summer23MiniAODv4/DYto2L-4Jets_MLL-120_HT-400to800_TuneCP5_13p6TeV_madgraphMLM-pythia8/MINIAODSIM/130X_mcRun3_2023_realistic_v15-v2/2820000/22ed18f8-a8ef-47eb-bd03-edb7fdb68f5c.root
01-Feb-2025 16:31:13 CST  Successfully opened file root://cmsxrootd.fnal.gov//store/mc/Run3Summer23MiniAODv4/DYto2L-4Jets_MLL-120_HT-400to800_TuneCP5_13p6TeV_madgraphMLM-pythia8/MINIAODSIM/130X_mcRun3_2023_realistic_v15-v2/2820000/22ed18f8-a8ef-47eb-bd03-edb7fdb68f5c.root
01-Feb-2025 16:31:18 CST  Closed file root://cmsxrootd.fnal.gov//store/mc/Run3Summer23MiniAODv4/DYto2L-4Jets_MLL-120_HT-400to800_TuneCP5_13p6TeV_madgraphMLM-pythia8/MINIAODSIM/130X_mcRun3_2023_realistic_v15-v2/2820000/22ed18f8-a8ef-47eb-bd03-edb7fdb68f5c.root
01-Feb-2025 16:31:18 CST  Initiating request to open file root://cmsxrootd.fnal.gov//store/mc/Run3Summer23MiniAODv4/DYto2L-4Jets_MLL-120_HT-400to800_TuneCP5_13p6TeV_madgraphMLM-pythia8/MINIAODSIM/130X_mcRun3_2023_realistic_v15-v2/2820000/c7279fbe-456b-4b7f-aa29-b8f4b2e1ccc1.root
01-Feb-2025 16:31:20 CST  Successfully opened file root://cmsxrootd.fnal.gov//store/mc/Run3Summer23MiniAODv4/DYto2L-4Jets_MLL-120_HT-400to800_TuneCP5_13p6TeV_madgraphMLM-pythia8/MINIAODSIM/130X_mcRun3_2023_realistic_v15-v2/2820000/c7279fbe-456b-4b7f-aa29-b8f4b2e1ccc1.root
Begin processing the 300001st record. Run 1, Event 5886524, LumiSection 516 on stream 0 at 01-Feb-2025 16:31:25.297 CST
01-Feb-2025 16:31:25 CST  Closed file root://cmsxrootd.fnal.gov//store/mc/Run3Summer23MiniAODv4/DYto2L-4Jets_MLL-120_HT-400to800_TuneCP5_13p6TeV_madgraphMLM-pythia8/MINIAODSIM/130X_mcRun3_2023_realistic_v15-v2/2820000/c7279fbe-456b-4b7f-aa29-b8f4b2e1ccc1.root
01-Feb-2025 16:31:25 CST  Initiating request to open file root://cmsxrootd.fnal.gov//store/mc/Run3Summer23MiniAODv4/DYto2L-4Jets_MLL-120_HT-400to800_TuneCP5_13p6TeV_madgraphMLM-pythia8/MINIAODSIM/130X_mcRun3_2023_realistic_v15-v2/2820000/2bff43b5-050d-4f49-8a22-f4c6fa80039c.root
01-Feb-2025 16:31:27 CST  Successfully opened file root://cmsxrootd.fnal.gov//store/mc/Run3Summer23MiniAODv4/DYto2L-4Jets_MLL-120_HT-400to800_TuneCP5_13p6TeV_madgraphMLM-pythia8/MINIAODSIM/130X_mcRun3_2023_realistic_v15-v2/2820000/2bff43b5-050d-4f49-8a22-f4c6fa80039c.root
01-Feb-2025 16:31:31 CST  Closed file root://cmsxrootd.fnal.gov//store/mc/Run3Summer23MiniAODv4/DYto2L-4Jets_MLL-120_HT-400to800_TuneCP5_13p6TeV_madgraphMLM-pythia8/MINIAODSIM/130X_mcRun3_2023_realistic_v15-v2/2820000/2bff43b5-050d-4f49-8a22-f4c6fa80039c.root
01-Feb-2025 16:31:31 CST  Initiating request to open file root://cmsxrootd.fnal.gov//store/mc/Run3Summer23MiniAODv4/DYto2L-4Jets_MLL-120_HT-400to800_TuneCP5_13p6TeV_madgraphMLM-pythia8/MINIAODSIM/130X_mcRun3_2023_realistic_v15-v2/2820000/f95c2253-6d79-42ef-941a-92118a60a886.root
01-Feb-2025 16:31:34 CST  Successfully opened file root://cmsxrootd.fnal.gov//store/mc/Run3Summer23MiniAODv4/DYto2L-4Jets_MLL-120_HT-400to800_TuneCP5_13p6TeV_madgraphMLM-pythia8/MINIAODSIM/130X_mcRun3_2023_realistic_v15-v2/2820000/f95c2253-6d79-42ef-941a-92118a60a886.root
01-Feb-2025 16:31:39 CST  Closed file root://cmsxrootd.fnal.gov//store/mc/Run3Summer23MiniAODv4/DYto2L-4Jets_MLL-120_HT-400to800_TuneCP5_13p6TeV_madgraphMLM-pythia8/MINIAODSIM/130X_mcRun3_2023_realistic_v15-v2/2820000/f95c2253-6d79-42ef-941a-92118a60a886.root
01-Feb-2025 16:31:39 CST  Initiating request to open file root://cmsxrootd.fnal.gov//store/mc/Run3Summer23MiniAODv4/DYto2L-4Jets_MLL-120_HT-400to800_TuneCP5_13p6TeV_madgraphMLM-pythia8/MINIAODSIM/130X_mcRun3_2023_realistic_v15-v2/2820000/57d4b4f7-3f8e-419d-840c-5b49ee04f1b4.root
01-Feb-2025 16:31:41 CST  Successfully opened file root://cmsxrootd.fnal.gov//store/mc/Run3Summer23MiniAODv4/DYto2L-4Jets_MLL-120_HT-400to800_TuneCP5_13p6TeV_madgraphMLM-pythia8/MINIAODSIM/130X_mcRun3_2023_realistic_v15-v2/2820000/57d4b4f7-3f8e-419d-840c-5b49ee04f1b4.root
01-Feb-2025 16:31:46 CST  Closed file root://cmsxrootd.fnal.gov//store/mc/Run3Summer23MiniAODv4/DYto2L-4Jets_MLL-120_HT-400to800_TuneCP5_13p6TeV_madgraphMLM-pythia8/MINIAODSIM/130X_mcRun3_2023_realistic_v15-v2/2820000/57d4b4f7-3f8e-419d-840c-5b49ee04f1b4.root
01-Feb-2025 16:31:46 CST  Initiating request to open file root://cmsxrootd.fnal.gov//store/mc/Run3Summer23MiniAODv4/DYto2L-4Jets_MLL-120_HT-400to800_TuneCP5_13p6TeV_madgraphMLM-pythia8/MINIAODSIM/130X_mcRun3_2023_realistic_v15-v2/2820000/2a9fc710-3bda-4b5d-b9b7-99d5f2bedc5c.root
01-Feb-2025 16:31:48 CST  Successfully opened file root://cmsxrootd.fnal.gov//store/mc/Run3Summer23MiniAODv4/DYto2L-4Jets_MLL-120_HT-400to800_TuneCP5_13p6TeV_madgraphMLM-pythia8/MINIAODSIM/130X_mcRun3_2023_realistic_v15-v2/2820000/2a9fc710-3bda-4b5d-b9b7-99d5f2bedc5c.root
01-Feb-2025 16:31:52 CST  Closed file root://cmsxrootd.fnal.gov//store/mc/Run3Summer23MiniAODv4/DYto2L-4Jets_MLL-120_HT-400to800_TuneCP5_13p6TeV_madgraphMLM-pythia8/MINIAODSIM/130X_mcRun3_2023_realistic_v15-v2/2820000/2a9fc710-3bda-4b5d-b9b7-99d5f2bedc5c.root
01-Feb-2025 16:31:52 CST  Initiating request to open file root://cmsxrootd.fnal.gov//store/mc/Run3Summer23MiniAODv4/DYto2L-4Jets_MLL-120_HT-400to800_TuneCP5_13p6TeV_madgraphMLM-pythia8/MINIAODSIM/130X_mcRun3_2023_realistic_v15-v2/2820000/ce1e9827-adda-4bae-960e-412255f03658.root
01-Feb-2025 16:31:55 CST  Successfully opened file root://cmsxrootd.fnal.gov//store/mc/Run3Summer23MiniAODv4/DYto2L-4Jets_MLL-120_HT-400to800_TuneCP5_13p6TeV_madgraphMLM-pythia8/MINIAODSIM/130X_mcRun3_2023_realistic_v15-v2/2820000/ce1e9827-adda-4bae-960e-412255f03658.root
Begin processing the 400001st record. Run 1, Event 3150447, LumiSection 276 on stream 0 at 01-Feb-2025 16:32:00.832 CST
01-Feb-2025 16:32:00 CST  Closed file root://cmsxrootd.fnal.gov//store/mc/Run3Summer23MiniAODv4/DYto2L-4Jets_MLL-120_HT-400to800_TuneCP5_13p6TeV_madgraphMLM-pythia8/MINIAODSIM/130X_mcRun3_2023_realistic_v15-v2/2820000/ce1e9827-adda-4bae-960e-412255f03658.root
01-Feb-2025 16:32:00 CST  Initiating request to open file root://cmsxrootd.fnal.gov//store/mc/Run3Summer23MiniAODv4/DYto2L-4Jets_MLL-120_HT-400to800_TuneCP5_13p6TeV_madgraphMLM-pythia8/MINIAODSIM/130X_mcRun3_2023_realistic_v15-v2/2820000/3f8803b3-59ac-4728-8e27-a3185b87d412.root
01-Feb-2025 16:32:03 CST  Successfully opened file root://cmsxrootd.fnal.gov//store/mc/Run3Summer23MiniAODv4/DYto2L-4Jets_MLL-120_HT-400to800_TuneCP5_13p6TeV_madgraphMLM-pythia8/MINIAODSIM/130X_mcRun3_2023_realistic_v15-v2/2820000/3f8803b3-59ac-4728-8e27-a3185b87d412.root
01-Feb-2025 16:32:08 CST  Closed file root://cmsxrootd.fnal.gov//store/mc/Run3Summer23MiniAODv4/DYto2L-4Jets_MLL-120_HT-400to800_TuneCP5_13p6TeV_madgraphMLM-pythia8/MINIAODSIM/130X_mcRun3_2023_realistic_v15-v2/2820000/3f8803b3-59ac-4728-8e27-a3185b87d412.root
01-Feb-2025 16:32:08 CST  Initiating request to open file root://cmsxrootd.fnal.gov//store/mc/Run3Summer23MiniAODv4/DYto2L-4Jets_MLL-120_HT-400to800_TuneCP5_13p6TeV_madgraphMLM-pythia8/MINIAODSIM/130X_mcRun3_2023_realistic_v15-v2/2820000/10f8b691-b0b7-4211-9ae4-9d6abbcb8191.root
01-Feb-2025 16:32:10 CST  Successfully opened file root://cmsxrootd.fnal.gov//store/mc/Run3Summer23MiniAODv4/DYto2L-4Jets_MLL-120_HT-400to800_TuneCP5_13p6TeV_madgraphMLM-pythia8/MINIAODSIM/130X_mcRun3_2023_realistic_v15-v2/2820000/10f8b691-b0b7-4211-9ae4-9d6abbcb8191.root
01-Feb-2025 16:32:16 CST  Closed file root://cmsxrootd.fnal.gov//store/mc/Run3Summer23MiniAODv4/DYto2L-4Jets_MLL-120_HT-400to800_TuneCP5_13p6TeV_madgraphMLM-pythia8/MINIAODSIM/130X_mcRun3_2023_realistic_v15-v2/2820000/10f8b691-b0b7-4211-9ae4-9d6abbcb8191.root
01-Feb-2025 16:32:16 CST  Initiating request to open file root://cmsxrootd.fnal.gov//store/mc/Run3Summer23MiniAODv4/DYto2L-4Jets_MLL-120_HT-400to800_TuneCP5_13p6TeV_madgraphMLM-pythia8/MINIAODSIM/130X_mcRun3_2023_realistic_v15-v2/2820000/60424169-5ade-472e-aed3-334d38660f75.root
01-Feb-2025 16:32:18 CST  Successfully opened file root://cmsxrootd.fnal.gov//store/mc/Run3Summer23MiniAODv4/DYto2L-4Jets_MLL-120_HT-400to800_TuneCP5_13p6TeV_madgraphMLM-pythia8/MINIAODSIM/130X_mcRun3_2023_realistic_v15-v2/2820000/60424169-5ade-472e-aed3-334d38660f75.root
01-Feb-2025 16:32:23 CST  Closed file root://cmsxrootd.fnal.gov//store/mc/Run3Summer23MiniAODv4/DYto2L-4Jets_MLL-120_HT-400to800_TuneCP5_13p6TeV_madgraphMLM-pythia8/MINIAODSIM/130X_mcRun3_2023_realistic_v15-v2/2820000/60424169-5ade-472e-aed3-334d38660f75.root
01-Feb-2025 16:32:23 CST  Initiating request to open file root://cmsxrootd.fnal.gov//store/mc/Run3Summer23MiniAODv4/DYto2L-4Jets_MLL-120_HT-400to800_TuneCP5_13p6TeV_madgraphMLM-pythia8/MINIAODSIM/130X_mcRun3_2023_realistic_v15-v2/2820000/f07bc006-1656-4122-aa46-bc6913fe34f5.root
01-Feb-2025 16:32:25 CST  Successfully opened file root://cmsxrootd.fnal.gov//store/mc/Run3Summer23MiniAODv4/DYto2L-4Jets_MLL-120_HT-400to800_TuneCP5_13p6TeV_madgraphMLM-pythia8/MINIAODSIM/130X_mcRun3_2023_realistic_v15-v2/2820000/f07bc006-1656-4122-aa46-bc6913fe34f5.root
Begin processing the 500001st record. Run 1, Event 18043698, LumiSection 1581 on stream 0 at 01-Feb-2025 16:32:30.045 CST
01-Feb-2025 16:32:30 CST  Closed file root://cmsxrootd.fnal.gov//store/mc/Run3Summer23MiniAODv4/DYto2L-4Jets_MLL-120_HT-400to800_TuneCP5_13p6TeV_madgraphMLM-pythia8/MINIAODSIM/130X_mcRun3_2023_realistic_v15-v2/2820000/f07bc006-1656-4122-aa46-bc6913fe34f5.root
01-Feb-2025 16:32:30 CST  Initiating request to open file root://cmsxrootd.fnal.gov//store/mc/Run3Summer23MiniAODv4/DYto2L-4Jets_MLL-120_HT-400to800_TuneCP5_13p6TeV_madgraphMLM-pythia8/MINIAODSIM/130X_mcRun3_2023_realistic_v15-v2/2820000/be2b32ad-8dff-4954-ba48-607639a5d343.root
01-Feb-2025 16:32:32 CST  Successfully opened file root://cmsxrootd.fnal.gov//store/mc/Run3Summer23MiniAODv4/DYto2L-4Jets_MLL-120_HT-400to800_TuneCP5_13p6TeV_madgraphMLM-pythia8/MINIAODSIM/130X_mcRun3_2023_realistic_v15-v2/2820000/be2b32ad-8dff-4954-ba48-607639a5d343.root
01-Feb-2025 16:32:36 CST  Closed file root://cmsxrootd.fnal.gov//store/mc/Run3Summer23MiniAODv4/DYto2L-4Jets_MLL-120_HT-400to800_TuneCP5_13p6TeV_madgraphMLM-pythia8/MINIAODSIM/130X_mcRun3_2023_realistic_v15-v2/2820000/be2b32ad-8dff-4954-ba48-607639a5d343.root
01-Feb-2025 16:32:36 CST  Initiating request to open file root://cmsxrootd.fnal.gov//store/mc/Run3Summer23MiniAODv4/DYto2L-4Jets_MLL-120_HT-400to800_TuneCP5_13p6TeV_madgraphMLM-pythia8/MINIAODSIM/130X_mcRun3_2023_realistic_v15-v2/2820000/e6f5ad29-40c0-4128-8497-baf9b3122904.root
01-Feb-2025 16:32:38 CST  Successfully opened file root://cmsxrootd.fnal.gov//store/mc/Run3Summer23MiniAODv4/DYto2L-4Jets_MLL-120_HT-400to800_TuneCP5_13p6TeV_madgraphMLM-pythia8/MINIAODSIM/130X_mcRun3_2023_realistic_v15-v2/2820000/e6f5ad29-40c0-4128-8497-baf9b3122904.root
01-Feb-2025 16:32:41 CST  Closed file root://cmsxrootd.fnal.gov//store/mc/Run3Summer23MiniAODv4/DYto2L-4Jets_MLL-120_HT-400to800_TuneCP5_13p6TeV_madgraphMLM-pythia8/MINIAODSIM/130X_mcRun3_2023_realistic_v15-v2/2820000/e6f5ad29-40c0-4128-8497-baf9b3122904.root
01-Feb-2025 16:32:41 CST  Initiating request to open file root://cmsxrootd.fnal.gov//store/mc/Run3Summer23MiniAODv4/DYto2L-4Jets_MLL-120_HT-400to800_TuneCP5_13p6TeV_madgraphMLM-pythia8/MINIAODSIM/130X_mcRun3_2023_realistic_v15-v2/2820000/015cae9f-8df1-40c0-8d6d-d878e1a103f0.root
01-Feb-2025 16:32:43 CST  Successfully opened file root://cmsxrootd.fnal.gov//store/mc/Run3Summer23MiniAODv4/DYto2L-4Jets_MLL-120_HT-400to800_TuneCP5_13p6TeV_madgraphMLM-pythia8/MINIAODSIM/130X_mcRun3_2023_realistic_v15-v2/2820000/015cae9f-8df1-40c0-8d6d-d878e1a103f0.root
01-Feb-2025 16:32:49 CST  Closed file root://cmsxrootd.fnal.gov//store/mc/Run3Summer23MiniAODv4/DYto2L-4Jets_MLL-120_HT-400to800_TuneCP5_13p6TeV_madgraphMLM-pythia8/MINIAODSIM/130X_mcRun3_2023_realistic_v15-v2/2820000/015cae9f-8df1-40c0-8d6d-d878e1a103f0.root
01-Feb-2025 16:32:49 CST  Initiating request to open file root://cmsxrootd.fnal.gov//store/mc/Run3Summer23MiniAODv4/DYto2L-4Jets_MLL-120_HT-400to800_TuneCP5_13p6TeV_madgraphMLM-pythia8/MINIAODSIM/130X_mcRun3_2023_realistic_v15-v2/2820000/8e7af529-1683-41bc-b871-4299932acfe4.root
01-Feb-2025 16:32:51 CST  Successfully opened file root://cmsxrootd.fnal.gov//store/mc/Run3Summer23MiniAODv4/DYto2L-4Jets_MLL-120_HT-400to800_TuneCP5_13p6TeV_madgraphMLM-pythia8/MINIAODSIM/130X_mcRun3_2023_realistic_v15-v2/2820000/8e7af529-1683-41bc-b871-4299932acfe4.root
01-Feb-2025 16:32:56 CST  Closed file root://cmsxrootd.fnal.gov//store/mc/Run3Summer23MiniAODv4/DYto2L-4Jets_MLL-120_HT-400to800_TuneCP5_13p6TeV_madgraphMLM-pythia8/MINIAODSIM/130X_mcRun3_2023_realistic_v15-v2/2820000/8e7af529-1683-41bc-b871-4299932acfe4.root
01-Feb-2025 16:32:56 CST  Initiating request to open file root://cmsxrootd.fnal.gov//store/mc/Run3Summer23MiniAODv4/DYto2L-4Jets_MLL-120_HT-400to800_TuneCP5_13p6TeV_madgraphMLM-pythia8/MINIAODSIM/130X_mcRun3_2023_realistic_v15-v2/2820000/a09202fb-4c9b-4b66-b1f1-2e7b215521d3.root
01-Feb-2025 16:32:58 CST  Successfully opened file root://cmsxrootd.fnal.gov//store/mc/Run3Summer23MiniAODv4/DYto2L-4Jets_MLL-120_HT-400to800_TuneCP5_13p6TeV_madgraphMLM-pythia8/MINIAODSIM/130X_mcRun3_2023_realistic_v15-v2/2820000/a09202fb-4c9b-4b66-b1f1-2e7b215521d3.root
Begin processing the 600001st record. Run 1, Event 19929078, LumiSection 1746 on stream 0 at 01-Feb-2025 16:33:04.487 CST
01-Feb-2025 16:33:04 CST  Closed file root://cmsxrootd.fnal.gov//store/mc/Run3Summer23MiniAODv4/DYto2L-4Jets_MLL-120_HT-400to800_TuneCP5_13p6TeV_madgraphMLM-pythia8/MINIAODSIM/130X_mcRun3_2023_realistic_v15-v2/2820000/a09202fb-4c9b-4b66-b1f1-2e7b215521d3.root
01-Feb-2025 16:33:04 CST  Initiating request to open file root://cmsxrootd.fnal.gov//store/mc/Run3Summer23MiniAODv4/DYto2L-4Jets_MLL-120_HT-400to800_TuneCP5_13p6TeV_madgraphMLM-pythia8/MINIAODSIM/130X_mcRun3_2023_realistic_v15-v2/2820000/814fee85-dcd2-46ca-9702-1e4dfd1639cc.root
01-Feb-2025 16:33:06 CST  Successfully opened file root://cmsxrootd.fnal.gov//store/mc/Run3Summer23MiniAODv4/DYto2L-4Jets_MLL-120_HT-400to800_TuneCP5_13p6TeV_madgraphMLM-pythia8/MINIAODSIM/130X_mcRun3_2023_realistic_v15-v2/2820000/814fee85-dcd2-46ca-9702-1e4dfd1639cc.root
01-Feb-2025 16:33:12 CST  Closed file root://cmsxrootd.fnal.gov//store/mc/Run3Summer23MiniAODv4/DYto2L-4Jets_MLL-120_HT-400to800_TuneCP5_13p6TeV_madgraphMLM-pythia8/MINIAODSIM/130X_mcRun3_2023_realistic_v15-v2/2820000/814fee85-dcd2-46ca-9702-1e4dfd1639cc.root
01-Feb-2025 16:33:12 CST  Initiating request to open file root://cmsxrootd.fnal.gov//store/mc/Run3Summer23MiniAODv4/DYto2L-4Jets_MLL-120_HT-400to800_TuneCP5_13p6TeV_madgraphMLM-pythia8/MINIAODSIM/130X_mcRun3_2023_realistic_v15-v2/2820000/7e57cc4d-1efa-4c3d-9cc4-51e1b0881e43.root
01-Feb-2025 16:33:14 CST  Successfully opened file root://cmsxrootd.fnal.gov//store/mc/Run3Summer23MiniAODv4/DYto2L-4Jets_MLL-120_HT-400to800_TuneCP5_13p6TeV_madgraphMLM-pythia8/MINIAODSIM/130X_mcRun3_2023_realistic_v15-v2/2820000/7e57cc4d-1efa-4c3d-9cc4-51e1b0881e43.root
01-Feb-2025 16:33:21 CST  Closed file root://cmsxrootd.fnal.gov//store/mc/Run3Summer23MiniAODv4/DYto2L-4Jets_MLL-120_HT-400to800_TuneCP5_13p6TeV_madgraphMLM-pythia8/MINIAODSIM/130X_mcRun3_2023_realistic_v15-v2/2820000/7e57cc4d-1efa-4c3d-9cc4-51e1b0881e43.root
01-Feb-2025 16:33:21 CST  Initiating request to open file root://cmsxrootd.fnal.gov//store/mc/Run3Summer23MiniAODv4/DYto2L-4Jets_MLL-120_HT-400to800_TuneCP5_13p6TeV_madgraphMLM-pythia8/MINIAODSIM/130X_mcRun3_2023_realistic_v15-v2/2820000/f167a041-6806-43d6-82db-53d4fae99330.root
01-Feb-2025 16:33:23 CST  Successfully opened file root://cmsxrootd.fnal.gov//store/mc/Run3Summer23MiniAODv4/DYto2L-4Jets_MLL-120_HT-400to800_TuneCP5_13p6TeV_madgraphMLM-pythia8/MINIAODSIM/130X_mcRun3_2023_realistic_v15-v2/2820000/f167a041-6806-43d6-82db-53d4fae99330.root
01-Feb-2025 16:33:30 CST  Closed file root://cmsxrootd.fnal.gov//store/mc/Run3Summer23MiniAODv4/DYto2L-4Jets_MLL-120_HT-400to800_TuneCP5_13p6TeV_madgraphMLM-pythia8/MINIAODSIM/130X_mcRun3_2023_realistic_v15-v2/2820000/f167a041-6806-43d6-82db-53d4fae99330.root
01-Feb-2025 16:33:30 CST  Initiating request to open file root://cmsxrootd.fnal.gov//store/mc/Run3Summer23MiniAODv4/DYto2L-4Jets_MLL-120_HT-400to800_TuneCP5_13p6TeV_madgraphMLM-pythia8/MINIAODSIM/130X_mcRun3_2023_realistic_v15-v2/2820000/6a397e11-6bcf-4af4-9bef-c247b405be45.root
01-Feb-2025 16:33:32 CST  Successfully opened file root://cmsxrootd.fnal.gov//store/mc/Run3Summer23MiniAODv4/DYto2L-4Jets_MLL-120_HT-400to800_TuneCP5_13p6TeV_madgraphMLM-pythia8/MINIAODSIM/130X_mcRun3_2023_realistic_v15-v2/2820000/6a397e11-6bcf-4af4-9bef-c247b405be45.root
Begin processing the 700001st record. Run 1, Event 4327005, LumiSection 379 on stream 0 at 01-Feb-2025 16:33:37.782 CST
01-Feb-2025 16:33:38 CST  Closed file root://cmsxrootd.fnal.gov//store/mc/Run3Summer23MiniAODv4/DYto2L-4Jets_MLL-120_HT-400to800_TuneCP5_13p6TeV_madgraphMLM-pythia8/MINIAODSIM/130X_mcRun3_2023_realistic_v15-v2/2820000/6a397e11-6bcf-4af4-9bef-c247b405be45.root
01-Feb-2025 16:33:38 CST  Initiating request to open file root://cmsxrootd.fnal.gov//store/mc/Run3Summer23MiniAODv4/DYto2L-4Jets_MLL-120_HT-400to800_TuneCP5_13p6TeV_madgraphMLM-pythia8/MINIAODSIM/130X_mcRun3_2023_realistic_v15-v2/2820000/398e84e8-b6df-4f8f-9b32-dbafbf33b50a.root
01-Feb-2025 16:33:40 CST  Successfully opened file root://cmsxrootd.fnal.gov//store/mc/Run3Summer23MiniAODv4/DYto2L-4Jets_MLL-120_HT-400to800_TuneCP5_13p6TeV_madgraphMLM-pythia8/MINIAODSIM/130X_mcRun3_2023_realistic_v15-v2/2820000/398e84e8-b6df-4f8f-9b32-dbafbf33b50a.root
01-Feb-2025 16:33:47 CST  Closed file root://cmsxrootd.fnal.gov//store/mc/Run3Summer23MiniAODv4/DYto2L-4Jets_MLL-120_HT-400to800_TuneCP5_13p6TeV_madgraphMLM-pythia8/MINIAODSIM/130X_mcRun3_2023_realistic_v15-v2/2820000/398e84e8-b6df-4f8f-9b32-dbafbf33b50a.root
01-Feb-2025 16:33:47 CST  Initiating request to open file root://cmsxrootd.fnal.gov//store/mc/Run3Summer23MiniAODv4/DYto2L-4Jets_MLL-120_HT-400to800_TuneCP5_13p6TeV_madgraphMLM-pythia8/MINIAODSIM/130X_mcRun3_2023_realistic_v15-v2/2820000/97fce85b-d26d-414a-b043-eaab45699d57.root
01-Feb-2025 16:33:49 CST  Successfully opened file root://cmsxrootd.fnal.gov//store/mc/Run3Summer23MiniAODv4/DYto2L-4Jets_MLL-120_HT-400to800_TuneCP5_13p6TeV_madgraphMLM-pythia8/MINIAODSIM/130X_mcRun3_2023_realistic_v15-v2/2820000/97fce85b-d26d-414a-b043-eaab45699d57.root
01-Feb-2025 16:33:54 CST  Closed file root://cmsxrootd.fnal.gov//store/mc/Run3Summer23MiniAODv4/DYto2L-4Jets_MLL-120_HT-400to800_TuneCP5_13p6TeV_madgraphMLM-pythia8/MINIAODSIM/130X_mcRun3_2023_realistic_v15-v2/2820000/97fce85b-d26d-414a-b043-eaab45699d57.root
01-Feb-2025 16:33:54 CST  Initiating request to open file root://cmsxrootd.fnal.gov//store/mc/Run3Summer23MiniAODv4/DYto2L-4Jets_MLL-120_HT-400to800_TuneCP5_13p6TeV_madgraphMLM-pythia8/MINIAODSIM/130X_mcRun3_2023_realistic_v15-v2/2820000/fcf7994f-7826-4b24-bd3a-10047908c121.root
01-Feb-2025 16:33:57 CST  Successfully opened file root://cmsxrootd.fnal.gov//store/mc/Run3Summer23MiniAODv4/DYto2L-4Jets_MLL-120_HT-400to800_TuneCP5_13p6TeV_madgraphMLM-pythia8/MINIAODSIM/130X_mcRun3_2023_realistic_v15-v2/2820000/fcf7994f-7826-4b24-bd3a-10047908c121.root
Begin processing the 800001st record. Run 1, Event 2154752, LumiSection 189 on stream 0 at 01-Feb-2025 16:34:03.605 CST
01-Feb-2025 16:34:03 CST  Closed file root://cmsxrootd.fnal.gov//store/mc/Run3Summer23MiniAODv4/DYto2L-4Jets_MLL-120_HT-400to800_TuneCP5_13p6TeV_madgraphMLM-pythia8/MINIAODSIM/130X_mcRun3_2023_realistic_v15-v2/2820000/fcf7994f-7826-4b24-bd3a-10047908c121.root
01-Feb-2025 16:34:03 CST  Initiating request to open file root://cmsxrootd.fnal.gov//store/mc/Run3Summer23MiniAODv4/DYto2L-4Jets_MLL-120_HT-400to800_TuneCP5_13p6TeV_madgraphMLM-pythia8/MINIAODSIM/130X_mcRun3_2023_realistic_v15-v2/2820000/16468fa0-dc95-4323-9e4d-8991b1a1b3ed.root
01-Feb-2025 16:34:06 CST  Successfully opened file root://cmsxrootd.fnal.gov//store/mc/Run3Summer23MiniAODv4/DYto2L-4Jets_MLL-120_HT-400to800_TuneCP5_13p6TeV_madgraphMLM-pythia8/MINIAODSIM/130X_mcRun3_2023_realistic_v15-v2/2820000/16468fa0-dc95-4323-9e4d-8991b1a1b3ed.root
01-Feb-2025 16:34:10 CST  Closed file root://cmsxrootd.fnal.gov//store/mc/Run3Summer23MiniAODv4/DYto2L-4Jets_MLL-120_HT-400to800_TuneCP5_13p6TeV_madgraphMLM-pythia8/MINIAODSIM/130X_mcRun3_2023_realistic_v15-v2/2820000/16468fa0-dc95-4323-9e4d-8991b1a1b3ed.root
01-Feb-2025 16:34:10 CST  Initiating request to open file root://cmsxrootd.fnal.gov//store/mc/Run3Summer23MiniAODv4/DYto2L-4Jets_MLL-120_HT-400to800_TuneCP5_13p6TeV_madgraphMLM-pythia8/MINIAODSIM/130X_mcRun3_2023_realistic_v15-v2/2820000/0595fbd1-5ef0-457a-862c-cb4201cc6455.root
01-Feb-2025 16:34:12 CST  Successfully opened file root://cmsxrootd.fnal.gov//store/mc/Run3Summer23MiniAODv4/DYto2L-4Jets_MLL-120_HT-400to800_TuneCP5_13p6TeV_madgraphMLM-pythia8/MINIAODSIM/130X_mcRun3_2023_realistic_v15-v2/2820000/0595fbd1-5ef0-457a-862c-cb4201cc6455.root
01-Feb-2025 16:34:16 CST  Closed file root://cmsxrootd.fnal.gov//store/mc/Run3Summer23MiniAODv4/DYto2L-4Jets_MLL-120_HT-400to800_TuneCP5_13p6TeV_madgraphMLM-pythia8/MINIAODSIM/130X_mcRun3_2023_realistic_v15-v2/2820000/0595fbd1-5ef0-457a-862c-cb4201cc6455.root
01-Feb-2025 16:34:16 CST  Initiating request to open file root://cmsxrootd.fnal.gov//store/mc/Run3Summer23MiniAODv4/DYto2L-4Jets_MLL-120_HT-400to800_TuneCP5_13p6TeV_madgraphMLM-pythia8/MINIAODSIM/130X_mcRun3_2023_realistic_v15-v2/2820000/835827c1-a127-420e-9f08-c01f5450bc60.root
01-Feb-2025 16:34:18 CST  Successfully opened file root://cmsxrootd.fnal.gov//store/mc/Run3Summer23MiniAODv4/DYto2L-4Jets_MLL-120_HT-400to800_TuneCP5_13p6TeV_madgraphMLM-pythia8/MINIAODSIM/130X_mcRun3_2023_realistic_v15-v2/2820000/835827c1-a127-420e-9f08-c01f5450bc60.root
01-Feb-2025 16:34:22 CST  Closed file root://cmsxrootd.fnal.gov//store/mc/Run3Summer23MiniAODv4/DYto2L-4Jets_MLL-120_HT-400to800_TuneCP5_13p6TeV_madgraphMLM-pythia8/MINIAODSIM/130X_mcRun3_2023_realistic_v15-v2/2820000/835827c1-a127-420e-9f08-c01f5450bc60.root
01-Feb-2025 16:34:22 CST  Initiating request to open file root://cmsxrootd.fnal.gov//store/mc/Run3Summer23MiniAODv4/DYto2L-4Jets_MLL-120_HT-400to800_TuneCP5_13p6TeV_madgraphMLM-pythia8/MINIAODSIM/130X_mcRun3_2023_realistic_v15-v2/2820000/cef7c392-b13d-4241-8070-4ef7070748c9.root
01-Feb-2025 16:34:25 CST  Successfully opened file root://cmsxrootd.fnal.gov//store/mc/Run3Summer23MiniAODv4/DYto2L-4Jets_MLL-120_HT-400to800_TuneCP5_13p6TeV_madgraphMLM-pythia8/MINIAODSIM/130X_mcRun3_2023_realistic_v15-v2/2820000/cef7c392-b13d-4241-8070-4ef7070748c9.root
Begin processing the 900001st record. Run 1, Event 22738757, LumiSection 1992 on stream 0 at 01-Feb-2025 16:34:32.071 CST
01-Feb-2025 16:34:32 CST  Closed file root://cmsxrootd.fnal.gov//store/mc/Run3Summer23MiniAODv4/DYto2L-4Jets_MLL-120_HT-400to800_TuneCP5_13p6TeV_madgraphMLM-pythia8/MINIAODSIM/130X_mcRun3_2023_realistic_v15-v2/2820000/cef7c392-b13d-4241-8070-4ef7070748c9.root
01-Feb-2025 16:34:32 CST  Initiating request to open file root://cmsxrootd.fnal.gov//store/mc/Run3Summer23MiniAODv4/DYto2L-4Jets_MLL-120_HT-400to800_TuneCP5_13p6TeV_madgraphMLM-pythia8/MINIAODSIM/130X_mcRun3_2023_realistic_v15-v2/2820000/17d426ee-be45-4aaa-bc88-092f3f95d13d.root
01-Feb-2025 16:34:34 CST  Successfully opened file root://cmsxrootd.fnal.gov//store/mc/Run3Summer23MiniAODv4/DYto2L-4Jets_MLL-120_HT-400to800_TuneCP5_13p6TeV_madgraphMLM-pythia8/MINIAODSIM/130X_mcRun3_2023_realistic_v15-v2/2820000/17d426ee-be45-4aaa-bc88-092f3f95d13d.root
01-Feb-2025 16:34:41 CST  Closed file root://cmsxrootd.fnal.gov//store/mc/Run3Summer23MiniAODv4/DYto2L-4Jets_MLL-120_HT-400to800_TuneCP5_13p6TeV_madgraphMLM-pythia8/MINIAODSIM/130X_mcRun3_2023_realistic_v15-v2/2820000/17d426ee-be45-4aaa-bc88-092f3f95d13d.root
01-Feb-2025 16:34:41 CST  Initiating request to open file root://cmsxrootd.fnal.gov//store/mc/Run3Summer23MiniAODv4/DYto2L-4Jets_MLL-120_HT-400to800_TuneCP5_13p6TeV_madgraphMLM-pythia8/MINIAODSIM/130X_mcRun3_2023_realistic_v15-v2/2820000/fc7c5148-c2d3-4f8a-92b9-6f516f9c4ad7.root
01-Feb-2025 16:34:43 CST  Successfully opened file root://cmsxrootd.fnal.gov//store/mc/Run3Summer23MiniAODv4/DYto2L-4Jets_MLL-120_HT-400to800_TuneCP5_13p6TeV_madgraphMLM-pythia8/MINIAODSIM/130X_mcRun3_2023_realistic_v15-v2/2820000/fc7c5148-c2d3-4f8a-92b9-6f516f9c4ad7.root
01-Feb-2025 16:34:50 CST  Closed file root://cmsxrootd.fnal.gov//store/mc/Run3Summer23MiniAODv4/DYto2L-4Jets_MLL-120_HT-400to800_TuneCP5_13p6TeV_madgraphMLM-pythia8/MINIAODSIM/130X_mcRun3_2023_realistic_v15-v2/2820000/fc7c5148-c2d3-4f8a-92b9-6f516f9c4ad7.root
01-Feb-2025 16:34:50 CST  Initiating request to open file root://cmsxrootd.fnal.gov//store/mc/Run3Summer23MiniAODv4/DYto2L-4Jets_MLL-120_HT-400to800_TuneCP5_13p6TeV_madgraphMLM-pythia8/MINIAODSIM/130X_mcRun3_2023_realistic_v15-v2/2820000/b5ccf3a2-5ee8-4504-b039-df0d49610ed5.root
01-Feb-2025 16:34:52 CST  Successfully opened file root://cmsxrootd.fnal.gov//store/mc/Run3Summer23MiniAODv4/DYto2L-4Jets_MLL-120_HT-400to800_TuneCP5_13p6TeV_madgraphMLM-pythia8/MINIAODSIM/130X_mcRun3_2023_realistic_v15-v2/2820000/b5ccf3a2-5ee8-4504-b039-df0d49610ed5.root
01-Feb-2025 16:34:57 CST  Closed file root://cmsxrootd.fnal.gov//store/mc/Run3Summer23MiniAODv4/DYto2L-4Jets_MLL-120_HT-400to800_TuneCP5_13p6TeV_madgraphMLM-pythia8/MINIAODSIM/130X_mcRun3_2023_realistic_v15-v2/2820000/b5ccf3a2-5ee8-4504-b039-df0d49610ed5.root
01-Feb-2025 16:34:57 CST  Initiating request to open file root://cmsxrootd.fnal.gov//store/mc/Run3Summer23MiniAODv4/DYto2L-4Jets_MLL-120_HT-400to800_TuneCP5_13p6TeV_madgraphMLM-pythia8/MINIAODSIM/130X_mcRun3_2023_realistic_v15-v2/2820000/5a26adc1-34d0-42e9-980c-27de7c688633.root
[2025-02-01 16:34:58.060879 -0600][Error  ][PostMaster        ] [g39n06.hep.wisc.edu:1094] Forcing error on disconnect: [ERROR] Operation interrupted.
01-Feb-2025 16:35:00 CST  Successfully opened file root://cmsxrootd.fnal.gov//store/mc/Run3Summer23MiniAODv4/DYto2L-4Jets_MLL-120_HT-400to800_TuneCP5_13p6TeV_madgraphMLM-pythia8/MINIAODSIM/130X_mcRun3_2023_realistic_v15-v2/2820000/5a26adc1-34d0-42e9-980c-27de7c688633.root
[2025-02-01 16:35:03.088354 -0600][Error  ][PostMaster        ] [g38n06.hep.wisc.edu:1094] Forcing error on disconnect: [ERROR] Operation interrupted.
      1.248550      0.003428      2.107148             3
      0.638835      0.002673      2.107148             2
      0.195721      0.001602      2.107148             1
      0.023317      0.000338      2.107148             0
 
01-Feb-2025 16:35:04 CST  Closed file root://cmsxrootd.fnal.gov//store/mc/Run3Summer23MiniAODv4/DYto2L-4Jets_MLL-120_HT-400to800_TuneCP5_13p6TeV_madgraphMLM-pythia8/MINIAODSIM/130X_mcRun3_2023_realistic_v15-v2/2820000/5a26adc1-34d0-42e9-980c-27de7c688633.root

------------------------------------
GenXsecAnalyzer:
------------------------------------
-------------------------------------------------------------------------------------------------------------------------------------------------------------------------- 
Overall cross-section summary 
--------------------------------------------------------------------------------------------------------------------------------------------------------------------------
Process		xsec_before [pb]		passed	nposw	nnegw	tried	nposw	nnegw 	xsec_match [pb]			accepted [%]	 event_eff [%]
0		2.284e-02 +/- 5.036e-06		15178	15178	0	125348	125348	0	2.766e-03 +/- 2.106e-05		12.1 +/- 0.1	12.1 +/- 0.1
1		1.973e-01 +/- 2.477e-05		103071	103071	0	1081575	1081575	0	1.880e-02 +/- 5.575e-05		9.5 +/- 0.0	9.5 +/- 0.0
2		6.405e-01 +/- 4.012e-05		207647	207647	0	3641623	3641623	0	3.652e-02 +/- 7.786e-05		5.7 +/- 0.0	5.7 +/- 0.0
3		1.243e+00 +/- 5.388e-05		674223	674223	0	7127887	7127887	0	1.176e-01 +/- 1.364e-04		9.5 +/- 0.0	9.5 +/- 0.0
-------------------------------------------------------------------------------------------------------------------------------------------------------------------------- 
Total		2.104e+00 +/- 7.177e-05		1000119	1000119	0	11976433	11976433	0	1.757e-01 +/- 1.683e-04		8.4 +/- 0.0	8.4 +/- 0.0
--------------------------------------------------------------------------------------------------------------------------------------------------------------------------
Before matching: total cross section = 2.104e+00 +- 7.177e-05 pb
After matching: total cross section = 1.757e-01 +- 1.683e-04 pb
Matching efficiency = 0.1 +/- 0.0   [TO BE USED IN MCM]
Filter efficiency (taking into account weights)= (2.10448e+06) / (2.10448e+06) = 1.000e+00 +- 0.000e+00
Filter efficiency (event-level)= (1.00012e+06) / (1.00012e+06) = 1.000e+00 +- 0.000e+00    [TO BE USED IN MCM]

After filter: final cross section = 1.757e-01 +- 1.683e-04 pb
After filter: final fraction of events with negative weights = 0.000e+00 +- 0.000e+00
After filter: final equivalent lumi for 1M events (1/fb) = 5.691e+03 +- 7.881e+00
[2025-02-01 16:35:05.493037 -0600][Error  ][AsyncSock         ] [red-xfer4.unl.edu:1094.0] Socket error encountered: [ERROR] Invalid operation
[2025-02-01 16:35:05.493067 -0600][Error  ][AsyncSock         ] [red-xfer1.unl.edu:1094.0] Socket error encountered: [ERROR] Invalid operation
[2025-02-01 16:35:05.493348 -0600][Error  ][XRootD            ] [red-xfer1.unl.edu:1094] Impossible to send message kXR_close (handle: 0x00000000). Trying to recover.
[2025-02-01 16:35:05.493362 -0600][Error  ][XRootD            ] [red-xfer1.unl.edu:1094] Unable to get the response to request kXR_close (handle: 0x00000000)
[2025-02-01 16:35:05.493628 -0600][Error  ][XRootD            ] [red-xfer4.unl.edu:1094] Impossible to send message kXR_close (handle: 0x00000000). Trying to recover.
[2025-02-01 16:35:05.493649 -0600][Error  ][XRootD            ] [red-xfer4.unl.edu:1094] Unable to get the response to request kXR_close (handle: 0x00000000)
