01-Feb-2025 16:43:35 CST  Initiating request to open file root://cmsxrootd.fnal.gov//store/mc/Run3Summer23MiniAODv4/DYto2L-4Jets_MLL-50to120_HT-100to400_TuneCP5_13p6TeV_madgraphMLM-pythia8/MINIAODSIM/130X_mcRun3_2023_realistic_v14-v3/40000/6eada670-379d-4bb4-93d7-0cc64c10f3a0.root
01-Feb-2025 16:43:39 CST  Successfully opened file root://cmsxrootd.fnal.gov//store/mc/Run3Summer23MiniAODv4/DYto2L-4Jets_MLL-50to120_HT-100to400_TuneCP5_13p6TeV_madgraphMLM-pythia8/MINIAODSIM/130X_mcRun3_2023_realistic_v14-v3/40000/6eada670-379d-4bb4-93d7-0cc64c10f3a0.root
Begin processing the 1st record. Run 1, Event 214359331, LumiSection 26439 on stream 0 at 01-Feb-2025 16:43:40.417 CST
01-Feb-2025 16:43:40 CST  Closed file root://cmsxrootd.fnal.gov//store/mc/Run3Summer23MiniAODv4/DYto2L-4Jets_MLL-50to120_HT-100to400_TuneCP5_13p6TeV_madgraphMLM-pythia8/MINIAODSIM/130X_mcRun3_2023_realistic_v14-v3/40000/6eada670-379d-4bb4-93d7-0cc64c10f3a0.root
01-Feb-2025 16:43:40 CST  Initiating request to open file root://cmsxrootd.fnal.gov//store/mc/Run3Summer23MiniAODv4/DYto2L-4Jets_MLL-50to120_HT-100to400_TuneCP5_13p6TeV_madgraphMLM-pythia8/MINIAODSIM/130X_mcRun3_2023_realistic_v14-v3/40000/b155738a-b09d-43af-983b-b36e065ba962.root
01-Feb-2025 16:43:41 CST  Successfully opened file root://cmsxrootd.fnal.gov//store/mc/Run3Summer23MiniAODv4/DYto2L-4Jets_MLL-50to120_HT-100to400_TuneCP5_13p6TeV_madgraphMLM-pythia8/MINIAODSIM/130X_mcRun3_2023_realistic_v14-v3/40000/b155738a-b09d-43af-983b-b36e065ba962.root
01-Feb-2025 16:43:42 CST  Closed file root://cmsxrootd.fnal.gov//store/mc/Run3Summer23MiniAODv4/DYto2L-4Jets_MLL-50to120_HT-100to400_TuneCP5_13p6TeV_madgraphMLM-pythia8/MINIAODSIM/130X_mcRun3_2023_realistic_v14-v3/40000/b155738a-b09d-43af-983b-b36e065ba962.root
01-Feb-2025 16:43:42 CST  Initiating request to open file root://cmsxrootd.fnal.gov//store/mc/Run3Summer23MiniAODv4/DYto2L-4Jets_MLL-50to120_HT-100to400_TuneCP5_13p6TeV_madgraphMLM-pythia8/MINIAODSIM/130X_mcRun3_2023_realistic_v14-v3/40000/a53b53b8-1b49-4acf-84bd-3ac832c043d2.root
01-Feb-2025 16:43:44 CST  Successfully opened file root://cmsxrootd.fnal.gov//store/mc/Run3Summer23MiniAODv4/DYto2L-4Jets_MLL-50to120_HT-100to400_TuneCP5_13p6TeV_madgraphMLM-pythia8/MINIAODSIM/130X_mcRun3_2023_realistic_v14-v3/40000/a53b53b8-1b49-4acf-84bd-3ac832c043d2.root
01-Feb-2025 16:43:45 CST  Closed file root://cmsxrootd.fnal.gov//store/mc/Run3Summer23MiniAODv4/DYto2L-4Jets_MLL-50to120_HT-100to400_TuneCP5_13p6TeV_madgraphMLM-pythia8/MINIAODSIM/130X_mcRun3_2023_realistic_v14-v3/40000/a53b53b8-1b49-4acf-84bd-3ac832c043d2.root
01-Feb-2025 16:43:45 CST  Initiating request to open file root://cmsxrootd.fnal.gov//store/mc/Run3Summer23MiniAODv4/DYto2L-4Jets_MLL-50to120_HT-100to400_TuneCP5_13p6TeV_madgraphMLM-pythia8/MINIAODSIM/130X_mcRun3_2023_realistic_v14-v3/40000/b3809dff-052f-4d35-af00-a1b61651a83b.root
01-Feb-2025 16:43:57 CST  Successfully opened file root://cmsxrootd.fnal.gov//store/mc/Run3Summer23MiniAODv4/DYto2L-4Jets_MLL-50to120_HT-100to400_TuneCP5_13p6TeV_madgraphMLM-pythia8/MINIAODSIM/130X_mcRun3_2023_realistic_v14-v3/40000/b3809dff-052f-4d35-af00-a1b61651a83b.root
01-Feb-2025 16:46:09 CST  Closed file root://cmsxrootd.fnal.gov//store/mc/Run3Summer23MiniAODv4/DYto2L-4Jets_MLL-50to120_HT-100to400_TuneCP5_13p6TeV_madgraphMLM-pythia8/MINIAODSIM/130X_mcRun3_2023_realistic_v14-v3/40000/b3809dff-052f-4d35-af00-a1b61651a83b.root
01-Feb-2025 16:46:09 CST  Initiating request to open file root://cmsxrootd.fnal.gov//store/mc/Run3Summer23MiniAODv4/DYto2L-4Jets_MLL-50to120_HT-100to400_TuneCP5_13p6TeV_madgraphMLM-pythia8/MINIAODSIM/130X_mcRun3_2023_realistic_v14-v3/40000/2560ea4a-944e-4f16-adac-ddc97bef524d.root
01-Feb-2025 16:46:10 CST  Successfully opened file root://cmsxrootd.fnal.gov//store/mc/Run3Summer23MiniAODv4/DYto2L-4Jets_MLL-50to120_HT-100to400_TuneCP5_13p6TeV_madgraphMLM-pythia8/MINIAODSIM/130X_mcRun3_2023_realistic_v14-v3/40000/2560ea4a-944e-4f16-adac-ddc97bef524d.root
01-Feb-2025 16:46:11 CST  Closed file root://cmsxrootd.fnal.gov//store/mc/Run3Summer23MiniAODv4/DYto2L-4Jets_MLL-50to120_HT-100to400_TuneCP5_13p6TeV_madgraphMLM-pythia8/MINIAODSIM/130X_mcRun3_2023_realistic_v14-v3/40000/2560ea4a-944e-4f16-adac-ddc97bef524d.root
01-Feb-2025 16:46:11 CST  Initiating request to open file root://cmsxrootd.fnal.gov//store/mc/Run3Summer23MiniAODv4/DYto2L-4Jets_MLL-50to120_HT-100to400_TuneCP5_13p6TeV_madgraphMLM-pythia8/MINIAODSIM/130X_mcRun3_2023_realistic_v14-v3/40000/76a230dc-a332-4821-a606-64f9b4e8c21b.root
01-Feb-2025 16:46:14 CST  Successfully opened file root://cmsxrootd.fnal.gov//store/mc/Run3Summer23MiniAODv4/DYto2L-4Jets_MLL-50to120_HT-100to400_TuneCP5_13p6TeV_madgraphMLM-pythia8/MINIAODSIM/130X_mcRun3_2023_realistic_v14-v3/40000/76a230dc-a332-4821-a606-64f9b4e8c21b.root
Begin processing the 100001st record. Run 1, Event 213723589, LumiSection 26360 on stream 0 at 01-Feb-2025 16:46:16.995 CST
01-Feb-2025 16:46:17 CST  Closed file root://cmsxrootd.fnal.gov//store/mc/Run3Summer23MiniAODv4/DYto2L-4Jets_MLL-50to120_HT-100to400_TuneCP5_13p6TeV_madgraphMLM-pythia8/MINIAODSIM/130X_mcRun3_2023_realistic_v14-v3/40000/76a230dc-a332-4821-a606-64f9b4e8c21b.root
01-Feb-2025 16:46:17 CST  Initiating request to open file root://cmsxrootd.fnal.gov//store/mc/Run3Summer23MiniAODv4/DYto2L-4Jets_MLL-50to120_HT-100to400_TuneCP5_13p6TeV_madgraphMLM-pythia8/MINIAODSIM/130X_mcRun3_2023_realistic_v14-v3/40000/06fcdae0-9146-4002-9963-512b3038335d.root
01-Feb-2025 16:46:18 CST  Successfully opened file root://cmsxrootd.fnal.gov//store/mc/Run3Summer23MiniAODv4/DYto2L-4Jets_MLL-50to120_HT-100to400_TuneCP5_13p6TeV_madgraphMLM-pythia8/MINIAODSIM/130X_mcRun3_2023_realistic_v14-v3/40000/06fcdae0-9146-4002-9963-512b3038335d.root
01-Feb-2025 16:46:19 CST  Closed file root://cmsxrootd.fnal.gov//store/mc/Run3Summer23MiniAODv4/DYto2L-4Jets_MLL-50to120_HT-100to400_TuneCP5_13p6TeV_madgraphMLM-pythia8/MINIAODSIM/130X_mcRun3_2023_realistic_v14-v3/40000/06fcdae0-9146-4002-9963-512b3038335d.root
01-Feb-2025 16:46:19 CST  Initiating request to open file root://cmsxrootd.fnal.gov//store/mc/Run3Summer23MiniAODv4/DYto2L-4Jets_MLL-50to120_HT-100to400_TuneCP5_13p6TeV_madgraphMLM-pythia8/MINIAODSIM/130X_mcRun3_2023_realistic_v14-v3/2810000/4060e64d-2ca5-4e0e-a0a7-fba0cb0f5d93.root
01-Feb-2025 16:46:20 CST  Successfully opened file root://cmsxrootd.fnal.gov//store/mc/Run3Summer23MiniAODv4/DYto2L-4Jets_MLL-50to120_HT-100to400_TuneCP5_13p6TeV_madgraphMLM-pythia8/MINIAODSIM/130X_mcRun3_2023_realistic_v14-v3/2810000/4060e64d-2ca5-4e0e-a0a7-fba0cb0f5d93.root
01-Feb-2025 16:46:21 CST  Closed file root://cmsxrootd.fnal.gov//store/mc/Run3Summer23MiniAODv4/DYto2L-4Jets_MLL-50to120_HT-100to400_TuneCP5_13p6TeV_madgraphMLM-pythia8/MINIAODSIM/130X_mcRun3_2023_realistic_v14-v3/2810000/4060e64d-2ca5-4e0e-a0a7-fba0cb0f5d93.root
01-Feb-2025 16:46:21 CST  Initiating request to open file root://cmsxrootd.fnal.gov//store/mc/Run3Summer23MiniAODv4/DYto2L-4Jets_MLL-50to120_HT-100to400_TuneCP5_13p6TeV_madgraphMLM-pythia8/MINIAODSIM/130X_mcRun3_2023_realistic_v14-v3/2810000/a39b4186-b208-4689-8306-8c932244e7a4.root
01-Feb-2025 16:46:22 CST  Successfully opened file root://cmsxrootd.fnal.gov//store/mc/Run3Summer23MiniAODv4/DYto2L-4Jets_MLL-50to120_HT-100to400_TuneCP5_13p6TeV_madgraphMLM-pythia8/MINIAODSIM/130X_mcRun3_2023_realistic_v14-v3/2810000/a39b4186-b208-4689-8306-8c932244e7a4.root
01-Feb-2025 16:46:24 CST  Closed file root://cmsxrootd.fnal.gov//store/mc/Run3Summer23MiniAODv4/DYto2L-4Jets_MLL-50to120_HT-100to400_TuneCP5_13p6TeV_madgraphMLM-pythia8/MINIAODSIM/130X_mcRun3_2023_realistic_v14-v3/2810000/a39b4186-b208-4689-8306-8c932244e7a4.root
01-Feb-2025 16:46:24 CST  Initiating request to open file root://cmsxrootd.fnal.gov//store/mc/Run3Summer23MiniAODv4/DYto2L-4Jets_MLL-50to120_HT-100to400_TuneCP5_13p6TeV_madgraphMLM-pythia8/MINIAODSIM/130X_mcRun3_2023_realistic_v14-v3/2810000/f6918686-947f-411c-9aa9-99cb2cf78112.root
01-Feb-2025 16:46:25 CST  Successfully opened file root://cmsxrootd.fnal.gov//store/mc/Run3Summer23MiniAODv4/DYto2L-4Jets_MLL-50to120_HT-100to400_TuneCP5_13p6TeV_madgraphMLM-pythia8/MINIAODSIM/130X_mcRun3_2023_realistic_v14-v3/2810000/f6918686-947f-411c-9aa9-99cb2cf78112.root
01-Feb-2025 16:46:27 CST  Closed file root://cmsxrootd.fnal.gov//store/mc/Run3Summer23MiniAODv4/DYto2L-4Jets_MLL-50to120_HT-100to400_TuneCP5_13p6TeV_madgraphMLM-pythia8/MINIAODSIM/130X_mcRun3_2023_realistic_v14-v3/2810000/f6918686-947f-411c-9aa9-99cb2cf78112.root
01-Feb-2025 16:46:27 CST  Initiating request to open file root://cmsxrootd.fnal.gov//store/mc/Run3Summer23MiniAODv4/DYto2L-4Jets_MLL-50to120_HT-100to400_TuneCP5_13p6TeV_madgraphMLM-pythia8/MINIAODSIM/130X_mcRun3_2023_realistic_v14-v3/2810000/dd417f4f-7ea2-4831-84cc-d4a9311226b9.root
01-Feb-2025 16:46:28 CST  Successfully opened file root://cmsxrootd.fnal.gov//store/mc/Run3Summer23MiniAODv4/DYto2L-4Jets_MLL-50to120_HT-100to400_TuneCP5_13p6TeV_madgraphMLM-pythia8/MINIAODSIM/130X_mcRun3_2023_realistic_v14-v3/2810000/dd417f4f-7ea2-4831-84cc-d4a9311226b9.root
Begin processing the 200001st record. Run 1, Event 165765, LumiSection 21 on stream 0 at 01-Feb-2025 16:46:30.435 CST
01-Feb-2025 16:46:31 CST  Closed file root://cmsxrootd.fnal.gov//store/mc/Run3Summer23MiniAODv4/DYto2L-4Jets_MLL-50to120_HT-100to400_TuneCP5_13p6TeV_madgraphMLM-pythia8/MINIAODSIM/130X_mcRun3_2023_realistic_v14-v3/2810000/dd417f4f-7ea2-4831-84cc-d4a9311226b9.root
01-Feb-2025 16:46:31 CST  Initiating request to open file root://cmsxrootd.fnal.gov//store/mc/Run3Summer23MiniAODv4/DYto2L-4Jets_MLL-50to120_HT-100to400_TuneCP5_13p6TeV_madgraphMLM-pythia8/MINIAODSIM/130X_mcRun3_2023_realistic_v14-v3/2810000/b4b0f880-a083-4d78-b828-bf09a0d2ba2d.root
01-Feb-2025 16:46:32 CST  Successfully opened file root://cmsxrootd.fnal.gov//store/mc/Run3Summer23MiniAODv4/DYto2L-4Jets_MLL-50to120_HT-100to400_TuneCP5_13p6TeV_madgraphMLM-pythia8/MINIAODSIM/130X_mcRun3_2023_realistic_v14-v3/2810000/b4b0f880-a083-4d78-b828-bf09a0d2ba2d.root
01-Feb-2025 16:46:33 CST  Closed file root://cmsxrootd.fnal.gov//store/mc/Run3Summer23MiniAODv4/DYto2L-4Jets_MLL-50to120_HT-100to400_TuneCP5_13p6TeV_madgraphMLM-pythia8/MINIAODSIM/130X_mcRun3_2023_realistic_v14-v3/2810000/b4b0f880-a083-4d78-b828-bf09a0d2ba2d.root
01-Feb-2025 16:46:33 CST  Initiating request to open file root://cmsxrootd.fnal.gov//store/mc/Run3Summer23MiniAODv4/DYto2L-4Jets_MLL-50to120_HT-100to400_TuneCP5_13p6TeV_madgraphMLM-pythia8/MINIAODSIM/130X_mcRun3_2023_realistic_v14-v3/2810000/f4389bcc-b7aa-469b-b70d-8cc7043c12d5.root
01-Feb-2025 16:46:35 CST  Successfully opened file root://cmsxrootd.fnal.gov//store/mc/Run3Summer23MiniAODv4/DYto2L-4Jets_MLL-50to120_HT-100to400_TuneCP5_13p6TeV_madgraphMLM-pythia8/MINIAODSIM/130X_mcRun3_2023_realistic_v14-v3/2810000/f4389bcc-b7aa-469b-b70d-8cc7043c12d5.root
01-Feb-2025 16:46:36 CST  Closed file root://cmsxrootd.fnal.gov//store/mc/Run3Summer23MiniAODv4/DYto2L-4Jets_MLL-50to120_HT-100to400_TuneCP5_13p6TeV_madgraphMLM-pythia8/MINIAODSIM/130X_mcRun3_2023_realistic_v14-v3/2810000/f4389bcc-b7aa-469b-b70d-8cc7043c12d5.root
01-Feb-2025 16:46:36 CST  Initiating request to open file root://cmsxrootd.fnal.gov//store/mc/Run3Summer23MiniAODv4/DYto2L-4Jets_MLL-50to120_HT-100to400_TuneCP5_13p6TeV_madgraphMLM-pythia8/MINIAODSIM/130X_mcRun3_2023_realistic_v14-v3/2810000/9271ae19-7e87-41e9-928f-d93384bc410c.root
01-Feb-2025 16:46:40 CST  Successfully opened file root://cmsxrootd.fnal.gov//store/mc/Run3Summer23MiniAODv4/DYto2L-4Jets_MLL-50to120_HT-100to400_TuneCP5_13p6TeV_madgraphMLM-pythia8/MINIAODSIM/130X_mcRun3_2023_realistic_v14-v3/2810000/9271ae19-7e87-41e9-928f-d93384bc410c.root
Begin processing the 300001st record. Run 1, Event 120967749, LumiSection 14920 on stream 0 at 01-Feb-2025 16:47:19.491 CST
01-Feb-2025 16:47:19 CST  Closed file root://cmsxrootd.fnal.gov//store/mc/Run3Summer23MiniAODv4/DYto2L-4Jets_MLL-50to120_HT-100to400_TuneCP5_13p6TeV_madgraphMLM-pythia8/MINIAODSIM/130X_mcRun3_2023_realistic_v14-v3/2810000/9271ae19-7e87-41e9-928f-d93384bc410c.root
01-Feb-2025 16:47:19 CST  Initiating request to open file root://cmsxrootd.fnal.gov//store/mc/Run3Summer23MiniAODv4/DYto2L-4Jets_MLL-50to120_HT-100to400_TuneCP5_13p6TeV_madgraphMLM-pythia8/MINIAODSIM/130X_mcRun3_2023_realistic_v14-v3/2810000/798cc48d-f2de-4698-904c-e8859c31c049.root
01-Feb-2025 16:47:20 CST  Successfully opened file root://cmsxrootd.fnal.gov//store/mc/Run3Summer23MiniAODv4/DYto2L-4Jets_MLL-50to120_HT-100to400_TuneCP5_13p6TeV_madgraphMLM-pythia8/MINIAODSIM/130X_mcRun3_2023_realistic_v14-v3/2810000/798cc48d-f2de-4698-904c-e8859c31c049.root
01-Feb-2025 16:47:22 CST  Closed file root://cmsxrootd.fnal.gov//store/mc/Run3Summer23MiniAODv4/DYto2L-4Jets_MLL-50to120_HT-100to400_TuneCP5_13p6TeV_madgraphMLM-pythia8/MINIAODSIM/130X_mcRun3_2023_realistic_v14-v3/2810000/798cc48d-f2de-4698-904c-e8859c31c049.root
01-Feb-2025 16:47:22 CST  Initiating request to open file root://cmsxrootd.fnal.gov//store/mc/Run3Summer23MiniAODv4/DYto2L-4Jets_MLL-50to120_HT-100to400_TuneCP5_13p6TeV_madgraphMLM-pythia8/MINIAODSIM/130X_mcRun3_2023_realistic_v14-v3/2810000/961a192a-d7fb-4d2f-855b-51347823d6f6.root
01-Feb-2025 16:47:23 CST  Successfully opened file root://cmsxrootd.fnal.gov//store/mc/Run3Summer23MiniAODv4/DYto2L-4Jets_MLL-50to120_HT-100to400_TuneCP5_13p6TeV_madgraphMLM-pythia8/MINIAODSIM/130X_mcRun3_2023_realistic_v14-v3/2810000/961a192a-d7fb-4d2f-855b-51347823d6f6.root
01-Feb-2025 16:47:25 CST  Closed file root://cmsxrootd.fnal.gov//store/mc/Run3Summer23MiniAODv4/DYto2L-4Jets_MLL-50to120_HT-100to400_TuneCP5_13p6TeV_madgraphMLM-pythia8/MINIAODSIM/130X_mcRun3_2023_realistic_v14-v3/2810000/961a192a-d7fb-4d2f-855b-51347823d6f6.root
01-Feb-2025 16:47:25 CST  Initiating request to open file root://cmsxrootd.fnal.gov//store/mc/Run3Summer23MiniAODv4/DYto2L-4Jets_MLL-50to120_HT-100to400_TuneCP5_13p6TeV_madgraphMLM-pythia8/MINIAODSIM/130X_mcRun3_2023_realistic_v14-v3/2810000/942acd16-450b-4c65-ab7c-1fc2bef3bbfa.root
01-Feb-2025 16:47:26 CST  Successfully opened file root://cmsxrootd.fnal.gov//store/mc/Run3Summer23MiniAODv4/DYto2L-4Jets_MLL-50to120_HT-100to400_TuneCP5_13p6TeV_madgraphMLM-pythia8/MINIAODSIM/130X_mcRun3_2023_realistic_v14-v3/2810000/942acd16-450b-4c65-ab7c-1fc2bef3bbfa.root
01-Feb-2025 16:47:28 CST  Closed file root://cmsxrootd.fnal.gov//store/mc/Run3Summer23MiniAODv4/DYto2L-4Jets_MLL-50to120_HT-100to400_TuneCP5_13p6TeV_madgraphMLM-pythia8/MINIAODSIM/130X_mcRun3_2023_realistic_v14-v3/2810000/942acd16-450b-4c65-ab7c-1fc2bef3bbfa.root
01-Feb-2025 16:47:28 CST  Initiating request to open file root://cmsxrootd.fnal.gov//store/mc/Run3Summer23MiniAODv4/DYto2L-4Jets_MLL-50to120_HT-100to400_TuneCP5_13p6TeV_madgraphMLM-pythia8/MINIAODSIM/130X_mcRun3_2023_realistic_v14-v3/2810000/5da6c097-aeee-485a-a731-40bc5e53d7ba.root
01-Feb-2025 16:47:29 CST  Successfully opened file root://cmsxrootd.fnal.gov//store/mc/Run3Summer23MiniAODv4/DYto2L-4Jets_MLL-50to120_HT-100to400_TuneCP5_13p6TeV_madgraphMLM-pythia8/MINIAODSIM/130X_mcRun3_2023_realistic_v14-v3/2810000/5da6c097-aeee-485a-a731-40bc5e53d7ba.root
01-Feb-2025 16:47:31 CST  Closed file root://cmsxrootd.fnal.gov//store/mc/Run3Summer23MiniAODv4/DYto2L-4Jets_MLL-50to120_HT-100to400_TuneCP5_13p6TeV_madgraphMLM-pythia8/MINIAODSIM/130X_mcRun3_2023_realistic_v14-v3/2810000/5da6c097-aeee-485a-a731-40bc5e53d7ba.root
01-Feb-2025 16:47:31 CST  Initiating request to open file root://cmsxrootd.fnal.gov//store/mc/Run3Summer23MiniAODv4/DYto2L-4Jets_MLL-50to120_HT-100to400_TuneCP5_13p6TeV_madgraphMLM-pythia8/MINIAODSIM/130X_mcRun3_2023_realistic_v14-v3/2810000/791b31ce-a7b4-47a6-8920-7af8b846a073.root
01-Feb-2025 16:47:32 CST  Successfully opened file root://cmsxrootd.fnal.gov//store/mc/Run3Summer23MiniAODv4/DYto2L-4Jets_MLL-50to120_HT-100to400_TuneCP5_13p6TeV_madgraphMLM-pythia8/MINIAODSIM/130X_mcRun3_2023_realistic_v14-v3/2810000/791b31ce-a7b4-47a6-8920-7af8b846a073.root
Begin processing the 400001st record. Run 1, Event 1758507, LumiSection 217 on stream 0 at 01-Feb-2025 16:47:33.881 CST
01-Feb-2025 16:47:34 CST  Closed file root://cmsxrootd.fnal.gov//store/mc/Run3Summer23MiniAODv4/DYto2L-4Jets_MLL-50to120_HT-100to400_TuneCP5_13p6TeV_madgraphMLM-pythia8/MINIAODSIM/130X_mcRun3_2023_realistic_v14-v3/2810000/791b31ce-a7b4-47a6-8920-7af8b846a073.root
01-Feb-2025 16:47:34 CST  Initiating request to open file root://cmsxrootd.fnal.gov//store/mc/Run3Summer23MiniAODv4/DYto2L-4Jets_MLL-50to120_HT-100to400_TuneCP5_13p6TeV_madgraphMLM-pythia8/MINIAODSIM/130X_mcRun3_2023_realistic_v14-v3/2810000/aa0c31e6-b360-4b1d-ae13-8cbe4989001c.root
01-Feb-2025 16:47:35 CST  Successfully opened file root://cmsxrootd.fnal.gov//store/mc/Run3Summer23MiniAODv4/DYto2L-4Jets_MLL-50to120_HT-100to400_TuneCP5_13p6TeV_madgraphMLM-pythia8/MINIAODSIM/130X_mcRun3_2023_realistic_v14-v3/2810000/aa0c31e6-b360-4b1d-ae13-8cbe4989001c.root
01-Feb-2025 16:47:36 CST  Closed file root://cmsxrootd.fnal.gov//store/mc/Run3Summer23MiniAODv4/DYto2L-4Jets_MLL-50to120_HT-100to400_TuneCP5_13p6TeV_madgraphMLM-pythia8/MINIAODSIM/130X_mcRun3_2023_realistic_v14-v3/2810000/aa0c31e6-b360-4b1d-ae13-8cbe4989001c.root
01-Feb-2025 16:47:36 CST  Initiating request to open file root://cmsxrootd.fnal.gov//store/mc/Run3Summer23MiniAODv4/DYto2L-4Jets_MLL-50to120_HT-100to400_TuneCP5_13p6TeV_madgraphMLM-pythia8/MINIAODSIM/130X_mcRun3_2023_realistic_v14-v3/2810000/6bd34bf9-430f-4f51-8ffb-ecf8eef99f02.root
01-Feb-2025 16:47:38 CST  Successfully opened file root://cmsxrootd.fnal.gov//store/mc/Run3Summer23MiniAODv4/DYto2L-4Jets_MLL-50to120_HT-100to400_TuneCP5_13p6TeV_madgraphMLM-pythia8/MINIAODSIM/130X_mcRun3_2023_realistic_v14-v3/2810000/6bd34bf9-430f-4f51-8ffb-ecf8eef99f02.root
01-Feb-2025 16:47:39 CST  Closed file root://cmsxrootd.fnal.gov//store/mc/Run3Summer23MiniAODv4/DYto2L-4Jets_MLL-50to120_HT-100to400_TuneCP5_13p6TeV_madgraphMLM-pythia8/MINIAODSIM/130X_mcRun3_2023_realistic_v14-v3/2810000/6bd34bf9-430f-4f51-8ffb-ecf8eef99f02.root
01-Feb-2025 16:47:39 CST  Initiating request to open file root://cmsxrootd.fnal.gov//store/mc/Run3Summer23MiniAODv4/DYto2L-4Jets_MLL-50to120_HT-100to400_TuneCP5_13p6TeV_madgraphMLM-pythia8/MINIAODSIM/130X_mcRun3_2023_realistic_v14-v3/2810000/9448470a-e953-415a-8165-e85adc0afab9.root
01-Feb-2025 16:47:41 CST  Successfully opened file root://cmsxrootd.fnal.gov//store/mc/Run3Summer23MiniAODv4/DYto2L-4Jets_MLL-50to120_HT-100to400_TuneCP5_13p6TeV_madgraphMLM-pythia8/MINIAODSIM/130X_mcRun3_2023_realistic_v14-v3/2810000/9448470a-e953-415a-8165-e85adc0afab9.root
01-Feb-2025 16:47:42 CST  Closed file root://cmsxrootd.fnal.gov//store/mc/Run3Summer23MiniAODv4/DYto2L-4Jets_MLL-50to120_HT-100to400_TuneCP5_13p6TeV_madgraphMLM-pythia8/MINIAODSIM/130X_mcRun3_2023_realistic_v14-v3/2810000/9448470a-e953-415a-8165-e85adc0afab9.root
01-Feb-2025 16:47:42 CST  Initiating request to open file root://cmsxrootd.fnal.gov//store/mc/Run3Summer23MiniAODv4/DYto2L-4Jets_MLL-50to120_HT-100to400_TuneCP5_13p6TeV_madgraphMLM-pythia8/MINIAODSIM/130X_mcRun3_2023_realistic_v14-v3/2810000/d1da30ff-cbea-44a3-9ba7-d6aca06ef897.root
01-Feb-2025 16:47:43 CST  Successfully opened file root://cmsxrootd.fnal.gov//store/mc/Run3Summer23MiniAODv4/DYto2L-4Jets_MLL-50to120_HT-100to400_TuneCP5_13p6TeV_madgraphMLM-pythia8/MINIAODSIM/130X_mcRun3_2023_realistic_v14-v3/2810000/d1da30ff-cbea-44a3-9ba7-d6aca06ef897.root
Begin processing the 500001st record. Run 1, Event 5661148, LumiSection 699 on stream 0 at 01-Feb-2025 16:47:47.736 CST
01-Feb-2025 16:47:48 CST  Closed file root://cmsxrootd.fnal.gov//store/mc/Run3Summer23MiniAODv4/DYto2L-4Jets_MLL-50to120_HT-100to400_TuneCP5_13p6TeV_madgraphMLM-pythia8/MINIAODSIM/130X_mcRun3_2023_realistic_v14-v3/2810000/d1da30ff-cbea-44a3-9ba7-d6aca06ef897.root
01-Feb-2025 16:47:48 CST  Initiating request to open file root://cmsxrootd.fnal.gov//store/mc/Run3Summer23MiniAODv4/DYto2L-4Jets_MLL-50to120_HT-100to400_TuneCP5_13p6TeV_madgraphMLM-pythia8/MINIAODSIM/130X_mcRun3_2023_realistic_v14-v3/2810000/9511b68b-c8d8-4ad0-abcf-0b41eca931eb.root
01-Feb-2025 16:47:49 CST  Successfully opened file root://cmsxrootd.fnal.gov//store/mc/Run3Summer23MiniAODv4/DYto2L-4Jets_MLL-50to120_HT-100to400_TuneCP5_13p6TeV_madgraphMLM-pythia8/MINIAODSIM/130X_mcRun3_2023_realistic_v14-v3/2810000/9511b68b-c8d8-4ad0-abcf-0b41eca931eb.root
01-Feb-2025 16:47:50 CST  Closed file root://cmsxrootd.fnal.gov//store/mc/Run3Summer23MiniAODv4/DYto2L-4Jets_MLL-50to120_HT-100to400_TuneCP5_13p6TeV_madgraphMLM-pythia8/MINIAODSIM/130X_mcRun3_2023_realistic_v14-v3/2810000/9511b68b-c8d8-4ad0-abcf-0b41eca931eb.root
01-Feb-2025 16:47:50 CST  Initiating request to open file root://cmsxrootd.fnal.gov//store/mc/Run3Summer23MiniAODv4/DYto2L-4Jets_MLL-50to120_HT-100to400_TuneCP5_13p6TeV_madgraphMLM-pythia8/MINIAODSIM/130X_mcRun3_2023_realistic_v14-v3/2810000/985676cb-028f-4c1d-8578-b3f71f63b90c.root
01-Feb-2025 16:47:51 CST  Successfully opened file root://cmsxrootd.fnal.gov//store/mc/Run3Summer23MiniAODv4/DYto2L-4Jets_MLL-50to120_HT-100to400_TuneCP5_13p6TeV_madgraphMLM-pythia8/MINIAODSIM/130X_mcRun3_2023_realistic_v14-v3/2810000/985676cb-028f-4c1d-8578-b3f71f63b90c.root
01-Feb-2025 16:47:53 CST  Closed file root://cmsxrootd.fnal.gov//store/mc/Run3Summer23MiniAODv4/DYto2L-4Jets_MLL-50to120_HT-100to400_TuneCP5_13p6TeV_madgraphMLM-pythia8/MINIAODSIM/130X_mcRun3_2023_realistic_v14-v3/2810000/985676cb-028f-4c1d-8578-b3f71f63b90c.root
01-Feb-2025 16:47:53 CST  Initiating request to open file root://cmsxrootd.fnal.gov//store/mc/Run3Summer23MiniAODv4/DYto2L-4Jets_MLL-50to120_HT-100to400_TuneCP5_13p6TeV_madgraphMLM-pythia8/MINIAODSIM/130X_mcRun3_2023_realistic_v14-v3/2810000/860073f5-25aa-415c-be68-06e4d45ad12e.root
01-Feb-2025 16:47:54 CST  Successfully opened file root://cmsxrootd.fnal.gov//store/mc/Run3Summer23MiniAODv4/DYto2L-4Jets_MLL-50to120_HT-100to400_TuneCP5_13p6TeV_madgraphMLM-pythia8/MINIAODSIM/130X_mcRun3_2023_realistic_v14-v3/2810000/860073f5-25aa-415c-be68-06e4d45ad12e.root
01-Feb-2025 16:47:57 CST  Closed file root://cmsxrootd.fnal.gov//store/mc/Run3Summer23MiniAODv4/DYto2L-4Jets_MLL-50to120_HT-100to400_TuneCP5_13p6TeV_madgraphMLM-pythia8/MINIAODSIM/130X_mcRun3_2023_realistic_v14-v3/2810000/860073f5-25aa-415c-be68-06e4d45ad12e.root
01-Feb-2025 16:47:57 CST  Initiating request to open file root://cmsxrootd.fnal.gov//store/mc/Run3Summer23MiniAODv4/DYto2L-4Jets_MLL-50to120_HT-100to400_TuneCP5_13p6TeV_madgraphMLM-pythia8/MINIAODSIM/130X_mcRun3_2023_realistic_v14-v3/2810000/721427d3-4368-4d86-a6ae-cf94eac5f5d6.root
01-Feb-2025 16:47:58 CST  Successfully opened file root://cmsxrootd.fnal.gov//store/mc/Run3Summer23MiniAODv4/DYto2L-4Jets_MLL-50to120_HT-100to400_TuneCP5_13p6TeV_madgraphMLM-pythia8/MINIAODSIM/130X_mcRun3_2023_realistic_v14-v3/2810000/721427d3-4368-4d86-a6ae-cf94eac5f5d6.root
Begin processing the 600001st record. Run 1, Event 23427499, LumiSection 2890 on stream 0 at 01-Feb-2025 16:47:59.640 CST
01-Feb-2025 16:47:59 CST  Closed file root://cmsxrootd.fnal.gov//store/mc/Run3Summer23MiniAODv4/DYto2L-4Jets_MLL-50to120_HT-100to400_TuneCP5_13p6TeV_madgraphMLM-pythia8/MINIAODSIM/130X_mcRun3_2023_realistic_v14-v3/2810000/721427d3-4368-4d86-a6ae-cf94eac5f5d6.root
01-Feb-2025 16:47:59 CST  Initiating request to open file root://cmsxrootd.fnal.gov//store/mc/Run3Summer23MiniAODv4/DYto2L-4Jets_MLL-50to120_HT-100to400_TuneCP5_13p6TeV_madgraphMLM-pythia8/MINIAODSIM/130X_mcRun3_2023_realistic_v14-v3/2810000/dc77744a-5d60-4c71-a0ae-cac4d3f75929.root
01-Feb-2025 16:48:01 CST  Successfully opened file root://cmsxrootd.fnal.gov//store/mc/Run3Summer23MiniAODv4/DYto2L-4Jets_MLL-50to120_HT-100to400_TuneCP5_13p6TeV_madgraphMLM-pythia8/MINIAODSIM/130X_mcRun3_2023_realistic_v14-v3/2810000/dc77744a-5d60-4c71-a0ae-cac4d3f75929.root
01-Feb-2025 16:48:02 CST  Closed file root://cmsxrootd.fnal.gov//store/mc/Run3Summer23MiniAODv4/DYto2L-4Jets_MLL-50to120_HT-100to400_TuneCP5_13p6TeV_madgraphMLM-pythia8/MINIAODSIM/130X_mcRun3_2023_realistic_v14-v3/2810000/dc77744a-5d60-4c71-a0ae-cac4d3f75929.root
01-Feb-2025 16:48:02 CST  Initiating request to open file root://cmsxrootd.fnal.gov//store/mc/Run3Summer23MiniAODv4/DYto2L-4Jets_MLL-50to120_HT-100to400_TuneCP5_13p6TeV_madgraphMLM-pythia8/MINIAODSIM/130X_mcRun3_2023_realistic_v14-v3/2810000/40dcd288-b8fe-432d-824f-944f88aaefb9.root
01-Feb-2025 16:48:03 CST  Successfully opened file root://cmsxrootd.fnal.gov//store/mc/Run3Summer23MiniAODv4/DYto2L-4Jets_MLL-50to120_HT-100to400_TuneCP5_13p6TeV_madgraphMLM-pythia8/MINIAODSIM/130X_mcRun3_2023_realistic_v14-v3/2810000/40dcd288-b8fe-432d-824f-944f88aaefb9.root
01-Feb-2025 16:48:08 CST  Closed file root://cmsxrootd.fnal.gov//store/mc/Run3Summer23MiniAODv4/DYto2L-4Jets_MLL-50to120_HT-100to400_TuneCP5_13p6TeV_madgraphMLM-pythia8/MINIAODSIM/130X_mcRun3_2023_realistic_v14-v3/2810000/40dcd288-b8fe-432d-824f-944f88aaefb9.root
01-Feb-2025 16:48:08 CST  Initiating request to open file root://cmsxrootd.fnal.gov//store/mc/Run3Summer23MiniAODv4/DYto2L-4Jets_MLL-50to120_HT-100to400_TuneCP5_13p6TeV_madgraphMLM-pythia8/MINIAODSIM/130X_mcRun3_2023_realistic_v14-v3/2810000/fdde31dd-5ef7-4fca-8243-5044af638b1a.root
01-Feb-2025 16:48:09 CST  Successfully opened file root://cmsxrootd.fnal.gov//store/mc/Run3Summer23MiniAODv4/DYto2L-4Jets_MLL-50to120_HT-100to400_TuneCP5_13p6TeV_madgraphMLM-pythia8/MINIAODSIM/130X_mcRun3_2023_realistic_v14-v3/2810000/fdde31dd-5ef7-4fca-8243-5044af638b1a.root
Begin processing the 700001st record. Run 1, Event 123465633, LumiSection 15228 on stream 0 at 01-Feb-2025 16:48:10.824 CST
01-Feb-2025 16:48:11 CST  Closed file root://cmsxrootd.fnal.gov//store/mc/Run3Summer23MiniAODv4/DYto2L-4Jets_MLL-50to120_HT-100to400_TuneCP5_13p6TeV_madgraphMLM-pythia8/MINIAODSIM/130X_mcRun3_2023_realistic_v14-v3/2810000/fdde31dd-5ef7-4fca-8243-5044af638b1a.root
01-Feb-2025 16:48:11 CST  Initiating request to open file root://cmsxrootd.fnal.gov//store/mc/Run3Summer23MiniAODv4/DYto2L-4Jets_MLL-50to120_HT-100to400_TuneCP5_13p6TeV_madgraphMLM-pythia8/MINIAODSIM/130X_mcRun3_2023_realistic_v14-v3/2810000/1a7825b1-ab57-49d6-acab-1b6a2ae0a467.root
01-Feb-2025 16:48:13 CST  Successfully opened file root://cmsxrootd.fnal.gov//store/mc/Run3Summer23MiniAODv4/DYto2L-4Jets_MLL-50to120_HT-100to400_TuneCP5_13p6TeV_madgraphMLM-pythia8/MINIAODSIM/130X_mcRun3_2023_realistic_v14-v3/2810000/1a7825b1-ab57-49d6-acab-1b6a2ae0a467.root
01-Feb-2025 16:48:18 CST  Closed file root://cmsxrootd.fnal.gov//store/mc/Run3Summer23MiniAODv4/DYto2L-4Jets_MLL-50to120_HT-100to400_TuneCP5_13p6TeV_madgraphMLM-pythia8/MINIAODSIM/130X_mcRun3_2023_realistic_v14-v3/2810000/1a7825b1-ab57-49d6-acab-1b6a2ae0a467.root
01-Feb-2025 16:48:18 CST  Initiating request to open file root://cmsxrootd.fnal.gov//store/mc/Run3Summer23MiniAODv4/DYto2L-4Jets_MLL-50to120_HT-100to400_TuneCP5_13p6TeV_madgraphMLM-pythia8/MINIAODSIM/130X_mcRun3_2023_realistic_v14-v3/2810000/e49f7777-b55f-4cc9-bb5c-738fe8958fb8.root
01-Feb-2025 16:48:20 CST  Successfully opened file root://cmsxrootd.fnal.gov//store/mc/Run3Summer23MiniAODv4/DYto2L-4Jets_MLL-50to120_HT-100to400_TuneCP5_13p6TeV_madgraphMLM-pythia8/MINIAODSIM/130X_mcRun3_2023_realistic_v14-v3/2810000/e49f7777-b55f-4cc9-bb5c-738fe8958fb8.root
01-Feb-2025 16:48:23 CST  Closed file root://cmsxrootd.fnal.gov//store/mc/Run3Summer23MiniAODv4/DYto2L-4Jets_MLL-50to120_HT-100to400_TuneCP5_13p6TeV_madgraphMLM-pythia8/MINIAODSIM/130X_mcRun3_2023_realistic_v14-v3/2810000/e49f7777-b55f-4cc9-bb5c-738fe8958fb8.root
01-Feb-2025 16:48:23 CST  Initiating request to open file root://cmsxrootd.fnal.gov//store/mc/Run3Summer23MiniAODv4/DYto2L-4Jets_MLL-50to120_HT-100to400_TuneCP5_13p6TeV_madgraphMLM-pythia8/MINIAODSIM/130X_mcRun3_2023_realistic_v14-v3/2810000/4a712dca-2f01-4432-9488-7fe8dc658e23.root
01-Feb-2025 16:48:25 CST  Successfully opened file root://cmsxrootd.fnal.gov//store/mc/Run3Summer23MiniAODv4/DYto2L-4Jets_MLL-50to120_HT-100to400_TuneCP5_13p6TeV_madgraphMLM-pythia8/MINIAODSIM/130X_mcRun3_2023_realistic_v14-v3/2810000/4a712dca-2f01-4432-9488-7fe8dc658e23.root
01-Feb-2025 16:48:31 CST  Closed file root://cmsxrootd.fnal.gov//store/mc/Run3Summer23MiniAODv4/DYto2L-4Jets_MLL-50to120_HT-100to400_TuneCP5_13p6TeV_madgraphMLM-pythia8/MINIAODSIM/130X_mcRun3_2023_realistic_v14-v3/2810000/4a712dca-2f01-4432-9488-7fe8dc658e23.root
01-Feb-2025 16:48:31 CST  Initiating request to open file root://cmsxrootd.fnal.gov//store/mc/Run3Summer23MiniAODv4/DYto2L-4Jets_MLL-50to120_HT-100to400_TuneCP5_13p6TeV_madgraphMLM-pythia8/MINIAODSIM/130X_mcRun3_2023_realistic_v14-v3/2810000/46f980fb-06fb-4869-924b-a45dbd31cf28.root
01-Feb-2025 16:48:33 CST  Successfully opened file root://cmsxrootd.fnal.gov//store/mc/Run3Summer23MiniAODv4/DYto2L-4Jets_MLL-50to120_HT-100to400_TuneCP5_13p6TeV_madgraphMLM-pythia8/MINIAODSIM/130X_mcRun3_2023_realistic_v14-v3/2810000/46f980fb-06fb-4869-924b-a45dbd31cf28.root
Begin processing the 800001st record. Run 1, Event 90122099, LumiSection 11116 on stream 0 at 01-Feb-2025 16:48:36.793 CST
01-Feb-2025 16:48:36 CST  Closed file root://cmsxrootd.fnal.gov//store/mc/Run3Summer23MiniAODv4/DYto2L-4Jets_MLL-50to120_HT-100to400_TuneCP5_13p6TeV_madgraphMLM-pythia8/MINIAODSIM/130X_mcRun3_2023_realistic_v14-v3/2810000/46f980fb-06fb-4869-924b-a45dbd31cf28.root
01-Feb-2025 16:48:36 CST  Initiating request to open file root://cmsxrootd.fnal.gov//store/mc/Run3Summer23MiniAODv4/DYto2L-4Jets_MLL-50to120_HT-100to400_TuneCP5_13p6TeV_madgraphMLM-pythia8/MINIAODSIM/130X_mcRun3_2023_realistic_v14-v3/2810000/de492c08-734b-41f3-ab41-13998932dfeb.root
01-Feb-2025 16:48:39 CST  Successfully opened file root://cmsxrootd.fnal.gov//store/mc/Run3Summer23MiniAODv4/DYto2L-4Jets_MLL-50to120_HT-100to400_TuneCP5_13p6TeV_madgraphMLM-pythia8/MINIAODSIM/130X_mcRun3_2023_realistic_v14-v3/2810000/de492c08-734b-41f3-ab41-13998932dfeb.root
01-Feb-2025 16:48:42 CST  Closed file root://cmsxrootd.fnal.gov//store/mc/Run3Summer23MiniAODv4/DYto2L-4Jets_MLL-50to120_HT-100to400_TuneCP5_13p6TeV_madgraphMLM-pythia8/MINIAODSIM/130X_mcRun3_2023_realistic_v14-v3/2810000/de492c08-734b-41f3-ab41-13998932dfeb.root
01-Feb-2025 16:48:42 CST  Initiating request to open file root://cmsxrootd.fnal.gov//store/mc/Run3Summer23MiniAODv4/DYto2L-4Jets_MLL-50to120_HT-100to400_TuneCP5_13p6TeV_madgraphMLM-pythia8/MINIAODSIM/130X_mcRun3_2023_realistic_v14-v3/2810000/528441b8-9de4-44b2-8854-6448003bc5e9.root
[2025-02-01 16:48:43.219445 -0600][Error  ][PostMaster        ] [cmsstor106.fnal.gov:26300] Forcing error on disconnect: [ERROR] Operation interrupted.
01-Feb-2025 16:48:44 CST  Successfully opened file root://cmsxrootd.fnal.gov//store/mc/Run3Summer23MiniAODv4/DYto2L-4Jets_MLL-50to120_HT-100to400_TuneCP5_13p6TeV_madgraphMLM-pythia8/MINIAODSIM/130X_mcRun3_2023_realistic_v14-v3/2810000/528441b8-9de4-44b2-8854-6448003bc5e9.root
01-Feb-2025 16:48:47 CST  Closed file root://cmsxrootd.fnal.gov//store/mc/Run3Summer23MiniAODv4/DYto2L-4Jets_MLL-50to120_HT-100to400_TuneCP5_13p6TeV_madgraphMLM-pythia8/MINIAODSIM/130X_mcRun3_2023_realistic_v14-v3/2810000/528441b8-9de4-44b2-8854-6448003bc5e9.root
01-Feb-2025 16:48:47 CST  Initiating request to open file root://cmsxrootd.fnal.gov//store/mc/Run3Summer23MiniAODv4/DYto2L-4Jets_MLL-50to120_HT-100to400_TuneCP5_13p6TeV_madgraphMLM-pythia8/MINIAODSIM/130X_mcRun3_2023_realistic_v14-v3/2820001/baa2f4cb-251d-4f3a-9901-93206d81c117.root
01-Feb-2025 16:48:50 CST  Successfully opened file root://cmsxrootd.fnal.gov//store/mc/Run3Summer23MiniAODv4/DYto2L-4Jets_MLL-50to120_HT-100to400_TuneCP5_13p6TeV_madgraphMLM-pythia8/MINIAODSIM/130X_mcRun3_2023_realistic_v14-v3/2820001/baa2f4cb-251d-4f3a-9901-93206d81c117.root
[2025-02-01 16:48:55.548690 -0600][Error  ][PostMaster        ] [cmsstor917.fnal.gov:28581] Forcing error on disconnect: [ERROR] Operation interrupted.
%MSG-w XrdAdaptorLvl3:  AfterFile 01-Feb-2025 16:48:58 CST PostProcessEvent
Deactivating xrd-10.t2.ucsd.edu from active sources because its quality (323) is higher than 260 and 4 times larger than the other active server xrd-3.t2.ucsd.edu (61) 
%MSG
01-Feb-2025 16:49:06 CST  Closed file root://cmsxrootd.fnal.gov//store/mc/Run3Summer23MiniAODv4/DYto2L-4Jets_MLL-50to120_HT-100to400_TuneCP5_13p6TeV_madgraphMLM-pythia8/MINIAODSIM/130X_mcRun3_2023_realistic_v14-v3/2820001/baa2f4cb-251d-4f3a-9901-93206d81c117.root
01-Feb-2025 16:49:06 CST  Initiating request to open file root://cmsxrootd.fnal.gov//store/mc/Run3Summer23MiniAODv4/DYto2L-4Jets_MLL-50to120_HT-100to400_TuneCP5_13p6TeV_madgraphMLM-pythia8/MINIAODSIM/130X_mcRun3_2023_realistic_v14-v3/2820001/4e056867-847a-47ba-9fa7-ae216b8221b7.root
01-Feb-2025 16:49:09 CST  Successfully opened file root://cmsxrootd.fnal.gov//store/mc/Run3Summer23MiniAODv4/DYto2L-4Jets_MLL-50to120_HT-100to400_TuneCP5_13p6TeV_madgraphMLM-pythia8/MINIAODSIM/130X_mcRun3_2023_realistic_v14-v3/2820001/4e056867-847a-47ba-9fa7-ae216b8221b7.root
%MSG-w XrdAdaptorLvl3:  source 01-Feb-2025 16:49:19 CST PreSource
Deactivating xrd-3.t2.ucsd.edu from active sources because its quality (1362) is higher than 260 and 4 times larger than the other active server xrd-7.t2.ucsd.edu (262) 
%MSG
%MSG-w XrdAdaptorLvl3:  source 01-Feb-2025 16:49:21 CST PreSource
Deactivating xrd-7.t2.ucsd.edu from active sources because its quality (311) is higher than 260 and 4 times larger than the other active server xrd-13.t2.ucsd.edu (61) 
%MSG
Begin processing the 900001st record. Run 1, Event 462827221, LumiSection 57083 on stream 0 at 01-Feb-2025 16:49:25.188 CST
01-Feb-2025 16:49:25 CST  Closed file root://cmsxrootd.fnal.gov//store/mc/Run3Summer23MiniAODv4/DYto2L-4Jets_MLL-50to120_HT-100to400_TuneCP5_13p6TeV_madgraphMLM-pythia8/MINIAODSIM/130X_mcRun3_2023_realistic_v14-v3/2820001/4e056867-847a-47ba-9fa7-ae216b8221b7.root
01-Feb-2025 16:49:25 CST  Initiating request to open file root://cmsxrootd.fnal.gov//store/mc/Run3Summer23MiniAODv4/DYto2L-4Jets_MLL-50to120_HT-100to400_TuneCP5_13p6TeV_madgraphMLM-pythia8/MINIAODSIM/130X_mcRun3_2023_realistic_v14-v3/2820001/f90cbad9-9efd-4e3b-a7cf-6438c7ea1841.root
01-Feb-2025 16:49:28 CST  Successfully opened file root://cmsxrootd.fnal.gov//store/mc/Run3Summer23MiniAODv4/DYto2L-4Jets_MLL-50to120_HT-100to400_TuneCP5_13p6TeV_madgraphMLM-pythia8/MINIAODSIM/130X_mcRun3_2023_realistic_v14-v3/2820001/f90cbad9-9efd-4e3b-a7cf-6438c7ea1841.root
%MSG-w XrdAdaptorLvl3:  AfterFile 01-Feb-2025 16:49:37 CST PostProcessEvent
Deactivating xrd-4.t2.ucsd.edu from active sources because its quality (359) is higher than 260 and 4 times larger than the other active server xrd-11.t2.ucsd.edu (85) 
%MSG
01-Feb-2025 16:49:45 CST  Closed file root://cmsxrootd.fnal.gov//store/mc/Run3Summer23MiniAODv4/DYto2L-4Jets_MLL-50to120_HT-100to400_TuneCP5_13p6TeV_madgraphMLM-pythia8/MINIAODSIM/130X_mcRun3_2023_realistic_v14-v3/2820001/f90cbad9-9efd-4e3b-a7cf-6438c7ea1841.root
01-Feb-2025 16:49:45 CST  Initiating request to open file root://cmsxrootd.fnal.gov//store/mc/Run3Summer23MiniAODv4/DYto2L-4Jets_MLL-50to120_HT-100to400_TuneCP5_13p6TeV_madgraphMLM-pythia8/MINIAODSIM/130X_mcRun3_2023_realistic_v14-v3/2820000/1b3aded9-1365-48ad-9b1a-54800dd633b3.root
01-Feb-2025 16:49:48 CST  Successfully opened file root://cmsxrootd.fnal.gov//store/mc/Run3Summer23MiniAODv4/DYto2L-4Jets_MLL-50to120_HT-100to400_TuneCP5_13p6TeV_madgraphMLM-pythia8/MINIAODSIM/130X_mcRun3_2023_realistic_v14-v3/2820000/1b3aded9-1365-48ad-9b1a-54800dd633b3.root
%MSG-w XrdAdaptorLvl3:  source 01-Feb-2025 16:49:56 CST PreSource
Deactivating xrd-4.t2.ucsd.edu from active sources because its quality (904) is higher than 260 and 4 times larger than the other active server xrd-6.t2.ucsd.edu (211) 
%MSG
01-Feb-2025 16:49:58 CST  Closed file root://cmsxrootd.fnal.gov//store/mc/Run3Summer23MiniAODv4/DYto2L-4Jets_MLL-50to120_HT-100to400_TuneCP5_13p6TeV_madgraphMLM-pythia8/MINIAODSIM/130X_mcRun3_2023_realistic_v14-v3/2820000/1b3aded9-1365-48ad-9b1a-54800dd633b3.root
01-Feb-2025 16:49:58 CST  Initiating request to open file root://cmsxrootd.fnal.gov//store/mc/Run3Summer23MiniAODv4/DYto2L-4Jets_MLL-50to120_HT-100to400_TuneCP5_13p6TeV_madgraphMLM-pythia8/MINIAODSIM/130X_mcRun3_2023_realistic_v14-v3/2820000/e4742035-9f43-4a38-8dc9-89c9472f8d16.root
01-Feb-2025 16:50:01 CST  Successfully opened file root://cmsxrootd.fnal.gov//store/mc/Run3Summer23MiniAODv4/DYto2L-4Jets_MLL-50to120_HT-100to400_TuneCP5_13p6TeV_madgraphMLM-pythia8/MINIAODSIM/130X_mcRun3_2023_realistic_v14-v3/2820000/e4742035-9f43-4a38-8dc9-89c9472f8d16.root
%MSG-w XrdAdaptorLvl3:  AfterFile 01-Feb-2025 16:50:08 CST PostProcessEvent
Deactivating xrd-14.t2.ucsd.edu from active sources because its quality (270) is higher than 260 and 4 times larger than the other active server cmsstor205.fnal.gov (23) 
%MSG
     60.846130      0.832553   1501.864000             0
    311.024200      2.516526   1501.864000             1
    564.466900      2.788906   1501.864000             2
    565.527100      2.304762   1501.864000             3
 
01-Feb-2025 16:50:12 CST  Closed file root://cmsxrootd.fnal.gov//store/mc/Run3Summer23MiniAODv4/DYto2L-4Jets_MLL-50to120_HT-100to400_TuneCP5_13p6TeV_madgraphMLM-pythia8/MINIAODSIM/130X_mcRun3_2023_realistic_v14-v3/2820000/e4742035-9f43-4a38-8dc9-89c9472f8d16.root

------------------------------------
GenXsecAnalyzer:
------------------------------------
-------------------------------------------------------------------------------------------------------------------------------------------------------------------------- 
Overall cross-section summary 
--------------------------------------------------------------------------------------------------------------------------------------------------------------------------
Process		xsec_before [pb]		passed	nposw	nnegw	tried	nposw	nnegw 	xsec_match [pb]			accepted [%]	 event_eff [%]
0		6.053e+01 +/- 1.278e-02		100417	100417	0	332212	332212	0	1.830e+01 +/- 4.838e-02		30.2 +/- 0.1	30.2 +/- 0.1
1		3.111e+02 +/- 3.798e-02		364245	364245	0	1689831	1689831	0	6.706e+01 +/- 9.875e-02		21.6 +/- 0.0	21.6 +/- 0.0
2		5.649e+02 +/- 4.192e-02		325846	325846	0	3165462	3165462	0	5.815e+01 +/- 9.658e-02		10.3 +/- 0.0	10.3 +/- 0.0
3		5.654e+02 +/- 3.549e-02		209554	209554	0	3171843	3171843	0	3.736e+01 +/- 7.890e-02		6.6 +/- 0.0	6.6 +/- 0.0
-------------------------------------------------------------------------------------------------------------------------------------------------------------------------- 
Total		1.502e+03 +/- 6.799e-02		1000062	1000062	0	8359348	8359348	0	1.797e+02 +/- 1.688e-01		12.0 +/- 0.0	12.0 +/- 0.0
--------------------------------------------------------------------------------------------------------------------------------------------------------------------------
Before matching: total cross section = 1.502e+03 +- 6.799e-02 pb
After matching: total cross section = 1.797e+02 +- 1.688e-01 pb
Matching efficiency = 0.1 +/- 0.0   [TO BE USED IN MCM]
Filter efficiency (taking into account weights)= (1.50218e+09) / (1.50218e+09) = 1.000e+00 +- 0.000e+00
Filter efficiency (event-level)= (1.00006e+06) / (1.00006e+06) = 1.000e+00 +- 0.000e+00    [TO BE USED IN MCM]

After filter: final cross section = 1.797e+02 +- 1.688e-01 pb
After filter: final fraction of events with negative weights = 0.000e+00 +- 0.000e+00
After filter: final equivalent lumi for 1M events (1/fb) = 5.565e+00 +- 7.636e-03
