01-Feb-2025 17:11:09 CST  Initiating request to open file root://cmsxrootd.fnal.gov//store/mc/Run3Summer23MiniAODv4/DYto2L-4Jets_MLL-50to120_HT-70to100_TuneCP5_13p6TeV_madgraphMLM-pythia8/MINIAODSIM/130X_mcRun3_2023_realistic_v14-v2/40000/87a3b57b-6c86-455d-bc56-575d78c31f5e.root
01-Feb-2025 17:11:12 CST  Successfully opened file root://cmsxrootd.fnal.gov//store/mc/Run3Summer23MiniAODv4/DYto2L-4Jets_MLL-50to120_HT-70to100_TuneCP5_13p6TeV_madgraphMLM-pythia8/MINIAODSIM/130X_mcRun3_2023_realistic_v14-v2/40000/87a3b57b-6c86-455d-bc56-575d78c31f5e.root
Begin processing the 1st record. Run 1, Event 144399859, LumiSection 22567 on stream 0 at 01-Feb-2025 17:11:14.416 CST
01-Feb-2025 17:11:14 CST  Closed file root://cmsxrootd.fnal.gov//store/mc/Run3Summer23MiniAODv4/DYto2L-4Jets_MLL-50to120_HT-70to100_TuneCP5_13p6TeV_madgraphMLM-pythia8/MINIAODSIM/130X_mcRun3_2023_realistic_v14-v2/40000/87a3b57b-6c86-455d-bc56-575d78c31f5e.root
01-Feb-2025 17:11:14 CST  Initiating request to open file root://cmsxrootd.fnal.gov//store/mc/Run3Summer23MiniAODv4/DYto2L-4Jets_MLL-50to120_HT-70to100_TuneCP5_13p6TeV_madgraphMLM-pythia8/MINIAODSIM/130X_mcRun3_2023_realistic_v14-v2/40000/498003f6-4483-4a63-b17b-2c3dad9416d8.root
01-Feb-2025 17:11:16 CST  Successfully opened file root://cmsxrootd.fnal.gov//store/mc/Run3Summer23MiniAODv4/DYto2L-4Jets_MLL-50to120_HT-70to100_TuneCP5_13p6TeV_madgraphMLM-pythia8/MINIAODSIM/130X_mcRun3_2023_realistic_v14-v2/40000/498003f6-4483-4a63-b17b-2c3dad9416d8.root
01-Feb-2025 17:11:18 CST  Closed file root://cmsxrootd.fnal.gov//store/mc/Run3Summer23MiniAODv4/DYto2L-4Jets_MLL-50to120_HT-70to100_TuneCP5_13p6TeV_madgraphMLM-pythia8/MINIAODSIM/130X_mcRun3_2023_realistic_v14-v2/40000/498003f6-4483-4a63-b17b-2c3dad9416d8.root
01-Feb-2025 17:11:18 CST  Initiating request to open file root://cmsxrootd.fnal.gov//store/mc/Run3Summer23MiniAODv4/DYto2L-4Jets_MLL-50to120_HT-70to100_TuneCP5_13p6TeV_madgraphMLM-pythia8/MINIAODSIM/130X_mcRun3_2023_realistic_v14-v2/40000/8c05ed64-e1fb-4eab-b047-a5a404df73fa.root
01-Feb-2025 17:11:19 CST  Successfully opened file root://cmsxrootd.fnal.gov//store/mc/Run3Summer23MiniAODv4/DYto2L-4Jets_MLL-50to120_HT-70to100_TuneCP5_13p6TeV_madgraphMLM-pythia8/MINIAODSIM/130X_mcRun3_2023_realistic_v14-v2/40000/8c05ed64-e1fb-4eab-b047-a5a404df73fa.root
01-Feb-2025 17:11:20 CST  Closed file root://cmsxrootd.fnal.gov//store/mc/Run3Summer23MiniAODv4/DYto2L-4Jets_MLL-50to120_HT-70to100_TuneCP5_13p6TeV_madgraphMLM-pythia8/MINIAODSIM/130X_mcRun3_2023_realistic_v14-v2/40000/8c05ed64-e1fb-4eab-b047-a5a404df73fa.root
01-Feb-2025 17:11:20 CST  Initiating request to open file root://cmsxrootd.fnal.gov//store/mc/Run3Summer23MiniAODv4/DYto2L-4Jets_MLL-50to120_HT-70to100_TuneCP5_13p6TeV_madgraphMLM-pythia8/MINIAODSIM/130X_mcRun3_2023_realistic_v14-v2/40000/930bd1a9-10dc-4f00-96f3-a7def3e187eb.root
01-Feb-2025 17:11:21 CST  Successfully opened file root://cmsxrootd.fnal.gov//store/mc/Run3Summer23MiniAODv4/DYto2L-4Jets_MLL-50to120_HT-70to100_TuneCP5_13p6TeV_madgraphMLM-pythia8/MINIAODSIM/130X_mcRun3_2023_realistic_v14-v2/40000/930bd1a9-10dc-4f00-96f3-a7def3e187eb.root
01-Feb-2025 17:11:22 CST  Closed file root://cmsxrootd.fnal.gov//store/mc/Run3Summer23MiniAODv4/DYto2L-4Jets_MLL-50to120_HT-70to100_TuneCP5_13p6TeV_madgraphMLM-pythia8/MINIAODSIM/130X_mcRun3_2023_realistic_v14-v2/40000/930bd1a9-10dc-4f00-96f3-a7def3e187eb.root
01-Feb-2025 17:11:22 CST  Initiating request to open file root://cmsxrootd.fnal.gov//store/mc/Run3Summer23MiniAODv4/DYto2L-4Jets_MLL-50to120_HT-70to100_TuneCP5_13p6TeV_madgraphMLM-pythia8/MINIAODSIM/130X_mcRun3_2023_realistic_v14-v2/40000/8acdee79-dfbb-4a48-b7ec-34409df64f51.root
01-Feb-2025 17:11:23 CST  Successfully opened file root://cmsxrootd.fnal.gov//store/mc/Run3Summer23MiniAODv4/DYto2L-4Jets_MLL-50to120_HT-70to100_TuneCP5_13p6TeV_madgraphMLM-pythia8/MINIAODSIM/130X_mcRun3_2023_realistic_v14-v2/40000/8acdee79-dfbb-4a48-b7ec-34409df64f51.root
Begin processing the 100001st record. Run 1, Event 150571382, LumiSection 23531 on stream 0 at 01-Feb-2025 17:11:25.110 CST
01-Feb-2025 17:11:25 CST  Closed file root://cmsxrootd.fnal.gov//store/mc/Run3Summer23MiniAODv4/DYto2L-4Jets_MLL-50to120_HT-70to100_TuneCP5_13p6TeV_madgraphMLM-pythia8/MINIAODSIM/130X_mcRun3_2023_realistic_v14-v2/40000/8acdee79-dfbb-4a48-b7ec-34409df64f51.root
01-Feb-2025 17:11:25 CST  Initiating request to open file root://cmsxrootd.fnal.gov//store/mc/Run3Summer23MiniAODv4/DYto2L-4Jets_MLL-50to120_HT-70to100_TuneCP5_13p6TeV_madgraphMLM-pythia8/MINIAODSIM/130X_mcRun3_2023_realistic_v14-v2/40000/c3835461-c52f-4eee-95e4-7184e20a720b.root
01-Feb-2025 17:11:28 CST  Successfully opened file root://cmsxrootd.fnal.gov//store/mc/Run3Summer23MiniAODv4/DYto2L-4Jets_MLL-50to120_HT-70to100_TuneCP5_13p6TeV_madgraphMLM-pythia8/MINIAODSIM/130X_mcRun3_2023_realistic_v14-v2/40000/c3835461-c52f-4eee-95e4-7184e20a720b.root
01-Feb-2025 17:11:35 CST  Closed file root://cmsxrootd.fnal.gov//store/mc/Run3Summer23MiniAODv4/DYto2L-4Jets_MLL-50to120_HT-70to100_TuneCP5_13p6TeV_madgraphMLM-pythia8/MINIAODSIM/130X_mcRun3_2023_realistic_v14-v2/40000/c3835461-c52f-4eee-95e4-7184e20a720b.root
01-Feb-2025 17:11:35 CST  Initiating request to open file root://cmsxrootd.fnal.gov//store/mc/Run3Summer23MiniAODv4/DYto2L-4Jets_MLL-50to120_HT-70to100_TuneCP5_13p6TeV_madgraphMLM-pythia8/MINIAODSIM/130X_mcRun3_2023_realistic_v14-v2/40000/a4923379-231e-49d1-9151-f27c231f5ac1.root
01-Feb-2025 17:11:36 CST  Successfully opened file root://cmsxrootd.fnal.gov//store/mc/Run3Summer23MiniAODv4/DYto2L-4Jets_MLL-50to120_HT-70to100_TuneCP5_13p6TeV_madgraphMLM-pythia8/MINIAODSIM/130X_mcRun3_2023_realistic_v14-v2/40000/a4923379-231e-49d1-9151-f27c231f5ac1.root
01-Feb-2025 17:11:38 CST  Closed file root://cmsxrootd.fnal.gov//store/mc/Run3Summer23MiniAODv4/DYto2L-4Jets_MLL-50to120_HT-70to100_TuneCP5_13p6TeV_madgraphMLM-pythia8/MINIAODSIM/130X_mcRun3_2023_realistic_v14-v2/40000/a4923379-231e-49d1-9151-f27c231f5ac1.root
01-Feb-2025 17:11:38 CST  Initiating request to open file root://cmsxrootd.fnal.gov//store/mc/Run3Summer23MiniAODv4/DYto2L-4Jets_MLL-50to120_HT-70to100_TuneCP5_13p6TeV_madgraphMLM-pythia8/MINIAODSIM/130X_mcRun3_2023_realistic_v14-v2/40000/23a128b0-574f-4741-a96f-5e564adee63c.root
01-Feb-2025 17:11:39 CST  Successfully opened file root://cmsxrootd.fnal.gov//store/mc/Run3Summer23MiniAODv4/DYto2L-4Jets_MLL-50to120_HT-70to100_TuneCP5_13p6TeV_madgraphMLM-pythia8/MINIAODSIM/130X_mcRun3_2023_realistic_v14-v2/40000/23a128b0-574f-4741-a96f-5e564adee63c.root
01-Feb-2025 17:11:41 CST  Closed file root://cmsxrootd.fnal.gov//store/mc/Run3Summer23MiniAODv4/DYto2L-4Jets_MLL-50to120_HT-70to100_TuneCP5_13p6TeV_madgraphMLM-pythia8/MINIAODSIM/130X_mcRun3_2023_realistic_v14-v2/40000/23a128b0-574f-4741-a96f-5e564adee63c.root
01-Feb-2025 17:11:41 CST  Initiating request to open file root://cmsxrootd.fnal.gov//store/mc/Run3Summer23MiniAODv4/DYto2L-4Jets_MLL-50to120_HT-70to100_TuneCP5_13p6TeV_madgraphMLM-pythia8/MINIAODSIM/130X_mcRun3_2023_realistic_v14-v2/40000/ff504b8a-9a51-4867-bcdf-19b018c45eb9.root
01-Feb-2025 17:11:42 CST  Successfully opened file root://cmsxrootd.fnal.gov//store/mc/Run3Summer23MiniAODv4/DYto2L-4Jets_MLL-50to120_HT-70to100_TuneCP5_13p6TeV_madgraphMLM-pythia8/MINIAODSIM/130X_mcRun3_2023_realistic_v14-v2/40000/ff504b8a-9a51-4867-bcdf-19b018c45eb9.root
Begin processing the 200001st record. Run 1, Event 150294510, LumiSection 23488 on stream 0 at 01-Feb-2025 17:11:43.843 CST
01-Feb-2025 17:11:43 CST  Closed file root://cmsxrootd.fnal.gov//store/mc/Run3Summer23MiniAODv4/DYto2L-4Jets_MLL-50to120_HT-70to100_TuneCP5_13p6TeV_madgraphMLM-pythia8/MINIAODSIM/130X_mcRun3_2023_realistic_v14-v2/40000/ff504b8a-9a51-4867-bcdf-19b018c45eb9.root
01-Feb-2025 17:11:43 CST  Initiating request to open file root://cmsxrootd.fnal.gov//store/mc/Run3Summer23MiniAODv4/DYto2L-4Jets_MLL-50to120_HT-70to100_TuneCP5_13p6TeV_madgraphMLM-pythia8/MINIAODSIM/130X_mcRun3_2023_realistic_v14-v2/40000/1c681ea1-f69b-40df-96d6-0a19cc5cb1ff.root
01-Feb-2025 17:11:45 CST  Successfully opened file root://cmsxrootd.fnal.gov//store/mc/Run3Summer23MiniAODv4/DYto2L-4Jets_MLL-50to120_HT-70to100_TuneCP5_13p6TeV_madgraphMLM-pythia8/MINIAODSIM/130X_mcRun3_2023_realistic_v14-v2/40000/1c681ea1-f69b-40df-96d6-0a19cc5cb1ff.root
01-Feb-2025 17:11:46 CST  Closed file root://cmsxrootd.fnal.gov//store/mc/Run3Summer23MiniAODv4/DYto2L-4Jets_MLL-50to120_HT-70to100_TuneCP5_13p6TeV_madgraphMLM-pythia8/MINIAODSIM/130X_mcRun3_2023_realistic_v14-v2/40000/1c681ea1-f69b-40df-96d6-0a19cc5cb1ff.root
01-Feb-2025 17:11:46 CST  Initiating request to open file root://cmsxrootd.fnal.gov//store/mc/Run3Summer23MiniAODv4/DYto2L-4Jets_MLL-50to120_HT-70to100_TuneCP5_13p6TeV_madgraphMLM-pythia8/MINIAODSIM/130X_mcRun3_2023_realistic_v14-v2/40000/6d71bd44-7da6-4a90-8dc2-abaeefd52539.root
01-Feb-2025 17:11:47 CST  Successfully opened file root://cmsxrootd.fnal.gov//store/mc/Run3Summer23MiniAODv4/DYto2L-4Jets_MLL-50to120_HT-70to100_TuneCP5_13p6TeV_madgraphMLM-pythia8/MINIAODSIM/130X_mcRun3_2023_realistic_v14-v2/40000/6d71bd44-7da6-4a90-8dc2-abaeefd52539.root
01-Feb-2025 17:11:50 CST  Closed file root://cmsxrootd.fnal.gov//store/mc/Run3Summer23MiniAODv4/DYto2L-4Jets_MLL-50to120_HT-70to100_TuneCP5_13p6TeV_madgraphMLM-pythia8/MINIAODSIM/130X_mcRun3_2023_realistic_v14-v2/40000/6d71bd44-7da6-4a90-8dc2-abaeefd52539.root
01-Feb-2025 17:11:50 CST  Initiating request to open file root://cmsxrootd.fnal.gov//store/mc/Run3Summer23MiniAODv4/DYto2L-4Jets_MLL-50to120_HT-70to100_TuneCP5_13p6TeV_madgraphMLM-pythia8/MINIAODSIM/130X_mcRun3_2023_realistic_v14-v2/40000/ee61117a-8497-4200-bfbc-7ec6d7338f42.root
01-Feb-2025 17:11:51 CST  Successfully opened file root://cmsxrootd.fnal.gov//store/mc/Run3Summer23MiniAODv4/DYto2L-4Jets_MLL-50to120_HT-70to100_TuneCP5_13p6TeV_madgraphMLM-pythia8/MINIAODSIM/130X_mcRun3_2023_realistic_v14-v2/40000/ee61117a-8497-4200-bfbc-7ec6d7338f42.root
Begin processing the 300001st record. Run 1, Event 153383104, LumiSection 23970 on stream 0 at 01-Feb-2025 17:11:52.394 CST
01-Feb-2025 17:11:52 CST  Closed file root://cmsxrootd.fnal.gov//store/mc/Run3Summer23MiniAODv4/DYto2L-4Jets_MLL-50to120_HT-70to100_TuneCP5_13p6TeV_madgraphMLM-pythia8/MINIAODSIM/130X_mcRun3_2023_realistic_v14-v2/40000/ee61117a-8497-4200-bfbc-7ec6d7338f42.root
01-Feb-2025 17:11:52 CST  Initiating request to open file root://cmsxrootd.fnal.gov//store/mc/Run3Summer23MiniAODv4/DYto2L-4Jets_MLL-50to120_HT-70to100_TuneCP5_13p6TeV_madgraphMLM-pythia8/MINIAODSIM/130X_mcRun3_2023_realistic_v14-v2/40000/d94dce08-2e55-47bd-bd12-2153651212bb.root
01-Feb-2025 17:11:53 CST  Successfully opened file root://cmsxrootd.fnal.gov//store/mc/Run3Summer23MiniAODv4/DYto2L-4Jets_MLL-50to120_HT-70to100_TuneCP5_13p6TeV_madgraphMLM-pythia8/MINIAODSIM/130X_mcRun3_2023_realistic_v14-v2/40000/d94dce08-2e55-47bd-bd12-2153651212bb.root
01-Feb-2025 17:11:54 CST  Closed file root://cmsxrootd.fnal.gov//store/mc/Run3Summer23MiniAODv4/DYto2L-4Jets_MLL-50to120_HT-70to100_TuneCP5_13p6TeV_madgraphMLM-pythia8/MINIAODSIM/130X_mcRun3_2023_realistic_v14-v2/40000/d94dce08-2e55-47bd-bd12-2153651212bb.root
01-Feb-2025 17:11:54 CST  Initiating request to open file root://cmsxrootd.fnal.gov//store/mc/Run3Summer23MiniAODv4/DYto2L-4Jets_MLL-50to120_HT-70to100_TuneCP5_13p6TeV_madgraphMLM-pythia8/MINIAODSIM/130X_mcRun3_2023_realistic_v14-v2/40000/6aa31aba-a70e-4a0a-921e-3d61f3ea54db.root
01-Feb-2025 17:11:57 CST  Successfully opened file root://cmsxrootd.fnal.gov//store/mc/Run3Summer23MiniAODv4/DYto2L-4Jets_MLL-50to120_HT-70to100_TuneCP5_13p6TeV_madgraphMLM-pythia8/MINIAODSIM/130X_mcRun3_2023_realistic_v14-v2/40000/6aa31aba-a70e-4a0a-921e-3d61f3ea54db.root
01-Feb-2025 17:11:59 CST  Closed file root://cmsxrootd.fnal.gov//store/mc/Run3Summer23MiniAODv4/DYto2L-4Jets_MLL-50to120_HT-70to100_TuneCP5_13p6TeV_madgraphMLM-pythia8/MINIAODSIM/130X_mcRun3_2023_realistic_v14-v2/40000/6aa31aba-a70e-4a0a-921e-3d61f3ea54db.root
01-Feb-2025 17:11:59 CST  Initiating request to open file root://cmsxrootd.fnal.gov//store/mc/Run3Summer23MiniAODv4/DYto2L-4Jets_MLL-50to120_HT-70to100_TuneCP5_13p6TeV_madgraphMLM-pythia8/MINIAODSIM/130X_mcRun3_2023_realistic_v14-v2/40000/29e22c8a-0bc0-4d4c-879f-9264b8bad7be.root
01-Feb-2025 17:12:00 CST  Successfully opened file root://cmsxrootd.fnal.gov//store/mc/Run3Summer23MiniAODv4/DYto2L-4Jets_MLL-50to120_HT-70to100_TuneCP5_13p6TeV_madgraphMLM-pythia8/MINIAODSIM/130X_mcRun3_2023_realistic_v14-v2/40000/29e22c8a-0bc0-4d4c-879f-9264b8bad7be.root
01-Feb-2025 17:12:01 CST  Closed file root://cmsxrootd.fnal.gov//store/mc/Run3Summer23MiniAODv4/DYto2L-4Jets_MLL-50to120_HT-70to100_TuneCP5_13p6TeV_madgraphMLM-pythia8/MINIAODSIM/130X_mcRun3_2023_realistic_v14-v2/40000/29e22c8a-0bc0-4d4c-879f-9264b8bad7be.root
01-Feb-2025 17:12:01 CST  Initiating request to open file root://cmsxrootd.fnal.gov//store/mc/Run3Summer23MiniAODv4/DYto2L-4Jets_MLL-50to120_HT-70to100_TuneCP5_13p6TeV_madgraphMLM-pythia8/MINIAODSIM/130X_mcRun3_2023_realistic_v14-v2/40000/9684c2d4-8b8b-4d68-9a9c-92ebab672232.root
01-Feb-2025 17:12:04 CST  Successfully opened file root://cmsxrootd.fnal.gov//store/mc/Run3Summer23MiniAODv4/DYto2L-4Jets_MLL-50to120_HT-70to100_TuneCP5_13p6TeV_madgraphMLM-pythia8/MINIAODSIM/130X_mcRun3_2023_realistic_v14-v2/40000/9684c2d4-8b8b-4d68-9a9c-92ebab672232.root
01-Feb-2025 17:12:07 CST  Closed file root://cmsxrootd.fnal.gov//store/mc/Run3Summer23MiniAODv4/DYto2L-4Jets_MLL-50to120_HT-70to100_TuneCP5_13p6TeV_madgraphMLM-pythia8/MINIAODSIM/130X_mcRun3_2023_realistic_v14-v2/40000/9684c2d4-8b8b-4d68-9a9c-92ebab672232.root
01-Feb-2025 17:12:07 CST  Initiating request to open file root://cmsxrootd.fnal.gov//store/mc/Run3Summer23MiniAODv4/DYto2L-4Jets_MLL-50to120_HT-70to100_TuneCP5_13p6TeV_madgraphMLM-pythia8/MINIAODSIM/130X_mcRun3_2023_realistic_v14-v2/40000/f2e0aebb-e6a0-44bc-a3c0-23716af70116.root
01-Feb-2025 17:12:09 CST  Successfully opened file root://cmsxrootd.fnal.gov//store/mc/Run3Summer23MiniAODv4/DYto2L-4Jets_MLL-50to120_HT-70to100_TuneCP5_13p6TeV_madgraphMLM-pythia8/MINIAODSIM/130X_mcRun3_2023_realistic_v14-v2/40000/f2e0aebb-e6a0-44bc-a3c0-23716af70116.root
01-Feb-2025 17:12:12 CST  Closed file root://cmsxrootd.fnal.gov//store/mc/Run3Summer23MiniAODv4/DYto2L-4Jets_MLL-50to120_HT-70to100_TuneCP5_13p6TeV_madgraphMLM-pythia8/MINIAODSIM/130X_mcRun3_2023_realistic_v14-v2/40000/f2e0aebb-e6a0-44bc-a3c0-23716af70116.root
01-Feb-2025 17:12:12 CST  Initiating request to open file root://cmsxrootd.fnal.gov//store/mc/Run3Summer23MiniAODv4/DYto2L-4Jets_MLL-50to120_HT-70to100_TuneCP5_13p6TeV_madgraphMLM-pythia8/MINIAODSIM/130X_mcRun3_2023_realistic_v14-v2/40000/749fbf56-3f72-4433-99d5-37d21127862a.root
01-Feb-2025 17:12:13 CST  Successfully opened file root://cmsxrootd.fnal.gov//store/mc/Run3Summer23MiniAODv4/DYto2L-4Jets_MLL-50to120_HT-70to100_TuneCP5_13p6TeV_madgraphMLM-pythia8/MINIAODSIM/130X_mcRun3_2023_realistic_v14-v2/40000/749fbf56-3f72-4433-99d5-37d21127862a.root
Begin processing the 400001st record. Run 1, Event 146860969, LumiSection 22951 on stream 0 at 01-Feb-2025 17:12:14.951 CST
01-Feb-2025 17:12:15 CST  Closed file root://cmsxrootd.fnal.gov//store/mc/Run3Summer23MiniAODv4/DYto2L-4Jets_MLL-50to120_HT-70to100_TuneCP5_13p6TeV_madgraphMLM-pythia8/MINIAODSIM/130X_mcRun3_2023_realistic_v14-v2/40000/749fbf56-3f72-4433-99d5-37d21127862a.root
01-Feb-2025 17:12:15 CST  Initiating request to open file root://cmsxrootd.fnal.gov//store/mc/Run3Summer23MiniAODv4/DYto2L-4Jets_MLL-50to120_HT-70to100_TuneCP5_13p6TeV_madgraphMLM-pythia8/MINIAODSIM/130X_mcRun3_2023_realistic_v14-v2/40000/cdf06e13-3964-4804-84a7-114519e7a205.root
01-Feb-2025 17:12:16 CST  Successfully opened file root://cmsxrootd.fnal.gov//store/mc/Run3Summer23MiniAODv4/DYto2L-4Jets_MLL-50to120_HT-70to100_TuneCP5_13p6TeV_madgraphMLM-pythia8/MINIAODSIM/130X_mcRun3_2023_realistic_v14-v2/40000/cdf06e13-3964-4804-84a7-114519e7a205.root
01-Feb-2025 17:12:16 CST  Closed file root://cmsxrootd.fnal.gov//store/mc/Run3Summer23MiniAODv4/DYto2L-4Jets_MLL-50to120_HT-70to100_TuneCP5_13p6TeV_madgraphMLM-pythia8/MINIAODSIM/130X_mcRun3_2023_realistic_v14-v2/40000/cdf06e13-3964-4804-84a7-114519e7a205.root
01-Feb-2025 17:12:16 CST  Initiating request to open file root://cmsxrootd.fnal.gov//store/mc/Run3Summer23MiniAODv4/DYto2L-4Jets_MLL-50to120_HT-70to100_TuneCP5_13p6TeV_madgraphMLM-pythia8/MINIAODSIM/130X_mcRun3_2023_realistic_v14-v2/40000/72f65c6e-e010-4f7d-9069-eb092f414ab0.root
01-Feb-2025 17:12:17 CST  Successfully opened file root://cmsxrootd.fnal.gov//store/mc/Run3Summer23MiniAODv4/DYto2L-4Jets_MLL-50to120_HT-70to100_TuneCP5_13p6TeV_madgraphMLM-pythia8/MINIAODSIM/130X_mcRun3_2023_realistic_v14-v2/40000/72f65c6e-e010-4f7d-9069-eb092f414ab0.root
01-Feb-2025 17:12:19 CST  Closed file root://cmsxrootd.fnal.gov//store/mc/Run3Summer23MiniAODv4/DYto2L-4Jets_MLL-50to120_HT-70to100_TuneCP5_13p6TeV_madgraphMLM-pythia8/MINIAODSIM/130X_mcRun3_2023_realistic_v14-v2/40000/72f65c6e-e010-4f7d-9069-eb092f414ab0.root
01-Feb-2025 17:12:19 CST  Initiating request to open file root://cmsxrootd.fnal.gov//store/mc/Run3Summer23MiniAODv4/DYto2L-4Jets_MLL-50to120_HT-70to100_TuneCP5_13p6TeV_madgraphMLM-pythia8/MINIAODSIM/130X_mcRun3_2023_realistic_v14-v2/40000/169f9486-4ee2-4b47-a61a-bff16300cb43.root
01-Feb-2025 17:12:20 CST  Successfully opened file root://cmsxrootd.fnal.gov//store/mc/Run3Summer23MiniAODv4/DYto2L-4Jets_MLL-50to120_HT-70to100_TuneCP5_13p6TeV_madgraphMLM-pythia8/MINIAODSIM/130X_mcRun3_2023_realistic_v14-v2/40000/169f9486-4ee2-4b47-a61a-bff16300cb43.root
01-Feb-2025 17:12:21 CST  Closed file root://cmsxrootd.fnal.gov//store/mc/Run3Summer23MiniAODv4/DYto2L-4Jets_MLL-50to120_HT-70to100_TuneCP5_13p6TeV_madgraphMLM-pythia8/MINIAODSIM/130X_mcRun3_2023_realistic_v14-v2/40000/169f9486-4ee2-4b47-a61a-bff16300cb43.root
01-Feb-2025 17:12:21 CST  Initiating request to open file root://cmsxrootd.fnal.gov//store/mc/Run3Summer23MiniAODv4/DYto2L-4Jets_MLL-50to120_HT-70to100_TuneCP5_13p6TeV_madgraphMLM-pythia8/MINIAODSIM/130X_mcRun3_2023_realistic_v14-v2/40000/1d7358e1-340f-47cf-b9cb-85ad7ba38549.root
01-Feb-2025 17:12:22 CST  Successfully opened file root://cmsxrootd.fnal.gov//store/mc/Run3Summer23MiniAODv4/DYto2L-4Jets_MLL-50to120_HT-70to100_TuneCP5_13p6TeV_madgraphMLM-pythia8/MINIAODSIM/130X_mcRun3_2023_realistic_v14-v2/40000/1d7358e1-340f-47cf-b9cb-85ad7ba38549.root
01-Feb-2025 17:12:23 CST  Closed file root://cmsxrootd.fnal.gov//store/mc/Run3Summer23MiniAODv4/DYto2L-4Jets_MLL-50to120_HT-70to100_TuneCP5_13p6TeV_madgraphMLM-pythia8/MINIAODSIM/130X_mcRun3_2023_realistic_v14-v2/40000/1d7358e1-340f-47cf-b9cb-85ad7ba38549.root
01-Feb-2025 17:12:23 CST  Initiating request to open file root://cmsxrootd.fnal.gov//store/mc/Run3Summer23MiniAODv4/DYto2L-4Jets_MLL-50to120_HT-70to100_TuneCP5_13p6TeV_madgraphMLM-pythia8/MINIAODSIM/130X_mcRun3_2023_realistic_v14-v2/40000/30f18027-dc47-450d-9b84-01a3f902be85.root
01-Feb-2025 17:12:24 CST  Successfully opened file root://cmsxrootd.fnal.gov//store/mc/Run3Summer23MiniAODv4/DYto2L-4Jets_MLL-50to120_HT-70to100_TuneCP5_13p6TeV_madgraphMLM-pythia8/MINIAODSIM/130X_mcRun3_2023_realistic_v14-v2/40000/30f18027-dc47-450d-9b84-01a3f902be85.root
Begin processing the 500001st record. Run 1, Event 148833352, LumiSection 23259 on stream 0 at 01-Feb-2025 17:12:25.427 CST
01-Feb-2025 17:12:25 CST  Closed file root://cmsxrootd.fnal.gov//store/mc/Run3Summer23MiniAODv4/DYto2L-4Jets_MLL-50to120_HT-70to100_TuneCP5_13p6TeV_madgraphMLM-pythia8/MINIAODSIM/130X_mcRun3_2023_realistic_v14-v2/40000/30f18027-dc47-450d-9b84-01a3f902be85.root
01-Feb-2025 17:12:25 CST  Initiating request to open file root://cmsxrootd.fnal.gov//store/mc/Run3Summer23MiniAODv4/DYto2L-4Jets_MLL-50to120_HT-70to100_TuneCP5_13p6TeV_madgraphMLM-pythia8/MINIAODSIM/130X_mcRun3_2023_realistic_v14-v2/40000/aaf104f9-2c00-4443-a845-4357dffe56aa.root
01-Feb-2025 17:12:26 CST  Successfully opened file root://cmsxrootd.fnal.gov//store/mc/Run3Summer23MiniAODv4/DYto2L-4Jets_MLL-50to120_HT-70to100_TuneCP5_13p6TeV_madgraphMLM-pythia8/MINIAODSIM/130X_mcRun3_2023_realistic_v14-v2/40000/aaf104f9-2c00-4443-a845-4357dffe56aa.root
01-Feb-2025 17:12:27 CST  Closed file root://cmsxrootd.fnal.gov//store/mc/Run3Summer23MiniAODv4/DYto2L-4Jets_MLL-50to120_HT-70to100_TuneCP5_13p6TeV_madgraphMLM-pythia8/MINIAODSIM/130X_mcRun3_2023_realistic_v14-v2/40000/aaf104f9-2c00-4443-a845-4357dffe56aa.root
01-Feb-2025 17:12:27 CST  Initiating request to open file root://cmsxrootd.fnal.gov//store/mc/Run3Summer23MiniAODv4/DYto2L-4Jets_MLL-50to120_HT-70to100_TuneCP5_13p6TeV_madgraphMLM-pythia8/MINIAODSIM/130X_mcRun3_2023_realistic_v14-v2/40000/49701ecf-3e51-4a2a-b3ff-5a216eea8916.root
01-Feb-2025 17:12:28 CST  Successfully opened file root://cmsxrootd.fnal.gov//store/mc/Run3Summer23MiniAODv4/DYto2L-4Jets_MLL-50to120_HT-70to100_TuneCP5_13p6TeV_madgraphMLM-pythia8/MINIAODSIM/130X_mcRun3_2023_realistic_v14-v2/40000/49701ecf-3e51-4a2a-b3ff-5a216eea8916.root
01-Feb-2025 17:12:29 CST  Closed file root://cmsxrootd.fnal.gov//store/mc/Run3Summer23MiniAODv4/DYto2L-4Jets_MLL-50to120_HT-70to100_TuneCP5_13p6TeV_madgraphMLM-pythia8/MINIAODSIM/130X_mcRun3_2023_realistic_v14-v2/40000/49701ecf-3e51-4a2a-b3ff-5a216eea8916.root
01-Feb-2025 17:12:29 CST  Initiating request to open file root://cmsxrootd.fnal.gov//store/mc/Run3Summer23MiniAODv4/DYto2L-4Jets_MLL-50to120_HT-70to100_TuneCP5_13p6TeV_madgraphMLM-pythia8/MINIAODSIM/130X_mcRun3_2023_realistic_v14-v2/40000/8d6c2083-3a52-44ce-ab0c-cee0428ca9d1.root
01-Feb-2025 17:12:31 CST  Successfully opened file root://cmsxrootd.fnal.gov//store/mc/Run3Summer23MiniAODv4/DYto2L-4Jets_MLL-50to120_HT-70to100_TuneCP5_13p6TeV_madgraphMLM-pythia8/MINIAODSIM/130X_mcRun3_2023_realistic_v14-v2/40000/8d6c2083-3a52-44ce-ab0c-cee0428ca9d1.root
01-Feb-2025 17:12:32 CST  Closed file root://cmsxrootd.fnal.gov//store/mc/Run3Summer23MiniAODv4/DYto2L-4Jets_MLL-50to120_HT-70to100_TuneCP5_13p6TeV_madgraphMLM-pythia8/MINIAODSIM/130X_mcRun3_2023_realistic_v14-v2/40000/8d6c2083-3a52-44ce-ab0c-cee0428ca9d1.root
01-Feb-2025 17:12:32 CST  Initiating request to open file root://cmsxrootd.fnal.gov//store/mc/Run3Summer23MiniAODv4/DYto2L-4Jets_MLL-50to120_HT-70to100_TuneCP5_13p6TeV_madgraphMLM-pythia8/MINIAODSIM/130X_mcRun3_2023_realistic_v14-v2/40000/3826855f-b3ac-4b02-ab2f-52b34036ffd7.root
01-Feb-2025 17:12:33 CST  Successfully opened file root://cmsxrootd.fnal.gov//store/mc/Run3Summer23MiniAODv4/DYto2L-4Jets_MLL-50to120_HT-70to100_TuneCP5_13p6TeV_madgraphMLM-pythia8/MINIAODSIM/130X_mcRun3_2023_realistic_v14-v2/40000/3826855f-b3ac-4b02-ab2f-52b34036ffd7.root
01-Feb-2025 17:12:34 CST  Closed file root://cmsxrootd.fnal.gov//store/mc/Run3Summer23MiniAODv4/DYto2L-4Jets_MLL-50to120_HT-70to100_TuneCP5_13p6TeV_madgraphMLM-pythia8/MINIAODSIM/130X_mcRun3_2023_realistic_v14-v2/40000/3826855f-b3ac-4b02-ab2f-52b34036ffd7.root
01-Feb-2025 17:12:34 CST  Initiating request to open file root://cmsxrootd.fnal.gov//store/mc/Run3Summer23MiniAODv4/DYto2L-4Jets_MLL-50to120_HT-70to100_TuneCP5_13p6TeV_madgraphMLM-pythia8/MINIAODSIM/130X_mcRun3_2023_realistic_v14-v2/40000/dc1f85ad-3be0-48af-81eb-3d5faedc2d74.root
01-Feb-2025 17:12:38 CST  Successfully opened file root://cmsxrootd.fnal.gov//store/mc/Run3Summer23MiniAODv4/DYto2L-4Jets_MLL-50to120_HT-70to100_TuneCP5_13p6TeV_madgraphMLM-pythia8/MINIAODSIM/130X_mcRun3_2023_realistic_v14-v2/40000/dc1f85ad-3be0-48af-81eb-3d5faedc2d74.root
Begin processing the 600001st record. Run 1, Event 152777544, LumiSection 23876 on stream 0 at 01-Feb-2025 17:12:42.175 CST
01-Feb-2025 17:12:42 CST  Closed file root://cmsxrootd.fnal.gov//store/mc/Run3Summer23MiniAODv4/DYto2L-4Jets_MLL-50to120_HT-70to100_TuneCP5_13p6TeV_madgraphMLM-pythia8/MINIAODSIM/130X_mcRun3_2023_realistic_v14-v2/40000/dc1f85ad-3be0-48af-81eb-3d5faedc2d74.root
01-Feb-2025 17:12:42 CST  Initiating request to open file root://cmsxrootd.fnal.gov//store/mc/Run3Summer23MiniAODv4/DYto2L-4Jets_MLL-50to120_HT-70to100_TuneCP5_13p6TeV_madgraphMLM-pythia8/MINIAODSIM/130X_mcRun3_2023_realistic_v14-v2/40000/3fc1f531-bd05-4a5d-a68a-bc2a37dbdeca.root
01-Feb-2025 17:12:45 CST  Successfully opened file root://cmsxrootd.fnal.gov//store/mc/Run3Summer23MiniAODv4/DYto2L-4Jets_MLL-50to120_HT-70to100_TuneCP5_13p6TeV_madgraphMLM-pythia8/MINIAODSIM/130X_mcRun3_2023_realistic_v14-v2/40000/3fc1f531-bd05-4a5d-a68a-bc2a37dbdeca.root
01-Feb-2025 17:12:47 CST  Closed file root://cmsxrootd.fnal.gov//store/mc/Run3Summer23MiniAODv4/DYto2L-4Jets_MLL-50to120_HT-70to100_TuneCP5_13p6TeV_madgraphMLM-pythia8/MINIAODSIM/130X_mcRun3_2023_realistic_v14-v2/40000/3fc1f531-bd05-4a5d-a68a-bc2a37dbdeca.root
01-Feb-2025 17:12:47 CST  Initiating request to open file root://cmsxrootd.fnal.gov//store/mc/Run3Summer23MiniAODv4/DYto2L-4Jets_MLL-50to120_HT-70to100_TuneCP5_13p6TeV_madgraphMLM-pythia8/MINIAODSIM/130X_mcRun3_2023_realistic_v14-v2/40000/43f2725e-c26f-47f7-b57e-7b315a502dcd.root
01-Feb-2025 17:12:49 CST  Successfully opened file root://cmsxrootd.fnal.gov//store/mc/Run3Summer23MiniAODv4/DYto2L-4Jets_MLL-50to120_HT-70to100_TuneCP5_13p6TeV_madgraphMLM-pythia8/MINIAODSIM/130X_mcRun3_2023_realistic_v14-v2/40000/43f2725e-c26f-47f7-b57e-7b315a502dcd.root
01-Feb-2025 17:12:52 CST  Closed file root://cmsxrootd.fnal.gov//store/mc/Run3Summer23MiniAODv4/DYto2L-4Jets_MLL-50to120_HT-70to100_TuneCP5_13p6TeV_madgraphMLM-pythia8/MINIAODSIM/130X_mcRun3_2023_realistic_v14-v2/40000/43f2725e-c26f-47f7-b57e-7b315a502dcd.root
01-Feb-2025 17:12:52 CST  Initiating request to open file root://cmsxrootd.fnal.gov//store/mc/Run3Summer23MiniAODv4/DYto2L-4Jets_MLL-50to120_HT-70to100_TuneCP5_13p6TeV_madgraphMLM-pythia8/MINIAODSIM/130X_mcRun3_2023_realistic_v14-v2/40000/0f5487d6-e9cf-47e2-9245-6d3719977585.root
01-Feb-2025 17:12:53 CST  Successfully opened file root://cmsxrootd.fnal.gov//store/mc/Run3Summer23MiniAODv4/DYto2L-4Jets_MLL-50to120_HT-70to100_TuneCP5_13p6TeV_madgraphMLM-pythia8/MINIAODSIM/130X_mcRun3_2023_realistic_v14-v2/40000/0f5487d6-e9cf-47e2-9245-6d3719977585.root
01-Feb-2025 17:12:53 CST  Closed file root://cmsxrootd.fnal.gov//store/mc/Run3Summer23MiniAODv4/DYto2L-4Jets_MLL-50to120_HT-70to100_TuneCP5_13p6TeV_madgraphMLM-pythia8/MINIAODSIM/130X_mcRun3_2023_realistic_v14-v2/40000/0f5487d6-e9cf-47e2-9245-6d3719977585.root
01-Feb-2025 17:12:53 CST  Initiating request to open file root://cmsxrootd.fnal.gov//store/mc/Run3Summer23MiniAODv4/DYto2L-4Jets_MLL-50to120_HT-70to100_TuneCP5_13p6TeV_madgraphMLM-pythia8/MINIAODSIM/130X_mcRun3_2023_realistic_v14-v2/40000/0850dc73-b0ac-4314-8357-2262991dd560.root
01-Feb-2025 17:12:54 CST  Successfully opened file root://cmsxrootd.fnal.gov//store/mc/Run3Summer23MiniAODv4/DYto2L-4Jets_MLL-50to120_HT-70to100_TuneCP5_13p6TeV_madgraphMLM-pythia8/MINIAODSIM/130X_mcRun3_2023_realistic_v14-v2/40000/0850dc73-b0ac-4314-8357-2262991dd560.root
01-Feb-2025 17:12:56 CST  Closed file root://cmsxrootd.fnal.gov//store/mc/Run3Summer23MiniAODv4/DYto2L-4Jets_MLL-50to120_HT-70to100_TuneCP5_13p6TeV_madgraphMLM-pythia8/MINIAODSIM/130X_mcRun3_2023_realistic_v14-v2/40000/0850dc73-b0ac-4314-8357-2262991dd560.root
01-Feb-2025 17:12:56 CST  Initiating request to open file root://cmsxrootd.fnal.gov//store/mc/Run3Summer23MiniAODv4/DYto2L-4Jets_MLL-50to120_HT-70to100_TuneCP5_13p6TeV_madgraphMLM-pythia8/MINIAODSIM/130X_mcRun3_2023_realistic_v14-v2/40000/c08981b7-bdc3-48e2-b0ff-490324faf9cc.root
01-Feb-2025 17:12:57 CST  Successfully opened file root://cmsxrootd.fnal.gov//store/mc/Run3Summer23MiniAODv4/DYto2L-4Jets_MLL-50to120_HT-70to100_TuneCP5_13p6TeV_madgraphMLM-pythia8/MINIAODSIM/130X_mcRun3_2023_realistic_v14-v2/40000/c08981b7-bdc3-48e2-b0ff-490324faf9cc.root
01-Feb-2025 17:12:58 CST  Closed file root://cmsxrootd.fnal.gov//store/mc/Run3Summer23MiniAODv4/DYto2L-4Jets_MLL-50to120_HT-70to100_TuneCP5_13p6TeV_madgraphMLM-pythia8/MINIAODSIM/130X_mcRun3_2023_realistic_v14-v2/40000/c08981b7-bdc3-48e2-b0ff-490324faf9cc.root
01-Feb-2025 17:12:58 CST  Initiating request to open file root://cmsxrootd.fnal.gov//store/mc/Run3Summer23MiniAODv4/DYto2L-4Jets_MLL-50to120_HT-70to100_TuneCP5_13p6TeV_madgraphMLM-pythia8/MINIAODSIM/130X_mcRun3_2023_realistic_v14-v2/40000/50ca8835-562d-421d-9538-9baedc9dc860.root
01-Feb-2025 17:12:59 CST  Successfully opened file root://cmsxrootd.fnal.gov//store/mc/Run3Summer23MiniAODv4/DYto2L-4Jets_MLL-50to120_HT-70to100_TuneCP5_13p6TeV_madgraphMLM-pythia8/MINIAODSIM/130X_mcRun3_2023_realistic_v14-v2/40000/50ca8835-562d-421d-9538-9baedc9dc860.root
Begin processing the 700001st record. Run 1, Event 152816964, LumiSection 23882 on stream 0 at 01-Feb-2025 17:13:01.145 CST
01-Feb-2025 17:13:01 CST  Closed file root://cmsxrootd.fnal.gov//store/mc/Run3Summer23MiniAODv4/DYto2L-4Jets_MLL-50to120_HT-70to100_TuneCP5_13p6TeV_madgraphMLM-pythia8/MINIAODSIM/130X_mcRun3_2023_realistic_v14-v2/40000/50ca8835-562d-421d-9538-9baedc9dc860.root
01-Feb-2025 17:13:01 CST  Initiating request to open file root://cmsxrootd.fnal.gov//store/mc/Run3Summer23MiniAODv4/DYto2L-4Jets_MLL-50to120_HT-70to100_TuneCP5_13p6TeV_madgraphMLM-pythia8/MINIAODSIM/130X_mcRun3_2023_realistic_v14-v2/40000/4e5b25ba-621f-4f7c-80ac-b15cee02df35.root
01-Feb-2025 17:13:02 CST  Successfully opened file root://cmsxrootd.fnal.gov//store/mc/Run3Summer23MiniAODv4/DYto2L-4Jets_MLL-50to120_HT-70to100_TuneCP5_13p6TeV_madgraphMLM-pythia8/MINIAODSIM/130X_mcRun3_2023_realistic_v14-v2/40000/4e5b25ba-621f-4f7c-80ac-b15cee02df35.root
01-Feb-2025 17:13:04 CST  Closed file root://cmsxrootd.fnal.gov//store/mc/Run3Summer23MiniAODv4/DYto2L-4Jets_MLL-50to120_HT-70to100_TuneCP5_13p6TeV_madgraphMLM-pythia8/MINIAODSIM/130X_mcRun3_2023_realistic_v14-v2/40000/4e5b25ba-621f-4f7c-80ac-b15cee02df35.root
01-Feb-2025 17:13:04 CST  Initiating request to open file root://cmsxrootd.fnal.gov//store/mc/Run3Summer23MiniAODv4/DYto2L-4Jets_MLL-50to120_HT-70to100_TuneCP5_13p6TeV_madgraphMLM-pythia8/MINIAODSIM/130X_mcRun3_2023_realistic_v14-v2/40000/563e59d6-df5d-4837-8487-f5388af5bb97.root
01-Feb-2025 17:13:05 CST  Successfully opened file root://cmsxrootd.fnal.gov//store/mc/Run3Summer23MiniAODv4/DYto2L-4Jets_MLL-50to120_HT-70to100_TuneCP5_13p6TeV_madgraphMLM-pythia8/MINIAODSIM/130X_mcRun3_2023_realistic_v14-v2/40000/563e59d6-df5d-4837-8487-f5388af5bb97.root
01-Feb-2025 17:13:06 CST  Closed file root://cmsxrootd.fnal.gov//store/mc/Run3Summer23MiniAODv4/DYto2L-4Jets_MLL-50to120_HT-70to100_TuneCP5_13p6TeV_madgraphMLM-pythia8/MINIAODSIM/130X_mcRun3_2023_realistic_v14-v2/40000/563e59d6-df5d-4837-8487-f5388af5bb97.root
01-Feb-2025 17:13:06 CST  Initiating request to open file root://cmsxrootd.fnal.gov//store/mc/Run3Summer23MiniAODv4/DYto2L-4Jets_MLL-50to120_HT-70to100_TuneCP5_13p6TeV_madgraphMLM-pythia8/MINIAODSIM/130X_mcRun3_2023_realistic_v14-v2/40000/053c7193-06a6-4a96-aef8-a0f29085d544.root
01-Feb-2025 17:13:08 CST  Successfully opened file root://cmsxrootd.fnal.gov//store/mc/Run3Summer23MiniAODv4/DYto2L-4Jets_MLL-50to120_HT-70to100_TuneCP5_13p6TeV_madgraphMLM-pythia8/MINIAODSIM/130X_mcRun3_2023_realistic_v14-v2/40000/053c7193-06a6-4a96-aef8-a0f29085d544.root
Begin processing the 800001st record. Run 1, Event 141199694, LumiSection 22066 on stream 0 at 01-Feb-2025 17:13:09.029 CST
01-Feb-2025 17:13:09 CST  Closed file root://cmsxrootd.fnal.gov//store/mc/Run3Summer23MiniAODv4/DYto2L-4Jets_MLL-50to120_HT-70to100_TuneCP5_13p6TeV_madgraphMLM-pythia8/MINIAODSIM/130X_mcRun3_2023_realistic_v14-v2/40000/053c7193-06a6-4a96-aef8-a0f29085d544.root
01-Feb-2025 17:13:09 CST  Initiating request to open file root://cmsxrootd.fnal.gov//store/mc/Run3Summer23MiniAODv4/DYto2L-4Jets_MLL-50to120_HT-70to100_TuneCP5_13p6TeV_madgraphMLM-pythia8/MINIAODSIM/130X_mcRun3_2023_realistic_v14-v2/40000/b8ad4c32-641c-458f-8e60-e65c04dc2079.root
01-Feb-2025 17:13:10 CST  Successfully opened file root://cmsxrootd.fnal.gov//store/mc/Run3Summer23MiniAODv4/DYto2L-4Jets_MLL-50to120_HT-70to100_TuneCP5_13p6TeV_madgraphMLM-pythia8/MINIAODSIM/130X_mcRun3_2023_realistic_v14-v2/40000/b8ad4c32-641c-458f-8e60-e65c04dc2079.root
01-Feb-2025 17:13:11 CST  Closed file root://cmsxrootd.fnal.gov//store/mc/Run3Summer23MiniAODv4/DYto2L-4Jets_MLL-50to120_HT-70to100_TuneCP5_13p6TeV_madgraphMLM-pythia8/MINIAODSIM/130X_mcRun3_2023_realistic_v14-v2/40000/b8ad4c32-641c-458f-8e60-e65c04dc2079.root
01-Feb-2025 17:13:11 CST  Initiating request to open file root://cmsxrootd.fnal.gov//store/mc/Run3Summer23MiniAODv4/DYto2L-4Jets_MLL-50to120_HT-70to100_TuneCP5_13p6TeV_madgraphMLM-pythia8/MINIAODSIM/130X_mcRun3_2023_realistic_v14-v2/40000/3efe0f9a-c6a1-49fb-ad2c-b6888ab6a3e6.root
01-Feb-2025 17:13:12 CST  Successfully opened file root://cmsxrootd.fnal.gov//store/mc/Run3Summer23MiniAODv4/DYto2L-4Jets_MLL-50to120_HT-70to100_TuneCP5_13p6TeV_madgraphMLM-pythia8/MINIAODSIM/130X_mcRun3_2023_realistic_v14-v2/40000/3efe0f9a-c6a1-49fb-ad2c-b6888ab6a3e6.root
01-Feb-2025 17:13:13 CST  Closed file root://cmsxrootd.fnal.gov//store/mc/Run3Summer23MiniAODv4/DYto2L-4Jets_MLL-50to120_HT-70to100_TuneCP5_13p6TeV_madgraphMLM-pythia8/MINIAODSIM/130X_mcRun3_2023_realistic_v14-v2/40000/3efe0f9a-c6a1-49fb-ad2c-b6888ab6a3e6.root
01-Feb-2025 17:13:13 CST  Initiating request to open file root://cmsxrootd.fnal.gov//store/mc/Run3Summer23MiniAODv4/DYto2L-4Jets_MLL-50to120_HT-70to100_TuneCP5_13p6TeV_madgraphMLM-pythia8/MINIAODSIM/130X_mcRun3_2023_realistic_v14-v2/40000/a3e79833-acb3-4042-a0d5-12131f87a74b.root
01-Feb-2025 17:13:15 CST  Successfully opened file root://cmsxrootd.fnal.gov//store/mc/Run3Summer23MiniAODv4/DYto2L-4Jets_MLL-50to120_HT-70to100_TuneCP5_13p6TeV_madgraphMLM-pythia8/MINIAODSIM/130X_mcRun3_2023_realistic_v14-v2/40000/a3e79833-acb3-4042-a0d5-12131f87a74b.root
Begin processing the 900001st record. Run 1, Event 150583597, LumiSection 23533 on stream 0 at 01-Feb-2025 17:13:16.113 CST
01-Feb-2025 17:13:16 CST  Closed file root://cmsxrootd.fnal.gov//store/mc/Run3Summer23MiniAODv4/DYto2L-4Jets_MLL-50to120_HT-70to100_TuneCP5_13p6TeV_madgraphMLM-pythia8/MINIAODSIM/130X_mcRun3_2023_realistic_v14-v2/40000/a3e79833-acb3-4042-a0d5-12131f87a74b.root
01-Feb-2025 17:13:16 CST  Initiating request to open file root://cmsxrootd.fnal.gov//store/mc/Run3Summer23MiniAODv4/DYto2L-4Jets_MLL-50to120_HT-70to100_TuneCP5_13p6TeV_madgraphMLM-pythia8/MINIAODSIM/130X_mcRun3_2023_realistic_v14-v2/40000/a3d6111a-d140-4a7d-8cc1-4243c58fd52c.root
01-Feb-2025 17:13:17 CST  Successfully opened file root://cmsxrootd.fnal.gov//store/mc/Run3Summer23MiniAODv4/DYto2L-4Jets_MLL-50to120_HT-70to100_TuneCP5_13p6TeV_madgraphMLM-pythia8/MINIAODSIM/130X_mcRun3_2023_realistic_v14-v2/40000/a3d6111a-d140-4a7d-8cc1-4243c58fd52c.root
01-Feb-2025 17:13:18 CST  Closed file root://cmsxrootd.fnal.gov//store/mc/Run3Summer23MiniAODv4/DYto2L-4Jets_MLL-50to120_HT-70to100_TuneCP5_13p6TeV_madgraphMLM-pythia8/MINIAODSIM/130X_mcRun3_2023_realistic_v14-v2/40000/a3d6111a-d140-4a7d-8cc1-4243c58fd52c.root
01-Feb-2025 17:13:18 CST  Initiating request to open file root://cmsxrootd.fnal.gov//store/mc/Run3Summer23MiniAODv4/DYto2L-4Jets_MLL-50to120_HT-70to100_TuneCP5_13p6TeV_madgraphMLM-pythia8/MINIAODSIM/130X_mcRun3_2023_realistic_v14-v2/40000/5c783eec-757b-498f-80d7-dcfea927eacc.root
01-Feb-2025 17:13:19 CST  Successfully opened file root://cmsxrootd.fnal.gov//store/mc/Run3Summer23MiniAODv4/DYto2L-4Jets_MLL-50to120_HT-70to100_TuneCP5_13p6TeV_madgraphMLM-pythia8/MINIAODSIM/130X_mcRun3_2023_realistic_v14-v2/40000/5c783eec-757b-498f-80d7-dcfea927eacc.root
01-Feb-2025 17:13:20 CST  Closed file root://cmsxrootd.fnal.gov//store/mc/Run3Summer23MiniAODv4/DYto2L-4Jets_MLL-50to120_HT-70to100_TuneCP5_13p6TeV_madgraphMLM-pythia8/MINIAODSIM/130X_mcRun3_2023_realistic_v14-v2/40000/5c783eec-757b-498f-80d7-dcfea927eacc.root
01-Feb-2025 17:13:20 CST  Initiating request to open file root://cmsxrootd.fnal.gov//store/mc/Run3Summer23MiniAODv4/DYto2L-4Jets_MLL-50to120_HT-70to100_TuneCP5_13p6TeV_madgraphMLM-pythia8/MINIAODSIM/130X_mcRun3_2023_realistic_v14-v2/40000/a3b32c11-d766-4d5c-9555-0a06f7faa428.root
01-Feb-2025 17:13:22 CST  Successfully opened file root://cmsxrootd.fnal.gov//store/mc/Run3Summer23MiniAODv4/DYto2L-4Jets_MLL-50to120_HT-70to100_TuneCP5_13p6TeV_madgraphMLM-pythia8/MINIAODSIM/130X_mcRun3_2023_realistic_v14-v2/40000/a3b32c11-d766-4d5c-9555-0a06f7faa428.root
01-Feb-2025 17:13:23 CST  Closed file root://cmsxrootd.fnal.gov//store/mc/Run3Summer23MiniAODv4/DYto2L-4Jets_MLL-50to120_HT-70to100_TuneCP5_13p6TeV_madgraphMLM-pythia8/MINIAODSIM/130X_mcRun3_2023_realistic_v14-v2/40000/a3b32c11-d766-4d5c-9555-0a06f7faa428.root
01-Feb-2025 17:13:23 CST  Initiating request to open file root://cmsxrootd.fnal.gov//store/mc/Run3Summer23MiniAODv4/DYto2L-4Jets_MLL-50to120_HT-70to100_TuneCP5_13p6TeV_madgraphMLM-pythia8/MINIAODSIM/130X_mcRun3_2023_realistic_v14-v2/40000/484ba01e-5ffe-475e-8d47-093ae80c0211.root
01-Feb-2025 17:13:24 CST  Successfully opened file root://cmsxrootd.fnal.gov//store/mc/Run3Summer23MiniAODv4/DYto2L-4Jets_MLL-50to120_HT-70to100_TuneCP5_13p6TeV_madgraphMLM-pythia8/MINIAODSIM/130X_mcRun3_2023_realistic_v14-v2/40000/484ba01e-5ffe-475e-8d47-093ae80c0211.root
    140.472000      0.563263    888.249900             3
    326.269000      1.194040    888.249900             2
    317.360000      1.604320    888.249900             1
     98.246500      1.014410    888.249900             0
 
01-Feb-2025 17:13:25 CST  Closed file root://cmsxrootd.fnal.gov//store/mc/Run3Summer23MiniAODv4/DYto2L-4Jets_MLL-50to120_HT-70to100_TuneCP5_13p6TeV_madgraphMLM-pythia8/MINIAODSIM/130X_mcRun3_2023_realistic_v14-v2/40000/484ba01e-5ffe-475e-8d47-093ae80c0211.root

------------------------------------
GenXsecAnalyzer:
------------------------------------
-------------------------------------------------------------------------------------------------------------------------------------------------------------------------- 
Overall cross-section summary 
--------------------------------------------------------------------------------------------------------------------------------------------------------------------------
Process		xsec_before [pb]		passed	nposw	nnegw	tried	nposw	nnegw 	xsec_match [pb]			accepted [%]	 event_eff [%]
0		9.879e+01 +/- 2.280e-02		277415	277415	0	708545	708545	0	3.868e+01 +/- 5.797e-02		39.2 +/- 0.1	39.2 +/- 0.1
1		3.186e+02 +/- 3.850e-02		539661	539661	0	2260518	2260518	0	7.605e+01 +/- 9.079e-02		23.9 +/- 0.0	23.9 +/- 0.0
2		3.272e+02 +/- 2.826e-02		170500	170500	0	2343611	2343611	0	2.380e+01 +/- 5.555e-02		7.3 +/- 0.0	7.3 +/- 0.0
3		1.384e+02 +/- 1.254e-02		13044	13044	0	990341	990341	0	1.823e+00 +/- 1.586e-02		1.3 +/- 0.0	1.3 +/- 0.0
-------------------------------------------------------------------------------------------------------------------------------------------------------------------------- 
Total		8.830e+02 +/- 5.439e-02		1000620	1000620	0	6303015	6303015	0	1.402e+02 +/- 1.288e-01		15.9 +/- 0.0	15.9 +/- 0.0
--------------------------------------------------------------------------------------------------------------------------------------------------------------------------
Before matching: total cross section = 8.830e+02 +- 5.439e-02 pb
After matching: total cross section = 1.402e+02 +- 1.288e-01 pb
Matching efficiency = 0.2 +/- 0.0   [TO BE USED IN MCM]
Filter efficiency (taking into account weights)= (8.83565e+08) / (8.83565e+08) = 1.000e+00 +- 0.000e+00
Filter efficiency (event-level)= (1.00062e+06) / (1.00062e+06) = 1.000e+00 +- 0.000e+00    [TO BE USED IN MCM]

After filter: final cross section = 1.402e+02 +- 1.288e-01 pb
After filter: final fraction of events with negative weights = 0.000e+00 +- 0.000e+00
After filter: final equivalent lumi for 1M events (1/fb) = 7.134e+00 +- 9.689e-03
