01-Feb-2025 17:44:40 CST  Initiating request to open file root://cmsxrootd.fnal.gov//store/mc/Run3Summer23MiniAODv4/TbarWplusto2L2Nu_TuneCP5_13p6TeV_powheg-pythia8/MINIAODSIM/130X_mcRun3_2023_realistic_v15-v4/50000/44a09552-c0b3-4ff0-ad86-a17bbce8eb14.root
01-Feb-2025 17:44:45 CST  Successfully opened file root://cmsxrootd.fnal.gov//store/mc/Run3Summer23MiniAODv4/TbarWplusto2L2Nu_TuneCP5_13p6TeV_powheg-pythia8/MINIAODSIM/130X_mcRun3_2023_realistic_v15-v4/50000/44a09552-c0b3-4ff0-ad86-a17bbce8eb14.root
Begin processing the 1st record. Run 1, Event 39012, LumiSection 40 on stream 0 at 01-Feb-2025 17:44:49.974 CST
01-Feb-2025 17:44:50 CST  Closed file root://cmsxrootd.fnal.gov//store/mc/Run3Summer23MiniAODv4/TbarWplusto2L2Nu_TuneCP5_13p6TeV_powheg-pythia8/MINIAODSIM/130X_mcRun3_2023_realistic_v15-v4/50000/44a09552-c0b3-4ff0-ad86-a17bbce8eb14.root
01-Feb-2025 17:44:50 CST  Initiating request to open file root://cmsxrootd.fnal.gov//store/mc/Run3Summer23MiniAODv4/TbarWplusto2L2Nu_TuneCP5_13p6TeV_powheg-pythia8/MINIAODSIM/130X_mcRun3_2023_realistic_v15-v4/50000/a73861d7-1da4-4166-9e85-38d33f76a174.root
01-Feb-2025 17:44:53 CST  Successfully opened file root://cmsxrootd.fnal.gov//store/mc/Run3Summer23MiniAODv4/TbarWplusto2L2Nu_TuneCP5_13p6TeV_powheg-pythia8/MINIAODSIM/130X_mcRun3_2023_realistic_v15-v4/50000/a73861d7-1da4-4166-9e85-38d33f76a174.root
Begin processing the 100001st record. Run 1, Event 3514003, LumiSection 3515 on stream 0 at 01-Feb-2025 17:44:58.259 CST
01-Feb-2025 17:44:58 CST  Closed file root://cmsxrootd.fnal.gov//store/mc/Run3Summer23MiniAODv4/TbarWplusto2L2Nu_TuneCP5_13p6TeV_powheg-pythia8/MINIAODSIM/130X_mcRun3_2023_realistic_v15-v4/50000/a73861d7-1da4-4166-9e85-38d33f76a174.root
01-Feb-2025 17:44:58 CST  Initiating request to open file root://cmsxrootd.fnal.gov//store/mc/Run3Summer23MiniAODv4/TbarWplusto2L2Nu_TuneCP5_13p6TeV_powheg-pythia8/MINIAODSIM/130X_mcRun3_2023_realistic_v15-v4/50000/8d5973ea-d7e9-4e74-a678-c696d150384a.root
01-Feb-2025 17:45:01 CST  Successfully opened file root://cmsxrootd.fnal.gov//store/mc/Run3Summer23MiniAODv4/TbarWplusto2L2Nu_TuneCP5_13p6TeV_powheg-pythia8/MINIAODSIM/130X_mcRun3_2023_realistic_v15-v4/50000/8d5973ea-d7e9-4e74-a678-c696d150384a.root
01-Feb-2025 17:45:05 CST  Closed file root://cmsxrootd.fnal.gov//store/mc/Run3Summer23MiniAODv4/TbarWplusto2L2Nu_TuneCP5_13p6TeV_powheg-pythia8/MINIAODSIM/130X_mcRun3_2023_realistic_v15-v4/50000/8d5973ea-d7e9-4e74-a678-c696d150384a.root
01-Feb-2025 17:45:05 CST  Initiating request to open file root://cmsxrootd.fnal.gov//store/mc/Run3Summer23MiniAODv4/TbarWplusto2L2Nu_TuneCP5_13p6TeV_powheg-pythia8/MINIAODSIM/130X_mcRun3_2023_realistic_v15-v4/50000/3c0b40a2-4f42-422d-9944-015bf5065eda.root
01-Feb-2025 17:45:08 CST  Successfully opened file root://cmsxrootd.fnal.gov//store/mc/Run3Summer23MiniAODv4/TbarWplusto2L2Nu_TuneCP5_13p6TeV_powheg-pythia8/MINIAODSIM/130X_mcRun3_2023_realistic_v15-v4/50000/3c0b40a2-4f42-422d-9944-015bf5065eda.root
01-Feb-2025 17:45:12 CST  Closed file root://cmsxrootd.fnal.gov//store/mc/Run3Summer23MiniAODv4/TbarWplusto2L2Nu_TuneCP5_13p6TeV_powheg-pythia8/MINIAODSIM/130X_mcRun3_2023_realistic_v15-v4/50000/3c0b40a2-4f42-422d-9944-015bf5065eda.root
01-Feb-2025 17:45:12 CST  Initiating request to open file root://cmsxrootd.fnal.gov//store/mc/Run3Summer23MiniAODv4/TbarWplusto2L2Nu_TuneCP5_13p6TeV_powheg-pythia8/MINIAODSIM/130X_mcRun3_2023_realistic_v15-v4/50000/a2d19135-69ce-4d50-86fa-74cd4ecbe415.root
01-Feb-2025 17:45:15 CST  Successfully opened file root://cmsxrootd.fnal.gov//store/mc/Run3Summer23MiniAODv4/TbarWplusto2L2Nu_TuneCP5_13p6TeV_powheg-pythia8/MINIAODSIM/130X_mcRun3_2023_realistic_v15-v4/50000/a2d19135-69ce-4d50-86fa-74cd4ecbe415.root
Begin processing the 200001st record. Run 1, Event 2237005, LumiSection 2238 on stream 0 at 01-Feb-2025 17:45:18.716 CST
01-Feb-2025 17:45:18 CST  Closed file root://cmsxrootd.fnal.gov//store/mc/Run3Summer23MiniAODv4/TbarWplusto2L2Nu_TuneCP5_13p6TeV_powheg-pythia8/MINIAODSIM/130X_mcRun3_2023_realistic_v15-v4/50000/a2d19135-69ce-4d50-86fa-74cd4ecbe415.root
01-Feb-2025 17:45:18 CST  Initiating request to open file root://cmsxrootd.fnal.gov//store/mc/Run3Summer23MiniAODv4/TbarWplusto2L2Nu_TuneCP5_13p6TeV_powheg-pythia8/MINIAODSIM/130X_mcRun3_2023_realistic_v15-v4/50000/47e53e89-da59-4cb3-bd1a-1ecd8bedea85.root
01-Feb-2025 17:45:21 CST  Successfully opened file root://cmsxrootd.fnal.gov//store/mc/Run3Summer23MiniAODv4/TbarWplusto2L2Nu_TuneCP5_13p6TeV_powheg-pythia8/MINIAODSIM/130X_mcRun3_2023_realistic_v15-v4/50000/47e53e89-da59-4cb3-bd1a-1ecd8bedea85.root
01-Feb-2025 17:45:26 CST  Closed file root://cmsxrootd.fnal.gov//store/mc/Run3Summer23MiniAODv4/TbarWplusto2L2Nu_TuneCP5_13p6TeV_powheg-pythia8/MINIAODSIM/130X_mcRun3_2023_realistic_v15-v4/50000/47e53e89-da59-4cb3-bd1a-1ecd8bedea85.root
01-Feb-2025 17:45:26 CST  Initiating request to open file root://cmsxrootd.fnal.gov//store/mc/Run3Summer23MiniAODv4/TbarWplusto2L2Nu_TuneCP5_13p6TeV_powheg-pythia8/MINIAODSIM/130X_mcRun3_2023_realistic_v15-v4/50000/5f23dda1-cff6-404a-9d07-2534e7cba816.root
01-Feb-2025 17:45:28 CST  Successfully opened file root://cmsxrootd.fnal.gov//store/mc/Run3Summer23MiniAODv4/TbarWplusto2L2Nu_TuneCP5_13p6TeV_powheg-pythia8/MINIAODSIM/130X_mcRun3_2023_realistic_v15-v4/50000/5f23dda1-cff6-404a-9d07-2534e7cba816.root
Begin processing the 300001st record. Run 1, Event 4107002, LumiSection 4108 on stream 0 at 01-Feb-2025 17:45:33.059 CST
01-Feb-2025 17:45:33 CST  Closed file root://cmsxrootd.fnal.gov//store/mc/Run3Summer23MiniAODv4/TbarWplusto2L2Nu_TuneCP5_13p6TeV_powheg-pythia8/MINIAODSIM/130X_mcRun3_2023_realistic_v15-v4/50000/5f23dda1-cff6-404a-9d07-2534e7cba816.root
01-Feb-2025 17:45:33 CST  Initiating request to open file root://cmsxrootd.fnal.gov//store/mc/Run3Summer23MiniAODv4/TbarWplusto2L2Nu_TuneCP5_13p6TeV_powheg-pythia8/MINIAODSIM/130X_mcRun3_2023_realistic_v15-v4/50000/03e4f46c-9791-4c81-8160-c89d6cebb520.root
01-Feb-2025 17:45:35 CST  Successfully opened file root://cmsxrootd.fnal.gov//store/mc/Run3Summer23MiniAODv4/TbarWplusto2L2Nu_TuneCP5_13p6TeV_powheg-pythia8/MINIAODSIM/130X_mcRun3_2023_realistic_v15-v4/50000/03e4f46c-9791-4c81-8160-c89d6cebb520.root
01-Feb-2025 17:45:39 CST  Closed file root://cmsxrootd.fnal.gov//store/mc/Run3Summer23MiniAODv4/TbarWplusto2L2Nu_TuneCP5_13p6TeV_powheg-pythia8/MINIAODSIM/130X_mcRun3_2023_realistic_v15-v4/50000/03e4f46c-9791-4c81-8160-c89d6cebb520.root
01-Feb-2025 17:45:39 CST  Initiating request to open file root://cmsxrootd.fnal.gov//store/mc/Run3Summer23MiniAODv4/TbarWplusto2L2Nu_TuneCP5_13p6TeV_powheg-pythia8/MINIAODSIM/130X_mcRun3_2023_realistic_v15-v4/50000/c3d9fe50-645d-4073-b7cb-7f3747f01393.root
01-Feb-2025 17:45:41 CST  Successfully opened file root://cmsxrootd.fnal.gov//store/mc/Run3Summer23MiniAODv4/TbarWplusto2L2Nu_TuneCP5_13p6TeV_powheg-pythia8/MINIAODSIM/130X_mcRun3_2023_realistic_v15-v4/50000/c3d9fe50-645d-4073-b7cb-7f3747f01393.root
01-Feb-2025 17:45:45 CST  Closed file root://cmsxrootd.fnal.gov//store/mc/Run3Summer23MiniAODv4/TbarWplusto2L2Nu_TuneCP5_13p6TeV_powheg-pythia8/MINIAODSIM/130X_mcRun3_2023_realistic_v15-v4/50000/c3d9fe50-645d-4073-b7cb-7f3747f01393.root
01-Feb-2025 17:45:45 CST  Initiating request to open file root://cmsxrootd.fnal.gov//store/mc/Run3Summer23MiniAODv4/TbarWplusto2L2Nu_TuneCP5_13p6TeV_powheg-pythia8/MINIAODSIM/130X_mcRun3_2023_realistic_v15-v4/50000/a306a001-ee46-43b4-8dc2-bcca430e6014.root
01-Feb-2025 17:45:47 CST  Successfully opened file root://cmsxrootd.fnal.gov//store/mc/Run3Summer23MiniAODv4/TbarWplusto2L2Nu_TuneCP5_13p6TeV_powheg-pythia8/MINIAODSIM/130X_mcRun3_2023_realistic_v15-v4/50000/a306a001-ee46-43b4-8dc2-bcca430e6014.root
01-Feb-2025 17:45:51 CST  Closed file root://cmsxrootd.fnal.gov//store/mc/Run3Summer23MiniAODv4/TbarWplusto2L2Nu_TuneCP5_13p6TeV_powheg-pythia8/MINIAODSIM/130X_mcRun3_2023_realistic_v15-v4/50000/a306a001-ee46-43b4-8dc2-bcca430e6014.root
01-Feb-2025 17:45:51 CST  Initiating request to open file root://cmsxrootd.fnal.gov//store/mc/Run3Summer23MiniAODv4/TbarWplusto2L2Nu_TuneCP5_13p6TeV_powheg-pythia8/MINIAODSIM/130X_mcRun3_2023_realistic_v15-v4/50000/f96e8aa6-5a35-4a10-872c-42083725fbf3.root
01-Feb-2025 17:45:53 CST  Successfully opened file root://cmsxrootd.fnal.gov//store/mc/Run3Summer23MiniAODv4/TbarWplusto2L2Nu_TuneCP5_13p6TeV_powheg-pythia8/MINIAODSIM/130X_mcRun3_2023_realistic_v15-v4/50000/f96e8aa6-5a35-4a10-872c-42083725fbf3.root
Begin processing the 400001st record. Run 1, Event 4459009, LumiSection 4460 on stream 0 at 01-Feb-2025 17:45:57.384 CST
01-Feb-2025 17:45:57 CST  Closed file root://cmsxrootd.fnal.gov//store/mc/Run3Summer23MiniAODv4/TbarWplusto2L2Nu_TuneCP5_13p6TeV_powheg-pythia8/MINIAODSIM/130X_mcRun3_2023_realistic_v15-v4/50000/f96e8aa6-5a35-4a10-872c-42083725fbf3.root
01-Feb-2025 17:45:57 CST  Initiating request to open file root://cmsxrootd.fnal.gov//store/mc/Run3Summer23MiniAODv4/TbarWplusto2L2Nu_TuneCP5_13p6TeV_powheg-pythia8/MINIAODSIM/130X_mcRun3_2023_realistic_v15-v4/50000/b17bec97-c89e-4538-b480-78ddb2016df9.root
01-Feb-2025 17:46:00 CST  Successfully opened file root://cmsxrootd.fnal.gov//store/mc/Run3Summer23MiniAODv4/TbarWplusto2L2Nu_TuneCP5_13p6TeV_powheg-pythia8/MINIAODSIM/130X_mcRun3_2023_realistic_v15-v4/50000/b17bec97-c89e-4538-b480-78ddb2016df9.root
01-Feb-2025 17:46:03 CST  Closed file root://cmsxrootd.fnal.gov//store/mc/Run3Summer23MiniAODv4/TbarWplusto2L2Nu_TuneCP5_13p6TeV_powheg-pythia8/MINIAODSIM/130X_mcRun3_2023_realistic_v15-v4/50000/b17bec97-c89e-4538-b480-78ddb2016df9.root
01-Feb-2025 17:46:03 CST  Initiating request to open file root://cmsxrootd.fnal.gov//store/mc/Run3Summer23MiniAODv4/TbarWplusto2L2Nu_TuneCP5_13p6TeV_powheg-pythia8/MINIAODSIM/130X_mcRun3_2023_realistic_v15-v4/50000/360fc922-da79-4b27-ad1c-14b6d822b1f3.root
01-Feb-2025 17:46:06 CST  Successfully opened file root://cmsxrootd.fnal.gov//store/mc/Run3Summer23MiniAODv4/TbarWplusto2L2Nu_TuneCP5_13p6TeV_powheg-pythia8/MINIAODSIM/130X_mcRun3_2023_realistic_v15-v4/50000/360fc922-da79-4b27-ad1c-14b6d822b1f3.root
01-Feb-2025 17:46:09 CST  Closed file root://cmsxrootd.fnal.gov//store/mc/Run3Summer23MiniAODv4/TbarWplusto2L2Nu_TuneCP5_13p6TeV_powheg-pythia8/MINIAODSIM/130X_mcRun3_2023_realistic_v15-v4/50000/360fc922-da79-4b27-ad1c-14b6d822b1f3.root
01-Feb-2025 17:46:09 CST  Initiating request to open file root://cmsxrootd.fnal.gov//store/mc/Run3Summer23MiniAODv4/TbarWplusto2L2Nu_TuneCP5_13p6TeV_powheg-pythia8/MINIAODSIM/130X_mcRun3_2023_realistic_v15-v4/50000/167b9c0d-f0fb-40e3-bcfe-0ec2a2896917.root
01-Feb-2025 17:46:11 CST  Successfully opened file root://cmsxrootd.fnal.gov//store/mc/Run3Summer23MiniAODv4/TbarWplusto2L2Nu_TuneCP5_13p6TeV_powheg-pythia8/MINIAODSIM/130X_mcRun3_2023_realistic_v15-v4/50000/167b9c0d-f0fb-40e3-bcfe-0ec2a2896917.root
Begin processing the 500001st record. Run 1, Event 4094009, LumiSection 4095 on stream 0 at 01-Feb-2025 17:46:16.573 CST
01-Feb-2025 17:46:16 CST  Closed file root://cmsxrootd.fnal.gov//store/mc/Run3Summer23MiniAODv4/TbarWplusto2L2Nu_TuneCP5_13p6TeV_powheg-pythia8/MINIAODSIM/130X_mcRun3_2023_realistic_v15-v4/50000/167b9c0d-f0fb-40e3-bcfe-0ec2a2896917.root
01-Feb-2025 17:46:16 CST  Initiating request to open file root://cmsxrootd.fnal.gov//store/mc/Run3Summer23MiniAODv4/TbarWplusto2L2Nu_TuneCP5_13p6TeV_powheg-pythia8/MINIAODSIM/130X_mcRun3_2023_realistic_v15-v4/50000/0e8cafde-5bee-4cf2-9fc8-3a1ffa339d38.root
01-Feb-2025 17:46:19 CST  Successfully opened file root://cmsxrootd.fnal.gov//store/mc/Run3Summer23MiniAODv4/TbarWplusto2L2Nu_TuneCP5_13p6TeV_powheg-pythia8/MINIAODSIM/130X_mcRun3_2023_realistic_v15-v4/50000/0e8cafde-5bee-4cf2-9fc8-3a1ffa339d38.root
01-Feb-2025 17:46:24 CST  Closed file root://cmsxrootd.fnal.gov//store/mc/Run3Summer23MiniAODv4/TbarWplusto2L2Nu_TuneCP5_13p6TeV_powheg-pythia8/MINIAODSIM/130X_mcRun3_2023_realistic_v15-v4/50000/0e8cafde-5bee-4cf2-9fc8-3a1ffa339d38.root
01-Feb-2025 17:46:24 CST  Initiating request to open file root://cmsxrootd.fnal.gov//store/mc/Run3Summer23MiniAODv4/TbarWplusto2L2Nu_TuneCP5_13p6TeV_powheg-pythia8/MINIAODSIM/130X_mcRun3_2023_realistic_v15-v4/50000/d19fe0f2-06cc-49e6-ba37-fc50582d6de8.root
01-Feb-2025 17:46:26 CST  Successfully opened file root://cmsxrootd.fnal.gov//store/mc/Run3Summer23MiniAODv4/TbarWplusto2L2Nu_TuneCP5_13p6TeV_powheg-pythia8/MINIAODSIM/130X_mcRun3_2023_realistic_v15-v4/50000/d19fe0f2-06cc-49e6-ba37-fc50582d6de8.root
Begin processing the 600001st record. Run 1, Event 231011, LumiSection 232 on stream 0 at 01-Feb-2025 17:46:31.737 CST
01-Feb-2025 17:46:31 CST  Closed file root://cmsxrootd.fnal.gov//store/mc/Run3Summer23MiniAODv4/TbarWplusto2L2Nu_TuneCP5_13p6TeV_powheg-pythia8/MINIAODSIM/130X_mcRun3_2023_realistic_v15-v4/50000/d19fe0f2-06cc-49e6-ba37-fc50582d6de8.root
01-Feb-2025 17:46:31 CST  Initiating request to open file root://cmsxrootd.fnal.gov//store/mc/Run3Summer23MiniAODv4/TbarWplusto2L2Nu_TuneCP5_13p6TeV_powheg-pythia8/MINIAODSIM/130X_mcRun3_2023_realistic_v15-v4/50000/37babd4e-7dfc-4e41-97c1-d9ab892cb367.root
01-Feb-2025 17:46:34 CST  Successfully opened file root://cmsxrootd.fnal.gov//store/mc/Run3Summer23MiniAODv4/TbarWplusto2L2Nu_TuneCP5_13p6TeV_powheg-pythia8/MINIAODSIM/130X_mcRun3_2023_realistic_v15-v4/50000/37babd4e-7dfc-4e41-97c1-d9ab892cb367.root
01-Feb-2025 17:46:38 CST  Closed file root://cmsxrootd.fnal.gov//store/mc/Run3Summer23MiniAODv4/TbarWplusto2L2Nu_TuneCP5_13p6TeV_powheg-pythia8/MINIAODSIM/130X_mcRun3_2023_realistic_v15-v4/50000/37babd4e-7dfc-4e41-97c1-d9ab892cb367.root
01-Feb-2025 17:46:38 CST  Initiating request to open file root://cmsxrootd.fnal.gov//store/mc/Run3Summer23MiniAODv4/TbarWplusto2L2Nu_TuneCP5_13p6TeV_powheg-pythia8/MINIAODSIM/130X_mcRun3_2023_realistic_v15-v4/50000/91cf31cb-5610-4367-8b2a-605907469d40.root
01-Feb-2025 17:46:40 CST  Successfully opened file root://cmsxrootd.fnal.gov//store/mc/Run3Summer23MiniAODv4/TbarWplusto2L2Nu_TuneCP5_13p6TeV_powheg-pythia8/MINIAODSIM/130X_mcRun3_2023_realistic_v15-v4/50000/91cf31cb-5610-4367-8b2a-605907469d40.root
01-Feb-2025 17:46:44 CST  Closed file root://cmsxrootd.fnal.gov//store/mc/Run3Summer23MiniAODv4/TbarWplusto2L2Nu_TuneCP5_13p6TeV_powheg-pythia8/MINIAODSIM/130X_mcRun3_2023_realistic_v15-v4/50000/91cf31cb-5610-4367-8b2a-605907469d40.root
01-Feb-2025 17:46:44 CST  Initiating request to open file root://cmsxrootd.fnal.gov//store/mc/Run3Summer23MiniAODv4/TbarWplusto2L2Nu_TuneCP5_13p6TeV_powheg-pythia8/MINIAODSIM/130X_mcRun3_2023_realistic_v15-v4/50000/237146a6-ed2c-4a97-9da8-7fa078efe02e.root
01-Feb-2025 17:46:47 CST  Successfully opened file root://cmsxrootd.fnal.gov//store/mc/Run3Summer23MiniAODv4/TbarWplusto2L2Nu_TuneCP5_13p6TeV_powheg-pythia8/MINIAODSIM/130X_mcRun3_2023_realistic_v15-v4/50000/237146a6-ed2c-4a97-9da8-7fa078efe02e.root
Begin processing the 700001st record. Run 1, Event 829003, LumiSection 830 on stream 0 at 01-Feb-2025 17:46:52.454 CST
01-Feb-2025 17:46:52 CST  Closed file root://cmsxrootd.fnal.gov//store/mc/Run3Summer23MiniAODv4/TbarWplusto2L2Nu_TuneCP5_13p6TeV_powheg-pythia8/MINIAODSIM/130X_mcRun3_2023_realistic_v15-v4/50000/237146a6-ed2c-4a97-9da8-7fa078efe02e.root
01-Feb-2025 17:46:52 CST  Initiating request to open file root://cmsxrootd.fnal.gov//store/mc/Run3Summer23MiniAODv4/TbarWplusto2L2Nu_TuneCP5_13p6TeV_powheg-pythia8/MINIAODSIM/130X_mcRun3_2023_realistic_v15-v4/50000/05d6c98a-143c-44fe-b293-f69096a07c5b.root
01-Feb-2025 17:46:55 CST  Successfully opened file root://cmsxrootd.fnal.gov//store/mc/Run3Summer23MiniAODv4/TbarWplusto2L2Nu_TuneCP5_13p6TeV_powheg-pythia8/MINIAODSIM/130X_mcRun3_2023_realistic_v15-v4/50000/05d6c98a-143c-44fe-b293-f69096a07c5b.root
01-Feb-2025 17:47:00 CST  Closed file root://cmsxrootd.fnal.gov//store/mc/Run3Summer23MiniAODv4/TbarWplusto2L2Nu_TuneCP5_13p6TeV_powheg-pythia8/MINIAODSIM/130X_mcRun3_2023_realistic_v15-v4/50000/05d6c98a-143c-44fe-b293-f69096a07c5b.root
01-Feb-2025 17:47:00 CST  Initiating request to open file root://cmsxrootd.fnal.gov//store/mc/Run3Summer23MiniAODv4/TbarWplusto2L2Nu_TuneCP5_13p6TeV_powheg-pythia8/MINIAODSIM/130X_mcRun3_2023_realistic_v15-v4/50000/be6b8ae8-9ae0-43b5-932a-abbc855cfa3d.root
01-Feb-2025 17:47:03 CST  Successfully opened file root://cmsxrootd.fnal.gov//store/mc/Run3Summer23MiniAODv4/TbarWplusto2L2Nu_TuneCP5_13p6TeV_powheg-pythia8/MINIAODSIM/130X_mcRun3_2023_realistic_v15-v4/50000/be6b8ae8-9ae0-43b5-932a-abbc855cfa3d.root
Begin processing the 800001st record. Run 1, Event 1124003, LumiSection 1125 on stream 0 at 01-Feb-2025 17:47:07.728 CST
01-Feb-2025 17:47:08 CST  Closed file root://cmsxrootd.fnal.gov//store/mc/Run3Summer23MiniAODv4/TbarWplusto2L2Nu_TuneCP5_13p6TeV_powheg-pythia8/MINIAODSIM/130X_mcRun3_2023_realistic_v15-v4/50000/be6b8ae8-9ae0-43b5-932a-abbc855cfa3d.root
01-Feb-2025 17:47:08 CST  Initiating request to open file root://cmsxrootd.fnal.gov//store/mc/Run3Summer23MiniAODv4/TbarWplusto2L2Nu_TuneCP5_13p6TeV_powheg-pythia8/MINIAODSIM/130X_mcRun3_2023_realistic_v15-v4/50000/a096a391-d77e-4a8b-b60f-6259c6090555.root
01-Feb-2025 17:47:10 CST  Successfully opened file root://cmsxrootd.fnal.gov//store/mc/Run3Summer23MiniAODv4/TbarWplusto2L2Nu_TuneCP5_13p6TeV_powheg-pythia8/MINIAODSIM/130X_mcRun3_2023_realistic_v15-v4/50000/a096a391-d77e-4a8b-b60f-6259c6090555.root
01-Feb-2025 17:47:15 CST  Closed file root://cmsxrootd.fnal.gov//store/mc/Run3Summer23MiniAODv4/TbarWplusto2L2Nu_TuneCP5_13p6TeV_powheg-pythia8/MINIAODSIM/130X_mcRun3_2023_realistic_v15-v4/50000/a096a391-d77e-4a8b-b60f-6259c6090555.root
01-Feb-2025 17:47:15 CST  Initiating request to open file root://cmsxrootd.fnal.gov//store/mc/Run3Summer23MiniAODv4/TbarWplusto2L2Nu_TuneCP5_13p6TeV_powheg-pythia8/MINIAODSIM/130X_mcRun3_2023_realistic_v15-v4/50000/53ab516c-e9ae-4c0e-b0ae-b6b4a0da9277.root
01-Feb-2025 17:47:18 CST  Successfully opened file root://cmsxrootd.fnal.gov//store/mc/Run3Summer23MiniAODv4/TbarWplusto2L2Nu_TuneCP5_13p6TeV_powheg-pythia8/MINIAODSIM/130X_mcRun3_2023_realistic_v15-v4/50000/53ab516c-e9ae-4c0e-b0ae-b6b4a0da9277.root
Begin processing the 900001st record. Run 1, Event 738009, LumiSection 739 on stream 0 at 01-Feb-2025 17:47:22.558 CST
01-Feb-2025 17:47:23 CST  Closed file root://cmsxrootd.fnal.gov//store/mc/Run3Summer23MiniAODv4/TbarWplusto2L2Nu_TuneCP5_13p6TeV_powheg-pythia8/MINIAODSIM/130X_mcRun3_2023_realistic_v15-v4/50000/53ab516c-e9ae-4c0e-b0ae-b6b4a0da9277.root
01-Feb-2025 17:47:23 CST  Initiating request to open file root://cmsxrootd.fnal.gov//store/mc/Run3Summer23MiniAODv4/TbarWplusto2L2Nu_TuneCP5_13p6TeV_powheg-pythia8/MINIAODSIM/130X_mcRun3_2023_realistic_v15-v4/50000/bf4b978f-a63b-471d-8c18-fe54aeffd2b4.root
01-Feb-2025 17:47:25 CST  Successfully opened file root://cmsxrootd.fnal.gov//store/mc/Run3Summer23MiniAODv4/TbarWplusto2L2Nu_TuneCP5_13p6TeV_powheg-pythia8/MINIAODSIM/130X_mcRun3_2023_realistic_v15-v4/50000/bf4b978f-a63b-471d-8c18-fe54aeffd2b4.root
01-Feb-2025 17:47:30 CST  Closed file root://cmsxrootd.fnal.gov//store/mc/Run3Summer23MiniAODv4/TbarWplusto2L2Nu_TuneCP5_13p6TeV_powheg-pythia8/MINIAODSIM/130X_mcRun3_2023_realistic_v15-v4/50000/bf4b978f-a63b-471d-8c18-fe54aeffd2b4.root
01-Feb-2025 17:47:30 CST  Initiating request to open file root://cmsxrootd.fnal.gov//store/mc/Run3Summer23MiniAODv4/TbarWplusto2L2Nu_TuneCP5_13p6TeV_powheg-pythia8/MINIAODSIM/130X_mcRun3_2023_realistic_v15-v4/50000/67786167-94b3-4762-a10e-79cb4ac02790.root
01-Feb-2025 17:47:33 CST  Successfully opened file root://cmsxrootd.fnal.gov//store/mc/Run3Summer23MiniAODv4/TbarWplusto2L2Nu_TuneCP5_13p6TeV_powheg-pythia8/MINIAODSIM/130X_mcRun3_2023_realistic_v15-v4/50000/67786167-94b3-4762-a10e-79cb4ac02790.root
     36.053640      0.025919      1.000000         10000
 
01-Feb-2025 17:47:37 CST  Closed file root://cmsxrootd.fnal.gov//store/mc/Run3Summer23MiniAODv4/TbarWplusto2L2Nu_TuneCP5_13p6TeV_powheg-pythia8/MINIAODSIM/130X_mcRun3_2023_realistic_v15-v4/50000/67786167-94b3-4762-a10e-79cb4ac02790.root

------------------------------------
GenXsecAnalyzer:
------------------------------------
-------------------------------------------------------------------------------------------------------------------------------------------------------------------------- 
Overall cross-section summary 
--------------------------------------------------------------------------------------------------------------------------------------------------------------------------
Process		xsec_before [pb]		passed	nposw	nnegw	tried	nposw	nnegw 	xsec_match [pb]			accepted [%]	 event_eff [%]
-------------------------------------------------------------------------------------------------------------------------------------------------------------------------- 
Total		3.605e+01 +/- 9.164e-03		1999000	1998950	50	1999000	1998950	50	3.605e+01 +/- 9.164e-03		100.0 +/- 0.0	100.0 +/- 0.0
--------------------------------------------------------------------------------------------------------------------------------------------------------------------------
Before matching: total cross section = 3.605e+01 +- 9.164e-03 pb
After matching: total cross section = 3.605e+01 +- 9.164e-03 pb
Matching efficiency = 1.0 +/- 0.0   [TO BE USED IN MCM]
Filter efficiency (taking into account weights)= (3.80576e+06) / (3.80576e+06) = 1.000e+00 +- 0.000e+00
Filter efficiency (event-level)= (1e+06) / (1e+06) = 1.000e+00 +- 0.000e+00    [TO BE USED IN MCM]

After filter: final cross section = 3.605e+01 +- 9.164e-03 pb
After filter: final fraction of events with negative weights = 2.500e-05 +- 7.440e-12
After filter: final equivalent lumi for 1M events (1/fb) = 2.773e+01 +- 2.861e-02
