01-Feb-2025 17:42:04 CST  Initiating request to open file root://cmsxrootd.fnal.gov//store/mc/Run3Summer23MiniAODv4/TbarQtoLNu-t-channel_TuneCP5_13p6TeV_powheg-pythia8/MINIAODSIM/130X_mcRun3_2023_realistic_v15-v2/130000/b18fd822-a726-4b08-b4ec-d9a1aaa6d6aa.root
01-Feb-2025 17:42:08 CST  Successfully opened file root://cmsxrootd.fnal.gov//store/mc/Run3Summer23MiniAODv4/TbarQtoLNu-t-channel_TuneCP5_13p6TeV_powheg-pythia8/MINIAODSIM/130X_mcRun3_2023_realistic_v15-v2/130000/b18fd822-a726-4b08-b4ec-d9a1aaa6d6aa.root
Begin processing the 1st record. Run 1, Event 1748011, LumiSection 1749 on stream 0 at 01-Feb-2025 17:42:09.889 CST
01-Feb-2025 17:42:10 CST  Closed file root://cmsxrootd.fnal.gov//store/mc/Run3Summer23MiniAODv4/TbarQtoLNu-t-channel_TuneCP5_13p6TeV_powheg-pythia8/MINIAODSIM/130X_mcRun3_2023_realistic_v15-v2/130000/b18fd822-a726-4b08-b4ec-d9a1aaa6d6aa.root
01-Feb-2025 17:42:10 CST  Initiating request to open file root://cmsxrootd.fnal.gov//store/mc/Run3Summer23MiniAODv4/TbarQtoLNu-t-channel_TuneCP5_13p6TeV_powheg-pythia8/MINIAODSIM/130X_mcRun3_2023_realistic_v15-v2/130000/5946134d-d111-45ef-9c43-bec9b0e6a513.root
01-Feb-2025 17:42:12 CST  Successfully opened file root://cmsxrootd.fnal.gov//store/mc/Run3Summer23MiniAODv4/TbarQtoLNu-t-channel_TuneCP5_13p6TeV_powheg-pythia8/MINIAODSIM/130X_mcRun3_2023_realistic_v15-v2/130000/5946134d-d111-45ef-9c43-bec9b0e6a513.root
01-Feb-2025 17:42:13 CST  Closed file root://cmsxrootd.fnal.gov//store/mc/Run3Summer23MiniAODv4/TbarQtoLNu-t-channel_TuneCP5_13p6TeV_powheg-pythia8/MINIAODSIM/130X_mcRun3_2023_realistic_v15-v2/130000/5946134d-d111-45ef-9c43-bec9b0e6a513.root
01-Feb-2025 17:42:13 CST  Initiating request to open file root://cmsxrootd.fnal.gov//store/mc/Run3Summer23MiniAODv4/TbarQtoLNu-t-channel_TuneCP5_13p6TeV_powheg-pythia8/MINIAODSIM/130X_mcRun3_2023_realistic_v15-v2/130000/8ef2e4eb-5b63-4ea0-9848-cae254ddad27.root
01-Feb-2025 17:42:15 CST  Successfully opened file root://cmsxrootd.fnal.gov//store/mc/Run3Summer23MiniAODv4/TbarQtoLNu-t-channel_TuneCP5_13p6TeV_powheg-pythia8/MINIAODSIM/130X_mcRun3_2023_realistic_v15-v2/130000/8ef2e4eb-5b63-4ea0-9848-cae254ddad27.root
01-Feb-2025 17:42:17 CST  Closed file root://cmsxrootd.fnal.gov//store/mc/Run3Summer23MiniAODv4/TbarQtoLNu-t-channel_TuneCP5_13p6TeV_powheg-pythia8/MINIAODSIM/130X_mcRun3_2023_realistic_v15-v2/130000/8ef2e4eb-5b63-4ea0-9848-cae254ddad27.root
01-Feb-2025 17:42:17 CST  Initiating request to open file root://cmsxrootd.fnal.gov//store/mc/Run3Summer23MiniAODv4/TbarQtoLNu-t-channel_TuneCP5_13p6TeV_powheg-pythia8/MINIAODSIM/130X_mcRun3_2023_realistic_v15-v2/130000/9caad0d6-991b-4577-898b-d1e7034253cd.root
01-Feb-2025 17:42:18 CST  Successfully opened file root://cmsxrootd.fnal.gov//store/mc/Run3Summer23MiniAODv4/TbarQtoLNu-t-channel_TuneCP5_13p6TeV_powheg-pythia8/MINIAODSIM/130X_mcRun3_2023_realistic_v15-v2/130000/9caad0d6-991b-4577-898b-d1e7034253cd.root
01-Feb-2025 17:42:19 CST  Closed file root://cmsxrootd.fnal.gov//store/mc/Run3Summer23MiniAODv4/TbarQtoLNu-t-channel_TuneCP5_13p6TeV_powheg-pythia8/MINIAODSIM/130X_mcRun3_2023_realistic_v15-v2/130000/9caad0d6-991b-4577-898b-d1e7034253cd.root
01-Feb-2025 17:42:19 CST  Initiating request to open file root://cmsxrootd.fnal.gov//store/mc/Run3Summer23MiniAODv4/TbarQtoLNu-t-channel_TuneCP5_13p6TeV_powheg-pythia8/MINIAODSIM/130X_mcRun3_2023_realistic_v15-v2/130000/c5326dd2-6a10-465c-a260-69f6d3d2050d.root
01-Feb-2025 17:42:20 CST  Successfully opened file root://cmsxrootd.fnal.gov//store/mc/Run3Summer23MiniAODv4/TbarQtoLNu-t-channel_TuneCP5_13p6TeV_powheg-pythia8/MINIAODSIM/130X_mcRun3_2023_realistic_v15-v2/130000/c5326dd2-6a10-465c-a260-69f6d3d2050d.root
Begin processing the 100001st record. Run 1, Event 5360006, LumiSection 5361 on stream 0 at 01-Feb-2025 17:42:21.302 CST
01-Feb-2025 17:42:21 CST  Closed file root://cmsxrootd.fnal.gov//store/mc/Run3Summer23MiniAODv4/TbarQtoLNu-t-channel_TuneCP5_13p6TeV_powheg-pythia8/MINIAODSIM/130X_mcRun3_2023_realistic_v15-v2/130000/c5326dd2-6a10-465c-a260-69f6d3d2050d.root
01-Feb-2025 17:42:21 CST  Initiating request to open file root://cmsxrootd.fnal.gov//store/mc/Run3Summer23MiniAODv4/TbarQtoLNu-t-channel_TuneCP5_13p6TeV_powheg-pythia8/MINIAODSIM/130X_mcRun3_2023_realistic_v15-v2/130000/6471f856-f6a1-44d4-930d-9d29f3288ce9.root
01-Feb-2025 17:42:22 CST  Successfully opened file root://cmsxrootd.fnal.gov//store/mc/Run3Summer23MiniAODv4/TbarQtoLNu-t-channel_TuneCP5_13p6TeV_powheg-pythia8/MINIAODSIM/130X_mcRun3_2023_realistic_v15-v2/130000/6471f856-f6a1-44d4-930d-9d29f3288ce9.root
01-Feb-2025 17:42:24 CST  Closed file root://cmsxrootd.fnal.gov//store/mc/Run3Summer23MiniAODv4/TbarQtoLNu-t-channel_TuneCP5_13p6TeV_powheg-pythia8/MINIAODSIM/130X_mcRun3_2023_realistic_v15-v2/130000/6471f856-f6a1-44d4-930d-9d29f3288ce9.root
01-Feb-2025 17:42:24 CST  Initiating request to open file root://cmsxrootd.fnal.gov//store/mc/Run3Summer23MiniAODv4/TbarQtoLNu-t-channel_TuneCP5_13p6TeV_powheg-pythia8/MINIAODSIM/130X_mcRun3_2023_realistic_v15-v2/130000/c9cbf81d-9260-4f25-9532-0974faf95308.root
01-Feb-2025 17:42:27 CST  Successfully opened file root://cmsxrootd.fnal.gov//store/mc/Run3Summer23MiniAODv4/TbarQtoLNu-t-channel_TuneCP5_13p6TeV_powheg-pythia8/MINIAODSIM/130X_mcRun3_2023_realistic_v15-v2/130000/c9cbf81d-9260-4f25-9532-0974faf95308.root
01-Feb-2025 17:42:30 CST  Closed file root://cmsxrootd.fnal.gov//store/mc/Run3Summer23MiniAODv4/TbarQtoLNu-t-channel_TuneCP5_13p6TeV_powheg-pythia8/MINIAODSIM/130X_mcRun3_2023_realistic_v15-v2/130000/c9cbf81d-9260-4f25-9532-0974faf95308.root
01-Feb-2025 17:42:30 CST  Initiating request to open file root://cmsxrootd.fnal.gov//store/mc/Run3Summer23MiniAODv4/TbarQtoLNu-t-channel_TuneCP5_13p6TeV_powheg-pythia8/MINIAODSIM/130X_mcRun3_2023_realistic_v15-v2/130000/943fe24e-03b3-4790-a684-83c6036e66a3.root
01-Feb-2025 17:42:33 CST  Successfully opened file root://cmsxrootd.fnal.gov//store/mc/Run3Summer23MiniAODv4/TbarQtoLNu-t-channel_TuneCP5_13p6TeV_powheg-pythia8/MINIAODSIM/130X_mcRun3_2023_realistic_v15-v2/130000/943fe24e-03b3-4790-a684-83c6036e66a3.root
Begin processing the 200001st record. Run 1, Event 4916008, LumiSection 4917 on stream 0 at 01-Feb-2025 17:42:35.959 CST
01-Feb-2025 17:42:36 CST  Closed file root://cmsxrootd.fnal.gov//store/mc/Run3Summer23MiniAODv4/TbarQtoLNu-t-channel_TuneCP5_13p6TeV_powheg-pythia8/MINIAODSIM/130X_mcRun3_2023_realistic_v15-v2/130000/943fe24e-03b3-4790-a684-83c6036e66a3.root
01-Feb-2025 17:42:36 CST  Initiating request to open file root://cmsxrootd.fnal.gov//store/mc/Run3Summer23MiniAODv4/TbarQtoLNu-t-channel_TuneCP5_13p6TeV_powheg-pythia8/MINIAODSIM/130X_mcRun3_2023_realistic_v15-v2/130000/af314b35-550c-4a4b-a8f7-d1a71f0e2ab8.root
01-Feb-2025 17:42:38 CST  Successfully opened file root://cmsxrootd.fnal.gov//store/mc/Run3Summer23MiniAODv4/TbarQtoLNu-t-channel_TuneCP5_13p6TeV_powheg-pythia8/MINIAODSIM/130X_mcRun3_2023_realistic_v15-v2/130000/af314b35-550c-4a4b-a8f7-d1a71f0e2ab8.root
01-Feb-2025 17:42:42 CST  Closed file root://cmsxrootd.fnal.gov//store/mc/Run3Summer23MiniAODv4/TbarQtoLNu-t-channel_TuneCP5_13p6TeV_powheg-pythia8/MINIAODSIM/130X_mcRun3_2023_realistic_v15-v2/130000/af314b35-550c-4a4b-a8f7-d1a71f0e2ab8.root
01-Feb-2025 17:42:42 CST  Initiating request to open file root://cmsxrootd.fnal.gov//store/mc/Run3Summer23MiniAODv4/TbarQtoLNu-t-channel_TuneCP5_13p6TeV_powheg-pythia8/MINIAODSIM/130X_mcRun3_2023_realistic_v15-v2/130000/1f934255-e9fc-4fbb-986c-5ff387116fbc.root
01-Feb-2025 17:42:45 CST  Successfully opened file root://cmsxrootd.fnal.gov//store/mc/Run3Summer23MiniAODv4/TbarQtoLNu-t-channel_TuneCP5_13p6TeV_powheg-pythia8/MINIAODSIM/130X_mcRun3_2023_realistic_v15-v2/130000/1f934255-e9fc-4fbb-986c-5ff387116fbc.root
Begin processing the 300001st record. Run 1, Event 8112010, LumiSection 8113 on stream 0 at 01-Feb-2025 17:42:48.097 CST
01-Feb-2025 17:42:48 CST  Closed file root://cmsxrootd.fnal.gov//store/mc/Run3Summer23MiniAODv4/TbarQtoLNu-t-channel_TuneCP5_13p6TeV_powheg-pythia8/MINIAODSIM/130X_mcRun3_2023_realistic_v15-v2/130000/1f934255-e9fc-4fbb-986c-5ff387116fbc.root
01-Feb-2025 17:42:48 CST  Initiating request to open file root://cmsxrootd.fnal.gov//store/mc/Run3Summer23MiniAODv4/TbarQtoLNu-t-channel_TuneCP5_13p6TeV_powheg-pythia8/MINIAODSIM/130X_mcRun3_2023_realistic_v15-v2/130000/5eaf8a1b-cce1-4fef-afaa-75f54d24f112.root
01-Feb-2025 17:42:50 CST  Successfully opened file root://cmsxrootd.fnal.gov//store/mc/Run3Summer23MiniAODv4/TbarQtoLNu-t-channel_TuneCP5_13p6TeV_powheg-pythia8/MINIAODSIM/130X_mcRun3_2023_realistic_v15-v2/130000/5eaf8a1b-cce1-4fef-afaa-75f54d24f112.root
01-Feb-2025 17:42:53 CST  Closed file root://cmsxrootd.fnal.gov//store/mc/Run3Summer23MiniAODv4/TbarQtoLNu-t-channel_TuneCP5_13p6TeV_powheg-pythia8/MINIAODSIM/130X_mcRun3_2023_realistic_v15-v2/130000/5eaf8a1b-cce1-4fef-afaa-75f54d24f112.root
01-Feb-2025 17:42:53 CST  Initiating request to open file root://cmsxrootd.fnal.gov//store/mc/Run3Summer23MiniAODv4/TbarQtoLNu-t-channel_TuneCP5_13p6TeV_powheg-pythia8/MINIAODSIM/130X_mcRun3_2023_realistic_v15-v2/130000/8ed2220e-c6e5-48de-ad3a-1ab47bdf80c1.root
01-Feb-2025 17:42:56 CST  Successfully opened file root://cmsxrootd.fnal.gov//store/mc/Run3Summer23MiniAODv4/TbarQtoLNu-t-channel_TuneCP5_13p6TeV_powheg-pythia8/MINIAODSIM/130X_mcRun3_2023_realistic_v15-v2/130000/8ed2220e-c6e5-48de-ad3a-1ab47bdf80c1.root
01-Feb-2025 17:42:59 CST  Closed file root://cmsxrootd.fnal.gov//store/mc/Run3Summer23MiniAODv4/TbarQtoLNu-t-channel_TuneCP5_13p6TeV_powheg-pythia8/MINIAODSIM/130X_mcRun3_2023_realistic_v15-v2/130000/8ed2220e-c6e5-48de-ad3a-1ab47bdf80c1.root
01-Feb-2025 17:42:59 CST  Initiating request to open file root://cmsxrootd.fnal.gov//store/mc/Run3Summer23MiniAODv4/TbarQtoLNu-t-channel_TuneCP5_13p6TeV_powheg-pythia8/MINIAODSIM/130X_mcRun3_2023_realistic_v15-v2/130000/38365d0b-73fd-41a1-86bc-9a00261c560a.root
01-Feb-2025 17:43:01 CST  Successfully opened file root://cmsxrootd.fnal.gov//store/mc/Run3Summer23MiniAODv4/TbarQtoLNu-t-channel_TuneCP5_13p6TeV_powheg-pythia8/MINIAODSIM/130X_mcRun3_2023_realistic_v15-v2/130000/38365d0b-73fd-41a1-86bc-9a00261c560a.root
Begin processing the 400001st record. Run 1, Event 6204002, LumiSection 6205 on stream 0 at 01-Feb-2025 17:43:04.218 CST
01-Feb-2025 17:43:04 CST  Closed file root://cmsxrootd.fnal.gov//store/mc/Run3Summer23MiniAODv4/TbarQtoLNu-t-channel_TuneCP5_13p6TeV_powheg-pythia8/MINIAODSIM/130X_mcRun3_2023_realistic_v15-v2/130000/38365d0b-73fd-41a1-86bc-9a00261c560a.root
01-Feb-2025 17:43:04 CST  Initiating request to open file root://cmsxrootd.fnal.gov//store/mc/Run3Summer23MiniAODv4/TbarQtoLNu-t-channel_TuneCP5_13p6TeV_powheg-pythia8/MINIAODSIM/130X_mcRun3_2023_realistic_v15-v2/130000/88d17a48-be05-4b3c-8d72-af5c8f80ecc6.root
01-Feb-2025 17:43:07 CST  Successfully opened file root://cmsxrootd.fnal.gov//store/mc/Run3Summer23MiniAODv4/TbarQtoLNu-t-channel_TuneCP5_13p6TeV_powheg-pythia8/MINIAODSIM/130X_mcRun3_2023_realistic_v15-v2/130000/88d17a48-be05-4b3c-8d72-af5c8f80ecc6.root
01-Feb-2025 17:43:09 CST  Closed file root://cmsxrootd.fnal.gov//store/mc/Run3Summer23MiniAODv4/TbarQtoLNu-t-channel_TuneCP5_13p6TeV_powheg-pythia8/MINIAODSIM/130X_mcRun3_2023_realistic_v15-v2/130000/88d17a48-be05-4b3c-8d72-af5c8f80ecc6.root
01-Feb-2025 17:43:09 CST  Initiating request to open file root://cmsxrootd.fnal.gov//store/mc/Run3Summer23MiniAODv4/TbarQtoLNu-t-channel_TuneCP5_13p6TeV_powheg-pythia8/MINIAODSIM/130X_mcRun3_2023_realistic_v15-v2/130000/34c13b38-c8d7-4334-8579-e0b6a2bd8437.root
01-Feb-2025 17:43:12 CST  Successfully opened file root://cmsxrootd.fnal.gov//store/mc/Run3Summer23MiniAODv4/TbarQtoLNu-t-channel_TuneCP5_13p6TeV_powheg-pythia8/MINIAODSIM/130X_mcRun3_2023_realistic_v15-v2/130000/34c13b38-c8d7-4334-8579-e0b6a2bd8437.root
01-Feb-2025 17:43:13 CST  Closed file root://cmsxrootd.fnal.gov//store/mc/Run3Summer23MiniAODv4/TbarQtoLNu-t-channel_TuneCP5_13p6TeV_powheg-pythia8/MINIAODSIM/130X_mcRun3_2023_realistic_v15-v2/130000/34c13b38-c8d7-4334-8579-e0b6a2bd8437.root
01-Feb-2025 17:43:13 CST  Initiating request to open file root://cmsxrootd.fnal.gov//store/mc/Run3Summer23MiniAODv4/TbarQtoLNu-t-channel_TuneCP5_13p6TeV_powheg-pythia8/MINIAODSIM/130X_mcRun3_2023_realistic_v15-v2/130000/a9bc8402-fea1-434e-a9b9-f9d1f0e3ae4c.root
01-Feb-2025 17:43:16 CST  Successfully opened file root://cmsxrootd.fnal.gov//store/mc/Run3Summer23MiniAODv4/TbarQtoLNu-t-channel_TuneCP5_13p6TeV_powheg-pythia8/MINIAODSIM/130X_mcRun3_2023_realistic_v15-v2/130000/a9bc8402-fea1-434e-a9b9-f9d1f0e3ae4c.root
01-Feb-2025 17:43:19 CST  Closed file root://cmsxrootd.fnal.gov//store/mc/Run3Summer23MiniAODv4/TbarQtoLNu-t-channel_TuneCP5_13p6TeV_powheg-pythia8/MINIAODSIM/130X_mcRun3_2023_realistic_v15-v2/130000/a9bc8402-fea1-434e-a9b9-f9d1f0e3ae4c.root
01-Feb-2025 17:43:19 CST  Initiating request to open file root://cmsxrootd.fnal.gov//store/mc/Run3Summer23MiniAODv4/TbarQtoLNu-t-channel_TuneCP5_13p6TeV_powheg-pythia8/MINIAODSIM/130X_mcRun3_2023_realistic_v15-v2/130000/2d424a1b-1318-45f1-ae02-65648d0e8304.root
01-Feb-2025 17:43:21 CST  Successfully opened file root://cmsxrootd.fnal.gov//store/mc/Run3Summer23MiniAODv4/TbarQtoLNu-t-channel_TuneCP5_13p6TeV_powheg-pythia8/MINIAODSIM/130X_mcRun3_2023_realistic_v15-v2/130000/2d424a1b-1318-45f1-ae02-65648d0e8304.root
Begin processing the 500001st record. Run 1, Event 1572005, LumiSection 1573 on stream 0 at 01-Feb-2025 17:43:24.198 CST
01-Feb-2025 17:43:24 CST  Closed file root://cmsxrootd.fnal.gov//store/mc/Run3Summer23MiniAODv4/TbarQtoLNu-t-channel_TuneCP5_13p6TeV_powheg-pythia8/MINIAODSIM/130X_mcRun3_2023_realistic_v15-v2/130000/2d424a1b-1318-45f1-ae02-65648d0e8304.root
01-Feb-2025 17:43:24 CST  Initiating request to open file root://cmsxrootd.fnal.gov//store/mc/Run3Summer23MiniAODv4/TbarQtoLNu-t-channel_TuneCP5_13p6TeV_powheg-pythia8/MINIAODSIM/130X_mcRun3_2023_realistic_v15-v2/130000/a7b5241f-7778-470a-87d2-c2a7496ce395.root
01-Feb-2025 17:43:27 CST  Successfully opened file root://cmsxrootd.fnal.gov//store/mc/Run3Summer23MiniAODv4/TbarQtoLNu-t-channel_TuneCP5_13p6TeV_powheg-pythia8/MINIAODSIM/130X_mcRun3_2023_realistic_v15-v2/130000/a7b5241f-7778-470a-87d2-c2a7496ce395.root
01-Feb-2025 17:43:30 CST  Closed file root://cmsxrootd.fnal.gov//store/mc/Run3Summer23MiniAODv4/TbarQtoLNu-t-channel_TuneCP5_13p6TeV_powheg-pythia8/MINIAODSIM/130X_mcRun3_2023_realistic_v15-v2/130000/a7b5241f-7778-470a-87d2-c2a7496ce395.root
01-Feb-2025 17:43:30 CST  Initiating request to open file root://cmsxrootd.fnal.gov//store/mc/Run3Summer23MiniAODv4/TbarQtoLNu-t-channel_TuneCP5_13p6TeV_powheg-pythia8/MINIAODSIM/130X_mcRun3_2023_realistic_v15-v2/130000/cc2e8cdd-592d-4e4d-aeff-f594c91d6e5e.root
01-Feb-2025 17:43:32 CST  Successfully opened file root://cmsxrootd.fnal.gov//store/mc/Run3Summer23MiniAODv4/TbarQtoLNu-t-channel_TuneCP5_13p6TeV_powheg-pythia8/MINIAODSIM/130X_mcRun3_2023_realistic_v15-v2/130000/cc2e8cdd-592d-4e4d-aeff-f594c91d6e5e.root
Begin processing the 600001st record. Run 1, Event 9944002, LumiSection 9945 on stream 0 at 01-Feb-2025 17:43:36.117 CST
01-Feb-2025 17:43:36 CST  Closed file root://cmsxrootd.fnal.gov//store/mc/Run3Summer23MiniAODv4/TbarQtoLNu-t-channel_TuneCP5_13p6TeV_powheg-pythia8/MINIAODSIM/130X_mcRun3_2023_realistic_v15-v2/130000/cc2e8cdd-592d-4e4d-aeff-f594c91d6e5e.root
01-Feb-2025 17:43:36 CST  Initiating request to open file root://cmsxrootd.fnal.gov//store/mc/Run3Summer23MiniAODv4/TbarQtoLNu-t-channel_TuneCP5_13p6TeV_powheg-pythia8/MINIAODSIM/130X_mcRun3_2023_realistic_v15-v2/130000/f2a42d39-a48d-4884-b182-0d53525a7c2a.root
01-Feb-2025 17:43:38 CST  Successfully opened file root://cmsxrootd.fnal.gov//store/mc/Run3Summer23MiniAODv4/TbarQtoLNu-t-channel_TuneCP5_13p6TeV_powheg-pythia8/MINIAODSIM/130X_mcRun3_2023_realistic_v15-v2/130000/f2a42d39-a48d-4884-b182-0d53525a7c2a.root
01-Feb-2025 17:43:42 CST  Closed file root://cmsxrootd.fnal.gov//store/mc/Run3Summer23MiniAODv4/TbarQtoLNu-t-channel_TuneCP5_13p6TeV_powheg-pythia8/MINIAODSIM/130X_mcRun3_2023_realistic_v15-v2/130000/f2a42d39-a48d-4884-b182-0d53525a7c2a.root
01-Feb-2025 17:43:42 CST  Initiating request to open file root://cmsxrootd.fnal.gov//store/mc/Run3Summer23MiniAODv4/TbarQtoLNu-t-channel_TuneCP5_13p6TeV_powheg-pythia8/MINIAODSIM/130X_mcRun3_2023_realistic_v15-v2/130000/113873be-661b-4796-b48e-1ecce0b5243e.root
01-Feb-2025 17:43:44 CST  Successfully opened file root://cmsxrootd.fnal.gov//store/mc/Run3Summer23MiniAODv4/TbarQtoLNu-t-channel_TuneCP5_13p6TeV_powheg-pythia8/MINIAODSIM/130X_mcRun3_2023_realistic_v15-v2/130000/113873be-661b-4796-b48e-1ecce0b5243e.root
01-Feb-2025 17:43:47 CST  Closed file root://cmsxrootd.fnal.gov//store/mc/Run3Summer23MiniAODv4/TbarQtoLNu-t-channel_TuneCP5_13p6TeV_powheg-pythia8/MINIAODSIM/130X_mcRun3_2023_realistic_v15-v2/130000/113873be-661b-4796-b48e-1ecce0b5243e.root
01-Feb-2025 17:43:47 CST  Initiating request to open file root://cmsxrootd.fnal.gov//store/mc/Run3Summer23MiniAODv4/TbarQtoLNu-t-channel_TuneCP5_13p6TeV_powheg-pythia8/MINIAODSIM/130X_mcRun3_2023_realistic_v15-v2/130000/2b818978-5e7f-4937-ad18-7de2527b4129.root
01-Feb-2025 17:43:50 CST  Successfully opened file root://cmsxrootd.fnal.gov//store/mc/Run3Summer23MiniAODv4/TbarQtoLNu-t-channel_TuneCP5_13p6TeV_powheg-pythia8/MINIAODSIM/130X_mcRun3_2023_realistic_v15-v2/130000/2b818978-5e7f-4937-ad18-7de2527b4129.root
Begin processing the 700001st record. Run 1, Event 9292017, LumiSection 9293 on stream 0 at 01-Feb-2025 17:43:53.408 CST
01-Feb-2025 17:43:53 CST  Closed file root://cmsxrootd.fnal.gov//store/mc/Run3Summer23MiniAODv4/TbarQtoLNu-t-channel_TuneCP5_13p6TeV_powheg-pythia8/MINIAODSIM/130X_mcRun3_2023_realistic_v15-v2/130000/2b818978-5e7f-4937-ad18-7de2527b4129.root
01-Feb-2025 17:43:53 CST  Initiating request to open file root://cmsxrootd.fnal.gov//store/mc/Run3Summer23MiniAODv4/TbarQtoLNu-t-channel_TuneCP5_13p6TeV_powheg-pythia8/MINIAODSIM/130X_mcRun3_2023_realistic_v15-v2/130000/226538a7-4c24-43dd-a707-0cdc31a6cfaf.root
01-Feb-2025 17:43:55 CST  Successfully opened file root://cmsxrootd.fnal.gov//store/mc/Run3Summer23MiniAODv4/TbarQtoLNu-t-channel_TuneCP5_13p6TeV_powheg-pythia8/MINIAODSIM/130X_mcRun3_2023_realistic_v15-v2/130000/226538a7-4c24-43dd-a707-0cdc31a6cfaf.root
01-Feb-2025 17:43:58 CST  Closed file root://cmsxrootd.fnal.gov//store/mc/Run3Summer23MiniAODv4/TbarQtoLNu-t-channel_TuneCP5_13p6TeV_powheg-pythia8/MINIAODSIM/130X_mcRun3_2023_realistic_v15-v2/130000/226538a7-4c24-43dd-a707-0cdc31a6cfaf.root
01-Feb-2025 17:43:58 CST  Initiating request to open file root://cmsxrootd.fnal.gov//store/mc/Run3Summer23MiniAODv4/TbarQtoLNu-t-channel_TuneCP5_13p6TeV_powheg-pythia8/MINIAODSIM/130X_mcRun3_2023_realistic_v15-v2/130000/d4925b50-1dc2-4276-b82f-42fd96d2fd25.root
01-Feb-2025 17:44:01 CST  Successfully opened file root://cmsxrootd.fnal.gov//store/mc/Run3Summer23MiniAODv4/TbarQtoLNu-t-channel_TuneCP5_13p6TeV_powheg-pythia8/MINIAODSIM/130X_mcRun3_2023_realistic_v15-v2/130000/d4925b50-1dc2-4276-b82f-42fd96d2fd25.root
01-Feb-2025 17:44:04 CST  Closed file root://cmsxrootd.fnal.gov//store/mc/Run3Summer23MiniAODv4/TbarQtoLNu-t-channel_TuneCP5_13p6TeV_powheg-pythia8/MINIAODSIM/130X_mcRun3_2023_realistic_v15-v2/130000/d4925b50-1dc2-4276-b82f-42fd96d2fd25.root
01-Feb-2025 17:44:04 CST  Initiating request to open file root://cmsxrootd.fnal.gov//store/mc/Run3Summer23MiniAODv4/TbarQtoLNu-t-channel_TuneCP5_13p6TeV_powheg-pythia8/MINIAODSIM/130X_mcRun3_2023_realistic_v15-v2/130000/b4aa0980-e8db-4204-bbe0-03530eae893c.root
01-Feb-2025 17:44:06 CST  Successfully opened file root://cmsxrootd.fnal.gov//store/mc/Run3Summer23MiniAODv4/TbarQtoLNu-t-channel_TuneCP5_13p6TeV_powheg-pythia8/MINIAODSIM/130X_mcRun3_2023_realistic_v15-v2/130000/b4aa0980-e8db-4204-bbe0-03530eae893c.root
Begin processing the 800001st record. Run 1, Event 4548003, LumiSection 4549 on stream 0 at 01-Feb-2025 17:44:10.739 CST
01-Feb-2025 17:44:11 CST  Closed file root://cmsxrootd.fnal.gov//store/mc/Run3Summer23MiniAODv4/TbarQtoLNu-t-channel_TuneCP5_13p6TeV_powheg-pythia8/MINIAODSIM/130X_mcRun3_2023_realistic_v15-v2/130000/b4aa0980-e8db-4204-bbe0-03530eae893c.root
01-Feb-2025 17:44:11 CST  Initiating request to open file root://cmsxrootd.fnal.gov//store/mc/Run3Summer23MiniAODv4/TbarQtoLNu-t-channel_TuneCP5_13p6TeV_powheg-pythia8/MINIAODSIM/130X_mcRun3_2023_realistic_v15-v2/130000/078f4ce8-f21d-4119-8263-edb5dc2723bd.root
01-Feb-2025 17:44:13 CST  Successfully opened file root://cmsxrootd.fnal.gov//store/mc/Run3Summer23MiniAODv4/TbarQtoLNu-t-channel_TuneCP5_13p6TeV_powheg-pythia8/MINIAODSIM/130X_mcRun3_2023_realistic_v15-v2/130000/078f4ce8-f21d-4119-8263-edb5dc2723bd.root
01-Feb-2025 17:44:16 CST  Closed file root://cmsxrootd.fnal.gov//store/mc/Run3Summer23MiniAODv4/TbarQtoLNu-t-channel_TuneCP5_13p6TeV_powheg-pythia8/MINIAODSIM/130X_mcRun3_2023_realistic_v15-v2/130000/078f4ce8-f21d-4119-8263-edb5dc2723bd.root
01-Feb-2025 17:44:16 CST  Initiating request to open file root://cmsxrootd.fnal.gov//store/mc/Run3Summer23MiniAODv4/TbarQtoLNu-t-channel_TuneCP5_13p6TeV_powheg-pythia8/MINIAODSIM/130X_mcRun3_2023_realistic_v15-v2/130000/9d21990c-b28d-4690-9634-78e1b0469c7f.root
01-Feb-2025 17:44:18 CST  Successfully opened file root://cmsxrootd.fnal.gov//store/mc/Run3Summer23MiniAODv4/TbarQtoLNu-t-channel_TuneCP5_13p6TeV_powheg-pythia8/MINIAODSIM/130X_mcRun3_2023_realistic_v15-v2/130000/9d21990c-b28d-4690-9634-78e1b0469c7f.root
01-Feb-2025 17:44:21 CST  Closed file root://cmsxrootd.fnal.gov//store/mc/Run3Summer23MiniAODv4/TbarQtoLNu-t-channel_TuneCP5_13p6TeV_powheg-pythia8/MINIAODSIM/130X_mcRun3_2023_realistic_v15-v2/130000/9d21990c-b28d-4690-9634-78e1b0469c7f.root
01-Feb-2025 17:44:21 CST  Initiating request to open file root://cmsxrootd.fnal.gov//store/mc/Run3Summer23MiniAODv4/TbarQtoLNu-t-channel_TuneCP5_13p6TeV_powheg-pythia8/MINIAODSIM/130X_mcRun3_2023_realistic_v15-v2/130000/8db626bc-212a-41b8-85a9-78ab17e2771b.root
01-Feb-2025 17:44:23 CST  Successfully opened file root://cmsxrootd.fnal.gov//store/mc/Run3Summer23MiniAODv4/TbarQtoLNu-t-channel_TuneCP5_13p6TeV_powheg-pythia8/MINIAODSIM/130X_mcRun3_2023_realistic_v15-v2/130000/8db626bc-212a-41b8-85a9-78ab17e2771b.root
Begin processing the 900001st record. Run 1, Event 4464006, LumiSection 4465 on stream 0 at 01-Feb-2025 17:44:26.109 CST
01-Feb-2025 17:44:26 CST  Closed file root://cmsxrootd.fnal.gov//store/mc/Run3Summer23MiniAODv4/TbarQtoLNu-t-channel_TuneCP5_13p6TeV_powheg-pythia8/MINIAODSIM/130X_mcRun3_2023_realistic_v15-v2/130000/8db626bc-212a-41b8-85a9-78ab17e2771b.root
01-Feb-2025 17:44:26 CST  Initiating request to open file root://cmsxrootd.fnal.gov//store/mc/Run3Summer23MiniAODv4/TbarQtoLNu-t-channel_TuneCP5_13p6TeV_powheg-pythia8/MINIAODSIM/130X_mcRun3_2023_realistic_v15-v2/130000/d28d3536-2e3b-4971-8c35-499c986a03a6.root
01-Feb-2025 17:44:28 CST  Successfully opened file root://cmsxrootd.fnal.gov//store/mc/Run3Summer23MiniAODv4/TbarQtoLNu-t-channel_TuneCP5_13p6TeV_powheg-pythia8/MINIAODSIM/130X_mcRun3_2023_realistic_v15-v2/130000/d28d3536-2e3b-4971-8c35-499c986a03a6.root
01-Feb-2025 17:44:32 CST  Closed file root://cmsxrootd.fnal.gov//store/mc/Run3Summer23MiniAODv4/TbarQtoLNu-t-channel_TuneCP5_13p6TeV_powheg-pythia8/MINIAODSIM/130X_mcRun3_2023_realistic_v15-v2/130000/d28d3536-2e3b-4971-8c35-499c986a03a6.root
01-Feb-2025 17:44:32 CST  Initiating request to open file root://cmsxrootd.fnal.gov//store/mc/Run3Summer23MiniAODv4/TbarQtoLNu-t-channel_TuneCP5_13p6TeV_powheg-pythia8/MINIAODSIM/130X_mcRun3_2023_realistic_v15-v2/130000/53aa012f-030b-4cb9-909f-088136075489.root
01-Feb-2025 17:44:34 CST  Successfully opened file root://cmsxrootd.fnal.gov//store/mc/Run3Summer23MiniAODv4/TbarQtoLNu-t-channel_TuneCP5_13p6TeV_powheg-pythia8/MINIAODSIM/130X_mcRun3_2023_realistic_v15-v2/130000/53aa012f-030b-4cb9-909f-088136075489.root
     78.558792      0.115730      1.000000         10000
 
01-Feb-2025 17:44:38 CST  Closed file root://cmsxrootd.fnal.gov//store/mc/Run3Summer23MiniAODv4/TbarQtoLNu-t-channel_TuneCP5_13p6TeV_powheg-pythia8/MINIAODSIM/130X_mcRun3_2023_realistic_v15-v2/130000/53aa012f-030b-4cb9-909f-088136075489.root

------------------------------------
GenXsecAnalyzer:
------------------------------------
-------------------------------------------------------------------------------------------------------------------------------------------------------------------------- 
Overall cross-section summary 
--------------------------------------------------------------------------------------------------------------------------------------------------------------------------
Process		xsec_before [pb]		passed	nposw	nnegw	tried	nposw	nnegw 	xsec_match [pb]			accepted [%]	 event_eff [%]
-------------------------------------------------------------------------------------------------------------------------------------------------------------------------- 
Total		7.856e+01 +/- 4.092e-02		1999000	1993810	5190	1999000	1993810	5190	7.856e+01 +/- 4.092e-02		100.0 +/- 0.0	100.0 +/- 0.0
--------------------------------------------------------------------------------------------------------------------------------------------------------------------------
Before matching: total cross section = 7.856e+01 +- 4.092e-02 pb
After matching: total cross section = 7.856e+01 +- 4.092e-02 pb
Matching efficiency = 1.0 +/- 0.0   [TO BE USED IN MCM]
Filter efficiency (taking into account weights)= (2.55247e+07) / (2.55247e+07) = 1.000e+00 +- 0.000e+00
Filter efficiency (event-level)= (1e+06) / (1e+06) = 1.000e+00 +- 0.000e+00    [TO BE USED IN MCM]

After filter: final cross section = 7.856e+01 +- 4.092e-02 pb
After filter: final fraction of events with negative weights = 2.597e-03 +- 9.604e-09
After filter: final equivalent lumi for 1M events (1/fb) = 1.260e+01 +- 1.413e-02
