01-Feb-2025 17:39:34 CST  Initiating request to open file root://cmsxrootd.fnal.gov//store/mc/Run3Summer23MiniAODv4/TbarBtoLminusNuB-s-channel-4FS_TuneCP5_13p6TeV_amcatnlo-pythia8/MINIAODSIM/130X_mcRun3_2023_realistic_v15-v2/2530000/45ac519f-ff28-4eac-9cd5-68d81f5c26b5.root
01-Feb-2025 17:39:39 CST  Successfully opened file root://cmsxrootd.fnal.gov//store/mc/Run3Summer23MiniAODv4/TbarBtoLminusNuB-s-channel-4FS_TuneCP5_13p6TeV_amcatnlo-pythia8/MINIAODSIM/130X_mcRun3_2023_realistic_v15-v2/2530000/45ac519f-ff28-4eac-9cd5-68d81f5c26b5.root
Begin processing the 1st record. Run 1, Event 44004, LumiSection 45 on stream 0 at 01-Feb-2025 17:39:40.746 CST
01-Feb-2025 17:39:41 CST  Closed file root://cmsxrootd.fnal.gov//store/mc/Run3Summer23MiniAODv4/TbarBtoLminusNuB-s-channel-4FS_TuneCP5_13p6TeV_amcatnlo-pythia8/MINIAODSIM/130X_mcRun3_2023_realistic_v15-v2/2530000/45ac519f-ff28-4eac-9cd5-68d81f5c26b5.root
01-Feb-2025 17:39:41 CST  Initiating request to open file root://cmsxrootd.fnal.gov//store/mc/Run3Summer23MiniAODv4/TbarBtoLminusNuB-s-channel-4FS_TuneCP5_13p6TeV_amcatnlo-pythia8/MINIAODSIM/130X_mcRun3_2023_realistic_v15-v2/2530000/4dd82a0f-a0ad-4fa8-8670-7d6f9f3d6b42.root
01-Feb-2025 17:39:43 CST  Successfully opened file root://cmsxrootd.fnal.gov//store/mc/Run3Summer23MiniAODv4/TbarBtoLminusNuB-s-channel-4FS_TuneCP5_13p6TeV_amcatnlo-pythia8/MINIAODSIM/130X_mcRun3_2023_realistic_v15-v2/2530000/4dd82a0f-a0ad-4fa8-8670-7d6f9f3d6b42.root
01-Feb-2025 17:39:44 CST  Closed file root://cmsxrootd.fnal.gov//store/mc/Run3Summer23MiniAODv4/TbarBtoLminusNuB-s-channel-4FS_TuneCP5_13p6TeV_amcatnlo-pythia8/MINIAODSIM/130X_mcRun3_2023_realistic_v15-v2/2530000/4dd82a0f-a0ad-4fa8-8670-7d6f9f3d6b42.root
01-Feb-2025 17:39:44 CST  Initiating request to open file root://cmsxrootd.fnal.gov//store/mc/Run3Summer23MiniAODv4/TbarBtoLminusNuB-s-channel-4FS_TuneCP5_13p6TeV_amcatnlo-pythia8/MINIAODSIM/130X_mcRun3_2023_realistic_v15-v2/2530000/fc614486-d363-4d76-b327-221e4abdc14f.root
01-Feb-2025 17:39:47 CST  Successfully opened file root://cmsxrootd.fnal.gov//store/mc/Run3Summer23MiniAODv4/TbarBtoLminusNuB-s-channel-4FS_TuneCP5_13p6TeV_amcatnlo-pythia8/MINIAODSIM/130X_mcRun3_2023_realistic_v15-v2/2530000/fc614486-d363-4d76-b327-221e4abdc14f.root
01-Feb-2025 17:39:48 CST  Closed file root://cmsxrootd.fnal.gov//store/mc/Run3Summer23MiniAODv4/TbarBtoLminusNuB-s-channel-4FS_TuneCP5_13p6TeV_amcatnlo-pythia8/MINIAODSIM/130X_mcRun3_2023_realistic_v15-v2/2530000/fc614486-d363-4d76-b327-221e4abdc14f.root
01-Feb-2025 17:39:48 CST  Initiating request to open file root://cmsxrootd.fnal.gov//store/mc/Run3Summer23MiniAODv4/TbarBtoLminusNuB-s-channel-4FS_TuneCP5_13p6TeV_amcatnlo-pythia8/MINIAODSIM/130X_mcRun3_2023_realistic_v15-v2/2530000/17d7dbd0-3424-4c7d-80e8-34331fd8acc5.root
01-Feb-2025 17:39:50 CST  Successfully opened file root://cmsxrootd.fnal.gov//store/mc/Run3Summer23MiniAODv4/TbarBtoLminusNuB-s-channel-4FS_TuneCP5_13p6TeV_amcatnlo-pythia8/MINIAODSIM/130X_mcRun3_2023_realistic_v15-v2/2530000/17d7dbd0-3424-4c7d-80e8-34331fd8acc5.root
Begin processing the 100001st record. Run 1, Event 600015, LumiSection 601 on stream 0 at 01-Feb-2025 17:39:51.738 CST
01-Feb-2025 17:39:52 CST  Closed file root://cmsxrootd.fnal.gov//store/mc/Run3Summer23MiniAODv4/TbarBtoLminusNuB-s-channel-4FS_TuneCP5_13p6TeV_amcatnlo-pythia8/MINIAODSIM/130X_mcRun3_2023_realistic_v15-v2/2530000/17d7dbd0-3424-4c7d-80e8-34331fd8acc5.root
01-Feb-2025 17:39:52 CST  Initiating request to open file root://cmsxrootd.fnal.gov//store/mc/Run3Summer23MiniAODv4/TbarBtoLminusNuB-s-channel-4FS_TuneCP5_13p6TeV_amcatnlo-pythia8/MINIAODSIM/130X_mcRun3_2023_realistic_v15-v2/2530000/da8b42e6-3e10-4522-bce3-bc27e6fd5ac8.root
01-Feb-2025 17:39:54 CST  Successfully opened file root://cmsxrootd.fnal.gov//store/mc/Run3Summer23MiniAODv4/TbarBtoLminusNuB-s-channel-4FS_TuneCP5_13p6TeV_amcatnlo-pythia8/MINIAODSIM/130X_mcRun3_2023_realistic_v15-v2/2530000/da8b42e6-3e10-4522-bce3-bc27e6fd5ac8.root
01-Feb-2025 17:39:55 CST  Closed file root://cmsxrootd.fnal.gov//store/mc/Run3Summer23MiniAODv4/TbarBtoLminusNuB-s-channel-4FS_TuneCP5_13p6TeV_amcatnlo-pythia8/MINIAODSIM/130X_mcRun3_2023_realistic_v15-v2/2530000/da8b42e6-3e10-4522-bce3-bc27e6fd5ac8.root
01-Feb-2025 17:39:55 CST  Initiating request to open file root://cmsxrootd.fnal.gov//store/mc/Run3Summer23MiniAODv4/TbarBtoLminusNuB-s-channel-4FS_TuneCP5_13p6TeV_amcatnlo-pythia8/MINIAODSIM/130X_mcRun3_2023_realistic_v15-v2/2530000/5a8a6e07-4599-4b7d-a86f-869caeeb91dc.root
01-Feb-2025 17:39:57 CST  Successfully opened file root://cmsxrootd.fnal.gov//store/mc/Run3Summer23MiniAODv4/TbarBtoLminusNuB-s-channel-4FS_TuneCP5_13p6TeV_amcatnlo-pythia8/MINIAODSIM/130X_mcRun3_2023_realistic_v15-v2/2530000/5a8a6e07-4599-4b7d-a86f-869caeeb91dc.root
01-Feb-2025 17:39:59 CST  Closed file root://cmsxrootd.fnal.gov//store/mc/Run3Summer23MiniAODv4/TbarBtoLminusNuB-s-channel-4FS_TuneCP5_13p6TeV_amcatnlo-pythia8/MINIAODSIM/130X_mcRun3_2023_realistic_v15-v2/2530000/5a8a6e07-4599-4b7d-a86f-869caeeb91dc.root
01-Feb-2025 17:39:59 CST  Initiating request to open file root://cmsxrootd.fnal.gov//store/mc/Run3Summer23MiniAODv4/TbarBtoLminusNuB-s-channel-4FS_TuneCP5_13p6TeV_amcatnlo-pythia8/MINIAODSIM/130X_mcRun3_2023_realistic_v15-v2/2530000/24f169e4-828b-45c8-9af7-a2410b060099.root
01-Feb-2025 17:40:01 CST  Successfully opened file root://cmsxrootd.fnal.gov//store/mc/Run3Summer23MiniAODv4/TbarBtoLminusNuB-s-channel-4FS_TuneCP5_13p6TeV_amcatnlo-pythia8/MINIAODSIM/130X_mcRun3_2023_realistic_v15-v2/2530000/24f169e4-828b-45c8-9af7-a2410b060099.root
01-Feb-2025 17:40:03 CST  Closed file root://cmsxrootd.fnal.gov//store/mc/Run3Summer23MiniAODv4/TbarBtoLminusNuB-s-channel-4FS_TuneCP5_13p6TeV_amcatnlo-pythia8/MINIAODSIM/130X_mcRun3_2023_realistic_v15-v2/2530000/24f169e4-828b-45c8-9af7-a2410b060099.root
01-Feb-2025 17:40:03 CST  Initiating request to open file root://cmsxrootd.fnal.gov//store/mc/Run3Summer23MiniAODv4/TbarBtoLminusNuB-s-channel-4FS_TuneCP5_13p6TeV_amcatnlo-pythia8/MINIAODSIM/130X_mcRun3_2023_realistic_v15-v2/2530000/bd932854-c56b-46ee-b08d-1396723cb9c9.root
01-Feb-2025 17:40:05 CST  Successfully opened file root://cmsxrootd.fnal.gov//store/mc/Run3Summer23MiniAODv4/TbarBtoLminusNuB-s-channel-4FS_TuneCP5_13p6TeV_amcatnlo-pythia8/MINIAODSIM/130X_mcRun3_2023_realistic_v15-v2/2530000/bd932854-c56b-46ee-b08d-1396723cb9c9.root
Begin processing the 200001st record. Run 1, Event 1108006, LumiSection 1109 on stream 0 at 01-Feb-2025 17:40:06.204 CST
01-Feb-2025 17:40:06 CST  Closed file root://cmsxrootd.fnal.gov//store/mc/Run3Summer23MiniAODv4/TbarBtoLminusNuB-s-channel-4FS_TuneCP5_13p6TeV_amcatnlo-pythia8/MINIAODSIM/130X_mcRun3_2023_realistic_v15-v2/2530000/bd932854-c56b-46ee-b08d-1396723cb9c9.root
01-Feb-2025 17:40:06 CST  Initiating request to open file root://cmsxrootd.fnal.gov//store/mc/Run3Summer23MiniAODv4/TbarBtoLminusNuB-s-channel-4FS_TuneCP5_13p6TeV_amcatnlo-pythia8/MINIAODSIM/130X_mcRun3_2023_realistic_v15-v2/2530000/dfcfe27a-6360-4224-8c11-a5283eaaf669.root
01-Feb-2025 17:40:08 CST  Successfully opened file root://cmsxrootd.fnal.gov//store/mc/Run3Summer23MiniAODv4/TbarBtoLminusNuB-s-channel-4FS_TuneCP5_13p6TeV_amcatnlo-pythia8/MINIAODSIM/130X_mcRun3_2023_realistic_v15-v2/2530000/dfcfe27a-6360-4224-8c11-a5283eaaf669.root
01-Feb-2025 17:40:09 CST  Closed file root://cmsxrootd.fnal.gov//store/mc/Run3Summer23MiniAODv4/TbarBtoLminusNuB-s-channel-4FS_TuneCP5_13p6TeV_amcatnlo-pythia8/MINIAODSIM/130X_mcRun3_2023_realistic_v15-v2/2530000/dfcfe27a-6360-4224-8c11-a5283eaaf669.root
01-Feb-2025 17:40:09 CST  Initiating request to open file root://cmsxrootd.fnal.gov//store/mc/Run3Summer23MiniAODv4/TbarBtoLminusNuB-s-channel-4FS_TuneCP5_13p6TeV_amcatnlo-pythia8/MINIAODSIM/130X_mcRun3_2023_realistic_v15-v2/2530000/dc373bd8-0eb0-47b8-9deb-e89738329c62.root
01-Feb-2025 17:40:11 CST  Successfully opened file root://cmsxrootd.fnal.gov//store/mc/Run3Summer23MiniAODv4/TbarBtoLminusNuB-s-channel-4FS_TuneCP5_13p6TeV_amcatnlo-pythia8/MINIAODSIM/130X_mcRun3_2023_realistic_v15-v2/2530000/dc373bd8-0eb0-47b8-9deb-e89738329c62.root
01-Feb-2025 17:40:12 CST  Closed file root://cmsxrootd.fnal.gov//store/mc/Run3Summer23MiniAODv4/TbarBtoLminusNuB-s-channel-4FS_TuneCP5_13p6TeV_amcatnlo-pythia8/MINIAODSIM/130X_mcRun3_2023_realistic_v15-v2/2530000/dc373bd8-0eb0-47b8-9deb-e89738329c62.root
01-Feb-2025 17:40:12 CST  Initiating request to open file root://cmsxrootd.fnal.gov//store/mc/Run3Summer23MiniAODv4/TbarBtoLminusNuB-s-channel-4FS_TuneCP5_13p6TeV_amcatnlo-pythia8/MINIAODSIM/130X_mcRun3_2023_realistic_v15-v2/2530000/387ce21a-1277-495b-b6b3-8e45ffd31b61.root
01-Feb-2025 17:40:14 CST  Successfully opened file root://cmsxrootd.fnal.gov//store/mc/Run3Summer23MiniAODv4/TbarBtoLminusNuB-s-channel-4FS_TuneCP5_13p6TeV_amcatnlo-pythia8/MINIAODSIM/130X_mcRun3_2023_realistic_v15-v2/2530000/387ce21a-1277-495b-b6b3-8e45ffd31b61.root
01-Feb-2025 17:40:16 CST  Closed file root://cmsxrootd.fnal.gov//store/mc/Run3Summer23MiniAODv4/TbarBtoLminusNuB-s-channel-4FS_TuneCP5_13p6TeV_amcatnlo-pythia8/MINIAODSIM/130X_mcRun3_2023_realistic_v15-v2/2530000/387ce21a-1277-495b-b6b3-8e45ffd31b61.root
01-Feb-2025 17:40:16 CST  Initiating request to open file root://cmsxrootd.fnal.gov//store/mc/Run3Summer23MiniAODv4/TbarBtoLminusNuB-s-channel-4FS_TuneCP5_13p6TeV_amcatnlo-pythia8/MINIAODSIM/130X_mcRun3_2023_realistic_v15-v2/2530000/70712bc9-4b67-471a-8328-531ded72025b.root
01-Feb-2025 17:40:18 CST  Successfully opened file root://cmsxrootd.fnal.gov//store/mc/Run3Summer23MiniAODv4/TbarBtoLminusNuB-s-channel-4FS_TuneCP5_13p6TeV_amcatnlo-pythia8/MINIAODSIM/130X_mcRun3_2023_realistic_v15-v2/2530000/70712bc9-4b67-471a-8328-531ded72025b.root
Begin processing the 300001st record. Run 1, Event 548007, LumiSection 549 on stream 0 at 01-Feb-2025 17:40:20.393 CST
01-Feb-2025 17:40:20 CST  Closed file root://cmsxrootd.fnal.gov//store/mc/Run3Summer23MiniAODv4/TbarBtoLminusNuB-s-channel-4FS_TuneCP5_13p6TeV_amcatnlo-pythia8/MINIAODSIM/130X_mcRun3_2023_realistic_v15-v2/2530000/70712bc9-4b67-471a-8328-531ded72025b.root
01-Feb-2025 17:40:20 CST  Initiating request to open file root://cmsxrootd.fnal.gov//store/mc/Run3Summer23MiniAODv4/TbarBtoLminusNuB-s-channel-4FS_TuneCP5_13p6TeV_amcatnlo-pythia8/MINIAODSIM/130X_mcRun3_2023_realistic_v15-v2/2530000/2189986b-ccdc-40ef-8059-66f41e6d76b2.root
01-Feb-2025 17:40:22 CST  Successfully opened file root://cmsxrootd.fnal.gov//store/mc/Run3Summer23MiniAODv4/TbarBtoLminusNuB-s-channel-4FS_TuneCP5_13p6TeV_amcatnlo-pythia8/MINIAODSIM/130X_mcRun3_2023_realistic_v15-v2/2530000/2189986b-ccdc-40ef-8059-66f41e6d76b2.root
01-Feb-2025 17:40:24 CST  Closed file root://cmsxrootd.fnal.gov//store/mc/Run3Summer23MiniAODv4/TbarBtoLminusNuB-s-channel-4FS_TuneCP5_13p6TeV_amcatnlo-pythia8/MINIAODSIM/130X_mcRun3_2023_realistic_v15-v2/2530000/2189986b-ccdc-40ef-8059-66f41e6d76b2.root
01-Feb-2025 17:40:24 CST  Initiating request to open file root://cmsxrootd.fnal.gov//store/mc/Run3Summer23MiniAODv4/TbarBtoLminusNuB-s-channel-4FS_TuneCP5_13p6TeV_amcatnlo-pythia8/MINIAODSIM/130X_mcRun3_2023_realistic_v15-v2/2530000/8df1ce71-c804-4560-a3f5-5dc5f420bc6e.root
01-Feb-2025 17:40:26 CST  Successfully opened file root://cmsxrootd.fnal.gov//store/mc/Run3Summer23MiniAODv4/TbarBtoLminusNuB-s-channel-4FS_TuneCP5_13p6TeV_amcatnlo-pythia8/MINIAODSIM/130X_mcRun3_2023_realistic_v15-v2/2530000/8df1ce71-c804-4560-a3f5-5dc5f420bc6e.root
01-Feb-2025 17:40:27 CST  Closed file root://cmsxrootd.fnal.gov//store/mc/Run3Summer23MiniAODv4/TbarBtoLminusNuB-s-channel-4FS_TuneCP5_13p6TeV_amcatnlo-pythia8/MINIAODSIM/130X_mcRun3_2023_realistic_v15-v2/2530000/8df1ce71-c804-4560-a3f5-5dc5f420bc6e.root
01-Feb-2025 17:40:27 CST  Initiating request to open file root://cmsxrootd.fnal.gov//store/mc/Run3Summer23MiniAODv4/TbarBtoLminusNuB-s-channel-4FS_TuneCP5_13p6TeV_amcatnlo-pythia8/MINIAODSIM/130X_mcRun3_2023_realistic_v15-v2/2530000/42c8c57f-6f81-4eaf-b132-891f65f43ec8.root
01-Feb-2025 17:40:30 CST  Successfully opened file root://cmsxrootd.fnal.gov//store/mc/Run3Summer23MiniAODv4/TbarBtoLminusNuB-s-channel-4FS_TuneCP5_13p6TeV_amcatnlo-pythia8/MINIAODSIM/130X_mcRun3_2023_realistic_v15-v2/2530000/42c8c57f-6f81-4eaf-b132-891f65f43ec8.root
Begin processing the 400001st record. Run 1, Event 404013, LumiSection 405 on stream 0 at 01-Feb-2025 17:40:31.210 CST
01-Feb-2025 17:40:31 CST  Closed file root://cmsxrootd.fnal.gov//store/mc/Run3Summer23MiniAODv4/TbarBtoLminusNuB-s-channel-4FS_TuneCP5_13p6TeV_amcatnlo-pythia8/MINIAODSIM/130X_mcRun3_2023_realistic_v15-v2/2530000/42c8c57f-6f81-4eaf-b132-891f65f43ec8.root
01-Feb-2025 17:40:31 CST  Initiating request to open file root://cmsxrootd.fnal.gov//store/mc/Run3Summer23MiniAODv4/TbarBtoLminusNuB-s-channel-4FS_TuneCP5_13p6TeV_amcatnlo-pythia8/MINIAODSIM/130X_mcRun3_2023_realistic_v15-v2/2530000/e1ef736f-762b-474e-a455-33fca40d8814.root
01-Feb-2025 17:40:33 CST  Successfully opened file root://cmsxrootd.fnal.gov//store/mc/Run3Summer23MiniAODv4/TbarBtoLminusNuB-s-channel-4FS_TuneCP5_13p6TeV_amcatnlo-pythia8/MINIAODSIM/130X_mcRun3_2023_realistic_v15-v2/2530000/e1ef736f-762b-474e-a455-33fca40d8814.root
01-Feb-2025 17:40:35 CST  Closed file root://cmsxrootd.fnal.gov//store/mc/Run3Summer23MiniAODv4/TbarBtoLminusNuB-s-channel-4FS_TuneCP5_13p6TeV_amcatnlo-pythia8/MINIAODSIM/130X_mcRun3_2023_realistic_v15-v2/2530000/e1ef736f-762b-474e-a455-33fca40d8814.root
01-Feb-2025 17:40:35 CST  Initiating request to open file root://cmsxrootd.fnal.gov//store/mc/Run3Summer23MiniAODv4/TbarBtoLminusNuB-s-channel-4FS_TuneCP5_13p6TeV_amcatnlo-pythia8/MINIAODSIM/130X_mcRun3_2023_realistic_v15-v2/2530000/317aa6c3-2dee-4964-9330-7007f62c8d71.root
01-Feb-2025 17:40:38 CST  Successfully opened file root://cmsxrootd.fnal.gov//store/mc/Run3Summer23MiniAODv4/TbarBtoLminusNuB-s-channel-4FS_TuneCP5_13p6TeV_amcatnlo-pythia8/MINIAODSIM/130X_mcRun3_2023_realistic_v15-v2/2530000/317aa6c3-2dee-4964-9330-7007f62c8d71.root
01-Feb-2025 17:40:39 CST  Closed file root://cmsxrootd.fnal.gov//store/mc/Run3Summer23MiniAODv4/TbarBtoLminusNuB-s-channel-4FS_TuneCP5_13p6TeV_amcatnlo-pythia8/MINIAODSIM/130X_mcRun3_2023_realistic_v15-v2/2530000/317aa6c3-2dee-4964-9330-7007f62c8d71.root
01-Feb-2025 17:40:39 CST  Initiating request to open file root://cmsxrootd.fnal.gov//store/mc/Run3Summer23MiniAODv4/TbarBtoLminusNuB-s-channel-4FS_TuneCP5_13p6TeV_amcatnlo-pythia8/MINIAODSIM/130X_mcRun3_2023_realistic_v15-v2/2530000/e02867dd-4067-46ea-a9ca-d424e1f65916.root
%MSG-w XrdAdaptorInternal:  file_open 01-Feb-2025 17:40:40 CST PostProcessEvent
Failed to open file at URL root://eos-c01.cms.rcac.purdue.edu:1102//store/mc/Run3Summer23MiniAODv4/TbarBtoLminusNuB-s-channel-4FS_TuneCP5_13p6TeV_amcatnlo-pythia8/MINIAODSIM/130X_mcRun3_2023_realistic_v15-v2/2530000/e02867dd-4067-46ea-a9ca-d424e1f65916.root?cap.msg=LZQstdodNHagq1gzAIYXamJo9xP8FMpFl28AEX3cCyIY4DZX/rqymaD06/1V9/8owV7bTScuADPENiREEDHR3/LbfGjjb24IKqsW+0PcyrX61ssUADCZocY0dQ2YElcX7Fek32S6Dxg2MbTTNYWbcz/L90Wl4SEsXKnwR/y/fZr7Xhu4yOs+O6wgwei4PBpdNnYxV0YD8iqNxfz/1UI1vG9yhvE416qxNrrUt5g6L7gYPUBQdq7qBoYx4Y7yjoPoY2PhpBWyPRSH/XIgi5jbDd+hNAZXTgN4kv/BVDgQXE1vgsPzkpiBucoUgeRphDyfJcD0Ggn6eq/AL7Or3xtGhi7INB6eY/dAdTYJ1MOGILLASz4nt0nsJVF3NN1CRPz55DdKilGf9X8k6xR1yqzaGlVv3vnlFuwOwEYpQ2ePSAdXYF9U2N2p+9Bugd0PHu+dfRsD4r7KVPBFcPUUmvHcxtSp5HzHEwQ3pwFyktDmtB31MiP8zHj7Yj+SyxdpsP8Wp5JmV+ACJwyeZBaustDyfH9mMXcU8rVguy/dMFBAWADAJ84U5Ka987Pjw1Kl5fRXqOPCAmcTb5rJhdp6qzmIyYM6OHK6JT4sW2NDM2GIf3b3GCw/BzdK646fNLCHL2e1UKQLqwCl1DZtqsRP+P74L6te38P9KsGLBwlnF/tr3aeAR1gBsVYLTFQL+2dNIwAqacsmbGz3VC37FPobJSuL83XQWNX0ugf4YUU4NmpAeB1gRj5b21l7atkYNDBMXZxHmhBFkzdexNBvB2rfuJ3AWq7LSDCfIbLd10heceMkix4gshwSi4iARZ7eL6lDRFPxcCKYp4jVEkpKb/s4Wz+jNdc+++TPsIvWvIeF8dfTLsndx9c+P7UOA0RPxEzTSDfKE/W3mh2XyUKGiHCZJ0Q1P3KNbfF6ty94&cap.sym=aszWoh0CI9mITkIE2ISvoOJzQY0=&eos.clientinfo=zbase64:MDAwMDAwNmZ4nBXIUQ6EIAxF0a24gWlA/0i6GG0fkcQRUmiMu5/h79xbG+5kgwNt61JqOh4ud57qckI5TI63gQ/PGQado1mprMi7X2P2fxeDDEbtHwmR5NvJZBdqbuogqKcYw/oDhPIm3g==&mgm.blockchecksum=ignore&mgm.id=03ac7359&mgm.logid=f2540b54-e0f5-11ef-a175-bc2411272cf6&mgm.mtime=1718049653&mgm.replicahead=0&mgm.replicaindex=0&xrdcl.requuid=8b494098-be84-4ed5-8097-a7954ba6d4bb.
%MSG
%MSG-w XrdAdaptorInternal:  file_open 01-Feb-2025 17:40:40 CST PostProcessEvent
Failed to open file at URL root://eos-c01.cms.rcac.purdue.edu:1102//store/mc/Run3Summer23MiniAODv4/TbarBtoLminusNuB-s-channel-4FS_TuneCP5_13p6TeV_amcatnlo-pythia8/MINIAODSIM/130X_mcRun3_2023_realistic_v15-v2/2530000/e02867dd-4067-46ea-a9ca-d424e1f65916.root?cap.msg=LZQstdodNHagq1gzAIYXamJo9xP8FMpFl28AEX3cCyIY4DZX/rqymaD06/1V9/8owV7bTScuADPENiREEDHR3/LbfGjjb24IKqsW+0PcyrX61ssUADCZocY0dQ2YElcX7Fek32S6Dxg2MbTTNYWbcz/L90Wl4SEsXKnwR/y/fZr7Xhu4yOs+O6wgwei4PBpdNnYxV0YD8iqNxfz/1UI1vG9yhvE416qxNrrUt5g6L7gYPUBQdq7qBoYx4Y7yjoPoY2PhpBWyPRSH/XIgi5jbDd+hNAZXTgN4kv/BVDgQXE1vgsPzkpiBucoUgeRphDyfJcD0Ggn6eq/AL7Or3xtGhi7INB6eY/dAdTYJ1MOGILLASz4nt0nsJVF3NN1CRPz55DdKilGf9X8k6xR1yqzaGlVv3vnlFuwOwEYpQ2ePSAdXYF9U2N2p+9Bugd0PHu+dfRsD4r7KVPBFcPUUmvHcxtSp5HzHEwQ3pwFyktDmtB31MiP8zHj7Yj+SyxdpsP8Wp5JmV+ACJwyeZBaustDyfH9mMXcU8rVguy/dMFBAWADAJ84U5Ka987Pjw1Kl5fRXqOPCAmcTb5rJhdp6qzmIyYM6OHK6JT4sW2NDM2GIf3b3GCw/BzdK646fNLCHL2e1UKQLqwCl1DZtqsRP+P74L6te38P9KsGLBwlnF/tr3aeAR1gBsVYLTFQL+2dNIwAqacsmbGz3VC37FPobJSuL83XQWNX0ugf4YUU4NmpAeB1gRj5b21l7atkYNDBMXZxHmhBFkzdexNBvB2rfuJ3AWq7LSDCfIbLd10heceMkix4gshwSi4iARZ7eL6lDRFPxcCKYp4jVEkpKb/s4Wz+jNdc+++TPsIvWvIeF8dfTLsndx9c+P7UOA0RPxEzTSDfKE/W3mh2XyUKGiHCZJ0Q1P3KNbfF6ty94&cap.sym=aszWoh0CI9mITkIE2ISvoOJzQY0=&eos.clientinfo=zbase64:MDAwMDAwNmZ4nB3IUQ6EIAxF0a3MBmzAT5IuRttHhmRGSKEx7l7x795TG45kgwOt4VNq2k8uR57V5QvlF8fVwLvnDINOaFYqK/LmvzH/4WKQwah9kRBJ/p1MNqHmpg6CeooxrDeDxSbb&mgm.blockchecksum=ignore&mgm.id=03ac7359&mgm.logid=f25c4206-e0f5-11ef-a175-bc2411272cf6&mgm.mtime=1718049653&mgm.replicahead=0&mgm.replicaindex=0&tried=&xrdcl.requuid=8f3eadc9-32ce-4eed-894c-c6352c798da4.
%MSG
%MSG-w RootInputFileSequence:  AfterFile 01-Feb-2025 17:40:40 CST  PostProcessEvent
Input file: root://cmsxrootd.fnal.gov//store/mc/Run3Summer23MiniAODv4/TbarBtoLminusNuB-s-channel-4FS_TuneCP5_13p6TeV_amcatnlo-pythia8/MINIAODSIM/130X_mcRun3_2023_realistic_v15-v2/2530000/e02867dd-4067-46ea-a9ca-d424e1f65916.root was not found or could not be opened, and will be skipped.

%MSG
01-Feb-2025 17:40:40 CST  Initiating request to open file root://cmsxrootd.fnal.gov//store/mc/Run3Summer23MiniAODv4/TbarBtoLminusNuB-s-channel-4FS_TuneCP5_13p6TeV_amcatnlo-pythia8/MINIAODSIM/130X_mcRun3_2023_realistic_v15-v2/2530000/95c3075b-abc4-4d80-98c6-202f553b9e71.root
01-Feb-2025 17:40:43 CST  Successfully opened file root://cmsxrootd.fnal.gov//store/mc/Run3Summer23MiniAODv4/TbarBtoLminusNuB-s-channel-4FS_TuneCP5_13p6TeV_amcatnlo-pythia8/MINIAODSIM/130X_mcRun3_2023_realistic_v15-v2/2530000/95c3075b-abc4-4d80-98c6-202f553b9e71.root
Begin processing the 500001st record. Run 1, Event 936005, LumiSection 937 on stream 0 at 01-Feb-2025 17:40:44.511 CST
01-Feb-2025 17:40:44 CST  Closed file root://cmsxrootd.fnal.gov//store/mc/Run3Summer23MiniAODv4/TbarBtoLminusNuB-s-channel-4FS_TuneCP5_13p6TeV_amcatnlo-pythia8/MINIAODSIM/130X_mcRun3_2023_realistic_v15-v2/2530000/95c3075b-abc4-4d80-98c6-202f553b9e71.root
01-Feb-2025 17:40:44 CST  Initiating request to open file root://cmsxrootd.fnal.gov//store/mc/Run3Summer23MiniAODv4/TbarBtoLminusNuB-s-channel-4FS_TuneCP5_13p6TeV_amcatnlo-pythia8/MINIAODSIM/130X_mcRun3_2023_realistic_v15-v2/2530000/b6a35059-4b47-490f-83bc-832a3a18596d.root
01-Feb-2025 17:40:46 CST  Successfully opened file root://cmsxrootd.fnal.gov//store/mc/Run3Summer23MiniAODv4/TbarBtoLminusNuB-s-channel-4FS_TuneCP5_13p6TeV_amcatnlo-pythia8/MINIAODSIM/130X_mcRun3_2023_realistic_v15-v2/2530000/b6a35059-4b47-490f-83bc-832a3a18596d.root
01-Feb-2025 17:40:48 CST  Closed file root://cmsxrootd.fnal.gov//store/mc/Run3Summer23MiniAODv4/TbarBtoLminusNuB-s-channel-4FS_TuneCP5_13p6TeV_amcatnlo-pythia8/MINIAODSIM/130X_mcRun3_2023_realistic_v15-v2/2530000/b6a35059-4b47-490f-83bc-832a3a18596d.root
01-Feb-2025 17:40:48 CST  Initiating request to open file root://cmsxrootd.fnal.gov//store/mc/Run3Summer23MiniAODv4/TbarBtoLminusNuB-s-channel-4FS_TuneCP5_13p6TeV_amcatnlo-pythia8/MINIAODSIM/130X_mcRun3_2023_realistic_v15-v2/2530000/2738f57a-5683-440b-9ad6-80b6550ea220.root
01-Feb-2025 17:40:50 CST  Successfully opened file root://cmsxrootd.fnal.gov//store/mc/Run3Summer23MiniAODv4/TbarBtoLminusNuB-s-channel-4FS_TuneCP5_13p6TeV_amcatnlo-pythia8/MINIAODSIM/130X_mcRun3_2023_realistic_v15-v2/2530000/2738f57a-5683-440b-9ad6-80b6550ea220.root
01-Feb-2025 17:40:51 CST  Closed file root://cmsxrootd.fnal.gov//store/mc/Run3Summer23MiniAODv4/TbarBtoLminusNuB-s-channel-4FS_TuneCP5_13p6TeV_amcatnlo-pythia8/MINIAODSIM/130X_mcRun3_2023_realistic_v15-v2/2530000/2738f57a-5683-440b-9ad6-80b6550ea220.root
01-Feb-2025 17:40:51 CST  Initiating request to open file root://cmsxrootd.fnal.gov//store/mc/Run3Summer23MiniAODv4/TbarBtoLminusNuB-s-channel-4FS_TuneCP5_13p6TeV_amcatnlo-pythia8/MINIAODSIM/130X_mcRun3_2023_realistic_v15-v2/2530000/eeea8a0e-b8b1-43e8-9147-770e618c87a3.root
01-Feb-2025 17:40:53 CST  Successfully opened file root://cmsxrootd.fnal.gov//store/mc/Run3Summer23MiniAODv4/TbarBtoLminusNuB-s-channel-4FS_TuneCP5_13p6TeV_amcatnlo-pythia8/MINIAODSIM/130X_mcRun3_2023_realistic_v15-v2/2530000/eeea8a0e-b8b1-43e8-9147-770e618c87a3.root
01-Feb-2025 17:40:54 CST  Closed file root://cmsxrootd.fnal.gov//store/mc/Run3Summer23MiniAODv4/TbarBtoLminusNuB-s-channel-4FS_TuneCP5_13p6TeV_amcatnlo-pythia8/MINIAODSIM/130X_mcRun3_2023_realistic_v15-v2/2530000/eeea8a0e-b8b1-43e8-9147-770e618c87a3.root
01-Feb-2025 17:40:54 CST  Initiating request to open file root://cmsxrootd.fnal.gov//store/mc/Run3Summer23MiniAODv4/TbarBtoLminusNuB-s-channel-4FS_TuneCP5_13p6TeV_amcatnlo-pythia8/MINIAODSIM/130X_mcRun3_2023_realistic_v15-v2/2530000/61a596e5-949c-4350-95f0-dbc8a0f738e0.root
01-Feb-2025 17:40:57 CST  Successfully opened file root://cmsxrootd.fnal.gov//store/mc/Run3Summer23MiniAODv4/TbarBtoLminusNuB-s-channel-4FS_TuneCP5_13p6TeV_amcatnlo-pythia8/MINIAODSIM/130X_mcRun3_2023_realistic_v15-v2/2530000/61a596e5-949c-4350-95f0-dbc8a0f738e0.root
01-Feb-2025 17:40:57 CST  Closed file root://cmsxrootd.fnal.gov//store/mc/Run3Summer23MiniAODv4/TbarBtoLminusNuB-s-channel-4FS_TuneCP5_13p6TeV_amcatnlo-pythia8/MINIAODSIM/130X_mcRun3_2023_realistic_v15-v2/2530000/61a596e5-949c-4350-95f0-dbc8a0f738e0.root
01-Feb-2025 17:40:57 CST  Initiating request to open file root://cmsxrootd.fnal.gov//store/mc/Run3Summer23MiniAODv4/TbarBtoLminusNuB-s-channel-4FS_TuneCP5_13p6TeV_amcatnlo-pythia8/MINIAODSIM/130X_mcRun3_2023_realistic_v15-v2/2530000/79428817-2db0-46dd-b43a-d0e471d7b0e3.root
01-Feb-2025 17:41:00 CST  Successfully opened file root://cmsxrootd.fnal.gov//store/mc/Run3Summer23MiniAODv4/TbarBtoLminusNuB-s-channel-4FS_TuneCP5_13p6TeV_amcatnlo-pythia8/MINIAODSIM/130X_mcRun3_2023_realistic_v15-v2/2530000/79428817-2db0-46dd-b43a-d0e471d7b0e3.root
Begin processing the 600001st record. Run 1, Event 276001, LumiSection 277 on stream 0 at 01-Feb-2025 17:41:01.290 CST
01-Feb-2025 17:41:01 CST  Closed file root://cmsxrootd.fnal.gov//store/mc/Run3Summer23MiniAODv4/TbarBtoLminusNuB-s-channel-4FS_TuneCP5_13p6TeV_amcatnlo-pythia8/MINIAODSIM/130X_mcRun3_2023_realistic_v15-v2/2530000/79428817-2db0-46dd-b43a-d0e471d7b0e3.root
01-Feb-2025 17:41:01 CST  Initiating request to open file root://cmsxrootd.fnal.gov//store/mc/Run3Summer23MiniAODv4/TbarBtoLminusNuB-s-channel-4FS_TuneCP5_13p6TeV_amcatnlo-pythia8/MINIAODSIM/130X_mcRun3_2023_realistic_v15-v2/2530000/ac44d461-dea8-44d5-a427-7ebef73692b7.root
01-Feb-2025 17:41:03 CST  Successfully opened file root://cmsxrootd.fnal.gov//store/mc/Run3Summer23MiniAODv4/TbarBtoLminusNuB-s-channel-4FS_TuneCP5_13p6TeV_amcatnlo-pythia8/MINIAODSIM/130X_mcRun3_2023_realistic_v15-v2/2530000/ac44d461-dea8-44d5-a427-7ebef73692b7.root
01-Feb-2025 17:41:05 CST  Closed file root://cmsxrootd.fnal.gov//store/mc/Run3Summer23MiniAODv4/TbarBtoLminusNuB-s-channel-4FS_TuneCP5_13p6TeV_amcatnlo-pythia8/MINIAODSIM/130X_mcRun3_2023_realistic_v15-v2/2530000/ac44d461-dea8-44d5-a427-7ebef73692b7.root
01-Feb-2025 17:41:05 CST  Initiating request to open file root://cmsxrootd.fnal.gov//store/mc/Run3Summer23MiniAODv4/TbarBtoLminusNuB-s-channel-4FS_TuneCP5_13p6TeV_amcatnlo-pythia8/MINIAODSIM/130X_mcRun3_2023_realistic_v15-v2/2530000/64d1d29d-6824-4b1c-8495-168791fbb8e6.root
01-Feb-2025 17:41:07 CST  Successfully opened file root://cmsxrootd.fnal.gov//store/mc/Run3Summer23MiniAODv4/TbarBtoLminusNuB-s-channel-4FS_TuneCP5_13p6TeV_amcatnlo-pythia8/MINIAODSIM/130X_mcRun3_2023_realistic_v15-v2/2530000/64d1d29d-6824-4b1c-8495-168791fbb8e6.root
01-Feb-2025 17:41:08 CST  Closed file root://cmsxrootd.fnal.gov//store/mc/Run3Summer23MiniAODv4/TbarBtoLminusNuB-s-channel-4FS_TuneCP5_13p6TeV_amcatnlo-pythia8/MINIAODSIM/130X_mcRun3_2023_realistic_v15-v2/2530000/64d1d29d-6824-4b1c-8495-168791fbb8e6.root
01-Feb-2025 17:41:08 CST  Initiating request to open file root://cmsxrootd.fnal.gov//store/mc/Run3Summer23MiniAODv4/TbarBtoLminusNuB-s-channel-4FS_TuneCP5_13p6TeV_amcatnlo-pythia8/MINIAODSIM/130X_mcRun3_2023_realistic_v15-v2/2530000/cc506165-8ebf-4d49-8ea7-35fdc3ffd677.root
01-Feb-2025 17:41:11 CST  Successfully opened file root://cmsxrootd.fnal.gov//store/mc/Run3Summer23MiniAODv4/TbarBtoLminusNuB-s-channel-4FS_TuneCP5_13p6TeV_amcatnlo-pythia8/MINIAODSIM/130X_mcRun3_2023_realistic_v15-v2/2530000/cc506165-8ebf-4d49-8ea7-35fdc3ffd677.root
Begin processing the 700001st record. Run 1, Event 1396013, LumiSection 1397 on stream 0 at 01-Feb-2025 17:41:12.393 CST
01-Feb-2025 17:41:12 CST  Closed file root://cmsxrootd.fnal.gov//store/mc/Run3Summer23MiniAODv4/TbarBtoLminusNuB-s-channel-4FS_TuneCP5_13p6TeV_amcatnlo-pythia8/MINIAODSIM/130X_mcRun3_2023_realistic_v15-v2/2530000/cc506165-8ebf-4d49-8ea7-35fdc3ffd677.root
01-Feb-2025 17:41:12 CST  Initiating request to open file root://cmsxrootd.fnal.gov//store/mc/Run3Summer23MiniAODv4/TbarBtoLminusNuB-s-channel-4FS_TuneCP5_13p6TeV_amcatnlo-pythia8/MINIAODSIM/130X_mcRun3_2023_realistic_v15-v2/2530000/a2bd2834-349d-4304-82ac-5c22555983c2.root
01-Feb-2025 17:41:14 CST  Successfully opened file root://cmsxrootd.fnal.gov//store/mc/Run3Summer23MiniAODv4/TbarBtoLminusNuB-s-channel-4FS_TuneCP5_13p6TeV_amcatnlo-pythia8/MINIAODSIM/130X_mcRun3_2023_realistic_v15-v2/2530000/a2bd2834-349d-4304-82ac-5c22555983c2.root
01-Feb-2025 17:41:15 CST  Closed file root://cmsxrootd.fnal.gov//store/mc/Run3Summer23MiniAODv4/TbarBtoLminusNuB-s-channel-4FS_TuneCP5_13p6TeV_amcatnlo-pythia8/MINIAODSIM/130X_mcRun3_2023_realistic_v15-v2/2530000/a2bd2834-349d-4304-82ac-5c22555983c2.root
01-Feb-2025 17:41:15 CST  Initiating request to open file root://cmsxrootd.fnal.gov//store/mc/Run3Summer23MiniAODv4/TbarBtoLminusNuB-s-channel-4FS_TuneCP5_13p6TeV_amcatnlo-pythia8/MINIAODSIM/130X_mcRun3_2023_realistic_v15-v2/2530000/2e991d0f-d138-4fb1-a0cc-89794ee89305.root
01-Feb-2025 17:41:18 CST  Successfully opened file root://cmsxrootd.fnal.gov//store/mc/Run3Summer23MiniAODv4/TbarBtoLminusNuB-s-channel-4FS_TuneCP5_13p6TeV_amcatnlo-pythia8/MINIAODSIM/130X_mcRun3_2023_realistic_v15-v2/2530000/2e991d0f-d138-4fb1-a0cc-89794ee89305.root
01-Feb-2025 17:41:19 CST  Closed file root://cmsxrootd.fnal.gov//store/mc/Run3Summer23MiniAODv4/TbarBtoLminusNuB-s-channel-4FS_TuneCP5_13p6TeV_amcatnlo-pythia8/MINIAODSIM/130X_mcRun3_2023_realistic_v15-v2/2530000/2e991d0f-d138-4fb1-a0cc-89794ee89305.root
01-Feb-2025 17:41:19 CST  Initiating request to open file root://cmsxrootd.fnal.gov//store/mc/Run3Summer23MiniAODv4/TbarBtoLminusNuB-s-channel-4FS_TuneCP5_13p6TeV_amcatnlo-pythia8/MINIAODSIM/130X_mcRun3_2023_realistic_v15-v2/2530000/e3904723-b140-461b-9a79-af8fa34a3a40.root
01-Feb-2025 17:41:22 CST  Successfully opened file root://cmsxrootd.fnal.gov//store/mc/Run3Summer23MiniAODv4/TbarBtoLminusNuB-s-channel-4FS_TuneCP5_13p6TeV_amcatnlo-pythia8/MINIAODSIM/130X_mcRun3_2023_realistic_v15-v2/2530000/e3904723-b140-461b-9a79-af8fa34a3a40.root
01-Feb-2025 17:41:24 CST  Closed file root://cmsxrootd.fnal.gov//store/mc/Run3Summer23MiniAODv4/TbarBtoLminusNuB-s-channel-4FS_TuneCP5_13p6TeV_amcatnlo-pythia8/MINIAODSIM/130X_mcRun3_2023_realistic_v15-v2/2530000/e3904723-b140-461b-9a79-af8fa34a3a40.root
01-Feb-2025 17:41:24 CST  Initiating request to open file root://cmsxrootd.fnal.gov//store/mc/Run3Summer23MiniAODv4/TbarBtoLminusNuB-s-channel-4FS_TuneCP5_13p6TeV_amcatnlo-pythia8/MINIAODSIM/130X_mcRun3_2023_realistic_v15-v2/2530000/a72125d5-ee30-4f07-b872-5e2158daefa0.root
01-Feb-2025 17:41:27 CST  Successfully opened file root://cmsxrootd.fnal.gov//store/mc/Run3Summer23MiniAODv4/TbarBtoLminusNuB-s-channel-4FS_TuneCP5_13p6TeV_amcatnlo-pythia8/MINIAODSIM/130X_mcRun3_2023_realistic_v15-v2/2530000/a72125d5-ee30-4f07-b872-5e2158daefa0.root
Begin processing the 800001st record. Run 1, Event 1048001, LumiSection 1049 on stream 0 at 01-Feb-2025 17:41:28.403 CST
01-Feb-2025 17:41:28 CST  Closed file root://cmsxrootd.fnal.gov//store/mc/Run3Summer23MiniAODv4/TbarBtoLminusNuB-s-channel-4FS_TuneCP5_13p6TeV_amcatnlo-pythia8/MINIAODSIM/130X_mcRun3_2023_realistic_v15-v2/2530000/a72125d5-ee30-4f07-b872-5e2158daefa0.root
01-Feb-2025 17:41:28 CST  Initiating request to open file root://cmsxrootd.fnal.gov//store/mc/Run3Summer23MiniAODv4/TbarBtoLminusNuB-s-channel-4FS_TuneCP5_13p6TeV_amcatnlo-pythia8/MINIAODSIM/130X_mcRun3_2023_realistic_v15-v2/2530000/891849fb-7bdf-49d0-aaf0-457b46f3f0f0.root
01-Feb-2025 17:41:30 CST  Successfully opened file root://cmsxrootd.fnal.gov//store/mc/Run3Summer23MiniAODv4/TbarBtoLminusNuB-s-channel-4FS_TuneCP5_13p6TeV_amcatnlo-pythia8/MINIAODSIM/130X_mcRun3_2023_realistic_v15-v2/2530000/891849fb-7bdf-49d0-aaf0-457b46f3f0f0.root
01-Feb-2025 17:41:32 CST  Closed file root://cmsxrootd.fnal.gov//store/mc/Run3Summer23MiniAODv4/TbarBtoLminusNuB-s-channel-4FS_TuneCP5_13p6TeV_amcatnlo-pythia8/MINIAODSIM/130X_mcRun3_2023_realistic_v15-v2/2530000/891849fb-7bdf-49d0-aaf0-457b46f3f0f0.root
01-Feb-2025 17:41:32 CST  Initiating request to open file root://cmsxrootd.fnal.gov//store/mc/Run3Summer23MiniAODv4/TbarBtoLminusNuB-s-channel-4FS_TuneCP5_13p6TeV_amcatnlo-pythia8/MINIAODSIM/130X_mcRun3_2023_realistic_v15-v2/2530000/9360c9aa-9c7c-46de-b578-9b15bfce6557.root
01-Feb-2025 17:41:34 CST  Successfully opened file root://cmsxrootd.fnal.gov//store/mc/Run3Summer23MiniAODv4/TbarBtoLminusNuB-s-channel-4FS_TuneCP5_13p6TeV_amcatnlo-pythia8/MINIAODSIM/130X_mcRun3_2023_realistic_v15-v2/2530000/9360c9aa-9c7c-46de-b578-9b15bfce6557.root
01-Feb-2025 17:41:37 CST  Closed file root://cmsxrootd.fnal.gov//store/mc/Run3Summer23MiniAODv4/TbarBtoLminusNuB-s-channel-4FS_TuneCP5_13p6TeV_amcatnlo-pythia8/MINIAODSIM/130X_mcRun3_2023_realistic_v15-v2/2530000/9360c9aa-9c7c-46de-b578-9b15bfce6557.root
01-Feb-2025 17:41:37 CST  Initiating request to open file root://cmsxrootd.fnal.gov//store/mc/Run3Summer23MiniAODv4/TbarBtoLminusNuB-s-channel-4FS_TuneCP5_13p6TeV_amcatnlo-pythia8/MINIAODSIM/130X_mcRun3_2023_realistic_v15-v2/2530000/dc4e98e3-49aa-4b76-b681-8cef0b97e9d5.root
01-Feb-2025 17:41:39 CST  Successfully opened file root://cmsxrootd.fnal.gov//store/mc/Run3Summer23MiniAODv4/TbarBtoLminusNuB-s-channel-4FS_TuneCP5_13p6TeV_amcatnlo-pythia8/MINIAODSIM/130X_mcRun3_2023_realistic_v15-v2/2530000/dc4e98e3-49aa-4b76-b681-8cef0b97e9d5.root
Begin processing the 900001st record. Run 1, Event 876001, LumiSection 877 on stream 0 at 01-Feb-2025 17:41:40.907 CST
01-Feb-2025 17:41:41 CST  Closed file root://cmsxrootd.fnal.gov//store/mc/Run3Summer23MiniAODv4/TbarBtoLminusNuB-s-channel-4FS_TuneCP5_13p6TeV_amcatnlo-pythia8/MINIAODSIM/130X_mcRun3_2023_realistic_v15-v2/2530000/dc4e98e3-49aa-4b76-b681-8cef0b97e9d5.root
01-Feb-2025 17:41:41 CST  Initiating request to open file root://cmsxrootd.fnal.gov//store/mc/Run3Summer23MiniAODv4/TbarBtoLminusNuB-s-channel-4FS_TuneCP5_13p6TeV_amcatnlo-pythia8/MINIAODSIM/130X_mcRun3_2023_realistic_v15-v2/2530000/547df4fb-6a74-4c33-ae1b-ffd8012a1ef2.root
01-Feb-2025 17:41:43 CST  Successfully opened file root://cmsxrootd.fnal.gov//store/mc/Run3Summer23MiniAODv4/TbarBtoLminusNuB-s-channel-4FS_TuneCP5_13p6TeV_amcatnlo-pythia8/MINIAODSIM/130X_mcRun3_2023_realistic_v15-v2/2530000/547df4fb-6a74-4c33-ae1b-ffd8012a1ef2.root
01-Feb-2025 17:41:44 CST  Closed file root://cmsxrootd.fnal.gov//store/mc/Run3Summer23MiniAODv4/TbarBtoLminusNuB-s-channel-4FS_TuneCP5_13p6TeV_amcatnlo-pythia8/MINIAODSIM/130X_mcRun3_2023_realistic_v15-v2/2530000/547df4fb-6a74-4c33-ae1b-ffd8012a1ef2.root
01-Feb-2025 17:41:44 CST  Initiating request to open file root://cmsxrootd.fnal.gov//store/mc/Run3Summer23MiniAODv4/TbarBtoLminusNuB-s-channel-4FS_TuneCP5_13p6TeV_amcatnlo-pythia8/MINIAODSIM/130X_mcRun3_2023_realistic_v15-v2/2530000/4c12de05-30ea-48d5-bb2f-393b6167a6f2.root
01-Feb-2025 17:41:46 CST  Successfully opened file root://cmsxrootd.fnal.gov//store/mc/Run3Summer23MiniAODv4/TbarBtoLminusNuB-s-channel-4FS_TuneCP5_13p6TeV_amcatnlo-pythia8/MINIAODSIM/130X_mcRun3_2023_realistic_v15-v2/2530000/4c12de05-30ea-48d5-bb2f-393b6167a6f2.root
01-Feb-2025 17:41:47 CST  Closed file root://cmsxrootd.fnal.gov//store/mc/Run3Summer23MiniAODv4/TbarBtoLminusNuB-s-channel-4FS_TuneCP5_13p6TeV_amcatnlo-pythia8/MINIAODSIM/130X_mcRun3_2023_realistic_v15-v2/2530000/4c12de05-30ea-48d5-bb2f-393b6167a6f2.root
01-Feb-2025 17:41:47 CST  Initiating request to open file root://cmsxrootd.fnal.gov//store/mc/Run3Summer23MiniAODv4/TbarBtoLminusNuB-s-channel-4FS_TuneCP5_13p6TeV_amcatnlo-pythia8/MINIAODSIM/130X_mcRun3_2023_realistic_v15-v2/2530000/50a8d584-9b8c-49b6-b585-a0eeb83c5181.root
01-Feb-2025 17:41:49 CST  Successfully opened file root://cmsxrootd.fnal.gov//store/mc/Run3Summer23MiniAODv4/TbarBtoLminusNuB-s-channel-4FS_TuneCP5_13p6TeV_amcatnlo-pythia8/MINIAODSIM/130X_mcRun3_2023_realistic_v15-v2/2530000/50a8d584-9b8c-49b6-b585-a0eeb83c5181.root
01-Feb-2025 17:41:50 CST  Closed file root://cmsxrootd.fnal.gov//store/mc/Run3Summer23MiniAODv4/TbarBtoLminusNuB-s-channel-4FS_TuneCP5_13p6TeV_amcatnlo-pythia8/MINIAODSIM/130X_mcRun3_2023_realistic_v15-v2/2530000/50a8d584-9b8c-49b6-b585-a0eeb83c5181.root
01-Feb-2025 17:41:50 CST  Initiating request to open file root://cmsxrootd.fnal.gov//store/mc/Run3Summer23MiniAODv4/TbarBtoLminusNuB-s-channel-4FS_TuneCP5_13p6TeV_amcatnlo-pythia8/MINIAODSIM/130X_mcRun3_2023_realistic_v15-v2/2530000/2e343ef2-cd00-46dc-bb28-7b491766fd77.root
01-Feb-2025 17:41:52 CST  Successfully opened file root://cmsxrootd.fnal.gov//store/mc/Run3Summer23MiniAODv4/TbarBtoLminusNuB-s-channel-4FS_TuneCP5_13p6TeV_amcatnlo-pythia8/MINIAODSIM/130X_mcRun3_2023_realistic_v15-v2/2530000/2e343ef2-cd00-46dc-bb28-7b491766fd77.root
01-Feb-2025 17:41:53 CST  Closed file root://cmsxrootd.fnal.gov//store/mc/Run3Summer23MiniAODv4/TbarBtoLminusNuB-s-channel-4FS_TuneCP5_13p6TeV_amcatnlo-pythia8/MINIAODSIM/130X_mcRun3_2023_realistic_v15-v2/2530000/2e343ef2-cd00-46dc-bb28-7b491766fd77.root
01-Feb-2025 17:41:53 CST  Initiating request to open file root://cmsxrootd.fnal.gov//store/mc/Run3Summer23MiniAODv4/TbarBtoLminusNuB-s-channel-4FS_TuneCP5_13p6TeV_amcatnlo-pythia8/MINIAODSIM/130X_mcRun3_2023_realistic_v15-v2/2530000/a06738c2-931a-4da3-8de5-ef67e0f37473.root
01-Feb-2025 17:41:55 CST  Successfully opened file root://cmsxrootd.fnal.gov//store/mc/Run3Summer23MiniAODv4/TbarBtoLminusNuB-s-channel-4FS_TuneCP5_13p6TeV_amcatnlo-pythia8/MINIAODSIM/130X_mcRun3_2023_realistic_v15-v2/2530000/a06738c2-931a-4da3-8de5-ef67e0f37473.root
01-Feb-2025 17:41:56 CST  Closed file root://cmsxrootd.fnal.gov//store/mc/Run3Summer23MiniAODv4/TbarBtoLminusNuB-s-channel-4FS_TuneCP5_13p6TeV_amcatnlo-pythia8/MINIAODSIM/130X_mcRun3_2023_realistic_v15-v2/2530000/a06738c2-931a-4da3-8de5-ef67e0f37473.root
01-Feb-2025 17:41:56 CST  Initiating request to open file root://cmsxrootd.fnal.gov//store/mc/Run3Summer23MiniAODv4/TbarBtoLminusNuB-s-channel-4FS_TuneCP5_13p6TeV_amcatnlo-pythia8/MINIAODSIM/130X_mcRun3_2023_realistic_v15-v2/2530000/d71f52a8-d18c-4fd1-833a-6e7c0b76debe.root
01-Feb-2025 17:41:58 CST  Successfully opened file root://cmsxrootd.fnal.gov//store/mc/Run3Summer23MiniAODv4/TbarBtoLminusNuB-s-channel-4FS_TuneCP5_13p6TeV_amcatnlo-pythia8/MINIAODSIM/130X_mcRun3_2023_realistic_v15-v2/2530000/d71f52a8-d18c-4fd1-833a-6e7c0b76debe.root
01-Feb-2025 17:41:59 CST  Closed file root://cmsxrootd.fnal.gov//store/mc/Run3Summer23MiniAODv4/TbarBtoLminusNuB-s-channel-4FS_TuneCP5_13p6TeV_amcatnlo-pythia8/MINIAODSIM/130X_mcRun3_2023_realistic_v15-v2/2530000/d71f52a8-d18c-4fd1-833a-6e7c0b76debe.root
01-Feb-2025 17:41:59 CST  Initiating request to open file root://cmsxrootd.fnal.gov//store/mc/Run3Summer23MiniAODv4/TbarBtoLminusNuB-s-channel-4FS_TuneCP5_13p6TeV_amcatnlo-pythia8/MINIAODSIM/130X_mcRun3_2023_realistic_v15-v2/2530000/e8d2509c-647f-4b6a-b936-c5df33e2d3de.root
01-Feb-2025 17:42:01 CST  Successfully opened file root://cmsxrootd.fnal.gov//store/mc/Run3Summer23MiniAODv4/TbarBtoLminusNuB-s-channel-4FS_TuneCP5_13p6TeV_amcatnlo-pythia8/MINIAODSIM/130X_mcRun3_2023_realistic_v15-v2/2530000/e8d2509c-647f-4b6a-b936-c5df33e2d3de.root
      1.430219      0.002142      2.319564             0
 
01-Feb-2025 17:42:03 CST  Closed file root://cmsxrootd.fnal.gov//store/mc/Run3Summer23MiniAODv4/TbarBtoLminusNuB-s-channel-4FS_TuneCP5_13p6TeV_amcatnlo-pythia8/MINIAODSIM/130X_mcRun3_2023_realistic_v15-v2/2530000/e8d2509c-647f-4b6a-b936-c5df33e2d3de.root

------------------------------------
GenXsecAnalyzer:
------------------------------------
-------------------------------------------------------------------------------------------------------------------------------------------------------------------------- 
Overall cross-section summary 
--------------------------------------------------------------------------------------------------------------------------------------------------------------------------
Process		xsec_before [pb]		passed	nposw	nnegw	tried	nposw	nnegw 	xsec_match [pb]			accepted [%]	 event_eff [%]
0		1.430e+00 +/- 6.024e-05		1000000	808009	191991	1000000	808009	191991	1.430e+00 +/- 6.024e-05		100.0 +/- 0.0	100.0 +/- 0.0
-------------------------------------------------------------------------------------------------------------------------------------------------------------------------- 
Total		1.430e+00 +/- 6.024e-05		1000000	808009	191991	1000000	808009	191991	1.430e+00 +/- 6.024e-05		100.0 +/- 0.0	100.0 +/- 0.0
--------------------------------------------------------------------------------------------------------------------------------------------------------------------------
Before matching: total cross section = 1.430e+00 +- 6.024e-05 pb
After matching: total cross section = 1.430e+00 +- 6.024e-05 pb
Matching efficiency = 1.0 +/- 0.0   [TO BE USED IN MCM]
Filter efficiency (taking into account weights)= (1.42889e+06) / (1.42889e+06) = 1.000e+00 +- 0.000e+00
Filter efficiency (event-level)= (1e+06) / (1e+06) = 1.000e+00 +- 0.000e+00    [TO BE USED IN MCM]

After filter: final cross section = 1.430e+00 +- 6.024e-05 pb
After filter: final fraction of events with negative weights = 1.920e-01 +- 3.314e-05
After filter: final equivalent lumi for 1M events (1/fb) = 2.653e+02 +- 1.673e-01
