01-Feb-2025 17:18:38 CST  Initiating request to open file root://cmsxrootd.fnal.gov//store/mc/Run3Summer23MiniAODv4/TQbartoLNu-t-channel_TuneCP5_13p6TeV_powheg-pythia8/MINIAODSIM/130X_mcRun3_2023_realistic_v15-v2/130000/3e078c0e-e826-4db9-8e41-9784c5bda0af.root
01-Feb-2025 17:18:43 CST  Successfully opened file root://cmsxrootd.fnal.gov//store/mc/Run3Summer23MiniAODv4/TQbartoLNu-t-channel_TuneCP5_13p6TeV_powheg-pythia8/MINIAODSIM/130X_mcRun3_2023_realistic_v15-v2/130000/3e078c0e-e826-4db9-8e41-9784c5bda0af.root
Begin processing the 1st record. Run 1, Event 9010, LumiSection 10 on stream 0 at 01-Feb-2025 17:18:46.505 CST
01-Feb-2025 17:18:46 CST  Closed file root://cmsxrootd.fnal.gov//store/mc/Run3Summer23MiniAODv4/TQbartoLNu-t-channel_TuneCP5_13p6TeV_powheg-pythia8/MINIAODSIM/130X_mcRun3_2023_realistic_v15-v2/130000/3e078c0e-e826-4db9-8e41-9784c5bda0af.root
01-Feb-2025 17:18:46 CST  Initiating request to open file root://cmsxrootd.fnal.gov//store/mc/Run3Summer23MiniAODv4/TQbartoLNu-t-channel_TuneCP5_13p6TeV_powheg-pythia8/MINIAODSIM/130X_mcRun3_2023_realistic_v15-v2/130000/91764170-4977-4803-8fcf-efff4417ca17.root
01-Feb-2025 17:18:49 CST  Successfully opened file root://cmsxrootd.fnal.gov//store/mc/Run3Summer23MiniAODv4/TQbartoLNu-t-channel_TuneCP5_13p6TeV_powheg-pythia8/MINIAODSIM/130X_mcRun3_2023_realistic_v15-v2/130000/91764170-4977-4803-8fcf-efff4417ca17.root
01-Feb-2025 17:18:53 CST  Closed file root://cmsxrootd.fnal.gov//store/mc/Run3Summer23MiniAODv4/TQbartoLNu-t-channel_TuneCP5_13p6TeV_powheg-pythia8/MINIAODSIM/130X_mcRun3_2023_realistic_v15-v2/130000/91764170-4977-4803-8fcf-efff4417ca17.root
01-Feb-2025 17:18:53 CST  Initiating request to open file root://cmsxrootd.fnal.gov//store/mc/Run3Summer23MiniAODv4/TQbartoLNu-t-channel_TuneCP5_13p6TeV_powheg-pythia8/MINIAODSIM/130X_mcRun3_2023_realistic_v15-v2/130000/ea132f02-e6ed-43c5-9b0c-e3c2aa73f6a5.root
01-Feb-2025 17:18:56 CST  Successfully opened file root://cmsxrootd.fnal.gov//store/mc/Run3Summer23MiniAODv4/TQbartoLNu-t-channel_TuneCP5_13p6TeV_powheg-pythia8/MINIAODSIM/130X_mcRun3_2023_realistic_v15-v2/130000/ea132f02-e6ed-43c5-9b0c-e3c2aa73f6a5.root
Begin processing the 100001st record. Run 1, Event 11476002, LumiSection 11477 on stream 0 at 01-Feb-2025 17:19:00.809 CST
01-Feb-2025 17:19:00 CST  Closed file root://cmsxrootd.fnal.gov//store/mc/Run3Summer23MiniAODv4/TQbartoLNu-t-channel_TuneCP5_13p6TeV_powheg-pythia8/MINIAODSIM/130X_mcRun3_2023_realistic_v15-v2/130000/ea132f02-e6ed-43c5-9b0c-e3c2aa73f6a5.root
01-Feb-2025 17:19:00 CST  Initiating request to open file root://cmsxrootd.fnal.gov//store/mc/Run3Summer23MiniAODv4/TQbartoLNu-t-channel_TuneCP5_13p6TeV_powheg-pythia8/MINIAODSIM/130X_mcRun3_2023_realistic_v15-v2/130000/f0326875-b0d3-4c37-b477-c91d0ac95912.root
01-Feb-2025 17:19:03 CST  Successfully opened file root://cmsxrootd.fnal.gov//store/mc/Run3Summer23MiniAODv4/TQbartoLNu-t-channel_TuneCP5_13p6TeV_powheg-pythia8/MINIAODSIM/130X_mcRun3_2023_realistic_v15-v2/130000/f0326875-b0d3-4c37-b477-c91d0ac95912.root
01-Feb-2025 17:19:08 CST  Closed file root://cmsxrootd.fnal.gov//store/mc/Run3Summer23MiniAODv4/TQbartoLNu-t-channel_TuneCP5_13p6TeV_powheg-pythia8/MINIAODSIM/130X_mcRun3_2023_realistic_v15-v2/130000/f0326875-b0d3-4c37-b477-c91d0ac95912.root
01-Feb-2025 17:19:08 CST  Initiating request to open file root://cmsxrootd.fnal.gov//store/mc/Run3Summer23MiniAODv4/TQbartoLNu-t-channel_TuneCP5_13p6TeV_powheg-pythia8/MINIAODSIM/130X_mcRun3_2023_realistic_v15-v2/130000/d01296eb-a852-4219-828a-f34125648864.root
01-Feb-2025 17:19:11 CST  Successfully opened file root://cmsxrootd.fnal.gov//store/mc/Run3Summer23MiniAODv4/TQbartoLNu-t-channel_TuneCP5_13p6TeV_powheg-pythia8/MINIAODSIM/130X_mcRun3_2023_realistic_v15-v2/130000/d01296eb-a852-4219-828a-f34125648864.root
01-Feb-2025 17:19:15 CST  Closed file root://cmsxrootd.fnal.gov//store/mc/Run3Summer23MiniAODv4/TQbartoLNu-t-channel_TuneCP5_13p6TeV_powheg-pythia8/MINIAODSIM/130X_mcRun3_2023_realistic_v15-v2/130000/d01296eb-a852-4219-828a-f34125648864.root
01-Feb-2025 17:19:15 CST  Initiating request to open file root://cmsxrootd.fnal.gov//store/mc/Run3Summer23MiniAODv4/TQbartoLNu-t-channel_TuneCP5_13p6TeV_powheg-pythia8/MINIAODSIM/130X_mcRun3_2023_realistic_v15-v2/130000/d864530e-7ee4-4e9b-8ead-28d74440320e.root
01-Feb-2025 17:19:18 CST  Successfully opened file root://cmsxrootd.fnal.gov//store/mc/Run3Summer23MiniAODv4/TQbartoLNu-t-channel_TuneCP5_13p6TeV_powheg-pythia8/MINIAODSIM/130X_mcRun3_2023_realistic_v15-v2/130000/d864530e-7ee4-4e9b-8ead-28d74440320e.root
Begin processing the 200001st record. Run 1, Event 89006, LumiSection 90 on stream 0 at 01-Feb-2025 17:19:22.037 CST
01-Feb-2025 17:19:22 CST  Closed file root://cmsxrootd.fnal.gov//store/mc/Run3Summer23MiniAODv4/TQbartoLNu-t-channel_TuneCP5_13p6TeV_powheg-pythia8/MINIAODSIM/130X_mcRun3_2023_realistic_v15-v2/130000/d864530e-7ee4-4e9b-8ead-28d74440320e.root
01-Feb-2025 17:19:22 CST  Initiating request to open file root://cmsxrootd.fnal.gov//store/mc/Run3Summer23MiniAODv4/TQbartoLNu-t-channel_TuneCP5_13p6TeV_powheg-pythia8/MINIAODSIM/130X_mcRun3_2023_realistic_v15-v2/130000/32c4e54e-5054-42fe-8bad-98d825b5958d.root
01-Feb-2025 17:19:25 CST  Successfully opened file root://cmsxrootd.fnal.gov//store/mc/Run3Summer23MiniAODv4/TQbartoLNu-t-channel_TuneCP5_13p6TeV_powheg-pythia8/MINIAODSIM/130X_mcRun3_2023_realistic_v15-v2/130000/32c4e54e-5054-42fe-8bad-98d825b5958d.root
01-Feb-2025 17:19:29 CST  Closed file root://cmsxrootd.fnal.gov//store/mc/Run3Summer23MiniAODv4/TQbartoLNu-t-channel_TuneCP5_13p6TeV_powheg-pythia8/MINIAODSIM/130X_mcRun3_2023_realistic_v15-v2/130000/32c4e54e-5054-42fe-8bad-98d825b5958d.root
01-Feb-2025 17:19:29 CST  Initiating request to open file root://cmsxrootd.fnal.gov//store/mc/Run3Summer23MiniAODv4/TQbartoLNu-t-channel_TuneCP5_13p6TeV_powheg-pythia8/MINIAODSIM/130X_mcRun3_2023_realistic_v15-v2/130000/093f5aa0-cbc9-482d-a3fa-62381fc3be37.root
01-Feb-2025 17:19:31 CST  Successfully opened file root://cmsxrootd.fnal.gov//store/mc/Run3Summer23MiniAODv4/TQbartoLNu-t-channel_TuneCP5_13p6TeV_powheg-pythia8/MINIAODSIM/130X_mcRun3_2023_realistic_v15-v2/130000/093f5aa0-cbc9-482d-a3fa-62381fc3be37.root
Begin processing the 300001st record. Run 1, Event 9198001, LumiSection 9199 on stream 0 at 01-Feb-2025 17:19:36.342 CST
01-Feb-2025 17:19:36 CST  Closed file root://cmsxrootd.fnal.gov//store/mc/Run3Summer23MiniAODv4/TQbartoLNu-t-channel_TuneCP5_13p6TeV_powheg-pythia8/MINIAODSIM/130X_mcRun3_2023_realistic_v15-v2/130000/093f5aa0-cbc9-482d-a3fa-62381fc3be37.root
01-Feb-2025 17:19:36 CST  Initiating request to open file root://cmsxrootd.fnal.gov//store/mc/Run3Summer23MiniAODv4/TQbartoLNu-t-channel_TuneCP5_13p6TeV_powheg-pythia8/MINIAODSIM/130X_mcRun3_2023_realistic_v15-v2/130000/66c5dcfc-dd9d-4984-807b-a583fe14e4b3.root
01-Feb-2025 17:19:39 CST  Successfully opened file root://cmsxrootd.fnal.gov//store/mc/Run3Summer23MiniAODv4/TQbartoLNu-t-channel_TuneCP5_13p6TeV_powheg-pythia8/MINIAODSIM/130X_mcRun3_2023_realistic_v15-v2/130000/66c5dcfc-dd9d-4984-807b-a583fe14e4b3.root
01-Feb-2025 17:19:43 CST  Closed file root://cmsxrootd.fnal.gov//store/mc/Run3Summer23MiniAODv4/TQbartoLNu-t-channel_TuneCP5_13p6TeV_powheg-pythia8/MINIAODSIM/130X_mcRun3_2023_realistic_v15-v2/130000/66c5dcfc-dd9d-4984-807b-a583fe14e4b3.root
01-Feb-2025 17:19:43 CST  Initiating request to open file root://cmsxrootd.fnal.gov//store/mc/Run3Summer23MiniAODv4/TQbartoLNu-t-channel_TuneCP5_13p6TeV_powheg-pythia8/MINIAODSIM/130X_mcRun3_2023_realistic_v15-v2/130000/38b42b8a-875e-4e3c-9757-5bb48a67e269.root
01-Feb-2025 17:19:45 CST  Successfully opened file root://cmsxrootd.fnal.gov//store/mc/Run3Summer23MiniAODv4/TQbartoLNu-t-channel_TuneCP5_13p6TeV_powheg-pythia8/MINIAODSIM/130X_mcRun3_2023_realistic_v15-v2/130000/38b42b8a-875e-4e3c-9757-5bb48a67e269.root
01-Feb-2025 17:19:49 CST  Closed file root://cmsxrootd.fnal.gov//store/mc/Run3Summer23MiniAODv4/TQbartoLNu-t-channel_TuneCP5_13p6TeV_powheg-pythia8/MINIAODSIM/130X_mcRun3_2023_realistic_v15-v2/130000/38b42b8a-875e-4e3c-9757-5bb48a67e269.root
01-Feb-2025 17:19:49 CST  Initiating request to open file root://cmsxrootd.fnal.gov//store/mc/Run3Summer23MiniAODv4/TQbartoLNu-t-channel_TuneCP5_13p6TeV_powheg-pythia8/MINIAODSIM/130X_mcRun3_2023_realistic_v15-v2/130000/ae38ff18-2171-45b1-887a-180b3aa6d9c6.root
01-Feb-2025 17:19:51 CST  Successfully opened file root://cmsxrootd.fnal.gov//store/mc/Run3Summer23MiniAODv4/TQbartoLNu-t-channel_TuneCP5_13p6TeV_powheg-pythia8/MINIAODSIM/130X_mcRun3_2023_realistic_v15-v2/130000/ae38ff18-2171-45b1-887a-180b3aa6d9c6.root
Begin processing the 400001st record. Run 1, Event 10816006, LumiSection 10817 on stream 0 at 01-Feb-2025 17:19:55.604 CST
01-Feb-2025 17:19:55 CST  Closed file root://cmsxrootd.fnal.gov//store/mc/Run3Summer23MiniAODv4/TQbartoLNu-t-channel_TuneCP5_13p6TeV_powheg-pythia8/MINIAODSIM/130X_mcRun3_2023_realistic_v15-v2/130000/ae38ff18-2171-45b1-887a-180b3aa6d9c6.root
01-Feb-2025 17:19:55 CST  Initiating request to open file root://cmsxrootd.fnal.gov//store/mc/Run3Summer23MiniAODv4/TQbartoLNu-t-channel_TuneCP5_13p6TeV_powheg-pythia8/MINIAODSIM/130X_mcRun3_2023_realistic_v15-v2/130000/490eaf14-dafe-429a-a760-f1e295537044.root
01-Feb-2025 17:19:58 CST  Successfully opened file root://cmsxrootd.fnal.gov//store/mc/Run3Summer23MiniAODv4/TQbartoLNu-t-channel_TuneCP5_13p6TeV_powheg-pythia8/MINIAODSIM/130X_mcRun3_2023_realistic_v15-v2/130000/490eaf14-dafe-429a-a760-f1e295537044.root
01-Feb-2025 17:20:03 CST  Closed file root://cmsxrootd.fnal.gov//store/mc/Run3Summer23MiniAODv4/TQbartoLNu-t-channel_TuneCP5_13p6TeV_powheg-pythia8/MINIAODSIM/130X_mcRun3_2023_realistic_v15-v2/130000/490eaf14-dafe-429a-a760-f1e295537044.root
01-Feb-2025 17:20:03 CST  Initiating request to open file root://cmsxrootd.fnal.gov//store/mc/Run3Summer23MiniAODv4/TQbartoLNu-t-channel_TuneCP5_13p6TeV_powheg-pythia8/MINIAODSIM/130X_mcRun3_2023_realistic_v15-v2/130000/0cbfdcbc-9b1f-418e-a5cd-bdc3fb2bf0b6.root
01-Feb-2025 17:20:06 CST  Successfully opened file root://cmsxrootd.fnal.gov//store/mc/Run3Summer23MiniAODv4/TQbartoLNu-t-channel_TuneCP5_13p6TeV_powheg-pythia8/MINIAODSIM/130X_mcRun3_2023_realistic_v15-v2/130000/0cbfdcbc-9b1f-418e-a5cd-bdc3fb2bf0b6.root
Begin processing the 500001st record. Run 1, Event 11330001, LumiSection 11331 on stream 0 at 01-Feb-2025 17:20:10.157 CST
01-Feb-2025 17:20:10 CST  Closed file root://cmsxrootd.fnal.gov//store/mc/Run3Summer23MiniAODv4/TQbartoLNu-t-channel_TuneCP5_13p6TeV_powheg-pythia8/MINIAODSIM/130X_mcRun3_2023_realistic_v15-v2/130000/0cbfdcbc-9b1f-418e-a5cd-bdc3fb2bf0b6.root
01-Feb-2025 17:20:10 CST  Initiating request to open file root://cmsxrootd.fnal.gov//store/mc/Run3Summer23MiniAODv4/TQbartoLNu-t-channel_TuneCP5_13p6TeV_powheg-pythia8/MINIAODSIM/130X_mcRun3_2023_realistic_v15-v2/130000/0e18f223-b42a-4a17-9410-250575b93d1b.root
01-Feb-2025 17:20:12 CST  Successfully opened file root://cmsxrootd.fnal.gov//store/mc/Run3Summer23MiniAODv4/TQbartoLNu-t-channel_TuneCP5_13p6TeV_powheg-pythia8/MINIAODSIM/130X_mcRun3_2023_realistic_v15-v2/130000/0e18f223-b42a-4a17-9410-250575b93d1b.root
01-Feb-2025 17:20:17 CST  Closed file root://cmsxrootd.fnal.gov//store/mc/Run3Summer23MiniAODv4/TQbartoLNu-t-channel_TuneCP5_13p6TeV_powheg-pythia8/MINIAODSIM/130X_mcRun3_2023_realistic_v15-v2/130000/0e18f223-b42a-4a17-9410-250575b93d1b.root
01-Feb-2025 17:20:17 CST  Initiating request to open file root://cmsxrootd.fnal.gov//store/mc/Run3Summer23MiniAODv4/TQbartoLNu-t-channel_TuneCP5_13p6TeV_powheg-pythia8/MINIAODSIM/130X_mcRun3_2023_realistic_v15-v2/130000/2d8fc6fb-843d-458c-adad-2fe2e44e5636.root
01-Feb-2025 17:20:19 CST  Successfully opened file root://cmsxrootd.fnal.gov//store/mc/Run3Summer23MiniAODv4/TQbartoLNu-t-channel_TuneCP5_13p6TeV_powheg-pythia8/MINIAODSIM/130X_mcRun3_2023_realistic_v15-v2/130000/2d8fc6fb-843d-458c-adad-2fe2e44e5636.root
01-Feb-2025 17:20:23 CST  Closed file root://cmsxrootd.fnal.gov//store/mc/Run3Summer23MiniAODv4/TQbartoLNu-t-channel_TuneCP5_13p6TeV_powheg-pythia8/MINIAODSIM/130X_mcRun3_2023_realistic_v15-v2/130000/2d8fc6fb-843d-458c-adad-2fe2e44e5636.root
01-Feb-2025 17:20:23 CST  Initiating request to open file root://cmsxrootd.fnal.gov//store/mc/Run3Summer23MiniAODv4/TQbartoLNu-t-channel_TuneCP5_13p6TeV_powheg-pythia8/MINIAODSIM/130X_mcRun3_2023_realistic_v15-v2/130000/9b97c91e-8eb6-48cd-8f91-28154464e3c6.root
01-Feb-2025 17:20:26 CST  Successfully opened file root://cmsxrootd.fnal.gov//store/mc/Run3Summer23MiniAODv4/TQbartoLNu-t-channel_TuneCP5_13p6TeV_powheg-pythia8/MINIAODSIM/130X_mcRun3_2023_realistic_v15-v2/130000/9b97c91e-8eb6-48cd-8f91-28154464e3c6.root
Begin processing the 600001st record. Run 1, Event 9543011, LumiSection 9544 on stream 0 at 01-Feb-2025 17:20:30.156 CST
01-Feb-2025 17:20:30 CST  Closed file root://cmsxrootd.fnal.gov//store/mc/Run3Summer23MiniAODv4/TQbartoLNu-t-channel_TuneCP5_13p6TeV_powheg-pythia8/MINIAODSIM/130X_mcRun3_2023_realistic_v15-v2/130000/9b97c91e-8eb6-48cd-8f91-28154464e3c6.root
01-Feb-2025 17:20:30 CST  Initiating request to open file root://cmsxrootd.fnal.gov//store/mc/Run3Summer23MiniAODv4/TQbartoLNu-t-channel_TuneCP5_13p6TeV_powheg-pythia8/MINIAODSIM/130X_mcRun3_2023_realistic_v15-v2/130000/b74f2d2b-b2ec-48a6-8a87-06f7715c9b36.root
01-Feb-2025 17:20:32 CST  Successfully opened file root://cmsxrootd.fnal.gov//store/mc/Run3Summer23MiniAODv4/TQbartoLNu-t-channel_TuneCP5_13p6TeV_powheg-pythia8/MINIAODSIM/130X_mcRun3_2023_realistic_v15-v2/130000/b74f2d2b-b2ec-48a6-8a87-06f7715c9b36.root
01-Feb-2025 17:20:36 CST  Closed file root://cmsxrootd.fnal.gov//store/mc/Run3Summer23MiniAODv4/TQbartoLNu-t-channel_TuneCP5_13p6TeV_powheg-pythia8/MINIAODSIM/130X_mcRun3_2023_realistic_v15-v2/130000/b74f2d2b-b2ec-48a6-8a87-06f7715c9b36.root
01-Feb-2025 17:20:36 CST  Initiating request to open file root://cmsxrootd.fnal.gov//store/mc/Run3Summer23MiniAODv4/TQbartoLNu-t-channel_TuneCP5_13p6TeV_powheg-pythia8/MINIAODSIM/130X_mcRun3_2023_realistic_v15-v2/130000/baa95155-3967-4ee6-8230-be62d3c2f18c.root
01-Feb-2025 17:20:38 CST  Successfully opened file root://cmsxrootd.fnal.gov//store/mc/Run3Summer23MiniAODv4/TQbartoLNu-t-channel_TuneCP5_13p6TeV_powheg-pythia8/MINIAODSIM/130X_mcRun3_2023_realistic_v15-v2/130000/baa95155-3967-4ee6-8230-be62d3c2f18c.root
01-Feb-2025 17:20:42 CST  Closed file root://cmsxrootd.fnal.gov//store/mc/Run3Summer23MiniAODv4/TQbartoLNu-t-channel_TuneCP5_13p6TeV_powheg-pythia8/MINIAODSIM/130X_mcRun3_2023_realistic_v15-v2/130000/baa95155-3967-4ee6-8230-be62d3c2f18c.root
01-Feb-2025 17:20:42 CST  Initiating request to open file root://cmsxrootd.fnal.gov//store/mc/Run3Summer23MiniAODv4/TQbartoLNu-t-channel_TuneCP5_13p6TeV_powheg-pythia8/MINIAODSIM/130X_mcRun3_2023_realistic_v15-v2/130000/f5252b1f-d5e4-40ea-9078-199a60f83c74.root
01-Feb-2025 17:20:45 CST  Successfully opened file root://cmsxrootd.fnal.gov//store/mc/Run3Summer23MiniAODv4/TQbartoLNu-t-channel_TuneCP5_13p6TeV_powheg-pythia8/MINIAODSIM/130X_mcRun3_2023_realistic_v15-v2/130000/f5252b1f-d5e4-40ea-9078-199a60f83c74.root
Begin processing the 700001st record. Run 1, Event 17806002, LumiSection 17807 on stream 0 at 01-Feb-2025 17:20:49.311 CST
01-Feb-2025 17:20:49 CST  Closed file root://cmsxrootd.fnal.gov//store/mc/Run3Summer23MiniAODv4/TQbartoLNu-t-channel_TuneCP5_13p6TeV_powheg-pythia8/MINIAODSIM/130X_mcRun3_2023_realistic_v15-v2/130000/f5252b1f-d5e4-40ea-9078-199a60f83c74.root
01-Feb-2025 17:20:49 CST  Initiating request to open file root://cmsxrootd.fnal.gov//store/mc/Run3Summer23MiniAODv4/TQbartoLNu-t-channel_TuneCP5_13p6TeV_powheg-pythia8/MINIAODSIM/130X_mcRun3_2023_realistic_v15-v2/130000/28e3daad-c965-4c00-b6ea-22375e38189e.root
01-Feb-2025 17:20:51 CST  Successfully opened file root://cmsxrootd.fnal.gov//store/mc/Run3Summer23MiniAODv4/TQbartoLNu-t-channel_TuneCP5_13p6TeV_powheg-pythia8/MINIAODSIM/130X_mcRun3_2023_realistic_v15-v2/130000/28e3daad-c965-4c00-b6ea-22375e38189e.root
01-Feb-2025 17:20:56 CST  Closed file root://cmsxrootd.fnal.gov//store/mc/Run3Summer23MiniAODv4/TQbartoLNu-t-channel_TuneCP5_13p6TeV_powheg-pythia8/MINIAODSIM/130X_mcRun3_2023_realistic_v15-v2/130000/28e3daad-c965-4c00-b6ea-22375e38189e.root
01-Feb-2025 17:20:56 CST  Initiating request to open file root://cmsxrootd.fnal.gov//store/mc/Run3Summer23MiniAODv4/TQbartoLNu-t-channel_TuneCP5_13p6TeV_powheg-pythia8/MINIAODSIM/130X_mcRun3_2023_realistic_v15-v2/130000/ab8b0e8d-9b57-48f6-9a2f-569378a5fdb7.root
01-Feb-2025 17:20:58 CST  Successfully opened file root://cmsxrootd.fnal.gov//store/mc/Run3Summer23MiniAODv4/TQbartoLNu-t-channel_TuneCP5_13p6TeV_powheg-pythia8/MINIAODSIM/130X_mcRun3_2023_realistic_v15-v2/130000/ab8b0e8d-9b57-48f6-9a2f-569378a5fdb7.root
01-Feb-2025 17:21:01 CST  Closed file root://cmsxrootd.fnal.gov//store/mc/Run3Summer23MiniAODv4/TQbartoLNu-t-channel_TuneCP5_13p6TeV_powheg-pythia8/MINIAODSIM/130X_mcRun3_2023_realistic_v15-v2/130000/ab8b0e8d-9b57-48f6-9a2f-569378a5fdb7.root
01-Feb-2025 17:21:01 CST  Initiating request to open file root://cmsxrootd.fnal.gov//store/mc/Run3Summer23MiniAODv4/TQbartoLNu-t-channel_TuneCP5_13p6TeV_powheg-pythia8/MINIAODSIM/130X_mcRun3_2023_realistic_v15-v2/130000/957d3f31-bc7b-471b-9698-7c96e9385279.root
01-Feb-2025 17:21:04 CST  Successfully opened file root://cmsxrootd.fnal.gov//store/mc/Run3Summer23MiniAODv4/TQbartoLNu-t-channel_TuneCP5_13p6TeV_powheg-pythia8/MINIAODSIM/130X_mcRun3_2023_realistic_v15-v2/130000/957d3f31-bc7b-471b-9698-7c96e9385279.root
Begin processing the 800001st record. Run 1, Event 9596007, LumiSection 9597 on stream 0 at 01-Feb-2025 17:21:09.228 CST
01-Feb-2025 17:21:09 CST  Closed file root://cmsxrootd.fnal.gov//store/mc/Run3Summer23MiniAODv4/TQbartoLNu-t-channel_TuneCP5_13p6TeV_powheg-pythia8/MINIAODSIM/130X_mcRun3_2023_realistic_v15-v2/130000/957d3f31-bc7b-471b-9698-7c96e9385279.root
01-Feb-2025 17:21:09 CST  Initiating request to open file root://cmsxrootd.fnal.gov//store/mc/Run3Summer23MiniAODv4/TQbartoLNu-t-channel_TuneCP5_13p6TeV_powheg-pythia8/MINIAODSIM/130X_mcRun3_2023_realistic_v15-v2/130000/d86a72d1-8db0-4738-b9cc-8ac3b790944c.root
01-Feb-2025 17:21:11 CST  Successfully opened file root://cmsxrootd.fnal.gov//store/mc/Run3Summer23MiniAODv4/TQbartoLNu-t-channel_TuneCP5_13p6TeV_powheg-pythia8/MINIAODSIM/130X_mcRun3_2023_realistic_v15-v2/130000/d86a72d1-8db0-4738-b9cc-8ac3b790944c.root
01-Feb-2025 17:21:16 CST  Closed file root://cmsxrootd.fnal.gov//store/mc/Run3Summer23MiniAODv4/TQbartoLNu-t-channel_TuneCP5_13p6TeV_powheg-pythia8/MINIAODSIM/130X_mcRun3_2023_realistic_v15-v2/130000/d86a72d1-8db0-4738-b9cc-8ac3b790944c.root
01-Feb-2025 17:21:16 CST  Initiating request to open file root://cmsxrootd.fnal.gov//store/mc/Run3Summer23MiniAODv4/TQbartoLNu-t-channel_TuneCP5_13p6TeV_powheg-pythia8/MINIAODSIM/130X_mcRun3_2023_realistic_v15-v2/130000/1b86ba15-3f78-4f57-ba1d-87de6a471d8f.root
01-Feb-2025 17:21:18 CST  Successfully opened file root://cmsxrootd.fnal.gov//store/mc/Run3Summer23MiniAODv4/TQbartoLNu-t-channel_TuneCP5_13p6TeV_powheg-pythia8/MINIAODSIM/130X_mcRun3_2023_realistic_v15-v2/130000/1b86ba15-3f78-4f57-ba1d-87de6a471d8f.root
Begin processing the 900001st record. Run 1, Event 13176011, LumiSection 13177 on stream 0 at 01-Feb-2025 17:21:23.914 CST
01-Feb-2025 17:21:24 CST  Closed file root://cmsxrootd.fnal.gov//store/mc/Run3Summer23MiniAODv4/TQbartoLNu-t-channel_TuneCP5_13p6TeV_powheg-pythia8/MINIAODSIM/130X_mcRun3_2023_realistic_v15-v2/130000/1b86ba15-3f78-4f57-ba1d-87de6a471d8f.root
01-Feb-2025 17:21:24 CST  Initiating request to open file root://cmsxrootd.fnal.gov//store/mc/Run3Summer23MiniAODv4/TQbartoLNu-t-channel_TuneCP5_13p6TeV_powheg-pythia8/MINIAODSIM/130X_mcRun3_2023_realistic_v15-v2/130000/9cc1b342-20ce-45e4-aea6-51ba504441b9.root
01-Feb-2025 17:21:26 CST  Successfully opened file root://cmsxrootd.fnal.gov//store/mc/Run3Summer23MiniAODv4/TQbartoLNu-t-channel_TuneCP5_13p6TeV_powheg-pythia8/MINIAODSIM/130X_mcRun3_2023_realistic_v15-v2/130000/9cc1b342-20ce-45e4-aea6-51ba504441b9.root
01-Feb-2025 17:21:31 CST  Closed file root://cmsxrootd.fnal.gov//store/mc/Run3Summer23MiniAODv4/TQbartoLNu-t-channel_TuneCP5_13p6TeV_powheg-pythia8/MINIAODSIM/130X_mcRun3_2023_realistic_v15-v2/130000/9cc1b342-20ce-45e4-aea6-51ba504441b9.root
01-Feb-2025 17:21:31 CST  Initiating request to open file root://cmsxrootd.fnal.gov//store/mc/Run3Summer23MiniAODv4/TQbartoLNu-t-channel_TuneCP5_13p6TeV_powheg-pythia8/MINIAODSIM/130X_mcRun3_2023_realistic_v15-v2/130000/c8279db2-511a-4b72-8668-f6ee8861e6f1.root
01-Feb-2025 17:21:34 CST  Successfully opened file root://cmsxrootd.fnal.gov//store/mc/Run3Summer23MiniAODv4/TQbartoLNu-t-channel_TuneCP5_13p6TeV_powheg-pythia8/MINIAODSIM/130X_mcRun3_2023_realistic_v15-v2/130000/c8279db2-511a-4b72-8668-f6ee8861e6f1.root
    129.995942      0.212534      1.000000         10000
 
01-Feb-2025 17:21:38 CST  Closed file root://cmsxrootd.fnal.gov//store/mc/Run3Summer23MiniAODv4/TQbartoLNu-t-channel_TuneCP5_13p6TeV_powheg-pythia8/MINIAODSIM/130X_mcRun3_2023_realistic_v15-v2/130000/c8279db2-511a-4b72-8668-f6ee8861e6f1.root

------------------------------------
GenXsecAnalyzer:
------------------------------------
-------------------------------------------------------------------------------------------------------------------------------------------------------------------------- 
Overall cross-section summary 
--------------------------------------------------------------------------------------------------------------------------------------------------------------------------
Process		xsec_before [pb]		passed	nposw	nnegw	tried	nposw	nnegw 	xsec_match [pb]			accepted [%]	 event_eff [%]
-------------------------------------------------------------------------------------------------------------------------------------------------------------------------- 
Total		1.300e+02 +/- 7.514e-02		1999000	1993513	5487	1999000	1993513	5487	1.300e+02 +/- 7.514e-02		100.0 +/- 0.0	100.0 +/- 0.0
--------------------------------------------------------------------------------------------------------------------------------------------------------------------------
Before matching: total cross section = 1.300e+02 +- 7.514e-02 pb
After matching: total cross section = 1.300e+02 +- 7.514e-02 pb
Matching efficiency = 1.0 +/- 0.0   [TO BE USED IN MCM]
Filter efficiency (taking into account weights)= (4.22309e+07) / (4.22309e+07) = 1.000e+00 +- 0.000e+00
Filter efficiency (event-level)= (1e+06) / (1e+06) = 1.000e+00 +- 0.000e+00    [TO BE USED IN MCM]

After filter: final cross section = 1.300e+02 +- 7.514e-02 pb
After filter: final fraction of events with negative weights = 2.745e-03 +- 1.029e-08
After filter: final equivalent lumi for 1M events (1/fb) = 7.608e+00 +- 8.740e-03
