01-Feb-2025 17:24:44 CST  Initiating request to open file root://cmsxrootd.fnal.gov//store/mc/Run3Summer23MiniAODv4/TTLL_MLL-50_TuneCP5_13p6TeV_amcatnlo-pythia8/MINIAODSIM/130X_mcRun3_2023_realistic_v15-v2/70000/b195317b-d687-428e-8002-d5d9bc09e0dc.root
01-Feb-2025 17:24:48 CST  Successfully opened file root://cmsxrootd.fnal.gov//store/mc/Run3Summer23MiniAODv4/TTLL_MLL-50_TuneCP5_13p6TeV_amcatnlo-pythia8/MINIAODSIM/130X_mcRun3_2023_realistic_v15-v2/70000/b195317b-d687-428e-8002-d5d9bc09e0dc.root
Begin processing the 1st record. Run 1, Event 147003, LumiSection 148 on stream 0 at 01-Feb-2025 17:24:50.216 CST
01-Feb-2025 17:24:50 CST  Closed file root://cmsxrootd.fnal.gov//store/mc/Run3Summer23MiniAODv4/TTLL_MLL-50_TuneCP5_13p6TeV_amcatnlo-pythia8/MINIAODSIM/130X_mcRun3_2023_realistic_v15-v2/70000/b195317b-d687-428e-8002-d5d9bc09e0dc.root
01-Feb-2025 17:24:50 CST  Initiating request to open file root://cmsxrootd.fnal.gov//store/mc/Run3Summer23MiniAODv4/TTLL_MLL-50_TuneCP5_13p6TeV_amcatnlo-pythia8/MINIAODSIM/130X_mcRun3_2023_realistic_v15-v2/70000/50deed9b-d527-44bf-9f87-197cab163f9e.root
01-Feb-2025 17:24:52 CST  Successfully opened file root://cmsxrootd.fnal.gov//store/mc/Run3Summer23MiniAODv4/TTLL_MLL-50_TuneCP5_13p6TeV_amcatnlo-pythia8/MINIAODSIM/130X_mcRun3_2023_realistic_v15-v2/70000/50deed9b-d527-44bf-9f87-197cab163f9e.root
01-Feb-2025 17:24:54 CST  Closed file root://cmsxrootd.fnal.gov//store/mc/Run3Summer23MiniAODv4/TTLL_MLL-50_TuneCP5_13p6TeV_amcatnlo-pythia8/MINIAODSIM/130X_mcRun3_2023_realistic_v15-v2/70000/50deed9b-d527-44bf-9f87-197cab163f9e.root
01-Feb-2025 17:24:54 CST  Initiating request to open file root://cmsxrootd.fnal.gov//store/mc/Run3Summer23MiniAODv4/TTLL_MLL-50_TuneCP5_13p6TeV_amcatnlo-pythia8/MINIAODSIM/130X_mcRun3_2023_realistic_v15-v2/70000/5afcfd6c-f1bd-4360-9878-199e3de12866.root
01-Feb-2025 17:24:56 CST  Successfully opened file root://cmsxrootd.fnal.gov//store/mc/Run3Summer23MiniAODv4/TTLL_MLL-50_TuneCP5_13p6TeV_amcatnlo-pythia8/MINIAODSIM/130X_mcRun3_2023_realistic_v15-v2/70000/5afcfd6c-f1bd-4360-9878-199e3de12866.root
01-Feb-2025 17:24:58 CST  Closed file root://cmsxrootd.fnal.gov//store/mc/Run3Summer23MiniAODv4/TTLL_MLL-50_TuneCP5_13p6TeV_amcatnlo-pythia8/MINIAODSIM/130X_mcRun3_2023_realistic_v15-v2/70000/5afcfd6c-f1bd-4360-9878-199e3de12866.root
01-Feb-2025 17:24:58 CST  Initiating request to open file root://cmsxrootd.fnal.gov//store/mc/Run3Summer23MiniAODv4/TTLL_MLL-50_TuneCP5_13p6TeV_amcatnlo-pythia8/MINIAODSIM/130X_mcRun3_2023_realistic_v15-v2/70000/b836a33c-4e4f-4f7a-acbd-c12690286ea5.root
01-Feb-2025 17:25:00 CST  Successfully opened file root://cmsxrootd.fnal.gov//store/mc/Run3Summer23MiniAODv4/TTLL_MLL-50_TuneCP5_13p6TeV_amcatnlo-pythia8/MINIAODSIM/130X_mcRun3_2023_realistic_v15-v2/70000/b836a33c-4e4f-4f7a-acbd-c12690286ea5.root
Begin processing the 100001st record. Run 1, Event 286003, LumiSection 287 on stream 0 at 01-Feb-2025 17:25:01.738 CST
01-Feb-2025 17:25:02 CST  Closed file root://cmsxrootd.fnal.gov//store/mc/Run3Summer23MiniAODv4/TTLL_MLL-50_TuneCP5_13p6TeV_amcatnlo-pythia8/MINIAODSIM/130X_mcRun3_2023_realistic_v15-v2/70000/b836a33c-4e4f-4f7a-acbd-c12690286ea5.root
01-Feb-2025 17:25:02 CST  Initiating request to open file root://cmsxrootd.fnal.gov//store/mc/Run3Summer23MiniAODv4/TTLL_MLL-50_TuneCP5_13p6TeV_amcatnlo-pythia8/MINIAODSIM/130X_mcRun3_2023_realistic_v15-v2/70000/e656e8b4-b877-4be5-b5aa-f5178222a345.root
01-Feb-2025 17:25:04 CST  Successfully opened file root://cmsxrootd.fnal.gov//store/mc/Run3Summer23MiniAODv4/TTLL_MLL-50_TuneCP5_13p6TeV_amcatnlo-pythia8/MINIAODSIM/130X_mcRun3_2023_realistic_v15-v2/70000/e656e8b4-b877-4be5-b5aa-f5178222a345.root
01-Feb-2025 17:25:06 CST  Closed file root://cmsxrootd.fnal.gov//store/mc/Run3Summer23MiniAODv4/TTLL_MLL-50_TuneCP5_13p6TeV_amcatnlo-pythia8/MINIAODSIM/130X_mcRun3_2023_realistic_v15-v2/70000/e656e8b4-b877-4be5-b5aa-f5178222a345.root
01-Feb-2025 17:25:06 CST  Initiating request to open file root://cmsxrootd.fnal.gov//store/mc/Run3Summer23MiniAODv4/TTLL_MLL-50_TuneCP5_13p6TeV_amcatnlo-pythia8/MINIAODSIM/130X_mcRun3_2023_realistic_v15-v2/70000/6eec44b1-c696-43c2-ade5-2649ef17cd9e.root
01-Feb-2025 17:25:08 CST  Successfully opened file root://cmsxrootd.fnal.gov//store/mc/Run3Summer23MiniAODv4/TTLL_MLL-50_TuneCP5_13p6TeV_amcatnlo-pythia8/MINIAODSIM/130X_mcRun3_2023_realistic_v15-v2/70000/6eec44b1-c696-43c2-ade5-2649ef17cd9e.root
01-Feb-2025 17:25:11 CST  Closed file root://cmsxrootd.fnal.gov//store/mc/Run3Summer23MiniAODv4/TTLL_MLL-50_TuneCP5_13p6TeV_amcatnlo-pythia8/MINIAODSIM/130X_mcRun3_2023_realistic_v15-v2/70000/6eec44b1-c696-43c2-ade5-2649ef17cd9e.root
01-Feb-2025 17:25:11 CST  Initiating request to open file root://cmsxrootd.fnal.gov//store/mc/Run3Summer23MiniAODv4/TTLL_MLL-50_TuneCP5_13p6TeV_amcatnlo-pythia8/MINIAODSIM/130X_mcRun3_2023_realistic_v15-v2/70000/40c09c99-99d0-48a6-9d50-206169622203.root
01-Feb-2025 17:25:13 CST  Successfully opened file root://cmsxrootd.fnal.gov//store/mc/Run3Summer23MiniAODv4/TTLL_MLL-50_TuneCP5_13p6TeV_amcatnlo-pythia8/MINIAODSIM/130X_mcRun3_2023_realistic_v15-v2/70000/40c09c99-99d0-48a6-9d50-206169622203.root
01-Feb-2025 17:25:14 CST  Closed file root://cmsxrootd.fnal.gov//store/mc/Run3Summer23MiniAODv4/TTLL_MLL-50_TuneCP5_13p6TeV_amcatnlo-pythia8/MINIAODSIM/130X_mcRun3_2023_realistic_v15-v2/70000/40c09c99-99d0-48a6-9d50-206169622203.root
01-Feb-2025 17:25:14 CST  Initiating request to open file root://cmsxrootd.fnal.gov//store/mc/Run3Summer23MiniAODv4/TTLL_MLL-50_TuneCP5_13p6TeV_amcatnlo-pythia8/MINIAODSIM/130X_mcRun3_2023_realistic_v15-v2/70000/22b4728e-f074-4ce5-8b92-d45880283339.root
01-Feb-2025 17:25:16 CST  Successfully opened file root://cmsxrootd.fnal.gov//store/mc/Run3Summer23MiniAODv4/TTLL_MLL-50_TuneCP5_13p6TeV_amcatnlo-pythia8/MINIAODSIM/130X_mcRun3_2023_realistic_v15-v2/70000/22b4728e-f074-4ce5-8b92-d45880283339.root
Begin processing the 200001st record. Run 1, Event 779002, LumiSection 780 on stream 0 at 01-Feb-2025 17:25:17.853 CST
01-Feb-2025 17:25:17 CST  Closed file root://cmsxrootd.fnal.gov//store/mc/Run3Summer23MiniAODv4/TTLL_MLL-50_TuneCP5_13p6TeV_amcatnlo-pythia8/MINIAODSIM/130X_mcRun3_2023_realistic_v15-v2/70000/22b4728e-f074-4ce5-8b92-d45880283339.root
01-Feb-2025 17:25:17 CST  Initiating request to open file root://cmsxrootd.fnal.gov//store/mc/Run3Summer23MiniAODv4/TTLL_MLL-50_TuneCP5_13p6TeV_amcatnlo-pythia8/MINIAODSIM/130X_mcRun3_2023_realistic_v15-v2/70000/24a1c6d2-452d-458b-811d-0fa6d94b4ad8.root
01-Feb-2025 17:25:20 CST  Successfully opened file root://cmsxrootd.fnal.gov//store/mc/Run3Summer23MiniAODv4/TTLL_MLL-50_TuneCP5_13p6TeV_amcatnlo-pythia8/MINIAODSIM/130X_mcRun3_2023_realistic_v15-v2/70000/24a1c6d2-452d-458b-811d-0fa6d94b4ad8.root
01-Feb-2025 17:25:20 CST  Closed file root://cmsxrootd.fnal.gov//store/mc/Run3Summer23MiniAODv4/TTLL_MLL-50_TuneCP5_13p6TeV_amcatnlo-pythia8/MINIAODSIM/130X_mcRun3_2023_realistic_v15-v2/70000/24a1c6d2-452d-458b-811d-0fa6d94b4ad8.root
01-Feb-2025 17:25:20 CST  Initiating request to open file root://cmsxrootd.fnal.gov//store/mc/Run3Summer23MiniAODv4/TTLL_MLL-50_TuneCP5_13p6TeV_amcatnlo-pythia8/MINIAODSIM/130X_mcRun3_2023_realistic_v15-v2/70000/ec794b48-069e-43fb-8dd0-60448b5df725.root
01-Feb-2025 17:25:23 CST  Successfully opened file root://cmsxrootd.fnal.gov//store/mc/Run3Summer23MiniAODv4/TTLL_MLL-50_TuneCP5_13p6TeV_amcatnlo-pythia8/MINIAODSIM/130X_mcRun3_2023_realistic_v15-v2/70000/ec794b48-069e-43fb-8dd0-60448b5df725.root
01-Feb-2025 17:25:23 CST  Closed file root://cmsxrootd.fnal.gov//store/mc/Run3Summer23MiniAODv4/TTLL_MLL-50_TuneCP5_13p6TeV_amcatnlo-pythia8/MINIAODSIM/130X_mcRun3_2023_realistic_v15-v2/70000/ec794b48-069e-43fb-8dd0-60448b5df725.root
01-Feb-2025 17:25:23 CST  Initiating request to open file root://cmsxrootd.fnal.gov//store/mc/Run3Summer23MiniAODv4/TTLL_MLL-50_TuneCP5_13p6TeV_amcatnlo-pythia8/MINIAODSIM/130X_mcRun3_2023_realistic_v15-v2/70000/9b50f10e-92d6-4331-a15b-576f9f94f3fb.root
01-Feb-2025 17:25:25 CST  Successfully opened file root://cmsxrootd.fnal.gov//store/mc/Run3Summer23MiniAODv4/TTLL_MLL-50_TuneCP5_13p6TeV_amcatnlo-pythia8/MINIAODSIM/130X_mcRun3_2023_realistic_v15-v2/70000/9b50f10e-92d6-4331-a15b-576f9f94f3fb.root
01-Feb-2025 17:25:27 CST  Closed file root://cmsxrootd.fnal.gov//store/mc/Run3Summer23MiniAODv4/TTLL_MLL-50_TuneCP5_13p6TeV_amcatnlo-pythia8/MINIAODSIM/130X_mcRun3_2023_realistic_v15-v2/70000/9b50f10e-92d6-4331-a15b-576f9f94f3fb.root
01-Feb-2025 17:25:27 CST  Initiating request to open file root://cmsxrootd.fnal.gov//store/mc/Run3Summer23MiniAODv4/TTLL_MLL-50_TuneCP5_13p6TeV_amcatnlo-pythia8/MINIAODSIM/130X_mcRun3_2023_realistic_v15-v2/70000/cbb5b548-ac0d-4433-a0d9-140d10f70c25.root
01-Feb-2025 17:25:29 CST  Successfully opened file root://cmsxrootd.fnal.gov//store/mc/Run3Summer23MiniAODv4/TTLL_MLL-50_TuneCP5_13p6TeV_amcatnlo-pythia8/MINIAODSIM/130X_mcRun3_2023_realistic_v15-v2/70000/cbb5b548-ac0d-4433-a0d9-140d10f70c25.root
01-Feb-2025 17:25:30 CST  Closed file root://cmsxrootd.fnal.gov//store/mc/Run3Summer23MiniAODv4/TTLL_MLL-50_TuneCP5_13p6TeV_amcatnlo-pythia8/MINIAODSIM/130X_mcRun3_2023_realistic_v15-v2/70000/cbb5b548-ac0d-4433-a0d9-140d10f70c25.root
01-Feb-2025 17:25:30 CST  Initiating request to open file root://cmsxrootd.fnal.gov//store/mc/Run3Summer23MiniAODv4/TTLL_MLL-50_TuneCP5_13p6TeV_amcatnlo-pythia8/MINIAODSIM/130X_mcRun3_2023_realistic_v15-v2/70000/c54bfa6b-596c-4f9f-9662-6b904c288383.root
01-Feb-2025 17:25:32 CST  Successfully opened file root://cmsxrootd.fnal.gov//store/mc/Run3Summer23MiniAODv4/TTLL_MLL-50_TuneCP5_13p6TeV_amcatnlo-pythia8/MINIAODSIM/130X_mcRun3_2023_realistic_v15-v2/70000/c54bfa6b-596c-4f9f-9662-6b904c288383.root
01-Feb-2025 17:25:33 CST  Closed file root://cmsxrootd.fnal.gov//store/mc/Run3Summer23MiniAODv4/TTLL_MLL-50_TuneCP5_13p6TeV_amcatnlo-pythia8/MINIAODSIM/130X_mcRun3_2023_realistic_v15-v2/70000/c54bfa6b-596c-4f9f-9662-6b904c288383.root
01-Feb-2025 17:25:33 CST  Initiating request to open file root://cmsxrootd.fnal.gov//store/mc/Run3Summer23MiniAODv4/TTLL_MLL-50_TuneCP5_13p6TeV_amcatnlo-pythia8/MINIAODSIM/130X_mcRun3_2023_realistic_v15-v2/70000/9ca5348f-b6ec-4586-8ccc-a2f9ec451a6d.root
01-Feb-2025 17:25:35 CST  Successfully opened file root://cmsxrootd.fnal.gov//store/mc/Run3Summer23MiniAODv4/TTLL_MLL-50_TuneCP5_13p6TeV_amcatnlo-pythia8/MINIAODSIM/130X_mcRun3_2023_realistic_v15-v2/70000/9ca5348f-b6ec-4586-8ccc-a2f9ec451a6d.root
01-Feb-2025 17:25:36 CST  Closed file root://cmsxrootd.fnal.gov//store/mc/Run3Summer23MiniAODv4/TTLL_MLL-50_TuneCP5_13p6TeV_amcatnlo-pythia8/MINIAODSIM/130X_mcRun3_2023_realistic_v15-v2/70000/9ca5348f-b6ec-4586-8ccc-a2f9ec451a6d.root
01-Feb-2025 17:25:36 CST  Initiating request to open file root://cmsxrootd.fnal.gov//store/mc/Run3Summer23MiniAODv4/TTLL_MLL-50_TuneCP5_13p6TeV_amcatnlo-pythia8/MINIAODSIM/130X_mcRun3_2023_realistic_v15-v2/70000/f6afd0f7-91dd-4054-a921-623d4855a794.root
01-Feb-2025 17:25:38 CST  Successfully opened file root://cmsxrootd.fnal.gov//store/mc/Run3Summer23MiniAODv4/TTLL_MLL-50_TuneCP5_13p6TeV_amcatnlo-pythia8/MINIAODSIM/130X_mcRun3_2023_realistic_v15-v2/70000/f6afd0f7-91dd-4054-a921-623d4855a794.root
01-Feb-2025 17:25:39 CST  Closed file root://cmsxrootd.fnal.gov//store/mc/Run3Summer23MiniAODv4/TTLL_MLL-50_TuneCP5_13p6TeV_amcatnlo-pythia8/MINIAODSIM/130X_mcRun3_2023_realistic_v15-v2/70000/f6afd0f7-91dd-4054-a921-623d4855a794.root
01-Feb-2025 17:25:39 CST  Initiating request to open file root://cmsxrootd.fnal.gov//store/mc/Run3Summer23MiniAODv4/TTLL_MLL-50_TuneCP5_13p6TeV_amcatnlo-pythia8/MINIAODSIM/130X_mcRun3_2023_realistic_v15-v2/70000/fbc91da9-d375-45e5-8be0-aff37823b8f1.root
01-Feb-2025 17:25:41 CST  Successfully opened file root://cmsxrootd.fnal.gov//store/mc/Run3Summer23MiniAODv4/TTLL_MLL-50_TuneCP5_13p6TeV_amcatnlo-pythia8/MINIAODSIM/130X_mcRun3_2023_realistic_v15-v2/70000/fbc91da9-d375-45e5-8be0-aff37823b8f1.root
01-Feb-2025 17:25:43 CST  Closed file root://cmsxrootd.fnal.gov//store/mc/Run3Summer23MiniAODv4/TTLL_MLL-50_TuneCP5_13p6TeV_amcatnlo-pythia8/MINIAODSIM/130X_mcRun3_2023_realistic_v15-v2/70000/fbc91da9-d375-45e5-8be0-aff37823b8f1.root
01-Feb-2025 17:25:43 CST  Initiating request to open file root://cmsxrootd.fnal.gov//store/mc/Run3Summer23MiniAODv4/TTLL_MLL-50_TuneCP5_13p6TeV_amcatnlo-pythia8/MINIAODSIM/130X_mcRun3_2023_realistic_v15-v2/70000/18f5f127-13da-4a58-aae4-c60c4a0b6a7b.root
01-Feb-2025 17:25:45 CST  Successfully opened file root://cmsxrootd.fnal.gov//store/mc/Run3Summer23MiniAODv4/TTLL_MLL-50_TuneCP5_13p6TeV_amcatnlo-pythia8/MINIAODSIM/130X_mcRun3_2023_realistic_v15-v2/70000/18f5f127-13da-4a58-aae4-c60c4a0b6a7b.root
01-Feb-2025 17:25:46 CST  Closed file root://cmsxrootd.fnal.gov//store/mc/Run3Summer23MiniAODv4/TTLL_MLL-50_TuneCP5_13p6TeV_amcatnlo-pythia8/MINIAODSIM/130X_mcRun3_2023_realistic_v15-v2/70000/18f5f127-13da-4a58-aae4-c60c4a0b6a7b.root
01-Feb-2025 17:25:46 CST  Initiating request to open file root://cmsxrootd.fnal.gov//store/mc/Run3Summer23MiniAODv4/TTLL_MLL-50_TuneCP5_13p6TeV_amcatnlo-pythia8/MINIAODSIM/130X_mcRun3_2023_realistic_v15-v2/70000/0a477ecb-ea84-4522-95a6-1c9feace34b6.root
01-Feb-2025 17:25:49 CST  Successfully opened file root://cmsxrootd.fnal.gov//store/mc/Run3Summer23MiniAODv4/TTLL_MLL-50_TuneCP5_13p6TeV_amcatnlo-pythia8/MINIAODSIM/130X_mcRun3_2023_realistic_v15-v2/70000/0a477ecb-ea84-4522-95a6-1c9feace34b6.root
Begin processing the 300001st record. Run 1, Event 394005, LumiSection 395 on stream 0 at 01-Feb-2025 17:25:50.790 CST
01-Feb-2025 17:25:51 CST  Closed file root://cmsxrootd.fnal.gov//store/mc/Run3Summer23MiniAODv4/TTLL_MLL-50_TuneCP5_13p6TeV_amcatnlo-pythia8/MINIAODSIM/130X_mcRun3_2023_realistic_v15-v2/70000/0a477ecb-ea84-4522-95a6-1c9feace34b6.root
01-Feb-2025 17:25:51 CST  Initiating request to open file root://cmsxrootd.fnal.gov//store/mc/Run3Summer23MiniAODv4/TTLL_MLL-50_TuneCP5_13p6TeV_amcatnlo-pythia8/MINIAODSIM/130X_mcRun3_2023_realistic_v15-v2/70000/8464c7f9-7e86-4e1d-9272-ac22ac7eb7af.root
01-Feb-2025 17:25:53 CST  Successfully opened file root://cmsxrootd.fnal.gov//store/mc/Run3Summer23MiniAODv4/TTLL_MLL-50_TuneCP5_13p6TeV_amcatnlo-pythia8/MINIAODSIM/130X_mcRun3_2023_realistic_v15-v2/70000/8464c7f9-7e86-4e1d-9272-ac22ac7eb7af.root
01-Feb-2025 17:25:54 CST  Closed file root://cmsxrootd.fnal.gov//store/mc/Run3Summer23MiniAODv4/TTLL_MLL-50_TuneCP5_13p6TeV_amcatnlo-pythia8/MINIAODSIM/130X_mcRun3_2023_realistic_v15-v2/70000/8464c7f9-7e86-4e1d-9272-ac22ac7eb7af.root
01-Feb-2025 17:25:54 CST  Initiating request to open file root://cmsxrootd.fnal.gov//store/mc/Run3Summer23MiniAODv4/TTLL_MLL-50_TuneCP5_13p6TeV_amcatnlo-pythia8/MINIAODSIM/130X_mcRun3_2023_realistic_v15-v2/70000/b0bed17f-0205-4e60-b5c3-225d7828d48b.root
01-Feb-2025 17:25:56 CST  Successfully opened file root://cmsxrootd.fnal.gov//store/mc/Run3Summer23MiniAODv4/TTLL_MLL-50_TuneCP5_13p6TeV_amcatnlo-pythia8/MINIAODSIM/130X_mcRun3_2023_realistic_v15-v2/70000/b0bed17f-0205-4e60-b5c3-225d7828d48b.root
01-Feb-2025 17:25:57 CST  Closed file root://cmsxrootd.fnal.gov//store/mc/Run3Summer23MiniAODv4/TTLL_MLL-50_TuneCP5_13p6TeV_amcatnlo-pythia8/MINIAODSIM/130X_mcRun3_2023_realistic_v15-v2/70000/b0bed17f-0205-4e60-b5c3-225d7828d48b.root
01-Feb-2025 17:25:57 CST  Initiating request to open file root://cmsxrootd.fnal.gov//store/mc/Run3Summer23MiniAODv4/TTLL_MLL-50_TuneCP5_13p6TeV_amcatnlo-pythia8/MINIAODSIM/130X_mcRun3_2023_realistic_v15-v2/70000/bfbf6528-5c7a-44a3-ac15-c6786abe6b05.root
01-Feb-2025 17:25:59 CST  Successfully opened file root://cmsxrootd.fnal.gov//store/mc/Run3Summer23MiniAODv4/TTLL_MLL-50_TuneCP5_13p6TeV_amcatnlo-pythia8/MINIAODSIM/130X_mcRun3_2023_realistic_v15-v2/70000/bfbf6528-5c7a-44a3-ac15-c6786abe6b05.root
01-Feb-2025 17:26:00 CST  Closed file root://cmsxrootd.fnal.gov//store/mc/Run3Summer23MiniAODv4/TTLL_MLL-50_TuneCP5_13p6TeV_amcatnlo-pythia8/MINIAODSIM/130X_mcRun3_2023_realistic_v15-v2/70000/bfbf6528-5c7a-44a3-ac15-c6786abe6b05.root
01-Feb-2025 17:26:00 CST  Initiating request to open file root://cmsxrootd.fnal.gov//store/mc/Run3Summer23MiniAODv4/TTLL_MLL-50_TuneCP5_13p6TeV_amcatnlo-pythia8/MINIAODSIM/130X_mcRun3_2023_realistic_v15-v2/70000/8fa6a949-f63c-4bb9-9b4a-c6dd76764730.root
01-Feb-2025 17:26:02 CST  Successfully opened file root://cmsxrootd.fnal.gov//store/mc/Run3Summer23MiniAODv4/TTLL_MLL-50_TuneCP5_13p6TeV_amcatnlo-pythia8/MINIAODSIM/130X_mcRun3_2023_realistic_v15-v2/70000/8fa6a949-f63c-4bb9-9b4a-c6dd76764730.root
01-Feb-2025 17:26:04 CST  Closed file root://cmsxrootd.fnal.gov//store/mc/Run3Summer23MiniAODv4/TTLL_MLL-50_TuneCP5_13p6TeV_amcatnlo-pythia8/MINIAODSIM/130X_mcRun3_2023_realistic_v15-v2/70000/8fa6a949-f63c-4bb9-9b4a-c6dd76764730.root
01-Feb-2025 17:26:04 CST  Initiating request to open file root://cmsxrootd.fnal.gov//store/mc/Run3Summer23MiniAODv4/TTLL_MLL-50_TuneCP5_13p6TeV_amcatnlo-pythia8/MINIAODSIM/130X_mcRun3_2023_realistic_v15-v2/70000/abed847b-50bf-4d6d-ad13-58ce20f3da3e.root
01-Feb-2025 17:26:06 CST  Successfully opened file root://cmsxrootd.fnal.gov//store/mc/Run3Summer23MiniAODv4/TTLL_MLL-50_TuneCP5_13p6TeV_amcatnlo-pythia8/MINIAODSIM/130X_mcRun3_2023_realistic_v15-v2/70000/abed847b-50bf-4d6d-ad13-58ce20f3da3e.root
01-Feb-2025 17:26:07 CST  Closed file root://cmsxrootd.fnal.gov//store/mc/Run3Summer23MiniAODv4/TTLL_MLL-50_TuneCP5_13p6TeV_amcatnlo-pythia8/MINIAODSIM/130X_mcRun3_2023_realistic_v15-v2/70000/abed847b-50bf-4d6d-ad13-58ce20f3da3e.root
01-Feb-2025 17:26:07 CST  Initiating request to open file root://cmsxrootd.fnal.gov//store/mc/Run3Summer23MiniAODv4/TTLL_MLL-50_TuneCP5_13p6TeV_amcatnlo-pythia8/MINIAODSIM/130X_mcRun3_2023_realistic_v15-v2/70000/fc01d857-906c-421f-af34-127b924fdda1.root
01-Feb-2025 17:26:09 CST  Successfully opened file root://cmsxrootd.fnal.gov//store/mc/Run3Summer23MiniAODv4/TTLL_MLL-50_TuneCP5_13p6TeV_amcatnlo-pythia8/MINIAODSIM/130X_mcRun3_2023_realistic_v15-v2/70000/fc01d857-906c-421f-af34-127b924fdda1.root
01-Feb-2025 17:26:11 CST  Closed file root://cmsxrootd.fnal.gov//store/mc/Run3Summer23MiniAODv4/TTLL_MLL-50_TuneCP5_13p6TeV_amcatnlo-pythia8/MINIAODSIM/130X_mcRun3_2023_realistic_v15-v2/70000/fc01d857-906c-421f-af34-127b924fdda1.root
01-Feb-2025 17:26:11 CST  Initiating request to open file root://cmsxrootd.fnal.gov//store/mc/Run3Summer23MiniAODv4/TTLL_MLL-50_TuneCP5_13p6TeV_amcatnlo-pythia8/MINIAODSIM/130X_mcRun3_2023_realistic_v15-v2/70000/63c88690-8a20-4dd5-81ec-90da5b29886f.root
01-Feb-2025 17:26:13 CST  Successfully opened file root://cmsxrootd.fnal.gov//store/mc/Run3Summer23MiniAODv4/TTLL_MLL-50_TuneCP5_13p6TeV_amcatnlo-pythia8/MINIAODSIM/130X_mcRun3_2023_realistic_v15-v2/70000/63c88690-8a20-4dd5-81ec-90da5b29886f.root
Begin processing the 400001st record. Run 1, Event 563009, LumiSection 564 on stream 0 at 01-Feb-2025 17:26:14.900 CST
01-Feb-2025 17:26:14 CST  Closed file root://cmsxrootd.fnal.gov//store/mc/Run3Summer23MiniAODv4/TTLL_MLL-50_TuneCP5_13p6TeV_amcatnlo-pythia8/MINIAODSIM/130X_mcRun3_2023_realistic_v15-v2/70000/63c88690-8a20-4dd5-81ec-90da5b29886f.root
01-Feb-2025 17:26:14 CST  Initiating request to open file root://cmsxrootd.fnal.gov//store/mc/Run3Summer23MiniAODv4/TTLL_MLL-50_TuneCP5_13p6TeV_amcatnlo-pythia8/MINIAODSIM/130X_mcRun3_2023_realistic_v15-v2/70000/4f4a77d5-d7f6-41a9-a80d-dbab218e73c1.root
01-Feb-2025 17:26:17 CST  Successfully opened file root://cmsxrootd.fnal.gov//store/mc/Run3Summer23MiniAODv4/TTLL_MLL-50_TuneCP5_13p6TeV_amcatnlo-pythia8/MINIAODSIM/130X_mcRun3_2023_realistic_v15-v2/70000/4f4a77d5-d7f6-41a9-a80d-dbab218e73c1.root
01-Feb-2025 17:26:19 CST  Closed file root://cmsxrootd.fnal.gov//store/mc/Run3Summer23MiniAODv4/TTLL_MLL-50_TuneCP5_13p6TeV_amcatnlo-pythia8/MINIAODSIM/130X_mcRun3_2023_realistic_v15-v2/70000/4f4a77d5-d7f6-41a9-a80d-dbab218e73c1.root
01-Feb-2025 17:26:19 CST  Initiating request to open file root://cmsxrootd.fnal.gov//store/mc/Run3Summer23MiniAODv4/TTLL_MLL-50_TuneCP5_13p6TeV_amcatnlo-pythia8/MINIAODSIM/130X_mcRun3_2023_realistic_v15-v2/70000/f2ef0667-e544-4bed-a869-6d978f90d9b2.root
01-Feb-2025 17:26:21 CST  Successfully opened file root://cmsxrootd.fnal.gov//store/mc/Run3Summer23MiniAODv4/TTLL_MLL-50_TuneCP5_13p6TeV_amcatnlo-pythia8/MINIAODSIM/130X_mcRun3_2023_realistic_v15-v2/70000/f2ef0667-e544-4bed-a869-6d978f90d9b2.root
01-Feb-2025 17:26:22 CST  Closed file root://cmsxrootd.fnal.gov//store/mc/Run3Summer23MiniAODv4/TTLL_MLL-50_TuneCP5_13p6TeV_amcatnlo-pythia8/MINIAODSIM/130X_mcRun3_2023_realistic_v15-v2/70000/f2ef0667-e544-4bed-a869-6d978f90d9b2.root
01-Feb-2025 17:26:22 CST  Initiating request to open file root://cmsxrootd.fnal.gov//store/mc/Run3Summer23MiniAODv4/TTLL_MLL-50_TuneCP5_13p6TeV_amcatnlo-pythia8/MINIAODSIM/130X_mcRun3_2023_realistic_v15-v2/70000/d75a73ea-bb23-4e40-8268-a5db644b247c.root
01-Feb-2025 17:26:24 CST  Successfully opened file root://cmsxrootd.fnal.gov//store/mc/Run3Summer23MiniAODv4/TTLL_MLL-50_TuneCP5_13p6TeV_amcatnlo-pythia8/MINIAODSIM/130X_mcRun3_2023_realistic_v15-v2/70000/d75a73ea-bb23-4e40-8268-a5db644b247c.root
01-Feb-2025 17:26:26 CST  Closed file root://cmsxrootd.fnal.gov//store/mc/Run3Summer23MiniAODv4/TTLL_MLL-50_TuneCP5_13p6TeV_amcatnlo-pythia8/MINIAODSIM/130X_mcRun3_2023_realistic_v15-v2/70000/d75a73ea-bb23-4e40-8268-a5db644b247c.root
01-Feb-2025 17:26:26 CST  Initiating request to open file root://cmsxrootd.fnal.gov//store/mc/Run3Summer23MiniAODv4/TTLL_MLL-50_TuneCP5_13p6TeV_amcatnlo-pythia8/MINIAODSIM/130X_mcRun3_2023_realistic_v15-v2/70000/d23360f8-b51a-49be-ab0a-9697e723ea6c.root
01-Feb-2025 17:26:28 CST  Successfully opened file root://cmsxrootd.fnal.gov//store/mc/Run3Summer23MiniAODv4/TTLL_MLL-50_TuneCP5_13p6TeV_amcatnlo-pythia8/MINIAODSIM/130X_mcRun3_2023_realistic_v15-v2/70000/d23360f8-b51a-49be-ab0a-9697e723ea6c.root
Begin processing the 500001st record. Run 1, Event 420014, LumiSection 421 on stream 0 at 01-Feb-2025 17:26:29.350 CST
01-Feb-2025 17:26:29 CST  Closed file root://cmsxrootd.fnal.gov//store/mc/Run3Summer23MiniAODv4/TTLL_MLL-50_TuneCP5_13p6TeV_amcatnlo-pythia8/MINIAODSIM/130X_mcRun3_2023_realistic_v15-v2/70000/d23360f8-b51a-49be-ab0a-9697e723ea6c.root
01-Feb-2025 17:26:29 CST  Initiating request to open file root://cmsxrootd.fnal.gov//store/mc/Run3Summer23MiniAODv4/TTLL_MLL-50_TuneCP5_13p6TeV_amcatnlo-pythia8/MINIAODSIM/130X_mcRun3_2023_realistic_v15-v2/70000/667b2810-ca56-439a-883e-4d9a04ad3865.root
01-Feb-2025 17:26:31 CST  Successfully opened file root://cmsxrootd.fnal.gov//store/mc/Run3Summer23MiniAODv4/TTLL_MLL-50_TuneCP5_13p6TeV_amcatnlo-pythia8/MINIAODSIM/130X_mcRun3_2023_realistic_v15-v2/70000/667b2810-ca56-439a-883e-4d9a04ad3865.root
01-Feb-2025 17:26:32 CST  Closed file root://cmsxrootd.fnal.gov//store/mc/Run3Summer23MiniAODv4/TTLL_MLL-50_TuneCP5_13p6TeV_amcatnlo-pythia8/MINIAODSIM/130X_mcRun3_2023_realistic_v15-v2/70000/667b2810-ca56-439a-883e-4d9a04ad3865.root
01-Feb-2025 17:26:32 CST  Initiating request to open file root://cmsxrootd.fnal.gov//store/mc/Run3Summer23MiniAODv4/TTLL_MLL-50_TuneCP5_13p6TeV_amcatnlo-pythia8/MINIAODSIM/130X_mcRun3_2023_realistic_v15-v2/70000/a7c905d4-53f5-4500-8096-caa6dbed017f.root
01-Feb-2025 17:26:35 CST  Successfully opened file root://cmsxrootd.fnal.gov//store/mc/Run3Summer23MiniAODv4/TTLL_MLL-50_TuneCP5_13p6TeV_amcatnlo-pythia8/MINIAODSIM/130X_mcRun3_2023_realistic_v15-v2/70000/a7c905d4-53f5-4500-8096-caa6dbed017f.root
01-Feb-2025 17:26:36 CST  Closed file root://cmsxrootd.fnal.gov//store/mc/Run3Summer23MiniAODv4/TTLL_MLL-50_TuneCP5_13p6TeV_amcatnlo-pythia8/MINIAODSIM/130X_mcRun3_2023_realistic_v15-v2/70000/a7c905d4-53f5-4500-8096-caa6dbed017f.root
01-Feb-2025 17:26:36 CST  Initiating request to open file root://cmsxrootd.fnal.gov//store/mc/Run3Summer23MiniAODv4/TTLL_MLL-50_TuneCP5_13p6TeV_amcatnlo-pythia8/MINIAODSIM/130X_mcRun3_2023_realistic_v15-v2/70000/65e6fd4a-640d-4515-947f-8cdb62714fb9.root
01-Feb-2025 17:26:38 CST  Successfully opened file root://cmsxrootd.fnal.gov//store/mc/Run3Summer23MiniAODv4/TTLL_MLL-50_TuneCP5_13p6TeV_amcatnlo-pythia8/MINIAODSIM/130X_mcRun3_2023_realistic_v15-v2/70000/65e6fd4a-640d-4515-947f-8cdb62714fb9.root
01-Feb-2025 17:26:40 CST  Closed file root://cmsxrootd.fnal.gov//store/mc/Run3Summer23MiniAODv4/TTLL_MLL-50_TuneCP5_13p6TeV_amcatnlo-pythia8/MINIAODSIM/130X_mcRun3_2023_realistic_v15-v2/70000/65e6fd4a-640d-4515-947f-8cdb62714fb9.root
01-Feb-2025 17:26:40 CST  Initiating request to open file root://cmsxrootd.fnal.gov//store/mc/Run3Summer23MiniAODv4/TTLL_MLL-50_TuneCP5_13p6TeV_amcatnlo-pythia8/MINIAODSIM/130X_mcRun3_2023_realistic_v15-v2/70000/d6938de4-de91-4d1c-87f4-126b0258c647.root
01-Feb-2025 17:26:42 CST  Successfully opened file root://cmsxrootd.fnal.gov//store/mc/Run3Summer23MiniAODv4/TTLL_MLL-50_TuneCP5_13p6TeV_amcatnlo-pythia8/MINIAODSIM/130X_mcRun3_2023_realistic_v15-v2/70000/d6938de4-de91-4d1c-87f4-126b0258c647.root
01-Feb-2025 17:26:43 CST  Closed file root://cmsxrootd.fnal.gov//store/mc/Run3Summer23MiniAODv4/TTLL_MLL-50_TuneCP5_13p6TeV_amcatnlo-pythia8/MINIAODSIM/130X_mcRun3_2023_realistic_v15-v2/70000/d6938de4-de91-4d1c-87f4-126b0258c647.root
01-Feb-2025 17:26:43 CST  Initiating request to open file root://cmsxrootd.fnal.gov//store/mc/Run3Summer23MiniAODv4/TTLL_MLL-50_TuneCP5_13p6TeV_amcatnlo-pythia8/MINIAODSIM/130X_mcRun3_2023_realistic_v15-v2/70000/cecfda3d-ea22-4c2f-a2c6-4f4032907dd1.root
01-Feb-2025 17:26:45 CST  Successfully opened file root://cmsxrootd.fnal.gov//store/mc/Run3Summer23MiniAODv4/TTLL_MLL-50_TuneCP5_13p6TeV_amcatnlo-pythia8/MINIAODSIM/130X_mcRun3_2023_realistic_v15-v2/70000/cecfda3d-ea22-4c2f-a2c6-4f4032907dd1.root
Begin processing the 600001st record. Run 1, Event 724003, LumiSection 725 on stream 0 at 01-Feb-2025 17:26:47.451 CST
01-Feb-2025 17:26:47 CST  Closed file root://cmsxrootd.fnal.gov//store/mc/Run3Summer23MiniAODv4/TTLL_MLL-50_TuneCP5_13p6TeV_amcatnlo-pythia8/MINIAODSIM/130X_mcRun3_2023_realistic_v15-v2/70000/cecfda3d-ea22-4c2f-a2c6-4f4032907dd1.root
01-Feb-2025 17:26:47 CST  Initiating request to open file root://cmsxrootd.fnal.gov//store/mc/Run3Summer23MiniAODv4/TTLL_MLL-50_TuneCP5_13p6TeV_amcatnlo-pythia8/MINIAODSIM/130X_mcRun3_2023_realistic_v15-v2/70000/ceacc6e4-5c82-4a8a-a59b-b6921dce22ed.root
%MSG-w XrdAdaptorInternal:  file_open 01-Feb-2025 17:26:48 CST PostProcessEvent
Failed to open file at URL root://eos-c01.cms.rcac.purdue.edu:1101//store/mc/Run3Summer23MiniAODv4/TTLL_MLL-50_TuneCP5_13p6TeV_amcatnlo-pythia8/MINIAODSIM/130X_mcRun3_2023_realistic_v15-v2/70000/ceacc6e4-5c82-4a8a-a59b-b6921dce22ed.root?cap.msg=LZQstdodNHagq1gzAIYXamJo9xP8FMpFl28AEX3cCyIY4DZX/rqymaD06/1V9/8owV7bTScuADPENiREEDHR3/LbfGjjb24IKqsW+0PcyrX61ssUADCZocY0dQ2YElcX7Fek32S6Dxh2J6EgDy+/hlifLBLgu0XbmBFVLJPHF41SQoi/P+Z+UpWmDJi2YiqEcU2sl8skEL8ZSmSDleC2il18lEIytWBU6uncYANgWCNObU2+0KkbSsb6R/Qh3vTOBRtNdmA1pMoXbqgrzA8+58TFwZkd9x15kFjvymqrY2JZQTozBWF+qt+KJVf4Fj5SZGceJWabi/nHBADyJ90j2tjs+5luAuz0rAT3muNjySQF/2tq7aUOn9X0rVBtm12MOWchNON7ECaipFG7Wf1aLMidVl5ubPAs+MZjJsLj8I00w/kHQ+qx+Qvqq6uMAsccHsAVC10I7lB3opA3dQks9438WXt/HDA+DDHcFjfHUzZC35oAP16MdRgCXOND5s0+f4rKut/4RtUX666+SsNEwIb/7FzidO6fdjLRSbypz1iaFuYzAU2zRS3df4UX1c0eeufAeTY/kPRhzeAcMGNJ4N0tjAo5D7vg+2HGs+w5Ef8MtnUfq7KfC25CpRnBcUqHPSkSTUHks6SWNcvypAizapd3yHxyu++hustV9xeU4NLn2BamiVcIzfIUJ0qWccyCR8bNnFchiMuvm/Wp4BP3VF3pdL2U8XimJuxKL06VqFIzTmsJioryPLj7H8ZYiyZIeCG8cvy8E3JUO3CRXhYECIPT4YWFwJ9NPn5C6ouhfco77AkxDNFDADew1yUM95CTRl7wuy2EqyaPcfGFW3Dpsj8LcTB4pbq51wBbU86OvemfoJRh2uCKHcQ15MJRWiaF&cap.sym=aszWoh0CI9mITkIE2ISvoOJzQY0=&eos.clientinfo=zbase64:MDAwMDAwNmZ4nBXIUQrEIAxF0a3MBhqUmS8hi2mTJxXaKtFQZvetf+fe2nAlGxzo+/uUmraby5WnuuxQDpPj38Cb5wyDztGsVFbk1Y8x+93FIINR+yIhkpydTFah5qYOgnqKMcQHhbkm3w==&mgm.blockchecksum=ignore&mgm.id=03c060dc&mgm.logid=02309fe4-e0f4-11ef-92a1-bc2411272cf6&mgm.mtime=1719307610&mgm.replicahead=0&mgm.replicaindex=0&xrdcl.requuid=b48fd97f-0d87-4f8e-bf55-77c3bc00fb61.
%MSG
%MSG-w XrdAdaptorInternal:  file_open 01-Feb-2025 17:26:48 CST PostProcessEvent
Failed to open file at URL root://eos-c01.cms.rcac.purdue.edu:1101//store/mc/Run3Summer23MiniAODv4/TTLL_MLL-50_TuneCP5_13p6TeV_amcatnlo-pythia8/MINIAODSIM/130X_mcRun3_2023_realistic_v15-v2/70000/ceacc6e4-5c82-4a8a-a59b-b6921dce22ed.root?cap.msg=LZQstdodNHagq1gzAIYXamJo9xP8FMpFl28AEX3cCyIY4DZX/rqymaD06/1V9/8owV7bTScuADPENiREEDHR3/LbfGjjb24IKqsW+0PcyrX61ssUADCZocY0dQ2YElcX7Fek32S6Dxh2J6EgDy+/hlifLBLgu0XbmBFVLJPHF41SQoi/P+Z+UpWmDJi2YiqEcU2sl8skEL8ZSmSDleC2il18lEIytWBU6uncYANgWCNObU2+0KkbSsb6R/Qh3vTOBRtNdmA1pMoXbqgrzA8+58TFwZkd9x15kFjvymqrY2JZQTozBWF+qt+KJVf4Fj5SZGceJWabi/nHBADyJ90j2tjs+5luAuz0rAT3muNjySQF/2tq7aUOn9X0rVBtm12MOWchNON7ECaipFG7Wf1aLMidVl5ubPAs+MZjJsLj8I00w/kHQ+qx+Qvqq6uMAsccHsAVC10I7lB3opA3dQks9438WXt/HDA+DDHcFjfHUzZC35oAP16MdRgCXOND5s0+f4rKut/4RtUX666+SsNEwIb/7FzidO6fdjLRSbypz1iaFuYzAU2zRS3df4UX1c0eeufAeTY/kPRhzeAcMGNJ4N0tjAo5D7vg+2HGs+w5Ef8MtnUfq7KfC25CpRnBcUqHPSkSTUHks6SWNcvypAizapd3yHxyu++hustV9xeU4NLn2BamiVcIzfIUJ0qWccyCR8bNnFchiMuvm/Wp4BP3VF3pdL2U8XimJuxKL06VqFIzTmsJioryPLj7H8ZYiyZIeCG8cvy8E3JUO3CRXhYECIPT4YWFwJ9NPn5C6ouhfco77AkxDNFDADew1yUM95CTRl7wuy2EqyaPcfGFW3Dpsj8LcTB4pbq51wBbU86OvemfoJRh2uCKHcQ15MJRWiaF&cap.sym=aszWoh0CI9mITkIE2ISvoOJzQY0=&eos.clientinfo=zbase64:MDAwMDAwNmZ4nBXIUQrEIAxF0a3MBhqU+RmELKZNnlRoq0RDmd23/p17a8OVbHCg7+9TatpuLlee6rJDOUyOfwNvnjMMOkezUlmRVz/G7HcXgwxG7YuESHJ2MlmFmps6COopxhAfh0km4w==&mgm.blockchecksum=ignore&mgm.id=03c060dc&mgm.logid=023b93a4-e0f4-11ef-92a1-bc2411272cf6&mgm.mtime=1719307610&mgm.replicahead=0&mgm.replicaindex=0&tried=&xrdcl.requuid=e5dd50e1-9918-449f-a673-94c14e740564.
%MSG
%MSG-w RootInputFileSequence:  AfterFile 01-Feb-2025 17:26:48 CST  PostProcessEvent
Input file: root://cmsxrootd.fnal.gov//store/mc/Run3Summer23MiniAODv4/TTLL_MLL-50_TuneCP5_13p6TeV_amcatnlo-pythia8/MINIAODSIM/130X_mcRun3_2023_realistic_v15-v2/70000/ceacc6e4-5c82-4a8a-a59b-b6921dce22ed.root was not found or could not be opened, and will be skipped.

%MSG
01-Feb-2025 17:26:48 CST  Initiating request to open file root://cmsxrootd.fnal.gov//store/mc/Run3Summer23MiniAODv4/TTLL_MLL-50_TuneCP5_13p6TeV_amcatnlo-pythia8/MINIAODSIM/130X_mcRun3_2023_realistic_v15-v2/70000/984dde4a-ebe7-4450-85e1-4746f5df5b67.root
01-Feb-2025 17:26:50 CST  Successfully opened file root://cmsxrootd.fnal.gov//store/mc/Run3Summer23MiniAODv4/TTLL_MLL-50_TuneCP5_13p6TeV_amcatnlo-pythia8/MINIAODSIM/130X_mcRun3_2023_realistic_v15-v2/70000/984dde4a-ebe7-4450-85e1-4746f5df5b67.root
01-Feb-2025 17:26:52 CST  Closed file root://cmsxrootd.fnal.gov//store/mc/Run3Summer23MiniAODv4/TTLL_MLL-50_TuneCP5_13p6TeV_amcatnlo-pythia8/MINIAODSIM/130X_mcRun3_2023_realistic_v15-v2/70000/984dde4a-ebe7-4450-85e1-4746f5df5b67.root
01-Feb-2025 17:26:52 CST  Initiating request to open file root://cmsxrootd.fnal.gov//store/mc/Run3Summer23MiniAODv4/TTLL_MLL-50_TuneCP5_13p6TeV_amcatnlo-pythia8/MINIAODSIM/130X_mcRun3_2023_realistic_v15-v2/70000/246c6f44-eb61-4462-8335-987485618999.root
01-Feb-2025 17:26:54 CST  Successfully opened file root://cmsxrootd.fnal.gov//store/mc/Run3Summer23MiniAODv4/TTLL_MLL-50_TuneCP5_13p6TeV_amcatnlo-pythia8/MINIAODSIM/130X_mcRun3_2023_realistic_v15-v2/70000/246c6f44-eb61-4462-8335-987485618999.root
01-Feb-2025 17:26:56 CST  Closed file root://cmsxrootd.fnal.gov//store/mc/Run3Summer23MiniAODv4/TTLL_MLL-50_TuneCP5_13p6TeV_amcatnlo-pythia8/MINIAODSIM/130X_mcRun3_2023_realistic_v15-v2/70000/246c6f44-eb61-4462-8335-987485618999.root
01-Feb-2025 17:26:56 CST  Initiating request to open file root://cmsxrootd.fnal.gov//store/mc/Run3Summer23MiniAODv4/TTLL_MLL-50_TuneCP5_13p6TeV_amcatnlo-pythia8/MINIAODSIM/130X_mcRun3_2023_realistic_v15-v2/70000/1b5d30e8-40dd-447a-b205-90cba9681c09.root
01-Feb-2025 17:26:58 CST  Successfully opened file root://cmsxrootd.fnal.gov//store/mc/Run3Summer23MiniAODv4/TTLL_MLL-50_TuneCP5_13p6TeV_amcatnlo-pythia8/MINIAODSIM/130X_mcRun3_2023_realistic_v15-v2/70000/1b5d30e8-40dd-447a-b205-90cba9681c09.root
01-Feb-2025 17:27:00 CST  Closed file root://cmsxrootd.fnal.gov//store/mc/Run3Summer23MiniAODv4/TTLL_MLL-50_TuneCP5_13p6TeV_amcatnlo-pythia8/MINIAODSIM/130X_mcRun3_2023_realistic_v15-v2/70000/1b5d30e8-40dd-447a-b205-90cba9681c09.root
01-Feb-2025 17:27:00 CST  Initiating request to open file root://cmsxrootd.fnal.gov//store/mc/Run3Summer23MiniAODv4/TTLL_MLL-50_TuneCP5_13p6TeV_amcatnlo-pythia8/MINIAODSIM/130X_mcRun3_2023_realistic_v15-v2/70000/81b9ed74-cfd6-4632-9555-e9642f0fd5a4.root
%MSG-w XrdAdaptorInternal:  file_open 01-Feb-2025 17:27:01 CST PostProcessEvent
Failed to open file at URL root://eos-c01.cms.rcac.purdue.edu:1101//store/mc/Run3Summer23MiniAODv4/TTLL_MLL-50_TuneCP5_13p6TeV_amcatnlo-pythia8/MINIAODSIM/130X_mcRun3_2023_realistic_v15-v2/70000/81b9ed74-cfd6-4632-9555-e9642f0fd5a4.root?cap.msg=LZQstdodNHagq1gzAIYXamJo9xP8FMpFl28AEX3cCyIY4DZX/rqymaD06/1V9/8owV7bTScuADPENiREEDHR3/LbfGjjb24IKqsW+0PcyrX61ssUADCZocY0dQ2YElcX7Fek32S6Dxh2J6EgDy+/hlifLBLgu0XbmBFVLJPHF41SQoi/P+Z+UpWmDJi2YiqEcU2sl8skEL8ZSmSDleC2il18lEIytWBU6uncYANgWCNObU2+0KkbSsb6R/Qh3vTOBRtNdmA1pMohJ15z8PQn8zPtNXauWMjcRjtaH4kCworv7meIw9rS+MRRVwS4tbuhmlSrxhTeR4OYF90H6RPH6UIhIkTwoDAedCKsRip8j3C+OBxAzV7+x0/h5EC748ybUWsiM0qJiSS6hq9RTvtMOvmaddlGw/0c2wtOn0q1yKf9R4QAIZC8U0WFKho6r59rAVUaP517oq6o/I6Gxdsgt31NokZ9XPqn6N3zFtFLhQCJpL7P/S7hkZLPFrnl57iKQjDbiTwe46QtzukKvicHTTSU61VSq3d9N23O72AGt3eI0oxAOKS25XxwGtXnB+NCHZsVwjf9OTgu5F2vgj3TBAB6zdKdj9OI+zKRT5fZqhux3zAIQtjSCia6QTANzbUvZDnOaGA00zE18eLWVFpqM6eB0DpyAr5Yl7G82KgBL40+qc9CXTUjput7mWCLc91WNMsETZkYYyiR6QLsxoGs3sEXHjp5BSMMdukp6lbwPp3Gl2uvQ7uLHBtZxJDwZlfcNoj+ELCI4tpmEE3cGHmHK4bVe/rg0PDffBK7I8qbbU/cBXbMUtVlCJG2Xj9pRCYT4EKgsl/0QsmxJ9qBftDDum30ycbeK7fUvyKO85C0Ar8r69e5VWeaZZSl2Qx5btO3&cap.sym=aszWoh0CI9mITkIE2ISvoOJzQY0=&eos.clientinfo=zbase64:MDAwMDAwNmZ4nBXIUQ6EIAxF0a3MBmxg/oaki9H2EUlUSKExs3vl79xbG65kgwN9f59S03ZzufJUlx3KYXL8G3jznGHQOZqVyoq8+jFmv7sYZDBqXyREkrOTySrU3NRBUE8xhvgAh0gm4w==&mgm.blockchecksum=ignore&mgm.id=03bfd643&mgm.logid=09aa4388-e0f4-11ef-816f-bc2411272cf6&mgm.mtime=1719288192&mgm.replicahead=1&mgm.replicaindex=1&xrdcl.requuid=ec101c8b-4ffb-472d-b6f7-36a3e360d517.
%MSG
01-Feb-2025 17:27:02 CST  Successfully opened file root://cmsxrootd.fnal.gov//store/mc/Run3Summer23MiniAODv4/TTLL_MLL-50_TuneCP5_13p6TeV_amcatnlo-pythia8/MINIAODSIM/130X_mcRun3_2023_realistic_v15-v2/70000/81b9ed74-cfd6-4632-9555-e9642f0fd5a4.root
01-Feb-2025 17:27:03 CST  Closed file root://cmsxrootd.fnal.gov//store/mc/Run3Summer23MiniAODv4/TTLL_MLL-50_TuneCP5_13p6TeV_amcatnlo-pythia8/MINIAODSIM/130X_mcRun3_2023_realistic_v15-v2/70000/81b9ed74-cfd6-4632-9555-e9642f0fd5a4.root
01-Feb-2025 17:27:03 CST  Initiating request to open file root://cmsxrootd.fnal.gov//store/mc/Run3Summer23MiniAODv4/TTLL_MLL-50_TuneCP5_13p6TeV_amcatnlo-pythia8/MINIAODSIM/130X_mcRun3_2023_realistic_v15-v2/70000/f6ef2262-bf9d-44dc-8fea-96b46128c19b.root
01-Feb-2025 17:27:05 CST  Successfully opened file root://cmsxrootd.fnal.gov//store/mc/Run3Summer23MiniAODv4/TTLL_MLL-50_TuneCP5_13p6TeV_amcatnlo-pythia8/MINIAODSIM/130X_mcRun3_2023_realistic_v15-v2/70000/f6ef2262-bf9d-44dc-8fea-96b46128c19b.root
01-Feb-2025 17:27:07 CST  Closed file root://cmsxrootd.fnal.gov//store/mc/Run3Summer23MiniAODv4/TTLL_MLL-50_TuneCP5_13p6TeV_amcatnlo-pythia8/MINIAODSIM/130X_mcRun3_2023_realistic_v15-v2/70000/f6ef2262-bf9d-44dc-8fea-96b46128c19b.root
01-Feb-2025 17:27:07 CST  Initiating request to open file root://cmsxrootd.fnal.gov//store/mc/Run3Summer23MiniAODv4/TTLL_MLL-50_TuneCP5_13p6TeV_amcatnlo-pythia8/MINIAODSIM/130X_mcRun3_2023_realistic_v15-v2/70000/e3eda895-265f-48ea-9d6a-c750bb402c63.root
01-Feb-2025 17:27:09 CST  Successfully opened file root://cmsxrootd.fnal.gov//store/mc/Run3Summer23MiniAODv4/TTLL_MLL-50_TuneCP5_13p6TeV_amcatnlo-pythia8/MINIAODSIM/130X_mcRun3_2023_realistic_v15-v2/70000/e3eda895-265f-48ea-9d6a-c750bb402c63.root
01-Feb-2025 17:27:10 CST  Closed file root://cmsxrootd.fnal.gov//store/mc/Run3Summer23MiniAODv4/TTLL_MLL-50_TuneCP5_13p6TeV_amcatnlo-pythia8/MINIAODSIM/130X_mcRun3_2023_realistic_v15-v2/70000/e3eda895-265f-48ea-9d6a-c750bb402c63.root
01-Feb-2025 17:27:10 CST  Initiating request to open file root://cmsxrootd.fnal.gov//store/mc/Run3Summer23MiniAODv4/TTLL_MLL-50_TuneCP5_13p6TeV_amcatnlo-pythia8/MINIAODSIM/130X_mcRun3_2023_realistic_v15-v2/70000/814e2cd3-e5f1-4262-a19b-01c4588740e9.root
01-Feb-2025 17:27:12 CST  Successfully opened file root://cmsxrootd.fnal.gov//store/mc/Run3Summer23MiniAODv4/TTLL_MLL-50_TuneCP5_13p6TeV_amcatnlo-pythia8/MINIAODSIM/130X_mcRun3_2023_realistic_v15-v2/70000/814e2cd3-e5f1-4262-a19b-01c4588740e9.root
01-Feb-2025 17:27:13 CST  Closed file root://cmsxrootd.fnal.gov//store/mc/Run3Summer23MiniAODv4/TTLL_MLL-50_TuneCP5_13p6TeV_amcatnlo-pythia8/MINIAODSIM/130X_mcRun3_2023_realistic_v15-v2/70000/814e2cd3-e5f1-4262-a19b-01c4588740e9.root
01-Feb-2025 17:27:13 CST  Initiating request to open file root://cmsxrootd.fnal.gov//store/mc/Run3Summer23MiniAODv4/TTLL_MLL-50_TuneCP5_13p6TeV_amcatnlo-pythia8/MINIAODSIM/130X_mcRun3_2023_realistic_v15-v2/70000/445b2855-b3ad-446a-a3c3-8b5c69c771b0.root
01-Feb-2025 17:27:15 CST  Successfully opened file root://cmsxrootd.fnal.gov//store/mc/Run3Summer23MiniAODv4/TTLL_MLL-50_TuneCP5_13p6TeV_amcatnlo-pythia8/MINIAODSIM/130X_mcRun3_2023_realistic_v15-v2/70000/445b2855-b3ad-446a-a3c3-8b5c69c771b0.root
Begin processing the 700001st record. Run 1, Event 377004, LumiSection 378 on stream 0 at 01-Feb-2025 17:27:17.100 CST
01-Feb-2025 17:27:17 CST  Closed file root://cmsxrootd.fnal.gov//store/mc/Run3Summer23MiniAODv4/TTLL_MLL-50_TuneCP5_13p6TeV_amcatnlo-pythia8/MINIAODSIM/130X_mcRun3_2023_realistic_v15-v2/70000/445b2855-b3ad-446a-a3c3-8b5c69c771b0.root
01-Feb-2025 17:27:17 CST  Initiating request to open file root://cmsxrootd.fnal.gov//store/mc/Run3Summer23MiniAODv4/TTLL_MLL-50_TuneCP5_13p6TeV_amcatnlo-pythia8/MINIAODSIM/130X_mcRun3_2023_realistic_v15-v2/70000/4c75b9ad-1f70-4d43-b459-c3249b326254.root
01-Feb-2025 17:27:19 CST  Successfully opened file root://cmsxrootd.fnal.gov//store/mc/Run3Summer23MiniAODv4/TTLL_MLL-50_TuneCP5_13p6TeV_amcatnlo-pythia8/MINIAODSIM/130X_mcRun3_2023_realistic_v15-v2/70000/4c75b9ad-1f70-4d43-b459-c3249b326254.root
01-Feb-2025 17:27:21 CST  Closed file root://cmsxrootd.fnal.gov//store/mc/Run3Summer23MiniAODv4/TTLL_MLL-50_TuneCP5_13p6TeV_amcatnlo-pythia8/MINIAODSIM/130X_mcRun3_2023_realistic_v15-v2/70000/4c75b9ad-1f70-4d43-b459-c3249b326254.root
01-Feb-2025 17:27:21 CST  Initiating request to open file root://cmsxrootd.fnal.gov//store/mc/Run3Summer23MiniAODv4/TTLL_MLL-50_TuneCP5_13p6TeV_amcatnlo-pythia8/MINIAODSIM/130X_mcRun3_2023_realistic_v15-v2/70000/d1d879d0-7f73-4577-96e4-0f4b1a564ac2.root
01-Feb-2025 17:27:23 CST  Successfully opened file root://cmsxrootd.fnal.gov//store/mc/Run3Summer23MiniAODv4/TTLL_MLL-50_TuneCP5_13p6TeV_amcatnlo-pythia8/MINIAODSIM/130X_mcRun3_2023_realistic_v15-v2/70000/d1d879d0-7f73-4577-96e4-0f4b1a564ac2.root
01-Feb-2025 17:27:24 CST  Closed file root://cmsxrootd.fnal.gov//store/mc/Run3Summer23MiniAODv4/TTLL_MLL-50_TuneCP5_13p6TeV_amcatnlo-pythia8/MINIAODSIM/130X_mcRun3_2023_realistic_v15-v2/70000/d1d879d0-7f73-4577-96e4-0f4b1a564ac2.root
01-Feb-2025 17:27:24 CST  Initiating request to open file root://cmsxrootd.fnal.gov//store/mc/Run3Summer23MiniAODv4/TTLL_MLL-50_TuneCP5_13p6TeV_amcatnlo-pythia8/MINIAODSIM/130X_mcRun3_2023_realistic_v15-v2/70000/a0c27d5f-f170-4297-9bf4-071c230f6bad.root
%MSG-w XrdAdaptorInternal:  file_open 01-Feb-2025 17:27:25 CST PostProcessEvent
Failed to open file at URL root://eos-c01.cms.rcac.purdue.edu:1101//store/mc/Run3Summer23MiniAODv4/TTLL_MLL-50_TuneCP5_13p6TeV_amcatnlo-pythia8/MINIAODSIM/130X_mcRun3_2023_realistic_v15-v2/70000/a0c27d5f-f170-4297-9bf4-071c230f6bad.root?cap.msg=LZQstdodNHagq1gzAIYXamJo9xP8FMpFl28AEX3cCyIY4DZX/rqymaD06/1V9/8owV7bTScuADPENiREEDHR3/LbfGjjb24IKqsW+0PcyrX61ssUADCZocY0dQ2YElcX7Fek32S6Dxh2J6EgDy+/hlifLBLgu0XbmBFVLJPHF41SQoi/P+Z+UpWmDJi2YiqEcU2sl8skEL8ZSmSDleC2il18lEIytWBU6uncYANgWCNObU2+0KkbSsb6R/Qh3vTOBRtNdmA1pMo4xXdzLoG6gZRWaKex7veTetriwRYAYh6wGSszVU8NiyS5ks9bw4ASCWfpZ5dyonyPKIB0i2DFasJrWx/wqqM6/Xr3xQ24R6py91cJgvPbdqAmTCS7oAEk5JTZ1vB0JoFYeOyzHs7JG3dEMZALyxqsV9ZSguNvgV4BKw5wKPe2QzjWXEEPmTja6Wcs4oQDAOR3EY+ImaLQD3lWHgo1vVA7P6b0oFkl4cdgiJ7gHj+z4fg7GLQB02z8GFtsohzjNNdxVxphxyVu2ej8RwTi/ZMtW/I/bEITad377RYdw0StQbmxFGNDt6lU2/DlLqSAwQ0dXjHqqBuS4aQqevXd7jTBe5PICT9WcRLxacLkE/HaTqAO5nIFM9NK+VpWVnKtH5Dh/oR6yxs4bVn9l9LPX/dNvcKEXfC6xqQuFPdzsHYCLIe2/+gsWaeFxXibfeuoHs8NQyh+T+GK44+EwNw1tJomO+dFf/L/eT3JsNqLN3wS15r0nZRGMWtUYF+Nk5LYVFZ0g+Ht4jV1v+z+pbJjOOf5VUQNOAGs+8p9Vjkjzys2jjl/2zTB+5s7ZKf3OTdNT5nUJ1IT3YSC274QgWRSuFKONQ1yzsoYjCV6eBuxnOB9wZUq2H2OxmyPyB/CmA90xZw=&cap.sym=aszWoh0CI9mITkIE2ISvoOJzQY0=&eos.clientinfo=zbase64:MDAwMDAwNmZ4nBXIUQ6EIAxF0a3MBmxg5o+ki9H2EUlUSKExs3vl79xbG65kgwP9vp9S03ZzufJUlx3KYXL8G3jznGHQOZqVyoq8+jFmv7sYZDBqXyREkrOTySrU3NRBUE8xhvgAhPEm3Q==&mgm.blockchecksum=ignore&mgm.id=03b4347d&mgm.logid=186f9c38-e0f4-11ef-8b7d-bc2411272cf6&mgm.mtime=1718458605&mgm.replicahead=1&mgm.replicaindex=1&xrdcl.requuid=4ce5a49c-39bc-43b3-befa-575d38565830.
%MSG
%MSG-w XrdAdaptorInternal:  file_open 01-Feb-2025 17:27:25 CST PostProcessEvent
Failed to open file at URL root://eos-c01.cms.rcac.purdue.edu:1101//store/mc/Run3Summer23MiniAODv4/TTLL_MLL-50_TuneCP5_13p6TeV_amcatnlo-pythia8/MINIAODSIM/130X_mcRun3_2023_realistic_v15-v2/70000/a0c27d5f-f170-4297-9bf4-071c230f6bad.root?cap.msg=LZQstdodNHagq1gzAIYXamJo9xP8FMpFl28AEX3cCyIY4DZX/rqymaD06/1V9/8owV7bTScuADPENiREEDHR3/LbfGjjb24IKqsW+0PcyrX61ssUADCZocY0dQ2YElcX7Fek32S6Dxh2J6EgDy+/hlifLBLgu0XbmBFVLJPHF41SQoi/P+Z+UpWmDJi2YiqEcU2sl8skEL8ZSmSDleC2il18lEIytWBU6uncYANgWCNObU2+0KkbSsb6R/Qh3vTOBRtNdmA1pMo4xXdzLoG6gZRWaKex7veTetriwRYAYh6wGSszVU8NiyS5ks9bw4ASCWfpZ5dyonyPKIB0i2DFasJrWx/wqqM6/Xr3xQ24R6py91cJgvPbdqAmTCS7oAEk5JTZ1vB0JoFYeOyzHs7JG3dEMZALyxqsV9ZSguNvgV4BKw5wKPe2QzjWXEEPmTja6Wcs4oQDAOR3EY+ImaLQD3lWHgo1vVA7P6b0oFkl4cdgiJ7gHj+z4fg7GLQB02z8GFtsohzjNNdxVxphxyVu2ej8RwTi/ZMtW/I/bEITad377RYdw0StQbmxFGNDt6lU2/DlLqSAwQ0dXjHqqBuS4aQqevXd7jTBe5PICT9WcRLxacLkE/HaTqAO5nIFM9NK+VpWVnKtH5Dh/oR6yxs4bVn9l9LPX/dNvcKEXfC6xqQuFPdzsHYCLIe2/+gsWaeFxXibfeuoHs8NQyh+T+GK44+EwNw1tJomO+dFf/L/eT3JsNqLN3wS15r0nZRGMWtUYF+Nk5LYVFZ0g+Ht4jV1v+z+pbJjOOf5VUQNOAGs+8p9Vjkjzys2jjl/2zTB+5s7ZKf3OTdNT5nUJ1IT3YSC274QgWRSuFKONQ1yzsoYjCV6eBuxnOB9wZUq2H2OxmyPyB/CmA90xZw=&cap.sym=aszWoh0CI9mITkIE2ISvoOJzQY0=&eos.clientinfo=zbase64:MDAwMDAwNmZ4nBXIUQ6EIAxF0a3MBmxg5o+ki9H2EUlUSKExs3vl79xbG65kgwP9vp9S03ZzufJUlx3KYXL8G3jznGHQOZqVyoq8+jFmv7sYZDBqXyREkrOTySrU3NRBUE8xhvgAhPEm3Q==&mgm.blockchecksum=ignore&mgm.id=03b4347d&mgm.logid=1875c4c8-e0f4-11ef-8b7d-bc2411272cf6&mgm.mtime=1718458605&mgm.replicahead=1&mgm.replicaindex=1&tried=&xrdcl.requuid=7cd59853-d7e2-45e3-a00f-ccb381d2dc3e.
%MSG
%MSG-w RootInputFileSequence:  AfterFile 01-Feb-2025 17:27:25 CST  PostProcessEvent
Input file: root://cmsxrootd.fnal.gov//store/mc/Run3Summer23MiniAODv4/TTLL_MLL-50_TuneCP5_13p6TeV_amcatnlo-pythia8/MINIAODSIM/130X_mcRun3_2023_realistic_v15-v2/70000/a0c27d5f-f170-4297-9bf4-071c230f6bad.root was not found or could not be opened, and will be skipped.

%MSG
      0.086461      0.000110      0.165939             0
 

------------------------------------
GenXsecAnalyzer:
------------------------------------
-------------------------------------------------------------------------------------------------------------------------------------------------------------------------- 
Overall cross-section summary 
--------------------------------------------------------------------------------------------------------------------------------------------------------------------------
Process		xsec_before [pb]		passed	nposw	nnegw	tried	nposw	nnegw 	xsec_match [pb]			accepted [%]	 event_eff [%]
0		8.646e-02 +/- 3.903e-05		767000	582891	184109	767000	582891	184109	8.646e-02 +/- 3.903e-05		100.0 +/- 0.0	100.0 +/- 0.0
-------------------------------------------------------------------------------------------------------------------------------------------------------------------------- 
Total		8.646e-02 +/- 3.903e-05		767000	582891	184109	767000	582891	184109	8.646e-02 +/- 3.903e-05		100.0 +/- 0.0	100.0 +/- 0.0
--------------------------------------------------------------------------------------------------------------------------------------------------------------------------
Before matching: total cross section = 8.646e-02 +- 3.903e-05 pb
After matching: total cross section = 8.646e-02 +- 3.903e-05 pb
Matching efficiency = 1.0 +/- 0.0   [TO BE USED IN MCM]
Filter efficiency (taking into account weights)= (66173.4) / (66173.4) = 1.000e+00 +- 0.000e+00
Filter efficiency (event-level)= (767000) / (767000) = 1.000e+00 +- 0.000e+00    [TO BE USED IN MCM]

After filter: final cross section = 8.646e-02 +- 3.903e-05 pb
After filter: final fraction of events with negative weights = 2.400e-01 +- 5.748e-05
After filter: final equivalent lumi for 1M events (1/fb) = 3.127e+03 +- 1.923e+00
