01-Feb-2025 17:21:41 CST  Initiating request to open file root://cmsxrootd.fnal.gov//store/mc/Run3Summer23MiniAODv4/TTLL_MLL-4to50_TuneCP5_13p6TeV_amcatnlo-pythia8/MINIAODSIM/130X_mcRun3_2023_realistic_v15-v2/80000/d22df761-5770-438d-8e10-855740347fa9.root
01-Feb-2025 17:21:46 CST  Successfully opened file root://cmsxrootd.fnal.gov//store/mc/Run3Summer23MiniAODv4/TTLL_MLL-4to50_TuneCP5_13p6TeV_amcatnlo-pythia8/MINIAODSIM/130X_mcRun3_2023_realistic_v15-v2/80000/d22df761-5770-438d-8e10-855740347fa9.root
Begin processing the 1st record. Run 1, Event 42002, LumiSection 43 on stream 0 at 01-Feb-2025 17:21:53.484 CST
01-Feb-2025 17:21:53 CST  Closed file root://cmsxrootd.fnal.gov//store/mc/Run3Summer23MiniAODv4/TTLL_MLL-4to50_TuneCP5_13p6TeV_amcatnlo-pythia8/MINIAODSIM/130X_mcRun3_2023_realistic_v15-v2/80000/d22df761-5770-438d-8e10-855740347fa9.root
01-Feb-2025 17:21:53 CST  Initiating request to open file root://cmsxrootd.fnal.gov//store/mc/Run3Summer23MiniAODv4/TTLL_MLL-4to50_TuneCP5_13p6TeV_amcatnlo-pythia8/MINIAODSIM/130X_mcRun3_2023_realistic_v15-v2/80000/c19d399d-5589-4fe6-bfa2-28bf4e584459.root
[2025-02-01 17:22:39.694128 -0600][Error  ][AsyncSock         ] [xrootd-se37-vanderbilt.sites.opensciencegrid.org:1094.0] Socket error while handshaking: [ERROR] Socket timeout
[2025-02-01 17:22:39.694256 -0600][Error  ][PostMaster        ] [xrootd-se37-vanderbilt.sites.opensciencegrid.org:1094] elapsed = 45, pConnectionWindow = 31 seconds.
01-Feb-2025 17:22:41 CST  Successfully opened file root://cmsxrootd.fnal.gov//store/mc/Run3Summer23MiniAODv4/TTLL_MLL-4to50_TuneCP5_13p6TeV_amcatnlo-pythia8/MINIAODSIM/130X_mcRun3_2023_realistic_v15-v2/80000/c19d399d-5589-4fe6-bfa2-28bf4e584459.root
01-Feb-2025 17:22:43 CST  Closed file root://cmsxrootd.fnal.gov//store/mc/Run3Summer23MiniAODv4/TTLL_MLL-4to50_TuneCP5_13p6TeV_amcatnlo-pythia8/MINIAODSIM/130X_mcRun3_2023_realistic_v15-v2/80000/c19d399d-5589-4fe6-bfa2-28bf4e584459.root
01-Feb-2025 17:22:43 CST  Initiating request to open file root://cmsxrootd.fnal.gov//store/mc/Run3Summer23MiniAODv4/TTLL_MLL-4to50_TuneCP5_13p6TeV_amcatnlo-pythia8/MINIAODSIM/130X_mcRun3_2023_realistic_v15-v2/80000/36ae2a55-e5ad-456e-92f0-26739e04ab09.root
01-Feb-2025 17:22:45 CST  Successfully opened file root://cmsxrootd.fnal.gov//store/mc/Run3Summer23MiniAODv4/TTLL_MLL-4to50_TuneCP5_13p6TeV_amcatnlo-pythia8/MINIAODSIM/130X_mcRun3_2023_realistic_v15-v2/80000/36ae2a55-e5ad-456e-92f0-26739e04ab09.root
01-Feb-2025 17:22:47 CST  Closed file root://cmsxrootd.fnal.gov//store/mc/Run3Summer23MiniAODv4/TTLL_MLL-4to50_TuneCP5_13p6TeV_amcatnlo-pythia8/MINIAODSIM/130X_mcRun3_2023_realistic_v15-v2/80000/36ae2a55-e5ad-456e-92f0-26739e04ab09.root
01-Feb-2025 17:22:47 CST  Initiating request to open file root://cmsxrootd.fnal.gov//store/mc/Run3Summer23MiniAODv4/TTLL_MLL-4to50_TuneCP5_13p6TeV_amcatnlo-pythia8/MINIAODSIM/130X_mcRun3_2023_realistic_v15-v2/80000/20b854a9-33b9-4312-b9ac-cf189d84e6e9.root
01-Feb-2025 17:22:49 CST  Successfully opened file root://cmsxrootd.fnal.gov//store/mc/Run3Summer23MiniAODv4/TTLL_MLL-4to50_TuneCP5_13p6TeV_amcatnlo-pythia8/MINIAODSIM/130X_mcRun3_2023_realistic_v15-v2/80000/20b854a9-33b9-4312-b9ac-cf189d84e6e9.root
01-Feb-2025 17:22:52 CST  Closed file root://cmsxrootd.fnal.gov//store/mc/Run3Summer23MiniAODv4/TTLL_MLL-4to50_TuneCP5_13p6TeV_amcatnlo-pythia8/MINIAODSIM/130X_mcRun3_2023_realistic_v15-v2/80000/20b854a9-33b9-4312-b9ac-cf189d84e6e9.root
01-Feb-2025 17:22:52 CST  Initiating request to open file root://cmsxrootd.fnal.gov//store/mc/Run3Summer23MiniAODv4/TTLL_MLL-4to50_TuneCP5_13p6TeV_amcatnlo-pythia8/MINIAODSIM/130X_mcRun3_2023_realistic_v15-v2/80000/92812df7-47f7-4d2b-8348-90c4f427d4c7.root
01-Feb-2025 17:22:54 CST  Successfully opened file root://cmsxrootd.fnal.gov//store/mc/Run3Summer23MiniAODv4/TTLL_MLL-4to50_TuneCP5_13p6TeV_amcatnlo-pythia8/MINIAODSIM/130X_mcRun3_2023_realistic_v15-v2/80000/92812df7-47f7-4d2b-8348-90c4f427d4c7.root
01-Feb-2025 17:22:57 CST  Closed file root://cmsxrootd.fnal.gov//store/mc/Run3Summer23MiniAODv4/TTLL_MLL-4to50_TuneCP5_13p6TeV_amcatnlo-pythia8/MINIAODSIM/130X_mcRun3_2023_realistic_v15-v2/80000/92812df7-47f7-4d2b-8348-90c4f427d4c7.root
01-Feb-2025 17:22:57 CST  Initiating request to open file root://cmsxrootd.fnal.gov//store/mc/Run3Summer23MiniAODv4/TTLL_MLL-4to50_TuneCP5_13p6TeV_amcatnlo-pythia8/MINIAODSIM/130X_mcRun3_2023_realistic_v15-v2/80000/ed9d0a14-5009-4d01-865b-b4d4f89b9ed3.root
01-Feb-2025 17:22:59 CST  Successfully opened file root://cmsxrootd.fnal.gov//store/mc/Run3Summer23MiniAODv4/TTLL_MLL-4to50_TuneCP5_13p6TeV_amcatnlo-pythia8/MINIAODSIM/130X_mcRun3_2023_realistic_v15-v2/80000/ed9d0a14-5009-4d01-865b-b4d4f89b9ed3.root
Begin processing the 100001st record. Run 1, Event 385003, LumiSection 386 on stream 0 at 01-Feb-2025 17:23:02.261 CST
01-Feb-2025 17:23:02 CST  Closed file root://cmsxrootd.fnal.gov//store/mc/Run3Summer23MiniAODv4/TTLL_MLL-4to50_TuneCP5_13p6TeV_amcatnlo-pythia8/MINIAODSIM/130X_mcRun3_2023_realistic_v15-v2/80000/ed9d0a14-5009-4d01-865b-b4d4f89b9ed3.root
01-Feb-2025 17:23:02 CST  Initiating request to open file root://cmsxrootd.fnal.gov//store/mc/Run3Summer23MiniAODv4/TTLL_MLL-4to50_TuneCP5_13p6TeV_amcatnlo-pythia8/MINIAODSIM/130X_mcRun3_2023_realistic_v15-v2/80000/934b5c05-6fe3-4039-b5ea-5c5af9ca8796.root
01-Feb-2025 17:23:04 CST  Successfully opened file root://cmsxrootd.fnal.gov//store/mc/Run3Summer23MiniAODv4/TTLL_MLL-4to50_TuneCP5_13p6TeV_amcatnlo-pythia8/MINIAODSIM/130X_mcRun3_2023_realistic_v15-v2/80000/934b5c05-6fe3-4039-b5ea-5c5af9ca8796.root
01-Feb-2025 17:23:07 CST  Closed file root://cmsxrootd.fnal.gov//store/mc/Run3Summer23MiniAODv4/TTLL_MLL-4to50_TuneCP5_13p6TeV_amcatnlo-pythia8/MINIAODSIM/130X_mcRun3_2023_realistic_v15-v2/80000/934b5c05-6fe3-4039-b5ea-5c5af9ca8796.root
01-Feb-2025 17:23:07 CST  Initiating request to open file root://cmsxrootd.fnal.gov//store/mc/Run3Summer23MiniAODv4/TTLL_MLL-4to50_TuneCP5_13p6TeV_amcatnlo-pythia8/MINIAODSIM/130X_mcRun3_2023_realistic_v15-v2/80000/4dd06191-7800-4f18-8468-61aa104b8ecb.root
01-Feb-2025 17:23:10 CST  Successfully opened file root://cmsxrootd.fnal.gov//store/mc/Run3Summer23MiniAODv4/TTLL_MLL-4to50_TuneCP5_13p6TeV_amcatnlo-pythia8/MINIAODSIM/130X_mcRun3_2023_realistic_v15-v2/80000/4dd06191-7800-4f18-8468-61aa104b8ecb.root
01-Feb-2025 17:23:12 CST  Closed file root://cmsxrootd.fnal.gov//store/mc/Run3Summer23MiniAODv4/TTLL_MLL-4to50_TuneCP5_13p6TeV_amcatnlo-pythia8/MINIAODSIM/130X_mcRun3_2023_realistic_v15-v2/80000/4dd06191-7800-4f18-8468-61aa104b8ecb.root
01-Feb-2025 17:23:12 CST  Initiating request to open file root://cmsxrootd.fnal.gov//store/mc/Run3Summer23MiniAODv4/TTLL_MLL-4to50_TuneCP5_13p6TeV_amcatnlo-pythia8/MINIAODSIM/130X_mcRun3_2023_realistic_v15-v2/80000/7967c393-54d5-4c7c-b348-254b6570b199.root
01-Feb-2025 17:23:15 CST  Successfully opened file root://cmsxrootd.fnal.gov//store/mc/Run3Summer23MiniAODv4/TTLL_MLL-4to50_TuneCP5_13p6TeV_amcatnlo-pythia8/MINIAODSIM/130X_mcRun3_2023_realistic_v15-v2/80000/7967c393-54d5-4c7c-b348-254b6570b199.root
Begin processing the 200001st record. Run 1, Event 275002, LumiSection 276 on stream 0 at 01-Feb-2025 17:23:17.130 CST
01-Feb-2025 17:23:17 CST  Closed file root://cmsxrootd.fnal.gov//store/mc/Run3Summer23MiniAODv4/TTLL_MLL-4to50_TuneCP5_13p6TeV_amcatnlo-pythia8/MINIAODSIM/130X_mcRun3_2023_realistic_v15-v2/80000/7967c393-54d5-4c7c-b348-254b6570b199.root
01-Feb-2025 17:23:17 CST  Initiating request to open file root://cmsxrootd.fnal.gov//store/mc/Run3Summer23MiniAODv4/TTLL_MLL-4to50_TuneCP5_13p6TeV_amcatnlo-pythia8/MINIAODSIM/130X_mcRun3_2023_realistic_v15-v2/80000/6c31a329-63cf-4128-9c58-8d9c5d926a7a.root
01-Feb-2025 17:23:19 CST  Successfully opened file root://cmsxrootd.fnal.gov//store/mc/Run3Summer23MiniAODv4/TTLL_MLL-4to50_TuneCP5_13p6TeV_amcatnlo-pythia8/MINIAODSIM/130X_mcRun3_2023_realistic_v15-v2/80000/6c31a329-63cf-4128-9c58-8d9c5d926a7a.root
01-Feb-2025 17:23:21 CST  Closed file root://cmsxrootd.fnal.gov//store/mc/Run3Summer23MiniAODv4/TTLL_MLL-4to50_TuneCP5_13p6TeV_amcatnlo-pythia8/MINIAODSIM/130X_mcRun3_2023_realistic_v15-v2/80000/6c31a329-63cf-4128-9c58-8d9c5d926a7a.root
01-Feb-2025 17:23:21 CST  Initiating request to open file root://cmsxrootd.fnal.gov//store/mc/Run3Summer23MiniAODv4/TTLL_MLL-4to50_TuneCP5_13p6TeV_amcatnlo-pythia8/MINIAODSIM/130X_mcRun3_2023_realistic_v15-v2/80000/9d22514b-a79d-404c-9760-77b569f0fd9e.root
01-Feb-2025 17:23:23 CST  Successfully opened file root://cmsxrootd.fnal.gov//store/mc/Run3Summer23MiniAODv4/TTLL_MLL-4to50_TuneCP5_13p6TeV_amcatnlo-pythia8/MINIAODSIM/130X_mcRun3_2023_realistic_v15-v2/80000/9d22514b-a79d-404c-9760-77b569f0fd9e.root
01-Feb-2025 17:23:26 CST  Closed file root://cmsxrootd.fnal.gov//store/mc/Run3Summer23MiniAODv4/TTLL_MLL-4to50_TuneCP5_13p6TeV_amcatnlo-pythia8/MINIAODSIM/130X_mcRun3_2023_realistic_v15-v2/80000/9d22514b-a79d-404c-9760-77b569f0fd9e.root
01-Feb-2025 17:23:26 CST  Initiating request to open file root://cmsxrootd.fnal.gov//store/mc/Run3Summer23MiniAODv4/TTLL_MLL-4to50_TuneCP5_13p6TeV_amcatnlo-pythia8/MINIAODSIM/130X_mcRun3_2023_realistic_v15-v2/80000/457abe9f-f148-4d10-85e0-48c228374137.root
01-Feb-2025 17:23:28 CST  Successfully opened file root://cmsxrootd.fnal.gov//store/mc/Run3Summer23MiniAODv4/TTLL_MLL-4to50_TuneCP5_13p6TeV_amcatnlo-pythia8/MINIAODSIM/130X_mcRun3_2023_realistic_v15-v2/80000/457abe9f-f148-4d10-85e0-48c228374137.root
01-Feb-2025 17:23:30 CST  Closed file root://cmsxrootd.fnal.gov//store/mc/Run3Summer23MiniAODv4/TTLL_MLL-4to50_TuneCP5_13p6TeV_amcatnlo-pythia8/MINIAODSIM/130X_mcRun3_2023_realistic_v15-v2/80000/457abe9f-f148-4d10-85e0-48c228374137.root
01-Feb-2025 17:23:30 CST  Initiating request to open file root://cmsxrootd.fnal.gov//store/mc/Run3Summer23MiniAODv4/TTLL_MLL-4to50_TuneCP5_13p6TeV_amcatnlo-pythia8/MINIAODSIM/130X_mcRun3_2023_realistic_v15-v2/80000/7df2ac49-3445-4069-b44e-f851251f7f53.root
01-Feb-2025 17:23:33 CST  Successfully opened file root://cmsxrootd.fnal.gov//store/mc/Run3Summer23MiniAODv4/TTLL_MLL-4to50_TuneCP5_13p6TeV_amcatnlo-pythia8/MINIAODSIM/130X_mcRun3_2023_realistic_v15-v2/80000/7df2ac49-3445-4069-b44e-f851251f7f53.root
Begin processing the 300001st record. Run 1, Event 321012, LumiSection 322 on stream 0 at 01-Feb-2025 17:23:37.371 CST
01-Feb-2025 17:23:37 CST  Closed file root://cmsxrootd.fnal.gov//store/mc/Run3Summer23MiniAODv4/TTLL_MLL-4to50_TuneCP5_13p6TeV_amcatnlo-pythia8/MINIAODSIM/130X_mcRun3_2023_realistic_v15-v2/80000/7df2ac49-3445-4069-b44e-f851251f7f53.root
01-Feb-2025 17:23:37 CST  Initiating request to open file root://cmsxrootd.fnal.gov//store/mc/Run3Summer23MiniAODv4/TTLL_MLL-4to50_TuneCP5_13p6TeV_amcatnlo-pythia8/MINIAODSIM/130X_mcRun3_2023_realistic_v15-v2/80000/2cc22ab3-8c38-498d-ac64-0497057c7a90.root
01-Feb-2025 17:23:39 CST  Successfully opened file root://cmsxrootd.fnal.gov//store/mc/Run3Summer23MiniAODv4/TTLL_MLL-4to50_TuneCP5_13p6TeV_amcatnlo-pythia8/MINIAODSIM/130X_mcRun3_2023_realistic_v15-v2/80000/2cc22ab3-8c38-498d-ac64-0497057c7a90.root
01-Feb-2025 17:23:41 CST  Closed file root://cmsxrootd.fnal.gov//store/mc/Run3Summer23MiniAODv4/TTLL_MLL-4to50_TuneCP5_13p6TeV_amcatnlo-pythia8/MINIAODSIM/130X_mcRun3_2023_realistic_v15-v2/80000/2cc22ab3-8c38-498d-ac64-0497057c7a90.root
01-Feb-2025 17:23:41 CST  Initiating request to open file root://cmsxrootd.fnal.gov//store/mc/Run3Summer23MiniAODv4/TTLL_MLL-4to50_TuneCP5_13p6TeV_amcatnlo-pythia8/MINIAODSIM/130X_mcRun3_2023_realistic_v15-v2/80000/f977c154-fff9-4f23-9cf3-e0cfbe987a6e.root
01-Feb-2025 17:23:43 CST  Successfully opened file root://cmsxrootd.fnal.gov//store/mc/Run3Summer23MiniAODv4/TTLL_MLL-4to50_TuneCP5_13p6TeV_amcatnlo-pythia8/MINIAODSIM/130X_mcRun3_2023_realistic_v15-v2/80000/f977c154-fff9-4f23-9cf3-e0cfbe987a6e.root
01-Feb-2025 17:23:45 CST  Closed file root://cmsxrootd.fnal.gov//store/mc/Run3Summer23MiniAODv4/TTLL_MLL-4to50_TuneCP5_13p6TeV_amcatnlo-pythia8/MINIAODSIM/130X_mcRun3_2023_realistic_v15-v2/80000/f977c154-fff9-4f23-9cf3-e0cfbe987a6e.root
01-Feb-2025 17:23:45 CST  Initiating request to open file root://cmsxrootd.fnal.gov//store/mc/Run3Summer23MiniAODv4/TTLL_MLL-4to50_TuneCP5_13p6TeV_amcatnlo-pythia8/MINIAODSIM/130X_mcRun3_2023_realistic_v15-v2/80000/7519aa91-5836-4d4c-92a7-77caffa8cc49.root
01-Feb-2025 17:23:47 CST  Successfully opened file root://cmsxrootd.fnal.gov//store/mc/Run3Summer23MiniAODv4/TTLL_MLL-4to50_TuneCP5_13p6TeV_amcatnlo-pythia8/MINIAODSIM/130X_mcRun3_2023_realistic_v15-v2/80000/7519aa91-5836-4d4c-92a7-77caffa8cc49.root
01-Feb-2025 17:23:50 CST  Closed file root://cmsxrootd.fnal.gov//store/mc/Run3Summer23MiniAODv4/TTLL_MLL-4to50_TuneCP5_13p6TeV_amcatnlo-pythia8/MINIAODSIM/130X_mcRun3_2023_realistic_v15-v2/80000/7519aa91-5836-4d4c-92a7-77caffa8cc49.root
01-Feb-2025 17:23:50 CST  Initiating request to open file root://cmsxrootd.fnal.gov//store/mc/Run3Summer23MiniAODv4/TTLL_MLL-4to50_TuneCP5_13p6TeV_amcatnlo-pythia8/MINIAODSIM/130X_mcRun3_2023_realistic_v15-v2/80000/4fd95e11-775e-4e56-aae9-b32b48a507c1.root
01-Feb-2025 17:23:52 CST  Successfully opened file root://cmsxrootd.fnal.gov//store/mc/Run3Summer23MiniAODv4/TTLL_MLL-4to50_TuneCP5_13p6TeV_amcatnlo-pythia8/MINIAODSIM/130X_mcRun3_2023_realistic_v15-v2/80000/4fd95e11-775e-4e56-aae9-b32b48a507c1.root
01-Feb-2025 17:23:53 CST  Closed file root://cmsxrootd.fnal.gov//store/mc/Run3Summer23MiniAODv4/TTLL_MLL-4to50_TuneCP5_13p6TeV_amcatnlo-pythia8/MINIAODSIM/130X_mcRun3_2023_realistic_v15-v2/80000/4fd95e11-775e-4e56-aae9-b32b48a507c1.root
01-Feb-2025 17:23:53 CST  Initiating request to open file root://cmsxrootd.fnal.gov//store/mc/Run3Summer23MiniAODv4/TTLL_MLL-4to50_TuneCP5_13p6TeV_amcatnlo-pythia8/MINIAODSIM/130X_mcRun3_2023_realistic_v15-v2/80000/08d17cb9-426a-42e3-a397-eb21263d5fee.root
01-Feb-2025 17:23:56 CST  Successfully opened file root://cmsxrootd.fnal.gov//store/mc/Run3Summer23MiniAODv4/TTLL_MLL-4to50_TuneCP5_13p6TeV_amcatnlo-pythia8/MINIAODSIM/130X_mcRun3_2023_realistic_v15-v2/80000/08d17cb9-426a-42e3-a397-eb21263d5fee.root
01-Feb-2025 17:23:58 CST  Closed file root://cmsxrootd.fnal.gov//store/mc/Run3Summer23MiniAODv4/TTLL_MLL-4to50_TuneCP5_13p6TeV_amcatnlo-pythia8/MINIAODSIM/130X_mcRun3_2023_realistic_v15-v2/80000/08d17cb9-426a-42e3-a397-eb21263d5fee.root
01-Feb-2025 17:23:58 CST  Initiating request to open file root://cmsxrootd.fnal.gov//store/mc/Run3Summer23MiniAODv4/TTLL_MLL-4to50_TuneCP5_13p6TeV_amcatnlo-pythia8/MINIAODSIM/130X_mcRun3_2023_realistic_v15-v2/80000/c65b2df6-5483-4435-bf7c-bfe447344b73.root
01-Feb-2025 17:24:00 CST  Successfully opened file root://cmsxrootd.fnal.gov//store/mc/Run3Summer23MiniAODv4/TTLL_MLL-4to50_TuneCP5_13p6TeV_amcatnlo-pythia8/MINIAODSIM/130X_mcRun3_2023_realistic_v15-v2/80000/c65b2df6-5483-4435-bf7c-bfe447344b73.root
01-Feb-2025 17:24:01 CST  Closed file root://cmsxrootd.fnal.gov//store/mc/Run3Summer23MiniAODv4/TTLL_MLL-4to50_TuneCP5_13p6TeV_amcatnlo-pythia8/MINIAODSIM/130X_mcRun3_2023_realistic_v15-v2/80000/c65b2df6-5483-4435-bf7c-bfe447344b73.root
01-Feb-2025 17:24:01 CST  Initiating request to open file root://cmsxrootd.fnal.gov//store/mc/Run3Summer23MiniAODv4/TTLL_MLL-4to50_TuneCP5_13p6TeV_amcatnlo-pythia8/MINIAODSIM/130X_mcRun3_2023_realistic_v15-v2/80000/729b3121-dbf7-4a71-90d8-527b83d6e56f.root
01-Feb-2025 17:24:03 CST  Successfully opened file root://cmsxrootd.fnal.gov//store/mc/Run3Summer23MiniAODv4/TTLL_MLL-4to50_TuneCP5_13p6TeV_amcatnlo-pythia8/MINIAODSIM/130X_mcRun3_2023_realistic_v15-v2/80000/729b3121-dbf7-4a71-90d8-527b83d6e56f.root
01-Feb-2025 17:24:05 CST  Closed file root://cmsxrootd.fnal.gov//store/mc/Run3Summer23MiniAODv4/TTLL_MLL-4to50_TuneCP5_13p6TeV_amcatnlo-pythia8/MINIAODSIM/130X_mcRun3_2023_realistic_v15-v2/80000/729b3121-dbf7-4a71-90d8-527b83d6e56f.root
01-Feb-2025 17:24:05 CST  Initiating request to open file root://cmsxrootd.fnal.gov//store/mc/Run3Summer23MiniAODv4/TTLL_MLL-4to50_TuneCP5_13p6TeV_amcatnlo-pythia8/MINIAODSIM/130X_mcRun3_2023_realistic_v15-v2/80000/ec2d89ae-bc38-4a21-9126-cc02a77cf278.root
01-Feb-2025 17:24:07 CST  Successfully opened file root://cmsxrootd.fnal.gov//store/mc/Run3Summer23MiniAODv4/TTLL_MLL-4to50_TuneCP5_13p6TeV_amcatnlo-pythia8/MINIAODSIM/130X_mcRun3_2023_realistic_v15-v2/80000/ec2d89ae-bc38-4a21-9126-cc02a77cf278.root
01-Feb-2025 17:24:08 CST  Closed file root://cmsxrootd.fnal.gov//store/mc/Run3Summer23MiniAODv4/TTLL_MLL-4to50_TuneCP5_13p6TeV_amcatnlo-pythia8/MINIAODSIM/130X_mcRun3_2023_realistic_v15-v2/80000/ec2d89ae-bc38-4a21-9126-cc02a77cf278.root
01-Feb-2025 17:24:08 CST  Initiating request to open file root://cmsxrootd.fnal.gov//store/mc/Run3Summer23MiniAODv4/TTLL_MLL-4to50_TuneCP5_13p6TeV_amcatnlo-pythia8/MINIAODSIM/130X_mcRun3_2023_realistic_v15-v2/80000/8d1d8ffa-bec6-4cc4-87b7-4efd3d5c1286.root
01-Feb-2025 17:24:10 CST  Successfully opened file root://cmsxrootd.fnal.gov//store/mc/Run3Summer23MiniAODv4/TTLL_MLL-4to50_TuneCP5_13p6TeV_amcatnlo-pythia8/MINIAODSIM/130X_mcRun3_2023_realistic_v15-v2/80000/8d1d8ffa-bec6-4cc4-87b7-4efd3d5c1286.root
01-Feb-2025 17:24:12 CST  Closed file root://cmsxrootd.fnal.gov//store/mc/Run3Summer23MiniAODv4/TTLL_MLL-4to50_TuneCP5_13p6TeV_amcatnlo-pythia8/MINIAODSIM/130X_mcRun3_2023_realistic_v15-v2/80000/8d1d8ffa-bec6-4cc4-87b7-4efd3d5c1286.root
01-Feb-2025 17:24:12 CST  Initiating request to open file root://cmsxrootd.fnal.gov//store/mc/Run3Summer23MiniAODv4/TTLL_MLL-4to50_TuneCP5_13p6TeV_amcatnlo-pythia8/MINIAODSIM/130X_mcRun3_2023_realistic_v15-v2/80000/f370ddcb-9164-42da-977b-1311862d715a.root
01-Feb-2025 17:24:15 CST  Successfully opened file root://cmsxrootd.fnal.gov//store/mc/Run3Summer23MiniAODv4/TTLL_MLL-4to50_TuneCP5_13p6TeV_amcatnlo-pythia8/MINIAODSIM/130X_mcRun3_2023_realistic_v15-v2/80000/f370ddcb-9164-42da-977b-1311862d715a.root
Begin processing the 400001st record. Run 1, Event 382002, LumiSection 383 on stream 0 at 01-Feb-2025 17:24:18.226 CST
01-Feb-2025 17:24:18 CST  Closed file root://cmsxrootd.fnal.gov//store/mc/Run3Summer23MiniAODv4/TTLL_MLL-4to50_TuneCP5_13p6TeV_amcatnlo-pythia8/MINIAODSIM/130X_mcRun3_2023_realistic_v15-v2/80000/f370ddcb-9164-42da-977b-1311862d715a.root
01-Feb-2025 17:24:18 CST  Initiating request to open file root://cmsxrootd.fnal.gov//store/mc/Run3Summer23MiniAODv4/TTLL_MLL-4to50_TuneCP5_13p6TeV_amcatnlo-pythia8/MINIAODSIM/130X_mcRun3_2023_realistic_v15-v2/80000/342c9448-badb-42e2-8961-ca8fbfee1d54.root
01-Feb-2025 17:24:21 CST  Successfully opened file root://cmsxrootd.fnal.gov//store/mc/Run3Summer23MiniAODv4/TTLL_MLL-4to50_TuneCP5_13p6TeV_amcatnlo-pythia8/MINIAODSIM/130X_mcRun3_2023_realistic_v15-v2/80000/342c9448-badb-42e2-8961-ca8fbfee1d54.root
01-Feb-2025 17:24:23 CST  Closed file root://cmsxrootd.fnal.gov//store/mc/Run3Summer23MiniAODv4/TTLL_MLL-4to50_TuneCP5_13p6TeV_amcatnlo-pythia8/MINIAODSIM/130X_mcRun3_2023_realistic_v15-v2/80000/342c9448-badb-42e2-8961-ca8fbfee1d54.root
01-Feb-2025 17:24:23 CST  Initiating request to open file root://cmsxrootd.fnal.gov//store/mc/Run3Summer23MiniAODv4/TTLL_MLL-4to50_TuneCP5_13p6TeV_amcatnlo-pythia8/MINIAODSIM/130X_mcRun3_2023_realistic_v15-v2/80000/10efdfb0-6f61-4447-b647-80f1ddfc023d.root
01-Feb-2025 17:24:26 CST  Successfully opened file root://cmsxrootd.fnal.gov//store/mc/Run3Summer23MiniAODv4/TTLL_MLL-4to50_TuneCP5_13p6TeV_amcatnlo-pythia8/MINIAODSIM/130X_mcRun3_2023_realistic_v15-v2/80000/10efdfb0-6f61-4447-b647-80f1ddfc023d.root
Begin processing the 500001st record. Run 1, Event 554003, LumiSection 555 on stream 0 at 01-Feb-2025 17:24:28.386 CST
01-Feb-2025 17:24:28 CST  Closed file root://cmsxrootd.fnal.gov//store/mc/Run3Summer23MiniAODv4/TTLL_MLL-4to50_TuneCP5_13p6TeV_amcatnlo-pythia8/MINIAODSIM/130X_mcRun3_2023_realistic_v15-v2/80000/10efdfb0-6f61-4447-b647-80f1ddfc023d.root
01-Feb-2025 17:24:28 CST  Initiating request to open file root://cmsxrootd.fnal.gov//store/mc/Run3Summer23MiniAODv4/TTLL_MLL-4to50_TuneCP5_13p6TeV_amcatnlo-pythia8/MINIAODSIM/130X_mcRun3_2023_realistic_v15-v2/80000/9b47042d-90a5-4391-8dee-e1d7e7817fcf.root
01-Feb-2025 17:24:31 CST  Successfully opened file root://cmsxrootd.fnal.gov//store/mc/Run3Summer23MiniAODv4/TTLL_MLL-4to50_TuneCP5_13p6TeV_amcatnlo-pythia8/MINIAODSIM/130X_mcRun3_2023_realistic_v15-v2/80000/9b47042d-90a5-4391-8dee-e1d7e7817fcf.root
01-Feb-2025 17:24:33 CST  Closed file root://cmsxrootd.fnal.gov//store/mc/Run3Summer23MiniAODv4/TTLL_MLL-4to50_TuneCP5_13p6TeV_amcatnlo-pythia8/MINIAODSIM/130X_mcRun3_2023_realistic_v15-v2/80000/9b47042d-90a5-4391-8dee-e1d7e7817fcf.root
01-Feb-2025 17:24:33 CST  Initiating request to open file root://cmsxrootd.fnal.gov//store/mc/Run3Summer23MiniAODv4/TTLL_MLL-4to50_TuneCP5_13p6TeV_amcatnlo-pythia8/MINIAODSIM/130X_mcRun3_2023_realistic_v15-v2/80000/653ed78b-9c19-41fe-a06b-629fc2e9072a.root
01-Feb-2025 17:24:35 CST  Successfully opened file root://cmsxrootd.fnal.gov//store/mc/Run3Summer23MiniAODv4/TTLL_MLL-4to50_TuneCP5_13p6TeV_amcatnlo-pythia8/MINIAODSIM/130X_mcRun3_2023_realistic_v15-v2/80000/653ed78b-9c19-41fe-a06b-629fc2e9072a.root
01-Feb-2025 17:24:37 CST  Closed file root://cmsxrootd.fnal.gov//store/mc/Run3Summer23MiniAODv4/TTLL_MLL-4to50_TuneCP5_13p6TeV_amcatnlo-pythia8/MINIAODSIM/130X_mcRun3_2023_realistic_v15-v2/80000/653ed78b-9c19-41fe-a06b-629fc2e9072a.root
01-Feb-2025 17:24:37 CST  Initiating request to open file root://cmsxrootd.fnal.gov//store/mc/Run3Summer23MiniAODv4/TTLL_MLL-4to50_TuneCP5_13p6TeV_amcatnlo-pythia8/MINIAODSIM/130X_mcRun3_2023_realistic_v15-v2/80000/f0e14b22-5ac4-4563-9d6f-4556df040360.root
01-Feb-2025 17:24:39 CST  Successfully opened file root://cmsxrootd.fnal.gov//store/mc/Run3Summer23MiniAODv4/TTLL_MLL-4to50_TuneCP5_13p6TeV_amcatnlo-pythia8/MINIAODSIM/130X_mcRun3_2023_realistic_v15-v2/80000/f0e14b22-5ac4-4563-9d6f-4556df040360.root
      0.039489      0.000055      0.071068             0
 
01-Feb-2025 17:24:42 CST  Closed file root://cmsxrootd.fnal.gov//store/mc/Run3Summer23MiniAODv4/TTLL_MLL-4to50_TuneCP5_13p6TeV_amcatnlo-pythia8/MINIAODSIM/130X_mcRun3_2023_realistic_v15-v2/80000/f0e14b22-5ac4-4563-9d6f-4556df040360.root

------------------------------------
GenXsecAnalyzer:
------------------------------------
-------------------------------------------------------------------------------------------------------------------------------------------------------------------------- 
Overall cross-section summary 
--------------------------------------------------------------------------------------------------------------------------------------------------------------------------
Process		xsec_before [pb]		passed	nposw	nnegw	tried	nposw	nnegw 	xsec_match [pb]			accepted [%]	 event_eff [%]
0		3.949e-02 +/- 1.929e-05		591000	458646	132354	591000	458646	132354	3.949e-02 +/- 1.929e-05		100.0 +/- 0.0	100.0 +/- 0.0
-------------------------------------------------------------------------------------------------------------------------------------------------------------------------- 
Total		3.949e-02 +/- 1.929e-05		591000	458646	132354	591000	458646	132354	3.949e-02 +/- 1.929e-05		100.0 +/- 0.0	100.0 +/- 0.0
--------------------------------------------------------------------------------------------------------------------------------------------------------------------------
Before matching: total cross section = 3.949e-02 +- 1.929e-05 pb
After matching: total cross section = 3.949e-02 +- 1.929e-05 pb
Matching efficiency = 1.0 +/- 0.0   [TO BE USED IN MCM]
Filter efficiency (taking into account weights)= (23188.8) / (23188.8) = 1.000e+00 +- 0.000e+00
Filter efficiency (event-level)= (591000) / (591000) = 1.000e+00 +- 0.000e+00    [TO BE USED IN MCM]

After filter: final cross section = 3.949e-02 +- 1.929e-05 pb
After filter: final fraction of events with negative weights = 2.239e-01 +- 5.943e-05
After filter: final equivalent lumi for 1M events (1/fb) = 7.719e+03 +- 5.085e+00
