01-Feb-2025 17:27:28 CST  Initiating request to open file root://cmsxrootd.fnal.gov//store/mc/Run3Summer23MiniAODv4/TTLNu-1Jets_TuneCP5_13p6TeV_amcatnloFXFX-pythia8/MINIAODSIM/130X_mcRun3_2023_realistic_v15-v2/140000/6a9e20d6-6b64-4e1e-b952-6fdc5b1eefb6.root
01-Feb-2025 17:28:14 CST  Successfully opened file root://cmsxrootd.fnal.gov//store/mc/Run3Summer23MiniAODv4/TTLNu-1Jets_TuneCP5_13p6TeV_amcatnloFXFX-pythia8/MINIAODSIM/130X_mcRun3_2023_realistic_v15-v2/140000/6a9e20d6-6b64-4e1e-b952-6fdc5b1eefb6.root
[2025-02-01 17:28:18.151617 -0600][Error  ][AsyncSock         ] [dcache-cms-xrootd.desy.de:1094.0] Unable to connect: permission denied
[2025-02-01 17:28:18.151842 -0600][Error  ][PostMaster        ] [dcache-cms-xrootd.desy.de:1094] elapsed = 0, pConnectionWindow = 31 seconds.
Begin processing the 1st record. Run 1, Event 22, LumiSection 22 on stream 0 at 01-Feb-2025 17:28:19.478 CST
01-Feb-2025 17:28:20 CST  Closed file root://cmsxrootd.fnal.gov//store/mc/Run3Summer23MiniAODv4/TTLNu-1Jets_TuneCP5_13p6TeV_amcatnloFXFX-pythia8/MINIAODSIM/130X_mcRun3_2023_realistic_v15-v2/140000/6a9e20d6-6b64-4e1e-b952-6fdc5b1eefb6.root
01-Feb-2025 17:28:20 CST  Initiating request to open file root://cmsxrootd.fnal.gov//store/mc/Run3Summer23MiniAODv4/TTLNu-1Jets_TuneCP5_13p6TeV_amcatnloFXFX-pythia8/MINIAODSIM/130X_mcRun3_2023_realistic_v15-v2/140000/ba8b4105-c8d4-4849-a7e5-8545d9dd8a9c.root
01-Feb-2025 17:28:27 CST  Successfully opened file root://cmsxrootd.fnal.gov//store/mc/Run3Summer23MiniAODv4/TTLNu-1Jets_TuneCP5_13p6TeV_amcatnloFXFX-pythia8/MINIAODSIM/130X_mcRun3_2023_realistic_v15-v2/140000/ba8b4105-c8d4-4849-a7e5-8545d9dd8a9c.root
01-Feb-2025 17:28:32 CST  Closed file root://cmsxrootd.fnal.gov//store/mc/Run3Summer23MiniAODv4/TTLNu-1Jets_TuneCP5_13p6TeV_amcatnloFXFX-pythia8/MINIAODSIM/130X_mcRun3_2023_realistic_v15-v2/140000/ba8b4105-c8d4-4849-a7e5-8545d9dd8a9c.root
01-Feb-2025 17:28:32 CST  Initiating request to open file root://cmsxrootd.fnal.gov//store/mc/Run3Summer23MiniAODv4/TTLNu-1Jets_TuneCP5_13p6TeV_amcatnloFXFX-pythia8/MINIAODSIM/130X_mcRun3_2023_realistic_v15-v2/140000/6f285ffd-8255-47c7-ae1e-3c7784235e75.root
01-Feb-2025 17:28:39 CST  Successfully opened file root://cmsxrootd.fnal.gov//store/mc/Run3Summer23MiniAODv4/TTLNu-1Jets_TuneCP5_13p6TeV_amcatnloFXFX-pythia8/MINIAODSIM/130X_mcRun3_2023_realistic_v15-v2/140000/6f285ffd-8255-47c7-ae1e-3c7784235e75.root
Begin processing the 100001st record. Run 1, Event 5657, LumiSection 188 on stream 0 at 01-Feb-2025 17:28:44.995 CST
01-Feb-2025 17:28:45 CST  Closed file root://cmsxrootd.fnal.gov//store/mc/Run3Summer23MiniAODv4/TTLNu-1Jets_TuneCP5_13p6TeV_amcatnloFXFX-pythia8/MINIAODSIM/130X_mcRun3_2023_realistic_v15-v2/140000/6f285ffd-8255-47c7-ae1e-3c7784235e75.root
01-Feb-2025 17:28:45 CST  Initiating request to open file root://cmsxrootd.fnal.gov//store/mc/Run3Summer23MiniAODv4/TTLNu-1Jets_TuneCP5_13p6TeV_amcatnloFXFX-pythia8/MINIAODSIM/130X_mcRun3_2023_realistic_v15-v2/140000/be584228-aafb-4677-885a-515f658f0d25.root
01-Feb-2025 17:28:52 CST  Successfully opened file root://cmsxrootd.fnal.gov//store/mc/Run3Summer23MiniAODv4/TTLNu-1Jets_TuneCP5_13p6TeV_amcatnloFXFX-pythia8/MINIAODSIM/130X_mcRun3_2023_realistic_v15-v2/140000/be584228-aafb-4677-885a-515f658f0d25.root
01-Feb-2025 17:28:59 CST  Closed file root://cmsxrootd.fnal.gov//store/mc/Run3Summer23MiniAODv4/TTLNu-1Jets_TuneCP5_13p6TeV_amcatnloFXFX-pythia8/MINIAODSIM/130X_mcRun3_2023_realistic_v15-v2/140000/be584228-aafb-4677-885a-515f658f0d25.root
01-Feb-2025 17:28:59 CST  Initiating request to open file root://cmsxrootd.fnal.gov//store/mc/Run3Summer23MiniAODv4/TTLNu-1Jets_TuneCP5_13p6TeV_amcatnloFXFX-pythia8/MINIAODSIM/130X_mcRun3_2023_realistic_v15-v2/140000/11af6227-f109-4490-9213-8d8de7f0a323.root
01-Feb-2025 17:29:06 CST  Successfully opened file root://cmsxrootd.fnal.gov//store/mc/Run3Summer23MiniAODv4/TTLNu-1Jets_TuneCP5_13p6TeV_amcatnloFXFX-pythia8/MINIAODSIM/130X_mcRun3_2023_realistic_v15-v2/140000/11af6227-f109-4490-9213-8d8de7f0a323.root
01-Feb-2025 17:29:13 CST  Closed file root://cmsxrootd.fnal.gov//store/mc/Run3Summer23MiniAODv4/TTLNu-1Jets_TuneCP5_13p6TeV_amcatnloFXFX-pythia8/MINIAODSIM/130X_mcRun3_2023_realistic_v15-v2/140000/11af6227-f109-4490-9213-8d8de7f0a323.root
01-Feb-2025 17:29:13 CST  Initiating request to open file root://cmsxrootd.fnal.gov//store/mc/Run3Summer23MiniAODv4/TTLNu-1Jets_TuneCP5_13p6TeV_amcatnloFXFX-pythia8/MINIAODSIM/130X_mcRun3_2023_realistic_v15-v2/140000/f92f7157-6fd7-4648-bfc6-0182abe3c4e3.root
01-Feb-2025 17:29:20 CST  Successfully opened file root://cmsxrootd.fnal.gov//store/mc/Run3Summer23MiniAODv4/TTLNu-1Jets_TuneCP5_13p6TeV_amcatnloFXFX-pythia8/MINIAODSIM/130X_mcRun3_2023_realistic_v15-v2/140000/f92f7157-6fd7-4648-bfc6-0182abe3c4e3.root
Begin processing the 200001st record. Run 1, Event 1330, LumiSection 401 on stream 0 at 01-Feb-2025 17:29:26.502 CST
01-Feb-2025 17:29:26 CST  Closed file root://cmsxrootd.fnal.gov//store/mc/Run3Summer23MiniAODv4/TTLNu-1Jets_TuneCP5_13p6TeV_amcatnloFXFX-pythia8/MINIAODSIM/130X_mcRun3_2023_realistic_v15-v2/140000/f92f7157-6fd7-4648-bfc6-0182abe3c4e3.root
01-Feb-2025 17:29:26 CST  Initiating request to open file root://cmsxrootd.fnal.gov//store/mc/Run3Summer23MiniAODv4/TTLNu-1Jets_TuneCP5_13p6TeV_amcatnloFXFX-pythia8/MINIAODSIM/130X_mcRun3_2023_realistic_v15-v2/140000/6833573b-01d3-40a5-a756-a240b204d83c.root
01-Feb-2025 17:29:34 CST  Successfully opened file root://cmsxrootd.fnal.gov//store/mc/Run3Summer23MiniAODv4/TTLNu-1Jets_TuneCP5_13p6TeV_amcatnloFXFX-pythia8/MINIAODSIM/130X_mcRun3_2023_realistic_v15-v2/140000/6833573b-01d3-40a5-a756-a240b204d83c.root
01-Feb-2025 17:29:40 CST  Closed file root://cmsxrootd.fnal.gov//store/mc/Run3Summer23MiniAODv4/TTLNu-1Jets_TuneCP5_13p6TeV_amcatnloFXFX-pythia8/MINIAODSIM/130X_mcRun3_2023_realistic_v15-v2/140000/6833573b-01d3-40a5-a756-a240b204d83c.root
01-Feb-2025 17:29:40 CST  Initiating request to open file root://cmsxrootd.fnal.gov//store/mc/Run3Summer23MiniAODv4/TTLNu-1Jets_TuneCP5_13p6TeV_amcatnloFXFX-pythia8/MINIAODSIM/130X_mcRun3_2023_realistic_v15-v2/140000/7f6ede68-5f0f-4a1d-a87d-2ea9113aaebe.root
01-Feb-2025 17:29:47 CST  Successfully opened file root://cmsxrootd.fnal.gov//store/mc/Run3Summer23MiniAODv4/TTLNu-1Jets_TuneCP5_13p6TeV_amcatnloFXFX-pythia8/MINIAODSIM/130X_mcRun3_2023_realistic_v15-v2/140000/7f6ede68-5f0f-4a1d-a87d-2ea9113aaebe.root
01-Feb-2025 17:29:51 CST  Closed file root://cmsxrootd.fnal.gov//store/mc/Run3Summer23MiniAODv4/TTLNu-1Jets_TuneCP5_13p6TeV_amcatnloFXFX-pythia8/MINIAODSIM/130X_mcRun3_2023_realistic_v15-v2/140000/7f6ede68-5f0f-4a1d-a87d-2ea9113aaebe.root
01-Feb-2025 17:29:51 CST  Initiating request to open file root://cmsxrootd.fnal.gov//store/mc/Run3Summer23MiniAODv4/TTLNu-1Jets_TuneCP5_13p6TeV_amcatnloFXFX-pythia8/MINIAODSIM/130X_mcRun3_2023_realistic_v15-v2/140000/3cda306e-c2b4-497b-b97b-1caebdde361e.root
01-Feb-2025 17:29:58 CST  Successfully opened file root://cmsxrootd.fnal.gov//store/mc/Run3Summer23MiniAODv4/TTLNu-1Jets_TuneCP5_13p6TeV_amcatnloFXFX-pythia8/MINIAODSIM/130X_mcRun3_2023_realistic_v15-v2/140000/3cda306e-c2b4-497b-b97b-1caebdde361e.root
Begin processing the 300001st record. Run 1, Event 3334, LumiSection 662 on stream 0 at 01-Feb-2025 17:30:04.150 CST
01-Feb-2025 17:30:04 CST  Closed file root://cmsxrootd.fnal.gov//store/mc/Run3Summer23MiniAODv4/TTLNu-1Jets_TuneCP5_13p6TeV_amcatnloFXFX-pythia8/MINIAODSIM/130X_mcRun3_2023_realistic_v15-v2/140000/3cda306e-c2b4-497b-b97b-1caebdde361e.root
01-Feb-2025 17:30:04 CST  Initiating request to open file root://cmsxrootd.fnal.gov//store/mc/Run3Summer23MiniAODv4/TTLNu-1Jets_TuneCP5_13p6TeV_amcatnloFXFX-pythia8/MINIAODSIM/130X_mcRun3_2023_realistic_v15-v2/140000/f23da048-0961-4795-9e36-ce655133bda6.root
01-Feb-2025 17:30:11 CST  Successfully opened file root://cmsxrootd.fnal.gov//store/mc/Run3Summer23MiniAODv4/TTLNu-1Jets_TuneCP5_13p6TeV_amcatnloFXFX-pythia8/MINIAODSIM/130X_mcRun3_2023_realistic_v15-v2/140000/f23da048-0961-4795-9e36-ce655133bda6.root
01-Feb-2025 17:30:17 CST  Closed file root://cmsxrootd.fnal.gov//store/mc/Run3Summer23MiniAODv4/TTLNu-1Jets_TuneCP5_13p6TeV_amcatnloFXFX-pythia8/MINIAODSIM/130X_mcRun3_2023_realistic_v15-v2/140000/f23da048-0961-4795-9e36-ce655133bda6.root
01-Feb-2025 17:30:17 CST  Initiating request to open file root://cmsxrootd.fnal.gov//store/mc/Run3Summer23MiniAODv4/TTLNu-1Jets_TuneCP5_13p6TeV_amcatnloFXFX-pythia8/MINIAODSIM/130X_mcRun3_2023_realistic_v15-v2/140000/6e3ac1c1-cf4d-4252-b2db-f04dcaed34aa.root
01-Feb-2025 17:30:25 CST  Successfully opened file root://cmsxrootd.fnal.gov//store/mc/Run3Summer23MiniAODv4/TTLNu-1Jets_TuneCP5_13p6TeV_amcatnloFXFX-pythia8/MINIAODSIM/130X_mcRun3_2023_realistic_v15-v2/140000/6e3ac1c1-cf4d-4252-b2db-f04dcaed34aa.root
01-Feb-2025 17:30:30 CST  Closed file root://cmsxrootd.fnal.gov//store/mc/Run3Summer23MiniAODv4/TTLNu-1Jets_TuneCP5_13p6TeV_amcatnloFXFX-pythia8/MINIAODSIM/130X_mcRun3_2023_realistic_v15-v2/140000/6e3ac1c1-cf4d-4252-b2db-f04dcaed34aa.root
01-Feb-2025 17:30:30 CST  Initiating request to open file root://cmsxrootd.fnal.gov//store/mc/Run3Summer23MiniAODv4/TTLNu-1Jets_TuneCP5_13p6TeV_amcatnloFXFX-pythia8/MINIAODSIM/130X_mcRun3_2023_realistic_v15-v2/140000/80885bd4-3649-4ba0-9ea8-feb5f4ceec6e.root
01-Feb-2025 17:30:38 CST  Successfully opened file root://cmsxrootd.fnal.gov//store/mc/Run3Summer23MiniAODv4/TTLNu-1Jets_TuneCP5_13p6TeV_amcatnloFXFX-pythia8/MINIAODSIM/130X_mcRun3_2023_realistic_v15-v2/140000/80885bd4-3649-4ba0-9ea8-feb5f4ceec6e.root
Begin processing the 400001st record. Run 1, Event 5206, LumiSection 720 on stream 0 at 01-Feb-2025 17:30:43.709 CST
01-Feb-2025 17:30:43 CST  Closed file root://cmsxrootd.fnal.gov//store/mc/Run3Summer23MiniAODv4/TTLNu-1Jets_TuneCP5_13p6TeV_amcatnloFXFX-pythia8/MINIAODSIM/130X_mcRun3_2023_realistic_v15-v2/140000/80885bd4-3649-4ba0-9ea8-feb5f4ceec6e.root
01-Feb-2025 17:30:43 CST  Initiating request to open file root://cmsxrootd.fnal.gov//store/mc/Run3Summer23MiniAODv4/TTLNu-1Jets_TuneCP5_13p6TeV_amcatnloFXFX-pythia8/MINIAODSIM/130X_mcRun3_2023_realistic_v15-v2/140000/c4abcb69-eb18-498c-bce4-17643eccb031.root
01-Feb-2025 17:30:50 CST  Successfully opened file root://cmsxrootd.fnal.gov//store/mc/Run3Summer23MiniAODv4/TTLNu-1Jets_TuneCP5_13p6TeV_amcatnloFXFX-pythia8/MINIAODSIM/130X_mcRun3_2023_realistic_v15-v2/140000/c4abcb69-eb18-498c-bce4-17643eccb031.root
01-Feb-2025 17:30:56 CST  Closed file root://cmsxrootd.fnal.gov//store/mc/Run3Summer23MiniAODv4/TTLNu-1Jets_TuneCP5_13p6TeV_amcatnloFXFX-pythia8/MINIAODSIM/130X_mcRun3_2023_realistic_v15-v2/140000/c4abcb69-eb18-498c-bce4-17643eccb031.root
01-Feb-2025 17:30:56 CST  Initiating request to open file root://cmsxrootd.fnal.gov//store/mc/Run3Summer23MiniAODv4/TTLNu-1Jets_TuneCP5_13p6TeV_amcatnloFXFX-pythia8/MINIAODSIM/130X_mcRun3_2023_realistic_v15-v2/140000/92718ff6-06f8-40fd-9306-c6cfaf6c3c68.root
01-Feb-2025 17:31:03 CST  Successfully opened file root://cmsxrootd.fnal.gov//store/mc/Run3Summer23MiniAODv4/TTLNu-1Jets_TuneCP5_13p6TeV_amcatnloFXFX-pythia8/MINIAODSIM/130X_mcRun3_2023_realistic_v15-v2/140000/92718ff6-06f8-40fd-9306-c6cfaf6c3c68.root
01-Feb-2025 17:31:09 CST  Closed file root://cmsxrootd.fnal.gov//store/mc/Run3Summer23MiniAODv4/TTLNu-1Jets_TuneCP5_13p6TeV_amcatnloFXFX-pythia8/MINIAODSIM/130X_mcRun3_2023_realistic_v15-v2/140000/92718ff6-06f8-40fd-9306-c6cfaf6c3c68.root

------------------------------------
GenXsecAnalyzer:
------------------------------------
-------------------------------------------------------------------------------------------------------------------------------------------------------------------------- 
Overall cross-section summary 
--------------------------------------------------------------------------------------------------------------------------------------------------------------------------
Process		xsec_before [pb]		passed	nposw	nnegw	tried	nposw	nnegw 	xsec_match [pb]			accepted [%]	 event_eff [%]
0		1.426e-01 +/- 1.267e-04		114013	98026	15987	201291	168018	33273	8.680e-02 +/- 2.484e-04		60.9 +/- 0.2	56.6 +/- 0.1
1		7.085e-02 +/- 8.666e-05		57084	49070	8014	98899	82958	15941	4.340e-02 +/- 1.730e-04		61.3 +/- 0.2	57.7 +/- 0.2
2		1.018e-01 +/- 1.435e-04		194002	135711	58291	347038	222825	124213	7.994e-02 +/- 3.505e-04		78.5 +/- 0.3	55.9 +/- 0.1
3		5.177e-02 +/- 8.733e-05		95206	66860	28346	168772	109340	59432	3.995e-02 +/- 2.388e-04		77.2 +/- 0.4	56.4 +/- 0.1
-------------------------------------------------------------------------------------------------------------------------------------------------------------------------- 
Total		3.670e-01 +/- 2.276e-04		460305	349667	110638	816000	583141	232859	2.504e-01 +/- 5.069e-04		68.2 +/- 0.1	56.4 +/- 0.1
--------------------------------------------------------------------------------------------------------------------------------------------------------------------------
Before matching: total cross section = 3.670e-01 +- 2.276e-04 pb
After matching: total cross section = 2.504e-01 +- 5.069e-04 pb
Matching efficiency = 0.6 +/- 0.0   [TO BE USED IN MCM]
Filter efficiency (taking into account weights)= (205678) / (205678) = 1.000e+00 +- 0.000e+00
Filter efficiency (event-level)= (460305) / (460305) = 1.000e+00 +- 0.000e+00    [TO BE USED IN MCM]

After filter: final cross section = 2.504e-01 +- 5.069e-04 pb
After filter: final fraction of events with negative weights = 2.404e-01 +- 7.612e-05
After filter: final equivalent lumi for 1M events (1/fb) = 1.077e+03 +- 1.304e+00
