01-Feb-2025 17:32:41 CST  Initiating request to open file root://cmsxrootd.fnal.gov//store/mc/Run3Summer23MiniAODv4/TTtoLNu2Q_TuneCP5_13p6TeV_powheg-pythia8/MINIAODSIM/130X_mcRun3_2023_realistic_v14-v2/2530000/7c99c414-6e58-485c-9751-e56d14177859.root
01-Feb-2025 17:32:47 CST  Successfully opened file root://cmsxrootd.fnal.gov//store/mc/Run3Summer23MiniAODv4/TTtoLNu2Q_TuneCP5_13p6TeV_powheg-pythia8/MINIAODSIM/130X_mcRun3_2023_realistic_v14-v2/2530000/7c99c414-6e58-485c-9751-e56d14177859.root
Begin processing the 1st record. Run 1, Event 8880001, LumiSection 8881 on stream 0 at 01-Feb-2025 17:32:51.632 CST
01-Feb-2025 17:32:52 CST  Closed file root://cmsxrootd.fnal.gov//store/mc/Run3Summer23MiniAODv4/TTtoLNu2Q_TuneCP5_13p6TeV_powheg-pythia8/MINIAODSIM/130X_mcRun3_2023_realistic_v14-v2/2530000/7c99c414-6e58-485c-9751-e56d14177859.root
01-Feb-2025 17:32:52 CST  Initiating request to open file root://cmsxrootd.fnal.gov//store/mc/Run3Summer23MiniAODv4/TTtoLNu2Q_TuneCP5_13p6TeV_powheg-pythia8/MINIAODSIM/130X_mcRun3_2023_realistic_v14-v2/2530000/fcdba231-51ef-4429-a12f-51c2bb2352a5.root
01-Feb-2025 17:32:54 CST  Successfully opened file root://cmsxrootd.fnal.gov//store/mc/Run3Summer23MiniAODv4/TTtoLNu2Q_TuneCP5_13p6TeV_powheg-pythia8/MINIAODSIM/130X_mcRun3_2023_realistic_v14-v2/2530000/fcdba231-51ef-4429-a12f-51c2bb2352a5.root
01-Feb-2025 17:32:59 CST  Closed file root://cmsxrootd.fnal.gov//store/mc/Run3Summer23MiniAODv4/TTtoLNu2Q_TuneCP5_13p6TeV_powheg-pythia8/MINIAODSIM/130X_mcRun3_2023_realistic_v14-v2/2530000/fcdba231-51ef-4429-a12f-51c2bb2352a5.root
01-Feb-2025 17:32:59 CST  Initiating request to open file root://cmsxrootd.fnal.gov//store/mc/Run3Summer23MiniAODv4/TTtoLNu2Q_TuneCP5_13p6TeV_powheg-pythia8/MINIAODSIM/130X_mcRun3_2023_realistic_v14-v2/2530000/39e983fb-9982-4de4-936b-9feaced94b32.root
01-Feb-2025 17:33:02 CST  Successfully opened file root://cmsxrootd.fnal.gov//store/mc/Run3Summer23MiniAODv4/TTtoLNu2Q_TuneCP5_13p6TeV_powheg-pythia8/MINIAODSIM/130X_mcRun3_2023_realistic_v14-v2/2530000/39e983fb-9982-4de4-936b-9feaced94b32.root
Begin processing the 100001st record. Run 1, Event 52231001, LumiSection 52232 on stream 0 at 01-Feb-2025 17:33:07.527 CST
01-Feb-2025 17:33:07 CST  Closed file root://cmsxrootd.fnal.gov//store/mc/Run3Summer23MiniAODv4/TTtoLNu2Q_TuneCP5_13p6TeV_powheg-pythia8/MINIAODSIM/130X_mcRun3_2023_realistic_v14-v2/2530000/39e983fb-9982-4de4-936b-9feaced94b32.root
01-Feb-2025 17:33:07 CST  Initiating request to open file root://cmsxrootd.fnal.gov//store/mc/Run3Summer23MiniAODv4/TTtoLNu2Q_TuneCP5_13p6TeV_powheg-pythia8/MINIAODSIM/130X_mcRun3_2023_realistic_v14-v2/2530001/b64ba381-2791-40a3-ab37-ebac0fe699f9.root
01-Feb-2025 17:33:10 CST  Successfully opened file root://cmsxrootd.fnal.gov//store/mc/Run3Summer23MiniAODv4/TTtoLNu2Q_TuneCP5_13p6TeV_powheg-pythia8/MINIAODSIM/130X_mcRun3_2023_realistic_v14-v2/2530001/b64ba381-2791-40a3-ab37-ebac0fe699f9.root
01-Feb-2025 17:33:15 CST  Closed file root://cmsxrootd.fnal.gov//store/mc/Run3Summer23MiniAODv4/TTtoLNu2Q_TuneCP5_13p6TeV_powheg-pythia8/MINIAODSIM/130X_mcRun3_2023_realistic_v14-v2/2530001/b64ba381-2791-40a3-ab37-ebac0fe699f9.root
01-Feb-2025 17:33:15 CST  Initiating request to open file root://cmsxrootd.fnal.gov//store/mc/Run3Summer23MiniAODv4/TTtoLNu2Q_TuneCP5_13p6TeV_powheg-pythia8/MINIAODSIM/130X_mcRun3_2023_realistic_v14-v2/2530000/5236b9cc-f340-4d0c-a9e3-c744f5b26760.root
01-Feb-2025 17:33:18 CST  Successfully opened file root://cmsxrootd.fnal.gov//store/mc/Run3Summer23MiniAODv4/TTtoLNu2Q_TuneCP5_13p6TeV_powheg-pythia8/MINIAODSIM/130X_mcRun3_2023_realistic_v14-v2/2530000/5236b9cc-f340-4d0c-a9e3-c744f5b26760.root
Begin processing the 200001st record. Run 1, Event 74180001, LumiSection 74181 on stream 0 at 01-Feb-2025 17:33:22.710 CST
01-Feb-2025 17:33:22 CST  Closed file root://cmsxrootd.fnal.gov//store/mc/Run3Summer23MiniAODv4/TTtoLNu2Q_TuneCP5_13p6TeV_powheg-pythia8/MINIAODSIM/130X_mcRun3_2023_realistic_v14-v2/2530000/5236b9cc-f340-4d0c-a9e3-c744f5b26760.root
01-Feb-2025 17:33:22 CST  Initiating request to open file root://cmsxrootd.fnal.gov//store/mc/Run3Summer23MiniAODv4/TTtoLNu2Q_TuneCP5_13p6TeV_powheg-pythia8/MINIAODSIM/130X_mcRun3_2023_realistic_v14-v2/2530000/48b81a19-4559-4a91-a784-139ebae9ba2b.root
01-Feb-2025 17:33:25 CST  Successfully opened file root://cmsxrootd.fnal.gov//store/mc/Run3Summer23MiniAODv4/TTtoLNu2Q_TuneCP5_13p6TeV_powheg-pythia8/MINIAODSIM/130X_mcRun3_2023_realistic_v14-v2/2530000/48b81a19-4559-4a91-a784-139ebae9ba2b.root
01-Feb-2025 17:33:30 CST  Closed file root://cmsxrootd.fnal.gov//store/mc/Run3Summer23MiniAODv4/TTtoLNu2Q_TuneCP5_13p6TeV_powheg-pythia8/MINIAODSIM/130X_mcRun3_2023_realistic_v14-v2/2530000/48b81a19-4559-4a91-a784-139ebae9ba2b.root
01-Feb-2025 17:33:30 CST  Initiating request to open file root://cmsxrootd.fnal.gov//store/mc/Run3Summer23MiniAODv4/TTtoLNu2Q_TuneCP5_13p6TeV_powheg-pythia8/MINIAODSIM/130X_mcRun3_2023_realistic_v14-v2/2530000/8af32a12-9b4d-45ce-adc5-f9c13258ea01.root
01-Feb-2025 17:33:33 CST  Successfully opened file root://cmsxrootd.fnal.gov//store/mc/Run3Summer23MiniAODv4/TTtoLNu2Q_TuneCP5_13p6TeV_powheg-pythia8/MINIAODSIM/130X_mcRun3_2023_realistic_v14-v2/2530000/8af32a12-9b4d-45ce-adc5-f9c13258ea01.root
01-Feb-2025 17:33:37 CST  Closed file root://cmsxrootd.fnal.gov//store/mc/Run3Summer23MiniAODv4/TTtoLNu2Q_TuneCP5_13p6TeV_powheg-pythia8/MINIAODSIM/130X_mcRun3_2023_realistic_v14-v2/2530000/8af32a12-9b4d-45ce-adc5-f9c13258ea01.root
01-Feb-2025 17:33:37 CST  Initiating request to open file root://cmsxrootd.fnal.gov//store/mc/Run3Summer23MiniAODv4/TTtoLNu2Q_TuneCP5_13p6TeV_powheg-pythia8/MINIAODSIM/130X_mcRun3_2023_realistic_v14-v2/2530000/347bfed1-1ea7-482c-9bee-efb0ac45d3e0.root
01-Feb-2025 17:33:40 CST  Successfully opened file root://cmsxrootd.fnal.gov//store/mc/Run3Summer23MiniAODv4/TTtoLNu2Q_TuneCP5_13p6TeV_powheg-pythia8/MINIAODSIM/130X_mcRun3_2023_realistic_v14-v2/2530000/347bfed1-1ea7-482c-9bee-efb0ac45d3e0.root
Begin processing the 300001st record. Run 1, Event 72462002, LumiSection 72463 on stream 0 at 01-Feb-2025 17:33:45.310 CST
01-Feb-2025 17:33:45 CST  Closed file root://cmsxrootd.fnal.gov//store/mc/Run3Summer23MiniAODv4/TTtoLNu2Q_TuneCP5_13p6TeV_powheg-pythia8/MINIAODSIM/130X_mcRun3_2023_realistic_v14-v2/2530000/347bfed1-1ea7-482c-9bee-efb0ac45d3e0.root
01-Feb-2025 17:33:45 CST  Initiating request to open file root://cmsxrootd.fnal.gov//store/mc/Run3Summer23MiniAODv4/TTtoLNu2Q_TuneCP5_13p6TeV_powheg-pythia8/MINIAODSIM/130X_mcRun3_2023_realistic_v14-v2/2530000/a60a039f-1a77-4867-bf77-50ce24c030a7.root
01-Feb-2025 17:33:48 CST  Successfully opened file root://cmsxrootd.fnal.gov//store/mc/Run3Summer23MiniAODv4/TTtoLNu2Q_TuneCP5_13p6TeV_powheg-pythia8/MINIAODSIM/130X_mcRun3_2023_realistic_v14-v2/2530000/a60a039f-1a77-4867-bf77-50ce24c030a7.root
01-Feb-2025 17:33:53 CST  Closed file root://cmsxrootd.fnal.gov//store/mc/Run3Summer23MiniAODv4/TTtoLNu2Q_TuneCP5_13p6TeV_powheg-pythia8/MINIAODSIM/130X_mcRun3_2023_realistic_v14-v2/2530000/a60a039f-1a77-4867-bf77-50ce24c030a7.root
01-Feb-2025 17:33:53 CST  Initiating request to open file root://cmsxrootd.fnal.gov//store/mc/Run3Summer23MiniAODv4/TTtoLNu2Q_TuneCP5_13p6TeV_powheg-pythia8/MINIAODSIM/130X_mcRun3_2023_realistic_v14-v2/2530000/15225ffe-10ff-4518-bd53-f747267d1dba.root
01-Feb-2025 17:33:56 CST  Successfully opened file root://cmsxrootd.fnal.gov//store/mc/Run3Summer23MiniAODv4/TTtoLNu2Q_TuneCP5_13p6TeV_powheg-pythia8/MINIAODSIM/130X_mcRun3_2023_realistic_v14-v2/2530000/15225ffe-10ff-4518-bd53-f747267d1dba.root
Begin processing the 400001st record. Run 1, Event 90610001, LumiSection 90611 on stream 0 at 01-Feb-2025 17:34:00.089 CST
01-Feb-2025 17:34:00 CST  Closed file root://cmsxrootd.fnal.gov//store/mc/Run3Summer23MiniAODv4/TTtoLNu2Q_TuneCP5_13p6TeV_powheg-pythia8/MINIAODSIM/130X_mcRun3_2023_realistic_v14-v2/2530000/15225ffe-10ff-4518-bd53-f747267d1dba.root
01-Feb-2025 17:34:00 CST  Initiating request to open file root://cmsxrootd.fnal.gov//store/mc/Run3Summer23MiniAODv4/TTtoLNu2Q_TuneCP5_13p6TeV_powheg-pythia8/MINIAODSIM/130X_mcRun3_2023_realistic_v14-v2/2530000/a446e90a-7898-46d2-af0a-08e438824ef4.root
01-Feb-2025 17:34:02 CST  Successfully opened file root://cmsxrootd.fnal.gov//store/mc/Run3Summer23MiniAODv4/TTtoLNu2Q_TuneCP5_13p6TeV_powheg-pythia8/MINIAODSIM/130X_mcRun3_2023_realistic_v14-v2/2530000/a446e90a-7898-46d2-af0a-08e438824ef4.root
01-Feb-2025 17:34:06 CST  Closed file root://cmsxrootd.fnal.gov//store/mc/Run3Summer23MiniAODv4/TTtoLNu2Q_TuneCP5_13p6TeV_powheg-pythia8/MINIAODSIM/130X_mcRun3_2023_realistic_v14-v2/2530000/a446e90a-7898-46d2-af0a-08e438824ef4.root
01-Feb-2025 17:34:06 CST  Initiating request to open file root://cmsxrootd.fnal.gov//store/mc/Run3Summer23MiniAODv4/TTtoLNu2Q_TuneCP5_13p6TeV_powheg-pythia8/MINIAODSIM/130X_mcRun3_2023_realistic_v14-v2/2530001/e5c86262-4576-4ba2-8819-1cb2d0f7f899.root
01-Feb-2025 17:34:08 CST  Successfully opened file root://cmsxrootd.fnal.gov//store/mc/Run3Summer23MiniAODv4/TTtoLNu2Q_TuneCP5_13p6TeV_powheg-pythia8/MINIAODSIM/130X_mcRun3_2023_realistic_v14-v2/2530001/e5c86262-4576-4ba2-8819-1cb2d0f7f899.root
01-Feb-2025 17:34:12 CST  Closed file root://cmsxrootd.fnal.gov//store/mc/Run3Summer23MiniAODv4/TTtoLNu2Q_TuneCP5_13p6TeV_powheg-pythia8/MINIAODSIM/130X_mcRun3_2023_realistic_v14-v2/2530001/e5c86262-4576-4ba2-8819-1cb2d0f7f899.root
01-Feb-2025 17:34:12 CST  Initiating request to open file root://cmsxrootd.fnal.gov//store/mc/Run3Summer23MiniAODv4/TTtoLNu2Q_TuneCP5_13p6TeV_powheg-pythia8/MINIAODSIM/130X_mcRun3_2023_realistic_v14-v2/2530001/5e77d5eb-64cd-4b6b-b487-0830dabbf314.root
01-Feb-2025 17:34:15 CST  Successfully opened file root://cmsxrootd.fnal.gov//store/mc/Run3Summer23MiniAODv4/TTtoLNu2Q_TuneCP5_13p6TeV_powheg-pythia8/MINIAODSIM/130X_mcRun3_2023_realistic_v14-v2/2530001/5e77d5eb-64cd-4b6b-b487-0830dabbf314.root
01-Feb-2025 17:34:19 CST  Closed file root://cmsxrootd.fnal.gov//store/mc/Run3Summer23MiniAODv4/TTtoLNu2Q_TuneCP5_13p6TeV_powheg-pythia8/MINIAODSIM/130X_mcRun3_2023_realistic_v14-v2/2530001/5e77d5eb-64cd-4b6b-b487-0830dabbf314.root
01-Feb-2025 17:34:19 CST  Initiating request to open file root://cmsxrootd.fnal.gov//store/mc/Run3Summer23MiniAODv4/TTtoLNu2Q_TuneCP5_13p6TeV_powheg-pythia8/MINIAODSIM/130X_mcRun3_2023_realistic_v14-v2/2530000/28cb3898-1d8c-48a1-913a-330d17bc7eab.root
01-Feb-2025 17:34:21 CST  Successfully opened file root://cmsxrootd.fnal.gov//store/mc/Run3Summer23MiniAODv4/TTtoLNu2Q_TuneCP5_13p6TeV_powheg-pythia8/MINIAODSIM/130X_mcRun3_2023_realistic_v14-v2/2530000/28cb3898-1d8c-48a1-913a-330d17bc7eab.root
Begin processing the 500001st record. Run 1, Event 74951006, LumiSection 74952 on stream 0 at 01-Feb-2025 17:34:25.109 CST
01-Feb-2025 17:34:25 CST  Closed file root://cmsxrootd.fnal.gov//store/mc/Run3Summer23MiniAODv4/TTtoLNu2Q_TuneCP5_13p6TeV_powheg-pythia8/MINIAODSIM/130X_mcRun3_2023_realistic_v14-v2/2530000/28cb3898-1d8c-48a1-913a-330d17bc7eab.root
01-Feb-2025 17:34:25 CST  Initiating request to open file root://cmsxrootd.fnal.gov//store/mc/Run3Summer23MiniAODv4/TTtoLNu2Q_TuneCP5_13p6TeV_powheg-pythia8/MINIAODSIM/130X_mcRun3_2023_realistic_v14-v2/2530001/70565416-6ca0-4652-a58b-af91f78b4555.root
01-Feb-2025 17:34:27 CST  Successfully opened file root://cmsxrootd.fnal.gov//store/mc/Run3Summer23MiniAODv4/TTtoLNu2Q_TuneCP5_13p6TeV_powheg-pythia8/MINIAODSIM/130X_mcRun3_2023_realistic_v14-v2/2530001/70565416-6ca0-4652-a58b-af91f78b4555.root
01-Feb-2025 17:34:31 CST  Closed file root://cmsxrootd.fnal.gov//store/mc/Run3Summer23MiniAODv4/TTtoLNu2Q_TuneCP5_13p6TeV_powheg-pythia8/MINIAODSIM/130X_mcRun3_2023_realistic_v14-v2/2530001/70565416-6ca0-4652-a58b-af91f78b4555.root
01-Feb-2025 17:34:31 CST  Initiating request to open file root://cmsxrootd.fnal.gov//store/mc/Run3Summer23MiniAODv4/TTtoLNu2Q_TuneCP5_13p6TeV_powheg-pythia8/MINIAODSIM/130X_mcRun3_2023_realistic_v14-v2/2530000/a35628fc-a4af-4974-9a8c-438ff1891433.root
01-Feb-2025 17:34:34 CST  Successfully opened file root://cmsxrootd.fnal.gov//store/mc/Run3Summer23MiniAODv4/TTtoLNu2Q_TuneCP5_13p6TeV_powheg-pythia8/MINIAODSIM/130X_mcRun3_2023_realistic_v14-v2/2530000/a35628fc-a4af-4974-9a8c-438ff1891433.root
Begin processing the 600001st record. Run 1, Event 8904001, LumiSection 8905 on stream 0 at 01-Feb-2025 17:34:38.662 CST
01-Feb-2025 17:34:38 CST  Closed file root://cmsxrootd.fnal.gov//store/mc/Run3Summer23MiniAODv4/TTtoLNu2Q_TuneCP5_13p6TeV_powheg-pythia8/MINIAODSIM/130X_mcRun3_2023_realistic_v14-v2/2530000/a35628fc-a4af-4974-9a8c-438ff1891433.root
01-Feb-2025 17:34:38 CST  Initiating request to open file root://cmsxrootd.fnal.gov//store/mc/Run3Summer23MiniAODv4/TTtoLNu2Q_TuneCP5_13p6TeV_powheg-pythia8/MINIAODSIM/130X_mcRun3_2023_realistic_v14-v2/2530001/40efbd36-4a3b-43fe-a682-684b85666887.root
01-Feb-2025 17:34:41 CST  Successfully opened file root://cmsxrootd.fnal.gov//store/mc/Run3Summer23MiniAODv4/TTtoLNu2Q_TuneCP5_13p6TeV_powheg-pythia8/MINIAODSIM/130X_mcRun3_2023_realistic_v14-v2/2530001/40efbd36-4a3b-43fe-a682-684b85666887.root
01-Feb-2025 17:34:44 CST  Closed file root://cmsxrootd.fnal.gov//store/mc/Run3Summer23MiniAODv4/TTtoLNu2Q_TuneCP5_13p6TeV_powheg-pythia8/MINIAODSIM/130X_mcRun3_2023_realistic_v14-v2/2530001/40efbd36-4a3b-43fe-a682-684b85666887.root
01-Feb-2025 17:34:44 CST  Initiating request to open file root://cmsxrootd.fnal.gov//store/mc/Run3Summer23MiniAODv4/TTtoLNu2Q_TuneCP5_13p6TeV_powheg-pythia8/MINIAODSIM/130X_mcRun3_2023_realistic_v14-v2/2530001/7723035f-3b05-4f5c-84e3-79f2856ab1e6.root
01-Feb-2025 17:34:47 CST  Successfully opened file root://cmsxrootd.fnal.gov//store/mc/Run3Summer23MiniAODv4/TTtoLNu2Q_TuneCP5_13p6TeV_powheg-pythia8/MINIAODSIM/130X_mcRun3_2023_realistic_v14-v2/2530001/7723035f-3b05-4f5c-84e3-79f2856ab1e6.root
01-Feb-2025 17:34:51 CST  Closed file root://cmsxrootd.fnal.gov//store/mc/Run3Summer23MiniAODv4/TTtoLNu2Q_TuneCP5_13p6TeV_powheg-pythia8/MINIAODSIM/130X_mcRun3_2023_realistic_v14-v2/2530001/7723035f-3b05-4f5c-84e3-79f2856ab1e6.root
01-Feb-2025 17:34:51 CST  Initiating request to open file root://cmsxrootd.fnal.gov//store/mc/Run3Summer23MiniAODv4/TTtoLNu2Q_TuneCP5_13p6TeV_powheg-pythia8/MINIAODSIM/130X_mcRun3_2023_realistic_v14-v2/2530001/bfbeefe8-a1f3-4a53-ab43-40d47dac42b8.root
01-Feb-2025 17:34:53 CST  Successfully opened file root://cmsxrootd.fnal.gov//store/mc/Run3Summer23MiniAODv4/TTtoLNu2Q_TuneCP5_13p6TeV_powheg-pythia8/MINIAODSIM/130X_mcRun3_2023_realistic_v14-v2/2530001/bfbeefe8-a1f3-4a53-ab43-40d47dac42b8.root
01-Feb-2025 17:34:58 CST  Closed file root://cmsxrootd.fnal.gov//store/mc/Run3Summer23MiniAODv4/TTtoLNu2Q_TuneCP5_13p6TeV_powheg-pythia8/MINIAODSIM/130X_mcRun3_2023_realistic_v14-v2/2530001/bfbeefe8-a1f3-4a53-ab43-40d47dac42b8.root
01-Feb-2025 17:34:58 CST  Initiating request to open file root://cmsxrootd.fnal.gov//store/mc/Run3Summer23MiniAODv4/TTtoLNu2Q_TuneCP5_13p6TeV_powheg-pythia8/MINIAODSIM/130X_mcRun3_2023_realistic_v14-v2/2530001/0a00e118-9cde-4ae2-8ce7-effb40b7957b.root
01-Feb-2025 17:35:00 CST  Successfully opened file root://cmsxrootd.fnal.gov//store/mc/Run3Summer23MiniAODv4/TTtoLNu2Q_TuneCP5_13p6TeV_powheg-pythia8/MINIAODSIM/130X_mcRun3_2023_realistic_v14-v2/2530001/0a00e118-9cde-4ae2-8ce7-effb40b7957b.root
Begin processing the 700001st record. Run 1, Event 108682004, LumiSection 108683 on stream 0 at 01-Feb-2025 17:35:03.775 CST
01-Feb-2025 17:35:04 CST  Closed file root://cmsxrootd.fnal.gov//store/mc/Run3Summer23MiniAODv4/TTtoLNu2Q_TuneCP5_13p6TeV_powheg-pythia8/MINIAODSIM/130X_mcRun3_2023_realistic_v14-v2/2530001/0a00e118-9cde-4ae2-8ce7-effb40b7957b.root
01-Feb-2025 17:35:04 CST  Initiating request to open file root://cmsxrootd.fnal.gov//store/mc/Run3Summer23MiniAODv4/TTtoLNu2Q_TuneCP5_13p6TeV_powheg-pythia8/MINIAODSIM/130X_mcRun3_2023_realistic_v14-v2/2530000/eae23697-1514-4647-bcc6-6c26e925beb8.root
01-Feb-2025 17:35:06 CST  Successfully opened file root://cmsxrootd.fnal.gov//store/mc/Run3Summer23MiniAODv4/TTtoLNu2Q_TuneCP5_13p6TeV_powheg-pythia8/MINIAODSIM/130X_mcRun3_2023_realistic_v14-v2/2530000/eae23697-1514-4647-bcc6-6c26e925beb8.root
01-Feb-2025 17:35:10 CST  Closed file root://cmsxrootd.fnal.gov//store/mc/Run3Summer23MiniAODv4/TTtoLNu2Q_TuneCP5_13p6TeV_powheg-pythia8/MINIAODSIM/130X_mcRun3_2023_realistic_v14-v2/2530000/eae23697-1514-4647-bcc6-6c26e925beb8.root
01-Feb-2025 17:35:10 CST  Initiating request to open file root://cmsxrootd.fnal.gov//store/mc/Run3Summer23MiniAODv4/TTtoLNu2Q_TuneCP5_13p6TeV_powheg-pythia8/MINIAODSIM/130X_mcRun3_2023_realistic_v14-v2/2530000/5ddcfbe5-bedb-420e-ba03-c62f85dd2ef0.root
01-Feb-2025 17:35:12 CST  Successfully opened file root://cmsxrootd.fnal.gov//store/mc/Run3Summer23MiniAODv4/TTtoLNu2Q_TuneCP5_13p6TeV_powheg-pythia8/MINIAODSIM/130X_mcRun3_2023_realistic_v14-v2/2530000/5ddcfbe5-bedb-420e-ba03-c62f85dd2ef0.root
01-Feb-2025 17:35:16 CST  Closed file root://cmsxrootd.fnal.gov//store/mc/Run3Summer23MiniAODv4/TTtoLNu2Q_TuneCP5_13p6TeV_powheg-pythia8/MINIAODSIM/130X_mcRun3_2023_realistic_v14-v2/2530000/5ddcfbe5-bedb-420e-ba03-c62f85dd2ef0.root
01-Feb-2025 17:35:16 CST  Initiating request to open file root://cmsxrootd.fnal.gov//store/mc/Run3Summer23MiniAODv4/TTtoLNu2Q_TuneCP5_13p6TeV_powheg-pythia8/MINIAODSIM/130X_mcRun3_2023_realistic_v14-v2/2530000/59b078f2-b9a9-4fe4-be67-bd2d13674919.root
01-Feb-2025 17:35:19 CST  Successfully opened file root://cmsxrootd.fnal.gov//store/mc/Run3Summer23MiniAODv4/TTtoLNu2Q_TuneCP5_13p6TeV_powheg-pythia8/MINIAODSIM/130X_mcRun3_2023_realistic_v14-v2/2530000/59b078f2-b9a9-4fe4-be67-bd2d13674919.root
Begin processing the 800001st record. Run 1, Event 32003002, LumiSection 32004 on stream 0 at 01-Feb-2025 17:35:23.637 CST
01-Feb-2025 17:35:24 CST  Closed file root://cmsxrootd.fnal.gov//store/mc/Run3Summer23MiniAODv4/TTtoLNu2Q_TuneCP5_13p6TeV_powheg-pythia8/MINIAODSIM/130X_mcRun3_2023_realistic_v14-v2/2530000/59b078f2-b9a9-4fe4-be67-bd2d13674919.root
01-Feb-2025 17:35:24 CST  Initiating request to open file root://cmsxrootd.fnal.gov//store/mc/Run3Summer23MiniAODv4/TTtoLNu2Q_TuneCP5_13p6TeV_powheg-pythia8/MINIAODSIM/130X_mcRun3_2023_realistic_v14-v2/2530000/f4785861-507e-41ff-b9ec-30912c77f6d1.root
01-Feb-2025 17:35:26 CST  Successfully opened file root://cmsxrootd.fnal.gov//store/mc/Run3Summer23MiniAODv4/TTtoLNu2Q_TuneCP5_13p6TeV_powheg-pythia8/MINIAODSIM/130X_mcRun3_2023_realistic_v14-v2/2530000/f4785861-507e-41ff-b9ec-30912c77f6d1.root
01-Feb-2025 17:35:31 CST  Closed file root://cmsxrootd.fnal.gov//store/mc/Run3Summer23MiniAODv4/TTtoLNu2Q_TuneCP5_13p6TeV_powheg-pythia8/MINIAODSIM/130X_mcRun3_2023_realistic_v14-v2/2530000/f4785861-507e-41ff-b9ec-30912c77f6d1.root
01-Feb-2025 17:35:31 CST  Initiating request to open file root://cmsxrootd.fnal.gov//store/mc/Run3Summer23MiniAODv4/TTtoLNu2Q_TuneCP5_13p6TeV_powheg-pythia8/MINIAODSIM/130X_mcRun3_2023_realistic_v14-v2/2530000/a4d0c637-f28e-4ffe-b287-f1f41d597925.root
01-Feb-2025 17:35:34 CST  Successfully opened file root://cmsxrootd.fnal.gov//store/mc/Run3Summer23MiniAODv4/TTtoLNu2Q_TuneCP5_13p6TeV_powheg-pythia8/MINIAODSIM/130X_mcRun3_2023_realistic_v14-v2/2530000/a4d0c637-f28e-4ffe-b287-f1f41d597925.root
Begin processing the 900001st record. Run 1, Event 53481004, LumiSection 53482 on stream 0 at 01-Feb-2025 17:35:38.360 CST
01-Feb-2025 17:35:39 CST  Closed file root://cmsxrootd.fnal.gov//store/mc/Run3Summer23MiniAODv4/TTtoLNu2Q_TuneCP5_13p6TeV_powheg-pythia8/MINIAODSIM/130X_mcRun3_2023_realistic_v14-v2/2530000/a4d0c637-f28e-4ffe-b287-f1f41d597925.root
01-Feb-2025 17:35:39 CST  Initiating request to open file root://cmsxrootd.fnal.gov//store/mc/Run3Summer23MiniAODv4/TTtoLNu2Q_TuneCP5_13p6TeV_powheg-pythia8/MINIAODSIM/130X_mcRun3_2023_realistic_v14-v2/2530000/1b13c4cf-b0c3-4a64-bdff-e8f52f8285f6.root
01-Feb-2025 17:35:41 CST  Successfully opened file root://cmsxrootd.fnal.gov//store/mc/Run3Summer23MiniAODv4/TTtoLNu2Q_TuneCP5_13p6TeV_powheg-pythia8/MINIAODSIM/130X_mcRun3_2023_realistic_v14-v2/2530000/1b13c4cf-b0c3-4a64-bdff-e8f52f8285f6.root
01-Feb-2025 17:35:45 CST  Closed file root://cmsxrootd.fnal.gov//store/mc/Run3Summer23MiniAODv4/TTtoLNu2Q_TuneCP5_13p6TeV_powheg-pythia8/MINIAODSIM/130X_mcRun3_2023_realistic_v14-v2/2530000/1b13c4cf-b0c3-4a64-bdff-e8f52f8285f6.root
01-Feb-2025 17:35:45 CST  Initiating request to open file root://cmsxrootd.fnal.gov//store/mc/Run3Summer23MiniAODv4/TTtoLNu2Q_TuneCP5_13p6TeV_powheg-pythia8/MINIAODSIM/130X_mcRun3_2023_realistic_v14-v2/2530001/20e52dd6-b41a-4171-a2e0-c1ff517b376e.root
01-Feb-2025 17:35:48 CST  Successfully opened file root://cmsxrootd.fnal.gov//store/mc/Run3Summer23MiniAODv4/TTtoLNu2Q_TuneCP5_13p6TeV_powheg-pythia8/MINIAODSIM/130X_mcRun3_2023_realistic_v14-v2/2530001/20e52dd6-b41a-4171-a2e0-c1ff517b376e.root
    762.136984      0.269015      1.000000        311111
 
01-Feb-2025 17:35:52 CST  Closed file root://cmsxrootd.fnal.gov//store/mc/Run3Summer23MiniAODv4/TTtoLNu2Q_TuneCP5_13p6TeV_powheg-pythia8/MINIAODSIM/130X_mcRun3_2023_realistic_v14-v2/2530001/20e52dd6-b41a-4171-a2e0-c1ff517b376e.root

------------------------------------
GenXsecAnalyzer:
------------------------------------
-------------------------------------------------------------------------------------------------------------------------------------------------------------------------- 
Overall cross-section summary 
--------------------------------------------------------------------------------------------------------------------------------------------------------------------------
Process		xsec_before [pb]		passed	nposw	nnegw	tried	nposw	nnegw 	xsec_match [pb]			accepted [%]	 event_eff [%]
0		7.621e+02 +/- 1.345e-01		1000000	995974	4026	1000000	995974	4026	7.621e+02 +/- 1.345e-01		100.0 +/- 0.0	100.0 +/- 0.0
-------------------------------------------------------------------------------------------------------------------------------------------------------------------------- 
Total		7.621e+02 +/- 1.345e-01		1000000	995974	4026	1000000	995974	4026	7.621e+02 +/- 1.345e-01		100.0 +/- 0.0	100.0 +/- 0.0
--------------------------------------------------------------------------------------------------------------------------------------------------------------------------
Before matching: total cross section = 7.621e+02 +- 1.345e-01 pb
After matching: total cross section = 7.621e+02 +- 1.345e-01 pb
Matching efficiency = 1.0 +/- 0.0   [TO BE USED IN MCM]
Filter efficiency (taking into account weights)= (3.34333e+08) / (3.34333e+08) = 1.000e+00 +- 0.000e+00
Filter efficiency (event-level)= (1e+06) / (1e+06) = 1.000e+00 +- 0.000e+00    [TO BE USED IN MCM]

After filter: final cross section = 7.621e+02 +- 1.345e-01 pb
After filter: final fraction of events with negative weights = 4.026e-03 +- 2.304e-08
After filter: final equivalent lumi for 1M events (1/fb) = 1.291e+00 +- 1.300e-03
