01-Feb-2025 17:35:54 CST  Initiating request to open file root://cmsxrootd.fnal.gov//store/mc/Run3Summer23MiniAODv4/TWminusto2L2Nu_TuneCP5_13p6TeV_powheg-pythia8/MINIAODSIM/130X_mcRun3_2023_realistic_v14-v2/2560000/0d7f0f8c-6f74-4944-8bc6-a8066e70e6a6.root
01-Feb-2025 17:35:59 CST  Successfully opened file root://cmsxrootd.fnal.gov//store/mc/Run3Summer23MiniAODv4/TWminusto2L2Nu_TuneCP5_13p6TeV_powheg-pythia8/MINIAODSIM/130X_mcRun3_2023_realistic_v14-v2/2560000/0d7f0f8c-6f74-4944-8bc6-a8066e70e6a6.root
Begin processing the 1st record. Run 1, Event 1164001, LumiSection 1165 on stream 0 at 01-Feb-2025 17:36:03.729 CST
01-Feb-2025 17:36:04 CST  Closed file root://cmsxrootd.fnal.gov//store/mc/Run3Summer23MiniAODv4/TWminusto2L2Nu_TuneCP5_13p6TeV_powheg-pythia8/MINIAODSIM/130X_mcRun3_2023_realistic_v14-v2/2560000/0d7f0f8c-6f74-4944-8bc6-a8066e70e6a6.root
01-Feb-2025 17:36:04 CST  Initiating request to open file root://cmsxrootd.fnal.gov//store/mc/Run3Summer23MiniAODv4/TWminusto2L2Nu_TuneCP5_13p6TeV_powheg-pythia8/MINIAODSIM/130X_mcRun3_2023_realistic_v14-v2/2560000/351911c9-2984-49fb-b3a0-e26cc3cabe9d.root
01-Feb-2025 17:36:06 CST  Successfully opened file root://cmsxrootd.fnal.gov//store/mc/Run3Summer23MiniAODv4/TWminusto2L2Nu_TuneCP5_13p6TeV_powheg-pythia8/MINIAODSIM/130X_mcRun3_2023_realistic_v14-v2/2560000/351911c9-2984-49fb-b3a0-e26cc3cabe9d.root
01-Feb-2025 17:36:11 CST  Closed file root://cmsxrootd.fnal.gov//store/mc/Run3Summer23MiniAODv4/TWminusto2L2Nu_TuneCP5_13p6TeV_powheg-pythia8/MINIAODSIM/130X_mcRun3_2023_realistic_v14-v2/2560000/351911c9-2984-49fb-b3a0-e26cc3cabe9d.root
01-Feb-2025 17:36:11 CST  Initiating request to open file root://cmsxrootd.fnal.gov//store/mc/Run3Summer23MiniAODv4/TWminusto2L2Nu_TuneCP5_13p6TeV_powheg-pythia8/MINIAODSIM/130X_mcRun3_2023_realistic_v14-v2/2560000/2020dc61-6b1e-447c-845e-154fa5ba229b.root
01-Feb-2025 17:36:13 CST  Successfully opened file root://cmsxrootd.fnal.gov//store/mc/Run3Summer23MiniAODv4/TWminusto2L2Nu_TuneCP5_13p6TeV_powheg-pythia8/MINIAODSIM/130X_mcRun3_2023_realistic_v14-v2/2560000/2020dc61-6b1e-447c-845e-154fa5ba229b.root
01-Feb-2025 17:36:17 CST  Closed file root://cmsxrootd.fnal.gov//store/mc/Run3Summer23MiniAODv4/TWminusto2L2Nu_TuneCP5_13p6TeV_powheg-pythia8/MINIAODSIM/130X_mcRun3_2023_realistic_v14-v2/2560000/2020dc61-6b1e-447c-845e-154fa5ba229b.root
01-Feb-2025 17:36:17 CST  Initiating request to open file root://cmsxrootd.fnal.gov//store/mc/Run3Summer23MiniAODv4/TWminusto2L2Nu_TuneCP5_13p6TeV_powheg-pythia8/MINIAODSIM/130X_mcRun3_2023_realistic_v14-v2/2560000/f4c678e4-8720-4659-8e6a-a6d3a3febe40.root
01-Feb-2025 17:36:19 CST  Successfully opened file root://cmsxrootd.fnal.gov//store/mc/Run3Summer23MiniAODv4/TWminusto2L2Nu_TuneCP5_13p6TeV_powheg-pythia8/MINIAODSIM/130X_mcRun3_2023_realistic_v14-v2/2560000/f4c678e4-8720-4659-8e6a-a6d3a3febe40.root
Begin processing the 100001st record. Run 1, Event 409001, LumiSection 410 on stream 0 at 01-Feb-2025 17:36:23.777 CST
01-Feb-2025 17:36:24 CST  Closed file root://cmsxrootd.fnal.gov//store/mc/Run3Summer23MiniAODv4/TWminusto2L2Nu_TuneCP5_13p6TeV_powheg-pythia8/MINIAODSIM/130X_mcRun3_2023_realistic_v14-v2/2560000/f4c678e4-8720-4659-8e6a-a6d3a3febe40.root
01-Feb-2025 17:36:24 CST  Initiating request to open file root://cmsxrootd.fnal.gov//store/mc/Run3Summer23MiniAODv4/TWminusto2L2Nu_TuneCP5_13p6TeV_powheg-pythia8/MINIAODSIM/130X_mcRun3_2023_realistic_v14-v2/2560000/43b2fe95-e998-4f49-999a-2133604bc10c.root
01-Feb-2025 17:36:26 CST  Successfully opened file root://cmsxrootd.fnal.gov//store/mc/Run3Summer23MiniAODv4/TWminusto2L2Nu_TuneCP5_13p6TeV_powheg-pythia8/MINIAODSIM/130X_mcRun3_2023_realistic_v14-v2/2560000/43b2fe95-e998-4f49-999a-2133604bc10c.root
01-Feb-2025 17:36:31 CST  Closed file root://cmsxrootd.fnal.gov//store/mc/Run3Summer23MiniAODv4/TWminusto2L2Nu_TuneCP5_13p6TeV_powheg-pythia8/MINIAODSIM/130X_mcRun3_2023_realistic_v14-v2/2560000/43b2fe95-e998-4f49-999a-2133604bc10c.root
01-Feb-2025 17:36:31 CST  Initiating request to open file root://cmsxrootd.fnal.gov//store/mc/Run3Summer23MiniAODv4/TWminusto2L2Nu_TuneCP5_13p6TeV_powheg-pythia8/MINIAODSIM/130X_mcRun3_2023_realistic_v14-v2/2560000/bf8384c0-7da6-457f-83e7-350859eb93cd.root
01-Feb-2025 17:36:34 CST  Successfully opened file root://cmsxrootd.fnal.gov//store/mc/Run3Summer23MiniAODv4/TWminusto2L2Nu_TuneCP5_13p6TeV_powheg-pythia8/MINIAODSIM/130X_mcRun3_2023_realistic_v14-v2/2560000/bf8384c0-7da6-457f-83e7-350859eb93cd.root
01-Feb-2025 17:36:37 CST  Closed file root://cmsxrootd.fnal.gov//store/mc/Run3Summer23MiniAODv4/TWminusto2L2Nu_TuneCP5_13p6TeV_powheg-pythia8/MINIAODSIM/130X_mcRun3_2023_realistic_v14-v2/2560000/bf8384c0-7da6-457f-83e7-350859eb93cd.root
01-Feb-2025 17:36:37 CST  Initiating request to open file root://cmsxrootd.fnal.gov//store/mc/Run3Summer23MiniAODv4/TWminusto2L2Nu_TuneCP5_13p6TeV_powheg-pythia8/MINIAODSIM/130X_mcRun3_2023_realistic_v14-v2/2560000/0b8ff51f-db9d-4434-841f-5e330a1b5d50.root
01-Feb-2025 17:36:40 CST  Successfully opened file root://cmsxrootd.fnal.gov//store/mc/Run3Summer23MiniAODv4/TWminusto2L2Nu_TuneCP5_13p6TeV_powheg-pythia8/MINIAODSIM/130X_mcRun3_2023_realistic_v14-v2/2560000/0b8ff51f-db9d-4434-841f-5e330a1b5d50.root
Begin processing the 200001st record. Run 1, Event 4058003, LumiSection 4059 on stream 0 at 01-Feb-2025 17:36:43.850 CST
01-Feb-2025 17:36:43 CST  Closed file root://cmsxrootd.fnal.gov//store/mc/Run3Summer23MiniAODv4/TWminusto2L2Nu_TuneCP5_13p6TeV_powheg-pythia8/MINIAODSIM/130X_mcRun3_2023_realistic_v14-v2/2560000/0b8ff51f-db9d-4434-841f-5e330a1b5d50.root
01-Feb-2025 17:36:43 CST  Initiating request to open file root://cmsxrootd.fnal.gov//store/mc/Run3Summer23MiniAODv4/TWminusto2L2Nu_TuneCP5_13p6TeV_powheg-pythia8/MINIAODSIM/130X_mcRun3_2023_realistic_v14-v2/2560000/4e7a1313-b238-4ad2-9050-a8beecdb7959.root
01-Feb-2025 17:36:46 CST  Successfully opened file root://cmsxrootd.fnal.gov//store/mc/Run3Summer23MiniAODv4/TWminusto2L2Nu_TuneCP5_13p6TeV_powheg-pythia8/MINIAODSIM/130X_mcRun3_2023_realistic_v14-v2/2560000/4e7a1313-b238-4ad2-9050-a8beecdb7959.root
01-Feb-2025 17:36:51 CST  Closed file root://cmsxrootd.fnal.gov//store/mc/Run3Summer23MiniAODv4/TWminusto2L2Nu_TuneCP5_13p6TeV_powheg-pythia8/MINIAODSIM/130X_mcRun3_2023_realistic_v14-v2/2560000/4e7a1313-b238-4ad2-9050-a8beecdb7959.root
01-Feb-2025 17:36:51 CST  Initiating request to open file root://cmsxrootd.fnal.gov//store/mc/Run3Summer23MiniAODv4/TWminusto2L2Nu_TuneCP5_13p6TeV_powheg-pythia8/MINIAODSIM/130X_mcRun3_2023_realistic_v14-v2/2560000/972f67b5-90a4-4914-9b8c-2e63c0fd020d.root
01-Feb-2025 17:36:53 CST  Successfully opened file root://cmsxrootd.fnal.gov//store/mc/Run3Summer23MiniAODv4/TWminusto2L2Nu_TuneCP5_13p6TeV_powheg-pythia8/MINIAODSIM/130X_mcRun3_2023_realistic_v14-v2/2560000/972f67b5-90a4-4914-9b8c-2e63c0fd020d.root
01-Feb-2025 17:36:57 CST  Closed file root://cmsxrootd.fnal.gov//store/mc/Run3Summer23MiniAODv4/TWminusto2L2Nu_TuneCP5_13p6TeV_powheg-pythia8/MINIAODSIM/130X_mcRun3_2023_realistic_v14-v2/2560000/972f67b5-90a4-4914-9b8c-2e63c0fd020d.root
01-Feb-2025 17:36:57 CST  Initiating request to open file root://cmsxrootd.fnal.gov//store/mc/Run3Summer23MiniAODv4/TWminusto2L2Nu_TuneCP5_13p6TeV_powheg-pythia8/MINIAODSIM/130X_mcRun3_2023_realistic_v14-v2/2560000/776c7563-ab06-49a7-a724-66c41efdd5e2.root
01-Feb-2025 17:37:00 CST  Successfully opened file root://cmsxrootd.fnal.gov//store/mc/Run3Summer23MiniAODv4/TWminusto2L2Nu_TuneCP5_13p6TeV_powheg-pythia8/MINIAODSIM/130X_mcRun3_2023_realistic_v14-v2/2560000/776c7563-ab06-49a7-a724-66c41efdd5e2.root
Begin processing the 300001st record. Run 1, Event 861003, LumiSection 862 on stream 0 at 01-Feb-2025 17:37:04.786 CST
01-Feb-2025 17:37:05 CST  Closed file root://cmsxrootd.fnal.gov//store/mc/Run3Summer23MiniAODv4/TWminusto2L2Nu_TuneCP5_13p6TeV_powheg-pythia8/MINIAODSIM/130X_mcRun3_2023_realistic_v14-v2/2560000/776c7563-ab06-49a7-a724-66c41efdd5e2.root
01-Feb-2025 17:37:05 CST  Initiating request to open file root://cmsxrootd.fnal.gov//store/mc/Run3Summer23MiniAODv4/TWminusto2L2Nu_TuneCP5_13p6TeV_powheg-pythia8/MINIAODSIM/130X_mcRun3_2023_realistic_v14-v2/2560000/b1083361-8dc8-4162-a89f-d7d1c7baf111.root
01-Feb-2025 17:37:07 CST  Successfully opened file root://cmsxrootd.fnal.gov//store/mc/Run3Summer23MiniAODv4/TWminusto2L2Nu_TuneCP5_13p6TeV_powheg-pythia8/MINIAODSIM/130X_mcRun3_2023_realistic_v14-v2/2560000/b1083361-8dc8-4162-a89f-d7d1c7baf111.root
01-Feb-2025 17:37:11 CST  Closed file root://cmsxrootd.fnal.gov//store/mc/Run3Summer23MiniAODv4/TWminusto2L2Nu_TuneCP5_13p6TeV_powheg-pythia8/MINIAODSIM/130X_mcRun3_2023_realistic_v14-v2/2560000/b1083361-8dc8-4162-a89f-d7d1c7baf111.root
01-Feb-2025 17:37:11 CST  Initiating request to open file root://cmsxrootd.fnal.gov//store/mc/Run3Summer23MiniAODv4/TWminusto2L2Nu_TuneCP5_13p6TeV_powheg-pythia8/MINIAODSIM/130X_mcRun3_2023_realistic_v14-v2/2560000/07fc0539-03c4-4f3f-8fed-a7567766bcf5.root
01-Feb-2025 17:37:13 CST  Successfully opened file root://cmsxrootd.fnal.gov//store/mc/Run3Summer23MiniAODv4/TWminusto2L2Nu_TuneCP5_13p6TeV_powheg-pythia8/MINIAODSIM/130X_mcRun3_2023_realistic_v14-v2/2560000/07fc0539-03c4-4f3f-8fed-a7567766bcf5.root
Begin processing the 400001st record. Run 1, Event 3973005, LumiSection 3974 on stream 0 at 01-Feb-2025 17:37:18.183 CST
01-Feb-2025 17:37:18 CST  Closed file root://cmsxrootd.fnal.gov//store/mc/Run3Summer23MiniAODv4/TWminusto2L2Nu_TuneCP5_13p6TeV_powheg-pythia8/MINIAODSIM/130X_mcRun3_2023_realistic_v14-v2/2560000/07fc0539-03c4-4f3f-8fed-a7567766bcf5.root
01-Feb-2025 17:37:18 CST  Initiating request to open file root://cmsxrootd.fnal.gov//store/mc/Run3Summer23MiniAODv4/TWminusto2L2Nu_TuneCP5_13p6TeV_powheg-pythia8/MINIAODSIM/130X_mcRun3_2023_realistic_v14-v2/2560000/d30eb868-d7c3-4022-bb52-e0d12d3acf1b.root
01-Feb-2025 17:37:20 CST  Successfully opened file root://cmsxrootd.fnal.gov//store/mc/Run3Summer23MiniAODv4/TWminusto2L2Nu_TuneCP5_13p6TeV_powheg-pythia8/MINIAODSIM/130X_mcRun3_2023_realistic_v14-v2/2560000/d30eb868-d7c3-4022-bb52-e0d12d3acf1b.root
01-Feb-2025 17:37:25 CST  Closed file root://cmsxrootd.fnal.gov//store/mc/Run3Summer23MiniAODv4/TWminusto2L2Nu_TuneCP5_13p6TeV_powheg-pythia8/MINIAODSIM/130X_mcRun3_2023_realistic_v14-v2/2560000/d30eb868-d7c3-4022-bb52-e0d12d3acf1b.root
01-Feb-2025 17:37:25 CST  Initiating request to open file root://cmsxrootd.fnal.gov//store/mc/Run3Summer23MiniAODv4/TWminusto2L2Nu_TuneCP5_13p6TeV_powheg-pythia8/MINIAODSIM/130X_mcRun3_2023_realistic_v14-v2/2560000/e9a145d3-f5dc-4dce-b549-008e7f57b994.root
01-Feb-2025 17:37:28 CST  Successfully opened file root://cmsxrootd.fnal.gov//store/mc/Run3Summer23MiniAODv4/TWminusto2L2Nu_TuneCP5_13p6TeV_powheg-pythia8/MINIAODSIM/130X_mcRun3_2023_realistic_v14-v2/2560000/e9a145d3-f5dc-4dce-b549-008e7f57b994.root
Begin processing the 500001st record. Run 1, Event 2957005, LumiSection 2958 on stream 0 at 01-Feb-2025 17:37:33.393 CST
01-Feb-2025 17:37:33 CST  Closed file root://cmsxrootd.fnal.gov//store/mc/Run3Summer23MiniAODv4/TWminusto2L2Nu_TuneCP5_13p6TeV_powheg-pythia8/MINIAODSIM/130X_mcRun3_2023_realistic_v14-v2/2560000/e9a145d3-f5dc-4dce-b549-008e7f57b994.root
01-Feb-2025 17:37:33 CST  Initiating request to open file root://cmsxrootd.fnal.gov//store/mc/Run3Summer23MiniAODv4/TWminusto2L2Nu_TuneCP5_13p6TeV_powheg-pythia8/MINIAODSIM/130X_mcRun3_2023_realistic_v14-v2/2560000/c4944a2a-d85f-4f69-9ca4-0d03ace47f68.root
01-Feb-2025 17:37:35 CST  Successfully opened file root://cmsxrootd.fnal.gov//store/mc/Run3Summer23MiniAODv4/TWminusto2L2Nu_TuneCP5_13p6TeV_powheg-pythia8/MINIAODSIM/130X_mcRun3_2023_realistic_v14-v2/2560000/c4944a2a-d85f-4f69-9ca4-0d03ace47f68.root
01-Feb-2025 17:37:39 CST  Closed file root://cmsxrootd.fnal.gov//store/mc/Run3Summer23MiniAODv4/TWminusto2L2Nu_TuneCP5_13p6TeV_powheg-pythia8/MINIAODSIM/130X_mcRun3_2023_realistic_v14-v2/2560000/c4944a2a-d85f-4f69-9ca4-0d03ace47f68.root
01-Feb-2025 17:37:39 CST  Initiating request to open file root://cmsxrootd.fnal.gov//store/mc/Run3Summer23MiniAODv4/TWminusto2L2Nu_TuneCP5_13p6TeV_powheg-pythia8/MINIAODSIM/130X_mcRun3_2023_realistic_v14-v2/2560000/5547bc02-36dc-4f54-92c4-6801f33e95b1.root
01-Feb-2025 17:37:42 CST  Successfully opened file root://cmsxrootd.fnal.gov//store/mc/Run3Summer23MiniAODv4/TWminusto2L2Nu_TuneCP5_13p6TeV_powheg-pythia8/MINIAODSIM/130X_mcRun3_2023_realistic_v14-v2/2560000/5547bc02-36dc-4f54-92c4-6801f33e95b1.root
01-Feb-2025 17:37:44 CST  Closed file root://cmsxrootd.fnal.gov//store/mc/Run3Summer23MiniAODv4/TWminusto2L2Nu_TuneCP5_13p6TeV_powheg-pythia8/MINIAODSIM/130X_mcRun3_2023_realistic_v14-v2/2560000/5547bc02-36dc-4f54-92c4-6801f33e95b1.root
01-Feb-2025 17:37:44 CST  Initiating request to open file root://cmsxrootd.fnal.gov//store/mc/Run3Summer23MiniAODv4/TWminusto2L2Nu_TuneCP5_13p6TeV_powheg-pythia8/MINIAODSIM/130X_mcRun3_2023_realistic_v14-v2/2560000/3c945192-0c4e-4ce2-a41a-0cdbcf9359aa.root
01-Feb-2025 17:37:47 CST  Successfully opened file root://cmsxrootd.fnal.gov//store/mc/Run3Summer23MiniAODv4/TWminusto2L2Nu_TuneCP5_13p6TeV_powheg-pythia8/MINIAODSIM/130X_mcRun3_2023_realistic_v14-v2/2560000/3c945192-0c4e-4ce2-a41a-0cdbcf9359aa.root
01-Feb-2025 17:37:51 CST  Closed file root://cmsxrootd.fnal.gov//store/mc/Run3Summer23MiniAODv4/TWminusto2L2Nu_TuneCP5_13p6TeV_powheg-pythia8/MINIAODSIM/130X_mcRun3_2023_realistic_v14-v2/2560000/3c945192-0c4e-4ce2-a41a-0cdbcf9359aa.root
01-Feb-2025 17:37:51 CST  Initiating request to open file root://cmsxrootd.fnal.gov//store/mc/Run3Summer23MiniAODv4/TWminusto2L2Nu_TuneCP5_13p6TeV_powheg-pythia8/MINIAODSIM/130X_mcRun3_2023_realistic_v14-v2/2560000/1f43c340-598b-45d7-bf5c-1f879a3c0b4b.root
01-Feb-2025 17:37:53 CST  Successfully opened file root://cmsxrootd.fnal.gov//store/mc/Run3Summer23MiniAODv4/TWminusto2L2Nu_TuneCP5_13p6TeV_powheg-pythia8/MINIAODSIM/130X_mcRun3_2023_realistic_v14-v2/2560000/1f43c340-598b-45d7-bf5c-1f879a3c0b4b.root
01-Feb-2025 17:37:57 CST  Closed file root://cmsxrootd.fnal.gov//store/mc/Run3Summer23MiniAODv4/TWminusto2L2Nu_TuneCP5_13p6TeV_powheg-pythia8/MINIAODSIM/130X_mcRun3_2023_realistic_v14-v2/2560000/1f43c340-598b-45d7-bf5c-1f879a3c0b4b.root
01-Feb-2025 17:37:57 CST  Initiating request to open file root://cmsxrootd.fnal.gov//store/mc/Run3Summer23MiniAODv4/TWminusto2L2Nu_TuneCP5_13p6TeV_powheg-pythia8/MINIAODSIM/130X_mcRun3_2023_realistic_v14-v2/2560000/4e10908a-3d0d-42b0-aede-511281283632.root
01-Feb-2025 17:38:00 CST  Successfully opened file root://cmsxrootd.fnal.gov//store/mc/Run3Summer23MiniAODv4/TWminusto2L2Nu_TuneCP5_13p6TeV_powheg-pythia8/MINIAODSIM/130X_mcRun3_2023_realistic_v14-v2/2560000/4e10908a-3d0d-42b0-aede-511281283632.root
Begin processing the 600001st record. Run 1, Event 3439001, LumiSection 3440 on stream 0 at 01-Feb-2025 17:38:03.880 CST
01-Feb-2025 17:38:04 CST  Closed file root://cmsxrootd.fnal.gov//store/mc/Run3Summer23MiniAODv4/TWminusto2L2Nu_TuneCP5_13p6TeV_powheg-pythia8/MINIAODSIM/130X_mcRun3_2023_realistic_v14-v2/2560000/4e10908a-3d0d-42b0-aede-511281283632.root
01-Feb-2025 17:38:04 CST  Initiating request to open file root://cmsxrootd.fnal.gov//store/mc/Run3Summer23MiniAODv4/TWminusto2L2Nu_TuneCP5_13p6TeV_powheg-pythia8/MINIAODSIM/130X_mcRun3_2023_realistic_v14-v2/2560000/5f2e67b7-fde7-42b0-8ebc-fc544c10a3db.root
01-Feb-2025 17:38:06 CST  Successfully opened file root://cmsxrootd.fnal.gov//store/mc/Run3Summer23MiniAODv4/TWminusto2L2Nu_TuneCP5_13p6TeV_powheg-pythia8/MINIAODSIM/130X_mcRun3_2023_realistic_v14-v2/2560000/5f2e67b7-fde7-42b0-8ebc-fc544c10a3db.root
01-Feb-2025 17:38:10 CST  Closed file root://cmsxrootd.fnal.gov//store/mc/Run3Summer23MiniAODv4/TWminusto2L2Nu_TuneCP5_13p6TeV_powheg-pythia8/MINIAODSIM/130X_mcRun3_2023_realistic_v14-v2/2560000/5f2e67b7-fde7-42b0-8ebc-fc544c10a3db.root
01-Feb-2025 17:38:10 CST  Initiating request to open file root://cmsxrootd.fnal.gov//store/mc/Run3Summer23MiniAODv4/TWminusto2L2Nu_TuneCP5_13p6TeV_powheg-pythia8/MINIAODSIM/130X_mcRun3_2023_realistic_v14-v2/2560000/2cd456bb-7136-4235-ab5e-971db6b7d786.root
01-Feb-2025 17:38:13 CST  Successfully opened file root://cmsxrootd.fnal.gov//store/mc/Run3Summer23MiniAODv4/TWminusto2L2Nu_TuneCP5_13p6TeV_powheg-pythia8/MINIAODSIM/130X_mcRun3_2023_realistic_v14-v2/2560000/2cd456bb-7136-4235-ab5e-971db6b7d786.root
01-Feb-2025 17:38:17 CST  Closed file root://cmsxrootd.fnal.gov//store/mc/Run3Summer23MiniAODv4/TWminusto2L2Nu_TuneCP5_13p6TeV_powheg-pythia8/MINIAODSIM/130X_mcRun3_2023_realistic_v14-v2/2560000/2cd456bb-7136-4235-ab5e-971db6b7d786.root
01-Feb-2025 17:38:17 CST  Initiating request to open file root://cmsxrootd.fnal.gov//store/mc/Run3Summer23MiniAODv4/TWminusto2L2Nu_TuneCP5_13p6TeV_powheg-pythia8/MINIAODSIM/130X_mcRun3_2023_realistic_v14-v2/2560000/f1f76a60-1e68-4f28-b0ab-b9e518aba53f.root
01-Feb-2025 17:38:20 CST  Successfully opened file root://cmsxrootd.fnal.gov//store/mc/Run3Summer23MiniAODv4/TWminusto2L2Nu_TuneCP5_13p6TeV_powheg-pythia8/MINIAODSIM/130X_mcRun3_2023_realistic_v14-v2/2560000/f1f76a60-1e68-4f28-b0ab-b9e518aba53f.root
Begin processing the 700001st record. Run 1, Event 2780009, LumiSection 2781 on stream 0 at 01-Feb-2025 17:38:24.150 CST
01-Feb-2025 17:38:24 CST  Closed file root://cmsxrootd.fnal.gov//store/mc/Run3Summer23MiniAODv4/TWminusto2L2Nu_TuneCP5_13p6TeV_powheg-pythia8/MINIAODSIM/130X_mcRun3_2023_realistic_v14-v2/2560000/f1f76a60-1e68-4f28-b0ab-b9e518aba53f.root
01-Feb-2025 17:38:24 CST  Initiating request to open file root://cmsxrootd.fnal.gov//store/mc/Run3Summer23MiniAODv4/TWminusto2L2Nu_TuneCP5_13p6TeV_powheg-pythia8/MINIAODSIM/130X_mcRun3_2023_realistic_v14-v2/2560000/aa0403dd-df64-404e-8ea0-add1b237e8dd.root
01-Feb-2025 17:38:26 CST  Successfully opened file root://cmsxrootd.fnal.gov//store/mc/Run3Summer23MiniAODv4/TWminusto2L2Nu_TuneCP5_13p6TeV_powheg-pythia8/MINIAODSIM/130X_mcRun3_2023_realistic_v14-v2/2560000/aa0403dd-df64-404e-8ea0-add1b237e8dd.root
01-Feb-2025 17:38:30 CST  Closed file root://cmsxrootd.fnal.gov//store/mc/Run3Summer23MiniAODv4/TWminusto2L2Nu_TuneCP5_13p6TeV_powheg-pythia8/MINIAODSIM/130X_mcRun3_2023_realistic_v14-v2/2560000/aa0403dd-df64-404e-8ea0-add1b237e8dd.root
01-Feb-2025 17:38:30 CST  Initiating request to open file root://cmsxrootd.fnal.gov//store/mc/Run3Summer23MiniAODv4/TWminusto2L2Nu_TuneCP5_13p6TeV_powheg-pythia8/MINIAODSIM/130X_mcRun3_2023_realistic_v14-v2/2560000/8f391903-41ac-4c9f-a999-addd1b9cb218.root
01-Feb-2025 17:38:33 CST  Successfully opened file root://cmsxrootd.fnal.gov//store/mc/Run3Summer23MiniAODv4/TWminusto2L2Nu_TuneCP5_13p6TeV_powheg-pythia8/MINIAODSIM/130X_mcRun3_2023_realistic_v14-v2/2560000/8f391903-41ac-4c9f-a999-addd1b9cb218.root
01-Feb-2025 17:38:36 CST  Closed file root://cmsxrootd.fnal.gov//store/mc/Run3Summer23MiniAODv4/TWminusto2L2Nu_TuneCP5_13p6TeV_powheg-pythia8/MINIAODSIM/130X_mcRun3_2023_realistic_v14-v2/2560000/8f391903-41ac-4c9f-a999-addd1b9cb218.root
01-Feb-2025 17:38:36 CST  Initiating request to open file root://cmsxrootd.fnal.gov//store/mc/Run3Summer23MiniAODv4/TWminusto2L2Nu_TuneCP5_13p6TeV_powheg-pythia8/MINIAODSIM/130X_mcRun3_2023_realistic_v14-v2/2560000/2a21cc9a-a9ee-4087-a3b9-c7a633fb89dd.root
01-Feb-2025 17:38:38 CST  Successfully opened file root://cmsxrootd.fnal.gov//store/mc/Run3Summer23MiniAODv4/TWminusto2L2Nu_TuneCP5_13p6TeV_powheg-pythia8/MINIAODSIM/130X_mcRun3_2023_realistic_v14-v2/2560000/2a21cc9a-a9ee-4087-a3b9-c7a633fb89dd.root
01-Feb-2025 17:38:42 CST  Closed file root://cmsxrootd.fnal.gov//store/mc/Run3Summer23MiniAODv4/TWminusto2L2Nu_TuneCP5_13p6TeV_powheg-pythia8/MINIAODSIM/130X_mcRun3_2023_realistic_v14-v2/2560000/2a21cc9a-a9ee-4087-a3b9-c7a633fb89dd.root
01-Feb-2025 17:38:42 CST  Initiating request to open file root://cmsxrootd.fnal.gov//store/mc/Run3Summer23MiniAODv4/TWminusto2L2Nu_TuneCP5_13p6TeV_powheg-pythia8/MINIAODSIM/130X_mcRun3_2023_realistic_v14-v2/2560000/a4391c9d-1f02-4ca7-9b6a-743ecc39ed00.root
01-Feb-2025 17:38:45 CST  Successfully opened file root://cmsxrootd.fnal.gov//store/mc/Run3Summer23MiniAODv4/TWminusto2L2Nu_TuneCP5_13p6TeV_powheg-pythia8/MINIAODSIM/130X_mcRun3_2023_realistic_v14-v2/2560000/a4391c9d-1f02-4ca7-9b6a-743ecc39ed00.root
Begin processing the 800001st record. Run 1, Event 4725009, LumiSection 4726 on stream 0 at 01-Feb-2025 17:38:48.610 CST
01-Feb-2025 17:38:48 CST  Closed file root://cmsxrootd.fnal.gov//store/mc/Run3Summer23MiniAODv4/TWminusto2L2Nu_TuneCP5_13p6TeV_powheg-pythia8/MINIAODSIM/130X_mcRun3_2023_realistic_v14-v2/2560000/a4391c9d-1f02-4ca7-9b6a-743ecc39ed00.root
01-Feb-2025 17:38:48 CST  Initiating request to open file root://cmsxrootd.fnal.gov//store/mc/Run3Summer23MiniAODv4/TWminusto2L2Nu_TuneCP5_13p6TeV_powheg-pythia8/MINIAODSIM/130X_mcRun3_2023_realistic_v14-v2/2560000/f0864057-fa88-43e3-9e46-590990af690c.root
01-Feb-2025 17:38:51 CST  Successfully opened file root://cmsxrootd.fnal.gov//store/mc/Run3Summer23MiniAODv4/TWminusto2L2Nu_TuneCP5_13p6TeV_powheg-pythia8/MINIAODSIM/130X_mcRun3_2023_realistic_v14-v2/2560000/f0864057-fa88-43e3-9e46-590990af690c.root
01-Feb-2025 17:38:54 CST  Closed file root://cmsxrootd.fnal.gov//store/mc/Run3Summer23MiniAODv4/TWminusto2L2Nu_TuneCP5_13p6TeV_powheg-pythia8/MINIAODSIM/130X_mcRun3_2023_realistic_v14-v2/2560000/f0864057-fa88-43e3-9e46-590990af690c.root
01-Feb-2025 17:38:54 CST  Initiating request to open file root://cmsxrootd.fnal.gov//store/mc/Run3Summer23MiniAODv4/TWminusto2L2Nu_TuneCP5_13p6TeV_powheg-pythia8/MINIAODSIM/130X_mcRun3_2023_realistic_v14-v2/2560000/e277d02a-fa5c-4485-8f89-ef8c837ee090.root
01-Feb-2025 17:38:57 CST  Successfully opened file root://cmsxrootd.fnal.gov//store/mc/Run3Summer23MiniAODv4/TWminusto2L2Nu_TuneCP5_13p6TeV_powheg-pythia8/MINIAODSIM/130X_mcRun3_2023_realistic_v14-v2/2560000/e277d02a-fa5c-4485-8f89-ef8c837ee090.root
01-Feb-2025 17:39:01 CST  Closed file root://cmsxrootd.fnal.gov//store/mc/Run3Summer23MiniAODv4/TWminusto2L2Nu_TuneCP5_13p6TeV_powheg-pythia8/MINIAODSIM/130X_mcRun3_2023_realistic_v14-v2/2560000/e277d02a-fa5c-4485-8f89-ef8c837ee090.root
01-Feb-2025 17:39:01 CST  Initiating request to open file root://cmsxrootd.fnal.gov//store/mc/Run3Summer23MiniAODv4/TWminusto2L2Nu_TuneCP5_13p6TeV_powheg-pythia8/MINIAODSIM/130X_mcRun3_2023_realistic_v14-v2/2560000/635c75c2-3fba-4ad9-84a1-e634066c7598.root
01-Feb-2025 17:39:03 CST  Successfully opened file root://cmsxrootd.fnal.gov//store/mc/Run3Summer23MiniAODv4/TWminusto2L2Nu_TuneCP5_13p6TeV_powheg-pythia8/MINIAODSIM/130X_mcRun3_2023_realistic_v14-v2/2560000/635c75c2-3fba-4ad9-84a1-e634066c7598.root
01-Feb-2025 17:39:06 CST  Closed file root://cmsxrootd.fnal.gov//store/mc/Run3Summer23MiniAODv4/TWminusto2L2Nu_TuneCP5_13p6TeV_powheg-pythia8/MINIAODSIM/130X_mcRun3_2023_realistic_v14-v2/2560000/635c75c2-3fba-4ad9-84a1-e634066c7598.root
01-Feb-2025 17:39:06 CST  Initiating request to open file root://cmsxrootd.fnal.gov//store/mc/Run3Summer23MiniAODv4/TWminusto2L2Nu_TuneCP5_13p6TeV_powheg-pythia8/MINIAODSIM/130X_mcRun3_2023_realistic_v14-v2/2560000/93afa3ad-3386-4816-9d0c-51892ad02b6b.root
01-Feb-2025 17:39:09 CST  Successfully opened file root://cmsxrootd.fnal.gov//store/mc/Run3Summer23MiniAODv4/TWminusto2L2Nu_TuneCP5_13p6TeV_powheg-pythia8/MINIAODSIM/130X_mcRun3_2023_realistic_v14-v2/2560000/93afa3ad-3386-4816-9d0c-51892ad02b6b.root
Begin processing the 900001st record. Run 1, Event 3691004, LumiSection 3692 on stream 0 at 01-Feb-2025 17:39:13.132 CST
01-Feb-2025 17:39:13 CST  Closed file root://cmsxrootd.fnal.gov//store/mc/Run3Summer23MiniAODv4/TWminusto2L2Nu_TuneCP5_13p6TeV_powheg-pythia8/MINIAODSIM/130X_mcRun3_2023_realistic_v14-v2/2560000/93afa3ad-3386-4816-9d0c-51892ad02b6b.root
01-Feb-2025 17:39:13 CST  Initiating request to open file root://cmsxrootd.fnal.gov//store/mc/Run3Summer23MiniAODv4/TWminusto2L2Nu_TuneCP5_13p6TeV_powheg-pythia8/MINIAODSIM/130X_mcRun3_2023_realistic_v14-v2/2560000/4d54126e-5d69-46ad-8ee4-61370c33a82d.root
01-Feb-2025 17:39:15 CST  Successfully opened file root://cmsxrootd.fnal.gov//store/mc/Run3Summer23MiniAODv4/TWminusto2L2Nu_TuneCP5_13p6TeV_powheg-pythia8/MINIAODSIM/130X_mcRun3_2023_realistic_v14-v2/2560000/4d54126e-5d69-46ad-8ee4-61370c33a82d.root
01-Feb-2025 17:39:20 CST  Closed file root://cmsxrootd.fnal.gov//store/mc/Run3Summer23MiniAODv4/TWminusto2L2Nu_TuneCP5_13p6TeV_powheg-pythia8/MINIAODSIM/130X_mcRun3_2023_realistic_v14-v2/2560000/4d54126e-5d69-46ad-8ee4-61370c33a82d.root
01-Feb-2025 17:39:20 CST  Initiating request to open file root://cmsxrootd.fnal.gov//store/mc/Run3Summer23MiniAODv4/TWminusto2L2Nu_TuneCP5_13p6TeV_powheg-pythia8/MINIAODSIM/130X_mcRun3_2023_realistic_v14-v2/2560000/7e603344-1a50-4470-991a-45cf69b39734.root
01-Feb-2025 17:39:22 CST  Successfully opened file root://cmsxrootd.fnal.gov//store/mc/Run3Summer23MiniAODv4/TWminusto2L2Nu_TuneCP5_13p6TeV_powheg-pythia8/MINIAODSIM/130X_mcRun3_2023_realistic_v14-v2/2560000/7e603344-1a50-4470-991a-45cf69b39734.root
01-Feb-2025 17:39:26 CST  Closed file root://cmsxrootd.fnal.gov//store/mc/Run3Summer23MiniAODv4/TWminusto2L2Nu_TuneCP5_13p6TeV_powheg-pythia8/MINIAODSIM/130X_mcRun3_2023_realistic_v14-v2/2560000/7e603344-1a50-4470-991a-45cf69b39734.root
01-Feb-2025 17:39:26 CST  Initiating request to open file root://cmsxrootd.fnal.gov//store/mc/Run3Summer23MiniAODv4/TWminusto2L2Nu_TuneCP5_13p6TeV_powheg-pythia8/MINIAODSIM/130X_mcRun3_2023_realistic_v14-v2/2560000/0f9b8d42-d328-412b-baf3-555fa523722e.root
01-Feb-2025 17:39:29 CST  Successfully opened file root://cmsxrootd.fnal.gov//store/mc/Run3Summer23MiniAODv4/TWminusto2L2Nu_TuneCP5_13p6TeV_powheg-pythia8/MINIAODSIM/130X_mcRun3_2023_realistic_v14-v2/2560000/0f9b8d42-d328-412b-baf3-555fa523722e.root
     35.986179      0.025845      1.000000         10000
 
01-Feb-2025 17:39:32 CST  Closed file root://cmsxrootd.fnal.gov//store/mc/Run3Summer23MiniAODv4/TWminusto2L2Nu_TuneCP5_13p6TeV_powheg-pythia8/MINIAODSIM/130X_mcRun3_2023_realistic_v14-v2/2560000/0f9b8d42-d328-412b-baf3-555fa523722e.root

------------------------------------
GenXsecAnalyzer:
------------------------------------
-------------------------------------------------------------------------------------------------------------------------------------------------------------------------- 
Overall cross-section summary 
--------------------------------------------------------------------------------------------------------------------------------------------------------------------------
Process		xsec_before [pb]		passed	nposw	nnegw	tried	nposw	nnegw 	xsec_match [pb]			accepted [%]	 event_eff [%]
-------------------------------------------------------------------------------------------------------------------------------------------------------------------------- 
Total		3.599e+01 +/- 1.292e-02		1999000	1998950	50	1999000	1998950	50	3.599e+01 +/- 1.292e-02		100.0 +/- 0.0	100.0 +/- 0.0
--------------------------------------------------------------------------------------------------------------------------------------------------------------------------
Before matching: total cross section = 3.599e+01 +- 1.292e-02 pb
After matching: total cross section = 3.599e+01 +- 1.292e-02 pb
Matching efficiency = 1.0 +/- 0.0   [TO BE USED IN MCM]
Filter efficiency (taking into account weights)= (3.79864e+06) / (3.79864e+06) = 1.000e+00 +- 0.000e+00
Filter efficiency (event-level)= (1e+06) / (1e+06) = 1.000e+00 +- 0.000e+00    [TO BE USED IN MCM]

After filter: final cross section = 3.599e+01 +- 1.292e-02 pb
After filter: final fraction of events with negative weights = 2.500e-05 +- 7.440e-12
After filter: final equivalent lumi for 1M events (1/fb) = 2.779e+01 +- 2.952e-02
