01-Feb-2025 18:47:51 CST  Initiating request to open file root://cmsxrootd.fnal.gov//store/mc/Run3Summer23MiniAODv4/WtoLNu-4Jets_MLNu-120_HT-40to100_TuneCP5_13p6TeV_madgraphMLM-pythia8/MINIAODSIM/130X_mcRun3_2023_realistic_v15-v5/60000/6df813d1-7e8e-4f30-849f-fa989c218722.root
01-Feb-2025 18:47:56 CST  Successfully opened file root://cmsxrootd.fnal.gov//store/mc/Run3Summer23MiniAODv4/WtoLNu-4Jets_MLNu-120_HT-40to100_TuneCP5_13p6TeV_madgraphMLM-pythia8/MINIAODSIM/130X_mcRun3_2023_realistic_v15-v5/60000/6df813d1-7e8e-4f30-849f-fa989c218722.root
Begin processing the 1st record. Run 1, Event 3494403, LumiSection 625 on stream 0 at 01-Feb-2025 18:47:59.076 CST
01-Feb-2025 18:47:59 CST  Closed file root://cmsxrootd.fnal.gov//store/mc/Run3Summer23MiniAODv4/WtoLNu-4Jets_MLNu-120_HT-40to100_TuneCP5_13p6TeV_madgraphMLM-pythia8/MINIAODSIM/130X_mcRun3_2023_realistic_v15-v5/60000/6df813d1-7e8e-4f30-849f-fa989c218722.root
01-Feb-2025 18:47:59 CST  Initiating request to open file root://cmsxrootd.fnal.gov//store/mc/Run3Summer23MiniAODv4/WtoLNu-4Jets_MLNu-120_HT-40to100_TuneCP5_13p6TeV_madgraphMLM-pythia8/MINIAODSIM/130X_mcRun3_2023_realistic_v15-v5/60000/12815951-04d2-4a2e-8f8a-a26c93be91f2.root
01-Feb-2025 18:48:00 CST  Successfully opened file root://cmsxrootd.fnal.gov//store/mc/Run3Summer23MiniAODv4/WtoLNu-4Jets_MLNu-120_HT-40to100_TuneCP5_13p6TeV_madgraphMLM-pythia8/MINIAODSIM/130X_mcRun3_2023_realistic_v15-v5/60000/12815951-04d2-4a2e-8f8a-a26c93be91f2.root
01-Feb-2025 18:48:01 CST  Closed file root://cmsxrootd.fnal.gov//store/mc/Run3Summer23MiniAODv4/WtoLNu-4Jets_MLNu-120_HT-40to100_TuneCP5_13p6TeV_madgraphMLM-pythia8/MINIAODSIM/130X_mcRun3_2023_realistic_v15-v5/60000/12815951-04d2-4a2e-8f8a-a26c93be91f2.root
01-Feb-2025 18:48:01 CST  Initiating request to open file root://cmsxrootd.fnal.gov//store/mc/Run3Summer23MiniAODv4/WtoLNu-4Jets_MLNu-120_HT-40to100_TuneCP5_13p6TeV_madgraphMLM-pythia8/MINIAODSIM/130X_mcRun3_2023_realistic_v15-v5/60000/26109e6e-4564-465a-b5b7-d27e4a61536a.root
01-Feb-2025 18:48:04 CST  Successfully opened file root://cmsxrootd.fnal.gov//store/mc/Run3Summer23MiniAODv4/WtoLNu-4Jets_MLNu-120_HT-40to100_TuneCP5_13p6TeV_madgraphMLM-pythia8/MINIAODSIM/130X_mcRun3_2023_realistic_v15-v5/60000/26109e6e-4564-465a-b5b7-d27e4a61536a.root
01-Feb-2025 18:48:06 CST  Closed file root://cmsxrootd.fnal.gov//store/mc/Run3Summer23MiniAODv4/WtoLNu-4Jets_MLNu-120_HT-40to100_TuneCP5_13p6TeV_madgraphMLM-pythia8/MINIAODSIM/130X_mcRun3_2023_realistic_v15-v5/60000/26109e6e-4564-465a-b5b7-d27e4a61536a.root
01-Feb-2025 18:48:06 CST  Initiating request to open file root://cmsxrootd.fnal.gov//store/mc/Run3Summer23MiniAODv4/WtoLNu-4Jets_MLNu-120_HT-40to100_TuneCP5_13p6TeV_madgraphMLM-pythia8/MINIAODSIM/130X_mcRun3_2023_realistic_v15-v5/60000/66dfa27b-e13e-4c19-91b9-0f897597277f.root
01-Feb-2025 18:48:08 CST  Successfully opened file root://cmsxrootd.fnal.gov//store/mc/Run3Summer23MiniAODv4/WtoLNu-4Jets_MLNu-120_HT-40to100_TuneCP5_13p6TeV_madgraphMLM-pythia8/MINIAODSIM/130X_mcRun3_2023_realistic_v15-v5/60000/66dfa27b-e13e-4c19-91b9-0f897597277f.root
01-Feb-2025 18:48:09 CST  Closed file root://cmsxrootd.fnal.gov//store/mc/Run3Summer23MiniAODv4/WtoLNu-4Jets_MLNu-120_HT-40to100_TuneCP5_13p6TeV_madgraphMLM-pythia8/MINIAODSIM/130X_mcRun3_2023_realistic_v15-v5/60000/66dfa27b-e13e-4c19-91b9-0f897597277f.root
01-Feb-2025 18:48:09 CST  Initiating request to open file root://cmsxrootd.fnal.gov//store/mc/Run3Summer23MiniAODv4/WtoLNu-4Jets_MLNu-120_HT-40to100_TuneCP5_13p6TeV_madgraphMLM-pythia8/MINIAODSIM/130X_mcRun3_2023_realistic_v15-v5/60000/de038eae-0821-44af-8869-7c8da2818a98.root
01-Feb-2025 18:48:10 CST  Successfully opened file root://cmsxrootd.fnal.gov//store/mc/Run3Summer23MiniAODv4/WtoLNu-4Jets_MLNu-120_HT-40to100_TuneCP5_13p6TeV_madgraphMLM-pythia8/MINIAODSIM/130X_mcRun3_2023_realistic_v15-v5/60000/de038eae-0821-44af-8869-7c8da2818a98.root
Begin processing the 100001st record. Run 1, Event 7154132, LumiSection 1278 on stream 0 at 01-Feb-2025 18:48:11.992 CST
01-Feb-2025 18:48:12 CST  Closed file root://cmsxrootd.fnal.gov//store/mc/Run3Summer23MiniAODv4/WtoLNu-4Jets_MLNu-120_HT-40to100_TuneCP5_13p6TeV_madgraphMLM-pythia8/MINIAODSIM/130X_mcRun3_2023_realistic_v15-v5/60000/de038eae-0821-44af-8869-7c8da2818a98.root
01-Feb-2025 18:48:12 CST  Initiating request to open file root://cmsxrootd.fnal.gov//store/mc/Run3Summer23MiniAODv4/WtoLNu-4Jets_MLNu-120_HT-40to100_TuneCP5_13p6TeV_madgraphMLM-pythia8/MINIAODSIM/130X_mcRun3_2023_realistic_v15-v5/60000/dc31aa49-a2fd-471c-84f3-b5ae1f91740b.root
01-Feb-2025 18:48:13 CST  Successfully opened file root://cmsxrootd.fnal.gov//store/mc/Run3Summer23MiniAODv4/WtoLNu-4Jets_MLNu-120_HT-40to100_TuneCP5_13p6TeV_madgraphMLM-pythia8/MINIAODSIM/130X_mcRun3_2023_realistic_v15-v5/60000/dc31aa49-a2fd-471c-84f3-b5ae1f91740b.root
01-Feb-2025 18:48:15 CST  Closed file root://cmsxrootd.fnal.gov//store/mc/Run3Summer23MiniAODv4/WtoLNu-4Jets_MLNu-120_HT-40to100_TuneCP5_13p6TeV_madgraphMLM-pythia8/MINIAODSIM/130X_mcRun3_2023_realistic_v15-v5/60000/dc31aa49-a2fd-471c-84f3-b5ae1f91740b.root
01-Feb-2025 18:48:15 CST  Initiating request to open file root://cmsxrootd.fnal.gov//store/mc/Run3Summer23MiniAODv4/WtoLNu-4Jets_MLNu-120_HT-40to100_TuneCP5_13p6TeV_madgraphMLM-pythia8/MINIAODSIM/130X_mcRun3_2023_realistic_v15-v5/60000/15302bc6-6acd-45cc-9ecb-ad0b31e63b3b.root
01-Feb-2025 18:48:16 CST  Successfully opened file root://cmsxrootd.fnal.gov//store/mc/Run3Summer23MiniAODv4/WtoLNu-4Jets_MLNu-120_HT-40to100_TuneCP5_13p6TeV_madgraphMLM-pythia8/MINIAODSIM/130X_mcRun3_2023_realistic_v15-v5/60000/15302bc6-6acd-45cc-9ecb-ad0b31e63b3b.root
Begin processing the 200001st record. Run 1, Event 30250152, LumiSection 5402 on stream 0 at 01-Feb-2025 18:48:17.862 CST
01-Feb-2025 18:48:18 CST  Closed file root://cmsxrootd.fnal.gov//store/mc/Run3Summer23MiniAODv4/WtoLNu-4Jets_MLNu-120_HT-40to100_TuneCP5_13p6TeV_madgraphMLM-pythia8/MINIAODSIM/130X_mcRun3_2023_realistic_v15-v5/60000/15302bc6-6acd-45cc-9ecb-ad0b31e63b3b.root
01-Feb-2025 18:48:18 CST  Initiating request to open file root://cmsxrootd.fnal.gov//store/mc/Run3Summer23MiniAODv4/WtoLNu-4Jets_MLNu-120_HT-40to100_TuneCP5_13p6TeV_madgraphMLM-pythia8/MINIAODSIM/130X_mcRun3_2023_realistic_v15-v5/60000/ccecf188-dd40-4f26-8da3-60e2557e747b.root
01-Feb-2025 18:48:19 CST  Successfully opened file root://cmsxrootd.fnal.gov//store/mc/Run3Summer23MiniAODv4/WtoLNu-4Jets_MLNu-120_HT-40to100_TuneCP5_13p6TeV_madgraphMLM-pythia8/MINIAODSIM/130X_mcRun3_2023_realistic_v15-v5/60000/ccecf188-dd40-4f26-8da3-60e2557e747b.root
01-Feb-2025 18:48:21 CST  Closed file root://cmsxrootd.fnal.gov//store/mc/Run3Summer23MiniAODv4/WtoLNu-4Jets_MLNu-120_HT-40to100_TuneCP5_13p6TeV_madgraphMLM-pythia8/MINIAODSIM/130X_mcRun3_2023_realistic_v15-v5/60000/ccecf188-dd40-4f26-8da3-60e2557e747b.root
01-Feb-2025 18:48:21 CST  Initiating request to open file root://cmsxrootd.fnal.gov//store/mc/Run3Summer23MiniAODv4/WtoLNu-4Jets_MLNu-120_HT-40to100_TuneCP5_13p6TeV_madgraphMLM-pythia8/MINIAODSIM/130X_mcRun3_2023_realistic_v15-v5/60000/4324cbd1-c212-4c1d-adb9-8680558b60b3.root
01-Feb-2025 18:48:22 CST  Successfully opened file root://cmsxrootd.fnal.gov//store/mc/Run3Summer23MiniAODv4/WtoLNu-4Jets_MLNu-120_HT-40to100_TuneCP5_13p6TeV_madgraphMLM-pythia8/MINIAODSIM/130X_mcRun3_2023_realistic_v15-v5/60000/4324cbd1-c212-4c1d-adb9-8680558b60b3.root
Begin processing the 300001st record. Run 1, Event 34093033, LumiSection 6089 on stream 0 at 01-Feb-2025 18:48:24.565 CST
01-Feb-2025 18:48:24 CST  Closed file root://cmsxrootd.fnal.gov//store/mc/Run3Summer23MiniAODv4/WtoLNu-4Jets_MLNu-120_HT-40to100_TuneCP5_13p6TeV_madgraphMLM-pythia8/MINIAODSIM/130X_mcRun3_2023_realistic_v15-v5/60000/4324cbd1-c212-4c1d-adb9-8680558b60b3.root
01-Feb-2025 18:48:24 CST  Initiating request to open file root://cmsxrootd.fnal.gov//store/mc/Run3Summer23MiniAODv4/WtoLNu-4Jets_MLNu-120_HT-40to100_TuneCP5_13p6TeV_madgraphMLM-pythia8/MINIAODSIM/130X_mcRun3_2023_realistic_v15-v5/60000/9a01fd1e-3d13-40aa-b158-255360b86d93.root
01-Feb-2025 18:48:25 CST  Successfully opened file root://cmsxrootd.fnal.gov//store/mc/Run3Summer23MiniAODv4/WtoLNu-4Jets_MLNu-120_HT-40to100_TuneCP5_13p6TeV_madgraphMLM-pythia8/MINIAODSIM/130X_mcRun3_2023_realistic_v15-v5/60000/9a01fd1e-3d13-40aa-b158-255360b86d93.root
01-Feb-2025 18:48:27 CST  Closed file root://cmsxrootd.fnal.gov//store/mc/Run3Summer23MiniAODv4/WtoLNu-4Jets_MLNu-120_HT-40to100_TuneCP5_13p6TeV_madgraphMLM-pythia8/MINIAODSIM/130X_mcRun3_2023_realistic_v15-v5/60000/9a01fd1e-3d13-40aa-b158-255360b86d93.root
01-Feb-2025 18:48:27 CST  Initiating request to open file root://cmsxrootd.fnal.gov//store/mc/Run3Summer23MiniAODv4/WtoLNu-4Jets_MLNu-120_HT-40to100_TuneCP5_13p6TeV_madgraphMLM-pythia8/MINIAODSIM/130X_mcRun3_2023_realistic_v15-v5/60000/29e69781-6c0a-4cc5-b6d0-e194d684ccce.root
01-Feb-2025 18:48:28 CST  Successfully opened file root://cmsxrootd.fnal.gov//store/mc/Run3Summer23MiniAODv4/WtoLNu-4Jets_MLNu-120_HT-40to100_TuneCP5_13p6TeV_madgraphMLM-pythia8/MINIAODSIM/130X_mcRun3_2023_realistic_v15-v5/60000/29e69781-6c0a-4cc5-b6d0-e194d684ccce.root
01-Feb-2025 18:48:29 CST  Closed file root://cmsxrootd.fnal.gov//store/mc/Run3Summer23MiniAODv4/WtoLNu-4Jets_MLNu-120_HT-40to100_TuneCP5_13p6TeV_madgraphMLM-pythia8/MINIAODSIM/130X_mcRun3_2023_realistic_v15-v5/60000/29e69781-6c0a-4cc5-b6d0-e194d684ccce.root
01-Feb-2025 18:48:29 CST  Initiating request to open file root://cmsxrootd.fnal.gov//store/mc/Run3Summer23MiniAODv4/WtoLNu-4Jets_MLNu-120_HT-40to100_TuneCP5_13p6TeV_madgraphMLM-pythia8/MINIAODSIM/130X_mcRun3_2023_realistic_v15-v5/60000/292b6b74-9f65-40b9-bd63-3d8ea042c97e.root
01-Feb-2025 18:48:30 CST  Successfully opened file root://cmsxrootd.fnal.gov//store/mc/Run3Summer23MiniAODv4/WtoLNu-4Jets_MLNu-120_HT-40to100_TuneCP5_13p6TeV_madgraphMLM-pythia8/MINIAODSIM/130X_mcRun3_2023_realistic_v15-v5/60000/292b6b74-9f65-40b9-bd63-3d8ea042c97e.root
Begin processing the 400001st record. Run 1, Event 31852524, LumiSection 5688 on stream 0 at 01-Feb-2025 18:48:31.638 CST
01-Feb-2025 18:48:31 CST  Closed file root://cmsxrootd.fnal.gov//store/mc/Run3Summer23MiniAODv4/WtoLNu-4Jets_MLNu-120_HT-40to100_TuneCP5_13p6TeV_madgraphMLM-pythia8/MINIAODSIM/130X_mcRun3_2023_realistic_v15-v5/60000/292b6b74-9f65-40b9-bd63-3d8ea042c97e.root
01-Feb-2025 18:48:31 CST  Initiating request to open file root://cmsxrootd.fnal.gov//store/mc/Run3Summer23MiniAODv4/WtoLNu-4Jets_MLNu-120_HT-40to100_TuneCP5_13p6TeV_madgraphMLM-pythia8/MINIAODSIM/130X_mcRun3_2023_realistic_v15-v5/60000/2f615aa0-19b5-44f6-b767-6fbaac45a50e.root
01-Feb-2025 18:48:33 CST  Successfully opened file root://cmsxrootd.fnal.gov//store/mc/Run3Summer23MiniAODv4/WtoLNu-4Jets_MLNu-120_HT-40to100_TuneCP5_13p6TeV_madgraphMLM-pythia8/MINIAODSIM/130X_mcRun3_2023_realistic_v15-v5/60000/2f615aa0-19b5-44f6-b767-6fbaac45a50e.root
01-Feb-2025 18:48:34 CST  Closed file root://cmsxrootd.fnal.gov//store/mc/Run3Summer23MiniAODv4/WtoLNu-4Jets_MLNu-120_HT-40to100_TuneCP5_13p6TeV_madgraphMLM-pythia8/MINIAODSIM/130X_mcRun3_2023_realistic_v15-v5/60000/2f615aa0-19b5-44f6-b767-6fbaac45a50e.root
01-Feb-2025 18:48:34 CST  Initiating request to open file root://cmsxrootd.fnal.gov//store/mc/Run3Summer23MiniAODv4/WtoLNu-4Jets_MLNu-120_HT-40to100_TuneCP5_13p6TeV_madgraphMLM-pythia8/MINIAODSIM/130X_mcRun3_2023_realistic_v15-v5/60000/e3c6f109-5c63-448c-9b5e-00f6ed257eb7.root
01-Feb-2025 18:48:35 CST  Successfully opened file root://cmsxrootd.fnal.gov//store/mc/Run3Summer23MiniAODv4/WtoLNu-4Jets_MLNu-120_HT-40to100_TuneCP5_13p6TeV_madgraphMLM-pythia8/MINIAODSIM/130X_mcRun3_2023_realistic_v15-v5/60000/e3c6f109-5c63-448c-9b5e-00f6ed257eb7.root
Begin processing the 500001st record. Run 1, Event 42280051, LumiSection 7551 on stream 0 at 01-Feb-2025 18:48:37.593 CST
01-Feb-2025 18:48:37 CST  Closed file root://cmsxrootd.fnal.gov//store/mc/Run3Summer23MiniAODv4/WtoLNu-4Jets_MLNu-120_HT-40to100_TuneCP5_13p6TeV_madgraphMLM-pythia8/MINIAODSIM/130X_mcRun3_2023_realistic_v15-v5/60000/e3c6f109-5c63-448c-9b5e-00f6ed257eb7.root
01-Feb-2025 18:48:37 CST  Initiating request to open file root://cmsxrootd.fnal.gov//store/mc/Run3Summer23MiniAODv4/WtoLNu-4Jets_MLNu-120_HT-40to100_TuneCP5_13p6TeV_madgraphMLM-pythia8/MINIAODSIM/130X_mcRun3_2023_realistic_v15-v5/60000/77893e2d-5c7c-4942-9768-4c50fada494f.root
01-Feb-2025 18:48:39 CST  Successfully opened file root://cmsxrootd.fnal.gov//store/mc/Run3Summer23MiniAODv4/WtoLNu-4Jets_MLNu-120_HT-40to100_TuneCP5_13p6TeV_madgraphMLM-pythia8/MINIAODSIM/130X_mcRun3_2023_realistic_v15-v5/60000/77893e2d-5c7c-4942-9768-4c50fada494f.root
01-Feb-2025 18:48:41 CST  Closed file root://cmsxrootd.fnal.gov//store/mc/Run3Summer23MiniAODv4/WtoLNu-4Jets_MLNu-120_HT-40to100_TuneCP5_13p6TeV_madgraphMLM-pythia8/MINIAODSIM/130X_mcRun3_2023_realistic_v15-v5/60000/77893e2d-5c7c-4942-9768-4c50fada494f.root
01-Feb-2025 18:48:41 CST  Initiating request to open file root://cmsxrootd.fnal.gov//store/mc/Run3Summer23MiniAODv4/WtoLNu-4Jets_MLNu-120_HT-40to100_TuneCP5_13p6TeV_madgraphMLM-pythia8/MINIAODSIM/130X_mcRun3_2023_realistic_v15-v5/60000/4869941f-eedf-4f7c-97d1-a43612966d3e.root
01-Feb-2025 18:48:42 CST  Successfully opened file root://cmsxrootd.fnal.gov//store/mc/Run3Summer23MiniAODv4/WtoLNu-4Jets_MLNu-120_HT-40to100_TuneCP5_13p6TeV_madgraphMLM-pythia8/MINIAODSIM/130X_mcRun3_2023_realistic_v15-v5/60000/4869941f-eedf-4f7c-97d1-a43612966d3e.root
Begin processing the 600001st record. Run 1, Event 43383404, LumiSection 7748 on stream 0 at 01-Feb-2025 18:48:44.318 CST
01-Feb-2025 18:48:44 CST  Closed file root://cmsxrootd.fnal.gov//store/mc/Run3Summer23MiniAODv4/WtoLNu-4Jets_MLNu-120_HT-40to100_TuneCP5_13p6TeV_madgraphMLM-pythia8/MINIAODSIM/130X_mcRun3_2023_realistic_v15-v5/60000/4869941f-eedf-4f7c-97d1-a43612966d3e.root
01-Feb-2025 18:48:44 CST  Initiating request to open file root://cmsxrootd.fnal.gov//store/mc/Run3Summer23MiniAODv4/WtoLNu-4Jets_MLNu-120_HT-40to100_TuneCP5_13p6TeV_madgraphMLM-pythia8/MINIAODSIM/130X_mcRun3_2023_realistic_v15-v5/60000/7d2ec8e4-9ef3-4351-bfa6-f038fb83da4a.root
01-Feb-2025 18:48:45 CST  Successfully opened file root://cmsxrootd.fnal.gov//store/mc/Run3Summer23MiniAODv4/WtoLNu-4Jets_MLNu-120_HT-40to100_TuneCP5_13p6TeV_madgraphMLM-pythia8/MINIAODSIM/130X_mcRun3_2023_realistic_v15-v5/60000/7d2ec8e4-9ef3-4351-bfa6-f038fb83da4a.root
01-Feb-2025 18:48:48 CST  Closed file root://cmsxrootd.fnal.gov//store/mc/Run3Summer23MiniAODv4/WtoLNu-4Jets_MLNu-120_HT-40to100_TuneCP5_13p6TeV_madgraphMLM-pythia8/MINIAODSIM/130X_mcRun3_2023_realistic_v15-v5/60000/7d2ec8e4-9ef3-4351-bfa6-f038fb83da4a.root
01-Feb-2025 18:48:48 CST  Initiating request to open file root://cmsxrootd.fnal.gov//store/mc/Run3Summer23MiniAODv4/WtoLNu-4Jets_MLNu-120_HT-40to100_TuneCP5_13p6TeV_madgraphMLM-pythia8/MINIAODSIM/130X_mcRun3_2023_realistic_v15-v5/60000/8111aa79-31c2-4600-973b-4f49fb44d668.root
01-Feb-2025 18:48:50 CST  Successfully opened file root://cmsxrootd.fnal.gov//store/mc/Run3Summer23MiniAODv4/WtoLNu-4Jets_MLNu-120_HT-40to100_TuneCP5_13p6TeV_madgraphMLM-pythia8/MINIAODSIM/130X_mcRun3_2023_realistic_v15-v5/60000/8111aa79-31c2-4600-973b-4f49fb44d668.root
Begin processing the 700001st record. Run 1, Event 44806943, LumiSection 8002 on stream 0 at 01-Feb-2025 18:48:51.341 CST
01-Feb-2025 18:48:51 CST  Closed file root://cmsxrootd.fnal.gov//store/mc/Run3Summer23MiniAODv4/WtoLNu-4Jets_MLNu-120_HT-40to100_TuneCP5_13p6TeV_madgraphMLM-pythia8/MINIAODSIM/130X_mcRun3_2023_realistic_v15-v5/60000/8111aa79-31c2-4600-973b-4f49fb44d668.root
01-Feb-2025 18:48:51 CST  Initiating request to open file root://cmsxrootd.fnal.gov//store/mc/Run3Summer23MiniAODv4/WtoLNu-4Jets_MLNu-120_HT-40to100_TuneCP5_13p6TeV_madgraphMLM-pythia8/MINIAODSIM/130X_mcRun3_2023_realistic_v15-v5/60000/990a038c-151d-4563-9ad9-0c23076ab500.root
01-Feb-2025 18:48:52 CST  Successfully opened file root://cmsxrootd.fnal.gov//store/mc/Run3Summer23MiniAODv4/WtoLNu-4Jets_MLNu-120_HT-40to100_TuneCP5_13p6TeV_madgraphMLM-pythia8/MINIAODSIM/130X_mcRun3_2023_realistic_v15-v5/60000/990a038c-151d-4563-9ad9-0c23076ab500.root
01-Feb-2025 18:48:54 CST  Closed file root://cmsxrootd.fnal.gov//store/mc/Run3Summer23MiniAODv4/WtoLNu-4Jets_MLNu-120_HT-40to100_TuneCP5_13p6TeV_madgraphMLM-pythia8/MINIAODSIM/130X_mcRun3_2023_realistic_v15-v5/60000/990a038c-151d-4563-9ad9-0c23076ab500.root
01-Feb-2025 18:48:54 CST  Initiating request to open file root://cmsxrootd.fnal.gov//store/mc/Run3Summer23MiniAODv4/WtoLNu-4Jets_MLNu-120_HT-40to100_TuneCP5_13p6TeV_madgraphMLM-pythia8/MINIAODSIM/130X_mcRun3_2023_realistic_v15-v5/60000/9b33f126-136b-4104-9c3a-1e324fa05090.root
01-Feb-2025 18:48:55 CST  Successfully opened file root://cmsxrootd.fnal.gov//store/mc/Run3Summer23MiniAODv4/WtoLNu-4Jets_MLNu-120_HT-40to100_TuneCP5_13p6TeV_madgraphMLM-pythia8/MINIAODSIM/130X_mcRun3_2023_realistic_v15-v5/60000/9b33f126-136b-4104-9c3a-1e324fa05090.root
01-Feb-2025 18:48:56 CST  Closed file root://cmsxrootd.fnal.gov//store/mc/Run3Summer23MiniAODv4/WtoLNu-4Jets_MLNu-120_HT-40to100_TuneCP5_13p6TeV_madgraphMLM-pythia8/MINIAODSIM/130X_mcRun3_2023_realistic_v15-v5/60000/9b33f126-136b-4104-9c3a-1e324fa05090.root
01-Feb-2025 18:48:56 CST  Initiating request to open file root://cmsxrootd.fnal.gov//store/mc/Run3Summer23MiniAODv4/WtoLNu-4Jets_MLNu-120_HT-40to100_TuneCP5_13p6TeV_madgraphMLM-pythia8/MINIAODSIM/130X_mcRun3_2023_realistic_v15-v5/60000/6b1c7313-f918-49bb-9c32-b7eeebddd011.root
01-Feb-2025 18:48:57 CST  Successfully opened file root://cmsxrootd.fnal.gov//store/mc/Run3Summer23MiniAODv4/WtoLNu-4Jets_MLNu-120_HT-40to100_TuneCP5_13p6TeV_madgraphMLM-pythia8/MINIAODSIM/130X_mcRun3_2023_realistic_v15-v5/60000/6b1c7313-f918-49bb-9c32-b7eeebddd011.root
Begin processing the 800001st record. Run 1, Event 28388973, LumiSection 5070 on stream 0 at 01-Feb-2025 18:48:58.831 CST
01-Feb-2025 18:48:59 CST  Closed file root://cmsxrootd.fnal.gov//store/mc/Run3Summer23MiniAODv4/WtoLNu-4Jets_MLNu-120_HT-40to100_TuneCP5_13p6TeV_madgraphMLM-pythia8/MINIAODSIM/130X_mcRun3_2023_realistic_v15-v5/60000/6b1c7313-f918-49bb-9c32-b7eeebddd011.root
01-Feb-2025 18:48:59 CST  Initiating request to open file root://cmsxrootd.fnal.gov//store/mc/Run3Summer23MiniAODv4/WtoLNu-4Jets_MLNu-120_HT-40to100_TuneCP5_13p6TeV_madgraphMLM-pythia8/MINIAODSIM/130X_mcRun3_2023_realistic_v15-v5/60000/2425317d-41ba-4135-83de-b978ba14bd09.root
01-Feb-2025 18:49:00 CST  Successfully opened file root://cmsxrootd.fnal.gov//store/mc/Run3Summer23MiniAODv4/WtoLNu-4Jets_MLNu-120_HT-40to100_TuneCP5_13p6TeV_madgraphMLM-pythia8/MINIAODSIM/130X_mcRun3_2023_realistic_v15-v5/60000/2425317d-41ba-4135-83de-b978ba14bd09.root
01-Feb-2025 18:49:02 CST  Closed file root://cmsxrootd.fnal.gov//store/mc/Run3Summer23MiniAODv4/WtoLNu-4Jets_MLNu-120_HT-40to100_TuneCP5_13p6TeV_madgraphMLM-pythia8/MINIAODSIM/130X_mcRun3_2023_realistic_v15-v5/60000/2425317d-41ba-4135-83de-b978ba14bd09.root
01-Feb-2025 18:49:02 CST  Initiating request to open file root://cmsxrootd.fnal.gov//store/mc/Run3Summer23MiniAODv4/WtoLNu-4Jets_MLNu-120_HT-40to100_TuneCP5_13p6TeV_madgraphMLM-pythia8/MINIAODSIM/130X_mcRun3_2023_realistic_v15-v5/60000/d51005f1-5248-42c8-b8d5-50116566b6dd.root
01-Feb-2025 18:49:03 CST  Successfully opened file root://cmsxrootd.fnal.gov//store/mc/Run3Summer23MiniAODv4/WtoLNu-4Jets_MLNu-120_HT-40to100_TuneCP5_13p6TeV_madgraphMLM-pythia8/MINIAODSIM/130X_mcRun3_2023_realistic_v15-v5/60000/d51005f1-5248-42c8-b8d5-50116566b6dd.root
Begin processing the 900001st record. Run 1, Event 20304138, LumiSection 3626 on stream 0 at 01-Feb-2025 18:49:04.521 CST
01-Feb-2025 18:49:04 CST  Closed file root://cmsxrootd.fnal.gov//store/mc/Run3Summer23MiniAODv4/WtoLNu-4Jets_MLNu-120_HT-40to100_TuneCP5_13p6TeV_madgraphMLM-pythia8/MINIAODSIM/130X_mcRun3_2023_realistic_v15-v5/60000/d51005f1-5248-42c8-b8d5-50116566b6dd.root
01-Feb-2025 18:49:04 CST  Initiating request to open file root://cmsxrootd.fnal.gov//store/mc/Run3Summer23MiniAODv4/WtoLNu-4Jets_MLNu-120_HT-40to100_TuneCP5_13p6TeV_madgraphMLM-pythia8/MINIAODSIM/130X_mcRun3_2023_realistic_v15-v5/60000/27cbfd95-a508-4539-ba97-16abb7a1b497.root
01-Feb-2025 18:49:05 CST  Successfully opened file root://cmsxrootd.fnal.gov//store/mc/Run3Summer23MiniAODv4/WtoLNu-4Jets_MLNu-120_HT-40to100_TuneCP5_13p6TeV_madgraphMLM-pythia8/MINIAODSIM/130X_mcRun3_2023_realistic_v15-v5/60000/27cbfd95-a508-4539-ba97-16abb7a1b497.root
01-Feb-2025 18:49:07 CST  Closed file root://cmsxrootd.fnal.gov//store/mc/Run3Summer23MiniAODv4/WtoLNu-4Jets_MLNu-120_HT-40to100_TuneCP5_13p6TeV_madgraphMLM-pythia8/MINIAODSIM/130X_mcRun3_2023_realistic_v15-v5/60000/27cbfd95-a508-4539-ba97-16abb7a1b497.root
01-Feb-2025 18:49:07 CST  Initiating request to open file root://cmsxrootd.fnal.gov//store/mc/Run3Summer23MiniAODv4/WtoLNu-4Jets_MLNu-120_HT-40to100_TuneCP5_13p6TeV_madgraphMLM-pythia8/MINIAODSIM/130X_mcRun3_2023_realistic_v15-v5/60000/80114fa5-fda6-4738-af42-2d8a09fda3db.root
01-Feb-2025 18:49:08 CST  Successfully opened file root://cmsxrootd.fnal.gov//store/mc/Run3Summer23MiniAODv4/WtoLNu-4Jets_MLNu-120_HT-40to100_TuneCP5_13p6TeV_madgraphMLM-pythia8/MINIAODSIM/130X_mcRun3_2023_realistic_v15-v5/60000/80114fa5-fda6-4738-af42-2d8a09fda3db.root
01-Feb-2025 18:49:09 CST  Closed file root://cmsxrootd.fnal.gov//store/mc/Run3Summer23MiniAODv4/WtoLNu-4Jets_MLNu-120_HT-40to100_TuneCP5_13p6TeV_madgraphMLM-pythia8/MINIAODSIM/130X_mcRun3_2023_realistic_v15-v5/60000/80114fa5-fda6-4738-af42-2d8a09fda3db.root
01-Feb-2025 18:49:09 CST  Initiating request to open file root://cmsxrootd.fnal.gov//store/mc/Run3Summer23MiniAODv4/WtoLNu-4Jets_MLNu-120_HT-40to100_TuneCP5_13p6TeV_madgraphMLM-pythia8/MINIAODSIM/130X_mcRun3_2023_realistic_v15-v5/60000/dc655bb4-d800-4625-a5fa-59741ec3d32f.root
01-Feb-2025 18:49:10 CST  Successfully opened file root://cmsxrootd.fnal.gov//store/mc/Run3Summer23MiniAODv4/WtoLNu-4Jets_MLNu-120_HT-40to100_TuneCP5_13p6TeV_madgraphMLM-pythia8/MINIAODSIM/130X_mcRun3_2023_realistic_v15-v5/60000/dc655bb4-d800-4625-a5fa-59741ec3d32f.root
      3.019440      0.024444    114.280200             9
      4.553710      0.033343    114.280200             8
     12.261300      0.068161    114.280200             7
     17.644700      0.085152    114.280200             6
     20.767000      0.125301    114.280200             5
     29.844800      0.141546    114.280200             4
     10.538400      0.111504    114.280200             3
     15.173000      0.137347    114.280200             2
 
01-Feb-2025 18:49:11 CST  Closed file root://cmsxrootd.fnal.gov//store/mc/Run3Summer23MiniAODv4/WtoLNu-4Jets_MLNu-120_HT-40to100_TuneCP5_13p6TeV_madgraphMLM-pythia8/MINIAODSIM/130X_mcRun3_2023_realistic_v15-v5/60000/dc655bb4-d800-4625-a5fa-59741ec3d32f.root

------------------------------------
GenXsecAnalyzer:
------------------------------------
-------------------------------------------------------------------------------------------------------------------------------------------------------------------------- 
Overall cross-section summary 
--------------------------------------------------------------------------------------------------------------------------------------------------------------------------
Process		xsec_before [pb]		passed	nposw	nnegw	tried	nposw	nnegw 	xsec_match [pb]			accepted [%]	 event_eff [%]
0		1.509e+01 +/- 3.410e-03		302334	302334	0	724205	724205	0	6.300e+00 +/- 8.861e-03		41.7 +/- 0.1	41.7 +/- 0.1
1		1.041e+01 +/- 3.001e-03		212081	212081	0	504018	504018	0	4.378e+00 +/- 7.345e-03		42.1 +/- 0.1	42.1 +/- 0.1
2		2.992e+01 +/- 3.852e-03		245049	245049	0	1434237	1434237	0	5.111e+00 +/- 9.425e-03		17.1 +/- 0.0	17.1 +/- 0.0
3		2.069e+01 +/- 3.298e-03		176384	176384	0	1005629	1005629	0	3.629e+00 +/- 7.869e-03		17.5 +/- 0.0	17.5 +/- 0.0
4		1.773e+01 +/- 2.366e-03		36178	36178	0	878007	878007	0	7.307e-01 +/- 3.763e-03		4.1 +/- 0.0	4.1 +/- 0.0
5		1.225e+01 +/- 1.888e-03		25324	25324	0	594845	594845	0	5.217e-01 +/- 3.209e-03		4.3 +/- 0.0	4.3 +/- 0.0
6		4.437e+00 +/- 8.269e-04		2059	2059	0	215479	215479	0	4.240e-02 +/- 9.299e-04		1.0 +/- 0.0	1.0 +/- 0.0
7		3.057e+00 +/- 6.544e-04		1506	1506	0	148380	148380	0	3.103e-02 +/- 7.956e-04		1.0 +/- 0.0	1.0 +/- 0.0
-------------------------------------------------------------------------------------------------------------------------------------------------------------------------- 
Total		1.136e+02 +/- 7.525e-03		1000915	1000915	0	5504800	5504800	0	2.065e+01 +/- 1.872e-02		18.2 +/- 0.0	18.2 +/- 0.0
--------------------------------------------------------------------------------------------------------------------------------------------------------------------------
Before matching: total cross section = 1.136e+02 +- 7.525e-03 pb
After matching: total cross section = 2.065e+01 +- 1.872e-02 pb
Matching efficiency = 0.2 +/- 0.0   [TO BE USED IN MCM]
Filter efficiency (taking into account weights)= (1.13704e+08) / (1.13704e+08) = 1.000e+00 +- 0.000e+00
Filter efficiency (event-level)= (1.00092e+06) / (1.00092e+06) = 1.000e+00 +- 0.000e+00    [TO BE USED IN MCM]

After filter: final cross section = 2.065e+01 +- 1.872e-02 pb
After filter: final fraction of events with negative weights = 0.000e+00 +- 0.000e+00
After filter: final equivalent lumi for 1M events (1/fb) = 4.842e+01 +- 6.535e-02
