01-Feb-2025 17:59:12 CST  Initiating request to open file root://cmsxrootd.fnal.gov//store/mc/Run3Summer23MiniAODv4/WtoLNu-4Jets_MLNu-0to120_HT-100to400_TuneCP5_13p6TeV_madgraphMLM-pythia8/MINIAODSIM/130X_mcRun3_2023_realistic_v14-v2/2550000/671689f3-9ae1-414d-abf5-3f56795111d0.root
01-Feb-2025 17:59:17 CST  Successfully opened file root://cmsxrootd.fnal.gov//store/mc/Run3Summer23MiniAODv4/WtoLNu-4Jets_MLNu-0to120_HT-100to400_TuneCP5_13p6TeV_madgraphMLM-pythia8/MINIAODSIM/130X_mcRun3_2023_realistic_v14-v2/2550000/671689f3-9ae1-414d-abf5-3f56795111d0.root
Begin processing the 1st record. Run 1, Event 270413540, LumiSection 34011 on stream 0 at 01-Feb-2025 17:59:18.151 CST
01-Feb-2025 17:59:18 CST  Closed file root://cmsxrootd.fnal.gov//store/mc/Run3Summer23MiniAODv4/WtoLNu-4Jets_MLNu-0to120_HT-100to400_TuneCP5_13p6TeV_madgraphMLM-pythia8/MINIAODSIM/130X_mcRun3_2023_realistic_v14-v2/2550000/671689f3-9ae1-414d-abf5-3f56795111d0.root
01-Feb-2025 17:59:18 CST  Initiating request to open file root://cmsxrootd.fnal.gov//store/mc/Run3Summer23MiniAODv4/WtoLNu-4Jets_MLNu-0to120_HT-100to400_TuneCP5_13p6TeV_madgraphMLM-pythia8/MINIAODSIM/130X_mcRun3_2023_realistic_v14-v2/2550000/4bcbefe7-997d-4558-a4a8-05761b880e61.root
01-Feb-2025 17:59:19 CST  Successfully opened file root://cmsxrootd.fnal.gov//store/mc/Run3Summer23MiniAODv4/WtoLNu-4Jets_MLNu-0to120_HT-100to400_TuneCP5_13p6TeV_madgraphMLM-pythia8/MINIAODSIM/130X_mcRun3_2023_realistic_v14-v2/2550000/4bcbefe7-997d-4558-a4a8-05761b880e61.root
01-Feb-2025 17:59:21 CST  Closed file root://cmsxrootd.fnal.gov//store/mc/Run3Summer23MiniAODv4/WtoLNu-4Jets_MLNu-0to120_HT-100to400_TuneCP5_13p6TeV_madgraphMLM-pythia8/MINIAODSIM/130X_mcRun3_2023_realistic_v14-v2/2550000/4bcbefe7-997d-4558-a4a8-05761b880e61.root
01-Feb-2025 17:59:21 CST  Initiating request to open file root://cmsxrootd.fnal.gov//store/mc/Run3Summer23MiniAODv4/WtoLNu-4Jets_MLNu-0to120_HT-100to400_TuneCP5_13p6TeV_madgraphMLM-pythia8/MINIAODSIM/130X_mcRun3_2023_realistic_v14-v2/2550000/a38077dc-24d7-4f2d-a5af-342818369ef3.root
01-Feb-2025 17:59:24 CST  Successfully opened file root://cmsxrootd.fnal.gov//store/mc/Run3Summer23MiniAODv4/WtoLNu-4Jets_MLNu-0to120_HT-100to400_TuneCP5_13p6TeV_madgraphMLM-pythia8/MINIAODSIM/130X_mcRun3_2023_realistic_v14-v2/2550000/a38077dc-24d7-4f2d-a5af-342818369ef3.root
01-Feb-2025 17:59:26 CST  Closed file root://cmsxrootd.fnal.gov//store/mc/Run3Summer23MiniAODv4/WtoLNu-4Jets_MLNu-0to120_HT-100to400_TuneCP5_13p6TeV_madgraphMLM-pythia8/MINIAODSIM/130X_mcRun3_2023_realistic_v14-v2/2550000/a38077dc-24d7-4f2d-a5af-342818369ef3.root
01-Feb-2025 17:59:26 CST  Initiating request to open file root://cmsxrootd.fnal.gov//store/mc/Run3Summer23MiniAODv4/WtoLNu-4Jets_MLNu-0to120_HT-100to400_TuneCP5_13p6TeV_madgraphMLM-pythia8/MINIAODSIM/130X_mcRun3_2023_realistic_v14-v2/2550000/4caec1fd-f3de-469f-a6ad-a2aea226df64.root
01-Feb-2025 17:59:29 CST  Successfully opened file root://cmsxrootd.fnal.gov//store/mc/Run3Summer23MiniAODv4/WtoLNu-4Jets_MLNu-0to120_HT-100to400_TuneCP5_13p6TeV_madgraphMLM-pythia8/MINIAODSIM/130X_mcRun3_2023_realistic_v14-v2/2550000/4caec1fd-f3de-469f-a6ad-a2aea226df64.root
01-Feb-2025 17:59:31 CST  Closed file root://cmsxrootd.fnal.gov//store/mc/Run3Summer23MiniAODv4/WtoLNu-4Jets_MLNu-0to120_HT-100to400_TuneCP5_13p6TeV_madgraphMLM-pythia8/MINIAODSIM/130X_mcRun3_2023_realistic_v14-v2/2550000/4caec1fd-f3de-469f-a6ad-a2aea226df64.root
01-Feb-2025 17:59:31 CST  Initiating request to open file root://cmsxrootd.fnal.gov//store/mc/Run3Summer23MiniAODv4/WtoLNu-4Jets_MLNu-0to120_HT-100to400_TuneCP5_13p6TeV_madgraphMLM-pythia8/MINIAODSIM/130X_mcRun3_2023_realistic_v14-v2/2560000/5258400b-6563-4d9e-bc80-0d656f19cb82.root
01-Feb-2025 17:59:34 CST  Successfully opened file root://cmsxrootd.fnal.gov//store/mc/Run3Summer23MiniAODv4/WtoLNu-4Jets_MLNu-0to120_HT-100to400_TuneCP5_13p6TeV_madgraphMLM-pythia8/MINIAODSIM/130X_mcRun3_2023_realistic_v14-v2/2560000/5258400b-6563-4d9e-bc80-0d656f19cb82.root
01-Feb-2025 17:59:35 CST  Closed file root://cmsxrootd.fnal.gov//store/mc/Run3Summer23MiniAODv4/WtoLNu-4Jets_MLNu-0to120_HT-100to400_TuneCP5_13p6TeV_madgraphMLM-pythia8/MINIAODSIM/130X_mcRun3_2023_realistic_v14-v2/2560000/5258400b-6563-4d9e-bc80-0d656f19cb82.root
01-Feb-2025 17:59:35 CST  Initiating request to open file root://cmsxrootd.fnal.gov//store/mc/Run3Summer23MiniAODv4/WtoLNu-4Jets_MLNu-0to120_HT-100to400_TuneCP5_13p6TeV_madgraphMLM-pythia8/MINIAODSIM/130X_mcRun3_2023_realistic_v14-v2/2560000/0517b9c3-74cc-4699-af22-250f909e27a3.root
01-Feb-2025 17:59:37 CST  Successfully opened file root://cmsxrootd.fnal.gov//store/mc/Run3Summer23MiniAODv4/WtoLNu-4Jets_MLNu-0to120_HT-100to400_TuneCP5_13p6TeV_madgraphMLM-pythia8/MINIAODSIM/130X_mcRun3_2023_realistic_v14-v2/2560000/0517b9c3-74cc-4699-af22-250f909e27a3.root
01-Feb-2025 17:59:38 CST  Closed file root://cmsxrootd.fnal.gov//store/mc/Run3Summer23MiniAODv4/WtoLNu-4Jets_MLNu-0to120_HT-100to400_TuneCP5_13p6TeV_madgraphMLM-pythia8/MINIAODSIM/130X_mcRun3_2023_realistic_v14-v2/2560000/0517b9c3-74cc-4699-af22-250f909e27a3.root
01-Feb-2025 17:59:38 CST  Initiating request to open file root://cmsxrootd.fnal.gov//store/mc/Run3Summer23MiniAODv4/WtoLNu-4Jets_MLNu-0to120_HT-100to400_TuneCP5_13p6TeV_madgraphMLM-pythia8/MINIAODSIM/130X_mcRun3_2023_realistic_v14-v2/2550000/5bfe61cd-79c3-4ccd-9762-79fc38735c8e.root
01-Feb-2025 17:59:41 CST  Successfully opened file root://cmsxrootd.fnal.gov//store/mc/Run3Summer23MiniAODv4/WtoLNu-4Jets_MLNu-0to120_HT-100to400_TuneCP5_13p6TeV_madgraphMLM-pythia8/MINIAODSIM/130X_mcRun3_2023_realistic_v14-v2/2550000/5bfe61cd-79c3-4ccd-9762-79fc38735c8e.root
01-Feb-2025 17:59:42 CST  Closed file root://cmsxrootd.fnal.gov//store/mc/Run3Summer23MiniAODv4/WtoLNu-4Jets_MLNu-0to120_HT-100to400_TuneCP5_13p6TeV_madgraphMLM-pythia8/MINIAODSIM/130X_mcRun3_2023_realistic_v14-v2/2550000/5bfe61cd-79c3-4ccd-9762-79fc38735c8e.root
01-Feb-2025 17:59:42 CST  Initiating request to open file root://cmsxrootd.fnal.gov//store/mc/Run3Summer23MiniAODv4/WtoLNu-4Jets_MLNu-0to120_HT-100to400_TuneCP5_13p6TeV_madgraphMLM-pythia8/MINIAODSIM/130X_mcRun3_2023_realistic_v14-v2/2550000/c588a1ca-890e-48d5-b59c-583b078637ca.root
01-Feb-2025 17:59:44 CST  Successfully opened file root://cmsxrootd.fnal.gov//store/mc/Run3Summer23MiniAODv4/WtoLNu-4Jets_MLNu-0to120_HT-100to400_TuneCP5_13p6TeV_madgraphMLM-pythia8/MINIAODSIM/130X_mcRun3_2023_realistic_v14-v2/2550000/c588a1ca-890e-48d5-b59c-583b078637ca.root
Begin processing the 100001st record. Run 1, Event 274644649, LumiSection 34543 on stream 0 at 01-Feb-2025 17:59:45.612 CST
01-Feb-2025 17:59:45 CST  Closed file root://cmsxrootd.fnal.gov//store/mc/Run3Summer23MiniAODv4/WtoLNu-4Jets_MLNu-0to120_HT-100to400_TuneCP5_13p6TeV_madgraphMLM-pythia8/MINIAODSIM/130X_mcRun3_2023_realistic_v14-v2/2550000/c588a1ca-890e-48d5-b59c-583b078637ca.root
01-Feb-2025 17:59:45 CST  Initiating request to open file root://cmsxrootd.fnal.gov//store/mc/Run3Summer23MiniAODv4/WtoLNu-4Jets_MLNu-0to120_HT-100to400_TuneCP5_13p6TeV_madgraphMLM-pythia8/MINIAODSIM/130X_mcRun3_2023_realistic_v14-v2/2550000/5ec8265c-af70-421d-94b9-33430c4f385a.root
01-Feb-2025 17:59:47 CST  Successfully opened file root://cmsxrootd.fnal.gov//store/mc/Run3Summer23MiniAODv4/WtoLNu-4Jets_MLNu-0to120_HT-100to400_TuneCP5_13p6TeV_madgraphMLM-pythia8/MINIAODSIM/130X_mcRun3_2023_realistic_v14-v2/2550000/5ec8265c-af70-421d-94b9-33430c4f385a.root
01-Feb-2025 17:59:48 CST  Closed file root://cmsxrootd.fnal.gov//store/mc/Run3Summer23MiniAODv4/WtoLNu-4Jets_MLNu-0to120_HT-100to400_TuneCP5_13p6TeV_madgraphMLM-pythia8/MINIAODSIM/130X_mcRun3_2023_realistic_v14-v2/2550000/5ec8265c-af70-421d-94b9-33430c4f385a.root
01-Feb-2025 17:59:48 CST  Initiating request to open file root://cmsxrootd.fnal.gov//store/mc/Run3Summer23MiniAODv4/WtoLNu-4Jets_MLNu-0to120_HT-100to400_TuneCP5_13p6TeV_madgraphMLM-pythia8/MINIAODSIM/130X_mcRun3_2023_realistic_v14-v2/2550000/cfe27518-1506-451f-95cc-b2e403854e7c.root
01-Feb-2025 17:59:51 CST  Successfully opened file root://cmsxrootd.fnal.gov//store/mc/Run3Summer23MiniAODv4/WtoLNu-4Jets_MLNu-0to120_HT-100to400_TuneCP5_13p6TeV_madgraphMLM-pythia8/MINIAODSIM/130X_mcRun3_2023_realistic_v14-v2/2550000/cfe27518-1506-451f-95cc-b2e403854e7c.root
01-Feb-2025 17:59:53 CST  Closed file root://cmsxrootd.fnal.gov//store/mc/Run3Summer23MiniAODv4/WtoLNu-4Jets_MLNu-0to120_HT-100to400_TuneCP5_13p6TeV_madgraphMLM-pythia8/MINIAODSIM/130X_mcRun3_2023_realistic_v14-v2/2550000/cfe27518-1506-451f-95cc-b2e403854e7c.root
01-Feb-2025 17:59:53 CST  Initiating request to open file root://cmsxrootd.fnal.gov//store/mc/Run3Summer23MiniAODv4/WtoLNu-4Jets_MLNu-0to120_HT-100to400_TuneCP5_13p6TeV_madgraphMLM-pythia8/MINIAODSIM/130X_mcRun3_2023_realistic_v14-v2/2550000/b7f4f012-77b2-408f-b12a-91a8105ae287.root
01-Feb-2025 17:59:55 CST  Successfully opened file root://cmsxrootd.fnal.gov//store/mc/Run3Summer23MiniAODv4/WtoLNu-4Jets_MLNu-0to120_HT-100to400_TuneCP5_13p6TeV_madgraphMLM-pythia8/MINIAODSIM/130X_mcRun3_2023_realistic_v14-v2/2550000/b7f4f012-77b2-408f-b12a-91a8105ae287.root
01-Feb-2025 18:00:03 CST  Closed file root://cmsxrootd.fnal.gov//store/mc/Run3Summer23MiniAODv4/WtoLNu-4Jets_MLNu-0to120_HT-100to400_TuneCP5_13p6TeV_madgraphMLM-pythia8/MINIAODSIM/130X_mcRun3_2023_realistic_v14-v2/2550000/b7f4f012-77b2-408f-b12a-91a8105ae287.root
01-Feb-2025 18:00:03 CST  Initiating request to open file root://cmsxrootd.fnal.gov//store/mc/Run3Summer23MiniAODv4/WtoLNu-4Jets_MLNu-0to120_HT-100to400_TuneCP5_13p6TeV_madgraphMLM-pythia8/MINIAODSIM/130X_mcRun3_2023_realistic_v14-v2/2550000/c7d8b8b3-8904-4db5-b8f2-49a19b894191.root
01-Feb-2025 18:00:05 CST  Successfully opened file root://cmsxrootd.fnal.gov//store/mc/Run3Summer23MiniAODv4/WtoLNu-4Jets_MLNu-0to120_HT-100to400_TuneCP5_13p6TeV_madgraphMLM-pythia8/MINIAODSIM/130X_mcRun3_2023_realistic_v14-v2/2550000/c7d8b8b3-8904-4db5-b8f2-49a19b894191.root
01-Feb-2025 18:00:06 CST  Closed file root://cmsxrootd.fnal.gov//store/mc/Run3Summer23MiniAODv4/WtoLNu-4Jets_MLNu-0to120_HT-100to400_TuneCP5_13p6TeV_madgraphMLM-pythia8/MINIAODSIM/130X_mcRun3_2023_realistic_v14-v2/2550000/c7d8b8b3-8904-4db5-b8f2-49a19b894191.root
01-Feb-2025 18:00:06 CST  Initiating request to open file root://cmsxrootd.fnal.gov//store/mc/Run3Summer23MiniAODv4/WtoLNu-4Jets_MLNu-0to120_HT-100to400_TuneCP5_13p6TeV_madgraphMLM-pythia8/MINIAODSIM/130X_mcRun3_2023_realistic_v14-v2/2550000/1b4f25c0-9aec-4ff0-90f6-2e708cd36ace.root
01-Feb-2025 18:00:08 CST  Successfully opened file root://cmsxrootd.fnal.gov//store/mc/Run3Summer23MiniAODv4/WtoLNu-4Jets_MLNu-0to120_HT-100to400_TuneCP5_13p6TeV_madgraphMLM-pythia8/MINIAODSIM/130X_mcRun3_2023_realistic_v14-v2/2550000/1b4f25c0-9aec-4ff0-90f6-2e708cd36ace.root
01-Feb-2025 18:00:09 CST  Closed file root://cmsxrootd.fnal.gov//store/mc/Run3Summer23MiniAODv4/WtoLNu-4Jets_MLNu-0to120_HT-100to400_TuneCP5_13p6TeV_madgraphMLM-pythia8/MINIAODSIM/130X_mcRun3_2023_realistic_v14-v2/2550000/1b4f25c0-9aec-4ff0-90f6-2e708cd36ace.root
01-Feb-2025 18:00:09 CST  Initiating request to open file root://cmsxrootd.fnal.gov//store/mc/Run3Summer23MiniAODv4/WtoLNu-4Jets_MLNu-0to120_HT-100to400_TuneCP5_13p6TeV_madgraphMLM-pythia8/MINIAODSIM/130X_mcRun3_2023_realistic_v14-v2/2550000/6de9fbaa-152e-4be3-be83-eb7b91c46e07.root
01-Feb-2025 18:00:12 CST  Successfully opened file root://cmsxrootd.fnal.gov//store/mc/Run3Summer23MiniAODv4/WtoLNu-4Jets_MLNu-0to120_HT-100to400_TuneCP5_13p6TeV_madgraphMLM-pythia8/MINIAODSIM/130X_mcRun3_2023_realistic_v14-v2/2550000/6de9fbaa-152e-4be3-be83-eb7b91c46e07.root
Begin processing the 200001st record. Run 1, Event 273217530, LumiSection 34363 on stream 0 at 01-Feb-2025 18:00:13.741 CST
01-Feb-2025 18:00:14 CST  Closed file root://cmsxrootd.fnal.gov//store/mc/Run3Summer23MiniAODv4/WtoLNu-4Jets_MLNu-0to120_HT-100to400_TuneCP5_13p6TeV_madgraphMLM-pythia8/MINIAODSIM/130X_mcRun3_2023_realistic_v14-v2/2550000/6de9fbaa-152e-4be3-be83-eb7b91c46e07.root
01-Feb-2025 18:00:14 CST  Initiating request to open file root://cmsxrootd.fnal.gov//store/mc/Run3Summer23MiniAODv4/WtoLNu-4Jets_MLNu-0to120_HT-100to400_TuneCP5_13p6TeV_madgraphMLM-pythia8/MINIAODSIM/130X_mcRun3_2023_realistic_v14-v2/2550000/3a081245-c44f-4e98-a216-5c9c6152dc6d.root
01-Feb-2025 18:00:16 CST  Successfully opened file root://cmsxrootd.fnal.gov//store/mc/Run3Summer23MiniAODv4/WtoLNu-4Jets_MLNu-0to120_HT-100to400_TuneCP5_13p6TeV_madgraphMLM-pythia8/MINIAODSIM/130X_mcRun3_2023_realistic_v14-v2/2550000/3a081245-c44f-4e98-a216-5c9c6152dc6d.root
01-Feb-2025 18:00:17 CST  Closed file root://cmsxrootd.fnal.gov//store/mc/Run3Summer23MiniAODv4/WtoLNu-4Jets_MLNu-0to120_HT-100to400_TuneCP5_13p6TeV_madgraphMLM-pythia8/MINIAODSIM/130X_mcRun3_2023_realistic_v14-v2/2550000/3a081245-c44f-4e98-a216-5c9c6152dc6d.root
01-Feb-2025 18:00:17 CST  Initiating request to open file root://cmsxrootd.fnal.gov//store/mc/Run3Summer23MiniAODv4/WtoLNu-4Jets_MLNu-0to120_HT-100to400_TuneCP5_13p6TeV_madgraphMLM-pythia8/MINIAODSIM/130X_mcRun3_2023_realistic_v14-v2/2550000/041005c3-83f2-445b-9e30-3236c5b17052.root
01-Feb-2025 18:00:20 CST  Successfully opened file root://cmsxrootd.fnal.gov//store/mc/Run3Summer23MiniAODv4/WtoLNu-4Jets_MLNu-0to120_HT-100to400_TuneCP5_13p6TeV_madgraphMLM-pythia8/MINIAODSIM/130X_mcRun3_2023_realistic_v14-v2/2550000/041005c3-83f2-445b-9e30-3236c5b17052.root
01-Feb-2025 18:00:23 CST  Closed file root://cmsxrootd.fnal.gov//store/mc/Run3Summer23MiniAODv4/WtoLNu-4Jets_MLNu-0to120_HT-100to400_TuneCP5_13p6TeV_madgraphMLM-pythia8/MINIAODSIM/130X_mcRun3_2023_realistic_v14-v2/2550000/041005c3-83f2-445b-9e30-3236c5b17052.root
01-Feb-2025 18:00:23 CST  Initiating request to open file root://cmsxrootd.fnal.gov//store/mc/Run3Summer23MiniAODv4/WtoLNu-4Jets_MLNu-0to120_HT-100to400_TuneCP5_13p6TeV_madgraphMLM-pythia8/MINIAODSIM/130X_mcRun3_2023_realistic_v14-v2/2550000/68a6b1af-0cc1-428c-a3fa-7ec1507873d0.root
01-Feb-2025 18:00:25 CST  Successfully opened file root://cmsxrootd.fnal.gov//store/mc/Run3Summer23MiniAODv4/WtoLNu-4Jets_MLNu-0to120_HT-100to400_TuneCP5_13p6TeV_madgraphMLM-pythia8/MINIAODSIM/130X_mcRun3_2023_realistic_v14-v2/2550000/68a6b1af-0cc1-428c-a3fa-7ec1507873d0.root
Begin processing the 300001st record. Run 1, Event 281248844, LumiSection 35373 on stream 0 at 01-Feb-2025 18:00:26.961 CST
01-Feb-2025 18:00:27 CST  Closed file root://cmsxrootd.fnal.gov//store/mc/Run3Summer23MiniAODv4/WtoLNu-4Jets_MLNu-0to120_HT-100to400_TuneCP5_13p6TeV_madgraphMLM-pythia8/MINIAODSIM/130X_mcRun3_2023_realistic_v14-v2/2550000/68a6b1af-0cc1-428c-a3fa-7ec1507873d0.root
01-Feb-2025 18:00:27 CST  Initiating request to open file root://cmsxrootd.fnal.gov//store/mc/Run3Summer23MiniAODv4/WtoLNu-4Jets_MLNu-0to120_HT-100to400_TuneCP5_13p6TeV_madgraphMLM-pythia8/MINIAODSIM/130X_mcRun3_2023_realistic_v14-v2/2550000/175a498a-d694-449d-bd49-f28cce082648.root
01-Feb-2025 18:00:29 CST  Successfully opened file root://cmsxrootd.fnal.gov//store/mc/Run3Summer23MiniAODv4/WtoLNu-4Jets_MLNu-0to120_HT-100to400_TuneCP5_13p6TeV_madgraphMLM-pythia8/MINIAODSIM/130X_mcRun3_2023_realistic_v14-v2/2550000/175a498a-d694-449d-bd49-f28cce082648.root
01-Feb-2025 18:00:31 CST  Closed file root://cmsxrootd.fnal.gov//store/mc/Run3Summer23MiniAODv4/WtoLNu-4Jets_MLNu-0to120_HT-100to400_TuneCP5_13p6TeV_madgraphMLM-pythia8/MINIAODSIM/130X_mcRun3_2023_realistic_v14-v2/2550000/175a498a-d694-449d-bd49-f28cce082648.root
01-Feb-2025 18:00:31 CST  Initiating request to open file root://cmsxrootd.fnal.gov//store/mc/Run3Summer23MiniAODv4/WtoLNu-4Jets_MLNu-0to120_HT-100to400_TuneCP5_13p6TeV_madgraphMLM-pythia8/MINIAODSIM/130X_mcRun3_2023_realistic_v14-v2/2550000/639d9064-de70-489c-99a4-ce0403715a06.root
01-Feb-2025 18:00:33 CST  Successfully opened file root://cmsxrootd.fnal.gov//store/mc/Run3Summer23MiniAODv4/WtoLNu-4Jets_MLNu-0to120_HT-100to400_TuneCP5_13p6TeV_madgraphMLM-pythia8/MINIAODSIM/130X_mcRun3_2023_realistic_v14-v2/2550000/639d9064-de70-489c-99a4-ce0403715a06.root
01-Feb-2025 18:00:35 CST  Closed file root://cmsxrootd.fnal.gov//store/mc/Run3Summer23MiniAODv4/WtoLNu-4Jets_MLNu-0to120_HT-100to400_TuneCP5_13p6TeV_madgraphMLM-pythia8/MINIAODSIM/130X_mcRun3_2023_realistic_v14-v2/2550000/639d9064-de70-489c-99a4-ce0403715a06.root
01-Feb-2025 18:00:35 CST  Initiating request to open file root://cmsxrootd.fnal.gov//store/mc/Run3Summer23MiniAODv4/WtoLNu-4Jets_MLNu-0to120_HT-100to400_TuneCP5_13p6TeV_madgraphMLM-pythia8/MINIAODSIM/130X_mcRun3_2023_realistic_v14-v2/2550000/214181a9-fda9-4f6a-b218-ee1655d5ee3a.root
01-Feb-2025 18:00:38 CST  Successfully opened file root://cmsxrootd.fnal.gov//store/mc/Run3Summer23MiniAODv4/WtoLNu-4Jets_MLNu-0to120_HT-100to400_TuneCP5_13p6TeV_madgraphMLM-pythia8/MINIAODSIM/130X_mcRun3_2023_realistic_v14-v2/2550000/214181a9-fda9-4f6a-b218-ee1655d5ee3a.root
01-Feb-2025 18:00:42 CST  Closed file root://cmsxrootd.fnal.gov//store/mc/Run3Summer23MiniAODv4/WtoLNu-4Jets_MLNu-0to120_HT-100to400_TuneCP5_13p6TeV_madgraphMLM-pythia8/MINIAODSIM/130X_mcRun3_2023_realistic_v14-v2/2550000/214181a9-fda9-4f6a-b218-ee1655d5ee3a.root
01-Feb-2025 18:00:42 CST  Initiating request to open file root://cmsxrootd.fnal.gov//store/mc/Run3Summer23MiniAODv4/WtoLNu-4Jets_MLNu-0to120_HT-100to400_TuneCP5_13p6TeV_madgraphMLM-pythia8/MINIAODSIM/130X_mcRun3_2023_realistic_v14-v2/2550000/1dc66abb-be54-4c3e-9d88-3293311d864f.root
01-Feb-2025 18:00:44 CST  Successfully opened file root://cmsxrootd.fnal.gov//store/mc/Run3Summer23MiniAODv4/WtoLNu-4Jets_MLNu-0to120_HT-100to400_TuneCP5_13p6TeV_madgraphMLM-pythia8/MINIAODSIM/130X_mcRun3_2023_realistic_v14-v2/2550000/1dc66abb-be54-4c3e-9d88-3293311d864f.root
01-Feb-2025 18:00:45 CST  Closed file root://cmsxrootd.fnal.gov//store/mc/Run3Summer23MiniAODv4/WtoLNu-4Jets_MLNu-0to120_HT-100to400_TuneCP5_13p6TeV_madgraphMLM-pythia8/MINIAODSIM/130X_mcRun3_2023_realistic_v14-v2/2550000/1dc66abb-be54-4c3e-9d88-3293311d864f.root
01-Feb-2025 18:00:45 CST  Initiating request to open file root://cmsxrootd.fnal.gov//store/mc/Run3Summer23MiniAODv4/WtoLNu-4Jets_MLNu-0to120_HT-100to400_TuneCP5_13p6TeV_madgraphMLM-pythia8/MINIAODSIM/130X_mcRun3_2023_realistic_v14-v2/2560000/12195a63-0c90-4dff-971c-ed06a8cdee46.root
01-Feb-2025 18:00:47 CST  Successfully opened file root://cmsxrootd.fnal.gov//store/mc/Run3Summer23MiniAODv4/WtoLNu-4Jets_MLNu-0to120_HT-100to400_TuneCP5_13p6TeV_madgraphMLM-pythia8/MINIAODSIM/130X_mcRun3_2023_realistic_v14-v2/2560000/12195a63-0c90-4dff-971c-ed06a8cdee46.root
Begin processing the 400001st record. Run 1, Event 100636784, LumiSection 12658 on stream 0 at 01-Feb-2025 18:00:48.816 CST
01-Feb-2025 18:00:48 CST  Closed file root://cmsxrootd.fnal.gov//store/mc/Run3Summer23MiniAODv4/WtoLNu-4Jets_MLNu-0to120_HT-100to400_TuneCP5_13p6TeV_madgraphMLM-pythia8/MINIAODSIM/130X_mcRun3_2023_realistic_v14-v2/2560000/12195a63-0c90-4dff-971c-ed06a8cdee46.root
01-Feb-2025 18:00:48 CST  Initiating request to open file root://cmsxrootd.fnal.gov//store/mc/Run3Summer23MiniAODv4/WtoLNu-4Jets_MLNu-0to120_HT-100to400_TuneCP5_13p6TeV_madgraphMLM-pythia8/MINIAODSIM/130X_mcRun3_2023_realistic_v14-v2/2560000/3e2160c8-42a7-435a-9730-51f459b290bf.root
01-Feb-2025 18:00:51 CST  Successfully opened file root://cmsxrootd.fnal.gov//store/mc/Run3Summer23MiniAODv4/WtoLNu-4Jets_MLNu-0to120_HT-100to400_TuneCP5_13p6TeV_madgraphMLM-pythia8/MINIAODSIM/130X_mcRun3_2023_realistic_v14-v2/2560000/3e2160c8-42a7-435a-9730-51f459b290bf.root
01-Feb-2025 18:00:52 CST  Closed file root://cmsxrootd.fnal.gov//store/mc/Run3Summer23MiniAODv4/WtoLNu-4Jets_MLNu-0to120_HT-100to400_TuneCP5_13p6TeV_madgraphMLM-pythia8/MINIAODSIM/130X_mcRun3_2023_realistic_v14-v2/2560000/3e2160c8-42a7-435a-9730-51f459b290bf.root
01-Feb-2025 18:00:52 CST  Initiating request to open file root://cmsxrootd.fnal.gov//store/mc/Run3Summer23MiniAODv4/WtoLNu-4Jets_MLNu-0to120_HT-100to400_TuneCP5_13p6TeV_madgraphMLM-pythia8/MINIAODSIM/130X_mcRun3_2023_realistic_v14-v2/2560000/e732521f-28c9-4a64-9851-bb900e77109c.root
01-Feb-2025 18:00:54 CST  Successfully opened file root://cmsxrootd.fnal.gov//store/mc/Run3Summer23MiniAODv4/WtoLNu-4Jets_MLNu-0to120_HT-100to400_TuneCP5_13p6TeV_madgraphMLM-pythia8/MINIAODSIM/130X_mcRun3_2023_realistic_v14-v2/2560000/e732521f-28c9-4a64-9851-bb900e77109c.root
01-Feb-2025 18:00:56 CST  Closed file root://cmsxrootd.fnal.gov//store/mc/Run3Summer23MiniAODv4/WtoLNu-4Jets_MLNu-0to120_HT-100to400_TuneCP5_13p6TeV_madgraphMLM-pythia8/MINIAODSIM/130X_mcRun3_2023_realistic_v14-v2/2560000/e732521f-28c9-4a64-9851-bb900e77109c.root
01-Feb-2025 18:00:56 CST  Initiating request to open file root://cmsxrootd.fnal.gov//store/mc/Run3Summer23MiniAODv4/WtoLNu-4Jets_MLNu-0to120_HT-100to400_TuneCP5_13p6TeV_madgraphMLM-pythia8/MINIAODSIM/130X_mcRun3_2023_realistic_v14-v2/2560000/04123213-d111-4660-a343-2955369218ff.root
01-Feb-2025 18:00:58 CST  Successfully opened file root://cmsxrootd.fnal.gov//store/mc/Run3Summer23MiniAODv4/WtoLNu-4Jets_MLNu-0to120_HT-100to400_TuneCP5_13p6TeV_madgraphMLM-pythia8/MINIAODSIM/130X_mcRun3_2023_realistic_v14-v2/2560000/04123213-d111-4660-a343-2955369218ff.root
01-Feb-2025 18:01:00 CST  Closed file root://cmsxrootd.fnal.gov//store/mc/Run3Summer23MiniAODv4/WtoLNu-4Jets_MLNu-0to120_HT-100to400_TuneCP5_13p6TeV_madgraphMLM-pythia8/MINIAODSIM/130X_mcRun3_2023_realistic_v14-v2/2560000/04123213-d111-4660-a343-2955369218ff.root
01-Feb-2025 18:01:00 CST  Initiating request to open file root://cmsxrootd.fnal.gov//store/mc/Run3Summer23MiniAODv4/WtoLNu-4Jets_MLNu-0to120_HT-100to400_TuneCP5_13p6TeV_madgraphMLM-pythia8/MINIAODSIM/130X_mcRun3_2023_realistic_v14-v2/2550000/95d5039b-275e-4e82-a79d-f7459744e094.root
01-Feb-2025 18:01:02 CST  Successfully opened file root://cmsxrootd.fnal.gov//store/mc/Run3Summer23MiniAODv4/WtoLNu-4Jets_MLNu-0to120_HT-100to400_TuneCP5_13p6TeV_madgraphMLM-pythia8/MINIAODSIM/130X_mcRun3_2023_realistic_v14-v2/2550000/95d5039b-275e-4e82-a79d-f7459744e094.root
Begin processing the 500001st record. Run 1, Event 284740840, LumiSection 35812 on stream 0 at 01-Feb-2025 18:01:04.024 CST
01-Feb-2025 18:01:04 CST  Closed file root://cmsxrootd.fnal.gov//store/mc/Run3Summer23MiniAODv4/WtoLNu-4Jets_MLNu-0to120_HT-100to400_TuneCP5_13p6TeV_madgraphMLM-pythia8/MINIAODSIM/130X_mcRun3_2023_realistic_v14-v2/2550000/95d5039b-275e-4e82-a79d-f7459744e094.root
01-Feb-2025 18:01:04 CST  Initiating request to open file root://cmsxrootd.fnal.gov//store/mc/Run3Summer23MiniAODv4/WtoLNu-4Jets_MLNu-0to120_HT-100to400_TuneCP5_13p6TeV_madgraphMLM-pythia8/MINIAODSIM/130X_mcRun3_2023_realistic_v14-v2/2550000/d6a29a47-33a4-4a3b-ab91-97e045bed9ce.root
01-Feb-2025 18:01:06 CST  Successfully opened file root://cmsxrootd.fnal.gov//store/mc/Run3Summer23MiniAODv4/WtoLNu-4Jets_MLNu-0to120_HT-100to400_TuneCP5_13p6TeV_madgraphMLM-pythia8/MINIAODSIM/130X_mcRun3_2023_realistic_v14-v2/2550000/d6a29a47-33a4-4a3b-ab91-97e045bed9ce.root
01-Feb-2025 18:01:07 CST  Closed file root://cmsxrootd.fnal.gov//store/mc/Run3Summer23MiniAODv4/WtoLNu-4Jets_MLNu-0to120_HT-100to400_TuneCP5_13p6TeV_madgraphMLM-pythia8/MINIAODSIM/130X_mcRun3_2023_realistic_v14-v2/2550000/d6a29a47-33a4-4a3b-ab91-97e045bed9ce.root
01-Feb-2025 18:01:07 CST  Initiating request to open file root://cmsxrootd.fnal.gov//store/mc/Run3Summer23MiniAODv4/WtoLNu-4Jets_MLNu-0to120_HT-100to400_TuneCP5_13p6TeV_madgraphMLM-pythia8/MINIAODSIM/130X_mcRun3_2023_realistic_v14-v2/2550000/0e55be74-d00d-446a-9790-91b45db3107d.root
01-Feb-2025 18:01:09 CST  Successfully opened file root://cmsxrootd.fnal.gov//store/mc/Run3Summer23MiniAODv4/WtoLNu-4Jets_MLNu-0to120_HT-100to400_TuneCP5_13p6TeV_madgraphMLM-pythia8/MINIAODSIM/130X_mcRun3_2023_realistic_v14-v2/2550000/0e55be74-d00d-446a-9790-91b45db3107d.root
01-Feb-2025 18:01:10 CST  Closed file root://cmsxrootd.fnal.gov//store/mc/Run3Summer23MiniAODv4/WtoLNu-4Jets_MLNu-0to120_HT-100to400_TuneCP5_13p6TeV_madgraphMLM-pythia8/MINIAODSIM/130X_mcRun3_2023_realistic_v14-v2/2550000/0e55be74-d00d-446a-9790-91b45db3107d.root
01-Feb-2025 18:01:10 CST  Initiating request to open file root://cmsxrootd.fnal.gov//store/mc/Run3Summer23MiniAODv4/WtoLNu-4Jets_MLNu-0to120_HT-100to400_TuneCP5_13p6TeV_madgraphMLM-pythia8/MINIAODSIM/130X_mcRun3_2023_realistic_v14-v2/2550000/a0a2cdf4-ab1c-4603-950c-474440349f73.root
01-Feb-2025 18:01:13 CST  Successfully opened file root://cmsxrootd.fnal.gov//store/mc/Run3Summer23MiniAODv4/WtoLNu-4Jets_MLNu-0to120_HT-100to400_TuneCP5_13p6TeV_madgraphMLM-pythia8/MINIAODSIM/130X_mcRun3_2023_realistic_v14-v2/2550000/a0a2cdf4-ab1c-4603-950c-474440349f73.root
01-Feb-2025 18:01:13 CST  Closed file root://cmsxrootd.fnal.gov//store/mc/Run3Summer23MiniAODv4/WtoLNu-4Jets_MLNu-0to120_HT-100to400_TuneCP5_13p6TeV_madgraphMLM-pythia8/MINIAODSIM/130X_mcRun3_2023_realistic_v14-v2/2550000/a0a2cdf4-ab1c-4603-950c-474440349f73.root
01-Feb-2025 18:01:13 CST  Initiating request to open file root://cmsxrootd.fnal.gov//store/mc/Run3Summer23MiniAODv4/WtoLNu-4Jets_MLNu-0to120_HT-100to400_TuneCP5_13p6TeV_madgraphMLM-pythia8/MINIAODSIM/130X_mcRun3_2023_realistic_v14-v2/2560000/9873cf41-bf6c-4495-b233-3d436aa5eb9c.root
01-Feb-2025 18:01:16 CST  Successfully opened file root://cmsxrootd.fnal.gov//store/mc/Run3Summer23MiniAODv4/WtoLNu-4Jets_MLNu-0to120_HT-100to400_TuneCP5_13p6TeV_madgraphMLM-pythia8/MINIAODSIM/130X_mcRun3_2023_realistic_v14-v2/2560000/9873cf41-bf6c-4495-b233-3d436aa5eb9c.root
01-Feb-2025 18:01:17 CST  Closed file root://cmsxrootd.fnal.gov//store/mc/Run3Summer23MiniAODv4/WtoLNu-4Jets_MLNu-0to120_HT-100to400_TuneCP5_13p6TeV_madgraphMLM-pythia8/MINIAODSIM/130X_mcRun3_2023_realistic_v14-v2/2560000/9873cf41-bf6c-4495-b233-3d436aa5eb9c.root
01-Feb-2025 18:01:17 CST  Initiating request to open file root://cmsxrootd.fnal.gov//store/mc/Run3Summer23MiniAODv4/WtoLNu-4Jets_MLNu-0to120_HT-100to400_TuneCP5_13p6TeV_madgraphMLM-pythia8/MINIAODSIM/130X_mcRun3_2023_realistic_v14-v2/2560000/46da0770-2442-4dff-856b-a7d41a824e7a.root
01-Feb-2025 18:01:19 CST  Successfully opened file root://cmsxrootd.fnal.gov//store/mc/Run3Summer23MiniAODv4/WtoLNu-4Jets_MLNu-0to120_HT-100to400_TuneCP5_13p6TeV_madgraphMLM-pythia8/MINIAODSIM/130X_mcRun3_2023_realistic_v14-v2/2560000/46da0770-2442-4dff-856b-a7d41a824e7a.root
01-Feb-2025 18:01:20 CST  Closed file root://cmsxrootd.fnal.gov//store/mc/Run3Summer23MiniAODv4/WtoLNu-4Jets_MLNu-0to120_HT-100to400_TuneCP5_13p6TeV_madgraphMLM-pythia8/MINIAODSIM/130X_mcRun3_2023_realistic_v14-v2/2560000/46da0770-2442-4dff-856b-a7d41a824e7a.root
01-Feb-2025 18:01:20 CST  Initiating request to open file root://cmsxrootd.fnal.gov//store/mc/Run3Summer23MiniAODv4/WtoLNu-4Jets_MLNu-0to120_HT-100to400_TuneCP5_13p6TeV_madgraphMLM-pythia8/MINIAODSIM/130X_mcRun3_2023_realistic_v14-v2/2550000/f915b574-ca75-42da-babc-79ec659875b3.root
01-Feb-2025 18:01:22 CST  Successfully opened file root://cmsxrootd.fnal.gov//store/mc/Run3Summer23MiniAODv4/WtoLNu-4Jets_MLNu-0to120_HT-100to400_TuneCP5_13p6TeV_madgraphMLM-pythia8/MINIAODSIM/130X_mcRun3_2023_realistic_v14-v2/2550000/f915b574-ca75-42da-babc-79ec659875b3.root
01-Feb-2025 18:01:23 CST  Closed file root://cmsxrootd.fnal.gov//store/mc/Run3Summer23MiniAODv4/WtoLNu-4Jets_MLNu-0to120_HT-100to400_TuneCP5_13p6TeV_madgraphMLM-pythia8/MINIAODSIM/130X_mcRun3_2023_realistic_v14-v2/2550000/f915b574-ca75-42da-babc-79ec659875b3.root
01-Feb-2025 18:01:23 CST  Initiating request to open file root://cmsxrootd.fnal.gov//store/mc/Run3Summer23MiniAODv4/WtoLNu-4Jets_MLNu-0to120_HT-100to400_TuneCP5_13p6TeV_madgraphMLM-pythia8/MINIAODSIM/130X_mcRun3_2023_realistic_v14-v2/2550000/a518716b-2d34-42f5-afc9-2446cae4bd5d.root
01-Feb-2025 18:01:25 CST  Successfully opened file root://cmsxrootd.fnal.gov//store/mc/Run3Summer23MiniAODv4/WtoLNu-4Jets_MLNu-0to120_HT-100to400_TuneCP5_13p6TeV_madgraphMLM-pythia8/MINIAODSIM/130X_mcRun3_2023_realistic_v14-v2/2550000/a518716b-2d34-42f5-afc9-2446cae4bd5d.root
01-Feb-2025 18:01:27 CST  Closed file root://cmsxrootd.fnal.gov//store/mc/Run3Summer23MiniAODv4/WtoLNu-4Jets_MLNu-0to120_HT-100to400_TuneCP5_13p6TeV_madgraphMLM-pythia8/MINIAODSIM/130X_mcRun3_2023_realistic_v14-v2/2550000/a518716b-2d34-42f5-afc9-2446cae4bd5d.root
01-Feb-2025 18:01:27 CST  Initiating request to open file root://cmsxrootd.fnal.gov//store/mc/Run3Summer23MiniAODv4/WtoLNu-4Jets_MLNu-0to120_HT-100to400_TuneCP5_13p6TeV_madgraphMLM-pythia8/MINIAODSIM/130X_mcRun3_2023_realistic_v14-v2/2560000/bdfeacd0-73bf-47ab-8134-3c40fd537afb.root
01-Feb-2025 18:01:29 CST  Successfully opened file root://cmsxrootd.fnal.gov//store/mc/Run3Summer23MiniAODv4/WtoLNu-4Jets_MLNu-0to120_HT-100to400_TuneCP5_13p6TeV_madgraphMLM-pythia8/MINIAODSIM/130X_mcRun3_2023_realistic_v14-v2/2560000/bdfeacd0-73bf-47ab-8134-3c40fd537afb.root
01-Feb-2025 18:01:30 CST  Closed file root://cmsxrootd.fnal.gov//store/mc/Run3Summer23MiniAODv4/WtoLNu-4Jets_MLNu-0to120_HT-100to400_TuneCP5_13p6TeV_madgraphMLM-pythia8/MINIAODSIM/130X_mcRun3_2023_realistic_v14-v2/2560000/bdfeacd0-73bf-47ab-8134-3c40fd537afb.root
01-Feb-2025 18:01:30 CST  Initiating request to open file root://cmsxrootd.fnal.gov//store/mc/Run3Summer23MiniAODv4/WtoLNu-4Jets_MLNu-0to120_HT-100to400_TuneCP5_13p6TeV_madgraphMLM-pythia8/MINIAODSIM/130X_mcRun3_2023_realistic_v14-v2/2560000/95125f08-dc9e-4bf1-8312-70aa635923cb.root
01-Feb-2025 18:01:32 CST  Successfully opened file root://cmsxrootd.fnal.gov//store/mc/Run3Summer23MiniAODv4/WtoLNu-4Jets_MLNu-0to120_HT-100to400_TuneCP5_13p6TeV_madgraphMLM-pythia8/MINIAODSIM/130X_mcRun3_2023_realistic_v14-v2/2560000/95125f08-dc9e-4bf1-8312-70aa635923cb.root
01-Feb-2025 18:01:34 CST  Closed file root://cmsxrootd.fnal.gov//store/mc/Run3Summer23MiniAODv4/WtoLNu-4Jets_MLNu-0to120_HT-100to400_TuneCP5_13p6TeV_madgraphMLM-pythia8/MINIAODSIM/130X_mcRun3_2023_realistic_v14-v2/2560000/95125f08-dc9e-4bf1-8312-70aa635923cb.root
01-Feb-2025 18:01:34 CST  Initiating request to open file root://cmsxrootd.fnal.gov//store/mc/Run3Summer23MiniAODv4/WtoLNu-4Jets_MLNu-0to120_HT-100to400_TuneCP5_13p6TeV_madgraphMLM-pythia8/MINIAODSIM/130X_mcRun3_2023_realistic_v14-v2/2560000/68af2d5d-d19b-48ce-9369-b861a50d8d43.root
01-Feb-2025 18:01:36 CST  Successfully opened file root://cmsxrootd.fnal.gov//store/mc/Run3Summer23MiniAODv4/WtoLNu-4Jets_MLNu-0to120_HT-100to400_TuneCP5_13p6TeV_madgraphMLM-pythia8/MINIAODSIM/130X_mcRun3_2023_realistic_v14-v2/2560000/68af2d5d-d19b-48ce-9369-b861a50d8d43.root
Begin processing the 600001st record. Run 1, Event 420709133, LumiSection 52913 on stream 0 at 01-Feb-2025 18:01:37.696 CST
01-Feb-2025 18:01:38 CST  Closed file root://cmsxrootd.fnal.gov//store/mc/Run3Summer23MiniAODv4/WtoLNu-4Jets_MLNu-0to120_HT-100to400_TuneCP5_13p6TeV_madgraphMLM-pythia8/MINIAODSIM/130X_mcRun3_2023_realistic_v14-v2/2560000/68af2d5d-d19b-48ce-9369-b861a50d8d43.root
01-Feb-2025 18:01:38 CST  Initiating request to open file root://cmsxrootd.fnal.gov//store/mc/Run3Summer23MiniAODv4/WtoLNu-4Jets_MLNu-0to120_HT-100to400_TuneCP5_13p6TeV_madgraphMLM-pythia8/MINIAODSIM/130X_mcRun3_2023_realistic_v14-v2/2560000/9de9861e-b799-47e1-b97b-05b4c2010d61.root
%MSG-w XrdAdaptorInternal:  file_open 01-Feb-2025 18:01:39 CST PostProcessEvent
Failed to open file at URL root://eos-c01.cms.rcac.purdue.edu:1101//store/mc/Run3Summer23MiniAODv4/WtoLNu-4Jets_MLNu-0to120_HT-100to400_TuneCP5_13p6TeV_madgraphMLM-pythia8/MINIAODSIM/130X_mcRun3_2023_realistic_v14-v2/2560000/9de9861e-b799-47e1-b97b-05b4c2010d61.root?cap.msg=LZQstdodNHagq1gzAIYXamJo9xP8FMpFl28AEX3cCyIY4DZX/rqymaD06/1V9/8owV7bTScuADPENiREEDHR3/LbfGjjb24IKqsW+0PcyrX61ssUADCZocY0dQ2YElcX7Fek32S6DxjkM1HW/mJP5iB9zGKAkW5hanzIFJBDRiYxDAfVlhfqxsG8tIvvWfVVAYWq8O4tvz+ZPA0B+1plvV7CBUsC5/CwAM89NUKZ0Sptar+xJqHawVMARLcS59uL4GLX0R5HSMXksJVK89mSxhfsXf3Gq74redsnRNns/n7QhUr3+rbvFwK50cYyD7YnjI/kuQZmDrxCwX6qzJUI0yIJz2zvitB8AhpHYn5NSGdfs5deaDCrCkotL0VdJKZMOcRc2vFUngeB42aAMgI4zn4FQtOa5Nt3m4AGicv4DVdLRzsKoe9lHjVBhThZC4XpnhPnnQZMkdM5oQKGpZB0Tpu0D3oczhyL/qNCmsahD7Lh5nbUvTktNL1RlvXKEfa2W1lQIjt7VKbQVgKjyMGxogY1ppTtBCtjKQaP92bTC6CqyusFg82r/TzbgbtJjivdA4Daup8Cul58MWtUZkBrTl8nq905cIETVajnOE/lvG23/63uMgwUZGfel7c9jhtpayO1dYLncNbgaF2NhXHru664JJ6yhyAtezCaA9ciakbBxBE2ETa7HpXiAOiJ5lg2FOHunZ/zdbQZF2Ke63ctcCSjK6WBUdQ1XCM53Q4YA0YuPGVkzvOam/tHglJ47KS0ImzfR0A26SMgUT+t1dwPETwBnXoKKWvNeJGejsALMJ2LPlETxCekNemE6iue7epWeXT9zxkkWLE8Bkp1gzQgR+h3s/0s7tZqb/Kn+wjLoEH2u/GrodFay3xRdgFeCfkoR12NxulKTNY1WTII5npSNF0kgeoei3S56Qwc/mE1Ucs=&cap.sym=aszWoh0CI9mITkIE2ISvoOJzQY0=&eos.clientinfo=zbase64:MDAwMDAwNmZ4nBXIQQrDMAwF0avkAhUWdGXQYRLpmxja2MgWpbdPvHszrePKPiXRm7fa8vGTepWloSdM0uL8d8gRpcBha3SvTQxlj89c/ezq0Clo46WJSb+DXHelHm4BgkVmTnwDhPIm3Q==&mgm.blockchecksum=ignore&mgm.id=0301588c&mgm.logid=e042db86-e0f8-11ef-beb0-bc2411272cf6&mgm.mtime=1705866183&mgm.replicahead=0&mgm.replicaindex=0&xrdcl.requuid=4428acd9-1816-44fa-a808-2ca5e787b0bf.
%MSG
%MSG-w XrdAdaptorInternal:  file_open 01-Feb-2025 18:01:39 CST PostProcessEvent
Failed to open file at URL root://eos-c01.cms.rcac.purdue.edu:1101//store/mc/Run3Summer23MiniAODv4/WtoLNu-4Jets_MLNu-0to120_HT-100to400_TuneCP5_13p6TeV_madgraphMLM-pythia8/MINIAODSIM/130X_mcRun3_2023_realistic_v14-v2/2560000/9de9861e-b799-47e1-b97b-05b4c2010d61.root?cap.msg=LZQstdodNHagq1gzAIYXamJo9xP8FMpFl28AEX3cCyIY4DZX/rqymaD06/1V9/8owV7bTScuADPENiREEDHR3/LbfGjjb24IKqsW+0PcyrX61ssUADCZocY0dQ2YElcX7Fek32S6DxjkM1HW/mJP5iB9zGKAkW5hanzIFJBDRiYxDAfVlhfqxsG8tIvvWfVVAYWq8O4tvz+ZPA0B+1plvV7CBUsC5/CwAM89NUKZ0Sptar+xJqHawVMARLcS59uL4GLX0R5HSMXksJVK89mSxhfsXf3Gq74redsnRNns/n7QhUr3+rbvFwK50cYyD7YnjI/kuQZmDrxCwX6qzJUI0yIJz2zvitB8AhpHYn5NSGdfs5deaDCrCkotL0VdJKZMOcRc2vFUngeB42aAMgI4zn4FQtOa5Nt3m4AGicv4DVdLRzsKoe9lHjVBhThZC4XpnhPnnQZMkdM5oQKGpZB0Tpu0D3oczhyL/qNCmsahD7Lh5nbUvTktNL1RlvXKEfa2W1lQIjt7VKbQVgKjyMGxogY1ppTtBCtjKQaP92bTC6CqyusFg82r/TzbgbtJjivdA4Daup8Cul58MWtUZkBrTl8nq905cIETVajnOE/lvG23/63uMgwUZGfel7c9jhtpayO1dYLncNbgaF2NhXHru664JJ6yhyAtezCaA9ciakbBxBE2ETa7HpXiAOiJ5lg2FOHunZ/zdbQZF2Ke63ctcCSjK6WBUdQ1XCM53Q4YA0YuPGVkzvOam/tHglJ47KS0ImzfR0A26SMgUT+t1dwPETwBnXoKKWvNeJGejsALMJ2LPlETxCekNemE6iue7epWeXT9zxkkWLE8Bkp1gzQgR+h3s/0s7tZqb/Kn+wjLoEH2u/GrodFay3xRdgFeCfkoR12NxulKTNY1WTII5npSNF0kgeoei3S56Qwc/mE1Ucs=&cap.sym=aszWoh0CI9mITkIE2ISvoOJzQY0=&eos.clientinfo=zbase64:MDAwMDAwNmZ4nBXIUQrEIAxF0a3MBhqU+RgQspg2eVKhrRINZXbf+nfurQ1XssGBvr9PqWm7uVx5qssO5TA5/g28ec4w6BzNSmVFXv0Ys99dDDIYtS8SIsnZyWQVam7qIKinGEN8AIblJuI=&mgm.blockchecksum=ignore&mgm.id=0301588c&mgm.logid=e04dcc62-e0f8-11ef-beb0-bc2411272cf6&mgm.mtime=1705866183&mgm.replicahead=0&mgm.replicaindex=0&tried=&xrdcl.requuid=6ccdc0af-a32e-46b1-bd2c-dd9d7760b779.
%MSG
%MSG-w RootInputFileSequence:  AfterFile 01-Feb-2025 18:01:39 CST  PostProcessEvent
Input file: root://cmsxrootd.fnal.gov//store/mc/Run3Summer23MiniAODv4/WtoLNu-4Jets_MLNu-0to120_HT-100to400_TuneCP5_13p6TeV_madgraphMLM-pythia8/MINIAODSIM/130X_mcRun3_2023_realistic_v14-v2/2560000/9de9861e-b799-47e1-b97b-05b4c2010d61.root was not found or could not be opened, and will be skipped.

%MSG
01-Feb-2025 18:01:39 CST  Initiating request to open file root://cmsxrootd.fnal.gov//store/mc/Run3Summer23MiniAODv4/WtoLNu-4Jets_MLNu-0to120_HT-100to400_TuneCP5_13p6TeV_madgraphMLM-pythia8/MINIAODSIM/130X_mcRun3_2023_realistic_v14-v2/2560000/287a3893-8e00-49f9-a342-445aec350109.root
01-Feb-2025 18:01:41 CST  Successfully opened file root://cmsxrootd.fnal.gov//store/mc/Run3Summer23MiniAODv4/WtoLNu-4Jets_MLNu-0to120_HT-100to400_TuneCP5_13p6TeV_madgraphMLM-pythia8/MINIAODSIM/130X_mcRun3_2023_realistic_v14-v2/2560000/287a3893-8e00-49f9-a342-445aec350109.root
01-Feb-2025 18:01:44 CST  Closed file root://cmsxrootd.fnal.gov//store/mc/Run3Summer23MiniAODv4/WtoLNu-4Jets_MLNu-0to120_HT-100to400_TuneCP5_13p6TeV_madgraphMLM-pythia8/MINIAODSIM/130X_mcRun3_2023_realistic_v14-v2/2560000/287a3893-8e00-49f9-a342-445aec350109.root
01-Feb-2025 18:01:44 CST  Initiating request to open file root://cmsxrootd.fnal.gov//store/mc/Run3Summer23MiniAODv4/WtoLNu-4Jets_MLNu-0to120_HT-100to400_TuneCP5_13p6TeV_madgraphMLM-pythia8/MINIAODSIM/130X_mcRun3_2023_realistic_v14-v2/2560000/ce4d05a0-bca2-48f9-b1dc-ec20bf740749.root
01-Feb-2025 18:01:46 CST  Successfully opened file root://cmsxrootd.fnal.gov//store/mc/Run3Summer23MiniAODv4/WtoLNu-4Jets_MLNu-0to120_HT-100to400_TuneCP5_13p6TeV_madgraphMLM-pythia8/MINIAODSIM/130X_mcRun3_2023_realistic_v14-v2/2560000/ce4d05a0-bca2-48f9-b1dc-ec20bf740749.root
01-Feb-2025 18:01:47 CST  Closed file root://cmsxrootd.fnal.gov//store/mc/Run3Summer23MiniAODv4/WtoLNu-4Jets_MLNu-0to120_HT-100to400_TuneCP5_13p6TeV_madgraphMLM-pythia8/MINIAODSIM/130X_mcRun3_2023_realistic_v14-v2/2560000/ce4d05a0-bca2-48f9-b1dc-ec20bf740749.root
01-Feb-2025 18:01:47 CST  Initiating request to open file root://cmsxrootd.fnal.gov//store/mc/Run3Summer23MiniAODv4/WtoLNu-4Jets_MLNu-0to120_HT-100to400_TuneCP5_13p6TeV_madgraphMLM-pythia8/MINIAODSIM/130X_mcRun3_2023_realistic_v14-v2/2560000/ce970161-574d-4516-a6f1-a7297e576a87.root
01-Feb-2025 18:01:50 CST  Successfully opened file root://cmsxrootd.fnal.gov//store/mc/Run3Summer23MiniAODv4/WtoLNu-4Jets_MLNu-0to120_HT-100to400_TuneCP5_13p6TeV_madgraphMLM-pythia8/MINIAODSIM/130X_mcRun3_2023_realistic_v14-v2/2560000/ce970161-574d-4516-a6f1-a7297e576a87.root
01-Feb-2025 18:01:54 CST  Closed file root://cmsxrootd.fnal.gov//store/mc/Run3Summer23MiniAODv4/WtoLNu-4Jets_MLNu-0to120_HT-100to400_TuneCP5_13p6TeV_madgraphMLM-pythia8/MINIAODSIM/130X_mcRun3_2023_realistic_v14-v2/2560000/ce970161-574d-4516-a6f1-a7297e576a87.root
01-Feb-2025 18:01:54 CST  Initiating request to open file root://cmsxrootd.fnal.gov//store/mc/Run3Summer23MiniAODv4/WtoLNu-4Jets_MLNu-0to120_HT-100to400_TuneCP5_13p6TeV_madgraphMLM-pythia8/MINIAODSIM/130X_mcRun3_2023_realistic_v14-v2/2560000/e09da62a-c973-4466-aeaa-3f1fa808cd04.root
01-Feb-2025 18:01:56 CST  Successfully opened file root://cmsxrootd.fnal.gov//store/mc/Run3Summer23MiniAODv4/WtoLNu-4Jets_MLNu-0to120_HT-100to400_TuneCP5_13p6TeV_madgraphMLM-pythia8/MINIAODSIM/130X_mcRun3_2023_realistic_v14-v2/2560000/e09da62a-c973-4466-aeaa-3f1fa808cd04.root
Begin processing the 700001st record. Run 1, Event 425241871, LumiSection 53483 on stream 0 at 01-Feb-2025 18:02:00.096 CST
01-Feb-2025 18:02:00 CST  Closed file root://cmsxrootd.fnal.gov//store/mc/Run3Summer23MiniAODv4/WtoLNu-4Jets_MLNu-0to120_HT-100to400_TuneCP5_13p6TeV_madgraphMLM-pythia8/MINIAODSIM/130X_mcRun3_2023_realistic_v14-v2/2560000/e09da62a-c973-4466-aeaa-3f1fa808cd04.root
01-Feb-2025 18:02:00 CST  Initiating request to open file root://cmsxrootd.fnal.gov//store/mc/Run3Summer23MiniAODv4/WtoLNu-4Jets_MLNu-0to120_HT-100to400_TuneCP5_13p6TeV_madgraphMLM-pythia8/MINIAODSIM/130X_mcRun3_2023_realistic_v14-v2/2560000/321151be-04bf-47fc-b956-979e424d60cd.root
01-Feb-2025 18:02:02 CST  Successfully opened file root://cmsxrootd.fnal.gov//store/mc/Run3Summer23MiniAODv4/WtoLNu-4Jets_MLNu-0to120_HT-100to400_TuneCP5_13p6TeV_madgraphMLM-pythia8/MINIAODSIM/130X_mcRun3_2023_realistic_v14-v2/2560000/321151be-04bf-47fc-b956-979e424d60cd.root
01-Feb-2025 18:02:03 CST  Closed file root://cmsxrootd.fnal.gov//store/mc/Run3Summer23MiniAODv4/WtoLNu-4Jets_MLNu-0to120_HT-100to400_TuneCP5_13p6TeV_madgraphMLM-pythia8/MINIAODSIM/130X_mcRun3_2023_realistic_v14-v2/2560000/321151be-04bf-47fc-b956-979e424d60cd.root
01-Feb-2025 18:02:03 CST  Initiating request to open file root://cmsxrootd.fnal.gov//store/mc/Run3Summer23MiniAODv4/WtoLNu-4Jets_MLNu-0to120_HT-100to400_TuneCP5_13p6TeV_madgraphMLM-pythia8/MINIAODSIM/130X_mcRun3_2023_realistic_v14-v2/2560000/e5f6ad79-e57e-4ffe-8864-e73a6a4953e5.root
01-Feb-2025 18:02:05 CST  Successfully opened file root://cmsxrootd.fnal.gov//store/mc/Run3Summer23MiniAODv4/WtoLNu-4Jets_MLNu-0to120_HT-100to400_TuneCP5_13p6TeV_madgraphMLM-pythia8/MINIAODSIM/130X_mcRun3_2023_realistic_v14-v2/2560000/e5f6ad79-e57e-4ffe-8864-e73a6a4953e5.root
01-Feb-2025 18:02:07 CST  Closed file root://cmsxrootd.fnal.gov//store/mc/Run3Summer23MiniAODv4/WtoLNu-4Jets_MLNu-0to120_HT-100to400_TuneCP5_13p6TeV_madgraphMLM-pythia8/MINIAODSIM/130X_mcRun3_2023_realistic_v14-v2/2560000/e5f6ad79-e57e-4ffe-8864-e73a6a4953e5.root
01-Feb-2025 18:02:07 CST  Initiating request to open file root://cmsxrootd.fnal.gov//store/mc/Run3Summer23MiniAODv4/WtoLNu-4Jets_MLNu-0to120_HT-100to400_TuneCP5_13p6TeV_madgraphMLM-pythia8/MINIAODSIM/130X_mcRun3_2023_realistic_v14-v2/2560000/4c82c570-0862-47dd-9148-7ef505610838.root
01-Feb-2025 18:02:09 CST  Successfully opened file root://cmsxrootd.fnal.gov//store/mc/Run3Summer23MiniAODv4/WtoLNu-4Jets_MLNu-0to120_HT-100to400_TuneCP5_13p6TeV_madgraphMLM-pythia8/MINIAODSIM/130X_mcRun3_2023_realistic_v14-v2/2560000/4c82c570-0862-47dd-9148-7ef505610838.root
01-Feb-2025 18:02:10 CST  Closed file root://cmsxrootd.fnal.gov//store/mc/Run3Summer23MiniAODv4/WtoLNu-4Jets_MLNu-0to120_HT-100to400_TuneCP5_13p6TeV_madgraphMLM-pythia8/MINIAODSIM/130X_mcRun3_2023_realistic_v14-v2/2560000/4c82c570-0862-47dd-9148-7ef505610838.root
01-Feb-2025 18:02:10 CST  Initiating request to open file root://cmsxrootd.fnal.gov//store/mc/Run3Summer23MiniAODv4/WtoLNu-4Jets_MLNu-0to120_HT-100to400_TuneCP5_13p6TeV_madgraphMLM-pythia8/MINIAODSIM/130X_mcRun3_2023_realistic_v14-v2/2560000/d89c5d4e-5120-45c3-870f-3f0533861711.root
01-Feb-2025 18:02:12 CST  Successfully opened file root://cmsxrootd.fnal.gov//store/mc/Run3Summer23MiniAODv4/WtoLNu-4Jets_MLNu-0to120_HT-100to400_TuneCP5_13p6TeV_madgraphMLM-pythia8/MINIAODSIM/130X_mcRun3_2023_realistic_v14-v2/2560000/d89c5d4e-5120-45c3-870f-3f0533861711.root
01-Feb-2025 18:02:13 CST  Closed file root://cmsxrootd.fnal.gov//store/mc/Run3Summer23MiniAODv4/WtoLNu-4Jets_MLNu-0to120_HT-100to400_TuneCP5_13p6TeV_madgraphMLM-pythia8/MINIAODSIM/130X_mcRun3_2023_realistic_v14-v2/2560000/d89c5d4e-5120-45c3-870f-3f0533861711.root
01-Feb-2025 18:02:13 CST  Initiating request to open file root://cmsxrootd.fnal.gov//store/mc/Run3Summer23MiniAODv4/WtoLNu-4Jets_MLNu-0to120_HT-100to400_TuneCP5_13p6TeV_madgraphMLM-pythia8/MINIAODSIM/130X_mcRun3_2023_realistic_v14-v2/2560000/a7e1c4c9-2cae-4c7f-ac27-87a3e5212d50.root
01-Feb-2025 18:02:15 CST  Successfully opened file root://cmsxrootd.fnal.gov//store/mc/Run3Summer23MiniAODv4/WtoLNu-4Jets_MLNu-0to120_HT-100to400_TuneCP5_13p6TeV_madgraphMLM-pythia8/MINIAODSIM/130X_mcRun3_2023_realistic_v14-v2/2560000/a7e1c4c9-2cae-4c7f-ac27-87a3e5212d50.root
Begin processing the 800001st record. Run 1, Event 104815484, LumiSection 13183 on stream 0 at 01-Feb-2025 18:02:17.718 CST
01-Feb-2025 18:02:18 CST  Closed file root://cmsxrootd.fnal.gov//store/mc/Run3Summer23MiniAODv4/WtoLNu-4Jets_MLNu-0to120_HT-100to400_TuneCP5_13p6TeV_madgraphMLM-pythia8/MINIAODSIM/130X_mcRun3_2023_realistic_v14-v2/2560000/a7e1c4c9-2cae-4c7f-ac27-87a3e5212d50.root
01-Feb-2025 18:02:18 CST  Initiating request to open file root://cmsxrootd.fnal.gov//store/mc/Run3Summer23MiniAODv4/WtoLNu-4Jets_MLNu-0to120_HT-100to400_TuneCP5_13p6TeV_madgraphMLM-pythia8/MINIAODSIM/130X_mcRun3_2023_realistic_v14-v2/2560000/b7edc2ae-9ae4-475c-a925-36f40a534c09.root
01-Feb-2025 18:02:20 CST  Successfully opened file root://cmsxrootd.fnal.gov//store/mc/Run3Summer23MiniAODv4/WtoLNu-4Jets_MLNu-0to120_HT-100to400_TuneCP5_13p6TeV_madgraphMLM-pythia8/MINIAODSIM/130X_mcRun3_2023_realistic_v14-v2/2560000/b7edc2ae-9ae4-475c-a925-36f40a534c09.root
01-Feb-2025 18:02:22 CST  Closed file root://cmsxrootd.fnal.gov//store/mc/Run3Summer23MiniAODv4/WtoLNu-4Jets_MLNu-0to120_HT-100to400_TuneCP5_13p6TeV_madgraphMLM-pythia8/MINIAODSIM/130X_mcRun3_2023_realistic_v14-v2/2560000/b7edc2ae-9ae4-475c-a925-36f40a534c09.root
01-Feb-2025 18:02:22 CST  Initiating request to open file root://cmsxrootd.fnal.gov//store/mc/Run3Summer23MiniAODv4/WtoLNu-4Jets_MLNu-0to120_HT-100to400_TuneCP5_13p6TeV_madgraphMLM-pythia8/MINIAODSIM/130X_mcRun3_2023_realistic_v14-v2/2560000/2601b6e3-11b2-446f-891d-d2f4c92b98a2.root
01-Feb-2025 18:02:24 CST  Successfully opened file root://cmsxrootd.fnal.gov//store/mc/Run3Summer23MiniAODv4/WtoLNu-4Jets_MLNu-0to120_HT-100to400_TuneCP5_13p6TeV_madgraphMLM-pythia8/MINIAODSIM/130X_mcRun3_2023_realistic_v14-v2/2560000/2601b6e3-11b2-446f-891d-d2f4c92b98a2.root
Begin processing the 900001st record. Run 1, Event 168312619, LumiSection 21169 on stream 0 at 01-Feb-2025 18:02:26.045 CST
01-Feb-2025 18:02:26 CST  Closed file root://cmsxrootd.fnal.gov//store/mc/Run3Summer23MiniAODv4/WtoLNu-4Jets_MLNu-0to120_HT-100to400_TuneCP5_13p6TeV_madgraphMLM-pythia8/MINIAODSIM/130X_mcRun3_2023_realistic_v14-v2/2560000/2601b6e3-11b2-446f-891d-d2f4c92b98a2.root
01-Feb-2025 18:02:26 CST  Initiating request to open file root://cmsxrootd.fnal.gov//store/mc/Run3Summer23MiniAODv4/WtoLNu-4Jets_MLNu-0to120_HT-100to400_TuneCP5_13p6TeV_madgraphMLM-pythia8/MINIAODSIM/130X_mcRun3_2023_realistic_v14-v2/2560000/496c0f59-ee0e-481e-8080-c71244bc99bc.root
01-Feb-2025 18:02:28 CST  Successfully opened file root://cmsxrootd.fnal.gov//store/mc/Run3Summer23MiniAODv4/WtoLNu-4Jets_MLNu-0to120_HT-100to400_TuneCP5_13p6TeV_madgraphMLM-pythia8/MINIAODSIM/130X_mcRun3_2023_realistic_v14-v2/2560000/496c0f59-ee0e-481e-8080-c71244bc99bc.root
01-Feb-2025 18:02:30 CST  Closed file root://cmsxrootd.fnal.gov//store/mc/Run3Summer23MiniAODv4/WtoLNu-4Jets_MLNu-0to120_HT-100to400_TuneCP5_13p6TeV_madgraphMLM-pythia8/MINIAODSIM/130X_mcRun3_2023_realistic_v14-v2/2560000/496c0f59-ee0e-481e-8080-c71244bc99bc.root
01-Feb-2025 18:02:30 CST  Initiating request to open file root://cmsxrootd.fnal.gov//store/mc/Run3Summer23MiniAODv4/WtoLNu-4Jets_MLNu-0to120_HT-100to400_TuneCP5_13p6TeV_madgraphMLM-pythia8/MINIAODSIM/130X_mcRun3_2023_realistic_v14-v2/2560000/21bed3ea-76ed-4990-bdba-1b1b194bc03f.root
01-Feb-2025 18:02:32 CST  Successfully opened file root://cmsxrootd.fnal.gov//store/mc/Run3Summer23MiniAODv4/WtoLNu-4Jets_MLNu-0to120_HT-100to400_TuneCP5_13p6TeV_madgraphMLM-pythia8/MINIAODSIM/130X_mcRun3_2023_realistic_v14-v2/2560000/21bed3ea-76ed-4990-bdba-1b1b194bc03f.root
01-Feb-2025 18:02:34 CST  Closed file root://cmsxrootd.fnal.gov//store/mc/Run3Summer23MiniAODv4/WtoLNu-4Jets_MLNu-0to120_HT-100to400_TuneCP5_13p6TeV_madgraphMLM-pythia8/MINIAODSIM/130X_mcRun3_2023_realistic_v14-v2/2560000/21bed3ea-76ed-4990-bdba-1b1b194bc03f.root
01-Feb-2025 18:02:34 CST  Initiating request to open file root://cmsxrootd.fnal.gov//store/mc/Run3Summer23MiniAODv4/WtoLNu-4Jets_MLNu-0to120_HT-100to400_TuneCP5_13p6TeV_madgraphMLM-pythia8/MINIAODSIM/130X_mcRun3_2023_realistic_v14-v2/2560000/198c5ac1-8f0e-48d5-b22e-c98f5ec34418.root
01-Feb-2025 18:02:36 CST  Successfully opened file root://cmsxrootd.fnal.gov//store/mc/Run3Summer23MiniAODv4/WtoLNu-4Jets_MLNu-0to120_HT-100to400_TuneCP5_13p6TeV_madgraphMLM-pythia8/MINIAODSIM/130X_mcRun3_2023_realistic_v14-v2/2560000/198c5ac1-8f0e-48d5-b22e-c98f5ec34418.root
   2029.370000      8.935400  13343.670000             9
   3035.880000     11.995200  13343.670000             8
   2057.350000      9.907450  13343.670000             7
   2979.370000     13.513800  13343.670000             6
   1098.530000      9.302060  13343.670000             5
   1608.730000     11.746300  13343.670000             4
    198.155000      3.924850  13343.670000             3
    286.950000      5.058710  13343.670000             2
 
01-Feb-2025 18:02:38 CST  Closed file root://cmsxrootd.fnal.gov//store/mc/Run3Summer23MiniAODv4/WtoLNu-4Jets_MLNu-0to120_HT-100to400_TuneCP5_13p6TeV_madgraphMLM-pythia8/MINIAODSIM/130X_mcRun3_2023_realistic_v14-v2/2560000/198c5ac1-8f0e-48d5-b22e-c98f5ec34418.root

------------------------------------
GenXsecAnalyzer:
------------------------------------
-------------------------------------------------------------------------------------------------------------------------------------------------------------------------- 
Overall cross-section summary 
--------------------------------------------------------------------------------------------------------------------------------------------------------------------------
Process		xsec_before [pb]		passed	nposw	nnegw	tried	nposw	nnegw 	xsec_match [pb]			accepted [%]	 event_eff [%]
0		2.871e+02 +/- 1.095e-01		52114	52114	0	171455	171455	0	8.727e+01 +/- 3.207e-01		30.4 +/- 0.1	30.4 +/- 0.1
1		1.968e+02 +/- 8.985e-02		36495	36495	0	117594	117594	0	6.108e+01 +/- 2.670e-01		31.0 +/- 0.1	31.0 +/- 0.1
2		1.593e+03 +/- 2.507e-01		210418	210418	0	947280	947280	0	3.538e+02 +/- 6.825e-01		22.2 +/- 0.0	22.2 +/- 0.0
3		1.102e+03 +/- 2.008e-01		153897	153897	0	660547	660547	0	2.567e+02 +/- 5.751e-01		23.3 +/- 0.1	23.3 +/- 0.1
4		2.989e+03 +/- 2.926e-01		193105	193105	0	1831254	1831254	0	3.152e+02 +/- 6.791e-01		10.5 +/- 0.0	10.5 +/- 0.0
5		2.048e+03 +/- 2.219e-01		140813	140813	0	1278047	1278047	0	2.256e+02 +/- 5.676e-01		11.0 +/- 0.0	11.0 +/- 0.0
6		3.051e+03 +/- 2.557e-01		127121	127121	0	1879332	1879332	0	2.063e+02 +/- 5.591e-01		6.8 +/- 0.0	6.8 +/- 0.0
7		2.048e+03 +/- 1.961e-01		86939	86939	0	1256315	1256315	0	1.417e+02 +/- 4.639e-01		6.9 +/- 0.0	6.9 +/- 0.0
-------------------------------------------------------------------------------------------------------------------------------------------------------------------------- 
Total		1.331e+04 +/- 6.016e-01		1000902	1000902	0	8141824	8141824	0	1.637e+03 +/- 1.534e+00		12.3 +/- 0.0	12.3 +/- 0.0
--------------------------------------------------------------------------------------------------------------------------------------------------------------------------
Before matching: total cross section = 1.331e+04 +- 6.016e-01 pb
After matching: total cross section = 1.637e+03 +- 1.534e+00 pb
Matching efficiency = 0.1 +/- 0.0   [TO BE USED IN MCM]
Filter efficiency (taking into account weights)= (1.33272e+10) / (1.33272e+10) = 1.000e+00 +- 0.000e+00
Filter efficiency (event-level)= (1.0009e+06) / (1.0009e+06) = 1.000e+00 +- 0.000e+00    [TO BE USED IN MCM]

After filter: final cross section = 1.637e+03 +- 1.534e+00 pb
After filter: final fraction of events with negative weights = 0.000e+00 +- 0.000e+00
After filter: final equivalent lumi for 1M events (1/fb) = 6.110e-01 +- 8.374e-04
