01-Feb-2025 18:21:18 CST  Initiating request to open file root://cmsxrootd.fnal.gov//store/mc/Run3Summer23MiniAODv4/WtoLNu-4Jets_MLNu-0to120_HT-800to1500_TuneCP5_13p6TeV_madgraphMLM-pythia8/MINIAODSIM/130X_mcRun3_2023_realistic_v15-v5/2520000/ee22b79a-3284-428a-810b-b513002d544d.root
01-Feb-2025 18:21:22 CST  Successfully opened file root://cmsxrootd.fnal.gov//store/mc/Run3Summer23MiniAODv4/WtoLNu-4Jets_MLNu-0to120_HT-800to1500_TuneCP5_13p6TeV_madgraphMLM-pythia8/MINIAODSIM/130X_mcRun3_2023_realistic_v15-v5/2520000/ee22b79a-3284-428a-810b-b513002d544d.root
%MSG-w XrdAdaptorLvl3:  source 01-Feb-2025 18:21:26 CST PreSource
Deactivating cmsio5.rc.ufl.edu from active sources because its quality (482) is higher than 260 and 4 times larger than the other active server cmsio10.rc.ufl.edu (112) 
%MSG
Begin processing the 1st record. Run 1, Event 3870144, LumiSection 363 on stream 0 at 01-Feb-2025 18:21:27.224 CST
01-Feb-2025 18:21:27 CST  Closed file root://cmsxrootd.fnal.gov//store/mc/Run3Summer23MiniAODv4/WtoLNu-4Jets_MLNu-0to120_HT-800to1500_TuneCP5_13p6TeV_madgraphMLM-pythia8/MINIAODSIM/130X_mcRun3_2023_realistic_v15-v5/2520000/ee22b79a-3284-428a-810b-b513002d544d.root
01-Feb-2025 18:21:27 CST  Initiating request to open file root://cmsxrootd.fnal.gov//store/mc/Run3Summer23MiniAODv4/WtoLNu-4Jets_MLNu-0to120_HT-800to1500_TuneCP5_13p6TeV_madgraphMLM-pythia8/MINIAODSIM/130X_mcRun3_2023_realistic_v15-v5/2520000/d426125a-6cd7-449b-8984-b2069b8475fc.root
01-Feb-2025 18:21:30 CST  Successfully opened file root://cmsxrootd.fnal.gov//store/mc/Run3Summer23MiniAODv4/WtoLNu-4Jets_MLNu-0to120_HT-800to1500_TuneCP5_13p6TeV_madgraphMLM-pythia8/MINIAODSIM/130X_mcRun3_2023_realistic_v15-v5/2520000/d426125a-6cd7-449b-8984-b2069b8475fc.root
01-Feb-2025 18:21:33 CST  Closed file root://cmsxrootd.fnal.gov//store/mc/Run3Summer23MiniAODv4/WtoLNu-4Jets_MLNu-0to120_HT-800to1500_TuneCP5_13p6TeV_madgraphMLM-pythia8/MINIAODSIM/130X_mcRun3_2023_realistic_v15-v5/2520000/d426125a-6cd7-449b-8984-b2069b8475fc.root
01-Feb-2025 18:21:33 CST  Initiating request to open file root://cmsxrootd.fnal.gov//store/mc/Run3Summer23MiniAODv4/WtoLNu-4Jets_MLNu-0to120_HT-800to1500_TuneCP5_13p6TeV_madgraphMLM-pythia8/MINIAODSIM/130X_mcRun3_2023_realistic_v15-v5/2520000/ce5a509d-1ba3-4181-9220-613550a9ab14.root
01-Feb-2025 18:21:35 CST  Successfully opened file root://cmsxrootd.fnal.gov//store/mc/Run3Summer23MiniAODv4/WtoLNu-4Jets_MLNu-0to120_HT-800to1500_TuneCP5_13p6TeV_madgraphMLM-pythia8/MINIAODSIM/130X_mcRun3_2023_realistic_v15-v5/2520000/ce5a509d-1ba3-4181-9220-613550a9ab14.root
01-Feb-2025 18:21:38 CST  Closed file root://cmsxrootd.fnal.gov//store/mc/Run3Summer23MiniAODv4/WtoLNu-4Jets_MLNu-0to120_HT-800to1500_TuneCP5_13p6TeV_madgraphMLM-pythia8/MINIAODSIM/130X_mcRun3_2023_realistic_v15-v5/2520000/ce5a509d-1ba3-4181-9220-613550a9ab14.root
01-Feb-2025 18:21:38 CST  Initiating request to open file root://cmsxrootd.fnal.gov//store/mc/Run3Summer23MiniAODv4/WtoLNu-4Jets_MLNu-0to120_HT-800to1500_TuneCP5_13p6TeV_madgraphMLM-pythia8/MINIAODSIM/130X_mcRun3_2023_realistic_v15-v5/2520000/f3b36289-84be-4b51-b91b-140475e32fe4.root
01-Feb-2025 18:21:40 CST  Successfully opened file root://cmsxrootd.fnal.gov//store/mc/Run3Summer23MiniAODv4/WtoLNu-4Jets_MLNu-0to120_HT-800to1500_TuneCP5_13p6TeV_madgraphMLM-pythia8/MINIAODSIM/130X_mcRun3_2023_realistic_v15-v5/2520000/f3b36289-84be-4b51-b91b-140475e32fe4.root
01-Feb-2025 18:21:42 CST  Closed file root://cmsxrootd.fnal.gov//store/mc/Run3Summer23MiniAODv4/WtoLNu-4Jets_MLNu-0to120_HT-800to1500_TuneCP5_13p6TeV_madgraphMLM-pythia8/MINIAODSIM/130X_mcRun3_2023_realistic_v15-v5/2520000/f3b36289-84be-4b51-b91b-140475e32fe4.root
01-Feb-2025 18:21:42 CST  Initiating request to open file root://cmsxrootd.fnal.gov//store/mc/Run3Summer23MiniAODv4/WtoLNu-4Jets_MLNu-0to120_HT-800to1500_TuneCP5_13p6TeV_madgraphMLM-pythia8/MINIAODSIM/130X_mcRun3_2023_realistic_v15-v5/2520000/53fbbbf3-9912-416e-9781-f0b6d8e9f64d.root
01-Feb-2025 18:21:45 CST  Successfully opened file root://cmsxrootd.fnal.gov//store/mc/Run3Summer23MiniAODv4/WtoLNu-4Jets_MLNu-0to120_HT-800to1500_TuneCP5_13p6TeV_madgraphMLM-pythia8/MINIAODSIM/130X_mcRun3_2023_realistic_v15-v5/2520000/53fbbbf3-9912-416e-9781-f0b6d8e9f64d.root
01-Feb-2025 18:21:46 CST  Closed file root://cmsxrootd.fnal.gov//store/mc/Run3Summer23MiniAODv4/WtoLNu-4Jets_MLNu-0to120_HT-800to1500_TuneCP5_13p6TeV_madgraphMLM-pythia8/MINIAODSIM/130X_mcRun3_2023_realistic_v15-v5/2520000/53fbbbf3-9912-416e-9781-f0b6d8e9f64d.root
01-Feb-2025 18:21:46 CST  Initiating request to open file root://cmsxrootd.fnal.gov//store/mc/Run3Summer23MiniAODv4/WtoLNu-4Jets_MLNu-0to120_HT-800to1500_TuneCP5_13p6TeV_madgraphMLM-pythia8/MINIAODSIM/130X_mcRun3_2023_realistic_v15-v5/2520000/e79c977a-7ea0-457f-8cfa-ee6be675fb93.root
01-Feb-2025 18:21:50 CST  Successfully opened file root://cmsxrootd.fnal.gov//store/mc/Run3Summer23MiniAODv4/WtoLNu-4Jets_MLNu-0to120_HT-800to1500_TuneCP5_13p6TeV_madgraphMLM-pythia8/MINIAODSIM/130X_mcRun3_2023_realistic_v15-v5/2520000/e79c977a-7ea0-457f-8cfa-ee6be675fb93.root
01-Feb-2025 18:21:57 CST  Closed file root://cmsxrootd.fnal.gov//store/mc/Run3Summer23MiniAODv4/WtoLNu-4Jets_MLNu-0to120_HT-800to1500_TuneCP5_13p6TeV_madgraphMLM-pythia8/MINIAODSIM/130X_mcRun3_2023_realistic_v15-v5/2520000/e79c977a-7ea0-457f-8cfa-ee6be675fb93.root
01-Feb-2025 18:21:57 CST  Initiating request to open file root://cmsxrootd.fnal.gov//store/mc/Run3Summer23MiniAODv4/WtoLNu-4Jets_MLNu-0to120_HT-800to1500_TuneCP5_13p6TeV_madgraphMLM-pythia8/MINIAODSIM/130X_mcRun3_2023_realistic_v15-v5/2520000/6a0d9c52-f5c6-4c4a-9ec3-ef458aed8d02.root
01-Feb-2025 18:21:59 CST  Successfully opened file root://cmsxrootd.fnal.gov//store/mc/Run3Summer23MiniAODv4/WtoLNu-4Jets_MLNu-0to120_HT-800to1500_TuneCP5_13p6TeV_madgraphMLM-pythia8/MINIAODSIM/130X_mcRun3_2023_realistic_v15-v5/2520000/6a0d9c52-f5c6-4c4a-9ec3-ef458aed8d02.root
01-Feb-2025 18:22:01 CST  Closed file root://cmsxrootd.fnal.gov//store/mc/Run3Summer23MiniAODv4/WtoLNu-4Jets_MLNu-0to120_HT-800to1500_TuneCP5_13p6TeV_madgraphMLM-pythia8/MINIAODSIM/130X_mcRun3_2023_realistic_v15-v5/2520000/6a0d9c52-f5c6-4c4a-9ec3-ef458aed8d02.root
01-Feb-2025 18:22:01 CST  Initiating request to open file root://cmsxrootd.fnal.gov//store/mc/Run3Summer23MiniAODv4/WtoLNu-4Jets_MLNu-0to120_HT-800to1500_TuneCP5_13p6TeV_madgraphMLM-pythia8/MINIAODSIM/130X_mcRun3_2023_realistic_v15-v5/2520000/8a1fa490-7c50-4426-9bd6-9e4e269d6878.root
01-Feb-2025 18:22:03 CST  Successfully opened file root://cmsxrootd.fnal.gov//store/mc/Run3Summer23MiniAODv4/WtoLNu-4Jets_MLNu-0to120_HT-800to1500_TuneCP5_13p6TeV_madgraphMLM-pythia8/MINIAODSIM/130X_mcRun3_2023_realistic_v15-v5/2520000/8a1fa490-7c50-4426-9bd6-9e4e269d6878.root
01-Feb-2025 18:22:05 CST  Closed file root://cmsxrootd.fnal.gov//store/mc/Run3Summer23MiniAODv4/WtoLNu-4Jets_MLNu-0to120_HT-800to1500_TuneCP5_13p6TeV_madgraphMLM-pythia8/MINIAODSIM/130X_mcRun3_2023_realistic_v15-v5/2520000/8a1fa490-7c50-4426-9bd6-9e4e269d6878.root
01-Feb-2025 18:22:05 CST  Initiating request to open file root://cmsxrootd.fnal.gov//store/mc/Run3Summer23MiniAODv4/WtoLNu-4Jets_MLNu-0to120_HT-800to1500_TuneCP5_13p6TeV_madgraphMLM-pythia8/MINIAODSIM/130X_mcRun3_2023_realistic_v15-v5/2520000/c580eb40-5eff-4f0b-bbc9-e5c82ca88a46.root
01-Feb-2025 18:22:07 CST  Successfully opened file root://cmsxrootd.fnal.gov//store/mc/Run3Summer23MiniAODv4/WtoLNu-4Jets_MLNu-0to120_HT-800to1500_TuneCP5_13p6TeV_madgraphMLM-pythia8/MINIAODSIM/130X_mcRun3_2023_realistic_v15-v5/2520000/c580eb40-5eff-4f0b-bbc9-e5c82ca88a46.root
Begin processing the 100001st record. Run 1, Event 65460, LumiSection 7 on stream 0 at 01-Feb-2025 18:22:09.387 CST
01-Feb-2025 18:22:09 CST  Closed file root://cmsxrootd.fnal.gov//store/mc/Run3Summer23MiniAODv4/WtoLNu-4Jets_MLNu-0to120_HT-800to1500_TuneCP5_13p6TeV_madgraphMLM-pythia8/MINIAODSIM/130X_mcRun3_2023_realistic_v15-v5/2520000/c580eb40-5eff-4f0b-bbc9-e5c82ca88a46.root
01-Feb-2025 18:22:09 CST  Initiating request to open file root://cmsxrootd.fnal.gov//store/mc/Run3Summer23MiniAODv4/WtoLNu-4Jets_MLNu-0to120_HT-800to1500_TuneCP5_13p6TeV_madgraphMLM-pythia8/MINIAODSIM/130X_mcRun3_2023_realistic_v15-v5/2520000/14b0d9a5-7259-4822-ab4c-77478876c3b0.root
01-Feb-2025 18:22:11 CST  Successfully opened file root://cmsxrootd.fnal.gov//store/mc/Run3Summer23MiniAODv4/WtoLNu-4Jets_MLNu-0to120_HT-800to1500_TuneCP5_13p6TeV_madgraphMLM-pythia8/MINIAODSIM/130X_mcRun3_2023_realistic_v15-v5/2520000/14b0d9a5-7259-4822-ab4c-77478876c3b0.root
01-Feb-2025 18:22:14 CST  Closed file root://cmsxrootd.fnal.gov//store/mc/Run3Summer23MiniAODv4/WtoLNu-4Jets_MLNu-0to120_HT-800to1500_TuneCP5_13p6TeV_madgraphMLM-pythia8/MINIAODSIM/130X_mcRun3_2023_realistic_v15-v5/2520000/14b0d9a5-7259-4822-ab4c-77478876c3b0.root
01-Feb-2025 18:22:14 CST  Initiating request to open file root://cmsxrootd.fnal.gov//store/mc/Run3Summer23MiniAODv4/WtoLNu-4Jets_MLNu-0to120_HT-800to1500_TuneCP5_13p6TeV_madgraphMLM-pythia8/MINIAODSIM/130X_mcRun3_2023_realistic_v15-v5/2520000/47ebb2af-2251-4421-a4a9-c02cee3fa4b8.root
01-Feb-2025 18:22:16 CST  Successfully opened file root://cmsxrootd.fnal.gov//store/mc/Run3Summer23MiniAODv4/WtoLNu-4Jets_MLNu-0to120_HT-800to1500_TuneCP5_13p6TeV_madgraphMLM-pythia8/MINIAODSIM/130X_mcRun3_2023_realistic_v15-v5/2520000/47ebb2af-2251-4421-a4a9-c02cee3fa4b8.root
01-Feb-2025 18:22:19 CST  Closed file root://cmsxrootd.fnal.gov//store/mc/Run3Summer23MiniAODv4/WtoLNu-4Jets_MLNu-0to120_HT-800to1500_TuneCP5_13p6TeV_madgraphMLM-pythia8/MINIAODSIM/130X_mcRun3_2023_realistic_v15-v5/2520000/47ebb2af-2251-4421-a4a9-c02cee3fa4b8.root
01-Feb-2025 18:22:19 CST  Initiating request to open file root://cmsxrootd.fnal.gov//store/mc/Run3Summer23MiniAODv4/WtoLNu-4Jets_MLNu-0to120_HT-800to1500_TuneCP5_13p6TeV_madgraphMLM-pythia8/MINIAODSIM/130X_mcRun3_2023_realistic_v15-v5/2520000/663e8e39-5542-4e05-8fbd-da842a4a5de6.root
01-Feb-2025 18:22:21 CST  Successfully opened file root://cmsxrootd.fnal.gov//store/mc/Run3Summer23MiniAODv4/WtoLNu-4Jets_MLNu-0to120_HT-800to1500_TuneCP5_13p6TeV_madgraphMLM-pythia8/MINIAODSIM/130X_mcRun3_2023_realistic_v15-v5/2520000/663e8e39-5542-4e05-8fbd-da842a4a5de6.root
01-Feb-2025 18:22:24 CST  Closed file root://cmsxrootd.fnal.gov//store/mc/Run3Summer23MiniAODv4/WtoLNu-4Jets_MLNu-0to120_HT-800to1500_TuneCP5_13p6TeV_madgraphMLM-pythia8/MINIAODSIM/130X_mcRun3_2023_realistic_v15-v5/2520000/663e8e39-5542-4e05-8fbd-da842a4a5de6.root
01-Feb-2025 18:22:24 CST  Initiating request to open file root://cmsxrootd.fnal.gov//store/mc/Run3Summer23MiniAODv4/WtoLNu-4Jets_MLNu-0to120_HT-800to1500_TuneCP5_13p6TeV_madgraphMLM-pythia8/MINIAODSIM/130X_mcRun3_2023_realistic_v15-v5/2520000/9ecf1ef6-6dae-43e6-870e-362f69f90d57.root
01-Feb-2025 18:22:26 CST  Successfully opened file root://cmsxrootd.fnal.gov//store/mc/Run3Summer23MiniAODv4/WtoLNu-4Jets_MLNu-0to120_HT-800to1500_TuneCP5_13p6TeV_madgraphMLM-pythia8/MINIAODSIM/130X_mcRun3_2023_realistic_v15-v5/2520000/9ecf1ef6-6dae-43e6-870e-362f69f90d57.root
01-Feb-2025 18:22:28 CST  Closed file root://cmsxrootd.fnal.gov//store/mc/Run3Summer23MiniAODv4/WtoLNu-4Jets_MLNu-0to120_HT-800to1500_TuneCP5_13p6TeV_madgraphMLM-pythia8/MINIAODSIM/130X_mcRun3_2023_realistic_v15-v5/2520000/9ecf1ef6-6dae-43e6-870e-362f69f90d57.root
01-Feb-2025 18:22:28 CST  Initiating request to open file root://cmsxrootd.fnal.gov//store/mc/Run3Summer23MiniAODv4/WtoLNu-4Jets_MLNu-0to120_HT-800to1500_TuneCP5_13p6TeV_madgraphMLM-pythia8/MINIAODSIM/130X_mcRun3_2023_realistic_v15-v5/2520000/746d419e-8c8a-4bdd-a511-3e575d8caa4d.root
01-Feb-2025 18:22:30 CST  Successfully opened file root://cmsxrootd.fnal.gov//store/mc/Run3Summer23MiniAODv4/WtoLNu-4Jets_MLNu-0to120_HT-800to1500_TuneCP5_13p6TeV_madgraphMLM-pythia8/MINIAODSIM/130X_mcRun3_2023_realistic_v15-v5/2520000/746d419e-8c8a-4bdd-a511-3e575d8caa4d.root
Begin processing the 200001st record. Run 1, Event 12969953, LumiSection 1214 on stream 0 at 01-Feb-2025 18:22:33.000 CST
01-Feb-2025 18:22:33 CST  Closed file root://cmsxrootd.fnal.gov//store/mc/Run3Summer23MiniAODv4/WtoLNu-4Jets_MLNu-0to120_HT-800to1500_TuneCP5_13p6TeV_madgraphMLM-pythia8/MINIAODSIM/130X_mcRun3_2023_realistic_v15-v5/2520000/746d419e-8c8a-4bdd-a511-3e575d8caa4d.root
01-Feb-2025 18:22:33 CST  Initiating request to open file root://cmsxrootd.fnal.gov//store/mc/Run3Summer23MiniAODv4/WtoLNu-4Jets_MLNu-0to120_HT-800to1500_TuneCP5_13p6TeV_madgraphMLM-pythia8/MINIAODSIM/130X_mcRun3_2023_realistic_v15-v5/2520000/0bf783a8-ef42-4220-8a2d-23778c2b3553.root
01-Feb-2025 18:22:35 CST  Successfully opened file root://cmsxrootd.fnal.gov//store/mc/Run3Summer23MiniAODv4/WtoLNu-4Jets_MLNu-0to120_HT-800to1500_TuneCP5_13p6TeV_madgraphMLM-pythia8/MINIAODSIM/130X_mcRun3_2023_realistic_v15-v5/2520000/0bf783a8-ef42-4220-8a2d-23778c2b3553.root
01-Feb-2025 18:22:38 CST  Closed file root://cmsxrootd.fnal.gov//store/mc/Run3Summer23MiniAODv4/WtoLNu-4Jets_MLNu-0to120_HT-800to1500_TuneCP5_13p6TeV_madgraphMLM-pythia8/MINIAODSIM/130X_mcRun3_2023_realistic_v15-v5/2520000/0bf783a8-ef42-4220-8a2d-23778c2b3553.root
01-Feb-2025 18:22:38 CST  Initiating request to open file root://cmsxrootd.fnal.gov//store/mc/Run3Summer23MiniAODv4/WtoLNu-4Jets_MLNu-0to120_HT-800to1500_TuneCP5_13p6TeV_madgraphMLM-pythia8/MINIAODSIM/130X_mcRun3_2023_realistic_v15-v5/2520000/2529eebe-e4d4-48c5-97c6-a2fe882b2b7e.root
01-Feb-2025 18:22:40 CST  Successfully opened file root://cmsxrootd.fnal.gov//store/mc/Run3Summer23MiniAODv4/WtoLNu-4Jets_MLNu-0to120_HT-800to1500_TuneCP5_13p6TeV_madgraphMLM-pythia8/MINIAODSIM/130X_mcRun3_2023_realistic_v15-v5/2520000/2529eebe-e4d4-48c5-97c6-a2fe882b2b7e.root
01-Feb-2025 18:22:43 CST  Closed file root://cmsxrootd.fnal.gov//store/mc/Run3Summer23MiniAODv4/WtoLNu-4Jets_MLNu-0to120_HT-800to1500_TuneCP5_13p6TeV_madgraphMLM-pythia8/MINIAODSIM/130X_mcRun3_2023_realistic_v15-v5/2520000/2529eebe-e4d4-48c5-97c6-a2fe882b2b7e.root
01-Feb-2025 18:22:43 CST  Initiating request to open file root://cmsxrootd.fnal.gov//store/mc/Run3Summer23MiniAODv4/WtoLNu-4Jets_MLNu-0to120_HT-800to1500_TuneCP5_13p6TeV_madgraphMLM-pythia8/MINIAODSIM/130X_mcRun3_2023_realistic_v15-v5/2520000/f0eef7fb-8291-4b8a-8286-0737efcd608c.root
01-Feb-2025 18:22:46 CST  Successfully opened file root://cmsxrootd.fnal.gov//store/mc/Run3Summer23MiniAODv4/WtoLNu-4Jets_MLNu-0to120_HT-800to1500_TuneCP5_13p6TeV_madgraphMLM-pythia8/MINIAODSIM/130X_mcRun3_2023_realistic_v15-v5/2520000/f0eef7fb-8291-4b8a-8286-0737efcd608c.root
01-Feb-2025 18:22:47 CST  Closed file root://cmsxrootd.fnal.gov//store/mc/Run3Summer23MiniAODv4/WtoLNu-4Jets_MLNu-0to120_HT-800to1500_TuneCP5_13p6TeV_madgraphMLM-pythia8/MINIAODSIM/130X_mcRun3_2023_realistic_v15-v5/2520000/f0eef7fb-8291-4b8a-8286-0737efcd608c.root
01-Feb-2025 18:22:47 CST  Initiating request to open file root://cmsxrootd.fnal.gov//store/mc/Run3Summer23MiniAODv4/WtoLNu-4Jets_MLNu-0to120_HT-800to1500_TuneCP5_13p6TeV_madgraphMLM-pythia8/MINIAODSIM/130X_mcRun3_2023_realistic_v15-v5/2520000/6793c82f-cd40-45f2-96c2-ced8dc7cf296.root
01-Feb-2025 18:22:50 CST  Successfully opened file root://cmsxrootd.fnal.gov//store/mc/Run3Summer23MiniAODv4/WtoLNu-4Jets_MLNu-0to120_HT-800to1500_TuneCP5_13p6TeV_madgraphMLM-pythia8/MINIAODSIM/130X_mcRun3_2023_realistic_v15-v5/2520000/6793c82f-cd40-45f2-96c2-ced8dc7cf296.root
01-Feb-2025 18:22:52 CST  Closed file root://cmsxrootd.fnal.gov//store/mc/Run3Summer23MiniAODv4/WtoLNu-4Jets_MLNu-0to120_HT-800to1500_TuneCP5_13p6TeV_madgraphMLM-pythia8/MINIAODSIM/130X_mcRun3_2023_realistic_v15-v5/2520000/6793c82f-cd40-45f2-96c2-ced8dc7cf296.root
01-Feb-2025 18:22:52 CST  Initiating request to open file root://cmsxrootd.fnal.gov//store/mc/Run3Summer23MiniAODv4/WtoLNu-4Jets_MLNu-0to120_HT-800to1500_TuneCP5_13p6TeV_madgraphMLM-pythia8/MINIAODSIM/130X_mcRun3_2023_realistic_v15-v5/2520000/a68c8fd6-7b93-4f74-823b-ed3fb6645c49.root
01-Feb-2025 18:22:54 CST  Successfully opened file root://cmsxrootd.fnal.gov//store/mc/Run3Summer23MiniAODv4/WtoLNu-4Jets_MLNu-0to120_HT-800to1500_TuneCP5_13p6TeV_madgraphMLM-pythia8/MINIAODSIM/130X_mcRun3_2023_realistic_v15-v5/2520000/a68c8fd6-7b93-4f74-823b-ed3fb6645c49.root
Begin processing the 300001st record. Run 1, Event 9454892, LumiSection 885 on stream 0 at 01-Feb-2025 18:22:57.131 CST
01-Feb-2025 18:22:57 CST  Closed file root://cmsxrootd.fnal.gov//store/mc/Run3Summer23MiniAODv4/WtoLNu-4Jets_MLNu-0to120_HT-800to1500_TuneCP5_13p6TeV_madgraphMLM-pythia8/MINIAODSIM/130X_mcRun3_2023_realistic_v15-v5/2520000/a68c8fd6-7b93-4f74-823b-ed3fb6645c49.root
01-Feb-2025 18:22:57 CST  Initiating request to open file root://cmsxrootd.fnal.gov//store/mc/Run3Summer23MiniAODv4/WtoLNu-4Jets_MLNu-0to120_HT-800to1500_TuneCP5_13p6TeV_madgraphMLM-pythia8/MINIAODSIM/130X_mcRun3_2023_realistic_v15-v5/2520000/b9959d99-b665-4e63-9a55-5385015b5a7b.root
01-Feb-2025 18:22:59 CST  Successfully opened file root://cmsxrootd.fnal.gov//store/mc/Run3Summer23MiniAODv4/WtoLNu-4Jets_MLNu-0to120_HT-800to1500_TuneCP5_13p6TeV_madgraphMLM-pythia8/MINIAODSIM/130X_mcRun3_2023_realistic_v15-v5/2520000/b9959d99-b665-4e63-9a55-5385015b5a7b.root
01-Feb-2025 18:23:02 CST  Closed file root://cmsxrootd.fnal.gov//store/mc/Run3Summer23MiniAODv4/WtoLNu-4Jets_MLNu-0to120_HT-800to1500_TuneCP5_13p6TeV_madgraphMLM-pythia8/MINIAODSIM/130X_mcRun3_2023_realistic_v15-v5/2520000/b9959d99-b665-4e63-9a55-5385015b5a7b.root
01-Feb-2025 18:23:02 CST  Initiating request to open file root://cmsxrootd.fnal.gov//store/mc/Run3Summer23MiniAODv4/WtoLNu-4Jets_MLNu-0to120_HT-800to1500_TuneCP5_13p6TeV_madgraphMLM-pythia8/MINIAODSIM/130X_mcRun3_2023_realistic_v15-v5/2520000/9617695b-af32-426d-ad5e-576d04f67ed3.root
01-Feb-2025 18:23:04 CST  Successfully opened file root://cmsxrootd.fnal.gov//store/mc/Run3Summer23MiniAODv4/WtoLNu-4Jets_MLNu-0to120_HT-800to1500_TuneCP5_13p6TeV_madgraphMLM-pythia8/MINIAODSIM/130X_mcRun3_2023_realistic_v15-v5/2520000/9617695b-af32-426d-ad5e-576d04f67ed3.root
01-Feb-2025 18:23:06 CST  Closed file root://cmsxrootd.fnal.gov//store/mc/Run3Summer23MiniAODv4/WtoLNu-4Jets_MLNu-0to120_HT-800to1500_TuneCP5_13p6TeV_madgraphMLM-pythia8/MINIAODSIM/130X_mcRun3_2023_realistic_v15-v5/2520000/9617695b-af32-426d-ad5e-576d04f67ed3.root
01-Feb-2025 18:23:06 CST  Initiating request to open file root://cmsxrootd.fnal.gov//store/mc/Run3Summer23MiniAODv4/WtoLNu-4Jets_MLNu-0to120_HT-800to1500_TuneCP5_13p6TeV_madgraphMLM-pythia8/MINIAODSIM/130X_mcRun3_2023_realistic_v15-v5/2520000/c3e8bb5a-0dff-49c8-8f12-e38af2d513fa.root
01-Feb-2025 18:23:09 CST  Successfully opened file root://cmsxrootd.fnal.gov//store/mc/Run3Summer23MiniAODv4/WtoLNu-4Jets_MLNu-0to120_HT-800to1500_TuneCP5_13p6TeV_madgraphMLM-pythia8/MINIAODSIM/130X_mcRun3_2023_realistic_v15-v5/2520000/c3e8bb5a-0dff-49c8-8f12-e38af2d513fa.root
01-Feb-2025 18:23:12 CST  Closed file root://cmsxrootd.fnal.gov//store/mc/Run3Summer23MiniAODv4/WtoLNu-4Jets_MLNu-0to120_HT-800to1500_TuneCP5_13p6TeV_madgraphMLM-pythia8/MINIAODSIM/130X_mcRun3_2023_realistic_v15-v5/2520000/c3e8bb5a-0dff-49c8-8f12-e38af2d513fa.root
01-Feb-2025 18:23:12 CST  Initiating request to open file root://cmsxrootd.fnal.gov//store/mc/Run3Summer23MiniAODv4/WtoLNu-4Jets_MLNu-0to120_HT-800to1500_TuneCP5_13p6TeV_madgraphMLM-pythia8/MINIAODSIM/130X_mcRun3_2023_realistic_v15-v5/2520000/fb2cabc2-88a7-4280-9d87-7798fa385ad5.root
01-Feb-2025 18:23:14 CST  Successfully opened file root://cmsxrootd.fnal.gov//store/mc/Run3Summer23MiniAODv4/WtoLNu-4Jets_MLNu-0to120_HT-800to1500_TuneCP5_13p6TeV_madgraphMLM-pythia8/MINIAODSIM/130X_mcRun3_2023_realistic_v15-v5/2520000/fb2cabc2-88a7-4280-9d87-7798fa385ad5.root
01-Feb-2025 18:23:17 CST  Closed file root://cmsxrootd.fnal.gov//store/mc/Run3Summer23MiniAODv4/WtoLNu-4Jets_MLNu-0to120_HT-800to1500_TuneCP5_13p6TeV_madgraphMLM-pythia8/MINIAODSIM/130X_mcRun3_2023_realistic_v15-v5/2520000/fb2cabc2-88a7-4280-9d87-7798fa385ad5.root
01-Feb-2025 18:23:17 CST  Initiating request to open file root://cmsxrootd.fnal.gov//store/mc/Run3Summer23MiniAODv4/WtoLNu-4Jets_MLNu-0to120_HT-800to1500_TuneCP5_13p6TeV_madgraphMLM-pythia8/MINIAODSIM/130X_mcRun3_2023_realistic_v15-v5/2520000/9938c590-06aa-4252-88be-71a0c88b8597.root
01-Feb-2025 18:23:19 CST  Successfully opened file root://cmsxrootd.fnal.gov//store/mc/Run3Summer23MiniAODv4/WtoLNu-4Jets_MLNu-0to120_HT-800to1500_TuneCP5_13p6TeV_madgraphMLM-pythia8/MINIAODSIM/130X_mcRun3_2023_realistic_v15-v5/2520000/9938c590-06aa-4252-88be-71a0c88b8597.root
Begin processing the 400001st record. Run 1, Event 6819496, LumiSection 638 on stream 0 at 01-Feb-2025 18:23:22.238 CST
01-Feb-2025 18:23:22 CST  Closed file root://cmsxrootd.fnal.gov//store/mc/Run3Summer23MiniAODv4/WtoLNu-4Jets_MLNu-0to120_HT-800to1500_TuneCP5_13p6TeV_madgraphMLM-pythia8/MINIAODSIM/130X_mcRun3_2023_realistic_v15-v5/2520000/9938c590-06aa-4252-88be-71a0c88b8597.root
01-Feb-2025 18:23:22 CST  Initiating request to open file root://cmsxrootd.fnal.gov//store/mc/Run3Summer23MiniAODv4/WtoLNu-4Jets_MLNu-0to120_HT-800to1500_TuneCP5_13p6TeV_madgraphMLM-pythia8/MINIAODSIM/130X_mcRun3_2023_realistic_v15-v5/2520000/21332995-d591-43f1-891a-2aa49c5f5a8f.root
01-Feb-2025 18:23:25 CST  Successfully opened file root://cmsxrootd.fnal.gov//store/mc/Run3Summer23MiniAODv4/WtoLNu-4Jets_MLNu-0to120_HT-800to1500_TuneCP5_13p6TeV_madgraphMLM-pythia8/MINIAODSIM/130X_mcRun3_2023_realistic_v15-v5/2520000/21332995-d591-43f1-891a-2aa49c5f5a8f.root
01-Feb-2025 18:23:27 CST  Closed file root://cmsxrootd.fnal.gov//store/mc/Run3Summer23MiniAODv4/WtoLNu-4Jets_MLNu-0to120_HT-800to1500_TuneCP5_13p6TeV_madgraphMLM-pythia8/MINIAODSIM/130X_mcRun3_2023_realistic_v15-v5/2520000/21332995-d591-43f1-891a-2aa49c5f5a8f.root
01-Feb-2025 18:23:27 CST  Initiating request to open file root://cmsxrootd.fnal.gov//store/mc/Run3Summer23MiniAODv4/WtoLNu-4Jets_MLNu-0to120_HT-800to1500_TuneCP5_13p6TeV_madgraphMLM-pythia8/MINIAODSIM/130X_mcRun3_2023_realistic_v15-v5/2520000/855f10c2-e3a1-4d46-a3f4-b96f8db3c6b1.root
01-Feb-2025 18:23:29 CST  Successfully opened file root://cmsxrootd.fnal.gov//store/mc/Run3Summer23MiniAODv4/WtoLNu-4Jets_MLNu-0to120_HT-800to1500_TuneCP5_13p6TeV_madgraphMLM-pythia8/MINIAODSIM/130X_mcRun3_2023_realistic_v15-v5/2520000/855f10c2-e3a1-4d46-a3f4-b96f8db3c6b1.root
01-Feb-2025 18:23:32 CST  Closed file root://cmsxrootd.fnal.gov//store/mc/Run3Summer23MiniAODv4/WtoLNu-4Jets_MLNu-0to120_HT-800to1500_TuneCP5_13p6TeV_madgraphMLM-pythia8/MINIAODSIM/130X_mcRun3_2023_realistic_v15-v5/2520000/855f10c2-e3a1-4d46-a3f4-b96f8db3c6b1.root
01-Feb-2025 18:23:32 CST  Initiating request to open file root://cmsxrootd.fnal.gov//store/mc/Run3Summer23MiniAODv4/WtoLNu-4Jets_MLNu-0to120_HT-800to1500_TuneCP5_13p6TeV_madgraphMLM-pythia8/MINIAODSIM/130X_mcRun3_2023_realistic_v15-v5/2520000/db9b6aca-aaff-4df9-923b-540815b507a3.root
01-Feb-2025 18:23:35 CST  Successfully opened file root://cmsxrootd.fnal.gov//store/mc/Run3Summer23MiniAODv4/WtoLNu-4Jets_MLNu-0to120_HT-800to1500_TuneCP5_13p6TeV_madgraphMLM-pythia8/MINIAODSIM/130X_mcRun3_2023_realistic_v15-v5/2520000/db9b6aca-aaff-4df9-923b-540815b507a3.root
Begin processing the 500001st record. Run 1, Event 25256209, LumiSection 2363 on stream 0 at 01-Feb-2025 18:23:37.542 CST
01-Feb-2025 18:23:37 CST  Closed file root://cmsxrootd.fnal.gov//store/mc/Run3Summer23MiniAODv4/WtoLNu-4Jets_MLNu-0to120_HT-800to1500_TuneCP5_13p6TeV_madgraphMLM-pythia8/MINIAODSIM/130X_mcRun3_2023_realistic_v15-v5/2520000/db9b6aca-aaff-4df9-923b-540815b507a3.root
01-Feb-2025 18:23:37 CST  Initiating request to open file root://cmsxrootd.fnal.gov//store/mc/Run3Summer23MiniAODv4/WtoLNu-4Jets_MLNu-0to120_HT-800to1500_TuneCP5_13p6TeV_madgraphMLM-pythia8/MINIAODSIM/130X_mcRun3_2023_realistic_v15-v5/2520000/ad1fe923-b32e-467a-a834-63d88a2d06a1.root
01-Feb-2025 18:23:39 CST  Successfully opened file root://cmsxrootd.fnal.gov//store/mc/Run3Summer23MiniAODv4/WtoLNu-4Jets_MLNu-0to120_HT-800to1500_TuneCP5_13p6TeV_madgraphMLM-pythia8/MINIAODSIM/130X_mcRun3_2023_realistic_v15-v5/2520000/ad1fe923-b32e-467a-a834-63d88a2d06a1.root
01-Feb-2025 18:23:43 CST  Closed file root://cmsxrootd.fnal.gov//store/mc/Run3Summer23MiniAODv4/WtoLNu-4Jets_MLNu-0to120_HT-800to1500_TuneCP5_13p6TeV_madgraphMLM-pythia8/MINIAODSIM/130X_mcRun3_2023_realistic_v15-v5/2520000/ad1fe923-b32e-467a-a834-63d88a2d06a1.root
01-Feb-2025 18:23:43 CST  Initiating request to open file root://cmsxrootd.fnal.gov//store/mc/Run3Summer23MiniAODv4/WtoLNu-4Jets_MLNu-0to120_HT-800to1500_TuneCP5_13p6TeV_madgraphMLM-pythia8/MINIAODSIM/130X_mcRun3_2023_realistic_v15-v5/2520000/020f161d-1e9c-411b-b942-7ee47393fc20.root
01-Feb-2025 18:23:45 CST  Successfully opened file root://cmsxrootd.fnal.gov//store/mc/Run3Summer23MiniAODv4/WtoLNu-4Jets_MLNu-0to120_HT-800to1500_TuneCP5_13p6TeV_madgraphMLM-pythia8/MINIAODSIM/130X_mcRun3_2023_realistic_v15-v5/2520000/020f161d-1e9c-411b-b942-7ee47393fc20.root
01-Feb-2025 18:23:49 CST  Closed file root://cmsxrootd.fnal.gov//store/mc/Run3Summer23MiniAODv4/WtoLNu-4Jets_MLNu-0to120_HT-800to1500_TuneCP5_13p6TeV_madgraphMLM-pythia8/MINIAODSIM/130X_mcRun3_2023_realistic_v15-v5/2520000/020f161d-1e9c-411b-b942-7ee47393fc20.root
01-Feb-2025 18:23:49 CST  Initiating request to open file root://cmsxrootd.fnal.gov//store/mc/Run3Summer23MiniAODv4/WtoLNu-4Jets_MLNu-0to120_HT-800to1500_TuneCP5_13p6TeV_madgraphMLM-pythia8/MINIAODSIM/130X_mcRun3_2023_realistic_v15-v5/2520000/a15ecc16-3818-4f2e-8907-16f890f9191f.root
01-Feb-2025 18:23:51 CST  Successfully opened file root://cmsxrootd.fnal.gov//store/mc/Run3Summer23MiniAODv4/WtoLNu-4Jets_MLNu-0to120_HT-800to1500_TuneCP5_13p6TeV_madgraphMLM-pythia8/MINIAODSIM/130X_mcRun3_2023_realistic_v15-v5/2520000/a15ecc16-3818-4f2e-8907-16f890f9191f.root
Begin processing the 600001st record. Run 1, Event 28326187, LumiSection 2650 on stream 0 at 01-Feb-2025 18:23:54.236 CST
01-Feb-2025 18:23:54 CST  Closed file root://cmsxrootd.fnal.gov//store/mc/Run3Summer23MiniAODv4/WtoLNu-4Jets_MLNu-0to120_HT-800to1500_TuneCP5_13p6TeV_madgraphMLM-pythia8/MINIAODSIM/130X_mcRun3_2023_realistic_v15-v5/2520000/a15ecc16-3818-4f2e-8907-16f890f9191f.root
01-Feb-2025 18:23:54 CST  Initiating request to open file root://cmsxrootd.fnal.gov//store/mc/Run3Summer23MiniAODv4/WtoLNu-4Jets_MLNu-0to120_HT-800to1500_TuneCP5_13p6TeV_madgraphMLM-pythia8/MINIAODSIM/130X_mcRun3_2023_realistic_v15-v5/2520000/a84238bd-16dd-403c-8dc2-505415f15394.root
01-Feb-2025 18:23:56 CST  Successfully opened file root://cmsxrootd.fnal.gov//store/mc/Run3Summer23MiniAODv4/WtoLNu-4Jets_MLNu-0to120_HT-800to1500_TuneCP5_13p6TeV_madgraphMLM-pythia8/MINIAODSIM/130X_mcRun3_2023_realistic_v15-v5/2520000/a84238bd-16dd-403c-8dc2-505415f15394.root
01-Feb-2025 18:24:00 CST  Closed file root://cmsxrootd.fnal.gov//store/mc/Run3Summer23MiniAODv4/WtoLNu-4Jets_MLNu-0to120_HT-800to1500_TuneCP5_13p6TeV_madgraphMLM-pythia8/MINIAODSIM/130X_mcRun3_2023_realistic_v15-v5/2520000/a84238bd-16dd-403c-8dc2-505415f15394.root
01-Feb-2025 18:24:00 CST  Initiating request to open file root://cmsxrootd.fnal.gov//store/mc/Run3Summer23MiniAODv4/WtoLNu-4Jets_MLNu-0to120_HT-800to1500_TuneCP5_13p6TeV_madgraphMLM-pythia8/MINIAODSIM/130X_mcRun3_2023_realistic_v15-v5/2520000/2d88df2d-cd57-4694-ba0f-abeac73d9e53.root
01-Feb-2025 18:24:02 CST  Successfully opened file root://cmsxrootd.fnal.gov//store/mc/Run3Summer23MiniAODv4/WtoLNu-4Jets_MLNu-0to120_HT-800to1500_TuneCP5_13p6TeV_madgraphMLM-pythia8/MINIAODSIM/130X_mcRun3_2023_realistic_v15-v5/2520000/2d88df2d-cd57-4694-ba0f-abeac73d9e53.root
01-Feb-2025 18:24:04 CST  Closed file root://cmsxrootd.fnal.gov//store/mc/Run3Summer23MiniAODv4/WtoLNu-4Jets_MLNu-0to120_HT-800to1500_TuneCP5_13p6TeV_madgraphMLM-pythia8/MINIAODSIM/130X_mcRun3_2023_realistic_v15-v5/2520000/2d88df2d-cd57-4694-ba0f-abeac73d9e53.root
01-Feb-2025 18:24:04 CST  Initiating request to open file root://cmsxrootd.fnal.gov//store/mc/Run3Summer23MiniAODv4/WtoLNu-4Jets_MLNu-0to120_HT-800to1500_TuneCP5_13p6TeV_madgraphMLM-pythia8/MINIAODSIM/130X_mcRun3_2023_realistic_v15-v5/2520000/30b1e1db-26f4-4b7d-9f05-ada297020d20.root
01-Feb-2025 18:24:06 CST  Successfully opened file root://cmsxrootd.fnal.gov//store/mc/Run3Summer23MiniAODv4/WtoLNu-4Jets_MLNu-0to120_HT-800to1500_TuneCP5_13p6TeV_madgraphMLM-pythia8/MINIAODSIM/130X_mcRun3_2023_realistic_v15-v5/2520000/30b1e1db-26f4-4b7d-9f05-ada297020d20.root
01-Feb-2025 18:24:09 CST  Closed file root://cmsxrootd.fnal.gov//store/mc/Run3Summer23MiniAODv4/WtoLNu-4Jets_MLNu-0to120_HT-800to1500_TuneCP5_13p6TeV_madgraphMLM-pythia8/MINIAODSIM/130X_mcRun3_2023_realistic_v15-v5/2520000/30b1e1db-26f4-4b7d-9f05-ada297020d20.root
01-Feb-2025 18:24:09 CST  Initiating request to open file root://cmsxrootd.fnal.gov//store/mc/Run3Summer23MiniAODv4/WtoLNu-4Jets_MLNu-0to120_HT-800to1500_TuneCP5_13p6TeV_madgraphMLM-pythia8/MINIAODSIM/130X_mcRun3_2023_realistic_v15-v5/2520000/da7c2d72-dc62-4e7e-8693-91b8b561c9e7.root
01-Feb-2025 18:24:12 CST  Successfully opened file root://cmsxrootd.fnal.gov//store/mc/Run3Summer23MiniAODv4/WtoLNu-4Jets_MLNu-0to120_HT-800to1500_TuneCP5_13p6TeV_madgraphMLM-pythia8/MINIAODSIM/130X_mcRun3_2023_realistic_v15-v5/2520000/da7c2d72-dc62-4e7e-8693-91b8b561c9e7.root
Begin processing the 700001st record. Run 1, Event 24487503, LumiSection 2291 on stream 0 at 01-Feb-2025 18:24:15.954 CST
01-Feb-2025 18:24:16 CST  Closed file root://cmsxrootd.fnal.gov//store/mc/Run3Summer23MiniAODv4/WtoLNu-4Jets_MLNu-0to120_HT-800to1500_TuneCP5_13p6TeV_madgraphMLM-pythia8/MINIAODSIM/130X_mcRun3_2023_realistic_v15-v5/2520000/da7c2d72-dc62-4e7e-8693-91b8b561c9e7.root
01-Feb-2025 18:24:16 CST  Initiating request to open file root://cmsxrootd.fnal.gov//store/mc/Run3Summer23MiniAODv4/WtoLNu-4Jets_MLNu-0to120_HT-800to1500_TuneCP5_13p6TeV_madgraphMLM-pythia8/MINIAODSIM/130X_mcRun3_2023_realistic_v15-v5/2520000/03405e50-394c-474c-93d0-b4484736b26e.root
01-Feb-2025 18:24:18 CST  Successfully opened file root://cmsxrootd.fnal.gov//store/mc/Run3Summer23MiniAODv4/WtoLNu-4Jets_MLNu-0to120_HT-800to1500_TuneCP5_13p6TeV_madgraphMLM-pythia8/MINIAODSIM/130X_mcRun3_2023_realistic_v15-v5/2520000/03405e50-394c-474c-93d0-b4484736b26e.root
01-Feb-2025 18:24:22 CST  Closed file root://cmsxrootd.fnal.gov//store/mc/Run3Summer23MiniAODv4/WtoLNu-4Jets_MLNu-0to120_HT-800to1500_TuneCP5_13p6TeV_madgraphMLM-pythia8/MINIAODSIM/130X_mcRun3_2023_realistic_v15-v5/2520000/03405e50-394c-474c-93d0-b4484736b26e.root
01-Feb-2025 18:24:22 CST  Initiating request to open file root://cmsxrootd.fnal.gov//store/mc/Run3Summer23MiniAODv4/WtoLNu-4Jets_MLNu-0to120_HT-800to1500_TuneCP5_13p6TeV_madgraphMLM-pythia8/MINIAODSIM/130X_mcRun3_2023_realistic_v15-v5/2520000/d3ce0d0e-1286-4fc2-9b18-69062ea4f12e.root
01-Feb-2025 18:24:25 CST  Successfully opened file root://cmsxrootd.fnal.gov//store/mc/Run3Summer23MiniAODv4/WtoLNu-4Jets_MLNu-0to120_HT-800to1500_TuneCP5_13p6TeV_madgraphMLM-pythia8/MINIAODSIM/130X_mcRun3_2023_realistic_v15-v5/2520000/d3ce0d0e-1286-4fc2-9b18-69062ea4f12e.root
01-Feb-2025 18:24:29 CST  Closed file root://cmsxrootd.fnal.gov//store/mc/Run3Summer23MiniAODv4/WtoLNu-4Jets_MLNu-0to120_HT-800to1500_TuneCP5_13p6TeV_madgraphMLM-pythia8/MINIAODSIM/130X_mcRun3_2023_realistic_v15-v5/2520000/d3ce0d0e-1286-4fc2-9b18-69062ea4f12e.root
01-Feb-2025 18:24:29 CST  Initiating request to open file root://cmsxrootd.fnal.gov//store/mc/Run3Summer23MiniAODv4/WtoLNu-4Jets_MLNu-0to120_HT-800to1500_TuneCP5_13p6TeV_madgraphMLM-pythia8/MINIAODSIM/130X_mcRun3_2023_realistic_v15-v5/2520000/0b46228d-9345-4323-99e7-8e75b6a5751f.root
01-Feb-2025 18:24:31 CST  Successfully opened file root://cmsxrootd.fnal.gov//store/mc/Run3Summer23MiniAODv4/WtoLNu-4Jets_MLNu-0to120_HT-800to1500_TuneCP5_13p6TeV_madgraphMLM-pythia8/MINIAODSIM/130X_mcRun3_2023_realistic_v15-v5/2520000/0b46228d-9345-4323-99e7-8e75b6a5751f.root
Begin processing the 800001st record. Run 1, Event 12426793, LumiSection 1163 on stream 0 at 01-Feb-2025 18:24:34.497 CST
01-Feb-2025 18:24:34 CST  Closed file root://cmsxrootd.fnal.gov//store/mc/Run3Summer23MiniAODv4/WtoLNu-4Jets_MLNu-0to120_HT-800to1500_TuneCP5_13p6TeV_madgraphMLM-pythia8/MINIAODSIM/130X_mcRun3_2023_realistic_v15-v5/2520000/0b46228d-9345-4323-99e7-8e75b6a5751f.root
01-Feb-2025 18:24:34 CST  Initiating request to open file root://cmsxrootd.fnal.gov//store/mc/Run3Summer23MiniAODv4/WtoLNu-4Jets_MLNu-0to120_HT-800to1500_TuneCP5_13p6TeV_madgraphMLM-pythia8/MINIAODSIM/130X_mcRun3_2023_realistic_v15-v5/2520000/f98cc5cc-748f-4caf-88bb-88197a2dd445.root
01-Feb-2025 18:24:37 CST  Successfully opened file root://cmsxrootd.fnal.gov//store/mc/Run3Summer23MiniAODv4/WtoLNu-4Jets_MLNu-0to120_HT-800to1500_TuneCP5_13p6TeV_madgraphMLM-pythia8/MINIAODSIM/130X_mcRun3_2023_realistic_v15-v5/2520000/f98cc5cc-748f-4caf-88bb-88197a2dd445.root
01-Feb-2025 18:24:40 CST  Closed file root://cmsxrootd.fnal.gov//store/mc/Run3Summer23MiniAODv4/WtoLNu-4Jets_MLNu-0to120_HT-800to1500_TuneCP5_13p6TeV_madgraphMLM-pythia8/MINIAODSIM/130X_mcRun3_2023_realistic_v15-v5/2520000/f98cc5cc-748f-4caf-88bb-88197a2dd445.root
01-Feb-2025 18:24:40 CST  Initiating request to open file root://cmsxrootd.fnal.gov//store/mc/Run3Summer23MiniAODv4/WtoLNu-4Jets_MLNu-0to120_HT-800to1500_TuneCP5_13p6TeV_madgraphMLM-pythia8/MINIAODSIM/130X_mcRun3_2023_realistic_v15-v5/2520000/c6ff5c08-37cf-473c-a8ea-54c5256b3836.root
01-Feb-2025 18:24:43 CST  Successfully opened file root://cmsxrootd.fnal.gov//store/mc/Run3Summer23MiniAODv4/WtoLNu-4Jets_MLNu-0to120_HT-800to1500_TuneCP5_13p6TeV_madgraphMLM-pythia8/MINIAODSIM/130X_mcRun3_2023_realistic_v15-v5/2520000/c6ff5c08-37cf-473c-a8ea-54c5256b3836.root
01-Feb-2025 18:24:47 CST  Closed file root://cmsxrootd.fnal.gov//store/mc/Run3Summer23MiniAODv4/WtoLNu-4Jets_MLNu-0to120_HT-800to1500_TuneCP5_13p6TeV_madgraphMLM-pythia8/MINIAODSIM/130X_mcRun3_2023_realistic_v15-v5/2520000/c6ff5c08-37cf-473c-a8ea-54c5256b3836.root
01-Feb-2025 18:24:47 CST  Initiating request to open file root://cmsxrootd.fnal.gov//store/mc/Run3Summer23MiniAODv4/WtoLNu-4Jets_MLNu-0to120_HT-800to1500_TuneCP5_13p6TeV_madgraphMLM-pythia8/MINIAODSIM/130X_mcRun3_2023_realistic_v15-v5/2520000/8a2e79c8-2499-4ff2-bedc-d68d2ec83b04.root
01-Feb-2025 18:24:49 CST  Successfully opened file root://cmsxrootd.fnal.gov//store/mc/Run3Summer23MiniAODv4/WtoLNu-4Jets_MLNu-0to120_HT-800to1500_TuneCP5_13p6TeV_madgraphMLM-pythia8/MINIAODSIM/130X_mcRun3_2023_realistic_v15-v5/2520000/8a2e79c8-2499-4ff2-bedc-d68d2ec83b04.root
Begin processing the 900001st record. Run 1, Event 19589363, LumiSection 1833 on stream 0 at 01-Feb-2025 18:24:52.282 CST
01-Feb-2025 18:24:52 CST  Closed file root://cmsxrootd.fnal.gov//store/mc/Run3Summer23MiniAODv4/WtoLNu-4Jets_MLNu-0to120_HT-800to1500_TuneCP5_13p6TeV_madgraphMLM-pythia8/MINIAODSIM/130X_mcRun3_2023_realistic_v15-v5/2520000/8a2e79c8-2499-4ff2-bedc-d68d2ec83b04.root
01-Feb-2025 18:24:52 CST  Initiating request to open file root://cmsxrootd.fnal.gov//store/mc/Run3Summer23MiniAODv4/WtoLNu-4Jets_MLNu-0to120_HT-800to1500_TuneCP5_13p6TeV_madgraphMLM-pythia8/MINIAODSIM/130X_mcRun3_2023_realistic_v15-v5/2520000/056a3cfa-37b9-4f09-bee5-6ec1c490a874.root
01-Feb-2025 18:24:54 CST  Successfully opened file root://cmsxrootd.fnal.gov//store/mc/Run3Summer23MiniAODv4/WtoLNu-4Jets_MLNu-0to120_HT-800to1500_TuneCP5_13p6TeV_madgraphMLM-pythia8/MINIAODSIM/130X_mcRun3_2023_realistic_v15-v5/2520000/056a3cfa-37b9-4f09-bee5-6ec1c490a874.root
01-Feb-2025 18:24:57 CST  Closed file root://cmsxrootd.fnal.gov//store/mc/Run3Summer23MiniAODv4/WtoLNu-4Jets_MLNu-0to120_HT-800to1500_TuneCP5_13p6TeV_madgraphMLM-pythia8/MINIAODSIM/130X_mcRun3_2023_realistic_v15-v5/2520000/056a3cfa-37b9-4f09-bee5-6ec1c490a874.root
01-Feb-2025 18:24:57 CST  Initiating request to open file root://cmsxrootd.fnal.gov//store/mc/Run3Summer23MiniAODv4/WtoLNu-4Jets_MLNu-0to120_HT-800to1500_TuneCP5_13p6TeV_madgraphMLM-pythia8/MINIAODSIM/130X_mcRun3_2023_realistic_v15-v5/2520000/b212889d-fdcb-4606-a1ec-56a7c68aed7b.root
01-Feb-2025 18:24:59 CST  Successfully opened file root://cmsxrootd.fnal.gov//store/mc/Run3Summer23MiniAODv4/WtoLNu-4Jets_MLNu-0to120_HT-800to1500_TuneCP5_13p6TeV_madgraphMLM-pythia8/MINIAODSIM/130X_mcRun3_2023_realistic_v15-v5/2520000/b212889d-fdcb-4606-a1ec-56a7c68aed7b.root
01-Feb-2025 18:25:03 CST  Closed file root://cmsxrootd.fnal.gov//store/mc/Run3Summer23MiniAODv4/WtoLNu-4Jets_MLNu-0to120_HT-800to1500_TuneCP5_13p6TeV_madgraphMLM-pythia8/MINIAODSIM/130X_mcRun3_2023_realistic_v15-v5/2520000/b212889d-fdcb-4606-a1ec-56a7c68aed7b.root
01-Feb-2025 18:25:03 CST  Initiating request to open file root://cmsxrootd.fnal.gov//store/mc/Run3Summer23MiniAODv4/WtoLNu-4Jets_MLNu-0to120_HT-800to1500_TuneCP5_13p6TeV_madgraphMLM-pythia8/MINIAODSIM/130X_mcRun3_2023_realistic_v15-v5/2520000/f247ff5d-97f1-4878-aa7c-579199a8f1e3.root
01-Feb-2025 18:25:06 CST  Successfully opened file root://cmsxrootd.fnal.gov//store/mc/Run3Summer23MiniAODv4/WtoLNu-4Jets_MLNu-0to120_HT-800to1500_TuneCP5_13p6TeV_madgraphMLM-pythia8/MINIAODSIM/130X_mcRun3_2023_realistic_v15-v5/2520000/f247ff5d-97f1-4878-aa7c-579199a8f1e3.root
     16.506000      0.081029     69.439710             9
     31.799600      0.115363     69.439710             8
      6.093770      0.045142     69.439710             7
     11.443400      0.070778     69.439710             6
      1.253450      0.023489     69.439710             5
      2.238550      0.033348     69.439710             4
      0.019021      0.000598     69.439710             3
      0.032521      0.000896     69.439710             2
 
01-Feb-2025 18:25:09 CST  Closed file root://cmsxrootd.fnal.gov//store/mc/Run3Summer23MiniAODv4/WtoLNu-4Jets_MLNu-0to120_HT-800to1500_TuneCP5_13p6TeV_madgraphMLM-pythia8/MINIAODSIM/130X_mcRun3_2023_realistic_v15-v5/2520000/f247ff5d-97f1-4878-aa7c-579199a8f1e3.root

------------------------------------
GenXsecAnalyzer:
------------------------------------
-------------------------------------------------------------------------------------------------------------------------------------------------------------------------- 
Overall cross-section summary 
--------------------------------------------------------------------------------------------------------------------------------------------------------------------------
Process		xsec_before [pb]		passed	nposw	nnegw	tried	nposw	nnegw 	xsec_match [pb]			accepted [%]	 event_eff [%]
0		4.354e-02 +/- 1.781e-05		499	499	0	6711	6711	0	3.237e-03 +/- 1.394e-04		7.4 +/- 0.3	7.4 +/- 0.3
1		1.714e-02 +/- 1.125e-05		217	217	0	2949	2949	0	1.262e-03 +/- 8.243e-05		7.4 +/- 0.5	7.4 +/- 0.5
2		2.296e+00 +/- 5.093e-04		23488	23488	0	350765	350765	0	1.537e-01 +/- 9.695e-04		6.7 +/- 0.0	6.7 +/- 0.0
3		1.213e+00 +/- 3.459e-04		13490	13490	0	184473	184473	0	8.869e-02 +/- 7.356e-04		7.3 +/- 0.1	7.3 +/- 0.1
4		1.152e+01 +/- 1.062e-03		68185	68185	0	1810830	1810830	0	4.339e-01 +/- 1.631e-03		3.8 +/- 0.0	3.8 +/- 0.0
5		6.069e+00 +/- 7.139e-04		39751	39751	0	981525	981525	0	2.458e-01 +/- 1.208e-03		4.0 +/- 0.0	4.0 +/- 0.0
6		3.167e+01 +/- 1.788e-03		557941	557941	0	5124727	5124727	0	3.448e+00 +/- 4.362e-03		10.9 +/- 0.0	10.9 +/- 0.0
7		1.636e+01 +/- 1.195e-03		297127	297127	0	2635247	2635247	0	1.845e+00 +/- 3.191e-03		11.3 +/- 0.0	11.3 +/- 0.0
-------------------------------------------------------------------------------------------------------------------------------------------------------------------------- 
Total		6.919e+01 +/- 2.577e-03		1000698	1000698	0	11097227	11097227	0	6.240e+00 +/- 5.954e-03		9.0 +/- 0.0	9.0 +/- 0.0
--------------------------------------------------------------------------------------------------------------------------------------------------------------------------
Before matching: total cross section = 6.919e+01 +- 2.577e-03 pb
After matching: total cross section = 6.240e+00 +- 5.954e-03 pb
Matching efficiency = 0.1 +/- 0.0   [TO BE USED IN MCM]
Filter efficiency (taking into account weights)= (6.92533e+07) / (6.92533e+07) = 1.000e+00 +- 0.000e+00
Filter efficiency (event-level)= (1.0007e+06) / (1.0007e+06) = 1.000e+00 +- 0.000e+00    [TO BE USED IN MCM]

After filter: final cross section = 6.240e+00 +- 5.954e-03 pb
After filter: final fraction of events with negative weights = 0.000e+00 +- 0.000e+00
After filter: final equivalent lumi for 1M events (1/fb) = 1.603e+02 +- 2.215e-01
