01-Feb-2025 18:18:07 CST  Initiating request to open file root://cmsxrootd.fnal.gov//store/mc/Run3Summer23MiniAODv4/WtoLNu-4Jets_MLNu-0to120_HT-40to100_TuneCP5_13p6TeV_madgraphMLM-pythia8/MINIAODSIM/130X_mcRun3_2023_realistic_v14-v2/2540000/1199826f-7114-4ae8-a26f-731238cbf5ee.root
01-Feb-2025 18:18:26 CST  Successfully opened file root://cmsxrootd.fnal.gov//store/mc/Run3Summer23MiniAODv4/WtoLNu-4Jets_MLNu-0to120_HT-40to100_TuneCP5_13p6TeV_madgraphMLM-pythia8/MINIAODSIM/130X_mcRun3_2023_realistic_v14-v2/2540000/1199826f-7114-4ae8-a26f-731238cbf5ee.root
Begin processing the 1st record. Run 1, Event 286575718, LumiSection 52603 on stream 0 at 01-Feb-2025 18:18:28.935 CST
01-Feb-2025 18:18:29 CST  Closed file root://cmsxrootd.fnal.gov//store/mc/Run3Summer23MiniAODv4/WtoLNu-4Jets_MLNu-0to120_HT-40to100_TuneCP5_13p6TeV_madgraphMLM-pythia8/MINIAODSIM/130X_mcRun3_2023_realistic_v14-v2/2540000/1199826f-7114-4ae8-a26f-731238cbf5ee.root
01-Feb-2025 18:18:29 CST  Initiating request to open file root://cmsxrootd.fnal.gov//store/mc/Run3Summer23MiniAODv4/WtoLNu-4Jets_MLNu-0to120_HT-40to100_TuneCP5_13p6TeV_madgraphMLM-pythia8/MINIAODSIM/130X_mcRun3_2023_realistic_v14-v2/2540000/97419e34-340c-42bd-a5f9-db657dedd9fe.root
01-Feb-2025 18:18:31 CST  Successfully opened file root://cmsxrootd.fnal.gov//store/mc/Run3Summer23MiniAODv4/WtoLNu-4Jets_MLNu-0to120_HT-40to100_TuneCP5_13p6TeV_madgraphMLM-pythia8/MINIAODSIM/130X_mcRun3_2023_realistic_v14-v2/2540000/97419e34-340c-42bd-a5f9-db657dedd9fe.root
01-Feb-2025 18:18:36 CST  Closed file root://cmsxrootd.fnal.gov//store/mc/Run3Summer23MiniAODv4/WtoLNu-4Jets_MLNu-0to120_HT-40to100_TuneCP5_13p6TeV_madgraphMLM-pythia8/MINIAODSIM/130X_mcRun3_2023_realistic_v14-v2/2540000/97419e34-340c-42bd-a5f9-db657dedd9fe.root
01-Feb-2025 18:18:36 CST  Initiating request to open file root://cmsxrootd.fnal.gov//store/mc/Run3Summer23MiniAODv4/WtoLNu-4Jets_MLNu-0to120_HT-40to100_TuneCP5_13p6TeV_madgraphMLM-pythia8/MINIAODSIM/130X_mcRun3_2023_realistic_v14-v2/2540000/f8e63aff-d849-4ff8-b2f4-07ee5a8fdf0c.root
01-Feb-2025 18:18:38 CST  Successfully opened file root://cmsxrootd.fnal.gov//store/mc/Run3Summer23MiniAODv4/WtoLNu-4Jets_MLNu-0to120_HT-40to100_TuneCP5_13p6TeV_madgraphMLM-pythia8/MINIAODSIM/130X_mcRun3_2023_realistic_v14-v2/2540000/f8e63aff-d849-4ff8-b2f4-07ee5a8fdf0c.root
Begin processing the 100001st record. Run 1, Event 260687395, LumiSection 47851 on stream 0 at 01-Feb-2025 18:18:41.037 CST
01-Feb-2025 18:18:41 CST  Closed file root://cmsxrootd.fnal.gov//store/mc/Run3Summer23MiniAODv4/WtoLNu-4Jets_MLNu-0to120_HT-40to100_TuneCP5_13p6TeV_madgraphMLM-pythia8/MINIAODSIM/130X_mcRun3_2023_realistic_v14-v2/2540000/f8e63aff-d849-4ff8-b2f4-07ee5a8fdf0c.root
01-Feb-2025 18:18:41 CST  Initiating request to open file root://cmsxrootd.fnal.gov//store/mc/Run3Summer23MiniAODv4/WtoLNu-4Jets_MLNu-0to120_HT-40to100_TuneCP5_13p6TeV_madgraphMLM-pythia8/MINIAODSIM/130X_mcRun3_2023_realistic_v14-v2/2540000/36a05b12-3ded-47c5-bf8b-ff137424b71e.root
01-Feb-2025 18:18:43 CST  Successfully opened file root://cmsxrootd.fnal.gov//store/mc/Run3Summer23MiniAODv4/WtoLNu-4Jets_MLNu-0to120_HT-40to100_TuneCP5_13p6TeV_madgraphMLM-pythia8/MINIAODSIM/130X_mcRun3_2023_realistic_v14-v2/2540000/36a05b12-3ded-47c5-bf8b-ff137424b71e.root
01-Feb-2025 18:18:46 CST  Closed file root://cmsxrootd.fnal.gov//store/mc/Run3Summer23MiniAODv4/WtoLNu-4Jets_MLNu-0to120_HT-40to100_TuneCP5_13p6TeV_madgraphMLM-pythia8/MINIAODSIM/130X_mcRun3_2023_realistic_v14-v2/2540000/36a05b12-3ded-47c5-bf8b-ff137424b71e.root
01-Feb-2025 18:18:46 CST  Initiating request to open file root://cmsxrootd.fnal.gov//store/mc/Run3Summer23MiniAODv4/WtoLNu-4Jets_MLNu-0to120_HT-40to100_TuneCP5_13p6TeV_madgraphMLM-pythia8/MINIAODSIM/130X_mcRun3_2023_realistic_v14-v2/2540000/c3981e46-b1a1-40cc-a09b-9113a7da7f2d.root
01-Feb-2025 18:18:48 CST  Successfully opened file root://cmsxrootd.fnal.gov//store/mc/Run3Summer23MiniAODv4/WtoLNu-4Jets_MLNu-0to120_HT-40to100_TuneCP5_13p6TeV_madgraphMLM-pythia8/MINIAODSIM/130X_mcRun3_2023_realistic_v14-v2/2540000/c3981e46-b1a1-40cc-a09b-9113a7da7f2d.root
01-Feb-2025 18:18:52 CST  Closed file root://cmsxrootd.fnal.gov//store/mc/Run3Summer23MiniAODv4/WtoLNu-4Jets_MLNu-0to120_HT-40to100_TuneCP5_13p6TeV_madgraphMLM-pythia8/MINIAODSIM/130X_mcRun3_2023_realistic_v14-v2/2540000/c3981e46-b1a1-40cc-a09b-9113a7da7f2d.root
01-Feb-2025 18:18:52 CST  Initiating request to open file root://cmsxrootd.fnal.gov//store/mc/Run3Summer23MiniAODv4/WtoLNu-4Jets_MLNu-0to120_HT-40to100_TuneCP5_13p6TeV_madgraphMLM-pythia8/MINIAODSIM/130X_mcRun3_2023_realistic_v14-v2/2540000/36be043a-cdc0-4c1e-9125-434fb9860d4e.root
01-Feb-2025 18:18:54 CST  Successfully opened file root://cmsxrootd.fnal.gov//store/mc/Run3Summer23MiniAODv4/WtoLNu-4Jets_MLNu-0to120_HT-40to100_TuneCP5_13p6TeV_madgraphMLM-pythia8/MINIAODSIM/130X_mcRun3_2023_realistic_v14-v2/2540000/36be043a-cdc0-4c1e-9125-434fb9860d4e.root
Begin processing the 200001st record. Run 1, Event 603355226, LumiSection 110749 on stream 0 at 01-Feb-2025 18:18:57.783 CST
01-Feb-2025 18:18:58 CST  Closed file root://cmsxrootd.fnal.gov//store/mc/Run3Summer23MiniAODv4/WtoLNu-4Jets_MLNu-0to120_HT-40to100_TuneCP5_13p6TeV_madgraphMLM-pythia8/MINIAODSIM/130X_mcRun3_2023_realistic_v14-v2/2540000/36be043a-cdc0-4c1e-9125-434fb9860d4e.root
01-Feb-2025 18:18:58 CST  Initiating request to open file root://cmsxrootd.fnal.gov//store/mc/Run3Summer23MiniAODv4/WtoLNu-4Jets_MLNu-0to120_HT-40to100_TuneCP5_13p6TeV_madgraphMLM-pythia8/MINIAODSIM/130X_mcRun3_2023_realistic_v14-v2/2540000/630bc21e-59d4-4e68-8829-e31fc6460fd2.root
01-Feb-2025 18:19:00 CST  Successfully opened file root://cmsxrootd.fnal.gov//store/mc/Run3Summer23MiniAODv4/WtoLNu-4Jets_MLNu-0to120_HT-40to100_TuneCP5_13p6TeV_madgraphMLM-pythia8/MINIAODSIM/130X_mcRun3_2023_realistic_v14-v2/2540000/630bc21e-59d4-4e68-8829-e31fc6460fd2.root
01-Feb-2025 18:19:04 CST  Closed file root://cmsxrootd.fnal.gov//store/mc/Run3Summer23MiniAODv4/WtoLNu-4Jets_MLNu-0to120_HT-40to100_TuneCP5_13p6TeV_madgraphMLM-pythia8/MINIAODSIM/130X_mcRun3_2023_realistic_v14-v2/2540000/630bc21e-59d4-4e68-8829-e31fc6460fd2.root
01-Feb-2025 18:19:04 CST  Initiating request to open file root://cmsxrootd.fnal.gov//store/mc/Run3Summer23MiniAODv4/WtoLNu-4Jets_MLNu-0to120_HT-40to100_TuneCP5_13p6TeV_madgraphMLM-pythia8/MINIAODSIM/130X_mcRun3_2023_realistic_v14-v2/2540000/deade47c-e8c5-4a16-8434-e9b11f95f58f.root
01-Feb-2025 18:19:06 CST  Successfully opened file root://cmsxrootd.fnal.gov//store/mc/Run3Summer23MiniAODv4/WtoLNu-4Jets_MLNu-0to120_HT-40to100_TuneCP5_13p6TeV_madgraphMLM-pythia8/MINIAODSIM/130X_mcRun3_2023_realistic_v14-v2/2540000/deade47c-e8c5-4a16-8434-e9b11f95f58f.root
Begin processing the 300001st record. Run 1, Event 603897817, LumiSection 110848 on stream 0 at 01-Feb-2025 18:19:12.605 CST
01-Feb-2025 18:19:12 CST  Closed file root://cmsxrootd.fnal.gov//store/mc/Run3Summer23MiniAODv4/WtoLNu-4Jets_MLNu-0to120_HT-40to100_TuneCP5_13p6TeV_madgraphMLM-pythia8/MINIAODSIM/130X_mcRun3_2023_realistic_v14-v2/2540000/deade47c-e8c5-4a16-8434-e9b11f95f58f.root
01-Feb-2025 18:19:12 CST  Initiating request to open file root://cmsxrootd.fnal.gov//store/mc/Run3Summer23MiniAODv4/WtoLNu-4Jets_MLNu-0to120_HT-40to100_TuneCP5_13p6TeV_madgraphMLM-pythia8/MINIAODSIM/130X_mcRun3_2023_realistic_v14-v2/2540000/f293befb-b003-433a-b46f-a2f4da4eda93.root
01-Feb-2025 18:19:15 CST  Successfully opened file root://cmsxrootd.fnal.gov//store/mc/Run3Summer23MiniAODv4/WtoLNu-4Jets_MLNu-0to120_HT-40to100_TuneCP5_13p6TeV_madgraphMLM-pythia8/MINIAODSIM/130X_mcRun3_2023_realistic_v14-v2/2540000/f293befb-b003-433a-b46f-a2f4da4eda93.root
01-Feb-2025 18:19:20 CST  Closed file root://cmsxrootd.fnal.gov//store/mc/Run3Summer23MiniAODv4/WtoLNu-4Jets_MLNu-0to120_HT-40to100_TuneCP5_13p6TeV_madgraphMLM-pythia8/MINIAODSIM/130X_mcRun3_2023_realistic_v14-v2/2540000/f293befb-b003-433a-b46f-a2f4da4eda93.root
01-Feb-2025 18:19:20 CST  Initiating request to open file root://cmsxrootd.fnal.gov//store/mc/Run3Summer23MiniAODv4/WtoLNu-4Jets_MLNu-0to120_HT-40to100_TuneCP5_13p6TeV_madgraphMLM-pythia8/MINIAODSIM/130X_mcRun3_2023_realistic_v14-v2/2540000/393b9b46-8dc0-4e84-b141-b68f32d2c742.root
01-Feb-2025 18:19:23 CST  Successfully opened file root://cmsxrootd.fnal.gov//store/mc/Run3Summer23MiniAODv4/WtoLNu-4Jets_MLNu-0to120_HT-40to100_TuneCP5_13p6TeV_madgraphMLM-pythia8/MINIAODSIM/130X_mcRun3_2023_realistic_v14-v2/2540000/393b9b46-8dc0-4e84-b141-b68f32d2c742.root
01-Feb-2025 18:19:29 CST  Closed file root://cmsxrootd.fnal.gov//store/mc/Run3Summer23MiniAODv4/WtoLNu-4Jets_MLNu-0to120_HT-40to100_TuneCP5_13p6TeV_madgraphMLM-pythia8/MINIAODSIM/130X_mcRun3_2023_realistic_v14-v2/2540000/393b9b46-8dc0-4e84-b141-b68f32d2c742.root
01-Feb-2025 18:19:29 CST  Initiating request to open file root://cmsxrootd.fnal.gov//store/mc/Run3Summer23MiniAODv4/WtoLNu-4Jets_MLNu-0to120_HT-40to100_TuneCP5_13p6TeV_madgraphMLM-pythia8/MINIAODSIM/130X_mcRun3_2023_realistic_v14-v2/2540000/3c45468f-9f9f-46b1-9ee8-75b359390253.root
01-Feb-2025 18:19:31 CST  Successfully opened file root://cmsxrootd.fnal.gov//store/mc/Run3Summer23MiniAODv4/WtoLNu-4Jets_MLNu-0to120_HT-40to100_TuneCP5_13p6TeV_madgraphMLM-pythia8/MINIAODSIM/130X_mcRun3_2023_realistic_v14-v2/2540000/3c45468f-9f9f-46b1-9ee8-75b359390253.root
Begin processing the 400001st record. Run 1, Event 252565244, LumiSection 46360 on stream 0 at 01-Feb-2025 18:19:36.410 CST
01-Feb-2025 18:19:36 CST  Closed file root://cmsxrootd.fnal.gov//store/mc/Run3Summer23MiniAODv4/WtoLNu-4Jets_MLNu-0to120_HT-40to100_TuneCP5_13p6TeV_madgraphMLM-pythia8/MINIAODSIM/130X_mcRun3_2023_realistic_v14-v2/2540000/3c45468f-9f9f-46b1-9ee8-75b359390253.root
01-Feb-2025 18:19:36 CST  Initiating request to open file root://cmsxrootd.fnal.gov//store/mc/Run3Summer23MiniAODv4/WtoLNu-4Jets_MLNu-0to120_HT-40to100_TuneCP5_13p6TeV_madgraphMLM-pythia8/MINIAODSIM/130X_mcRun3_2023_realistic_v14-v2/2540000/ddd44ac9-58c1-4892-80e1-c7f3b94d71c8.root
01-Feb-2025 18:19:39 CST  Successfully opened file root://cmsxrootd.fnal.gov//store/mc/Run3Summer23MiniAODv4/WtoLNu-4Jets_MLNu-0to120_HT-40to100_TuneCP5_13p6TeV_madgraphMLM-pythia8/MINIAODSIM/130X_mcRun3_2023_realistic_v14-v2/2540000/ddd44ac9-58c1-4892-80e1-c7f3b94d71c8.root
01-Feb-2025 18:19:44 CST  Closed file root://cmsxrootd.fnal.gov//store/mc/Run3Summer23MiniAODv4/WtoLNu-4Jets_MLNu-0to120_HT-40to100_TuneCP5_13p6TeV_madgraphMLM-pythia8/MINIAODSIM/130X_mcRun3_2023_realistic_v14-v2/2540000/ddd44ac9-58c1-4892-80e1-c7f3b94d71c8.root
01-Feb-2025 18:19:44 CST  Initiating request to open file root://cmsxrootd.fnal.gov//store/mc/Run3Summer23MiniAODv4/WtoLNu-4Jets_MLNu-0to120_HT-40to100_TuneCP5_13p6TeV_madgraphMLM-pythia8/MINIAODSIM/130X_mcRun3_2023_realistic_v14-v2/2540000/5c183e4c-26fc-4648-b089-8ed85a32bd63.root
01-Feb-2025 18:19:47 CST  Successfully opened file root://cmsxrootd.fnal.gov//store/mc/Run3Summer23MiniAODv4/WtoLNu-4Jets_MLNu-0to120_HT-40to100_TuneCP5_13p6TeV_madgraphMLM-pythia8/MINIAODSIM/130X_mcRun3_2023_realistic_v14-v2/2540000/5c183e4c-26fc-4648-b089-8ed85a32bd63.root
01-Feb-2025 18:19:54 CST  Closed file root://cmsxrootd.fnal.gov//store/mc/Run3Summer23MiniAODv4/WtoLNu-4Jets_MLNu-0to120_HT-40to100_TuneCP5_13p6TeV_madgraphMLM-pythia8/MINIAODSIM/130X_mcRun3_2023_realistic_v14-v2/2540000/5c183e4c-26fc-4648-b089-8ed85a32bd63.root
01-Feb-2025 18:19:54 CST  Initiating request to open file root://cmsxrootd.fnal.gov//store/mc/Run3Summer23MiniAODv4/WtoLNu-4Jets_MLNu-0to120_HT-40to100_TuneCP5_13p6TeV_madgraphMLM-pythia8/MINIAODSIM/130X_mcRun3_2023_realistic_v14-v2/2540000/3bc9b3fd-d3f7-4637-9d0b-ffa5ad6fff93.root
01-Feb-2025 18:19:56 CST  Successfully opened file root://cmsxrootd.fnal.gov//store/mc/Run3Summer23MiniAODv4/WtoLNu-4Jets_MLNu-0to120_HT-40to100_TuneCP5_13p6TeV_madgraphMLM-pythia8/MINIAODSIM/130X_mcRun3_2023_realistic_v14-v2/2540000/3bc9b3fd-d3f7-4637-9d0b-ffa5ad6fff93.root
Begin processing the 500001st record. Run 1, Event 166331582, LumiSection 30531 on stream 0 at 01-Feb-2025 18:20:00.592 CST
01-Feb-2025 18:20:00 CST  Closed file root://cmsxrootd.fnal.gov//store/mc/Run3Summer23MiniAODv4/WtoLNu-4Jets_MLNu-0to120_HT-40to100_TuneCP5_13p6TeV_madgraphMLM-pythia8/MINIAODSIM/130X_mcRun3_2023_realistic_v14-v2/2540000/3bc9b3fd-d3f7-4637-9d0b-ffa5ad6fff93.root
01-Feb-2025 18:20:00 CST  Initiating request to open file root://cmsxrootd.fnal.gov//store/mc/Run3Summer23MiniAODv4/WtoLNu-4Jets_MLNu-0to120_HT-40to100_TuneCP5_13p6TeV_madgraphMLM-pythia8/MINIAODSIM/130X_mcRun3_2023_realistic_v14-v2/2540000/6473d577-ff61-4926-beec-912fcef8b31e.root
01-Feb-2025 18:20:03 CST  Successfully opened file root://cmsxrootd.fnal.gov//store/mc/Run3Summer23MiniAODv4/WtoLNu-4Jets_MLNu-0to120_HT-40to100_TuneCP5_13p6TeV_madgraphMLM-pythia8/MINIAODSIM/130X_mcRun3_2023_realistic_v14-v2/2540000/6473d577-ff61-4926-beec-912fcef8b31e.root
01-Feb-2025 18:20:08 CST  Closed file root://cmsxrootd.fnal.gov//store/mc/Run3Summer23MiniAODv4/WtoLNu-4Jets_MLNu-0to120_HT-40to100_TuneCP5_13p6TeV_madgraphMLM-pythia8/MINIAODSIM/130X_mcRun3_2023_realistic_v14-v2/2540000/6473d577-ff61-4926-beec-912fcef8b31e.root
01-Feb-2025 18:20:08 CST  Initiating request to open file root://cmsxrootd.fnal.gov//store/mc/Run3Summer23MiniAODv4/WtoLNu-4Jets_MLNu-0to120_HT-40to100_TuneCP5_13p6TeV_madgraphMLM-pythia8/MINIAODSIM/130X_mcRun3_2023_realistic_v14-v2/2540000/ca51425d-5d04-4158-81c7-31d014647d37.root
01-Feb-2025 18:20:10 CST  Successfully opened file root://cmsxrootd.fnal.gov//store/mc/Run3Summer23MiniAODv4/WtoLNu-4Jets_MLNu-0to120_HT-40to100_TuneCP5_13p6TeV_madgraphMLM-pythia8/MINIAODSIM/130X_mcRun3_2023_realistic_v14-v2/2540000/ca51425d-5d04-4158-81c7-31d014647d37.root
01-Feb-2025 18:20:13 CST  Closed file root://cmsxrootd.fnal.gov//store/mc/Run3Summer23MiniAODv4/WtoLNu-4Jets_MLNu-0to120_HT-40to100_TuneCP5_13p6TeV_madgraphMLM-pythia8/MINIAODSIM/130X_mcRun3_2023_realistic_v14-v2/2540000/ca51425d-5d04-4158-81c7-31d014647d37.root
01-Feb-2025 18:20:13 CST  Initiating request to open file root://cmsxrootd.fnal.gov//store/mc/Run3Summer23MiniAODv4/WtoLNu-4Jets_MLNu-0to120_HT-40to100_TuneCP5_13p6TeV_madgraphMLM-pythia8/MINIAODSIM/130X_mcRun3_2023_realistic_v14-v2/2540000/e083208d-432d-4a78-ae24-010a32a3ea5f.root
01-Feb-2025 18:20:15 CST  Successfully opened file root://cmsxrootd.fnal.gov//store/mc/Run3Summer23MiniAODv4/WtoLNu-4Jets_MLNu-0to120_HT-40to100_TuneCP5_13p6TeV_madgraphMLM-pythia8/MINIAODSIM/130X_mcRun3_2023_realistic_v14-v2/2540000/e083208d-432d-4a78-ae24-010a32a3ea5f.root
Begin processing the 600001st record. Run 1, Event 165599584, LumiSection 30397 on stream 0 at 01-Feb-2025 18:20:18.295 CST
01-Feb-2025 18:20:18 CST  Closed file root://cmsxrootd.fnal.gov//store/mc/Run3Summer23MiniAODv4/WtoLNu-4Jets_MLNu-0to120_HT-40to100_TuneCP5_13p6TeV_madgraphMLM-pythia8/MINIAODSIM/130X_mcRun3_2023_realistic_v14-v2/2540000/e083208d-432d-4a78-ae24-010a32a3ea5f.root
01-Feb-2025 18:20:18 CST  Initiating request to open file root://cmsxrootd.fnal.gov//store/mc/Run3Summer23MiniAODv4/WtoLNu-4Jets_MLNu-0to120_HT-40to100_TuneCP5_13p6TeV_madgraphMLM-pythia8/MINIAODSIM/130X_mcRun3_2023_realistic_v14-v2/2540000/697d041a-f29b-4794-9223-3b64b7955fef.root
[2025-02-01 18:20:20.789503 -0600][Error  ][AsyncSock         ] [xrootd-se37-vanderbilt.sites.opensciencegrid.org:1094.0] Socket error while handshaking: [ERROR] Socket timeout
[2025-02-01 18:20:20.789687 -0600][Error  ][PostMaster        ] [xrootd-se37-vanderbilt.sites.opensciencegrid.org:1094] elapsed = 45, pConnectionWindow = 31 seconds.
01-Feb-2025 18:20:21 CST  Successfully opened file root://cmsxrootd.fnal.gov//store/mc/Run3Summer23MiniAODv4/WtoLNu-4Jets_MLNu-0to120_HT-40to100_TuneCP5_13p6TeV_madgraphMLM-pythia8/MINIAODSIM/130X_mcRun3_2023_realistic_v14-v2/2540000/697d041a-f29b-4794-9223-3b64b7955fef.root
01-Feb-2025 18:20:24 CST  Closed file root://cmsxrootd.fnal.gov//store/mc/Run3Summer23MiniAODv4/WtoLNu-4Jets_MLNu-0to120_HT-40to100_TuneCP5_13p6TeV_madgraphMLM-pythia8/MINIAODSIM/130X_mcRun3_2023_realistic_v14-v2/2540000/697d041a-f29b-4794-9223-3b64b7955fef.root
01-Feb-2025 18:20:24 CST  Initiating request to open file root://cmsxrootd.fnal.gov//store/mc/Run3Summer23MiniAODv4/WtoLNu-4Jets_MLNu-0to120_HT-40to100_TuneCP5_13p6TeV_madgraphMLM-pythia8/MINIAODSIM/130X_mcRun3_2023_realistic_v14-v2/2540000/a7383258-5d17-4f70-b3de-ac39a9596e2c.root
01-Feb-2025 18:20:26 CST  Successfully opened file root://cmsxrootd.fnal.gov//store/mc/Run3Summer23MiniAODv4/WtoLNu-4Jets_MLNu-0to120_HT-40to100_TuneCP5_13p6TeV_madgraphMLM-pythia8/MINIAODSIM/130X_mcRun3_2023_realistic_v14-v2/2540000/a7383258-5d17-4f70-b3de-ac39a9596e2c.root
Begin processing the 700001st record. Run 1, Event 603217459, LumiSection 110723 on stream 0 at 01-Feb-2025 18:20:29.764 CST
01-Feb-2025 18:20:29 CST  Closed file root://cmsxrootd.fnal.gov//store/mc/Run3Summer23MiniAODv4/WtoLNu-4Jets_MLNu-0to120_HT-40to100_TuneCP5_13p6TeV_madgraphMLM-pythia8/MINIAODSIM/130X_mcRun3_2023_realistic_v14-v2/2540000/a7383258-5d17-4f70-b3de-ac39a9596e2c.root
01-Feb-2025 18:20:29 CST  Initiating request to open file root://cmsxrootd.fnal.gov//store/mc/Run3Summer23MiniAODv4/WtoLNu-4Jets_MLNu-0to120_HT-40to100_TuneCP5_13p6TeV_madgraphMLM-pythia8/MINIAODSIM/130X_mcRun3_2023_realistic_v14-v2/2540000/e9bac938-47dd-40f1-a24b-b90818b31c56.root
01-Feb-2025 18:20:32 CST  Successfully opened file root://cmsxrootd.fnal.gov//store/mc/Run3Summer23MiniAODv4/WtoLNu-4Jets_MLNu-0to120_HT-40to100_TuneCP5_13p6TeV_madgraphMLM-pythia8/MINIAODSIM/130X_mcRun3_2023_realistic_v14-v2/2540000/e9bac938-47dd-40f1-a24b-b90818b31c56.root
01-Feb-2025 18:20:34 CST  Closed file root://cmsxrootd.fnal.gov//store/mc/Run3Summer23MiniAODv4/WtoLNu-4Jets_MLNu-0to120_HT-40to100_TuneCP5_13p6TeV_madgraphMLM-pythia8/MINIAODSIM/130X_mcRun3_2023_realistic_v14-v2/2540000/e9bac938-47dd-40f1-a24b-b90818b31c56.root
01-Feb-2025 18:20:34 CST  Initiating request to open file root://cmsxrootd.fnal.gov//store/mc/Run3Summer23MiniAODv4/WtoLNu-4Jets_MLNu-0to120_HT-40to100_TuneCP5_13p6TeV_madgraphMLM-pythia8/MINIAODSIM/130X_mcRun3_2023_realistic_v14-v2/2540000/25b1b764-fec5-49f8-b3d8-bb4f3a6be694.root
01-Feb-2025 18:20:36 CST  Successfully opened file root://cmsxrootd.fnal.gov//store/mc/Run3Summer23MiniAODv4/WtoLNu-4Jets_MLNu-0to120_HT-40to100_TuneCP5_13p6TeV_madgraphMLM-pythia8/MINIAODSIM/130X_mcRun3_2023_realistic_v14-v2/2540000/25b1b764-fec5-49f8-b3d8-bb4f3a6be694.root
01-Feb-2025 18:20:40 CST  Closed file root://cmsxrootd.fnal.gov//store/mc/Run3Summer23MiniAODv4/WtoLNu-4Jets_MLNu-0to120_HT-40to100_TuneCP5_13p6TeV_madgraphMLM-pythia8/MINIAODSIM/130X_mcRun3_2023_realistic_v14-v2/2540000/25b1b764-fec5-49f8-b3d8-bb4f3a6be694.root
01-Feb-2025 18:20:40 CST  Initiating request to open file root://cmsxrootd.fnal.gov//store/mc/Run3Summer23MiniAODv4/WtoLNu-4Jets_MLNu-0to120_HT-40to100_TuneCP5_13p6TeV_madgraphMLM-pythia8/MINIAODSIM/130X_mcRun3_2023_realistic_v14-v2/2540000/7d9ace7d-e81c-4c6d-84c4-733cb75b8477.root
01-Feb-2025 18:20:42 CST  Successfully opened file root://cmsxrootd.fnal.gov//store/mc/Run3Summer23MiniAODv4/WtoLNu-4Jets_MLNu-0to120_HT-40to100_TuneCP5_13p6TeV_madgraphMLM-pythia8/MINIAODSIM/130X_mcRun3_2023_realistic_v14-v2/2540000/7d9ace7d-e81c-4c6d-84c4-733cb75b8477.root
Begin processing the 800001st record. Run 1, Event 691940839, LumiSection 127009 on stream 0 at 01-Feb-2025 18:20:46.418 CST
01-Feb-2025 18:20:46 CST  Closed file root://cmsxrootd.fnal.gov//store/mc/Run3Summer23MiniAODv4/WtoLNu-4Jets_MLNu-0to120_HT-40to100_TuneCP5_13p6TeV_madgraphMLM-pythia8/MINIAODSIM/130X_mcRun3_2023_realistic_v14-v2/2540000/7d9ace7d-e81c-4c6d-84c4-733cb75b8477.root
01-Feb-2025 18:20:46 CST  Initiating request to open file root://cmsxrootd.fnal.gov//store/mc/Run3Summer23MiniAODv4/WtoLNu-4Jets_MLNu-0to120_HT-40to100_TuneCP5_13p6TeV_madgraphMLM-pythia8/MINIAODSIM/130X_mcRun3_2023_realistic_v14-v2/2540000/f8aa7658-820d-44be-8c1c-c08b9d43f698.root
01-Feb-2025 18:20:48 CST  Successfully opened file root://cmsxrootd.fnal.gov//store/mc/Run3Summer23MiniAODv4/WtoLNu-4Jets_MLNu-0to120_HT-40to100_TuneCP5_13p6TeV_madgraphMLM-pythia8/MINIAODSIM/130X_mcRun3_2023_realistic_v14-v2/2540000/f8aa7658-820d-44be-8c1c-c08b9d43f698.root
01-Feb-2025 18:20:51 CST  Closed file root://cmsxrootd.fnal.gov//store/mc/Run3Summer23MiniAODv4/WtoLNu-4Jets_MLNu-0to120_HT-40to100_TuneCP5_13p6TeV_madgraphMLM-pythia8/MINIAODSIM/130X_mcRun3_2023_realistic_v14-v2/2540000/f8aa7658-820d-44be-8c1c-c08b9d43f698.root
01-Feb-2025 18:20:51 CST  Initiating request to open file root://cmsxrootd.fnal.gov//store/mc/Run3Summer23MiniAODv4/WtoLNu-4Jets_MLNu-0to120_HT-40to100_TuneCP5_13p6TeV_madgraphMLM-pythia8/MINIAODSIM/130X_mcRun3_2023_realistic_v14-v2/2540000/6c91b183-0025-4b1a-97e5-5f763b445090.root
01-Feb-2025 18:20:54 CST  Successfully opened file root://cmsxrootd.fnal.gov//store/mc/Run3Summer23MiniAODv4/WtoLNu-4Jets_MLNu-0to120_HT-40to100_TuneCP5_13p6TeV_madgraphMLM-pythia8/MINIAODSIM/130X_mcRun3_2023_realistic_v14-v2/2540000/6c91b183-0025-4b1a-97e5-5f763b445090.root
01-Feb-2025 18:20:57 CST  Closed file root://cmsxrootd.fnal.gov//store/mc/Run3Summer23MiniAODv4/WtoLNu-4Jets_MLNu-0to120_HT-40to100_TuneCP5_13p6TeV_madgraphMLM-pythia8/MINIAODSIM/130X_mcRun3_2023_realistic_v14-v2/2540000/6c91b183-0025-4b1a-97e5-5f763b445090.root
01-Feb-2025 18:20:57 CST  Initiating request to open file root://cmsxrootd.fnal.gov//store/mc/Run3Summer23MiniAODv4/WtoLNu-4Jets_MLNu-0to120_HT-40to100_TuneCP5_13p6TeV_madgraphMLM-pythia8/MINIAODSIM/130X_mcRun3_2023_realistic_v14-v2/2540000/c66c0805-f353-4581-8f04-8ca3a6f4b1b8.root
01-Feb-2025 18:20:59 CST  Successfully opened file root://cmsxrootd.fnal.gov//store/mc/Run3Summer23MiniAODv4/WtoLNu-4Jets_MLNu-0to120_HT-40to100_TuneCP5_13p6TeV_madgraphMLM-pythia8/MINIAODSIM/130X_mcRun3_2023_realistic_v14-v2/2540000/c66c0805-f353-4581-8f04-8ca3a6f4b1b8.root
Begin processing the 900001st record. Run 1, Event 688997018, LumiSection 126468 on stream 0 at 01-Feb-2025 18:21:01.417 CST
01-Feb-2025 18:21:01 CST  Closed file root://cmsxrootd.fnal.gov//store/mc/Run3Summer23MiniAODv4/WtoLNu-4Jets_MLNu-0to120_HT-40to100_TuneCP5_13p6TeV_madgraphMLM-pythia8/MINIAODSIM/130X_mcRun3_2023_realistic_v14-v2/2540000/c66c0805-f353-4581-8f04-8ca3a6f4b1b8.root
01-Feb-2025 18:21:01 CST  Initiating request to open file root://cmsxrootd.fnal.gov//store/mc/Run3Summer23MiniAODv4/WtoLNu-4Jets_MLNu-0to120_HT-40to100_TuneCP5_13p6TeV_madgraphMLM-pythia8/MINIAODSIM/130X_mcRun3_2023_realistic_v14-v2/2540000/28d3f3c0-8649-40d1-8a41-16844d0a785a.root
01-Feb-2025 18:21:04 CST  Successfully opened file root://cmsxrootd.fnal.gov//store/mc/Run3Summer23MiniAODv4/WtoLNu-4Jets_MLNu-0to120_HT-40to100_TuneCP5_13p6TeV_madgraphMLM-pythia8/MINIAODSIM/130X_mcRun3_2023_realistic_v14-v2/2540000/28d3f3c0-8649-40d1-8a41-16844d0a785a.root
01-Feb-2025 18:21:11 CST  Closed file root://cmsxrootd.fnal.gov//store/mc/Run3Summer23MiniAODv4/WtoLNu-4Jets_MLNu-0to120_HT-40to100_TuneCP5_13p6TeV_madgraphMLM-pythia8/MINIAODSIM/130X_mcRun3_2023_realistic_v14-v2/2540000/28d3f3c0-8649-40d1-8a41-16844d0a785a.root
01-Feb-2025 18:21:11 CST  Initiating request to open file root://cmsxrootd.fnal.gov//store/mc/Run3Summer23MiniAODv4/WtoLNu-4Jets_MLNu-0to120_HT-40to100_TuneCP5_13p6TeV_madgraphMLM-pythia8/MINIAODSIM/130X_mcRun3_2023_realistic_v14-v2/2540000/b63f3a67-b401-42b1-80f3-125a8b0e6728.root
01-Feb-2025 18:21:13 CST  Successfully opened file root://cmsxrootd.fnal.gov//store/mc/Run3Summer23MiniAODv4/WtoLNu-4Jets_MLNu-0to120_HT-40to100_TuneCP5_13p6TeV_madgraphMLM-pythia8/MINIAODSIM/130X_mcRun3_2023_realistic_v14-v2/2540000/b63f3a67-b401-42b1-80f3-125a8b0e6728.root
    669.666000      7.028360  21939.490000             9
    953.076000      6.982430  21939.490000             8
   2680.840000     18.006500  21939.490000             7
   3727.170000     21.655200  21939.490000             6
   4157.270000     29.879300  21939.490000             5
   5719.760000     39.047700  21939.490000             4
   1707.870000     22.212400  21939.490000             3
   2310.910000     25.125800  21939.490000             2
 
01-Feb-2025 18:21:16 CST  Closed file root://cmsxrootd.fnal.gov//store/mc/Run3Summer23MiniAODv4/WtoLNu-4Jets_MLNu-0to120_HT-40to100_TuneCP5_13p6TeV_madgraphMLM-pythia8/MINIAODSIM/130X_mcRun3_2023_realistic_v14-v2/2540000/b63f3a67-b401-42b1-80f3-125a8b0e6728.root

------------------------------------
GenXsecAnalyzer:
------------------------------------
-------------------------------------------------------------------------------------------------------------------------------------------------------------------------- 
Overall cross-section summary 
--------------------------------------------------------------------------------------------------------------------------------------------------------------------------
Process		xsec_before [pb]		passed	nposw	nnegw	tried	nposw	nnegw 	xsec_match [pb]			accepted [%]	 event_eff [%]
0		2.344e+03 +/- 5.768e-01		256235	256235	0	550109	550109	0	1.092e+03 +/- 1.599e+00		46.6 +/- 0.1	46.6 +/- 0.1
1		1.738e+03 +/- 5.161e-01		193341	193341	0	406946	406946	0	8.259e+02 +/- 1.383e+00		47.5 +/- 0.1	47.5 +/- 0.1
2		5.671e+03 +/- 8.784e-01		266985	266985	0	1316902	1316902	0	1.150e+03 +/- 1.995e+00		20.3 +/- 0.0	20.3 +/- 0.0
3		4.199e+03 +/- 6.755e-01		205896	205896	0	988662	988662	0	8.744e+02 +/- 1.720e+00		20.8 +/- 0.0	20.8 +/- 0.0
4		3.711e+03 +/- 5.078e-01		42553	42553	0	907582	907582	0	1.740e+02 +/- 8.239e-01		4.7 +/- 0.0	4.7 +/- 0.0
5		2.712e+03 +/- 4.040e-01		31155	31155	0	645612	645612	0	1.309e+02 +/- 7.236e-01		4.8 +/- 0.0	4.8 +/- 0.0
6		9.869e+02 +/- 1.765e-01		2438	2438	0	234651	234651	0	1.025e+01 +/- 2.066e-01		1.0 +/- 0.0	1.0 +/- 0.0
7		7.113e+02 +/- 1.494e-01		1866	1866	0	168720	168720	0	7.866e+00 +/- 1.811e-01		1.1 +/- 0.0	1.1 +/- 0.0
-------------------------------------------------------------------------------------------------------------------------------------------------------------------------- 
Total		2.207e+04 +/- 1.517e+00		1000469	1000469	0	5219184	5219184	0	4.231e+03 +/- 3.814e+00		19.2 +/- 0.0	19.2 +/- 0.0
--------------------------------------------------------------------------------------------------------------------------------------------------------------------------
Before matching: total cross section = 2.207e+04 +- 1.517e+00 pb
After matching: total cross section = 4.231e+03 +- 3.814e+00 pb
Matching efficiency = 0.2 +/- 0.0   [TO BE USED IN MCM]
Filter efficiency (taking into account weights)= (2.20875e+10) / (2.20875e+10) = 1.000e+00 +- 0.000e+00
Filter efficiency (event-level)= (1.00047e+06) / (1.00047e+06) = 1.000e+00 +- 0.000e+00    [TO BE USED IN MCM]

After filter: final cross section = 4.231e+03 +- 3.814e+00 pb
After filter: final fraction of events with negative weights = 0.000e+00 +- 0.000e+00
After filter: final equivalent lumi for 1M events (1/fb) = 2.363e-01 +- 3.182e-04
