01-Feb-2025 18:15:05 CST  Initiating request to open file root://cmsxrootd.fnal.gov//store/mc/Run3Summer23MiniAODv4/WtoLNu-4Jets_MLNu-0to120_HT-400to800_TuneCP5_13p6TeV_madgraphMLM-pythia8/MINIAODSIM/130X_mcRun3_2023_realistic_v14-v2/40000/c4811bd2-1bbf-44e7-acce-719623bce54b.root
01-Feb-2025 18:15:08 CST  Successfully opened file root://cmsxrootd.fnal.gov//store/mc/Run3Summer23MiniAODv4/WtoLNu-4Jets_MLNu-0to120_HT-400to800_TuneCP5_13p6TeV_madgraphMLM-pythia8/MINIAODSIM/130X_mcRun3_2023_realistic_v14-v2/40000/c4811bd2-1bbf-44e7-acce-719623bce54b.root
Begin processing the 1st record. Run 1, Event 255592000, LumiSection 25010 on stream 0 at 01-Feb-2025 18:15:10.057 CST
01-Feb-2025 18:15:10 CST  Closed file root://cmsxrootd.fnal.gov//store/mc/Run3Summer23MiniAODv4/WtoLNu-4Jets_MLNu-0to120_HT-400to800_TuneCP5_13p6TeV_madgraphMLM-pythia8/MINIAODSIM/130X_mcRun3_2023_realistic_v14-v2/40000/c4811bd2-1bbf-44e7-acce-719623bce54b.root
01-Feb-2025 18:15:10 CST  Initiating request to open file root://cmsxrootd.fnal.gov//store/mc/Run3Summer23MiniAODv4/WtoLNu-4Jets_MLNu-0to120_HT-400to800_TuneCP5_13p6TeV_madgraphMLM-pythia8/MINIAODSIM/130X_mcRun3_2023_realistic_v14-v2/40000/44d26b33-a3d6-4774-aa64-c7968ea80bd1.root
01-Feb-2025 18:15:12 CST  Successfully opened file root://cmsxrootd.fnal.gov//store/mc/Run3Summer23MiniAODv4/WtoLNu-4Jets_MLNu-0to120_HT-400to800_TuneCP5_13p6TeV_madgraphMLM-pythia8/MINIAODSIM/130X_mcRun3_2023_realistic_v14-v2/40000/44d26b33-a3d6-4774-aa64-c7968ea80bd1.root
01-Feb-2025 18:15:13 CST  Closed file root://cmsxrootd.fnal.gov//store/mc/Run3Summer23MiniAODv4/WtoLNu-4Jets_MLNu-0to120_HT-400to800_TuneCP5_13p6TeV_madgraphMLM-pythia8/MINIAODSIM/130X_mcRun3_2023_realistic_v14-v2/40000/44d26b33-a3d6-4774-aa64-c7968ea80bd1.root
01-Feb-2025 18:15:13 CST  Initiating request to open file root://cmsxrootd.fnal.gov//store/mc/Run3Summer23MiniAODv4/WtoLNu-4Jets_MLNu-0to120_HT-400to800_TuneCP5_13p6TeV_madgraphMLM-pythia8/MINIAODSIM/130X_mcRun3_2023_realistic_v14-v2/40000/568b5ee5-4304-4acd-ad5e-add46f3505ff.root
01-Feb-2025 18:15:14 CST  Successfully opened file root://cmsxrootd.fnal.gov//store/mc/Run3Summer23MiniAODv4/WtoLNu-4Jets_MLNu-0to120_HT-400to800_TuneCP5_13p6TeV_madgraphMLM-pythia8/MINIAODSIM/130X_mcRun3_2023_realistic_v14-v2/40000/568b5ee5-4304-4acd-ad5e-add46f3505ff.root
01-Feb-2025 18:15:16 CST  Closed file root://cmsxrootd.fnal.gov//store/mc/Run3Summer23MiniAODv4/WtoLNu-4Jets_MLNu-0to120_HT-400to800_TuneCP5_13p6TeV_madgraphMLM-pythia8/MINIAODSIM/130X_mcRun3_2023_realistic_v14-v2/40000/568b5ee5-4304-4acd-ad5e-add46f3505ff.root
01-Feb-2025 18:15:16 CST  Initiating request to open file root://cmsxrootd.fnal.gov//store/mc/Run3Summer23MiniAODv4/WtoLNu-4Jets_MLNu-0to120_HT-400to800_TuneCP5_13p6TeV_madgraphMLM-pythia8/MINIAODSIM/130X_mcRun3_2023_realistic_v14-v2/40000/7a016dda-ec27-4823-8201-05709d56df0c.root
01-Feb-2025 18:15:17 CST  Successfully opened file root://cmsxrootd.fnal.gov//store/mc/Run3Summer23MiniAODv4/WtoLNu-4Jets_MLNu-0to120_HT-400to800_TuneCP5_13p6TeV_madgraphMLM-pythia8/MINIAODSIM/130X_mcRun3_2023_realistic_v14-v2/40000/7a016dda-ec27-4823-8201-05709d56df0c.root
01-Feb-2025 18:15:19 CST  Closed file root://cmsxrootd.fnal.gov//store/mc/Run3Summer23MiniAODv4/WtoLNu-4Jets_MLNu-0to120_HT-400to800_TuneCP5_13p6TeV_madgraphMLM-pythia8/MINIAODSIM/130X_mcRun3_2023_realistic_v14-v2/40000/7a016dda-ec27-4823-8201-05709d56df0c.root
01-Feb-2025 18:15:19 CST  Initiating request to open file root://cmsxrootd.fnal.gov//store/mc/Run3Summer23MiniAODv4/WtoLNu-4Jets_MLNu-0to120_HT-400to800_TuneCP5_13p6TeV_madgraphMLM-pythia8/MINIAODSIM/130X_mcRun3_2023_realistic_v14-v2/40000/564b8d5d-063f-40ca-b531-b60746688060.root
01-Feb-2025 18:15:20 CST  Successfully opened file root://cmsxrootd.fnal.gov//store/mc/Run3Summer23MiniAODv4/WtoLNu-4Jets_MLNu-0to120_HT-400to800_TuneCP5_13p6TeV_madgraphMLM-pythia8/MINIAODSIM/130X_mcRun3_2023_realistic_v14-v2/40000/564b8d5d-063f-40ca-b531-b60746688060.root
Begin processing the 100001st record. Run 1, Event 262865597, LumiSection 25721 on stream 0 at 01-Feb-2025 18:15:22.470 CST
01-Feb-2025 18:15:22 CST  Closed file root://cmsxrootd.fnal.gov//store/mc/Run3Summer23MiniAODv4/WtoLNu-4Jets_MLNu-0to120_HT-400to800_TuneCP5_13p6TeV_madgraphMLM-pythia8/MINIAODSIM/130X_mcRun3_2023_realistic_v14-v2/40000/564b8d5d-063f-40ca-b531-b60746688060.root
01-Feb-2025 18:15:22 CST  Initiating request to open file root://cmsxrootd.fnal.gov//store/mc/Run3Summer23MiniAODv4/WtoLNu-4Jets_MLNu-0to120_HT-400to800_TuneCP5_13p6TeV_madgraphMLM-pythia8/MINIAODSIM/130X_mcRun3_2023_realistic_v14-v2/40000/0c8f399b-fd20-4e96-9472-51a5c58361aa.root
01-Feb-2025 18:15:23 CST  Successfully opened file root://cmsxrootd.fnal.gov//store/mc/Run3Summer23MiniAODv4/WtoLNu-4Jets_MLNu-0to120_HT-400to800_TuneCP5_13p6TeV_madgraphMLM-pythia8/MINIAODSIM/130X_mcRun3_2023_realistic_v14-v2/40000/0c8f399b-fd20-4e96-9472-51a5c58361aa.root
01-Feb-2025 18:15:25 CST  Closed file root://cmsxrootd.fnal.gov//store/mc/Run3Summer23MiniAODv4/WtoLNu-4Jets_MLNu-0to120_HT-400to800_TuneCP5_13p6TeV_madgraphMLM-pythia8/MINIAODSIM/130X_mcRun3_2023_realistic_v14-v2/40000/0c8f399b-fd20-4e96-9472-51a5c58361aa.root
01-Feb-2025 18:15:25 CST  Initiating request to open file root://cmsxrootd.fnal.gov//store/mc/Run3Summer23MiniAODv4/WtoLNu-4Jets_MLNu-0to120_HT-400to800_TuneCP5_13p6TeV_madgraphMLM-pythia8/MINIAODSIM/130X_mcRun3_2023_realistic_v14-v2/40000/d0ea35af-1303-4ef6-b605-d5c6e0d132cb.root
01-Feb-2025 18:15:26 CST  Successfully opened file root://cmsxrootd.fnal.gov//store/mc/Run3Summer23MiniAODv4/WtoLNu-4Jets_MLNu-0to120_HT-400to800_TuneCP5_13p6TeV_madgraphMLM-pythia8/MINIAODSIM/130X_mcRun3_2023_realistic_v14-v2/40000/d0ea35af-1303-4ef6-b605-d5c6e0d132cb.root
01-Feb-2025 18:15:27 CST  Closed file root://cmsxrootd.fnal.gov//store/mc/Run3Summer23MiniAODv4/WtoLNu-4Jets_MLNu-0to120_HT-400to800_TuneCP5_13p6TeV_madgraphMLM-pythia8/MINIAODSIM/130X_mcRun3_2023_realistic_v14-v2/40000/d0ea35af-1303-4ef6-b605-d5c6e0d132cb.root
01-Feb-2025 18:15:27 CST  Initiating request to open file root://cmsxrootd.fnal.gov//store/mc/Run3Summer23MiniAODv4/WtoLNu-4Jets_MLNu-0to120_HT-400to800_TuneCP5_13p6TeV_madgraphMLM-pythia8/MINIAODSIM/130X_mcRun3_2023_realistic_v14-v2/40000/c1cc590d-64f0-4591-b084-68ac0954a9e0.root
01-Feb-2025 18:15:28 CST  Successfully opened file root://cmsxrootd.fnal.gov//store/mc/Run3Summer23MiniAODv4/WtoLNu-4Jets_MLNu-0to120_HT-400to800_TuneCP5_13p6TeV_madgraphMLM-pythia8/MINIAODSIM/130X_mcRun3_2023_realistic_v14-v2/40000/c1cc590d-64f0-4591-b084-68ac0954a9e0.root
01-Feb-2025 18:15:31 CST  Closed file root://cmsxrootd.fnal.gov//store/mc/Run3Summer23MiniAODv4/WtoLNu-4Jets_MLNu-0to120_HT-400to800_TuneCP5_13p6TeV_madgraphMLM-pythia8/MINIAODSIM/130X_mcRun3_2023_realistic_v14-v2/40000/c1cc590d-64f0-4591-b084-68ac0954a9e0.root
01-Feb-2025 18:15:31 CST  Initiating request to open file root://cmsxrootd.fnal.gov//store/mc/Run3Summer23MiniAODv4/WtoLNu-4Jets_MLNu-0to120_HT-400to800_TuneCP5_13p6TeV_madgraphMLM-pythia8/MINIAODSIM/130X_mcRun3_2023_realistic_v14-v2/40000/50988339-a872-4fdd-8fde-3f65f216cb6e.root
01-Feb-2025 18:15:32 CST  Successfully opened file root://cmsxrootd.fnal.gov//store/mc/Run3Summer23MiniAODv4/WtoLNu-4Jets_MLNu-0to120_HT-400to800_TuneCP5_13p6TeV_madgraphMLM-pythia8/MINIAODSIM/130X_mcRun3_2023_realistic_v14-v2/40000/50988339-a872-4fdd-8fde-3f65f216cb6e.root
01-Feb-2025 18:15:35 CST  Closed file root://cmsxrootd.fnal.gov//store/mc/Run3Summer23MiniAODv4/WtoLNu-4Jets_MLNu-0to120_HT-400to800_TuneCP5_13p6TeV_madgraphMLM-pythia8/MINIAODSIM/130X_mcRun3_2023_realistic_v14-v2/40000/50988339-a872-4fdd-8fde-3f65f216cb6e.root
01-Feb-2025 18:15:35 CST  Initiating request to open file root://cmsxrootd.fnal.gov//store/mc/Run3Summer23MiniAODv4/WtoLNu-4Jets_MLNu-0to120_HT-400to800_TuneCP5_13p6TeV_madgraphMLM-pythia8/MINIAODSIM/130X_mcRun3_2023_realistic_v14-v2/40000/c482b2ea-371f-4769-85ee-a7e766f3dc41.root
01-Feb-2025 18:15:37 CST  Successfully opened file root://cmsxrootd.fnal.gov//store/mc/Run3Summer23MiniAODv4/WtoLNu-4Jets_MLNu-0to120_HT-400to800_TuneCP5_13p6TeV_madgraphMLM-pythia8/MINIAODSIM/130X_mcRun3_2023_realistic_v14-v2/40000/c482b2ea-371f-4769-85ee-a7e766f3dc41.root
Begin processing the 200001st record. Run 1, Event 257102423, LumiSection 25157 on stream 0 at 01-Feb-2025 18:15:40.102 CST
01-Feb-2025 18:15:40 CST  Closed file root://cmsxrootd.fnal.gov//store/mc/Run3Summer23MiniAODv4/WtoLNu-4Jets_MLNu-0to120_HT-400to800_TuneCP5_13p6TeV_madgraphMLM-pythia8/MINIAODSIM/130X_mcRun3_2023_realistic_v14-v2/40000/c482b2ea-371f-4769-85ee-a7e766f3dc41.root
01-Feb-2025 18:15:40 CST  Initiating request to open file root://cmsxrootd.fnal.gov//store/mc/Run3Summer23MiniAODv4/WtoLNu-4Jets_MLNu-0to120_HT-400to800_TuneCP5_13p6TeV_madgraphMLM-pythia8/MINIAODSIM/130X_mcRun3_2023_realistic_v14-v2/40000/9887b082-b2d1-47c7-8479-5679d422c6c8.root
01-Feb-2025 18:15:41 CST  Successfully opened file root://cmsxrootd.fnal.gov//store/mc/Run3Summer23MiniAODv4/WtoLNu-4Jets_MLNu-0to120_HT-400to800_TuneCP5_13p6TeV_madgraphMLM-pythia8/MINIAODSIM/130X_mcRun3_2023_realistic_v14-v2/40000/9887b082-b2d1-47c7-8479-5679d422c6c8.root
01-Feb-2025 18:15:44 CST  Closed file root://cmsxrootd.fnal.gov//store/mc/Run3Summer23MiniAODv4/WtoLNu-4Jets_MLNu-0to120_HT-400to800_TuneCP5_13p6TeV_madgraphMLM-pythia8/MINIAODSIM/130X_mcRun3_2023_realistic_v14-v2/40000/9887b082-b2d1-47c7-8479-5679d422c6c8.root
01-Feb-2025 18:15:44 CST  Initiating request to open file root://cmsxrootd.fnal.gov//store/mc/Run3Summer23MiniAODv4/WtoLNu-4Jets_MLNu-0to120_HT-400to800_TuneCP5_13p6TeV_madgraphMLM-pythia8/MINIAODSIM/130X_mcRun3_2023_realistic_v14-v2/40000/3c0a0935-f42d-485e-8c6f-492d3cbfef16.root
01-Feb-2025 18:15:45 CST  Successfully opened file root://cmsxrootd.fnal.gov//store/mc/Run3Summer23MiniAODv4/WtoLNu-4Jets_MLNu-0to120_HT-400to800_TuneCP5_13p6TeV_madgraphMLM-pythia8/MINIAODSIM/130X_mcRun3_2023_realistic_v14-v2/40000/3c0a0935-f42d-485e-8c6f-492d3cbfef16.root
01-Feb-2025 18:15:46 CST  Closed file root://cmsxrootd.fnal.gov//store/mc/Run3Summer23MiniAODv4/WtoLNu-4Jets_MLNu-0to120_HT-400to800_TuneCP5_13p6TeV_madgraphMLM-pythia8/MINIAODSIM/130X_mcRun3_2023_realistic_v14-v2/40000/3c0a0935-f42d-485e-8c6f-492d3cbfef16.root
01-Feb-2025 18:15:46 CST  Initiating request to open file root://cmsxrootd.fnal.gov//store/mc/Run3Summer23MiniAODv4/WtoLNu-4Jets_MLNu-0to120_HT-400to800_TuneCP5_13p6TeV_madgraphMLM-pythia8/MINIAODSIM/130X_mcRun3_2023_realistic_v14-v2/40000/e0c613e6-6e71-4fa7-8151-f4706f0a7d6e.root
01-Feb-2025 18:15:47 CST  Successfully opened file root://cmsxrootd.fnal.gov//store/mc/Run3Summer23MiniAODv4/WtoLNu-4Jets_MLNu-0to120_HT-400to800_TuneCP5_13p6TeV_madgraphMLM-pythia8/MINIAODSIM/130X_mcRun3_2023_realistic_v14-v2/40000/e0c613e6-6e71-4fa7-8151-f4706f0a7d6e.root
01-Feb-2025 18:15:48 CST  Closed file root://cmsxrootd.fnal.gov//store/mc/Run3Summer23MiniAODv4/WtoLNu-4Jets_MLNu-0to120_HT-400to800_TuneCP5_13p6TeV_madgraphMLM-pythia8/MINIAODSIM/130X_mcRun3_2023_realistic_v14-v2/40000/e0c613e6-6e71-4fa7-8151-f4706f0a7d6e.root
01-Feb-2025 18:15:48 CST  Initiating request to open file root://cmsxrootd.fnal.gov//store/mc/Run3Summer23MiniAODv4/WtoLNu-4Jets_MLNu-0to120_HT-400to800_TuneCP5_13p6TeV_madgraphMLM-pythia8/MINIAODSIM/130X_mcRun3_2023_realistic_v14-v2/40000/c26cb63f-876b-484c-9489-c9049d418bc3.root
01-Feb-2025 18:15:49 CST  Successfully opened file root://cmsxrootd.fnal.gov//store/mc/Run3Summer23MiniAODv4/WtoLNu-4Jets_MLNu-0to120_HT-400to800_TuneCP5_13p6TeV_madgraphMLM-pythia8/MINIAODSIM/130X_mcRun3_2023_realistic_v14-v2/40000/c26cb63f-876b-484c-9489-c9049d418bc3.root
01-Feb-2025 18:15:50 CST  Closed file root://cmsxrootd.fnal.gov//store/mc/Run3Summer23MiniAODv4/WtoLNu-4Jets_MLNu-0to120_HT-400to800_TuneCP5_13p6TeV_madgraphMLM-pythia8/MINIAODSIM/130X_mcRun3_2023_realistic_v14-v2/40000/c26cb63f-876b-484c-9489-c9049d418bc3.root
01-Feb-2025 18:15:50 CST  Initiating request to open file root://cmsxrootd.fnal.gov//store/mc/Run3Summer23MiniAODv4/WtoLNu-4Jets_MLNu-0to120_HT-400to800_TuneCP5_13p6TeV_madgraphMLM-pythia8/MINIAODSIM/130X_mcRun3_2023_realistic_v14-v2/40000/87c2273f-2e7e-4bdc-a859-ad1d28a61ee0.root
01-Feb-2025 18:15:52 CST  Successfully opened file root://cmsxrootd.fnal.gov//store/mc/Run3Summer23MiniAODv4/WtoLNu-4Jets_MLNu-0to120_HT-400to800_TuneCP5_13p6TeV_madgraphMLM-pythia8/MINIAODSIM/130X_mcRun3_2023_realistic_v14-v2/40000/87c2273f-2e7e-4bdc-a859-ad1d28a61ee0.root
01-Feb-2025 18:15:54 CST  Closed file root://cmsxrootd.fnal.gov//store/mc/Run3Summer23MiniAODv4/WtoLNu-4Jets_MLNu-0to120_HT-400to800_TuneCP5_13p6TeV_madgraphMLM-pythia8/MINIAODSIM/130X_mcRun3_2023_realistic_v14-v2/40000/87c2273f-2e7e-4bdc-a859-ad1d28a61ee0.root
01-Feb-2025 18:15:54 CST  Initiating request to open file root://cmsxrootd.fnal.gov//store/mc/Run3Summer23MiniAODv4/WtoLNu-4Jets_MLNu-0to120_HT-400to800_TuneCP5_13p6TeV_madgraphMLM-pythia8/MINIAODSIM/130X_mcRun3_2023_realistic_v14-v2/40000/b5beb945-4119-46af-989c-264ee036e5be.root
01-Feb-2025 18:15:55 CST  Successfully opened file root://cmsxrootd.fnal.gov//store/mc/Run3Summer23MiniAODv4/WtoLNu-4Jets_MLNu-0to120_HT-400to800_TuneCP5_13p6TeV_madgraphMLM-pythia8/MINIAODSIM/130X_mcRun3_2023_realistic_v14-v2/40000/b5beb945-4119-46af-989c-264ee036e5be.root
Begin processing the 300001st record. Run 1, Event 258254556, LumiSection 25270 on stream 0 at 01-Feb-2025 18:15:56.341 CST
01-Feb-2025 18:15:56 CST  Closed file root://cmsxrootd.fnal.gov//store/mc/Run3Summer23MiniAODv4/WtoLNu-4Jets_MLNu-0to120_HT-400to800_TuneCP5_13p6TeV_madgraphMLM-pythia8/MINIAODSIM/130X_mcRun3_2023_realistic_v14-v2/40000/b5beb945-4119-46af-989c-264ee036e5be.root
01-Feb-2025 18:15:56 CST  Initiating request to open file root://cmsxrootd.fnal.gov//store/mc/Run3Summer23MiniAODv4/WtoLNu-4Jets_MLNu-0to120_HT-400to800_TuneCP5_13p6TeV_madgraphMLM-pythia8/MINIAODSIM/130X_mcRun3_2023_realistic_v14-v2/40000/0d4b63bb-77a9-45f4-bf5e-f07b2b0e2840.root
01-Feb-2025 18:15:57 CST  Successfully opened file root://cmsxrootd.fnal.gov//store/mc/Run3Summer23MiniAODv4/WtoLNu-4Jets_MLNu-0to120_HT-400to800_TuneCP5_13p6TeV_madgraphMLM-pythia8/MINIAODSIM/130X_mcRun3_2023_realistic_v14-v2/40000/0d4b63bb-77a9-45f4-bf5e-f07b2b0e2840.root
01-Feb-2025 18:15:59 CST  Closed file root://cmsxrootd.fnal.gov//store/mc/Run3Summer23MiniAODv4/WtoLNu-4Jets_MLNu-0to120_HT-400to800_TuneCP5_13p6TeV_madgraphMLM-pythia8/MINIAODSIM/130X_mcRun3_2023_realistic_v14-v2/40000/0d4b63bb-77a9-45f4-bf5e-f07b2b0e2840.root
01-Feb-2025 18:15:59 CST  Initiating request to open file root://cmsxrootd.fnal.gov//store/mc/Run3Summer23MiniAODv4/WtoLNu-4Jets_MLNu-0to120_HT-400to800_TuneCP5_13p6TeV_madgraphMLM-pythia8/MINIAODSIM/130X_mcRun3_2023_realistic_v14-v2/40000/ed3b6305-8828-4b8c-a296-c5aaa7e26b82.root
01-Feb-2025 18:16:00 CST  Successfully opened file root://cmsxrootd.fnal.gov//store/mc/Run3Summer23MiniAODv4/WtoLNu-4Jets_MLNu-0to120_HT-400to800_TuneCP5_13p6TeV_madgraphMLM-pythia8/MINIAODSIM/130X_mcRun3_2023_realistic_v14-v2/40000/ed3b6305-8828-4b8c-a296-c5aaa7e26b82.root
01-Feb-2025 18:16:01 CST  Closed file root://cmsxrootd.fnal.gov//store/mc/Run3Summer23MiniAODv4/WtoLNu-4Jets_MLNu-0to120_HT-400to800_TuneCP5_13p6TeV_madgraphMLM-pythia8/MINIAODSIM/130X_mcRun3_2023_realistic_v14-v2/40000/ed3b6305-8828-4b8c-a296-c5aaa7e26b82.root
01-Feb-2025 18:16:01 CST  Initiating request to open file root://cmsxrootd.fnal.gov//store/mc/Run3Summer23MiniAODv4/WtoLNu-4Jets_MLNu-0to120_HT-400to800_TuneCP5_13p6TeV_madgraphMLM-pythia8/MINIAODSIM/130X_mcRun3_2023_realistic_v14-v2/40000/bd6f3f43-29cf-43c9-8ccb-6d77fd729256.root
01-Feb-2025 18:16:02 CST  Successfully opened file root://cmsxrootd.fnal.gov//store/mc/Run3Summer23MiniAODv4/WtoLNu-4Jets_MLNu-0to120_HT-400to800_TuneCP5_13p6TeV_madgraphMLM-pythia8/MINIAODSIM/130X_mcRun3_2023_realistic_v14-v2/40000/bd6f3f43-29cf-43c9-8ccb-6d77fd729256.root
01-Feb-2025 18:16:03 CST  Closed file root://cmsxrootd.fnal.gov//store/mc/Run3Summer23MiniAODv4/WtoLNu-4Jets_MLNu-0to120_HT-400to800_TuneCP5_13p6TeV_madgraphMLM-pythia8/MINIAODSIM/130X_mcRun3_2023_realistic_v14-v2/40000/bd6f3f43-29cf-43c9-8ccb-6d77fd729256.root
01-Feb-2025 18:16:03 CST  Initiating request to open file root://cmsxrootd.fnal.gov//store/mc/Run3Summer23MiniAODv4/WtoLNu-4Jets_MLNu-0to120_HT-400to800_TuneCP5_13p6TeV_madgraphMLM-pythia8/MINIAODSIM/130X_mcRun3_2023_realistic_v14-v2/40000/47c3e72d-6c55-46e6-82fb-9a78474ce80d.root
01-Feb-2025 18:16:04 CST  Successfully opened file root://cmsxrootd.fnal.gov//store/mc/Run3Summer23MiniAODv4/WtoLNu-4Jets_MLNu-0to120_HT-400to800_TuneCP5_13p6TeV_madgraphMLM-pythia8/MINIAODSIM/130X_mcRun3_2023_realistic_v14-v2/40000/47c3e72d-6c55-46e6-82fb-9a78474ce80d.root
01-Feb-2025 18:16:05 CST  Closed file root://cmsxrootd.fnal.gov//store/mc/Run3Summer23MiniAODv4/WtoLNu-4Jets_MLNu-0to120_HT-400to800_TuneCP5_13p6TeV_madgraphMLM-pythia8/MINIAODSIM/130X_mcRun3_2023_realistic_v14-v2/40000/47c3e72d-6c55-46e6-82fb-9a78474ce80d.root
01-Feb-2025 18:16:05 CST  Initiating request to open file root://cmsxrootd.fnal.gov//store/mc/Run3Summer23MiniAODv4/WtoLNu-4Jets_MLNu-0to120_HT-400to800_TuneCP5_13p6TeV_madgraphMLM-pythia8/MINIAODSIM/130X_mcRun3_2023_realistic_v14-v2/40000/f700040f-572f-45fe-8c90-c57e0bc82216.root
01-Feb-2025 18:16:06 CST  Successfully opened file root://cmsxrootd.fnal.gov//store/mc/Run3Summer23MiniAODv4/WtoLNu-4Jets_MLNu-0to120_HT-400to800_TuneCP5_13p6TeV_madgraphMLM-pythia8/MINIAODSIM/130X_mcRun3_2023_realistic_v14-v2/40000/f700040f-572f-45fe-8c90-c57e0bc82216.root
01-Feb-2025 18:16:07 CST  Closed file root://cmsxrootd.fnal.gov//store/mc/Run3Summer23MiniAODv4/WtoLNu-4Jets_MLNu-0to120_HT-400to800_TuneCP5_13p6TeV_madgraphMLM-pythia8/MINIAODSIM/130X_mcRun3_2023_realistic_v14-v2/40000/f700040f-572f-45fe-8c90-c57e0bc82216.root
01-Feb-2025 18:16:07 CST  Initiating request to open file root://cmsxrootd.fnal.gov//store/mc/Run3Summer23MiniAODv4/WtoLNu-4Jets_MLNu-0to120_HT-400to800_TuneCP5_13p6TeV_madgraphMLM-pythia8/MINIAODSIM/130X_mcRun3_2023_realistic_v14-v2/40000/997acf44-4212-47b0-97f1-ed8d1f2d82b6.root
01-Feb-2025 18:16:09 CST  Successfully opened file root://cmsxrootd.fnal.gov//store/mc/Run3Summer23MiniAODv4/WtoLNu-4Jets_MLNu-0to120_HT-400to800_TuneCP5_13p6TeV_madgraphMLM-pythia8/MINIAODSIM/130X_mcRun3_2023_realistic_v14-v2/40000/997acf44-4212-47b0-97f1-ed8d1f2d82b6.root
01-Feb-2025 18:16:10 CST  Closed file root://cmsxrootd.fnal.gov//store/mc/Run3Summer23MiniAODv4/WtoLNu-4Jets_MLNu-0to120_HT-400to800_TuneCP5_13p6TeV_madgraphMLM-pythia8/MINIAODSIM/130X_mcRun3_2023_realistic_v14-v2/40000/997acf44-4212-47b0-97f1-ed8d1f2d82b6.root
01-Feb-2025 18:16:10 CST  Initiating request to open file root://cmsxrootd.fnal.gov//store/mc/Run3Summer23MiniAODv4/WtoLNu-4Jets_MLNu-0to120_HT-400to800_TuneCP5_13p6TeV_madgraphMLM-pythia8/MINIAODSIM/130X_mcRun3_2023_realistic_v14-v2/40000/4df42810-58c7-4a84-95cf-fa245de9ac7b.root
01-Feb-2025 18:16:11 CST  Successfully opened file root://cmsxrootd.fnal.gov//store/mc/Run3Summer23MiniAODv4/WtoLNu-4Jets_MLNu-0to120_HT-400to800_TuneCP5_13p6TeV_madgraphMLM-pythia8/MINIAODSIM/130X_mcRun3_2023_realistic_v14-v2/40000/4df42810-58c7-4a84-95cf-fa245de9ac7b.root
01-Feb-2025 18:16:13 CST  Closed file root://cmsxrootd.fnal.gov//store/mc/Run3Summer23MiniAODv4/WtoLNu-4Jets_MLNu-0to120_HT-400to800_TuneCP5_13p6TeV_madgraphMLM-pythia8/MINIAODSIM/130X_mcRun3_2023_realistic_v14-v2/40000/4df42810-58c7-4a84-95cf-fa245de9ac7b.root
01-Feb-2025 18:16:13 CST  Initiating request to open file root://cmsxrootd.fnal.gov//store/mc/Run3Summer23MiniAODv4/WtoLNu-4Jets_MLNu-0to120_HT-400to800_TuneCP5_13p6TeV_madgraphMLM-pythia8/MINIAODSIM/130X_mcRun3_2023_realistic_v14-v2/40000/d5c66293-eff1-4a84-b6b6-20fc8923eb23.root
01-Feb-2025 18:16:14 CST  Successfully opened file root://cmsxrootd.fnal.gov//store/mc/Run3Summer23MiniAODv4/WtoLNu-4Jets_MLNu-0to120_HT-400to800_TuneCP5_13p6TeV_madgraphMLM-pythia8/MINIAODSIM/130X_mcRun3_2023_realistic_v14-v2/40000/d5c66293-eff1-4a84-b6b6-20fc8923eb23.root
Begin processing the 400001st record. Run 1, Event 263421167, LumiSection 25776 on stream 0 at 01-Feb-2025 18:16:15.805 CST
01-Feb-2025 18:16:15 CST  Closed file root://cmsxrootd.fnal.gov//store/mc/Run3Summer23MiniAODv4/WtoLNu-4Jets_MLNu-0to120_HT-400to800_TuneCP5_13p6TeV_madgraphMLM-pythia8/MINIAODSIM/130X_mcRun3_2023_realistic_v14-v2/40000/d5c66293-eff1-4a84-b6b6-20fc8923eb23.root
01-Feb-2025 18:16:15 CST  Initiating request to open file root://cmsxrootd.fnal.gov//store/mc/Run3Summer23MiniAODv4/WtoLNu-4Jets_MLNu-0to120_HT-400to800_TuneCP5_13p6TeV_madgraphMLM-pythia8/MINIAODSIM/130X_mcRun3_2023_realistic_v14-v2/40000/8d76a4ba-6745-49b8-9eb3-51718e789b3b.root
01-Feb-2025 18:16:17 CST  Successfully opened file root://cmsxrootd.fnal.gov//store/mc/Run3Summer23MiniAODv4/WtoLNu-4Jets_MLNu-0to120_HT-400to800_TuneCP5_13p6TeV_madgraphMLM-pythia8/MINIAODSIM/130X_mcRun3_2023_realistic_v14-v2/40000/8d76a4ba-6745-49b8-9eb3-51718e789b3b.root
01-Feb-2025 18:16:18 CST  Closed file root://cmsxrootd.fnal.gov//store/mc/Run3Summer23MiniAODv4/WtoLNu-4Jets_MLNu-0to120_HT-400to800_TuneCP5_13p6TeV_madgraphMLM-pythia8/MINIAODSIM/130X_mcRun3_2023_realistic_v14-v2/40000/8d76a4ba-6745-49b8-9eb3-51718e789b3b.root
01-Feb-2025 18:16:18 CST  Initiating request to open file root://cmsxrootd.fnal.gov//store/mc/Run3Summer23MiniAODv4/WtoLNu-4Jets_MLNu-0to120_HT-400to800_TuneCP5_13p6TeV_madgraphMLM-pythia8/MINIAODSIM/130X_mcRun3_2023_realistic_v14-v2/40000/829742d3-05cb-40d3-9dd4-ca803c756ee8.root
01-Feb-2025 18:16:19 CST  Successfully opened file root://cmsxrootd.fnal.gov//store/mc/Run3Summer23MiniAODv4/WtoLNu-4Jets_MLNu-0to120_HT-400to800_TuneCP5_13p6TeV_madgraphMLM-pythia8/MINIAODSIM/130X_mcRun3_2023_realistic_v14-v2/40000/829742d3-05cb-40d3-9dd4-ca803c756ee8.root
01-Feb-2025 18:16:21 CST  Closed file root://cmsxrootd.fnal.gov//store/mc/Run3Summer23MiniAODv4/WtoLNu-4Jets_MLNu-0to120_HT-400to800_TuneCP5_13p6TeV_madgraphMLM-pythia8/MINIAODSIM/130X_mcRun3_2023_realistic_v14-v2/40000/829742d3-05cb-40d3-9dd4-ca803c756ee8.root
01-Feb-2025 18:16:21 CST  Initiating request to open file root://cmsxrootd.fnal.gov//store/mc/Run3Summer23MiniAODv4/WtoLNu-4Jets_MLNu-0to120_HT-400to800_TuneCP5_13p6TeV_madgraphMLM-pythia8/MINIAODSIM/130X_mcRun3_2023_realistic_v14-v2/40000/eb38bd30-ce5c-428c-bbb8-425128d1def4.root
01-Feb-2025 18:16:22 CST  Successfully opened file root://cmsxrootd.fnal.gov//store/mc/Run3Summer23MiniAODv4/WtoLNu-4Jets_MLNu-0to120_HT-400to800_TuneCP5_13p6TeV_madgraphMLM-pythia8/MINIAODSIM/130X_mcRun3_2023_realistic_v14-v2/40000/eb38bd30-ce5c-428c-bbb8-425128d1def4.root
01-Feb-2025 18:16:23 CST  Closed file root://cmsxrootd.fnal.gov//store/mc/Run3Summer23MiniAODv4/WtoLNu-4Jets_MLNu-0to120_HT-400to800_TuneCP5_13p6TeV_madgraphMLM-pythia8/MINIAODSIM/130X_mcRun3_2023_realistic_v14-v2/40000/eb38bd30-ce5c-428c-bbb8-425128d1def4.root
01-Feb-2025 18:16:23 CST  Initiating request to open file root://cmsxrootd.fnal.gov//store/mc/Run3Summer23MiniAODv4/WtoLNu-4Jets_MLNu-0to120_HT-400to800_TuneCP5_13p6TeV_madgraphMLM-pythia8/MINIAODSIM/130X_mcRun3_2023_realistic_v14-v2/40000/5febdae4-2042-4e85-964a-81bd9836640e.root
01-Feb-2025 18:16:24 CST  Successfully opened file root://cmsxrootd.fnal.gov//store/mc/Run3Summer23MiniAODv4/WtoLNu-4Jets_MLNu-0to120_HT-400to800_TuneCP5_13p6TeV_madgraphMLM-pythia8/MINIAODSIM/130X_mcRun3_2023_realistic_v14-v2/40000/5febdae4-2042-4e85-964a-81bd9836640e.root
01-Feb-2025 18:16:25 CST  Closed file root://cmsxrootd.fnal.gov//store/mc/Run3Summer23MiniAODv4/WtoLNu-4Jets_MLNu-0to120_HT-400to800_TuneCP5_13p6TeV_madgraphMLM-pythia8/MINIAODSIM/130X_mcRun3_2023_realistic_v14-v2/40000/5febdae4-2042-4e85-964a-81bd9836640e.root
01-Feb-2025 18:16:25 CST  Initiating request to open file root://cmsxrootd.fnal.gov//store/mc/Run3Summer23MiniAODv4/WtoLNu-4Jets_MLNu-0to120_HT-400to800_TuneCP5_13p6TeV_madgraphMLM-pythia8/MINIAODSIM/130X_mcRun3_2023_realistic_v14-v2/40000/31735a36-4806-4824-b6d5-04132e88085b.root
01-Feb-2025 18:16:26 CST  Successfully opened file root://cmsxrootd.fnal.gov//store/mc/Run3Summer23MiniAODv4/WtoLNu-4Jets_MLNu-0to120_HT-400to800_TuneCP5_13p6TeV_madgraphMLM-pythia8/MINIAODSIM/130X_mcRun3_2023_realistic_v14-v2/40000/31735a36-4806-4824-b6d5-04132e88085b.root
01-Feb-2025 18:16:27 CST  Closed file root://cmsxrootd.fnal.gov//store/mc/Run3Summer23MiniAODv4/WtoLNu-4Jets_MLNu-0to120_HT-400to800_TuneCP5_13p6TeV_madgraphMLM-pythia8/MINIAODSIM/130X_mcRun3_2023_realistic_v14-v2/40000/31735a36-4806-4824-b6d5-04132e88085b.root
01-Feb-2025 18:16:27 CST  Initiating request to open file root://cmsxrootd.fnal.gov//store/mc/Run3Summer23MiniAODv4/WtoLNu-4Jets_MLNu-0to120_HT-400to800_TuneCP5_13p6TeV_madgraphMLM-pythia8/MINIAODSIM/130X_mcRun3_2023_realistic_v14-v2/40000/e96826ef-0da1-46ae-ae81-256ca88b8990.root
01-Feb-2025 18:16:28 CST  Successfully opened file root://cmsxrootd.fnal.gov//store/mc/Run3Summer23MiniAODv4/WtoLNu-4Jets_MLNu-0to120_HT-400to800_TuneCP5_13p6TeV_madgraphMLM-pythia8/MINIAODSIM/130X_mcRun3_2023_realistic_v14-v2/40000/e96826ef-0da1-46ae-ae81-256ca88b8990.root
Begin processing the 500001st record. Run 1, Event 263329435, LumiSection 25767 on stream 0 at 01-Feb-2025 18:16:30.271 CST
01-Feb-2025 18:16:30 CST  Closed file root://cmsxrootd.fnal.gov//store/mc/Run3Summer23MiniAODv4/WtoLNu-4Jets_MLNu-0to120_HT-400to800_TuneCP5_13p6TeV_madgraphMLM-pythia8/MINIAODSIM/130X_mcRun3_2023_realistic_v14-v2/40000/e96826ef-0da1-46ae-ae81-256ca88b8990.root
01-Feb-2025 18:16:30 CST  Initiating request to open file root://cmsxrootd.fnal.gov//store/mc/Run3Summer23MiniAODv4/WtoLNu-4Jets_MLNu-0to120_HT-400to800_TuneCP5_13p6TeV_madgraphMLM-pythia8/MINIAODSIM/130X_mcRun3_2023_realistic_v14-v2/40000/87db18ea-f4e6-4fd0-a39e-e95bd22ac8df.root
01-Feb-2025 18:16:31 CST  Successfully opened file root://cmsxrootd.fnal.gov//store/mc/Run3Summer23MiniAODv4/WtoLNu-4Jets_MLNu-0to120_HT-400to800_TuneCP5_13p6TeV_madgraphMLM-pythia8/MINIAODSIM/130X_mcRun3_2023_realistic_v14-v2/40000/87db18ea-f4e6-4fd0-a39e-e95bd22ac8df.root
01-Feb-2025 18:16:32 CST  Closed file root://cmsxrootd.fnal.gov//store/mc/Run3Summer23MiniAODv4/WtoLNu-4Jets_MLNu-0to120_HT-400to800_TuneCP5_13p6TeV_madgraphMLM-pythia8/MINIAODSIM/130X_mcRun3_2023_realistic_v14-v2/40000/87db18ea-f4e6-4fd0-a39e-e95bd22ac8df.root
01-Feb-2025 18:16:32 CST  Initiating request to open file root://cmsxrootd.fnal.gov//store/mc/Run3Summer23MiniAODv4/WtoLNu-4Jets_MLNu-0to120_HT-400to800_TuneCP5_13p6TeV_madgraphMLM-pythia8/MINIAODSIM/130X_mcRun3_2023_realistic_v14-v2/40000/a628dc28-dc0f-4ef8-94f2-07f3f6172795.root
01-Feb-2025 18:16:33 CST  Successfully opened file root://cmsxrootd.fnal.gov//store/mc/Run3Summer23MiniAODv4/WtoLNu-4Jets_MLNu-0to120_HT-400to800_TuneCP5_13p6TeV_madgraphMLM-pythia8/MINIAODSIM/130X_mcRun3_2023_realistic_v14-v2/40000/a628dc28-dc0f-4ef8-94f2-07f3f6172795.root
01-Feb-2025 18:16:34 CST  Closed file root://cmsxrootd.fnal.gov//store/mc/Run3Summer23MiniAODv4/WtoLNu-4Jets_MLNu-0to120_HT-400to800_TuneCP5_13p6TeV_madgraphMLM-pythia8/MINIAODSIM/130X_mcRun3_2023_realistic_v14-v2/40000/a628dc28-dc0f-4ef8-94f2-07f3f6172795.root
01-Feb-2025 18:16:34 CST  Initiating request to open file root://cmsxrootd.fnal.gov//store/mc/Run3Summer23MiniAODv4/WtoLNu-4Jets_MLNu-0to120_HT-400to800_TuneCP5_13p6TeV_madgraphMLM-pythia8/MINIAODSIM/130X_mcRun3_2023_realistic_v14-v2/40000/7c22e340-4adf-4f8d-ae48-0df871c5573d.root
01-Feb-2025 18:16:35 CST  Successfully opened file root://cmsxrootd.fnal.gov//store/mc/Run3Summer23MiniAODv4/WtoLNu-4Jets_MLNu-0to120_HT-400to800_TuneCP5_13p6TeV_madgraphMLM-pythia8/MINIAODSIM/130X_mcRun3_2023_realistic_v14-v2/40000/7c22e340-4adf-4f8d-ae48-0df871c5573d.root
01-Feb-2025 18:16:37 CST  Closed file root://cmsxrootd.fnal.gov//store/mc/Run3Summer23MiniAODv4/WtoLNu-4Jets_MLNu-0to120_HT-400to800_TuneCP5_13p6TeV_madgraphMLM-pythia8/MINIAODSIM/130X_mcRun3_2023_realistic_v14-v2/40000/7c22e340-4adf-4f8d-ae48-0df871c5573d.root
01-Feb-2025 18:16:37 CST  Initiating request to open file root://cmsxrootd.fnal.gov//store/mc/Run3Summer23MiniAODv4/WtoLNu-4Jets_MLNu-0to120_HT-400to800_TuneCP5_13p6TeV_madgraphMLM-pythia8/MINIAODSIM/130X_mcRun3_2023_realistic_v14-v2/40000/cb477079-55e7-4ccd-b7a9-cbb2dc5b87fe.root
01-Feb-2025 18:16:38 CST  Successfully opened file root://cmsxrootd.fnal.gov//store/mc/Run3Summer23MiniAODv4/WtoLNu-4Jets_MLNu-0to120_HT-400to800_TuneCP5_13p6TeV_madgraphMLM-pythia8/MINIAODSIM/130X_mcRun3_2023_realistic_v14-v2/40000/cb477079-55e7-4ccd-b7a9-cbb2dc5b87fe.root
01-Feb-2025 18:16:39 CST  Closed file root://cmsxrootd.fnal.gov//store/mc/Run3Summer23MiniAODv4/WtoLNu-4Jets_MLNu-0to120_HT-400to800_TuneCP5_13p6TeV_madgraphMLM-pythia8/MINIAODSIM/130X_mcRun3_2023_realistic_v14-v2/40000/cb477079-55e7-4ccd-b7a9-cbb2dc5b87fe.root
01-Feb-2025 18:16:39 CST  Initiating request to open file root://cmsxrootd.fnal.gov//store/mc/Run3Summer23MiniAODv4/WtoLNu-4Jets_MLNu-0to120_HT-400to800_TuneCP5_13p6TeV_madgraphMLM-pythia8/MINIAODSIM/130X_mcRun3_2023_realistic_v14-v2/40000/1bd46a86-00bf-4a25-abcf-a137b13d0ab7.root
01-Feb-2025 18:16:40 CST  Successfully opened file root://cmsxrootd.fnal.gov//store/mc/Run3Summer23MiniAODv4/WtoLNu-4Jets_MLNu-0to120_HT-400to800_TuneCP5_13p6TeV_madgraphMLM-pythia8/MINIAODSIM/130X_mcRun3_2023_realistic_v14-v2/40000/1bd46a86-00bf-4a25-abcf-a137b13d0ab7.root
01-Feb-2025 18:16:41 CST  Closed file root://cmsxrootd.fnal.gov//store/mc/Run3Summer23MiniAODv4/WtoLNu-4Jets_MLNu-0to120_HT-400to800_TuneCP5_13p6TeV_madgraphMLM-pythia8/MINIAODSIM/130X_mcRun3_2023_realistic_v14-v2/40000/1bd46a86-00bf-4a25-abcf-a137b13d0ab7.root
01-Feb-2025 18:16:41 CST  Initiating request to open file root://cmsxrootd.fnal.gov//store/mc/Run3Summer23MiniAODv4/WtoLNu-4Jets_MLNu-0to120_HT-400to800_TuneCP5_13p6TeV_madgraphMLM-pythia8/MINIAODSIM/130X_mcRun3_2023_realistic_v14-v2/40000/dbb0d39a-03c9-486c-8baa-0a75a5babcfa.root
01-Feb-2025 18:16:42 CST  Successfully opened file root://cmsxrootd.fnal.gov//store/mc/Run3Summer23MiniAODv4/WtoLNu-4Jets_MLNu-0to120_HT-400to800_TuneCP5_13p6TeV_madgraphMLM-pythia8/MINIAODSIM/130X_mcRun3_2023_realistic_v14-v2/40000/dbb0d39a-03c9-486c-8baa-0a75a5babcfa.root
01-Feb-2025 18:16:43 CST  Closed file root://cmsxrootd.fnal.gov//store/mc/Run3Summer23MiniAODv4/WtoLNu-4Jets_MLNu-0to120_HT-400to800_TuneCP5_13p6TeV_madgraphMLM-pythia8/MINIAODSIM/130X_mcRun3_2023_realistic_v14-v2/40000/dbb0d39a-03c9-486c-8baa-0a75a5babcfa.root
01-Feb-2025 18:16:43 CST  Initiating request to open file root://cmsxrootd.fnal.gov//store/mc/Run3Summer23MiniAODv4/WtoLNu-4Jets_MLNu-0to120_HT-400to800_TuneCP5_13p6TeV_madgraphMLM-pythia8/MINIAODSIM/130X_mcRun3_2023_realistic_v14-v2/40000/e5968dcd-b1d7-48c9-9859-43221810abbf.root
01-Feb-2025 18:16:44 CST  Successfully opened file root://cmsxrootd.fnal.gov//store/mc/Run3Summer23MiniAODv4/WtoLNu-4Jets_MLNu-0to120_HT-400to800_TuneCP5_13p6TeV_madgraphMLM-pythia8/MINIAODSIM/130X_mcRun3_2023_realistic_v14-v2/40000/e5968dcd-b1d7-48c9-9859-43221810abbf.root
Begin processing the 600001st record. Run 1, Event 264805627, LumiSection 25911 on stream 0 at 01-Feb-2025 18:16:45.667 CST
01-Feb-2025 18:16:45 CST  Closed file root://cmsxrootd.fnal.gov//store/mc/Run3Summer23MiniAODv4/WtoLNu-4Jets_MLNu-0to120_HT-400to800_TuneCP5_13p6TeV_madgraphMLM-pythia8/MINIAODSIM/130X_mcRun3_2023_realistic_v14-v2/40000/e5968dcd-b1d7-48c9-9859-43221810abbf.root
01-Feb-2025 18:16:45 CST  Initiating request to open file root://cmsxrootd.fnal.gov//store/mc/Run3Summer23MiniAODv4/WtoLNu-4Jets_MLNu-0to120_HT-400to800_TuneCP5_13p6TeV_madgraphMLM-pythia8/MINIAODSIM/130X_mcRun3_2023_realistic_v14-v2/40000/84455b58-90c8-42f3-b849-6a13a1b75b8c.root
01-Feb-2025 18:16:46 CST  Successfully opened file root://cmsxrootd.fnal.gov//store/mc/Run3Summer23MiniAODv4/WtoLNu-4Jets_MLNu-0to120_HT-400to800_TuneCP5_13p6TeV_madgraphMLM-pythia8/MINIAODSIM/130X_mcRun3_2023_realistic_v14-v2/40000/84455b58-90c8-42f3-b849-6a13a1b75b8c.root
01-Feb-2025 18:16:47 CST  Closed file root://cmsxrootd.fnal.gov//store/mc/Run3Summer23MiniAODv4/WtoLNu-4Jets_MLNu-0to120_HT-400to800_TuneCP5_13p6TeV_madgraphMLM-pythia8/MINIAODSIM/130X_mcRun3_2023_realistic_v14-v2/40000/84455b58-90c8-42f3-b849-6a13a1b75b8c.root
01-Feb-2025 18:16:47 CST  Initiating request to open file root://cmsxrootd.fnal.gov//store/mc/Run3Summer23MiniAODv4/WtoLNu-4Jets_MLNu-0to120_HT-400to800_TuneCP5_13p6TeV_madgraphMLM-pythia8/MINIAODSIM/130X_mcRun3_2023_realistic_v14-v2/40000/f23db690-dc57-4ff0-857a-12013f1db753.root
01-Feb-2025 18:16:48 CST  Successfully opened file root://cmsxrootd.fnal.gov//store/mc/Run3Summer23MiniAODv4/WtoLNu-4Jets_MLNu-0to120_HT-400to800_TuneCP5_13p6TeV_madgraphMLM-pythia8/MINIAODSIM/130X_mcRun3_2023_realistic_v14-v2/40000/f23db690-dc57-4ff0-857a-12013f1db753.root
01-Feb-2025 18:16:49 CST  Closed file root://cmsxrootd.fnal.gov//store/mc/Run3Summer23MiniAODv4/WtoLNu-4Jets_MLNu-0to120_HT-400to800_TuneCP5_13p6TeV_madgraphMLM-pythia8/MINIAODSIM/130X_mcRun3_2023_realistic_v14-v2/40000/f23db690-dc57-4ff0-857a-12013f1db753.root
01-Feb-2025 18:16:49 CST  Initiating request to open file root://cmsxrootd.fnal.gov//store/mc/Run3Summer23MiniAODv4/WtoLNu-4Jets_MLNu-0to120_HT-400to800_TuneCP5_13p6TeV_madgraphMLM-pythia8/MINIAODSIM/130X_mcRun3_2023_realistic_v14-v2/40000/43c29ef5-c6f0-495a-b2a2-f2ffbb1c5beb.root
01-Feb-2025 18:16:50 CST  Successfully opened file root://cmsxrootd.fnal.gov//store/mc/Run3Summer23MiniAODv4/WtoLNu-4Jets_MLNu-0to120_HT-400to800_TuneCP5_13p6TeV_madgraphMLM-pythia8/MINIAODSIM/130X_mcRun3_2023_realistic_v14-v2/40000/43c29ef5-c6f0-495a-b2a2-f2ffbb1c5beb.root
01-Feb-2025 18:16:51 CST  Closed file root://cmsxrootd.fnal.gov//store/mc/Run3Summer23MiniAODv4/WtoLNu-4Jets_MLNu-0to120_HT-400to800_TuneCP5_13p6TeV_madgraphMLM-pythia8/MINIAODSIM/130X_mcRun3_2023_realistic_v14-v2/40000/43c29ef5-c6f0-495a-b2a2-f2ffbb1c5beb.root
01-Feb-2025 18:16:51 CST  Initiating request to open file root://cmsxrootd.fnal.gov//store/mc/Run3Summer23MiniAODv4/WtoLNu-4Jets_MLNu-0to120_HT-400to800_TuneCP5_13p6TeV_madgraphMLM-pythia8/MINIAODSIM/130X_mcRun3_2023_realistic_v14-v2/40000/41f6b555-4443-4326-b1a6-b5285a7fcd7d.root
01-Feb-2025 18:16:52 CST  Successfully opened file root://cmsxrootd.fnal.gov//store/mc/Run3Summer23MiniAODv4/WtoLNu-4Jets_MLNu-0to120_HT-400to800_TuneCP5_13p6TeV_madgraphMLM-pythia8/MINIAODSIM/130X_mcRun3_2023_realistic_v14-v2/40000/41f6b555-4443-4326-b1a6-b5285a7fcd7d.root
01-Feb-2025 18:16:54 CST  Closed file root://cmsxrootd.fnal.gov//store/mc/Run3Summer23MiniAODv4/WtoLNu-4Jets_MLNu-0to120_HT-400to800_TuneCP5_13p6TeV_madgraphMLM-pythia8/MINIAODSIM/130X_mcRun3_2023_realistic_v14-v2/40000/41f6b555-4443-4326-b1a6-b5285a7fcd7d.root
01-Feb-2025 18:16:54 CST  Initiating request to open file root://cmsxrootd.fnal.gov//store/mc/Run3Summer23MiniAODv4/WtoLNu-4Jets_MLNu-0to120_HT-400to800_TuneCP5_13p6TeV_madgraphMLM-pythia8/MINIAODSIM/130X_mcRun3_2023_realistic_v14-v2/40000/819978ec-6f66-40a2-9b38-deab47cc57ea.root
01-Feb-2025 18:16:55 CST  Successfully opened file root://cmsxrootd.fnal.gov//store/mc/Run3Summer23MiniAODv4/WtoLNu-4Jets_MLNu-0to120_HT-400to800_TuneCP5_13p6TeV_madgraphMLM-pythia8/MINIAODSIM/130X_mcRun3_2023_realistic_v14-v2/40000/819978ec-6f66-40a2-9b38-deab47cc57ea.root
01-Feb-2025 18:16:55 CST  Closed file root://cmsxrootd.fnal.gov//store/mc/Run3Summer23MiniAODv4/WtoLNu-4Jets_MLNu-0to120_HT-400to800_TuneCP5_13p6TeV_madgraphMLM-pythia8/MINIAODSIM/130X_mcRun3_2023_realistic_v14-v2/40000/819978ec-6f66-40a2-9b38-deab47cc57ea.root
01-Feb-2025 18:16:55 CST  Initiating request to open file root://cmsxrootd.fnal.gov//store/mc/Run3Summer23MiniAODv4/WtoLNu-4Jets_MLNu-0to120_HT-400to800_TuneCP5_13p6TeV_madgraphMLM-pythia8/MINIAODSIM/130X_mcRun3_2023_realistic_v14-v2/40000/2b07e235-614a-46e8-8d1d-cd041c602142.root
01-Feb-2025 18:16:57 CST  Successfully opened file root://cmsxrootd.fnal.gov//store/mc/Run3Summer23MiniAODv4/WtoLNu-4Jets_MLNu-0to120_HT-400to800_TuneCP5_13p6TeV_madgraphMLM-pythia8/MINIAODSIM/130X_mcRun3_2023_realistic_v14-v2/40000/2b07e235-614a-46e8-8d1d-cd041c602142.root
01-Feb-2025 18:16:58 CST  Closed file root://cmsxrootd.fnal.gov//store/mc/Run3Summer23MiniAODv4/WtoLNu-4Jets_MLNu-0to120_HT-400to800_TuneCP5_13p6TeV_madgraphMLM-pythia8/MINIAODSIM/130X_mcRun3_2023_realistic_v14-v2/40000/2b07e235-614a-46e8-8d1d-cd041c602142.root
01-Feb-2025 18:16:58 CST  Initiating request to open file root://cmsxrootd.fnal.gov//store/mc/Run3Summer23MiniAODv4/WtoLNu-4Jets_MLNu-0to120_HT-400to800_TuneCP5_13p6TeV_madgraphMLM-pythia8/MINIAODSIM/130X_mcRun3_2023_realistic_v14-v2/40000/d4073fcf-267b-4c8b-9fd3-53c52a7f1324.root
01-Feb-2025 18:17:00 CST  Successfully opened file root://cmsxrootd.fnal.gov//store/mc/Run3Summer23MiniAODv4/WtoLNu-4Jets_MLNu-0to120_HT-400to800_TuneCP5_13p6TeV_madgraphMLM-pythia8/MINIAODSIM/130X_mcRun3_2023_realistic_v14-v2/40000/d4073fcf-267b-4c8b-9fd3-53c52a7f1324.root
01-Feb-2025 18:17:00 CST  Closed file root://cmsxrootd.fnal.gov//store/mc/Run3Summer23MiniAODv4/WtoLNu-4Jets_MLNu-0to120_HT-400to800_TuneCP5_13p6TeV_madgraphMLM-pythia8/MINIAODSIM/130X_mcRun3_2023_realistic_v14-v2/40000/d4073fcf-267b-4c8b-9fd3-53c52a7f1324.root
01-Feb-2025 18:17:00 CST  Initiating request to open file root://cmsxrootd.fnal.gov//store/mc/Run3Summer23MiniAODv4/WtoLNu-4Jets_MLNu-0to120_HT-400to800_TuneCP5_13p6TeV_madgraphMLM-pythia8/MINIAODSIM/130X_mcRun3_2023_realistic_v14-v2/40000/8afde2a7-aaff-44c6-a4a6-e0939615eae4.root
01-Feb-2025 18:17:01 CST  Successfully opened file root://cmsxrootd.fnal.gov//store/mc/Run3Summer23MiniAODv4/WtoLNu-4Jets_MLNu-0to120_HT-400to800_TuneCP5_13p6TeV_madgraphMLM-pythia8/MINIAODSIM/130X_mcRun3_2023_realistic_v14-v2/40000/8afde2a7-aaff-44c6-a4a6-e0939615eae4.root
01-Feb-2025 18:17:02 CST  Closed file root://cmsxrootd.fnal.gov//store/mc/Run3Summer23MiniAODv4/WtoLNu-4Jets_MLNu-0to120_HT-400to800_TuneCP5_13p6TeV_madgraphMLM-pythia8/MINIAODSIM/130X_mcRun3_2023_realistic_v14-v2/40000/8afde2a7-aaff-44c6-a4a6-e0939615eae4.root
01-Feb-2025 18:17:02 CST  Initiating request to open file root://cmsxrootd.fnal.gov//store/mc/Run3Summer23MiniAODv4/WtoLNu-4Jets_MLNu-0to120_HT-400to800_TuneCP5_13p6TeV_madgraphMLM-pythia8/MINIAODSIM/130X_mcRun3_2023_realistic_v14-v2/40000/b4cdce51-d4d2-451e-88eb-40d24b8e84d9.root
01-Feb-2025 18:17:03 CST  Successfully opened file root://cmsxrootd.fnal.gov//store/mc/Run3Summer23MiniAODv4/WtoLNu-4Jets_MLNu-0to120_HT-400to800_TuneCP5_13p6TeV_madgraphMLM-pythia8/MINIAODSIM/130X_mcRun3_2023_realistic_v14-v2/40000/b4cdce51-d4d2-451e-88eb-40d24b8e84d9.root
01-Feb-2025 18:17:04 CST  Closed file root://cmsxrootd.fnal.gov//store/mc/Run3Summer23MiniAODv4/WtoLNu-4Jets_MLNu-0to120_HT-400to800_TuneCP5_13p6TeV_madgraphMLM-pythia8/MINIAODSIM/130X_mcRun3_2023_realistic_v14-v2/40000/b4cdce51-d4d2-451e-88eb-40d24b8e84d9.root
01-Feb-2025 18:17:04 CST  Initiating request to open file root://cmsxrootd.fnal.gov//store/mc/Run3Summer23MiniAODv4/WtoLNu-4Jets_MLNu-0to120_HT-400to800_TuneCP5_13p6TeV_madgraphMLM-pythia8/MINIAODSIM/130X_mcRun3_2023_realistic_v14-v2/40000/a9c5da0a-56ec-445a-9592-f4754fdb3f9e.root
01-Feb-2025 18:17:05 CST  Successfully opened file root://cmsxrootd.fnal.gov//store/mc/Run3Summer23MiniAODv4/WtoLNu-4Jets_MLNu-0to120_HT-400to800_TuneCP5_13p6TeV_madgraphMLM-pythia8/MINIAODSIM/130X_mcRun3_2023_realistic_v14-v2/40000/a9c5da0a-56ec-445a-9592-f4754fdb3f9e.root
01-Feb-2025 18:17:06 CST  Closed file root://cmsxrootd.fnal.gov//store/mc/Run3Summer23MiniAODv4/WtoLNu-4Jets_MLNu-0to120_HT-400to800_TuneCP5_13p6TeV_madgraphMLM-pythia8/MINIAODSIM/130X_mcRun3_2023_realistic_v14-v2/40000/a9c5da0a-56ec-445a-9592-f4754fdb3f9e.root
01-Feb-2025 18:17:06 CST  Initiating request to open file root://cmsxrootd.fnal.gov//store/mc/Run3Summer23MiniAODv4/WtoLNu-4Jets_MLNu-0to120_HT-400to800_TuneCP5_13p6TeV_madgraphMLM-pythia8/MINIAODSIM/130X_mcRun3_2023_realistic_v14-v2/40000/7e8b3c2e-a983-46da-9520-f973dab3e5cd.root
01-Feb-2025 18:17:07 CST  Successfully opened file root://cmsxrootd.fnal.gov//store/mc/Run3Summer23MiniAODv4/WtoLNu-4Jets_MLNu-0to120_HT-400to800_TuneCP5_13p6TeV_madgraphMLM-pythia8/MINIAODSIM/130X_mcRun3_2023_realistic_v14-v2/40000/7e8b3c2e-a983-46da-9520-f973dab3e5cd.root
01-Feb-2025 18:17:09 CST  Closed file root://cmsxrootd.fnal.gov//store/mc/Run3Summer23MiniAODv4/WtoLNu-4Jets_MLNu-0to120_HT-400to800_TuneCP5_13p6TeV_madgraphMLM-pythia8/MINIAODSIM/130X_mcRun3_2023_realistic_v14-v2/40000/7e8b3c2e-a983-46da-9520-f973dab3e5cd.root
01-Feb-2025 18:17:09 CST  Initiating request to open file root://cmsxrootd.fnal.gov//store/mc/Run3Summer23MiniAODv4/WtoLNu-4Jets_MLNu-0to120_HT-400to800_TuneCP5_13p6TeV_madgraphMLM-pythia8/MINIAODSIM/130X_mcRun3_2023_realistic_v14-v2/40000/56b2231e-af6f-455a-8f7d-f9d79d54d084.root
01-Feb-2025 18:17:10 CST  Successfully opened file root://cmsxrootd.fnal.gov//store/mc/Run3Summer23MiniAODv4/WtoLNu-4Jets_MLNu-0to120_HT-400to800_TuneCP5_13p6TeV_madgraphMLM-pythia8/MINIAODSIM/130X_mcRun3_2023_realistic_v14-v2/40000/56b2231e-af6f-455a-8f7d-f9d79d54d084.root
01-Feb-2025 18:17:10 CST  Closed file root://cmsxrootd.fnal.gov//store/mc/Run3Summer23MiniAODv4/WtoLNu-4Jets_MLNu-0to120_HT-400to800_TuneCP5_13p6TeV_madgraphMLM-pythia8/MINIAODSIM/130X_mcRun3_2023_realistic_v14-v2/40000/56b2231e-af6f-455a-8f7d-f9d79d54d084.root
01-Feb-2025 18:17:10 CST  Initiating request to open file root://cmsxrootd.fnal.gov//store/mc/Run3Summer23MiniAODv4/WtoLNu-4Jets_MLNu-0to120_HT-400to800_TuneCP5_13p6TeV_madgraphMLM-pythia8/MINIAODSIM/130X_mcRun3_2023_realistic_v14-v2/40000/2bed43f3-a41b-432b-a24e-b979e3e79e80.root
01-Feb-2025 18:17:11 CST  Successfully opened file root://cmsxrootd.fnal.gov//store/mc/Run3Summer23MiniAODv4/WtoLNu-4Jets_MLNu-0to120_HT-400to800_TuneCP5_13p6TeV_madgraphMLM-pythia8/MINIAODSIM/130X_mcRun3_2023_realistic_v14-v2/40000/2bed43f3-a41b-432b-a24e-b979e3e79e80.root
01-Feb-2025 18:17:12 CST  Closed file root://cmsxrootd.fnal.gov//store/mc/Run3Summer23MiniAODv4/WtoLNu-4Jets_MLNu-0to120_HT-400to800_TuneCP5_13p6TeV_madgraphMLM-pythia8/MINIAODSIM/130X_mcRun3_2023_realistic_v14-v2/40000/2bed43f3-a41b-432b-a24e-b979e3e79e80.root
01-Feb-2025 18:17:12 CST  Initiating request to open file root://cmsxrootd.fnal.gov//store/mc/Run3Summer23MiniAODv4/WtoLNu-4Jets_MLNu-0to120_HT-400to800_TuneCP5_13p6TeV_madgraphMLM-pythia8/MINIAODSIM/130X_mcRun3_2023_realistic_v14-v2/40000/cb4498b7-25df-47f3-a3c5-b2c8ecd6772e.root
01-Feb-2025 18:17:13 CST  Successfully opened file root://cmsxrootd.fnal.gov//store/mc/Run3Summer23MiniAODv4/WtoLNu-4Jets_MLNu-0to120_HT-400to800_TuneCP5_13p6TeV_madgraphMLM-pythia8/MINIAODSIM/130X_mcRun3_2023_realistic_v14-v2/40000/cb4498b7-25df-47f3-a3c5-b2c8ecd6772e.root
01-Feb-2025 18:17:15 CST  Closed file root://cmsxrootd.fnal.gov//store/mc/Run3Summer23MiniAODv4/WtoLNu-4Jets_MLNu-0to120_HT-400to800_TuneCP5_13p6TeV_madgraphMLM-pythia8/MINIAODSIM/130X_mcRun3_2023_realistic_v14-v2/40000/cb4498b7-25df-47f3-a3c5-b2c8ecd6772e.root
01-Feb-2025 18:17:15 CST  Initiating request to open file root://cmsxrootd.fnal.gov//store/mc/Run3Summer23MiniAODv4/WtoLNu-4Jets_MLNu-0to120_HT-400to800_TuneCP5_13p6TeV_madgraphMLM-pythia8/MINIAODSIM/130X_mcRun3_2023_realistic_v14-v2/40000/1fe4cf22-b55e-4e68-8ec3-9cc98a349799.root
01-Feb-2025 18:17:16 CST  Successfully opened file root://cmsxrootd.fnal.gov//store/mc/Run3Summer23MiniAODv4/WtoLNu-4Jets_MLNu-0to120_HT-400to800_TuneCP5_13p6TeV_madgraphMLM-pythia8/MINIAODSIM/130X_mcRun3_2023_realistic_v14-v2/40000/1fe4cf22-b55e-4e68-8ec3-9cc98a349799.root
Begin processing the 700001st record. Run 1, Event 258831557, LumiSection 25326 on stream 0 at 01-Feb-2025 18:17:17.719 CST
01-Feb-2025 18:17:17 CST  Closed file root://cmsxrootd.fnal.gov//store/mc/Run3Summer23MiniAODv4/WtoLNu-4Jets_MLNu-0to120_HT-400to800_TuneCP5_13p6TeV_madgraphMLM-pythia8/MINIAODSIM/130X_mcRun3_2023_realistic_v14-v2/40000/1fe4cf22-b55e-4e68-8ec3-9cc98a349799.root
01-Feb-2025 18:17:17 CST  Initiating request to open file root://cmsxrootd.fnal.gov//store/mc/Run3Summer23MiniAODv4/WtoLNu-4Jets_MLNu-0to120_HT-400to800_TuneCP5_13p6TeV_madgraphMLM-pythia8/MINIAODSIM/130X_mcRun3_2023_realistic_v14-v2/40000/8c9ec115-5e88-44d5-8e21-1a0f6dd86486.root
01-Feb-2025 18:17:18 CST  Successfully opened file root://cmsxrootd.fnal.gov//store/mc/Run3Summer23MiniAODv4/WtoLNu-4Jets_MLNu-0to120_HT-400to800_TuneCP5_13p6TeV_madgraphMLM-pythia8/MINIAODSIM/130X_mcRun3_2023_realistic_v14-v2/40000/8c9ec115-5e88-44d5-8e21-1a0f6dd86486.root
01-Feb-2025 18:17:19 CST  Closed file root://cmsxrootd.fnal.gov//store/mc/Run3Summer23MiniAODv4/WtoLNu-4Jets_MLNu-0to120_HT-400to800_TuneCP5_13p6TeV_madgraphMLM-pythia8/MINIAODSIM/130X_mcRun3_2023_realistic_v14-v2/40000/8c9ec115-5e88-44d5-8e21-1a0f6dd86486.root
01-Feb-2025 18:17:19 CST  Initiating request to open file root://cmsxrootd.fnal.gov//store/mc/Run3Summer23MiniAODv4/WtoLNu-4Jets_MLNu-0to120_HT-400to800_TuneCP5_13p6TeV_madgraphMLM-pythia8/MINIAODSIM/130X_mcRun3_2023_realistic_v14-v2/40000/bb3d8ac6-7661-4487-af9f-c120966dbc1c.root
01-Feb-2025 18:17:20 CST  Successfully opened file root://cmsxrootd.fnal.gov//store/mc/Run3Summer23MiniAODv4/WtoLNu-4Jets_MLNu-0to120_HT-400to800_TuneCP5_13p6TeV_madgraphMLM-pythia8/MINIAODSIM/130X_mcRun3_2023_realistic_v14-v2/40000/bb3d8ac6-7661-4487-af9f-c120966dbc1c.root
01-Feb-2025 18:17:21 CST  Closed file root://cmsxrootd.fnal.gov//store/mc/Run3Summer23MiniAODv4/WtoLNu-4Jets_MLNu-0to120_HT-400to800_TuneCP5_13p6TeV_madgraphMLM-pythia8/MINIAODSIM/130X_mcRun3_2023_realistic_v14-v2/40000/bb3d8ac6-7661-4487-af9f-c120966dbc1c.root
01-Feb-2025 18:17:21 CST  Initiating request to open file root://cmsxrootd.fnal.gov//store/mc/Run3Summer23MiniAODv4/WtoLNu-4Jets_MLNu-0to120_HT-400to800_TuneCP5_13p6TeV_madgraphMLM-pythia8/MINIAODSIM/130X_mcRun3_2023_realistic_v14-v2/40000/6dfb5e6e-b2b3-4d55-acc3-8ba7b869c1ff.root
01-Feb-2025 18:17:22 CST  Successfully opened file root://cmsxrootd.fnal.gov//store/mc/Run3Summer23MiniAODv4/WtoLNu-4Jets_MLNu-0to120_HT-400to800_TuneCP5_13p6TeV_madgraphMLM-pythia8/MINIAODSIM/130X_mcRun3_2023_realistic_v14-v2/40000/6dfb5e6e-b2b3-4d55-acc3-8ba7b869c1ff.root
01-Feb-2025 18:17:23 CST  Closed file root://cmsxrootd.fnal.gov//store/mc/Run3Summer23MiniAODv4/WtoLNu-4Jets_MLNu-0to120_HT-400to800_TuneCP5_13p6TeV_madgraphMLM-pythia8/MINIAODSIM/130X_mcRun3_2023_realistic_v14-v2/40000/6dfb5e6e-b2b3-4d55-acc3-8ba7b869c1ff.root
01-Feb-2025 18:17:23 CST  Initiating request to open file root://cmsxrootd.fnal.gov//store/mc/Run3Summer23MiniAODv4/WtoLNu-4Jets_MLNu-0to120_HT-400to800_TuneCP5_13p6TeV_madgraphMLM-pythia8/MINIAODSIM/130X_mcRun3_2023_realistic_v14-v2/40000/89940bb7-6058-4815-a0a3-1fadf2ee1262.root
01-Feb-2025 18:17:24 CST  Successfully opened file root://cmsxrootd.fnal.gov//store/mc/Run3Summer23MiniAODv4/WtoLNu-4Jets_MLNu-0to120_HT-400to800_TuneCP5_13p6TeV_madgraphMLM-pythia8/MINIAODSIM/130X_mcRun3_2023_realistic_v14-v2/40000/89940bb7-6058-4815-a0a3-1fadf2ee1262.root
01-Feb-2025 18:17:26 CST  Closed file root://cmsxrootd.fnal.gov//store/mc/Run3Summer23MiniAODv4/WtoLNu-4Jets_MLNu-0to120_HT-400to800_TuneCP5_13p6TeV_madgraphMLM-pythia8/MINIAODSIM/130X_mcRun3_2023_realistic_v14-v2/40000/89940bb7-6058-4815-a0a3-1fadf2ee1262.root
01-Feb-2025 18:17:26 CST  Initiating request to open file root://cmsxrootd.fnal.gov//store/mc/Run3Summer23MiniAODv4/WtoLNu-4Jets_MLNu-0to120_HT-400to800_TuneCP5_13p6TeV_madgraphMLM-pythia8/MINIAODSIM/130X_mcRun3_2023_realistic_v14-v2/40000/dcc9ee2e-da72-4ec0-9707-7d5b9c280067.root
01-Feb-2025 18:17:27 CST  Successfully opened file root://cmsxrootd.fnal.gov//store/mc/Run3Summer23MiniAODv4/WtoLNu-4Jets_MLNu-0to120_HT-400to800_TuneCP5_13p6TeV_madgraphMLM-pythia8/MINIAODSIM/130X_mcRun3_2023_realistic_v14-v2/40000/dcc9ee2e-da72-4ec0-9707-7d5b9c280067.root
01-Feb-2025 18:17:28 CST  Closed file root://cmsxrootd.fnal.gov//store/mc/Run3Summer23MiniAODv4/WtoLNu-4Jets_MLNu-0to120_HT-400to800_TuneCP5_13p6TeV_madgraphMLM-pythia8/MINIAODSIM/130X_mcRun3_2023_realistic_v14-v2/40000/dcc9ee2e-da72-4ec0-9707-7d5b9c280067.root
01-Feb-2025 18:17:28 CST  Initiating request to open file root://cmsxrootd.fnal.gov//store/mc/Run3Summer23MiniAODv4/WtoLNu-4Jets_MLNu-0to120_HT-400to800_TuneCP5_13p6TeV_madgraphMLM-pythia8/MINIAODSIM/130X_mcRun3_2023_realistic_v14-v2/40000/a182727f-a932-4838-87ba-2b3fd0116e5a.root
01-Feb-2025 18:17:29 CST  Successfully opened file root://cmsxrootd.fnal.gov//store/mc/Run3Summer23MiniAODv4/WtoLNu-4Jets_MLNu-0to120_HT-400to800_TuneCP5_13p6TeV_madgraphMLM-pythia8/MINIAODSIM/130X_mcRun3_2023_realistic_v14-v2/40000/a182727f-a932-4838-87ba-2b3fd0116e5a.root
01-Feb-2025 18:17:31 CST  Closed file root://cmsxrootd.fnal.gov//store/mc/Run3Summer23MiniAODv4/WtoLNu-4Jets_MLNu-0to120_HT-400to800_TuneCP5_13p6TeV_madgraphMLM-pythia8/MINIAODSIM/130X_mcRun3_2023_realistic_v14-v2/40000/a182727f-a932-4838-87ba-2b3fd0116e5a.root
01-Feb-2025 18:17:31 CST  Initiating request to open file root://cmsxrootd.fnal.gov//store/mc/Run3Summer23MiniAODv4/WtoLNu-4Jets_MLNu-0to120_HT-400to800_TuneCP5_13p6TeV_madgraphMLM-pythia8/MINIAODSIM/130X_mcRun3_2023_realistic_v14-v2/40000/70d2266a-c91d-456f-a302-095e7902ee0a.root
01-Feb-2025 18:17:32 CST  Successfully opened file root://cmsxrootd.fnal.gov//store/mc/Run3Summer23MiniAODv4/WtoLNu-4Jets_MLNu-0to120_HT-400to800_TuneCP5_13p6TeV_madgraphMLM-pythia8/MINIAODSIM/130X_mcRun3_2023_realistic_v14-v2/40000/70d2266a-c91d-456f-a302-095e7902ee0a.root
Begin processing the 800001st record. Run 1, Event 257536222, LumiSection 25200 on stream 0 at 01-Feb-2025 18:17:33.733 CST
01-Feb-2025 18:17:33 CST  Closed file root://cmsxrootd.fnal.gov//store/mc/Run3Summer23MiniAODv4/WtoLNu-4Jets_MLNu-0to120_HT-400to800_TuneCP5_13p6TeV_madgraphMLM-pythia8/MINIAODSIM/130X_mcRun3_2023_realistic_v14-v2/40000/70d2266a-c91d-456f-a302-095e7902ee0a.root
01-Feb-2025 18:17:33 CST  Initiating request to open file root://cmsxrootd.fnal.gov//store/mc/Run3Summer23MiniAODv4/WtoLNu-4Jets_MLNu-0to120_HT-400to800_TuneCP5_13p6TeV_madgraphMLM-pythia8/MINIAODSIM/130X_mcRun3_2023_realistic_v14-v2/40000/8782d19a-c610-45ce-9690-b49266dc12c1.root
01-Feb-2025 18:17:35 CST  Successfully opened file root://cmsxrootd.fnal.gov//store/mc/Run3Summer23MiniAODv4/WtoLNu-4Jets_MLNu-0to120_HT-400to800_TuneCP5_13p6TeV_madgraphMLM-pythia8/MINIAODSIM/130X_mcRun3_2023_realistic_v14-v2/40000/8782d19a-c610-45ce-9690-b49266dc12c1.root
01-Feb-2025 18:17:35 CST  Closed file root://cmsxrootd.fnal.gov//store/mc/Run3Summer23MiniAODv4/WtoLNu-4Jets_MLNu-0to120_HT-400to800_TuneCP5_13p6TeV_madgraphMLM-pythia8/MINIAODSIM/130X_mcRun3_2023_realistic_v14-v2/40000/8782d19a-c610-45ce-9690-b49266dc12c1.root
01-Feb-2025 18:17:35 CST  Initiating request to open file root://cmsxrootd.fnal.gov//store/mc/Run3Summer23MiniAODv4/WtoLNu-4Jets_MLNu-0to120_HT-400to800_TuneCP5_13p6TeV_madgraphMLM-pythia8/MINIAODSIM/130X_mcRun3_2023_realistic_v14-v2/40000/b736f7e7-ca55-44a4-b7f6-39101d63e424.root
01-Feb-2025 18:17:37 CST  Successfully opened file root://cmsxrootd.fnal.gov//store/mc/Run3Summer23MiniAODv4/WtoLNu-4Jets_MLNu-0to120_HT-400to800_TuneCP5_13p6TeV_madgraphMLM-pythia8/MINIAODSIM/130X_mcRun3_2023_realistic_v14-v2/40000/b736f7e7-ca55-44a4-b7f6-39101d63e424.root
01-Feb-2025 18:17:37 CST  Closed file root://cmsxrootd.fnal.gov//store/mc/Run3Summer23MiniAODv4/WtoLNu-4Jets_MLNu-0to120_HT-400to800_TuneCP5_13p6TeV_madgraphMLM-pythia8/MINIAODSIM/130X_mcRun3_2023_realistic_v14-v2/40000/b736f7e7-ca55-44a4-b7f6-39101d63e424.root
01-Feb-2025 18:17:37 CST  Initiating request to open file root://cmsxrootd.fnal.gov//store/mc/Run3Summer23MiniAODv4/WtoLNu-4Jets_MLNu-0to120_HT-400to800_TuneCP5_13p6TeV_madgraphMLM-pythia8/MINIAODSIM/130X_mcRun3_2023_realistic_v14-v2/40000/70f5b73e-c0d5-4ea4-8ad4-305aeaff7aa0.root
01-Feb-2025 18:17:38 CST  Successfully opened file root://cmsxrootd.fnal.gov//store/mc/Run3Summer23MiniAODv4/WtoLNu-4Jets_MLNu-0to120_HT-400to800_TuneCP5_13p6TeV_madgraphMLM-pythia8/MINIAODSIM/130X_mcRun3_2023_realistic_v14-v2/40000/70f5b73e-c0d5-4ea4-8ad4-305aeaff7aa0.root
01-Feb-2025 18:17:40 CST  Closed file root://cmsxrootd.fnal.gov//store/mc/Run3Summer23MiniAODv4/WtoLNu-4Jets_MLNu-0to120_HT-400to800_TuneCP5_13p6TeV_madgraphMLM-pythia8/MINIAODSIM/130X_mcRun3_2023_realistic_v14-v2/40000/70f5b73e-c0d5-4ea4-8ad4-305aeaff7aa0.root
01-Feb-2025 18:17:40 CST  Initiating request to open file root://cmsxrootd.fnal.gov//store/mc/Run3Summer23MiniAODv4/WtoLNu-4Jets_MLNu-0to120_HT-400to800_TuneCP5_13p6TeV_madgraphMLM-pythia8/MINIAODSIM/130X_mcRun3_2023_realistic_v14-v2/40000/ea4ceb37-a935-48fc-a547-61bf5e3bd6fe.root
01-Feb-2025 18:17:41 CST  Successfully opened file root://cmsxrootd.fnal.gov//store/mc/Run3Summer23MiniAODv4/WtoLNu-4Jets_MLNu-0to120_HT-400to800_TuneCP5_13p6TeV_madgraphMLM-pythia8/MINIAODSIM/130X_mcRun3_2023_realistic_v14-v2/40000/ea4ceb37-a935-48fc-a547-61bf5e3bd6fe.root
01-Feb-2025 18:17:42 CST  Closed file root://cmsxrootd.fnal.gov//store/mc/Run3Summer23MiniAODv4/WtoLNu-4Jets_MLNu-0to120_HT-400to800_TuneCP5_13p6TeV_madgraphMLM-pythia8/MINIAODSIM/130X_mcRun3_2023_realistic_v14-v2/40000/ea4ceb37-a935-48fc-a547-61bf5e3bd6fe.root
01-Feb-2025 18:17:42 CST  Initiating request to open file root://cmsxrootd.fnal.gov//store/mc/Run3Summer23MiniAODv4/WtoLNu-4Jets_MLNu-0to120_HT-400to800_TuneCP5_13p6TeV_madgraphMLM-pythia8/MINIAODSIM/130X_mcRun3_2023_realistic_v14-v2/40000/aaffc9f1-29a2-4501-95ff-9c4793a0d50e.root
01-Feb-2025 18:17:43 CST  Successfully opened file root://cmsxrootd.fnal.gov//store/mc/Run3Summer23MiniAODv4/WtoLNu-4Jets_MLNu-0to120_HT-400to800_TuneCP5_13p6TeV_madgraphMLM-pythia8/MINIAODSIM/130X_mcRun3_2023_realistic_v14-v2/40000/aaffc9f1-29a2-4501-95ff-9c4793a0d50e.root
01-Feb-2025 18:17:44 CST  Closed file root://cmsxrootd.fnal.gov//store/mc/Run3Summer23MiniAODv4/WtoLNu-4Jets_MLNu-0to120_HT-400to800_TuneCP5_13p6TeV_madgraphMLM-pythia8/MINIAODSIM/130X_mcRun3_2023_realistic_v14-v2/40000/aaffc9f1-29a2-4501-95ff-9c4793a0d50e.root
01-Feb-2025 18:17:44 CST  Initiating request to open file root://cmsxrootd.fnal.gov//store/mc/Run3Summer23MiniAODv4/WtoLNu-4Jets_MLNu-0to120_HT-400to800_TuneCP5_13p6TeV_madgraphMLM-pythia8/MINIAODSIM/130X_mcRun3_2023_realistic_v14-v2/2820000/11bdef80-2d5f-4074-b3dc-818d0bb49d79.root
01-Feb-2025 18:17:45 CST  Successfully opened file root://cmsxrootd.fnal.gov//store/mc/Run3Summer23MiniAODv4/WtoLNu-4Jets_MLNu-0to120_HT-400to800_TuneCP5_13p6TeV_madgraphMLM-pythia8/MINIAODSIM/130X_mcRun3_2023_realistic_v14-v2/2820000/11bdef80-2d5f-4074-b3dc-818d0bb49d79.root
01-Feb-2025 18:17:47 CST  Closed file root://cmsxrootd.fnal.gov//store/mc/Run3Summer23MiniAODv4/WtoLNu-4Jets_MLNu-0to120_HT-400to800_TuneCP5_13p6TeV_madgraphMLM-pythia8/MINIAODSIM/130X_mcRun3_2023_realistic_v14-v2/2820000/11bdef80-2d5f-4074-b3dc-818d0bb49d79.root
01-Feb-2025 18:17:47 CST  Initiating request to open file root://cmsxrootd.fnal.gov//store/mc/Run3Summer23MiniAODv4/WtoLNu-4Jets_MLNu-0to120_HT-400to800_TuneCP5_13p6TeV_madgraphMLM-pythia8/MINIAODSIM/130X_mcRun3_2023_realistic_v14-v2/2820000/72acfb49-0d60-4f3a-ba94-13bc08ffaa92.root
01-Feb-2025 18:17:48 CST  Successfully opened file root://cmsxrootd.fnal.gov//store/mc/Run3Summer23MiniAODv4/WtoLNu-4Jets_MLNu-0to120_HT-400to800_TuneCP5_13p6TeV_madgraphMLM-pythia8/MINIAODSIM/130X_mcRun3_2023_realistic_v14-v2/2820000/72acfb49-0d60-4f3a-ba94-13bc08ffaa92.root
Begin processing the 900001st record. Run 1, Event 239284952, LumiSection 23414 on stream 0 at 01-Feb-2025 18:17:50.062 CST
01-Feb-2025 18:17:50 CST  Closed file root://cmsxrootd.fnal.gov//store/mc/Run3Summer23MiniAODv4/WtoLNu-4Jets_MLNu-0to120_HT-400to800_TuneCP5_13p6TeV_madgraphMLM-pythia8/MINIAODSIM/130X_mcRun3_2023_realistic_v14-v2/2820000/72acfb49-0d60-4f3a-ba94-13bc08ffaa92.root
01-Feb-2025 18:17:50 CST  Initiating request to open file root://cmsxrootd.fnal.gov//store/mc/Run3Summer23MiniAODv4/WtoLNu-4Jets_MLNu-0to120_HT-400to800_TuneCP5_13p6TeV_madgraphMLM-pythia8/MINIAODSIM/130X_mcRun3_2023_realistic_v14-v2/2820000/7b2650f1-2d09-4906-95a0-2d7addf6ab77.root
01-Feb-2025 18:17:51 CST  Successfully opened file root://cmsxrootd.fnal.gov//store/mc/Run3Summer23MiniAODv4/WtoLNu-4Jets_MLNu-0to120_HT-400to800_TuneCP5_13p6TeV_madgraphMLM-pythia8/MINIAODSIM/130X_mcRun3_2023_realistic_v14-v2/2820000/7b2650f1-2d09-4906-95a0-2d7addf6ab77.root
01-Feb-2025 18:17:52 CST  Closed file root://cmsxrootd.fnal.gov//store/mc/Run3Summer23MiniAODv4/WtoLNu-4Jets_MLNu-0to120_HT-400to800_TuneCP5_13p6TeV_madgraphMLM-pythia8/MINIAODSIM/130X_mcRun3_2023_realistic_v14-v2/2820000/7b2650f1-2d09-4906-95a0-2d7addf6ab77.root
01-Feb-2025 18:17:52 CST  Initiating request to open file root://cmsxrootd.fnal.gov//store/mc/Run3Summer23MiniAODv4/WtoLNu-4Jets_MLNu-0to120_HT-400to800_TuneCP5_13p6TeV_madgraphMLM-pythia8/MINIAODSIM/130X_mcRun3_2023_realistic_v14-v2/2820000/5bac88ec-541c-4b27-91f0-bb18fd8e4019.root
01-Feb-2025 18:17:53 CST  Successfully opened file root://cmsxrootd.fnal.gov//store/mc/Run3Summer23MiniAODv4/WtoLNu-4Jets_MLNu-0to120_HT-400to800_TuneCP5_13p6TeV_madgraphMLM-pythia8/MINIAODSIM/130X_mcRun3_2023_realistic_v14-v2/2820000/5bac88ec-541c-4b27-91f0-bb18fd8e4019.root
01-Feb-2025 18:17:55 CST  Closed file root://cmsxrootd.fnal.gov//store/mc/Run3Summer23MiniAODv4/WtoLNu-4Jets_MLNu-0to120_HT-400to800_TuneCP5_13p6TeV_madgraphMLM-pythia8/MINIAODSIM/130X_mcRun3_2023_realistic_v14-v2/2820000/5bac88ec-541c-4b27-91f0-bb18fd8e4019.root
01-Feb-2025 18:17:55 CST  Initiating request to open file root://cmsxrootd.fnal.gov//store/mc/Run3Summer23MiniAODv4/WtoLNu-4Jets_MLNu-0to120_HT-400to800_TuneCP5_13p6TeV_madgraphMLM-pythia8/MINIAODSIM/130X_mcRun3_2023_realistic_v14-v2/2820000/84bff455-aead-45ed-b01e-dac25dd7ac07.root
01-Feb-2025 18:17:56 CST  Successfully opened file root://cmsxrootd.fnal.gov//store/mc/Run3Summer23MiniAODv4/WtoLNu-4Jets_MLNu-0to120_HT-400to800_TuneCP5_13p6TeV_madgraphMLM-pythia8/MINIAODSIM/130X_mcRun3_2023_realistic_v14-v2/2820000/84bff455-aead-45ed-b01e-dac25dd7ac07.root
01-Feb-2025 18:17:59 CST  Closed file root://cmsxrootd.fnal.gov//store/mc/Run3Summer23MiniAODv4/WtoLNu-4Jets_MLNu-0to120_HT-400to800_TuneCP5_13p6TeV_madgraphMLM-pythia8/MINIAODSIM/130X_mcRun3_2023_realistic_v14-v2/2820000/84bff455-aead-45ed-b01e-dac25dd7ac07.root
01-Feb-2025 18:17:59 CST  Initiating request to open file root://cmsxrootd.fnal.gov//store/mc/Run3Summer23MiniAODv4/WtoLNu-4Jets_MLNu-0to120_HT-400to800_TuneCP5_13p6TeV_madgraphMLM-pythia8/MINIAODSIM/130X_mcRun3_2023_realistic_v14-v2/2820000/724451e1-e222-461d-9521-48ddf08c385d.root
01-Feb-2025 18:18:00 CST  Successfully opened file root://cmsxrootd.fnal.gov//store/mc/Run3Summer23MiniAODv4/WtoLNu-4Jets_MLNu-0to120_HT-400to800_TuneCP5_13p6TeV_madgraphMLM-pythia8/MINIAODSIM/130X_mcRun3_2023_realistic_v14-v2/2820000/724451e1-e222-461d-9521-48ddf08c385d.root
01-Feb-2025 18:18:02 CST  Closed file root://cmsxrootd.fnal.gov//store/mc/Run3Summer23MiniAODv4/WtoLNu-4Jets_MLNu-0to120_HT-400to800_TuneCP5_13p6TeV_madgraphMLM-pythia8/MINIAODSIM/130X_mcRun3_2023_realistic_v14-v2/2820000/724451e1-e222-461d-9521-48ddf08c385d.root
01-Feb-2025 18:18:02 CST  Initiating request to open file root://cmsxrootd.fnal.gov//store/mc/Run3Summer23MiniAODv4/WtoLNu-4Jets_MLNu-0to120_HT-400to800_TuneCP5_13p6TeV_madgraphMLM-pythia8/MINIAODSIM/130X_mcRun3_2023_realistic_v14-v2/2820000/388c069a-169f-45d9-8972-4c1adeb3462c.root
01-Feb-2025 18:18:04 CST  Successfully opened file root://cmsxrootd.fnal.gov//store/mc/Run3Summer23MiniAODv4/WtoLNu-4Jets_MLNu-0to120_HT-400to800_TuneCP5_13p6TeV_madgraphMLM-pythia8/MINIAODSIM/130X_mcRun3_2023_realistic_v14-v2/2820000/388c069a-169f-45d9-8972-4c1adeb3462c.root
    144.161000      0.690107    628.171700             9
    252.314000      0.999665    628.171700             8
     68.034300      0.513708    628.171700             7
    115.062000      0.679359    628.171700             6
     17.054000      0.289665    628.171700             5
     29.341300      0.445809    628.171700             4
      0.742695      0.019720    628.171700             3
      1.399040      0.034975    628.171700             2
 
01-Feb-2025 18:18:05 CST  Closed file root://cmsxrootd.fnal.gov//store/mc/Run3Summer23MiniAODv4/WtoLNu-4Jets_MLNu-0to120_HT-400to800_TuneCP5_13p6TeV_madgraphMLM-pythia8/MINIAODSIM/130X_mcRun3_2023_realistic_v14-v2/2820000/388c069a-169f-45d9-8972-4c1adeb3462c.root

------------------------------------
GenXsecAnalyzer:
------------------------------------
-------------------------------------------------------------------------------------------------------------------------------------------------------------------------- 
Overall cross-section summary 
--------------------------------------------------------------------------------------------------------------------------------------------------------------------------
Process		xsec_before [pb]		passed	nposw	nnegw	tried	nposw	nnegw 	xsec_match [pb]			accepted [%]	 event_eff [%]
0		1.464e+00 +/- 5.528e-04		2958	2958	0	23206	23206	0	1.866e-01 +/- 3.206e-03		12.7 +/- 0.2	12.7 +/- 0.2
1		7.746e-01 +/- 3.169e-04		1499	1499	0	12434	12434	0	9.338e-02 +/- 2.262e-03		12.1 +/- 0.3	12.1 +/- 0.3
2		2.916e+01 +/- 6.243e-03		48820	48820	0	458364	458364	0	3.105e+00 +/- 1.330e-02		10.7 +/- 0.0	10.7 +/- 0.0
3		1.722e+01 +/- 4.540e-03		31290	31290	0	273867	273867	0	1.967e+00 +/- 1.048e-02		11.4 +/- 0.1	11.4 +/- 0.1
4		1.155e+02 +/- 1.102e-02		117084	117084	0	1899445	1899445	0	7.119e+00 +/- 2.017e-02		6.2 +/- 0.0	6.2 +/- 0.0
5		6.783e+01 +/- 8.005e-03		75243	75243	0	1143537	1143537	0	4.463e+00 +/- 1.573e-02		6.6 +/- 0.0	6.6 +/- 0.0
6		2.501e+02 +/- 1.546e-02		454044	454044	0	4218060	4218060	0	2.692e+01 +/- 3.778e-02		10.8 +/- 0.0	10.8 +/- 0.0
7		1.451e+02 +/- 1.089e-02		269398	269398	0	2426147	2426147	0	1.611e+01 +/- 2.929e-02		11.1 +/- 0.0	11.1 +/- 0.0
-------------------------------------------------------------------------------------------------------------------------------------------------------------------------- 
Total		6.272e+02 +/- 2.456e-02		1000336	1000336	0	10455060	10455060	0	6.001e+01 +/- 5.710e-02		9.6 +/- 0.0	9.6 +/- 0.0
--------------------------------------------------------------------------------------------------------------------------------------------------------------------------
Before matching: total cross section = 6.272e+02 +- 2.456e-02 pb
After matching: total cross section = 6.001e+01 +- 5.710e-02 pb
Matching efficiency = 0.1 +/- 0.0   [TO BE USED IN MCM]
Filter efficiency (taking into account weights)= (6.27445e+08) / (6.27445e+08) = 1.000e+00 +- 0.000e+00
Filter efficiency (event-level)= (1.00034e+06) / (1.00034e+06) = 1.000e+00 +- 0.000e+00    [TO BE USED IN MCM]

After filter: final cross section = 6.001e+01 +- 5.710e-02 pb
After filter: final fraction of events with negative weights = 0.000e+00 +- 0.000e+00
After filter: final equivalent lumi for 1M events (1/fb) = 1.667e+01 +- 2.300e-02
