01-Feb-2025 18:49:13 CST  Initiating request to open file root://cmsxrootd.fnal.gov//store/mc/Run3Summer23MiniAODv4/WtoLNu-4Jets_MLNu-120_HT-800to1500_TuneCP5_13p6TeV_madgraphMLM-pythia8/MINIAODSIM/130X_mcRun3_2023_realistic_v15-v3/2550000/8533e47c-33ef-4fb1-befa-3f266c5fd8c0.root
01-Feb-2025 18:49:18 CST  Successfully opened file root://cmsxrootd.fnal.gov//store/mc/Run3Summer23MiniAODv4/WtoLNu-4Jets_MLNu-120_HT-800to1500_TuneCP5_13p6TeV_madgraphMLM-pythia8/MINIAODSIM/130X_mcRun3_2023_realistic_v15-v3/2550000/8533e47c-33ef-4fb1-befa-3f266c5fd8c0.root
Begin processing the 1st record. Run 1, Event 352498, LumiSection 32 on stream 0 at 01-Feb-2025 18:49:23.617 CST
01-Feb-2025 18:49:24 CST  Closed file root://cmsxrootd.fnal.gov//store/mc/Run3Summer23MiniAODv4/WtoLNu-4Jets_MLNu-120_HT-800to1500_TuneCP5_13p6TeV_madgraphMLM-pythia8/MINIAODSIM/130X_mcRun3_2023_realistic_v15-v3/2550000/8533e47c-33ef-4fb1-befa-3f266c5fd8c0.root
01-Feb-2025 18:49:24 CST  Initiating request to open file root://cmsxrootd.fnal.gov//store/mc/Run3Summer23MiniAODv4/WtoLNu-4Jets_MLNu-120_HT-800to1500_TuneCP5_13p6TeV_madgraphMLM-pythia8/MINIAODSIM/130X_mcRun3_2023_realistic_v15-v3/2550000/17333387-8bd2-4cc8-823d-ebf7c93c9d63.root
01-Feb-2025 18:49:26 CST  Successfully opened file root://cmsxrootd.fnal.gov//store/mc/Run3Summer23MiniAODv4/WtoLNu-4Jets_MLNu-120_HT-800to1500_TuneCP5_13p6TeV_madgraphMLM-pythia8/MINIAODSIM/130X_mcRun3_2023_realistic_v15-v3/2550000/17333387-8bd2-4cc8-823d-ebf7c93c9d63.root
01-Feb-2025 18:49:30 CST  Closed file root://cmsxrootd.fnal.gov//store/mc/Run3Summer23MiniAODv4/WtoLNu-4Jets_MLNu-120_HT-800to1500_TuneCP5_13p6TeV_madgraphMLM-pythia8/MINIAODSIM/130X_mcRun3_2023_realistic_v15-v3/2550000/17333387-8bd2-4cc8-823d-ebf7c93c9d63.root
01-Feb-2025 18:49:30 CST  Initiating request to open file root://cmsxrootd.fnal.gov//store/mc/Run3Summer23MiniAODv4/WtoLNu-4Jets_MLNu-120_HT-800to1500_TuneCP5_13p6TeV_madgraphMLM-pythia8/MINIAODSIM/130X_mcRun3_2023_realistic_v15-v3/2550000/0b64df4e-5a41-4297-8612-42b083c74519.root
01-Feb-2025 18:49:32 CST  Successfully opened file root://cmsxrootd.fnal.gov//store/mc/Run3Summer23MiniAODv4/WtoLNu-4Jets_MLNu-120_HT-800to1500_TuneCP5_13p6TeV_madgraphMLM-pythia8/MINIAODSIM/130X_mcRun3_2023_realistic_v15-v3/2550000/0b64df4e-5a41-4297-8612-42b083c74519.root
01-Feb-2025 18:49:39 CST  Closed file root://cmsxrootd.fnal.gov//store/mc/Run3Summer23MiniAODv4/WtoLNu-4Jets_MLNu-120_HT-800to1500_TuneCP5_13p6TeV_madgraphMLM-pythia8/MINIAODSIM/130X_mcRun3_2023_realistic_v15-v3/2550000/0b64df4e-5a41-4297-8612-42b083c74519.root
01-Feb-2025 18:49:39 CST  Initiating request to open file root://cmsxrootd.fnal.gov//store/mc/Run3Summer23MiniAODv4/WtoLNu-4Jets_MLNu-120_HT-800to1500_TuneCP5_13p6TeV_madgraphMLM-pythia8/MINIAODSIM/130X_mcRun3_2023_realistic_v15-v3/2550000/18d357f7-b9b2-4e03-91ad-1c7fe4f39d66.root
01-Feb-2025 18:49:42 CST  Successfully opened file root://cmsxrootd.fnal.gov//store/mc/Run3Summer23MiniAODv4/WtoLNu-4Jets_MLNu-120_HT-800to1500_TuneCP5_13p6TeV_madgraphMLM-pythia8/MINIAODSIM/130X_mcRun3_2023_realistic_v15-v3/2550000/18d357f7-b9b2-4e03-91ad-1c7fe4f39d66.root
%MSG-w XrdAdaptorLvl3:  source 01-Feb-2025 18:49:48 CST PreSource
Deactivating k8s-transfer-13.ultralight.org from active sources because its quality (956) is higher than 260 and 4 times larger than the other active server k8s-transfer-16.ultralight.org (160) 
%MSG
Begin processing the 100001st record. Run 1, Event 10731095, LumiSection 944 on stream 0 at 01-Feb-2025 18:49:49.406 CST
01-Feb-2025 18:49:49 CST  Closed file root://cmsxrootd.fnal.gov//store/mc/Run3Summer23MiniAODv4/WtoLNu-4Jets_MLNu-120_HT-800to1500_TuneCP5_13p6TeV_madgraphMLM-pythia8/MINIAODSIM/130X_mcRun3_2023_realistic_v15-v3/2550000/18d357f7-b9b2-4e03-91ad-1c7fe4f39d66.root
01-Feb-2025 18:49:49 CST  Initiating request to open file root://cmsxrootd.fnal.gov//store/mc/Run3Summer23MiniAODv4/WtoLNu-4Jets_MLNu-120_HT-800to1500_TuneCP5_13p6TeV_madgraphMLM-pythia8/MINIAODSIM/130X_mcRun3_2023_realistic_v15-v3/2550000/06c95fc8-40f1-4114-83e7-62f035d8c7b6.root
01-Feb-2025 18:49:51 CST  Successfully opened file root://cmsxrootd.fnal.gov//store/mc/Run3Summer23MiniAODv4/WtoLNu-4Jets_MLNu-120_HT-800to1500_TuneCP5_13p6TeV_madgraphMLM-pythia8/MINIAODSIM/130X_mcRun3_2023_realistic_v15-v3/2550000/06c95fc8-40f1-4114-83e7-62f035d8c7b6.root
%MSG-w XrdAdaptorLvl3:  source 01-Feb-2025 18:49:57 CST PreSource
Deactivating k8s-transfer-14.ultralight.org from active sources because its quality (704) is higher than 260 and 4 times larger than the other active server k8s-transfer-13.ultralight.org (166) 
%MSG
01-Feb-2025 18:49:59 CST  Closed file root://cmsxrootd.fnal.gov//store/mc/Run3Summer23MiniAODv4/WtoLNu-4Jets_MLNu-120_HT-800to1500_TuneCP5_13p6TeV_madgraphMLM-pythia8/MINIAODSIM/130X_mcRun3_2023_realistic_v15-v3/2550000/06c95fc8-40f1-4114-83e7-62f035d8c7b6.root
01-Feb-2025 18:49:59 CST  Initiating request to open file root://cmsxrootd.fnal.gov//store/mc/Run3Summer23MiniAODv4/WtoLNu-4Jets_MLNu-120_HT-800to1500_TuneCP5_13p6TeV_madgraphMLM-pythia8/MINIAODSIM/130X_mcRun3_2023_realistic_v15-v3/2550000/b9d9c30b-b29e-4d48-8b83-58c567a90c4e.root
01-Feb-2025 18:50:01 CST  Successfully opened file root://cmsxrootd.fnal.gov//store/mc/Run3Summer23MiniAODv4/WtoLNu-4Jets_MLNu-120_HT-800to1500_TuneCP5_13p6TeV_madgraphMLM-pythia8/MINIAODSIM/130X_mcRun3_2023_realistic_v15-v3/2550000/b9d9c30b-b29e-4d48-8b83-58c567a90c4e.root
01-Feb-2025 18:50:07 CST  Closed file root://cmsxrootd.fnal.gov//store/mc/Run3Summer23MiniAODv4/WtoLNu-4Jets_MLNu-120_HT-800to1500_TuneCP5_13p6TeV_madgraphMLM-pythia8/MINIAODSIM/130X_mcRun3_2023_realistic_v15-v3/2550000/b9d9c30b-b29e-4d48-8b83-58c567a90c4e.root
01-Feb-2025 18:50:07 CST  Initiating request to open file root://cmsxrootd.fnal.gov//store/mc/Run3Summer23MiniAODv4/WtoLNu-4Jets_MLNu-120_HT-800to1500_TuneCP5_13p6TeV_madgraphMLM-pythia8/MINIAODSIM/130X_mcRun3_2023_realistic_v15-v3/2550000/70ab343d-04e6-43bf-8339-780a35faea01.root
01-Feb-2025 18:50:10 CST  Successfully opened file root://cmsxrootd.fnal.gov//store/mc/Run3Summer23MiniAODv4/WtoLNu-4Jets_MLNu-120_HT-800to1500_TuneCP5_13p6TeV_madgraphMLM-pythia8/MINIAODSIM/130X_mcRun3_2023_realistic_v15-v3/2550000/70ab343d-04e6-43bf-8339-780a35faea01.root
01-Feb-2025 18:50:14 CST  Closed file root://cmsxrootd.fnal.gov//store/mc/Run3Summer23MiniAODv4/WtoLNu-4Jets_MLNu-120_HT-800to1500_TuneCP5_13p6TeV_madgraphMLM-pythia8/MINIAODSIM/130X_mcRun3_2023_realistic_v15-v3/2550000/70ab343d-04e6-43bf-8339-780a35faea01.root
01-Feb-2025 18:50:14 CST  Initiating request to open file root://cmsxrootd.fnal.gov//store/mc/Run3Summer23MiniAODv4/WtoLNu-4Jets_MLNu-120_HT-800to1500_TuneCP5_13p6TeV_madgraphMLM-pythia8/MINIAODSIM/130X_mcRun3_2023_realistic_v15-v3/2550000/dcd7fe58-ccf5-4488-9b1d-a12f338d6314.root
01-Feb-2025 18:50:17 CST  Successfully opened file root://cmsxrootd.fnal.gov//store/mc/Run3Summer23MiniAODv4/WtoLNu-4Jets_MLNu-120_HT-800to1500_TuneCP5_13p6TeV_madgraphMLM-pythia8/MINIAODSIM/130X_mcRun3_2023_realistic_v15-v3/2550000/dcd7fe58-ccf5-4488-9b1d-a12f338d6314.root
Begin processing the 200001st record. Run 1, Event 6186027, LumiSection 545 on stream 0 at 01-Feb-2025 18:50:23.948 CST
01-Feb-2025 18:50:24 CST  Closed file root://cmsxrootd.fnal.gov//store/mc/Run3Summer23MiniAODv4/WtoLNu-4Jets_MLNu-120_HT-800to1500_TuneCP5_13p6TeV_madgraphMLM-pythia8/MINIAODSIM/130X_mcRun3_2023_realistic_v15-v3/2550000/dcd7fe58-ccf5-4488-9b1d-a12f338d6314.root
01-Feb-2025 18:50:24 CST  Initiating request to open file root://cmsxrootd.fnal.gov//store/mc/Run3Summer23MiniAODv4/WtoLNu-4Jets_MLNu-120_HT-800to1500_TuneCP5_13p6TeV_madgraphMLM-pythia8/MINIAODSIM/130X_mcRun3_2023_realistic_v15-v3/2550000/6e14ef2c-4e23-4412-a6e3-dc66fd9d974c.root
01-Feb-2025 18:50:26 CST  Successfully opened file root://cmsxrootd.fnal.gov//store/mc/Run3Summer23MiniAODv4/WtoLNu-4Jets_MLNu-120_HT-800to1500_TuneCP5_13p6TeV_madgraphMLM-pythia8/MINIAODSIM/130X_mcRun3_2023_realistic_v15-v3/2550000/6e14ef2c-4e23-4412-a6e3-dc66fd9d974c.root
%MSG-w XrdAdaptorLvl3:  source 01-Feb-2025 18:50:32 CST PreSource
Deactivating k8s-transfer-12.ultralight.org from active sources because its quality (631) is higher than 260 and 4 times larger than the other active server k8s-transfer-16.ultralight.org (154) 
%MSG
01-Feb-2025 18:50:33 CST  Closed file root://cmsxrootd.fnal.gov//store/mc/Run3Summer23MiniAODv4/WtoLNu-4Jets_MLNu-120_HT-800to1500_TuneCP5_13p6TeV_madgraphMLM-pythia8/MINIAODSIM/130X_mcRun3_2023_realistic_v15-v3/2550000/6e14ef2c-4e23-4412-a6e3-dc66fd9d974c.root
01-Feb-2025 18:50:33 CST  Initiating request to open file root://cmsxrootd.fnal.gov//store/mc/Run3Summer23MiniAODv4/WtoLNu-4Jets_MLNu-120_HT-800to1500_TuneCP5_13p6TeV_madgraphMLM-pythia8/MINIAODSIM/130X_mcRun3_2023_realistic_v15-v3/2550000/0489b917-cf75-4b21-b44f-6b10e07a81d1.root
01-Feb-2025 18:50:36 CST  Successfully opened file root://cmsxrootd.fnal.gov//store/mc/Run3Summer23MiniAODv4/WtoLNu-4Jets_MLNu-120_HT-800to1500_TuneCP5_13p6TeV_madgraphMLM-pythia8/MINIAODSIM/130X_mcRun3_2023_realistic_v15-v3/2550000/0489b917-cf75-4b21-b44f-6b10e07a81d1.root
01-Feb-2025 18:50:42 CST  Closed file root://cmsxrootd.fnal.gov//store/mc/Run3Summer23MiniAODv4/WtoLNu-4Jets_MLNu-120_HT-800to1500_TuneCP5_13p6TeV_madgraphMLM-pythia8/MINIAODSIM/130X_mcRun3_2023_realistic_v15-v3/2550000/0489b917-cf75-4b21-b44f-6b10e07a81d1.root
01-Feb-2025 18:50:42 CST  Initiating request to open file root://cmsxrootd.fnal.gov//store/mc/Run3Summer23MiniAODv4/WtoLNu-4Jets_MLNu-120_HT-800to1500_TuneCP5_13p6TeV_madgraphMLM-pythia8/MINIAODSIM/130X_mcRun3_2023_realistic_v15-v3/2550000/28e0a65a-077f-4943-bd1f-014a65f55a69.root
01-Feb-2025 18:50:45 CST  Successfully opened file root://cmsxrootd.fnal.gov//store/mc/Run3Summer23MiniAODv4/WtoLNu-4Jets_MLNu-120_HT-800to1500_TuneCP5_13p6TeV_madgraphMLM-pythia8/MINIAODSIM/130X_mcRun3_2023_realistic_v15-v3/2550000/28e0a65a-077f-4943-bd1f-014a65f55a69.root
Begin processing the 300001st record. Run 1, Event 2862691, LumiSection 252 on stream 0 at 01-Feb-2025 18:50:51.362 CST
01-Feb-2025 18:50:51 CST  Closed file root://cmsxrootd.fnal.gov//store/mc/Run3Summer23MiniAODv4/WtoLNu-4Jets_MLNu-120_HT-800to1500_TuneCP5_13p6TeV_madgraphMLM-pythia8/MINIAODSIM/130X_mcRun3_2023_realistic_v15-v3/2550000/28e0a65a-077f-4943-bd1f-014a65f55a69.root
01-Feb-2025 18:50:51 CST  Initiating request to open file root://cmsxrootd.fnal.gov//store/mc/Run3Summer23MiniAODv4/WtoLNu-4Jets_MLNu-120_HT-800to1500_TuneCP5_13p6TeV_madgraphMLM-pythia8/MINIAODSIM/130X_mcRun3_2023_realistic_v15-v3/2550000/78e54f7c-7b5a-41bb-8392-51e9d8438e85.root
01-Feb-2025 18:50:54 CST  Successfully opened file root://cmsxrootd.fnal.gov//store/mc/Run3Summer23MiniAODv4/WtoLNu-4Jets_MLNu-120_HT-800to1500_TuneCP5_13p6TeV_madgraphMLM-pythia8/MINIAODSIM/130X_mcRun3_2023_realistic_v15-v3/2550000/78e54f7c-7b5a-41bb-8392-51e9d8438e85.root
01-Feb-2025 18:51:01 CST  Closed file root://cmsxrootd.fnal.gov//store/mc/Run3Summer23MiniAODv4/WtoLNu-4Jets_MLNu-120_HT-800to1500_TuneCP5_13p6TeV_madgraphMLM-pythia8/MINIAODSIM/130X_mcRun3_2023_realistic_v15-v3/2550000/78e54f7c-7b5a-41bb-8392-51e9d8438e85.root
01-Feb-2025 18:51:01 CST  Initiating request to open file root://cmsxrootd.fnal.gov//store/mc/Run3Summer23MiniAODv4/WtoLNu-4Jets_MLNu-120_HT-800to1500_TuneCP5_13p6TeV_madgraphMLM-pythia8/MINIAODSIM/130X_mcRun3_2023_realistic_v15-v3/2550000/50a1ccd0-436e-4903-8bea-8310fab049e1.root
01-Feb-2025 18:51:03 CST  Successfully opened file root://cmsxrootd.fnal.gov//store/mc/Run3Summer23MiniAODv4/WtoLNu-4Jets_MLNu-120_HT-800to1500_TuneCP5_13p6TeV_madgraphMLM-pythia8/MINIAODSIM/130X_mcRun3_2023_realistic_v15-v3/2550000/50a1ccd0-436e-4903-8bea-8310fab049e1.root
01-Feb-2025 18:51:08 CST  Closed file root://cmsxrootd.fnal.gov//store/mc/Run3Summer23MiniAODv4/WtoLNu-4Jets_MLNu-120_HT-800to1500_TuneCP5_13p6TeV_madgraphMLM-pythia8/MINIAODSIM/130X_mcRun3_2023_realistic_v15-v3/2550000/50a1ccd0-436e-4903-8bea-8310fab049e1.root
01-Feb-2025 18:51:08 CST  Initiating request to open file root://cmsxrootd.fnal.gov//store/mc/Run3Summer23MiniAODv4/WtoLNu-4Jets_MLNu-120_HT-800to1500_TuneCP5_13p6TeV_madgraphMLM-pythia8/MINIAODSIM/130X_mcRun3_2023_realistic_v15-v3/2550000/e44749fa-5f24-474f-b31f-3b34ae3ef1be.root
01-Feb-2025 18:51:10 CST  Successfully opened file root://cmsxrootd.fnal.gov//store/mc/Run3Summer23MiniAODv4/WtoLNu-4Jets_MLNu-120_HT-800to1500_TuneCP5_13p6TeV_madgraphMLM-pythia8/MINIAODSIM/130X_mcRun3_2023_realistic_v15-v3/2550000/e44749fa-5f24-474f-b31f-3b34ae3ef1be.root
Begin processing the 400001st record. Run 1, Event 9331557, LumiSection 821 on stream 0 at 01-Feb-2025 18:51:17.302 CST
01-Feb-2025 18:51:17 CST  Closed file root://cmsxrootd.fnal.gov//store/mc/Run3Summer23MiniAODv4/WtoLNu-4Jets_MLNu-120_HT-800to1500_TuneCP5_13p6TeV_madgraphMLM-pythia8/MINIAODSIM/130X_mcRun3_2023_realistic_v15-v3/2550000/e44749fa-5f24-474f-b31f-3b34ae3ef1be.root
01-Feb-2025 18:51:17 CST  Initiating request to open file root://cmsxrootd.fnal.gov//store/mc/Run3Summer23MiniAODv4/WtoLNu-4Jets_MLNu-120_HT-800to1500_TuneCP5_13p6TeV_madgraphMLM-pythia8/MINIAODSIM/130X_mcRun3_2023_realistic_v15-v3/2550000/92bd60c8-989e-4c10-bb26-bf7e6748e9a5.root
01-Feb-2025 18:51:20 CST  Successfully opened file root://cmsxrootd.fnal.gov//store/mc/Run3Summer23MiniAODv4/WtoLNu-4Jets_MLNu-120_HT-800to1500_TuneCP5_13p6TeV_madgraphMLM-pythia8/MINIAODSIM/130X_mcRun3_2023_realistic_v15-v3/2550000/92bd60c8-989e-4c10-bb26-bf7e6748e9a5.root
%MSG-w XrdAdaptorLvl3:  source 01-Feb-2025 18:51:25 CST PreSource
Deactivating k8s-transfer-16.ultralight.org from active sources because its quality (685) is higher than 260 and 4 times larger than the other active server k8s-transfer-13.ultralight.org (160) 
%MSG
01-Feb-2025 18:51:27 CST  Closed file root://cmsxrootd.fnal.gov//store/mc/Run3Summer23MiniAODv4/WtoLNu-4Jets_MLNu-120_HT-800to1500_TuneCP5_13p6TeV_madgraphMLM-pythia8/MINIAODSIM/130X_mcRun3_2023_realistic_v15-v3/2550000/92bd60c8-989e-4c10-bb26-bf7e6748e9a5.root
01-Feb-2025 18:51:27 CST  Initiating request to open file root://cmsxrootd.fnal.gov//store/mc/Run3Summer23MiniAODv4/WtoLNu-4Jets_MLNu-120_HT-800to1500_TuneCP5_13p6TeV_madgraphMLM-pythia8/MINIAODSIM/130X_mcRun3_2023_realistic_v15-v3/2550000/cceb20ea-c4d9-49b9-9adb-1ffbe7f64ad5.root
01-Feb-2025 18:51:29 CST  Successfully opened file root://cmsxrootd.fnal.gov//store/mc/Run3Summer23MiniAODv4/WtoLNu-4Jets_MLNu-120_HT-800to1500_TuneCP5_13p6TeV_madgraphMLM-pythia8/MINIAODSIM/130X_mcRun3_2023_realistic_v15-v3/2550000/cceb20ea-c4d9-49b9-9adb-1ffbe7f64ad5.root
%MSG-w XrdAdaptorLvl3:  source 01-Feb-2025 18:51:35 CST PreSource
Deactivating k8s-transfer-16.ultralight.org from active sources because its quality (729) is higher than 260 and 4 times larger than the other active server k8s-transfer-15.ultralight.org (163) 
%MSG
01-Feb-2025 18:51:37 CST  Closed file root://cmsxrootd.fnal.gov//store/mc/Run3Summer23MiniAODv4/WtoLNu-4Jets_MLNu-120_HT-800to1500_TuneCP5_13p6TeV_madgraphMLM-pythia8/MINIAODSIM/130X_mcRun3_2023_realistic_v15-v3/2550000/cceb20ea-c4d9-49b9-9adb-1ffbe7f64ad5.root
01-Feb-2025 18:51:37 CST  Initiating request to open file root://cmsxrootd.fnal.gov//store/mc/Run3Summer23MiniAODv4/WtoLNu-4Jets_MLNu-120_HT-800to1500_TuneCP5_13p6TeV_madgraphMLM-pythia8/MINIAODSIM/130X_mcRun3_2023_realistic_v15-v3/2550000/e5deb0d8-b86e-45a2-9690-e087acf76994.root
01-Feb-2025 18:51:39 CST  Successfully opened file root://cmsxrootd.fnal.gov//store/mc/Run3Summer23MiniAODv4/WtoLNu-4Jets_MLNu-120_HT-800to1500_TuneCP5_13p6TeV_madgraphMLM-pythia8/MINIAODSIM/130X_mcRun3_2023_realistic_v15-v3/2550000/e5deb0d8-b86e-45a2-9690-e087acf76994.root
01-Feb-2025 18:51:42 CST  Closed file root://cmsxrootd.fnal.gov//store/mc/Run3Summer23MiniAODv4/WtoLNu-4Jets_MLNu-120_HT-800to1500_TuneCP5_13p6TeV_madgraphMLM-pythia8/MINIAODSIM/130X_mcRun3_2023_realistic_v15-v3/2550000/e5deb0d8-b86e-45a2-9690-e087acf76994.root
01-Feb-2025 18:51:42 CST  Initiating request to open file root://cmsxrootd.fnal.gov//store/mc/Run3Summer23MiniAODv4/WtoLNu-4Jets_MLNu-120_HT-800to1500_TuneCP5_13p6TeV_madgraphMLM-pythia8/MINIAODSIM/130X_mcRun3_2023_realistic_v15-v3/2550000/ac7d20c7-7690-47b8-bdd8-df02ec47b18f.root
01-Feb-2025 18:51:44 CST  Successfully opened file root://cmsxrootd.fnal.gov//store/mc/Run3Summer23MiniAODv4/WtoLNu-4Jets_MLNu-120_HT-800to1500_TuneCP5_13p6TeV_madgraphMLM-pythia8/MINIAODSIM/130X_mcRun3_2023_realistic_v15-v3/2550000/ac7d20c7-7690-47b8-bdd8-df02ec47b18f.root
Begin processing the 500001st record. Run 1, Event 8837281, LumiSection 778 on stream 0 at 01-Feb-2025 18:51:49.184 CST
01-Feb-2025 18:51:49 CST  Closed file root://cmsxrootd.fnal.gov//store/mc/Run3Summer23MiniAODv4/WtoLNu-4Jets_MLNu-120_HT-800to1500_TuneCP5_13p6TeV_madgraphMLM-pythia8/MINIAODSIM/130X_mcRun3_2023_realistic_v15-v3/2550000/ac7d20c7-7690-47b8-bdd8-df02ec47b18f.root
01-Feb-2025 18:51:49 CST  Initiating request to open file root://cmsxrootd.fnal.gov//store/mc/Run3Summer23MiniAODv4/WtoLNu-4Jets_MLNu-120_HT-800to1500_TuneCP5_13p6TeV_madgraphMLM-pythia8/MINIAODSIM/130X_mcRun3_2023_realistic_v15-v3/2550000/676520be-79b6-4efe-a7d8-a87cb73a8ec2.root
01-Feb-2025 18:51:51 CST  Successfully opened file root://cmsxrootd.fnal.gov//store/mc/Run3Summer23MiniAODv4/WtoLNu-4Jets_MLNu-120_HT-800to1500_TuneCP5_13p6TeV_madgraphMLM-pythia8/MINIAODSIM/130X_mcRun3_2023_realistic_v15-v3/2550000/676520be-79b6-4efe-a7d8-a87cb73a8ec2.root
01-Feb-2025 18:51:54 CST  Closed file root://cmsxrootd.fnal.gov//store/mc/Run3Summer23MiniAODv4/WtoLNu-4Jets_MLNu-120_HT-800to1500_TuneCP5_13p6TeV_madgraphMLM-pythia8/MINIAODSIM/130X_mcRun3_2023_realistic_v15-v3/2550000/676520be-79b6-4efe-a7d8-a87cb73a8ec2.root
01-Feb-2025 18:51:54 CST  Initiating request to open file root://cmsxrootd.fnal.gov//store/mc/Run3Summer23MiniAODv4/WtoLNu-4Jets_MLNu-120_HT-800to1500_TuneCP5_13p6TeV_madgraphMLM-pythia8/MINIAODSIM/130X_mcRun3_2023_realistic_v15-v3/2550000/894c8507-ccd8-475e-a103-ecff944707ce.root
01-Feb-2025 18:51:56 CST  Successfully opened file root://cmsxrootd.fnal.gov//store/mc/Run3Summer23MiniAODv4/WtoLNu-4Jets_MLNu-120_HT-800to1500_TuneCP5_13p6TeV_madgraphMLM-pythia8/MINIAODSIM/130X_mcRun3_2023_realistic_v15-v3/2550000/894c8507-ccd8-475e-a103-ecff944707ce.root
01-Feb-2025 18:52:01 CST  Closed file root://cmsxrootd.fnal.gov//store/mc/Run3Summer23MiniAODv4/WtoLNu-4Jets_MLNu-120_HT-800to1500_TuneCP5_13p6TeV_madgraphMLM-pythia8/MINIAODSIM/130X_mcRun3_2023_realistic_v15-v3/2550000/894c8507-ccd8-475e-a103-ecff944707ce.root
01-Feb-2025 18:52:01 CST  Initiating request to open file root://cmsxrootd.fnal.gov//store/mc/Run3Summer23MiniAODv4/WtoLNu-4Jets_MLNu-120_HT-800to1500_TuneCP5_13p6TeV_madgraphMLM-pythia8/MINIAODSIM/130X_mcRun3_2023_realistic_v15-v3/2550000/ea1b834d-634a-4a53-8d42-d37bcdf1cec2.root
01-Feb-2025 18:52:03 CST  Successfully opened file root://cmsxrootd.fnal.gov//store/mc/Run3Summer23MiniAODv4/WtoLNu-4Jets_MLNu-120_HT-800to1500_TuneCP5_13p6TeV_madgraphMLM-pythia8/MINIAODSIM/130X_mcRun3_2023_realistic_v15-v3/2550000/ea1b834d-634a-4a53-8d42-d37bcdf1cec2.root
01-Feb-2025 18:52:06 CST  Closed file root://cmsxrootd.fnal.gov//store/mc/Run3Summer23MiniAODv4/WtoLNu-4Jets_MLNu-120_HT-800to1500_TuneCP5_13p6TeV_madgraphMLM-pythia8/MINIAODSIM/130X_mcRun3_2023_realistic_v15-v3/2550000/ea1b834d-634a-4a53-8d42-d37bcdf1cec2.root
01-Feb-2025 18:52:06 CST  Initiating request to open file root://cmsxrootd.fnal.gov//store/mc/Run3Summer23MiniAODv4/WtoLNu-4Jets_MLNu-120_HT-800to1500_TuneCP5_13p6TeV_madgraphMLM-pythia8/MINIAODSIM/130X_mcRun3_2023_realistic_v15-v3/2550000/78e69a7e-297d-4ad2-91ce-360476557c26.root
01-Feb-2025 18:52:09 CST  Successfully opened file root://cmsxrootd.fnal.gov//store/mc/Run3Summer23MiniAODv4/WtoLNu-4Jets_MLNu-120_HT-800to1500_TuneCP5_13p6TeV_madgraphMLM-pythia8/MINIAODSIM/130X_mcRun3_2023_realistic_v15-v3/2550000/78e69a7e-297d-4ad2-91ce-360476557c26.root
01-Feb-2025 18:52:13 CST  Closed file root://cmsxrootd.fnal.gov//store/mc/Run3Summer23MiniAODv4/WtoLNu-4Jets_MLNu-120_HT-800to1500_TuneCP5_13p6TeV_madgraphMLM-pythia8/MINIAODSIM/130X_mcRun3_2023_realistic_v15-v3/2550000/78e69a7e-297d-4ad2-91ce-360476557c26.root
01-Feb-2025 18:52:13 CST  Initiating request to open file root://cmsxrootd.fnal.gov//store/mc/Run3Summer23MiniAODv4/WtoLNu-4Jets_MLNu-120_HT-800to1500_TuneCP5_13p6TeV_madgraphMLM-pythia8/MINIAODSIM/130X_mcRun3_2023_realistic_v15-v3/2550000/6c8e21b6-2d38-4601-adf3-a3740f322b68.root
01-Feb-2025 18:52:16 CST  Successfully opened file root://cmsxrootd.fnal.gov//store/mc/Run3Summer23MiniAODv4/WtoLNu-4Jets_MLNu-120_HT-800to1500_TuneCP5_13p6TeV_madgraphMLM-pythia8/MINIAODSIM/130X_mcRun3_2023_realistic_v15-v3/2550000/6c8e21b6-2d38-4601-adf3-a3740f322b68.root
01-Feb-2025 18:52:19 CST  Closed file root://cmsxrootd.fnal.gov//store/mc/Run3Summer23MiniAODv4/WtoLNu-4Jets_MLNu-120_HT-800to1500_TuneCP5_13p6TeV_madgraphMLM-pythia8/MINIAODSIM/130X_mcRun3_2023_realistic_v15-v3/2550000/6c8e21b6-2d38-4601-adf3-a3740f322b68.root
01-Feb-2025 18:52:19 CST  Initiating request to open file root://cmsxrootd.fnal.gov//store/mc/Run3Summer23MiniAODv4/WtoLNu-4Jets_MLNu-120_HT-800to1500_TuneCP5_13p6TeV_madgraphMLM-pythia8/MINIAODSIM/130X_mcRun3_2023_realistic_v15-v3/2550000/d1f0c9af-3951-4f64-8ca6-644006ed9273.root
01-Feb-2025 18:52:21 CST  Successfully opened file root://cmsxrootd.fnal.gov//store/mc/Run3Summer23MiniAODv4/WtoLNu-4Jets_MLNu-120_HT-800to1500_TuneCP5_13p6TeV_madgraphMLM-pythia8/MINIAODSIM/130X_mcRun3_2023_realistic_v15-v3/2550000/d1f0c9af-3951-4f64-8ca6-644006ed9273.root
01-Feb-2025 18:52:24 CST  Closed file root://cmsxrootd.fnal.gov//store/mc/Run3Summer23MiniAODv4/WtoLNu-4Jets_MLNu-120_HT-800to1500_TuneCP5_13p6TeV_madgraphMLM-pythia8/MINIAODSIM/130X_mcRun3_2023_realistic_v15-v3/2550000/d1f0c9af-3951-4f64-8ca6-644006ed9273.root
01-Feb-2025 18:52:24 CST  Initiating request to open file root://cmsxrootd.fnal.gov//store/mc/Run3Summer23MiniAODv4/WtoLNu-4Jets_MLNu-120_HT-800to1500_TuneCP5_13p6TeV_madgraphMLM-pythia8/MINIAODSIM/130X_mcRun3_2023_realistic_v15-v3/2550000/323b1751-834a-4265-8cf4-3c10caa28552.root
01-Feb-2025 18:52:26 CST  Successfully opened file root://cmsxrootd.fnal.gov//store/mc/Run3Summer23MiniAODv4/WtoLNu-4Jets_MLNu-120_HT-800to1500_TuneCP5_13p6TeV_madgraphMLM-pythia8/MINIAODSIM/130X_mcRun3_2023_realistic_v15-v3/2550000/323b1751-834a-4265-8cf4-3c10caa28552.root
01-Feb-2025 18:52:29 CST  Closed file root://cmsxrootd.fnal.gov//store/mc/Run3Summer23MiniAODv4/WtoLNu-4Jets_MLNu-120_HT-800to1500_TuneCP5_13p6TeV_madgraphMLM-pythia8/MINIAODSIM/130X_mcRun3_2023_realistic_v15-v3/2550000/323b1751-834a-4265-8cf4-3c10caa28552.root
01-Feb-2025 18:52:29 CST  Initiating request to open file root://cmsxrootd.fnal.gov//store/mc/Run3Summer23MiniAODv4/WtoLNu-4Jets_MLNu-120_HT-800to1500_TuneCP5_13p6TeV_madgraphMLM-pythia8/MINIAODSIM/130X_mcRun3_2023_realistic_v15-v3/2550000/d3fd1d40-a590-4e88-a22d-c874a4e0c432.root
01-Feb-2025 18:52:31 CST  Successfully opened file root://cmsxrootd.fnal.gov//store/mc/Run3Summer23MiniAODv4/WtoLNu-4Jets_MLNu-120_HT-800to1500_TuneCP5_13p6TeV_madgraphMLM-pythia8/MINIAODSIM/130X_mcRun3_2023_realistic_v15-v3/2550000/d3fd1d40-a590-4e88-a22d-c874a4e0c432.root
01-Feb-2025 18:52:35 CST  Closed file root://cmsxrootd.fnal.gov//store/mc/Run3Summer23MiniAODv4/WtoLNu-4Jets_MLNu-120_HT-800to1500_TuneCP5_13p6TeV_madgraphMLM-pythia8/MINIAODSIM/130X_mcRun3_2023_realistic_v15-v3/2550000/d3fd1d40-a590-4e88-a22d-c874a4e0c432.root
01-Feb-2025 18:52:35 CST  Initiating request to open file root://cmsxrootd.fnal.gov//store/mc/Run3Summer23MiniAODv4/WtoLNu-4Jets_MLNu-120_HT-800to1500_TuneCP5_13p6TeV_madgraphMLM-pythia8/MINIAODSIM/130X_mcRun3_2023_realistic_v15-v3/2550000/394969df-4f72-4ec3-9129-9ab227222872.root
01-Feb-2025 18:52:37 CST  Successfully opened file root://cmsxrootd.fnal.gov//store/mc/Run3Summer23MiniAODv4/WtoLNu-4Jets_MLNu-120_HT-800to1500_TuneCP5_13p6TeV_madgraphMLM-pythia8/MINIAODSIM/130X_mcRun3_2023_realistic_v15-v3/2550000/394969df-4f72-4ec3-9129-9ab227222872.root
01-Feb-2025 18:52:40 CST  Closed file root://cmsxrootd.fnal.gov//store/mc/Run3Summer23MiniAODv4/WtoLNu-4Jets_MLNu-120_HT-800to1500_TuneCP5_13p6TeV_madgraphMLM-pythia8/MINIAODSIM/130X_mcRun3_2023_realistic_v15-v3/2550000/394969df-4f72-4ec3-9129-9ab227222872.root
01-Feb-2025 18:52:40 CST  Initiating request to open file root://cmsxrootd.fnal.gov//store/mc/Run3Summer23MiniAODv4/WtoLNu-4Jets_MLNu-120_HT-800to1500_TuneCP5_13p6TeV_madgraphMLM-pythia8/MINIAODSIM/130X_mcRun3_2023_realistic_v15-v3/2550000/2581acd4-8f59-41b8-b3b8-2f4f32eeff48.root
01-Feb-2025 18:52:42 CST  Successfully opened file root://cmsxrootd.fnal.gov//store/mc/Run3Summer23MiniAODv4/WtoLNu-4Jets_MLNu-120_HT-800to1500_TuneCP5_13p6TeV_madgraphMLM-pythia8/MINIAODSIM/130X_mcRun3_2023_realistic_v15-v3/2550000/2581acd4-8f59-41b8-b3b8-2f4f32eeff48.root
01-Feb-2025 18:52:45 CST  Closed file root://cmsxrootd.fnal.gov//store/mc/Run3Summer23MiniAODv4/WtoLNu-4Jets_MLNu-120_HT-800to1500_TuneCP5_13p6TeV_madgraphMLM-pythia8/MINIAODSIM/130X_mcRun3_2023_realistic_v15-v3/2550000/2581acd4-8f59-41b8-b3b8-2f4f32eeff48.root
01-Feb-2025 18:52:45 CST  Initiating request to open file root://cmsxrootd.fnal.gov//store/mc/Run3Summer23MiniAODv4/WtoLNu-4Jets_MLNu-120_HT-800to1500_TuneCP5_13p6TeV_madgraphMLM-pythia8/MINIAODSIM/130X_mcRun3_2023_realistic_v15-v3/2550000/09e5f10e-01c9-45d0-b4e0-ba89b6ae611c.root
01-Feb-2025 18:52:47 CST  Successfully opened file root://cmsxrootd.fnal.gov//store/mc/Run3Summer23MiniAODv4/WtoLNu-4Jets_MLNu-120_HT-800to1500_TuneCP5_13p6TeV_madgraphMLM-pythia8/MINIAODSIM/130X_mcRun3_2023_realistic_v15-v3/2550000/09e5f10e-01c9-45d0-b4e0-ba89b6ae611c.root
01-Feb-2025 18:52:50 CST  Closed file root://cmsxrootd.fnal.gov//store/mc/Run3Summer23MiniAODv4/WtoLNu-4Jets_MLNu-120_HT-800to1500_TuneCP5_13p6TeV_madgraphMLM-pythia8/MINIAODSIM/130X_mcRun3_2023_realistic_v15-v3/2550000/09e5f10e-01c9-45d0-b4e0-ba89b6ae611c.root
01-Feb-2025 18:52:50 CST  Initiating request to open file root://cmsxrootd.fnal.gov//store/mc/Run3Summer23MiniAODv4/WtoLNu-4Jets_MLNu-120_HT-800to1500_TuneCP5_13p6TeV_madgraphMLM-pythia8/MINIAODSIM/130X_mcRun3_2023_realistic_v15-v3/2550000/dbcc808b-1ac9-4fa4-8601-90d58e1c605d.root
01-Feb-2025 18:52:52 CST  Successfully opened file root://cmsxrootd.fnal.gov//store/mc/Run3Summer23MiniAODv4/WtoLNu-4Jets_MLNu-120_HT-800to1500_TuneCP5_13p6TeV_madgraphMLM-pythia8/MINIAODSIM/130X_mcRun3_2023_realistic_v15-v3/2550000/dbcc808b-1ac9-4fa4-8601-90d58e1c605d.root
01-Feb-2025 18:52:55 CST  Closed file root://cmsxrootd.fnal.gov//store/mc/Run3Summer23MiniAODv4/WtoLNu-4Jets_MLNu-120_HT-800to1500_TuneCP5_13p6TeV_madgraphMLM-pythia8/MINIAODSIM/130X_mcRun3_2023_realistic_v15-v3/2550000/dbcc808b-1ac9-4fa4-8601-90d58e1c605d.root
01-Feb-2025 18:52:55 CST  Initiating request to open file root://cmsxrootd.fnal.gov//store/mc/Run3Summer23MiniAODv4/WtoLNu-4Jets_MLNu-120_HT-800to1500_TuneCP5_13p6TeV_madgraphMLM-pythia8/MINIAODSIM/130X_mcRun3_2023_realistic_v15-v3/2550000/e21d623f-bc3a-432f-9021-c26db49c1529.root
01-Feb-2025 18:52:57 CST  Successfully opened file root://cmsxrootd.fnal.gov//store/mc/Run3Summer23MiniAODv4/WtoLNu-4Jets_MLNu-120_HT-800to1500_TuneCP5_13p6TeV_madgraphMLM-pythia8/MINIAODSIM/130X_mcRun3_2023_realistic_v15-v3/2550000/e21d623f-bc3a-432f-9021-c26db49c1529.root
Begin processing the 600001st record. Run 1, Event 11114096, LumiSection 978 on stream 0 at 01-Feb-2025 18:53:01.524 CST
01-Feb-2025 18:53:01 CST  Closed file root://cmsxrootd.fnal.gov//store/mc/Run3Summer23MiniAODv4/WtoLNu-4Jets_MLNu-120_HT-800to1500_TuneCP5_13p6TeV_madgraphMLM-pythia8/MINIAODSIM/130X_mcRun3_2023_realistic_v15-v3/2550000/e21d623f-bc3a-432f-9021-c26db49c1529.root
01-Feb-2025 18:53:01 CST  Initiating request to open file root://cmsxrootd.fnal.gov//store/mc/Run3Summer23MiniAODv4/WtoLNu-4Jets_MLNu-120_HT-800to1500_TuneCP5_13p6TeV_madgraphMLM-pythia8/MINIAODSIM/130X_mcRun3_2023_realistic_v15-v3/2550000/ed46864d-41c0-4de0-8891-2de18fb0a8f7.root
01-Feb-2025 18:53:04 CST  Successfully opened file root://cmsxrootd.fnal.gov//store/mc/Run3Summer23MiniAODv4/WtoLNu-4Jets_MLNu-120_HT-800to1500_TuneCP5_13p6TeV_madgraphMLM-pythia8/MINIAODSIM/130X_mcRun3_2023_realistic_v15-v3/2550000/ed46864d-41c0-4de0-8891-2de18fb0a8f7.root
01-Feb-2025 18:53:06 CST  Closed file root://cmsxrootd.fnal.gov//store/mc/Run3Summer23MiniAODv4/WtoLNu-4Jets_MLNu-120_HT-800to1500_TuneCP5_13p6TeV_madgraphMLM-pythia8/MINIAODSIM/130X_mcRun3_2023_realistic_v15-v3/2550000/ed46864d-41c0-4de0-8891-2de18fb0a8f7.root
01-Feb-2025 18:53:06 CST  Initiating request to open file root://cmsxrootd.fnal.gov//store/mc/Run3Summer23MiniAODv4/WtoLNu-4Jets_MLNu-120_HT-800to1500_TuneCP5_13p6TeV_madgraphMLM-pythia8/MINIAODSIM/130X_mcRun3_2023_realistic_v15-v3/2550000/6d3b9d44-6458-41a2-967e-9d7d1e6712a2.root
01-Feb-2025 18:53:09 CST  Successfully opened file root://cmsxrootd.fnal.gov//store/mc/Run3Summer23MiniAODv4/WtoLNu-4Jets_MLNu-120_HT-800to1500_TuneCP5_13p6TeV_madgraphMLM-pythia8/MINIAODSIM/130X_mcRun3_2023_realistic_v15-v3/2550000/6d3b9d44-6458-41a2-967e-9d7d1e6712a2.root
01-Feb-2025 18:53:12 CST  Closed file root://cmsxrootd.fnal.gov//store/mc/Run3Summer23MiniAODv4/WtoLNu-4Jets_MLNu-120_HT-800to1500_TuneCP5_13p6TeV_madgraphMLM-pythia8/MINIAODSIM/130X_mcRun3_2023_realistic_v15-v3/2550000/6d3b9d44-6458-41a2-967e-9d7d1e6712a2.root
01-Feb-2025 18:53:12 CST  Initiating request to open file root://cmsxrootd.fnal.gov//store/mc/Run3Summer23MiniAODv4/WtoLNu-4Jets_MLNu-120_HT-800to1500_TuneCP5_13p6TeV_madgraphMLM-pythia8/MINIAODSIM/130X_mcRun3_2023_realistic_v15-v3/2550000/0050f832-781a-4578-8214-4d186afbe7ce.root
01-Feb-2025 18:53:15 CST  Successfully opened file root://cmsxrootd.fnal.gov//store/mc/Run3Summer23MiniAODv4/WtoLNu-4Jets_MLNu-120_HT-800to1500_TuneCP5_13p6TeV_madgraphMLM-pythia8/MINIAODSIM/130X_mcRun3_2023_realistic_v15-v3/2550000/0050f832-781a-4578-8214-4d186afbe7ce.root
01-Feb-2025 18:53:17 CST  Closed file root://cmsxrootd.fnal.gov//store/mc/Run3Summer23MiniAODv4/WtoLNu-4Jets_MLNu-120_HT-800to1500_TuneCP5_13p6TeV_madgraphMLM-pythia8/MINIAODSIM/130X_mcRun3_2023_realistic_v15-v3/2550000/0050f832-781a-4578-8214-4d186afbe7ce.root
01-Feb-2025 18:53:17 CST  Initiating request to open file root://cmsxrootd.fnal.gov//store/mc/Run3Summer23MiniAODv4/WtoLNu-4Jets_MLNu-120_HT-800to1500_TuneCP5_13p6TeV_madgraphMLM-pythia8/MINIAODSIM/130X_mcRun3_2023_realistic_v15-v3/2550000/a4a701d0-e8d3-4aeb-8a0d-a6d5f7792b2e.root
01-Feb-2025 18:53:20 CST  Successfully opened file root://cmsxrootd.fnal.gov//store/mc/Run3Summer23MiniAODv4/WtoLNu-4Jets_MLNu-120_HT-800to1500_TuneCP5_13p6TeV_madgraphMLM-pythia8/MINIAODSIM/130X_mcRun3_2023_realistic_v15-v3/2550000/a4a701d0-e8d3-4aeb-8a0d-a6d5f7792b2e.root
01-Feb-2025 18:53:23 CST  Closed file root://cmsxrootd.fnal.gov//store/mc/Run3Summer23MiniAODv4/WtoLNu-4Jets_MLNu-120_HT-800to1500_TuneCP5_13p6TeV_madgraphMLM-pythia8/MINIAODSIM/130X_mcRun3_2023_realistic_v15-v3/2550000/a4a701d0-e8d3-4aeb-8a0d-a6d5f7792b2e.root
01-Feb-2025 18:53:23 CST  Initiating request to open file root://cmsxrootd.fnal.gov//store/mc/Run3Summer23MiniAODv4/WtoLNu-4Jets_MLNu-120_HT-800to1500_TuneCP5_13p6TeV_madgraphMLM-pythia8/MINIAODSIM/130X_mcRun3_2023_realistic_v15-v3/2550000/bdd3be48-2cfd-4924-a10a-3e21b879ebc3.root
01-Feb-2025 18:53:25 CST  Successfully opened file root://cmsxrootd.fnal.gov//store/mc/Run3Summer23MiniAODv4/WtoLNu-4Jets_MLNu-120_HT-800to1500_TuneCP5_13p6TeV_madgraphMLM-pythia8/MINIAODSIM/130X_mcRun3_2023_realistic_v15-v3/2550000/bdd3be48-2cfd-4924-a10a-3e21b879ebc3.root
01-Feb-2025 18:53:28 CST  Closed file root://cmsxrootd.fnal.gov//store/mc/Run3Summer23MiniAODv4/WtoLNu-4Jets_MLNu-120_HT-800to1500_TuneCP5_13p6TeV_madgraphMLM-pythia8/MINIAODSIM/130X_mcRun3_2023_realistic_v15-v3/2550000/bdd3be48-2cfd-4924-a10a-3e21b879ebc3.root
01-Feb-2025 18:53:28 CST  Initiating request to open file root://cmsxrootd.fnal.gov//store/mc/Run3Summer23MiniAODv4/WtoLNu-4Jets_MLNu-120_HT-800to1500_TuneCP5_13p6TeV_madgraphMLM-pythia8/MINIAODSIM/130X_mcRun3_2023_realistic_v15-v3/2550000/87645f30-589f-4ecf-8618-19b1f89813c6.root
01-Feb-2025 18:53:31 CST  Successfully opened file root://cmsxrootd.fnal.gov//store/mc/Run3Summer23MiniAODv4/WtoLNu-4Jets_MLNu-120_HT-800to1500_TuneCP5_13p6TeV_madgraphMLM-pythia8/MINIAODSIM/130X_mcRun3_2023_realistic_v15-v3/2550000/87645f30-589f-4ecf-8618-19b1f89813c6.root
01-Feb-2025 18:53:33 CST  Closed file root://cmsxrootd.fnal.gov//store/mc/Run3Summer23MiniAODv4/WtoLNu-4Jets_MLNu-120_HT-800to1500_TuneCP5_13p6TeV_madgraphMLM-pythia8/MINIAODSIM/130X_mcRun3_2023_realistic_v15-v3/2550000/87645f30-589f-4ecf-8618-19b1f89813c6.root
01-Feb-2025 18:53:33 CST  Initiating request to open file root://cmsxrootd.fnal.gov//store/mc/Run3Summer23MiniAODv4/WtoLNu-4Jets_MLNu-120_HT-800to1500_TuneCP5_13p6TeV_madgraphMLM-pythia8/MINIAODSIM/130X_mcRun3_2023_realistic_v15-v3/2550000/0d5ac13a-7199-4579-9200-5b7ef509a40f.root
01-Feb-2025 18:53:36 CST  Successfully opened file root://cmsxrootd.fnal.gov//store/mc/Run3Summer23MiniAODv4/WtoLNu-4Jets_MLNu-120_HT-800to1500_TuneCP5_13p6TeV_madgraphMLM-pythia8/MINIAODSIM/130X_mcRun3_2023_realistic_v15-v3/2550000/0d5ac13a-7199-4579-9200-5b7ef509a40f.root
01-Feb-2025 18:53:38 CST  Closed file root://cmsxrootd.fnal.gov//store/mc/Run3Summer23MiniAODv4/WtoLNu-4Jets_MLNu-120_HT-800to1500_TuneCP5_13p6TeV_madgraphMLM-pythia8/MINIAODSIM/130X_mcRun3_2023_realistic_v15-v3/2550000/0d5ac13a-7199-4579-9200-5b7ef509a40f.root
01-Feb-2025 18:53:38 CST  Initiating request to open file root://cmsxrootd.fnal.gov//store/mc/Run3Summer23MiniAODv4/WtoLNu-4Jets_MLNu-120_HT-800to1500_TuneCP5_13p6TeV_madgraphMLM-pythia8/MINIAODSIM/130X_mcRun3_2023_realistic_v15-v3/2550000/3e5146c1-e432-4145-9aa3-c2e655e542e3.root
01-Feb-2025 18:53:41 CST  Successfully opened file root://cmsxrootd.fnal.gov//store/mc/Run3Summer23MiniAODv4/WtoLNu-4Jets_MLNu-120_HT-800to1500_TuneCP5_13p6TeV_madgraphMLM-pythia8/MINIAODSIM/130X_mcRun3_2023_realistic_v15-v3/2550000/3e5146c1-e432-4145-9aa3-c2e655e542e3.root
01-Feb-2025 18:53:43 CST  Closed file root://cmsxrootd.fnal.gov//store/mc/Run3Summer23MiniAODv4/WtoLNu-4Jets_MLNu-120_HT-800to1500_TuneCP5_13p6TeV_madgraphMLM-pythia8/MINIAODSIM/130X_mcRun3_2023_realistic_v15-v3/2550000/3e5146c1-e432-4145-9aa3-c2e655e542e3.root
01-Feb-2025 18:53:43 CST  Initiating request to open file root://cmsxrootd.fnal.gov//store/mc/Run3Summer23MiniAODv4/WtoLNu-4Jets_MLNu-120_HT-800to1500_TuneCP5_13p6TeV_madgraphMLM-pythia8/MINIAODSIM/130X_mcRun3_2023_realistic_v15-v3/2550000/cdb5ad02-5cab-40f7-83d2-61fc3afd7b4a.root
01-Feb-2025 18:53:45 CST  Successfully opened file root://cmsxrootd.fnal.gov//store/mc/Run3Summer23MiniAODv4/WtoLNu-4Jets_MLNu-120_HT-800to1500_TuneCP5_13p6TeV_madgraphMLM-pythia8/MINIAODSIM/130X_mcRun3_2023_realistic_v15-v3/2550000/cdb5ad02-5cab-40f7-83d2-61fc3afd7b4a.root
01-Feb-2025 18:53:48 CST  Closed file root://cmsxrootd.fnal.gov//store/mc/Run3Summer23MiniAODv4/WtoLNu-4Jets_MLNu-120_HT-800to1500_TuneCP5_13p6TeV_madgraphMLM-pythia8/MINIAODSIM/130X_mcRun3_2023_realistic_v15-v3/2550000/cdb5ad02-5cab-40f7-83d2-61fc3afd7b4a.root
01-Feb-2025 18:53:48 CST  Initiating request to open file root://cmsxrootd.fnal.gov//store/mc/Run3Summer23MiniAODv4/WtoLNu-4Jets_MLNu-120_HT-800to1500_TuneCP5_13p6TeV_madgraphMLM-pythia8/MINIAODSIM/130X_mcRun3_2023_realistic_v15-v3/2550000/400689f2-e6db-47d8-9a87-0e769a8e35e7.root
%MSG-w RootInputFileSequence:  AfterFile 01-Feb-2025 18:53:50 CST  PostProcessEvent
Input file: root://cmsxrootd.fnal.gov//store/mc/Run3Summer23MiniAODv4/WtoLNu-4Jets_MLNu-120_HT-800to1500_TuneCP5_13p6TeV_madgraphMLM-pythia8/MINIAODSIM/130X_mcRun3_2023_realistic_v15-v3/2550000/400689f2-e6db-47d8-9a87-0e769a8e35e7.root was not found or could not be opened, and will be skipped.

%MSG
01-Feb-2025 18:53:50 CST  Initiating request to open file root://cmsxrootd.fnal.gov//store/mc/Run3Summer23MiniAODv4/WtoLNu-4Jets_MLNu-120_HT-800to1500_TuneCP5_13p6TeV_madgraphMLM-pythia8/MINIAODSIM/130X_mcRun3_2023_realistic_v15-v3/2550000/2629af8b-506b-4bf4-9459-c84233ef4b07.root
01-Feb-2025 18:53:53 CST  Successfully opened file root://cmsxrootd.fnal.gov//store/mc/Run3Summer23MiniAODv4/WtoLNu-4Jets_MLNu-120_HT-800to1500_TuneCP5_13p6TeV_madgraphMLM-pythia8/MINIAODSIM/130X_mcRun3_2023_realistic_v15-v3/2550000/2629af8b-506b-4bf4-9459-c84233ef4b07.root
01-Feb-2025 18:54:00 CST  Closed file root://cmsxrootd.fnal.gov//store/mc/Run3Summer23MiniAODv4/WtoLNu-4Jets_MLNu-120_HT-800to1500_TuneCP5_13p6TeV_madgraphMLM-pythia8/MINIAODSIM/130X_mcRun3_2023_realistic_v15-v3/2550000/2629af8b-506b-4bf4-9459-c84233ef4b07.root
01-Feb-2025 18:54:00 CST  Initiating request to open file root://cmsxrootd.fnal.gov//store/mc/Run3Summer23MiniAODv4/WtoLNu-4Jets_MLNu-120_HT-800to1500_TuneCP5_13p6TeV_madgraphMLM-pythia8/MINIAODSIM/130X_mcRun3_2023_realistic_v15-v3/2550000/1448a4b0-d53a-4f7a-968c-83e301c73af8.root
[2025-02-01 18:58:34.025669 -0600][Error  ][PostMaster        ] [k8s-transfer-12.ultralight.org:1094] Forcing error on disconnect: [ERROR] Operation interrupted.
[2025-02-01 18:59:15.763082 -0600][Error  ][PostMaster        ] [k8s-transfer-14.ultralight.org:1094] Forcing error on disconnect: [ERROR] Operation interrupted.
[2025-02-01 18:59:15.763441 -0600][Error  ][PostMaster        ] [k8s-transfer-15.ultralight.org:1094] Forcing error on disconnect: [ERROR] Operation interrupted.
[2025-02-01 19:14:07.507688 -0600][Error  ][PostMaster        ] [cmsxrootd.fnal.gov:1094] Forcing error on disconnect: [ERROR] Operation interrupted.
[2025-02-01 19:14:07.527787 -0600][Error  ][PostMaster        ] [k8s-redir.ultralight.org:1094] Forcing error on disconnect: [ERROR] Operation interrupted.
[2025-02-01 19:35:18.878753 -0600][Error  ][PostMaster        ] [cmsxrootd.fnal.gov:1094] Forcing error on disconnect: [ERROR] Operation interrupted.
[2025-02-01 19:35:19.253895 -0600][Error  ][PostMaster        ] [k8s-redir.ultralight.org:1094] Forcing error on disconnect: [ERROR] Operation interrupted.
[2025-02-01 20:17:29.562282 -0600][Error  ][PostMaster        ] [k8s-redir.ultralight.org:1094] Forcing error on disconnect: [ERROR] Operation interrupted.
[2025-02-01 20:17:44.012473 -0600][Error  ][PostMaster        ] [cmsxrootd.fnal.gov:1094] Forcing error on disconnect: [ERROR] Operation interrupted.
[2025-02-01 20:40:29.165128 -0600][Error  ][PostMaster        ] [cmsxrootd.fnal.gov:1094] Forcing error on disconnect: [ERROR] Operation interrupted.
[2025-02-01 20:40:29.704850 -0600][Error  ][PostMaster        ] [k8s-redir.ultralight.org:1094] Forcing error on disconnect: [ERROR] Operation interrupted.
[2025-02-01 21:00:52.703982 -0600][Error  ][AsyncSock         ] [cmsrm-xrootd02.roma1.infn.it:1094.0] Unable to connect: connection refused
[2025-02-01 21:00:52.704117 -0600][Error  ][PostMaster        ] [cmsrm-xrootd02.roma1.infn.it:1094] elapsed = 0, pConnectionWindow = 31 seconds.
[2025-02-01 21:00:52.822913 -0600][Error  ][AsyncSock         ] [cmsrm-xrootd02.roma1.infn.it:1094.0] Unable to connect: connection refused
[2025-02-01 21:00:52.823053 -0600][Error  ][PostMaster        ] [cmsrm-xrootd02.roma1.infn.it:1094] elapsed = 0, pConnectionWindow = 31 seconds.
[2025-02-01 21:01:23.627534 -0600][Error  ][AsyncSock         ] [cmsrm-xrootd02.roma1.infn.it:1094.0] Unable to connect: connection refused
[2025-02-01 21:01:23.627683 -0600][Error  ][PostMaster        ] [cmsrm-xrootd02.roma1.infn.it:1094] elapsed = 0, pConnectionWindow = 31 seconds.
[2025-02-01 21:01:23.749408 -0600][Error  ][AsyncSock         ] [cmsrm-xrootd02.roma1.infn.it:1094.0] Unable to connect: connection refused
[2025-02-01 21:01:23.749474 -0600][Error  ][PostMaster        ] [cmsrm-xrootd02.roma1.infn.it:1094] elapsed = 0, pConnectionWindow = 31 seconds.
[2025-02-01 21:01:23.749493 -0600][Error  ][PostMaster        ] [cmsrm-xrootd02.roma1.infn.it:1094] Unable to recover: [ERROR] Connection error.
[2025-02-01 21:01:23.749501 -0600][Error  ][XRootD            ] [cmsrm-xrootd02.roma1.infn.it:1094] Impossible to send message kXR_open (file: /store/mc/Run3Summer23MiniAODv4/WtoLNu-4Jets_MLNu-120_HT-800to1500_TuneCP5_13p6TeV_madgraphMLM-pythia8/MINIAODSIM/130X_mcRun3_2023_realistic_v15-v3/2550000/1448a4b0-d53a-4f7a-968c-83e301c73af8.root?tried=+1213cmsxrootd2.fnal.gov1213xrootd.unl.edu,k8s-transfer-13.ultralight.org,k8s-transfer-16.ultralight.org,k8s-transfer-15.ultralight.org,k8s-transfer-14.ultralight.org,k8s-transfer-12.ultralight.org,k8s-redir.ultralight.org&triedrc=resel,enoent, mode: 0460, flags: kXR_open_read kXR_async kXR_retstat ). Trying to recover.
[2025-02-01 21:01:26.298015 -0600][Error  ][AsyncSock         ] [cmsrm-xrootd01.roma1.infn.it:1094.0] Unable to connect: connection refused
[2025-02-01 21:01:26.298076 -0600][Error  ][PostMaster        ] [cmsrm-xrootd01.roma1.infn.it:1094] elapsed = 0, pConnectionWindow = 31 seconds.
[2025-02-01 21:01:26.417503 -0600][Error  ][AsyncSock         ] [cmsrm-xrootd01.roma1.infn.it:1094.0] Unable to connect: connection refused
[2025-02-01 21:01:26.417596 -0600][Error  ][PostMaster        ] [cmsrm-xrootd01.roma1.infn.it:1094] elapsed = 0, pConnectionWindow = 31 seconds.
[2025-02-01 21:01:57.628911 -0600][Error  ][AsyncSock         ] [cmsrm-xrootd01.roma1.infn.it:1094.0] Unable to connect: connection refused
[2025-02-01 21:01:57.628988 -0600][Error  ][PostMaster        ] [cmsrm-xrootd01.roma1.infn.it:1094] elapsed = 0, pConnectionWindow = 31 seconds.
[2025-02-01 21:01:57.750107 -0600][Error  ][AsyncSock         ] [cmsrm-xrootd01.roma1.infn.it:1094.0] Unable to connect: connection refused
[2025-02-01 21:01:57.750161 -0600][Error  ][PostMaster        ] [cmsrm-xrootd01.roma1.infn.it:1094] elapsed = 0, pConnectionWindow = 31 seconds.
[2025-02-01 21:01:57.750169 -0600][Error  ][PostMaster        ] [cmsrm-xrootd01.roma1.infn.it:1094] Unable to recover: [ERROR] Connection error.
[2025-02-01 21:01:57.750175 -0600][Error  ][XRootD            ] [cmsrm-xrootd01.roma1.infn.it:1094] Impossible to send message kXR_open (file: /store/mc/Run3Summer23MiniAODv4/WtoLNu-4Jets_MLNu-120_HT-800to1500_TuneCP5_13p6TeV_madgraphMLM-pythia8/MINIAODSIM/130X_mcRun3_2023_realistic_v15-v3/2550000/1448a4b0-d53a-4f7a-968c-83e301c73af8.root?tried=+1213cmsxrootd2.fnal.gov,+1213cmsxrootd2.fnal.gov1213xrootd.unl.edu,k8s-transfer-13.ultralight.org,k8s-transfer-16.ultralight.org,k8s-transfer-15.ultralight.org,k8s-transfer-14.ultralight.org,k8s-transfer-12.ultralight.org,k8s-redir.ultralight.org,cmsrm-xrootd02.roma1.infn.it,cmsrm-xrootd02.roma1.infn.it,llrxrd-redir.in2p3.fr&triedrc=resel,enoent,srverr, mode: 0460, flags: kXR_open_read kXR_async kXR_retstat ). Trying to recover.
[2025-02-01 21:01:59.423246 -0600][Warning][XRootD            ] [cms-xrd-global.cern.ch:1094] Redirect limit has been reached for message kXR_open (file: /store/mc/Run3Summer23MiniAODv4/WtoLNu-4Jets_MLNu-120_HT-800to1500_TuneCP5_13p6TeV_madgraphMLM-pythia8/MINIAODSIM/130X_mcRun3_2023_realistic_v15-v3/2550000/1448a4b0-d53a-4f7a-968c-83e301c73af8.root?tried=+1213llrxrd-redir.in2p3.fr,+1313xrootd-redic.pi.infn.it,+1213cmsxrootd2.fnal.gov,+1213cmsxrootd2.fnal.gov1213xrootd.unl.edu,k8s-transfer-13.ultralight.org,k8s-transfer-16.ultralight.org,k8s-transfer-15.ultralight.org,k8s-transfer-14.ultralight.org,k8s-transfer-12.ultralight.org,k8s-redir.ultralight.org,cmsrm-xrootd02.roma1.infn.it,cmsrm-xrootd02.roma1.infn.it,llrxrd-redir.in2p3.fr,cmsrm-xrootd01.roma1.infn.it,cmsrm-xrootd01.roma1.infn.it,xrootd-cms-redir-int.cr.cnaf.infn.it&triedrc=resel,enoent,srverr,srverr, mode: 0460, flags: kXR_open_read kXR_async kXR_retstat ), the last known error is: [FATAL] Connection error
[2025-02-01 21:01:59.430855 -0600][Warning][XRootD            ] Redirect trace-back:
[2025-02-01 21:01:59.430855 -0600][Warning][XRootD            ] 	0. Waited at server request. Resending: root://cmsxrootd.fnal.gov:1094//store/mc/Run3Summer23MiniAODv4/WtoLNu-4Jets_MLNu-120_HT-800to1500_TuneCP5_13p6TeV_madgraphMLM-pythia8/MINIAODSIM/130X_mcRun3_2023_realistic_v15-v3/2550000/1448a4b0-d53a-4f7a-968c-83e301c73af8.root
[2025-02-01 21:01:59.430855 -0600][Warning][XRootD            ] 	1. Redirected from: root://cmsxrootd.fnal.gov:1094//store/mc/Run3Summer23MiniAODv4/WtoLNu-4Jets_MLNu-120_HT-800to1500_TuneCP5_13p6TeV_madgraphMLM-pythia8/MINIAODSIM/130X_mcRun3_2023_realistic_v15-v3/2550000/1448a4b0-d53a-4f7a-968c-83e301c73af8.root to: root://k8s-redir.ultralight.org:1094/
[2025-02-01 21:01:59.430855 -0600][Warning][XRootD            ] 	2. Retrying: root://cmsxrootd.fnal.gov:1094//store/mc/Run3Summer23MiniAODv4/WtoLNu-4Jets_MLNu-120_HT-800to1500_TuneCP5_13p6TeV_madgraphMLM-pythia8/MINIAODSIM/130X_mcRun3_2023_realistic_v15-v3/2550000/1448a4b0-d53a-4f7a-968c-83e301c73af8.root
[2025-02-01 21:01:59.430855 -0600][Warning][XRootD            ] 	3. Redirected from: root://cmsxrootd.fnal.gov:1094//store/mc/Run3Summer23MiniAODv4/WtoLNu-4Jets_MLNu-120_HT-800to1500_TuneCP5_13p6TeV_madgraphMLM-pythia8/MINIAODSIM/130X_mcRun3_2023_realistic_v15-v3/2550000/1448a4b0-d53a-4f7a-968c-83e301c73af8.root to: root://cms-xrd-global.cern.ch:1094/
[2025-02-01 21:01:59.430855 -0600][Warning][XRootD            ] 	4. Waited at server request. Resending: root://cms-xrd-global.cern.ch:1094/
[2025-02-01 21:01:59.430855 -0600][Warning][XRootD            ] 	5. Redirected from: root://cms-xrd-global.cern.ch:1094/ to: root://llrxrd-redir.in2p3.fr:1094/
[2025-02-01 21:01:59.430855 -0600][Warning][XRootD            ] 	6. Redirected from: root://llrxrd-redir.in2p3.fr:1094/ to: root://llrxrd-redir.in2p3.fr:1194/
[2025-02-01 21:01:59.430855 -0600][Warning][XRootD            ] 	7. Redirected from: root://llrxrd-redir.in2p3.fr:1194/ to: root://cmsrm-xrootd02.roma1.infn.it:7070/
[2025-02-01 21:01:59.430855 -0600][Warning][XRootD            ] 	8. Redirected from: root://cmsrm-xrootd02.roma1.infn.it:7070/ to: root://cmsrm-xrootd02.roma1.infn.it:1094/
[2025-02-01 21:01:59.430855 -0600][Warning][XRootD            ] 	9. Retrying: root://cms-xrd-global.cern.ch:1094/
[2025-02-01 21:01:59.430855 -0600][Warning][XRootD            ] 	10. Redirected from: root://cms-xrd-global.cern.ch:1094/ to: root://cmsxrootd2.fnal.gov:1094/
[2025-02-01 21:01:59.430855 -0600][Warning][XRootD            ] 	11. Redirected from: root://cmsxrootd2.fnal.gov:1094/ to: root://cms-xrd-global.cern.ch:1094/
[2025-02-01 21:01:59.430855 -0600][Warning][XRootD            ] 	12. Redirected from: root://cms-xrd-global.cern.ch:1094/ to: root://xrootd-cms-redir-int.cr.cnaf.infn.it:1094/
[2025-02-01 21:01:59.430855 -0600][Warning][XRootD            ] 	13. Redirected from: root://xrootd-cms-redir-int.cr.cnaf.infn.it:1094/ to: root://xrootd-cms-redir-int.cr.cnaf.infn.it:1194/
[2025-02-01 21:01:59.430855 -0600][Warning][XRootD            ] 	14. Redirected from: root://xrootd-cms-redir-int.cr.cnaf.infn.it:1194/ to: root://cmsrm-xrootd01.roma1.infn.it:7070/
[2025-02-01 21:01:59.430855 -0600][Warning][XRootD            ] 	15. Redirected from: root://cmsrm-xrootd01.roma1.infn.it:7070/ to: root://cmsrm-xrootd01.roma1.infn.it:1094/
[2025-02-01 21:01:59.430855 -0600][Warning][XRootD            ] 	16. Retrying: root://cms-xrd-global.cern.ch:1094/
[2025-02-01 21:01:59.430855 -0600][Warning][XRootD            ] 	17. Redirected from: root://cms-xrd-global.cern.ch:1094/ to: root://xrootd-redic.pi.infn.it:1094/
[2025-02-01 21:01:59.430855 -0600][Warning][XRootD            ] 	18. Redirected from: root://xrootd-redic.pi.infn.it:1094/ to: root://xrootd-redic.pi.infn.it:1194/
[2025-02-01 21:01:59.430855 -0600][Warning][XRootD            ] 	19. Redirected from: root://xrootd-redic.pi.infn.it:1194/ to: root://xrootd-cms.infn.it:1094/
[2025-02-01 21:01:59.430855 -0600][Warning][XRootD            ] 	20. Redirected from: root://xrootd-cms.infn.it:1094/ to: root://cms-xrd-global.cern.ch:1094/
[2025-02-01 21:06:07.665266 -0600][Error  ][PostMaster        ] [cmsrm-xrootd02.roma1.infn.it:7070] Forcing error on disconnect: [ERROR] Operation interrupted.
%MSG-w RootInputFileSequence:  AfterFile 01-Feb-2025 21:06:21 CST  PostProcessEvent
Input file: root://cmsxrootd.fnal.gov//store/mc/Run3Summer23MiniAODv4/WtoLNu-4Jets_MLNu-120_HT-800to1500_TuneCP5_13p6TeV_madgraphMLM-pythia8/MINIAODSIM/130X_mcRun3_2023_realistic_v15-v3/2550000/1448a4b0-d53a-4f7a-968c-83e301c73af8.root was not found or could not be opened, and will be skipped.

%MSG
01-Feb-2025 21:06:21 CST  Initiating request to open file root://cmsxrootd.fnal.gov//store/mc/Run3Summer23MiniAODv4/WtoLNu-4Jets_MLNu-120_HT-800to1500_TuneCP5_13p6TeV_madgraphMLM-pythia8/MINIAODSIM/130X_mcRun3_2023_realistic_v15-v3/2550000/7696955b-9310-469e-9274-a2ad8988fc45.root
01-Feb-2025 21:06:24 CST  Successfully opened file root://cmsxrootd.fnal.gov//store/mc/Run3Summer23MiniAODv4/WtoLNu-4Jets_MLNu-120_HT-800to1500_TuneCP5_13p6TeV_madgraphMLM-pythia8/MINIAODSIM/130X_mcRun3_2023_realistic_v15-v3/2550000/7696955b-9310-469e-9274-a2ad8988fc45.root
Begin processing the 700001st record. Run 1, Event 6647486, LumiSection 585 on stream 0 at 01-Feb-2025 21:06:31.301 CST
01-Feb-2025 21:06:31 CST  Closed file root://cmsxrootd.fnal.gov//store/mc/Run3Summer23MiniAODv4/WtoLNu-4Jets_MLNu-120_HT-800to1500_TuneCP5_13p6TeV_madgraphMLM-pythia8/MINIAODSIM/130X_mcRun3_2023_realistic_v15-v3/2550000/7696955b-9310-469e-9274-a2ad8988fc45.root
01-Feb-2025 21:06:31 CST  Initiating request to open file root://cmsxrootd.fnal.gov//store/mc/Run3Summer23MiniAODv4/WtoLNu-4Jets_MLNu-120_HT-800to1500_TuneCP5_13p6TeV_madgraphMLM-pythia8/MINIAODSIM/130X_mcRun3_2023_realistic_v15-v3/2550000/9374743e-8016-4690-8a0b-b8bf5de88a87.root
01-Feb-2025 21:06:34 CST  Successfully opened file root://cmsxrootd.fnal.gov//store/mc/Run3Summer23MiniAODv4/WtoLNu-4Jets_MLNu-120_HT-800to1500_TuneCP5_13p6TeV_madgraphMLM-pythia8/MINIAODSIM/130X_mcRun3_2023_realistic_v15-v3/2550000/9374743e-8016-4690-8a0b-b8bf5de88a87.root
01-Feb-2025 21:06:38 CST  Closed file root://cmsxrootd.fnal.gov//store/mc/Run3Summer23MiniAODv4/WtoLNu-4Jets_MLNu-120_HT-800to1500_TuneCP5_13p6TeV_madgraphMLM-pythia8/MINIAODSIM/130X_mcRun3_2023_realistic_v15-v3/2550000/9374743e-8016-4690-8a0b-b8bf5de88a87.root
01-Feb-2025 21:06:38 CST  Initiating request to open file root://cmsxrootd.fnal.gov//store/mc/Run3Summer23MiniAODv4/WtoLNu-4Jets_MLNu-120_HT-800to1500_TuneCP5_13p6TeV_madgraphMLM-pythia8/MINIAODSIM/130X_mcRun3_2023_realistic_v15-v3/2550000/af995aa9-f28f-403a-9354-4a4a0afff5d8.root
[2025-02-01 21:06:41.460425 -0600][Error  ][PostMaster        ] [cmsrm-xrootd01.roma1.infn.it:7070] Forcing error on disconnect: [ERROR] Operation interrupted.
[2025-02-01 21:11:39.078827 -0600][Error  ][PostMaster        ] [k8s-transfer-13.ultralight.org:1094] Forcing error on disconnect: [ERROR] Operation interrupted.
[2025-02-01 21:11:39.078997 -0600][Error  ][PostMaster        ] [k8s-transfer-14.ultralight.org:1094] Forcing error on disconnect: [ERROR] Operation interrupted.
[2025-02-01 21:11:46.001955 -0600][Error  ][PostMaster        ] [k8s-transfer-16.ultralight.org:1094] Forcing error on disconnect: [ERROR] Operation interrupted.
[2025-02-01 21:20:52.166935 -0600][Error  ][PostMaster        ] [llrxrd-redir.in2p3.fr:1194] Forcing error on disconnect: [ERROR] Operation interrupted.
[2025-02-01 21:21:06.020670 -0600][Error  ][PostMaster        ] [llrxrd-redir.in2p3.fr:1094] Forcing error on disconnect: [ERROR] Operation interrupted.
[2025-02-01 21:21:26.355839 -0600][Error  ][PostMaster        ] [xrootd-cms-redir-int.cr.cnaf.infn.it:1194] Forcing error on disconnect: [ERROR] Operation interrupted.
[2025-02-01 21:21:38.720710 -0600][Error  ][PostMaster        ] [cmsxrootd2.fnal.gov:1094] Forcing error on disconnect: [ERROR] Operation interrupted.
[2025-02-01 21:21:39.844747 -0600][Error  ][PostMaster        ] [xrootd-cms-redir-int.cr.cnaf.infn.it:1094] Forcing error on disconnect: [ERROR] Operation interrupted.
[2025-02-01 21:21:59.302782 -0600][Error  ][PostMaster        ] [xrootd-redic.pi.infn.it:1094] Forcing error on disconnect: [ERROR] Operation interrupted.
[2025-02-01 21:22:13.034145 -0600][Error  ][PostMaster        ] [xrootd-redic.pi.infn.it:1194] Forcing error on disconnect: [ERROR] Operation interrupted.
[2025-02-01 21:22:14.403658 -0600][Error  ][PostMaster        ] [cms-xrd-global.cern.ch:1094] Forcing error on disconnect: [ERROR] Operation interrupted.
[2025-02-01 21:22:14.757070 -0600][Error  ][PostMaster        ] [xrootd-cms.infn.it:1094] Forcing error on disconnect: [ERROR] Operation interrupted.
[2025-02-01 21:26:46.098628 -0600][Error  ][PostMaster        ] [k8s-redir.ultralight.org:1094] Forcing error on disconnect: [ERROR] Operation interrupted.
[2025-02-01 21:27:00.956700 -0600][Error  ][PostMaster        ] [cmsxrootd.fnal.gov:1094] Forcing error on disconnect: [ERROR] Operation interrupted.
[2025-02-01 21:47:57.670724 -0600][Error  ][PostMaster        ] [cmsxrootd.fnal.gov:1094] Forcing error on disconnect: [ERROR] Operation interrupted.
[2025-02-01 21:47:58.004016 -0600][Error  ][PostMaster        ] [k8s-redir.ultralight.org:1094] Forcing error on disconnect: [ERROR] Operation interrupted.
[2025-02-01 22:30:07.821809 -0600][Error  ][PostMaster        ] [cmsxrootd.fnal.gov:1094] Forcing error on disconnect: [ERROR] Operation interrupted.
[2025-02-01 22:30:08.178321 -0600][Error  ][PostMaster        ] [k8s-redir.ultralight.org:1094] Forcing error on disconnect: [ERROR] Operation interrupted.
[2025-02-01 22:53:22.917104 -0600][Error  ][PostMaster        ] [cmsxrootd.fnal.gov:1094] Forcing error on disconnect: [ERROR] Operation interrupted.
[2025-02-01 22:53:23.919564 -0600][Error  ][PostMaster        ] [k8s-redir.ultralight.org:1094] Forcing error on disconnect: [ERROR] Operation interrupted.
