01-Feb-2025 18:25:10 CST  Initiating request to open file root://cmsxrootd.fnal.gov//store/mc/Run3Summer23MiniAODv4/WtoLNu-4Jets_MLNu-120_HT-100to400_TuneCP5_13p6TeV_madgraphMLM-pythia8/MINIAODSIM/130X_mcRun3_2023_realistic_v15-v3/50000/9b9d8b16-47b7-4dd5-9788-f79d16b78650.root
01-Feb-2025 18:25:15 CST  Successfully opened file root://cmsxrootd.fnal.gov//store/mc/Run3Summer23MiniAODv4/WtoLNu-4Jets_MLNu-120_HT-100to400_TuneCP5_13p6TeV_madgraphMLM-pythia8/MINIAODSIM/130X_mcRun3_2023_realistic_v15-v3/50000/9b9d8b16-47b7-4dd5-9788-f79d16b78650.root
Begin processing the 1st record. Run 1, Event 19042880, LumiSection 2123 on stream 0 at 01-Feb-2025 18:25:17.688 CST
01-Feb-2025 18:25:17 CST  Closed file root://cmsxrootd.fnal.gov//store/mc/Run3Summer23MiniAODv4/WtoLNu-4Jets_MLNu-120_HT-100to400_TuneCP5_13p6TeV_madgraphMLM-pythia8/MINIAODSIM/130X_mcRun3_2023_realistic_v15-v3/50000/9b9d8b16-47b7-4dd5-9788-f79d16b78650.root
01-Feb-2025 18:25:17 CST  Initiating request to open file root://cmsxrootd.fnal.gov//store/mc/Run3Summer23MiniAODv4/WtoLNu-4Jets_MLNu-120_HT-100to400_TuneCP5_13p6TeV_madgraphMLM-pythia8/MINIAODSIM/130X_mcRun3_2023_realistic_v15-v3/50000/ff7f3351-8252-4c92-93c7-27bf2aa3a7da.root
01-Feb-2025 18:25:20 CST  Successfully opened file root://cmsxrootd.fnal.gov//store/mc/Run3Summer23MiniAODv4/WtoLNu-4Jets_MLNu-120_HT-100to400_TuneCP5_13p6TeV_madgraphMLM-pythia8/MINIAODSIM/130X_mcRun3_2023_realistic_v15-v3/50000/ff7f3351-8252-4c92-93c7-27bf2aa3a7da.root
01-Feb-2025 18:25:25 CST  Closed file root://cmsxrootd.fnal.gov//store/mc/Run3Summer23MiniAODv4/WtoLNu-4Jets_MLNu-120_HT-100to400_TuneCP5_13p6TeV_madgraphMLM-pythia8/MINIAODSIM/130X_mcRun3_2023_realistic_v15-v3/50000/ff7f3351-8252-4c92-93c7-27bf2aa3a7da.root
01-Feb-2025 18:25:25 CST  Initiating request to open file root://cmsxrootd.fnal.gov//store/mc/Run3Summer23MiniAODv4/WtoLNu-4Jets_MLNu-120_HT-100to400_TuneCP5_13p6TeV_madgraphMLM-pythia8/MINIAODSIM/130X_mcRun3_2023_realistic_v15-v3/50000/c41c3fd4-6f10-4a20-9a73-40c76dcdce6a.root
01-Feb-2025 18:25:27 CST  Successfully opened file root://cmsxrootd.fnal.gov//store/mc/Run3Summer23MiniAODv4/WtoLNu-4Jets_MLNu-120_HT-100to400_TuneCP5_13p6TeV_madgraphMLM-pythia8/MINIAODSIM/130X_mcRun3_2023_realistic_v15-v3/50000/c41c3fd4-6f10-4a20-9a73-40c76dcdce6a.root
01-Feb-2025 18:25:32 CST  Closed file root://cmsxrootd.fnal.gov//store/mc/Run3Summer23MiniAODv4/WtoLNu-4Jets_MLNu-120_HT-100to400_TuneCP5_13p6TeV_madgraphMLM-pythia8/MINIAODSIM/130X_mcRun3_2023_realistic_v15-v3/50000/c41c3fd4-6f10-4a20-9a73-40c76dcdce6a.root
01-Feb-2025 18:25:32 CST  Initiating request to open file root://cmsxrootd.fnal.gov//store/mc/Run3Summer23MiniAODv4/WtoLNu-4Jets_MLNu-120_HT-100to400_TuneCP5_13p6TeV_madgraphMLM-pythia8/MINIAODSIM/130X_mcRun3_2023_realistic_v15-v3/50000/04b8db3a-1214-4006-8a3f-b30270911ded.root
01-Feb-2025 18:25:34 CST  Successfully opened file root://cmsxrootd.fnal.gov//store/mc/Run3Summer23MiniAODv4/WtoLNu-4Jets_MLNu-120_HT-100to400_TuneCP5_13p6TeV_madgraphMLM-pythia8/MINIAODSIM/130X_mcRun3_2023_realistic_v15-v3/50000/04b8db3a-1214-4006-8a3f-b30270911ded.root
01-Feb-2025 18:25:38 CST  Closed file root://cmsxrootd.fnal.gov//store/mc/Run3Summer23MiniAODv4/WtoLNu-4Jets_MLNu-120_HT-100to400_TuneCP5_13p6TeV_madgraphMLM-pythia8/MINIAODSIM/130X_mcRun3_2023_realistic_v15-v3/50000/04b8db3a-1214-4006-8a3f-b30270911ded.root
01-Feb-2025 18:25:38 CST  Initiating request to open file root://cmsxrootd.fnal.gov//store/mc/Run3Summer23MiniAODv4/WtoLNu-4Jets_MLNu-120_HT-100to400_TuneCP5_13p6TeV_madgraphMLM-pythia8/MINIAODSIM/130X_mcRun3_2023_realistic_v15-v3/50000/d6a095a5-56ef-4c6f-b2de-60b6e47f7878.root
01-Feb-2025 18:25:41 CST  Successfully opened file root://cmsxrootd.fnal.gov//store/mc/Run3Summer23MiniAODv4/WtoLNu-4Jets_MLNu-120_HT-100to400_TuneCP5_13p6TeV_madgraphMLM-pythia8/MINIAODSIM/130X_mcRun3_2023_realistic_v15-v3/50000/d6a095a5-56ef-4c6f-b2de-60b6e47f7878.root
01-Feb-2025 18:25:43 CST  Closed file root://cmsxrootd.fnal.gov//store/mc/Run3Summer23MiniAODv4/WtoLNu-4Jets_MLNu-120_HT-100to400_TuneCP5_13p6TeV_madgraphMLM-pythia8/MINIAODSIM/130X_mcRun3_2023_realistic_v15-v3/50000/d6a095a5-56ef-4c6f-b2de-60b6e47f7878.root
01-Feb-2025 18:25:43 CST  Initiating request to open file root://cmsxrootd.fnal.gov//store/mc/Run3Summer23MiniAODv4/WtoLNu-4Jets_MLNu-120_HT-100to400_TuneCP5_13p6TeV_madgraphMLM-pythia8/MINIAODSIM/130X_mcRun3_2023_realistic_v15-v3/50000/67b9b7cb-6fd0-4baf-b5bb-b4e92a4223f1.root
01-Feb-2025 18:25:46 CST  Successfully opened file root://cmsxrootd.fnal.gov//store/mc/Run3Summer23MiniAODv4/WtoLNu-4Jets_MLNu-120_HT-100to400_TuneCP5_13p6TeV_madgraphMLM-pythia8/MINIAODSIM/130X_mcRun3_2023_realistic_v15-v3/50000/67b9b7cb-6fd0-4baf-b5bb-b4e92a4223f1.root
Begin processing the 100001st record. Run 1, Event 5213180, LumiSection 581 on stream 0 at 01-Feb-2025 18:25:50.398 CST
01-Feb-2025 18:25:51 CST  Closed file root://cmsxrootd.fnal.gov//store/mc/Run3Summer23MiniAODv4/WtoLNu-4Jets_MLNu-120_HT-100to400_TuneCP5_13p6TeV_madgraphMLM-pythia8/MINIAODSIM/130X_mcRun3_2023_realistic_v15-v3/50000/67b9b7cb-6fd0-4baf-b5bb-b4e92a4223f1.root
01-Feb-2025 18:25:51 CST  Initiating request to open file root://cmsxrootd.fnal.gov//store/mc/Run3Summer23MiniAODv4/WtoLNu-4Jets_MLNu-120_HT-100to400_TuneCP5_13p6TeV_madgraphMLM-pythia8/MINIAODSIM/130X_mcRun3_2023_realistic_v15-v3/50000/1b53ccdd-f656-4ba3-871f-6904d418568c.root
01-Feb-2025 18:25:53 CST  Successfully opened file root://cmsxrootd.fnal.gov//store/mc/Run3Summer23MiniAODv4/WtoLNu-4Jets_MLNu-120_HT-100to400_TuneCP5_13p6TeV_madgraphMLM-pythia8/MINIAODSIM/130X_mcRun3_2023_realistic_v15-v3/50000/1b53ccdd-f656-4ba3-871f-6904d418568c.root
01-Feb-2025 18:25:57 CST  Closed file root://cmsxrootd.fnal.gov//store/mc/Run3Summer23MiniAODv4/WtoLNu-4Jets_MLNu-120_HT-100to400_TuneCP5_13p6TeV_madgraphMLM-pythia8/MINIAODSIM/130X_mcRun3_2023_realistic_v15-v3/50000/1b53ccdd-f656-4ba3-871f-6904d418568c.root
01-Feb-2025 18:25:57 CST  Initiating request to open file root://cmsxrootd.fnal.gov//store/mc/Run3Summer23MiniAODv4/WtoLNu-4Jets_MLNu-120_HT-100to400_TuneCP5_13p6TeV_madgraphMLM-pythia8/MINIAODSIM/130X_mcRun3_2023_realistic_v15-v3/50000/f4e2c94c-5b3f-47e1-9b99-728477a84533.root
01-Feb-2025 18:26:00 CST  Successfully opened file root://cmsxrootd.fnal.gov//store/mc/Run3Summer23MiniAODv4/WtoLNu-4Jets_MLNu-120_HT-100to400_TuneCP5_13p6TeV_madgraphMLM-pythia8/MINIAODSIM/130X_mcRun3_2023_realistic_v15-v3/50000/f4e2c94c-5b3f-47e1-9b99-728477a84533.root
01-Feb-2025 18:26:04 CST  Closed file root://cmsxrootd.fnal.gov//store/mc/Run3Summer23MiniAODv4/WtoLNu-4Jets_MLNu-120_HT-100to400_TuneCP5_13p6TeV_madgraphMLM-pythia8/MINIAODSIM/130X_mcRun3_2023_realistic_v15-v3/50000/f4e2c94c-5b3f-47e1-9b99-728477a84533.root
01-Feb-2025 18:26:04 CST  Initiating request to open file root://cmsxrootd.fnal.gov//store/mc/Run3Summer23MiniAODv4/WtoLNu-4Jets_MLNu-120_HT-100to400_TuneCP5_13p6TeV_madgraphMLM-pythia8/MINIAODSIM/130X_mcRun3_2023_realistic_v15-v3/50000/a1312626-7899-4abf-8a62-689eccd61993.root
01-Feb-2025 18:26:06 CST  Successfully opened file root://cmsxrootd.fnal.gov//store/mc/Run3Summer23MiniAODv4/WtoLNu-4Jets_MLNu-120_HT-100to400_TuneCP5_13p6TeV_madgraphMLM-pythia8/MINIAODSIM/130X_mcRun3_2023_realistic_v15-v3/50000/a1312626-7899-4abf-8a62-689eccd61993.root
Begin processing the 200001st record. Run 1, Event 5333876, LumiSection 595 on stream 0 at 01-Feb-2025 18:26:09.765 CST
01-Feb-2025 18:26:10 CST  Closed file root://cmsxrootd.fnal.gov//store/mc/Run3Summer23MiniAODv4/WtoLNu-4Jets_MLNu-120_HT-100to400_TuneCP5_13p6TeV_madgraphMLM-pythia8/MINIAODSIM/130X_mcRun3_2023_realistic_v15-v3/50000/a1312626-7899-4abf-8a62-689eccd61993.root
01-Feb-2025 18:26:10 CST  Initiating request to open file root://cmsxrootd.fnal.gov//store/mc/Run3Summer23MiniAODv4/WtoLNu-4Jets_MLNu-120_HT-100to400_TuneCP5_13p6TeV_madgraphMLM-pythia8/MINIAODSIM/130X_mcRun3_2023_realistic_v15-v3/50000/dc6de6cf-9398-48d8-8cb1-3089d93943c7.root
01-Feb-2025 18:26:12 CST  Successfully opened file root://cmsxrootd.fnal.gov//store/mc/Run3Summer23MiniAODv4/WtoLNu-4Jets_MLNu-120_HT-100to400_TuneCP5_13p6TeV_madgraphMLM-pythia8/MINIAODSIM/130X_mcRun3_2023_realistic_v15-v3/50000/dc6de6cf-9398-48d8-8cb1-3089d93943c7.root
01-Feb-2025 18:26:15 CST  Closed file root://cmsxrootd.fnal.gov//store/mc/Run3Summer23MiniAODv4/WtoLNu-4Jets_MLNu-120_HT-100to400_TuneCP5_13p6TeV_madgraphMLM-pythia8/MINIAODSIM/130X_mcRun3_2023_realistic_v15-v3/50000/dc6de6cf-9398-48d8-8cb1-3089d93943c7.root
01-Feb-2025 18:26:15 CST  Initiating request to open file root://cmsxrootd.fnal.gov//store/mc/Run3Summer23MiniAODv4/WtoLNu-4Jets_MLNu-120_HT-100to400_TuneCP5_13p6TeV_madgraphMLM-pythia8/MINIAODSIM/130X_mcRun3_2023_realistic_v15-v3/50000/ffc393cc-e652-42c0-a2ee-fc433ee299b5.root
01-Feb-2025 18:26:18 CST  Successfully opened file root://cmsxrootd.fnal.gov//store/mc/Run3Summer23MiniAODv4/WtoLNu-4Jets_MLNu-120_HT-100to400_TuneCP5_13p6TeV_madgraphMLM-pythia8/MINIAODSIM/130X_mcRun3_2023_realistic_v15-v3/50000/ffc393cc-e652-42c0-a2ee-fc433ee299b5.root
01-Feb-2025 18:26:21 CST  Closed file root://cmsxrootd.fnal.gov//store/mc/Run3Summer23MiniAODv4/WtoLNu-4Jets_MLNu-120_HT-100to400_TuneCP5_13p6TeV_madgraphMLM-pythia8/MINIAODSIM/130X_mcRun3_2023_realistic_v15-v3/50000/ffc393cc-e652-42c0-a2ee-fc433ee299b5.root
01-Feb-2025 18:26:21 CST  Initiating request to open file root://cmsxrootd.fnal.gov//store/mc/Run3Summer23MiniAODv4/WtoLNu-4Jets_MLNu-120_HT-100to400_TuneCP5_13p6TeV_madgraphMLM-pythia8/MINIAODSIM/130X_mcRun3_2023_realistic_v15-v3/50000/6d2ec0b3-cc61-4995-a0cc-77b9ba12c919.root
01-Feb-2025 18:26:24 CST  Successfully opened file root://cmsxrootd.fnal.gov//store/mc/Run3Summer23MiniAODv4/WtoLNu-4Jets_MLNu-120_HT-100to400_TuneCP5_13p6TeV_madgraphMLM-pythia8/MINIAODSIM/130X_mcRun3_2023_realistic_v15-v3/50000/6d2ec0b3-cc61-4995-a0cc-77b9ba12c919.root
01-Feb-2025 18:26:28 CST  Closed file root://cmsxrootd.fnal.gov//store/mc/Run3Summer23MiniAODv4/WtoLNu-4Jets_MLNu-120_HT-100to400_TuneCP5_13p6TeV_madgraphMLM-pythia8/MINIAODSIM/130X_mcRun3_2023_realistic_v15-v3/50000/6d2ec0b3-cc61-4995-a0cc-77b9ba12c919.root
01-Feb-2025 18:26:28 CST  Initiating request to open file root://cmsxrootd.fnal.gov//store/mc/Run3Summer23MiniAODv4/WtoLNu-4Jets_MLNu-120_HT-100to400_TuneCP5_13p6TeV_madgraphMLM-pythia8/MINIAODSIM/130X_mcRun3_2023_realistic_v15-v3/50000/6cecb0e3-e53a-4e35-af5c-fe6aa529804f.root
01-Feb-2025 18:26:30 CST  Successfully opened file root://cmsxrootd.fnal.gov//store/mc/Run3Summer23MiniAODv4/WtoLNu-4Jets_MLNu-120_HT-100to400_TuneCP5_13p6TeV_madgraphMLM-pythia8/MINIAODSIM/130X_mcRun3_2023_realistic_v15-v3/50000/6cecb0e3-e53a-4e35-af5c-fe6aa529804f.root
01-Feb-2025 18:26:33 CST  Closed file root://cmsxrootd.fnal.gov//store/mc/Run3Summer23MiniAODv4/WtoLNu-4Jets_MLNu-120_HT-100to400_TuneCP5_13p6TeV_madgraphMLM-pythia8/MINIAODSIM/130X_mcRun3_2023_realistic_v15-v3/50000/6cecb0e3-e53a-4e35-af5c-fe6aa529804f.root
01-Feb-2025 18:26:33 CST  Initiating request to open file root://cmsxrootd.fnal.gov//store/mc/Run3Summer23MiniAODv4/WtoLNu-4Jets_MLNu-120_HT-100to400_TuneCP5_13p6TeV_madgraphMLM-pythia8/MINIAODSIM/130X_mcRun3_2023_realistic_v15-v3/50000/6c426591-dfd9-4246-a51b-0dd036f770a0.root
01-Feb-2025 18:26:35 CST  Successfully opened file root://cmsxrootd.fnal.gov//store/mc/Run3Summer23MiniAODv4/WtoLNu-4Jets_MLNu-120_HT-100to400_TuneCP5_13p6TeV_madgraphMLM-pythia8/MINIAODSIM/130X_mcRun3_2023_realistic_v15-v3/50000/6c426591-dfd9-4246-a51b-0dd036f770a0.root
Begin processing the 300001st record. Run 1, Event 21944198, LumiSection 2446 on stream 0 at 01-Feb-2025 18:26:40.040 CST
01-Feb-2025 18:26:40 CST  Closed file root://cmsxrootd.fnal.gov//store/mc/Run3Summer23MiniAODv4/WtoLNu-4Jets_MLNu-120_HT-100to400_TuneCP5_13p6TeV_madgraphMLM-pythia8/MINIAODSIM/130X_mcRun3_2023_realistic_v15-v3/50000/6c426591-dfd9-4246-a51b-0dd036f770a0.root
01-Feb-2025 18:26:40 CST  Initiating request to open file root://cmsxrootd.fnal.gov//store/mc/Run3Summer23MiniAODv4/WtoLNu-4Jets_MLNu-120_HT-100to400_TuneCP5_13p6TeV_madgraphMLM-pythia8/MINIAODSIM/130X_mcRun3_2023_realistic_v15-v3/50000/7cac1c2f-9378-46a6-a358-abd19fe87c10.root
01-Feb-2025 18:26:42 CST  Successfully opened file root://cmsxrootd.fnal.gov//store/mc/Run3Summer23MiniAODv4/WtoLNu-4Jets_MLNu-120_HT-100to400_TuneCP5_13p6TeV_madgraphMLM-pythia8/MINIAODSIM/130X_mcRun3_2023_realistic_v15-v3/50000/7cac1c2f-9378-46a6-a358-abd19fe87c10.root
01-Feb-2025 18:26:47 CST  Closed file root://cmsxrootd.fnal.gov//store/mc/Run3Summer23MiniAODv4/WtoLNu-4Jets_MLNu-120_HT-100to400_TuneCP5_13p6TeV_madgraphMLM-pythia8/MINIAODSIM/130X_mcRun3_2023_realistic_v15-v3/50000/7cac1c2f-9378-46a6-a358-abd19fe87c10.root
01-Feb-2025 18:26:47 CST  Initiating request to open file root://cmsxrootd.fnal.gov//store/mc/Run3Summer23MiniAODv4/WtoLNu-4Jets_MLNu-120_HT-100to400_TuneCP5_13p6TeV_madgraphMLM-pythia8/MINIAODSIM/130X_mcRun3_2023_realistic_v15-v3/50000/d892f1c6-19fc-4cd2-82fc-2a9c2b3306b7.root
01-Feb-2025 18:26:50 CST  Successfully opened file root://cmsxrootd.fnal.gov//store/mc/Run3Summer23MiniAODv4/WtoLNu-4Jets_MLNu-120_HT-100to400_TuneCP5_13p6TeV_madgraphMLM-pythia8/MINIAODSIM/130X_mcRun3_2023_realistic_v15-v3/50000/d892f1c6-19fc-4cd2-82fc-2a9c2b3306b7.root
01-Feb-2025 18:26:54 CST  Closed file root://cmsxrootd.fnal.gov//store/mc/Run3Summer23MiniAODv4/WtoLNu-4Jets_MLNu-120_HT-100to400_TuneCP5_13p6TeV_madgraphMLM-pythia8/MINIAODSIM/130X_mcRun3_2023_realistic_v15-v3/50000/d892f1c6-19fc-4cd2-82fc-2a9c2b3306b7.root
01-Feb-2025 18:26:54 CST  Initiating request to open file root://cmsxrootd.fnal.gov//store/mc/Run3Summer23MiniAODv4/WtoLNu-4Jets_MLNu-120_HT-100to400_TuneCP5_13p6TeV_madgraphMLM-pythia8/MINIAODSIM/130X_mcRun3_2023_realistic_v15-v3/50000/c7d1f324-6056-4f3d-9fd0-4b99fb693fd1.root
01-Feb-2025 18:26:56 CST  Successfully opened file root://cmsxrootd.fnal.gov//store/mc/Run3Summer23MiniAODv4/WtoLNu-4Jets_MLNu-120_HT-100to400_TuneCP5_13p6TeV_madgraphMLM-pythia8/MINIAODSIM/130X_mcRun3_2023_realistic_v15-v3/50000/c7d1f324-6056-4f3d-9fd0-4b99fb693fd1.root
Begin processing the 400001st record. Run 1, Event 35792568, LumiSection 3989 on stream 0 at 01-Feb-2025 18:27:00.685 CST
01-Feb-2025 18:27:00 CST  Closed file root://cmsxrootd.fnal.gov//store/mc/Run3Summer23MiniAODv4/WtoLNu-4Jets_MLNu-120_HT-100to400_TuneCP5_13p6TeV_madgraphMLM-pythia8/MINIAODSIM/130X_mcRun3_2023_realistic_v15-v3/50000/c7d1f324-6056-4f3d-9fd0-4b99fb693fd1.root
01-Feb-2025 18:27:00 CST  Initiating request to open file root://cmsxrootd.fnal.gov//store/mc/Run3Summer23MiniAODv4/WtoLNu-4Jets_MLNu-120_HT-100to400_TuneCP5_13p6TeV_madgraphMLM-pythia8/MINIAODSIM/130X_mcRun3_2023_realistic_v15-v3/50000/6dd333bf-c697-433a-8785-220d9d328f24.root
01-Feb-2025 18:27:03 CST  Successfully opened file root://cmsxrootd.fnal.gov//store/mc/Run3Summer23MiniAODv4/WtoLNu-4Jets_MLNu-120_HT-100to400_TuneCP5_13p6TeV_madgraphMLM-pythia8/MINIAODSIM/130X_mcRun3_2023_realistic_v15-v3/50000/6dd333bf-c697-433a-8785-220d9d328f24.root
01-Feb-2025 18:27:07 CST  Closed file root://cmsxrootd.fnal.gov//store/mc/Run3Summer23MiniAODv4/WtoLNu-4Jets_MLNu-120_HT-100to400_TuneCP5_13p6TeV_madgraphMLM-pythia8/MINIAODSIM/130X_mcRun3_2023_realistic_v15-v3/50000/6dd333bf-c697-433a-8785-220d9d328f24.root
01-Feb-2025 18:27:07 CST  Initiating request to open file root://cmsxrootd.fnal.gov//store/mc/Run3Summer23MiniAODv4/WtoLNu-4Jets_MLNu-120_HT-100to400_TuneCP5_13p6TeV_madgraphMLM-pythia8/MINIAODSIM/130X_mcRun3_2023_realistic_v15-v3/50000/89c0b28f-32db-4343-80a4-8fe505cc9c71.root
01-Feb-2025 18:27:09 CST  Successfully opened file root://cmsxrootd.fnal.gov//store/mc/Run3Summer23MiniAODv4/WtoLNu-4Jets_MLNu-120_HT-100to400_TuneCP5_13p6TeV_madgraphMLM-pythia8/MINIAODSIM/130X_mcRun3_2023_realistic_v15-v3/50000/89c0b28f-32db-4343-80a4-8fe505cc9c71.root
01-Feb-2025 18:27:11 CST  Closed file root://cmsxrootd.fnal.gov//store/mc/Run3Summer23MiniAODv4/WtoLNu-4Jets_MLNu-120_HT-100to400_TuneCP5_13p6TeV_madgraphMLM-pythia8/MINIAODSIM/130X_mcRun3_2023_realistic_v15-v3/50000/89c0b28f-32db-4343-80a4-8fe505cc9c71.root
01-Feb-2025 18:27:11 CST  Initiating request to open file root://cmsxrootd.fnal.gov//store/mc/Run3Summer23MiniAODv4/WtoLNu-4Jets_MLNu-120_HT-100to400_TuneCP5_13p6TeV_madgraphMLM-pythia8/MINIAODSIM/130X_mcRun3_2023_realistic_v15-v3/50000/31f2ae24-0d78-4ab6-b1fc-4897b83fc3e4.root
01-Feb-2025 18:27:14 CST  Successfully opened file root://cmsxrootd.fnal.gov//store/mc/Run3Summer23MiniAODv4/WtoLNu-4Jets_MLNu-120_HT-100to400_TuneCP5_13p6TeV_madgraphMLM-pythia8/MINIAODSIM/130X_mcRun3_2023_realistic_v15-v3/50000/31f2ae24-0d78-4ab6-b1fc-4897b83fc3e4.root
01-Feb-2025 18:27:18 CST  Closed file root://cmsxrootd.fnal.gov//store/mc/Run3Summer23MiniAODv4/WtoLNu-4Jets_MLNu-120_HT-100to400_TuneCP5_13p6TeV_madgraphMLM-pythia8/MINIAODSIM/130X_mcRun3_2023_realistic_v15-v3/50000/31f2ae24-0d78-4ab6-b1fc-4897b83fc3e4.root
01-Feb-2025 18:27:18 CST  Initiating request to open file root://cmsxrootd.fnal.gov//store/mc/Run3Summer23MiniAODv4/WtoLNu-4Jets_MLNu-120_HT-100to400_TuneCP5_13p6TeV_madgraphMLM-pythia8/MINIAODSIM/130X_mcRun3_2023_realistic_v15-v3/50000/84608591-093e-4791-88d2-a2e6f735caf8.root
01-Feb-2025 18:27:20 CST  Successfully opened file root://cmsxrootd.fnal.gov//store/mc/Run3Summer23MiniAODv4/WtoLNu-4Jets_MLNu-120_HT-100to400_TuneCP5_13p6TeV_madgraphMLM-pythia8/MINIAODSIM/130X_mcRun3_2023_realistic_v15-v3/50000/84608591-093e-4791-88d2-a2e6f735caf8.root
01-Feb-2025 18:27:25 CST  Closed file root://cmsxrootd.fnal.gov//store/mc/Run3Summer23MiniAODv4/WtoLNu-4Jets_MLNu-120_HT-100to400_TuneCP5_13p6TeV_madgraphMLM-pythia8/MINIAODSIM/130X_mcRun3_2023_realistic_v15-v3/50000/84608591-093e-4791-88d2-a2e6f735caf8.root
01-Feb-2025 18:27:25 CST  Initiating request to open file root://cmsxrootd.fnal.gov//store/mc/Run3Summer23MiniAODv4/WtoLNu-4Jets_MLNu-120_HT-100to400_TuneCP5_13p6TeV_madgraphMLM-pythia8/MINIAODSIM/130X_mcRun3_2023_realistic_v15-v3/50000/147211fc-d4dd-457a-8eba-c452c6cd938f.root
01-Feb-2025 18:27:27 CST  Successfully opened file root://cmsxrootd.fnal.gov//store/mc/Run3Summer23MiniAODv4/WtoLNu-4Jets_MLNu-120_HT-100to400_TuneCP5_13p6TeV_madgraphMLM-pythia8/MINIAODSIM/130X_mcRun3_2023_realistic_v15-v3/50000/147211fc-d4dd-457a-8eba-c452c6cd938f.root
Begin processing the 500001st record. Run 1, Event 21212303, LumiSection 2364 on stream 0 at 01-Feb-2025 18:27:31.138 CST
01-Feb-2025 18:27:31 CST  Closed file root://cmsxrootd.fnal.gov//store/mc/Run3Summer23MiniAODv4/WtoLNu-4Jets_MLNu-120_HT-100to400_TuneCP5_13p6TeV_madgraphMLM-pythia8/MINIAODSIM/130X_mcRun3_2023_realistic_v15-v3/50000/147211fc-d4dd-457a-8eba-c452c6cd938f.root
01-Feb-2025 18:27:31 CST  Initiating request to open file root://cmsxrootd.fnal.gov//store/mc/Run3Summer23MiniAODv4/WtoLNu-4Jets_MLNu-120_HT-100to400_TuneCP5_13p6TeV_madgraphMLM-pythia8/MINIAODSIM/130X_mcRun3_2023_realistic_v15-v3/50000/36509341-614d-4a75-95aa-72c33a1da6eb.root
01-Feb-2025 18:27:33 CST  Successfully opened file root://cmsxrootd.fnal.gov//store/mc/Run3Summer23MiniAODv4/WtoLNu-4Jets_MLNu-120_HT-100to400_TuneCP5_13p6TeV_madgraphMLM-pythia8/MINIAODSIM/130X_mcRun3_2023_realistic_v15-v3/50000/36509341-614d-4a75-95aa-72c33a1da6eb.root
01-Feb-2025 18:27:38 CST  Closed file root://cmsxrootd.fnal.gov//store/mc/Run3Summer23MiniAODv4/WtoLNu-4Jets_MLNu-120_HT-100to400_TuneCP5_13p6TeV_madgraphMLM-pythia8/MINIAODSIM/130X_mcRun3_2023_realistic_v15-v3/50000/36509341-614d-4a75-95aa-72c33a1da6eb.root
01-Feb-2025 18:27:38 CST  Initiating request to open file root://cmsxrootd.fnal.gov//store/mc/Run3Summer23MiniAODv4/WtoLNu-4Jets_MLNu-120_HT-100to400_TuneCP5_13p6TeV_madgraphMLM-pythia8/MINIAODSIM/130X_mcRun3_2023_realistic_v15-v3/50000/9ce40a05-63e4-4f4d-b9fa-b8e25e2bfbf5.root
01-Feb-2025 18:27:40 CST  Successfully opened file root://cmsxrootd.fnal.gov//store/mc/Run3Summer23MiniAODv4/WtoLNu-4Jets_MLNu-120_HT-100to400_TuneCP5_13p6TeV_madgraphMLM-pythia8/MINIAODSIM/130X_mcRun3_2023_realistic_v15-v3/50000/9ce40a05-63e4-4f4d-b9fa-b8e25e2bfbf5.root
01-Feb-2025 18:27:45 CST  Closed file root://cmsxrootd.fnal.gov//store/mc/Run3Summer23MiniAODv4/WtoLNu-4Jets_MLNu-120_HT-100to400_TuneCP5_13p6TeV_madgraphMLM-pythia8/MINIAODSIM/130X_mcRun3_2023_realistic_v15-v3/50000/9ce40a05-63e4-4f4d-b9fa-b8e25e2bfbf5.root
01-Feb-2025 18:27:45 CST  Initiating request to open file root://cmsxrootd.fnal.gov//store/mc/Run3Summer23MiniAODv4/WtoLNu-4Jets_MLNu-120_HT-100to400_TuneCP5_13p6TeV_madgraphMLM-pythia8/MINIAODSIM/130X_mcRun3_2023_realistic_v15-v3/50000/6b8ac6c1-b9ef-4632-a35d-19ab5e96e4e0.root
01-Feb-2025 18:27:48 CST  Successfully opened file root://cmsxrootd.fnal.gov//store/mc/Run3Summer23MiniAODv4/WtoLNu-4Jets_MLNu-120_HT-100to400_TuneCP5_13p6TeV_madgraphMLM-pythia8/MINIAODSIM/130X_mcRun3_2023_realistic_v15-v3/50000/6b8ac6c1-b9ef-4632-a35d-19ab5e96e4e0.root
Begin processing the 600001st record. Run 1, Event 27573601, LumiSection 3073 on stream 0 at 01-Feb-2025 18:27:52.891 CST
01-Feb-2025 18:27:53 CST  Closed file root://cmsxrootd.fnal.gov//store/mc/Run3Summer23MiniAODv4/WtoLNu-4Jets_MLNu-120_HT-100to400_TuneCP5_13p6TeV_madgraphMLM-pythia8/MINIAODSIM/130X_mcRun3_2023_realistic_v15-v3/50000/6b8ac6c1-b9ef-4632-a35d-19ab5e96e4e0.root
01-Feb-2025 18:27:53 CST  Initiating request to open file root://cmsxrootd.fnal.gov//store/mc/Run3Summer23MiniAODv4/WtoLNu-4Jets_MLNu-120_HT-100to400_TuneCP5_13p6TeV_madgraphMLM-pythia8/MINIAODSIM/130X_mcRun3_2023_realistic_v15-v3/50000/7ecb4583-dc4e-4736-906c-51aa6bd9e811.root
01-Feb-2025 18:27:55 CST  Successfully opened file root://cmsxrootd.fnal.gov//store/mc/Run3Summer23MiniAODv4/WtoLNu-4Jets_MLNu-120_HT-100to400_TuneCP5_13p6TeV_madgraphMLM-pythia8/MINIAODSIM/130X_mcRun3_2023_realistic_v15-v3/50000/7ecb4583-dc4e-4736-906c-51aa6bd9e811.root
01-Feb-2025 18:27:59 CST  Closed file root://cmsxrootd.fnal.gov//store/mc/Run3Summer23MiniAODv4/WtoLNu-4Jets_MLNu-120_HT-100to400_TuneCP5_13p6TeV_madgraphMLM-pythia8/MINIAODSIM/130X_mcRun3_2023_realistic_v15-v3/50000/7ecb4583-dc4e-4736-906c-51aa6bd9e811.root
01-Feb-2025 18:27:59 CST  Initiating request to open file root://cmsxrootd.fnal.gov//store/mc/Run3Summer23MiniAODv4/WtoLNu-4Jets_MLNu-120_HT-100to400_TuneCP5_13p6TeV_madgraphMLM-pythia8/MINIAODSIM/130X_mcRun3_2023_realistic_v15-v3/50000/884f3b4e-671b-49f1-9f7f-9d881a7e5fc9.root
01-Feb-2025 18:28:02 CST  Successfully opened file root://cmsxrootd.fnal.gov//store/mc/Run3Summer23MiniAODv4/WtoLNu-4Jets_MLNu-120_HT-100to400_TuneCP5_13p6TeV_madgraphMLM-pythia8/MINIAODSIM/130X_mcRun3_2023_realistic_v15-v3/50000/884f3b4e-671b-49f1-9f7f-9d881a7e5fc9.root
01-Feb-2025 18:28:05 CST  Closed file root://cmsxrootd.fnal.gov//store/mc/Run3Summer23MiniAODv4/WtoLNu-4Jets_MLNu-120_HT-100to400_TuneCP5_13p6TeV_madgraphMLM-pythia8/MINIAODSIM/130X_mcRun3_2023_realistic_v15-v3/50000/884f3b4e-671b-49f1-9f7f-9d881a7e5fc9.root
01-Feb-2025 18:28:05 CST  Initiating request to open file root://cmsxrootd.fnal.gov//store/mc/Run3Summer23MiniAODv4/WtoLNu-4Jets_MLNu-120_HT-100to400_TuneCP5_13p6TeV_madgraphMLM-pythia8/MINIAODSIM/130X_mcRun3_2023_realistic_v15-v3/50000/fd4cac22-bf37-4a0d-b28c-492b4fb72aed.root
01-Feb-2025 18:28:07 CST  Successfully opened file root://cmsxrootd.fnal.gov//store/mc/Run3Summer23MiniAODv4/WtoLNu-4Jets_MLNu-120_HT-100to400_TuneCP5_13p6TeV_madgraphMLM-pythia8/MINIAODSIM/130X_mcRun3_2023_realistic_v15-v3/50000/fd4cac22-bf37-4a0d-b28c-492b4fb72aed.root
01-Feb-2025 18:28:10 CST  Closed file root://cmsxrootd.fnal.gov//store/mc/Run3Summer23MiniAODv4/WtoLNu-4Jets_MLNu-120_HT-100to400_TuneCP5_13p6TeV_madgraphMLM-pythia8/MINIAODSIM/130X_mcRun3_2023_realistic_v15-v3/50000/fd4cac22-bf37-4a0d-b28c-492b4fb72aed.root
01-Feb-2025 18:28:10 CST  Initiating request to open file root://cmsxrootd.fnal.gov//store/mc/Run3Summer23MiniAODv4/WtoLNu-4Jets_MLNu-120_HT-100to400_TuneCP5_13p6TeV_madgraphMLM-pythia8/MINIAODSIM/130X_mcRun3_2023_realistic_v15-v3/50000/17faafb7-930d-4af3-b3a7-c5b22ee4a673.root
01-Feb-2025 18:28:12 CST  Successfully opened file root://cmsxrootd.fnal.gov//store/mc/Run3Summer23MiniAODv4/WtoLNu-4Jets_MLNu-120_HT-100to400_TuneCP5_13p6TeV_madgraphMLM-pythia8/MINIAODSIM/130X_mcRun3_2023_realistic_v15-v3/50000/17faafb7-930d-4af3-b3a7-c5b22ee4a673.root
01-Feb-2025 18:28:15 CST  Closed file root://cmsxrootd.fnal.gov//store/mc/Run3Summer23MiniAODv4/WtoLNu-4Jets_MLNu-120_HT-100to400_TuneCP5_13p6TeV_madgraphMLM-pythia8/MINIAODSIM/130X_mcRun3_2023_realistic_v15-v3/50000/17faafb7-930d-4af3-b3a7-c5b22ee4a673.root
01-Feb-2025 18:28:15 CST  Initiating request to open file root://cmsxrootd.fnal.gov//store/mc/Run3Summer23MiniAODv4/WtoLNu-4Jets_MLNu-120_HT-100to400_TuneCP5_13p6TeV_madgraphMLM-pythia8/MINIAODSIM/130X_mcRun3_2023_realistic_v15-v3/50000/df230150-00eb-4d43-9059-fb574e403bc3.root
01-Feb-2025 18:28:17 CST  Successfully opened file root://cmsxrootd.fnal.gov//store/mc/Run3Summer23MiniAODv4/WtoLNu-4Jets_MLNu-120_HT-100to400_TuneCP5_13p6TeV_madgraphMLM-pythia8/MINIAODSIM/130X_mcRun3_2023_realistic_v15-v3/50000/df230150-00eb-4d43-9059-fb574e403bc3.root
01-Feb-2025 18:28:20 CST  Closed file root://cmsxrootd.fnal.gov//store/mc/Run3Summer23MiniAODv4/WtoLNu-4Jets_MLNu-120_HT-100to400_TuneCP5_13p6TeV_madgraphMLM-pythia8/MINIAODSIM/130X_mcRun3_2023_realistic_v15-v3/50000/df230150-00eb-4d43-9059-fb574e403bc3.root
01-Feb-2025 18:28:20 CST  Initiating request to open file root://cmsxrootd.fnal.gov//store/mc/Run3Summer23MiniAODv4/WtoLNu-4Jets_MLNu-120_HT-100to400_TuneCP5_13p6TeV_madgraphMLM-pythia8/MINIAODSIM/130X_mcRun3_2023_realistic_v15-v3/50000/710797d8-eaed-454f-b803-e960921c2ac2.root
01-Feb-2025 18:28:22 CST  Successfully opened file root://cmsxrootd.fnal.gov//store/mc/Run3Summer23MiniAODv4/WtoLNu-4Jets_MLNu-120_HT-100to400_TuneCP5_13p6TeV_madgraphMLM-pythia8/MINIAODSIM/130X_mcRun3_2023_realistic_v15-v3/50000/710797d8-eaed-454f-b803-e960921c2ac2.root
01-Feb-2025 18:28:27 CST  Closed file root://cmsxrootd.fnal.gov//store/mc/Run3Summer23MiniAODv4/WtoLNu-4Jets_MLNu-120_HT-100to400_TuneCP5_13p6TeV_madgraphMLM-pythia8/MINIAODSIM/130X_mcRun3_2023_realistic_v15-v3/50000/710797d8-eaed-454f-b803-e960921c2ac2.root
01-Feb-2025 18:28:27 CST  Initiating request to open file root://cmsxrootd.fnal.gov//store/mc/Run3Summer23MiniAODv4/WtoLNu-4Jets_MLNu-120_HT-100to400_TuneCP5_13p6TeV_madgraphMLM-pythia8/MINIAODSIM/130X_mcRun3_2023_realistic_v15-v3/50000/ca0fc619-f458-4479-a835-2cdca29425e6.root
01-Feb-2025 18:28:29 CST  Successfully opened file root://cmsxrootd.fnal.gov//store/mc/Run3Summer23MiniAODv4/WtoLNu-4Jets_MLNu-120_HT-100to400_TuneCP5_13p6TeV_madgraphMLM-pythia8/MINIAODSIM/130X_mcRun3_2023_realistic_v15-v3/50000/ca0fc619-f458-4479-a835-2cdca29425e6.root
Begin processing the 700001st record. Run 1, Event 1825425, LumiSection 204 on stream 0 at 01-Feb-2025 18:28:33.840 CST
01-Feb-2025 18:28:34 CST  Closed file root://cmsxrootd.fnal.gov//store/mc/Run3Summer23MiniAODv4/WtoLNu-4Jets_MLNu-120_HT-100to400_TuneCP5_13p6TeV_madgraphMLM-pythia8/MINIAODSIM/130X_mcRun3_2023_realistic_v15-v3/50000/ca0fc619-f458-4479-a835-2cdca29425e6.root
01-Feb-2025 18:28:34 CST  Initiating request to open file root://cmsxrootd.fnal.gov//store/mc/Run3Summer23MiniAODv4/WtoLNu-4Jets_MLNu-120_HT-100to400_TuneCP5_13p6TeV_madgraphMLM-pythia8/MINIAODSIM/130X_mcRun3_2023_realistic_v15-v3/50000/54a0548c-2e05-427e-b11b-a859dd5336a2.root
01-Feb-2025 18:28:36 CST  Successfully opened file root://cmsxrootd.fnal.gov//store/mc/Run3Summer23MiniAODv4/WtoLNu-4Jets_MLNu-120_HT-100to400_TuneCP5_13p6TeV_madgraphMLM-pythia8/MINIAODSIM/130X_mcRun3_2023_realistic_v15-v3/50000/54a0548c-2e05-427e-b11b-a859dd5336a2.root
01-Feb-2025 18:28:40 CST  Closed file root://cmsxrootd.fnal.gov//store/mc/Run3Summer23MiniAODv4/WtoLNu-4Jets_MLNu-120_HT-100to400_TuneCP5_13p6TeV_madgraphMLM-pythia8/MINIAODSIM/130X_mcRun3_2023_realistic_v15-v3/50000/54a0548c-2e05-427e-b11b-a859dd5336a2.root
01-Feb-2025 18:28:40 CST  Initiating request to open file root://cmsxrootd.fnal.gov//store/mc/Run3Summer23MiniAODv4/WtoLNu-4Jets_MLNu-120_HT-100to400_TuneCP5_13p6TeV_madgraphMLM-pythia8/MINIAODSIM/130X_mcRun3_2023_realistic_v15-v3/50000/8169b71a-974a-4793-9249-19027a2a4357.root
01-Feb-2025 18:28:43 CST  Successfully opened file root://cmsxrootd.fnal.gov//store/mc/Run3Summer23MiniAODv4/WtoLNu-4Jets_MLNu-120_HT-100to400_TuneCP5_13p6TeV_madgraphMLM-pythia8/MINIAODSIM/130X_mcRun3_2023_realistic_v15-v3/50000/8169b71a-974a-4793-9249-19027a2a4357.root
01-Feb-2025 18:28:47 CST  Closed file root://cmsxrootd.fnal.gov//store/mc/Run3Summer23MiniAODv4/WtoLNu-4Jets_MLNu-120_HT-100to400_TuneCP5_13p6TeV_madgraphMLM-pythia8/MINIAODSIM/130X_mcRun3_2023_realistic_v15-v3/50000/8169b71a-974a-4793-9249-19027a2a4357.root
01-Feb-2025 18:28:47 CST  Initiating request to open file root://cmsxrootd.fnal.gov//store/mc/Run3Summer23MiniAODv4/WtoLNu-4Jets_MLNu-120_HT-100to400_TuneCP5_13p6TeV_madgraphMLM-pythia8/MINIAODSIM/130X_mcRun3_2023_realistic_v15-v3/50000/7620cc15-60b0-43f9-a085-70c097d4ba5a.root
01-Feb-2025 18:28:50 CST  Successfully opened file root://cmsxrootd.fnal.gov//store/mc/Run3Summer23MiniAODv4/WtoLNu-4Jets_MLNu-120_HT-100to400_TuneCP5_13p6TeV_madgraphMLM-pythia8/MINIAODSIM/130X_mcRun3_2023_realistic_v15-v3/50000/7620cc15-60b0-43f9-a085-70c097d4ba5a.root
Begin processing the 800001st record. Run 1, Event 1344932, LumiSection 150 on stream 0 at 01-Feb-2025 18:28:54.905 CST
01-Feb-2025 18:28:55 CST  Closed file root://cmsxrootd.fnal.gov//store/mc/Run3Summer23MiniAODv4/WtoLNu-4Jets_MLNu-120_HT-100to400_TuneCP5_13p6TeV_madgraphMLM-pythia8/MINIAODSIM/130X_mcRun3_2023_realistic_v15-v3/50000/7620cc15-60b0-43f9-a085-70c097d4ba5a.root
01-Feb-2025 18:28:55 CST  Initiating request to open file root://cmsxrootd.fnal.gov//store/mc/Run3Summer23MiniAODv4/WtoLNu-4Jets_MLNu-120_HT-100to400_TuneCP5_13p6TeV_madgraphMLM-pythia8/MINIAODSIM/130X_mcRun3_2023_realistic_v15-v3/50000/6e997a27-0a46-4292-9b38-c8d7b4bc8cdb.root
01-Feb-2025 18:28:57 CST  Successfully opened file root://cmsxrootd.fnal.gov//store/mc/Run3Summer23MiniAODv4/WtoLNu-4Jets_MLNu-120_HT-100to400_TuneCP5_13p6TeV_madgraphMLM-pythia8/MINIAODSIM/130X_mcRun3_2023_realistic_v15-v3/50000/6e997a27-0a46-4292-9b38-c8d7b4bc8cdb.root
01-Feb-2025 18:29:03 CST  Closed file root://cmsxrootd.fnal.gov//store/mc/Run3Summer23MiniAODv4/WtoLNu-4Jets_MLNu-120_HT-100to400_TuneCP5_13p6TeV_madgraphMLM-pythia8/MINIAODSIM/130X_mcRun3_2023_realistic_v15-v3/50000/6e997a27-0a46-4292-9b38-c8d7b4bc8cdb.root
01-Feb-2025 18:29:03 CST  Initiating request to open file root://cmsxrootd.fnal.gov//store/mc/Run3Summer23MiniAODv4/WtoLNu-4Jets_MLNu-120_HT-100to400_TuneCP5_13p6TeV_madgraphMLM-pythia8/MINIAODSIM/130X_mcRun3_2023_realistic_v15-v3/50000/1164c860-139c-45b2-b6b0-b9455eafd658.root
01-Feb-2025 18:29:05 CST  Successfully opened file root://cmsxrootd.fnal.gov//store/mc/Run3Summer23MiniAODv4/WtoLNu-4Jets_MLNu-120_HT-100to400_TuneCP5_13p6TeV_madgraphMLM-pythia8/MINIAODSIM/130X_mcRun3_2023_realistic_v15-v3/50000/1164c860-139c-45b2-b6b0-b9455eafd658.root
Begin processing the 900001st record. Run 1, Event 13757529, LumiSection 1534 on stream 0 at 01-Feb-2025 18:29:09.965 CST
01-Feb-2025 18:29:10 CST  Closed file root://cmsxrootd.fnal.gov//store/mc/Run3Summer23MiniAODv4/WtoLNu-4Jets_MLNu-120_HT-100to400_TuneCP5_13p6TeV_madgraphMLM-pythia8/MINIAODSIM/130X_mcRun3_2023_realistic_v15-v3/50000/1164c860-139c-45b2-b6b0-b9455eafd658.root
01-Feb-2025 18:29:10 CST  Initiating request to open file root://cmsxrootd.fnal.gov//store/mc/Run3Summer23MiniAODv4/WtoLNu-4Jets_MLNu-120_HT-100to400_TuneCP5_13p6TeV_madgraphMLM-pythia8/MINIAODSIM/130X_mcRun3_2023_realistic_v15-v3/50000/c8e1a0b4-3776-4e50-a032-74395bdb9e01.root
01-Feb-2025 18:29:12 CST  Successfully opened file root://cmsxrootd.fnal.gov//store/mc/Run3Summer23MiniAODv4/WtoLNu-4Jets_MLNu-120_HT-100to400_TuneCP5_13p6TeV_madgraphMLM-pythia8/MINIAODSIM/130X_mcRun3_2023_realistic_v15-v3/50000/c8e1a0b4-3776-4e50-a032-74395bdb9e01.root
01-Feb-2025 18:29:16 CST  Closed file root://cmsxrootd.fnal.gov//store/mc/Run3Summer23MiniAODv4/WtoLNu-4Jets_MLNu-120_HT-100to400_TuneCP5_13p6TeV_madgraphMLM-pythia8/MINIAODSIM/130X_mcRun3_2023_realistic_v15-v3/50000/c8e1a0b4-3776-4e50-a032-74395bdb9e01.root
01-Feb-2025 18:29:16 CST  Initiating request to open file root://cmsxrootd.fnal.gov//store/mc/Run3Summer23MiniAODv4/WtoLNu-4Jets_MLNu-120_HT-100to400_TuneCP5_13p6TeV_madgraphMLM-pythia8/MINIAODSIM/130X_mcRun3_2023_realistic_v15-v3/50000/a4637669-4882-459e-9db9-3f546c92fef7.root
01-Feb-2025 18:29:19 CST  Successfully opened file root://cmsxrootd.fnal.gov//store/mc/Run3Summer23MiniAODv4/WtoLNu-4Jets_MLNu-120_HT-100to400_TuneCP5_13p6TeV_madgraphMLM-pythia8/MINIAODSIM/130X_mcRun3_2023_realistic_v15-v3/50000/a4637669-4882-459e-9db9-3f546c92fef7.root
01-Feb-2025 18:29:23 CST  Closed file root://cmsxrootd.fnal.gov//store/mc/Run3Summer23MiniAODv4/WtoLNu-4Jets_MLNu-120_HT-100to400_TuneCP5_13p6TeV_madgraphMLM-pythia8/MINIAODSIM/130X_mcRun3_2023_realistic_v15-v3/50000/a4637669-4882-459e-9db9-3f546c92fef7.root
01-Feb-2025 18:29:23 CST  Initiating request to open file root://cmsxrootd.fnal.gov//store/mc/Run3Summer23MiniAODv4/WtoLNu-4Jets_MLNu-120_HT-100to400_TuneCP5_13p6TeV_madgraphMLM-pythia8/MINIAODSIM/130X_mcRun3_2023_realistic_v15-v3/50000/8b48dc79-4b0c-4996-837a-d2d6642b5542.root
01-Feb-2025 18:29:25 CST  Successfully opened file root://cmsxrootd.fnal.gov//store/mc/Run3Summer23MiniAODv4/WtoLNu-4Jets_MLNu-120_HT-100to400_TuneCP5_13p6TeV_madgraphMLM-pythia8/MINIAODSIM/130X_mcRun3_2023_realistic_v15-v3/50000/8b48dc79-4b0c-4996-837a-d2d6642b5542.root
     12.264300      0.055842     92.602650             9
     19.147600      0.072863     92.602650             8
     13.334700      0.068927     92.602650             7
     20.336700      0.085450     92.602650             6
      8.502800      0.059572     92.602650             5
     13.053200      0.072940     92.602650             4
      2.204200      0.035575     92.602650             3
      3.502370      0.049782     92.602650             2
 
01-Feb-2025 18:29:31 CST  Closed file root://cmsxrootd.fnal.gov//store/mc/Run3Summer23MiniAODv4/WtoLNu-4Jets_MLNu-120_HT-100to400_TuneCP5_13p6TeV_madgraphMLM-pythia8/MINIAODSIM/130X_mcRun3_2023_realistic_v15-v3/50000/8b48dc79-4b0c-4996-837a-d2d6642b5542.root

------------------------------------
GenXsecAnalyzer:
------------------------------------
-------------------------------------------------------------------------------------------------------------------------------------------------------------------------- 
Overall cross-section summary 
--------------------------------------------------------------------------------------------------------------------------------------------------------------------------
Process		xsec_before [pb]		passed	nposw	nnegw	tried	nposw	nnegw 	xsec_match [pb]			accepted [%]	 event_eff [%]
0		3.486e+00 +/- 1.097e-03		92792	92792	0	335300	335300	0	9.648e-01 +/- 2.711e-03		27.7 +/- 0.1	27.7 +/- 0.1
1		2.255e+00 +/- 8.064e-04		61480	61480	0	217481	217481	0	6.376e-01 +/- 2.190e-03		28.3 +/- 0.1	28.3 +/- 0.1
2		1.300e+01 +/- 1.667e-03		220831	220831	0	1239902	1239902	0	2.315e+00 +/- 4.476e-03		17.8 +/- 0.0	17.8 +/- 0.0
3		8.491e+00 +/- 1.391e-03		151074	151074	0	817990	817990	0	1.568e+00 +/- 3.652e-03		18.5 +/- 0.0	18.5 +/- 0.0
4		2.042e+01 +/- 1.870e-03		173036	173036	0	2019517	2019517	0	1.750e+00 +/- 4.025e-03		8.6 +/- 0.0	8.6 +/- 0.0
5		1.329e+01 +/- 1.427e-03		119632	119632	0	1339312	1339312	0	1.187e+00 +/- 3.278e-03		8.9 +/- 0.0	8.9 +/- 0.0
6		1.908e+01 +/- 1.578e-03		110201	110201	0	1895687	1895687	0	1.109e+00 +/- 3.244e-03		5.8 +/- 0.0	5.8 +/- 0.0
7		1.222e+01 +/- 1.201e-03		71843	71843	0	1207525	1207525	0	7.271e-01 +/- 2.632e-03		5.9 +/- 0.0	5.9 +/- 0.0
-------------------------------------------------------------------------------------------------------------------------------------------------------------------------- 
Total		9.224e+01 +/- 4.004e-03		1000889	1000889	0	9072714	9072714	0	1.018e+01 +/- 9.604e-03		11.0 +/- 0.0	11.0 +/- 0.0
--------------------------------------------------------------------------------------------------------------------------------------------------------------------------
Before matching: total cross section = 9.224e+01 +- 4.004e-03 pb
After matching: total cross section = 1.018e+01 +- 9.604e-03 pb
Matching efficiency = 0.1 +/- 0.0   [TO BE USED IN MCM]
Filter efficiency (taking into account weights)= (9.23323e+07) / (9.23323e+07) = 1.000e+00 +- 0.000e+00
Filter efficiency (event-level)= (1.00089e+06) / (1.00089e+06) = 1.000e+00 +- 0.000e+00    [TO BE USED IN MCM]

After filter: final cross section = 1.018e+01 +- 9.604e-03 pb
After filter: final fraction of events with negative weights = 0.000e+00 +- 0.000e+00
After filter: final equivalent lumi for 1M events (1/fb) = 9.827e+01 +- 1.351e-01
