01-Feb-2025 17:53:42 CST  Initiating request to open file root://cmsxrootd.fnal.gov//store/mc/Run3Summer23MiniAODv4/WW_TuneCP5_13p6TeV_pythia8/MINIAODSIM/130X_mcRun3_2023_realistic_v14-v2/2530000/bc70e57b-6bba-4b5b-b896-045ea2b85753.root
01-Feb-2025 17:53:45 CST  Successfully opened file root://cmsxrootd.fnal.gov//store/mc/Run3Summer23MiniAODv4/WW_TuneCP5_13p6TeV_pythia8/MINIAODSIM/130X_mcRun3_2023_realistic_v14-v2/2530000/bc70e57b-6bba-4b5b-b896-045ea2b85753.root
Begin processing the 1st record. Run 1, Event 6105006, LumiSection 6106 on stream 0 at 01-Feb-2025 17:53:46.950 CST
01-Feb-2025 17:53:47 CST  Closed file root://cmsxrootd.fnal.gov//store/mc/Run3Summer23MiniAODv4/WW_TuneCP5_13p6TeV_pythia8/MINIAODSIM/130X_mcRun3_2023_realistic_v14-v2/2530000/bc70e57b-6bba-4b5b-b896-045ea2b85753.root
01-Feb-2025 17:53:47 CST  Initiating request to open file root://cmsxrootd.fnal.gov//store/mc/Run3Summer23MiniAODv4/WW_TuneCP5_13p6TeV_pythia8/MINIAODSIM/130X_mcRun3_2023_realistic_v14-v2/2530000/d8606695-561b-4a9e-b53f-ecb759a9cda5.root
01-Feb-2025 17:53:49 CST  Successfully opened file root://cmsxrootd.fnal.gov//store/mc/Run3Summer23MiniAODv4/WW_TuneCP5_13p6TeV_pythia8/MINIAODSIM/130X_mcRun3_2023_realistic_v14-v2/2530000/d8606695-561b-4a9e-b53f-ecb759a9cda5.root
Begin processing the 100001st record. Run 1, Event 20017004, LumiSection 20018 on stream 0 at 01-Feb-2025 17:53:50.388 CST
01-Feb-2025 17:53:50 CST  Closed file root://cmsxrootd.fnal.gov//store/mc/Run3Summer23MiniAODv4/WW_TuneCP5_13p6TeV_pythia8/MINIAODSIM/130X_mcRun3_2023_realistic_v14-v2/2530000/d8606695-561b-4a9e-b53f-ecb759a9cda5.root
01-Feb-2025 17:53:50 CST  Initiating request to open file root://cmsxrootd.fnal.gov//store/mc/Run3Summer23MiniAODv4/WW_TuneCP5_13p6TeV_pythia8/MINIAODSIM/130X_mcRun3_2023_realistic_v14-v2/2530000/dc107181-9df2-4e20-8177-64816886e69c.root
01-Feb-2025 17:53:51 CST  Successfully opened file root://cmsxrootd.fnal.gov//store/mc/Run3Summer23MiniAODv4/WW_TuneCP5_13p6TeV_pythia8/MINIAODSIM/130X_mcRun3_2023_realistic_v14-v2/2530000/dc107181-9df2-4e20-8177-64816886e69c.root
01-Feb-2025 17:53:53 CST  Closed file root://cmsxrootd.fnal.gov//store/mc/Run3Summer23MiniAODv4/WW_TuneCP5_13p6TeV_pythia8/MINIAODSIM/130X_mcRun3_2023_realistic_v14-v2/2530000/dc107181-9df2-4e20-8177-64816886e69c.root
01-Feb-2025 17:53:53 CST  Initiating request to open file root://cmsxrootd.fnal.gov//store/mc/Run3Summer23MiniAODv4/WW_TuneCP5_13p6TeV_pythia8/MINIAODSIM/130X_mcRun3_2023_realistic_v14-v2/2530000/a4c3287e-4a97-463c-98e0-450e40d0bd14.root
01-Feb-2025 17:53:55 CST  Successfully opened file root://cmsxrootd.fnal.gov//store/mc/Run3Summer23MiniAODv4/WW_TuneCP5_13p6TeV_pythia8/MINIAODSIM/130X_mcRun3_2023_realistic_v14-v2/2530000/a4c3287e-4a97-463c-98e0-450e40d0bd14.root
01-Feb-2025 17:53:56 CST  Closed file root://cmsxrootd.fnal.gov//store/mc/Run3Summer23MiniAODv4/WW_TuneCP5_13p6TeV_pythia8/MINIAODSIM/130X_mcRun3_2023_realistic_v14-v2/2530000/a4c3287e-4a97-463c-98e0-450e40d0bd14.root
01-Feb-2025 17:53:56 CST  Initiating request to open file root://cmsxrootd.fnal.gov//store/mc/Run3Summer23MiniAODv4/WW_TuneCP5_13p6TeV_pythia8/MINIAODSIM/130X_mcRun3_2023_realistic_v14-v2/2530000/a4a77694-e261-45b8-ba8a-dbc8ecbc71d2.root
01-Feb-2025 17:53:57 CST  Successfully opened file root://cmsxrootd.fnal.gov//store/mc/Run3Summer23MiniAODv4/WW_TuneCP5_13p6TeV_pythia8/MINIAODSIM/130X_mcRun3_2023_realistic_v14-v2/2530000/a4a77694-e261-45b8-ba8a-dbc8ecbc71d2.root
Begin processing the 200001st record. Run 1, Event 7610002, LumiSection 7611 on stream 0 at 01-Feb-2025 17:53:58.665 CST
01-Feb-2025 17:53:59 CST  Closed file root://cmsxrootd.fnal.gov//store/mc/Run3Summer23MiniAODv4/WW_TuneCP5_13p6TeV_pythia8/MINIAODSIM/130X_mcRun3_2023_realistic_v14-v2/2530000/a4a77694-e261-45b8-ba8a-dbc8ecbc71d2.root
01-Feb-2025 17:53:59 CST  Initiating request to open file root://cmsxrootd.fnal.gov//store/mc/Run3Summer23MiniAODv4/WW_TuneCP5_13p6TeV_pythia8/MINIAODSIM/130X_mcRun3_2023_realistic_v14-v2/2530000/8e2129a1-27d1-47d2-bc15-e8ed8d1eb769.root
01-Feb-2025 17:54:00 CST  Successfully opened file root://cmsxrootd.fnal.gov//store/mc/Run3Summer23MiniAODv4/WW_TuneCP5_13p6TeV_pythia8/MINIAODSIM/130X_mcRun3_2023_realistic_v14-v2/2530000/8e2129a1-27d1-47d2-bc15-e8ed8d1eb769.root
01-Feb-2025 17:54:02 CST  Closed file root://cmsxrootd.fnal.gov//store/mc/Run3Summer23MiniAODv4/WW_TuneCP5_13p6TeV_pythia8/MINIAODSIM/130X_mcRun3_2023_realistic_v14-v2/2530000/8e2129a1-27d1-47d2-bc15-e8ed8d1eb769.root
01-Feb-2025 17:54:02 CST  Initiating request to open file root://cmsxrootd.fnal.gov//store/mc/Run3Summer23MiniAODv4/WW_TuneCP5_13p6TeV_pythia8/MINIAODSIM/130X_mcRun3_2023_realistic_v14-v2/2530000/6ce9d1b2-2ca8-4fbb-86ef-394d51df393c.root
01-Feb-2025 17:54:04 CST  Successfully opened file root://cmsxrootd.fnal.gov//store/mc/Run3Summer23MiniAODv4/WW_TuneCP5_13p6TeV_pythia8/MINIAODSIM/130X_mcRun3_2023_realistic_v14-v2/2530000/6ce9d1b2-2ca8-4fbb-86ef-394d51df393c.root
Begin processing the 300001st record. Run 1, Event 18168003, LumiSection 18169 on stream 0 at 01-Feb-2025 17:54:05.075 CST
01-Feb-2025 17:54:05 CST  Closed file root://cmsxrootd.fnal.gov//store/mc/Run3Summer23MiniAODv4/WW_TuneCP5_13p6TeV_pythia8/MINIAODSIM/130X_mcRun3_2023_realistic_v14-v2/2530000/6ce9d1b2-2ca8-4fbb-86ef-394d51df393c.root
01-Feb-2025 17:54:05 CST  Initiating request to open file root://cmsxrootd.fnal.gov//store/mc/Run3Summer23MiniAODv4/WW_TuneCP5_13p6TeV_pythia8/MINIAODSIM/130X_mcRun3_2023_realistic_v14-v2/2530000/af7f3318-9d9a-4351-8803-b77d1d36cf03.root
01-Feb-2025 17:54:06 CST  Successfully opened file root://cmsxrootd.fnal.gov//store/mc/Run3Summer23MiniAODv4/WW_TuneCP5_13p6TeV_pythia8/MINIAODSIM/130X_mcRun3_2023_realistic_v14-v2/2530000/af7f3318-9d9a-4351-8803-b77d1d36cf03.root
01-Feb-2025 17:54:08 CST  Closed file root://cmsxrootd.fnal.gov//store/mc/Run3Summer23MiniAODv4/WW_TuneCP5_13p6TeV_pythia8/MINIAODSIM/130X_mcRun3_2023_realistic_v14-v2/2530000/af7f3318-9d9a-4351-8803-b77d1d36cf03.root
01-Feb-2025 17:54:08 CST  Initiating request to open file root://cmsxrootd.fnal.gov//store/mc/Run3Summer23MiniAODv4/WW_TuneCP5_13p6TeV_pythia8/MINIAODSIM/130X_mcRun3_2023_realistic_v14-v2/2530000/a704d3c0-7365-4e12-bfa0-8217e80d1f91.root
01-Feb-2025 17:54:10 CST  Successfully opened file root://cmsxrootd.fnal.gov//store/mc/Run3Summer23MiniAODv4/WW_TuneCP5_13p6TeV_pythia8/MINIAODSIM/130X_mcRun3_2023_realistic_v14-v2/2530000/a704d3c0-7365-4e12-bfa0-8217e80d1f91.root
Begin processing the 400001st record. Run 1, Event 18952004, LumiSection 18953 on stream 0 at 01-Feb-2025 17:54:13.745 CST
01-Feb-2025 17:54:14 CST  Closed file root://cmsxrootd.fnal.gov//store/mc/Run3Summer23MiniAODv4/WW_TuneCP5_13p6TeV_pythia8/MINIAODSIM/130X_mcRun3_2023_realistic_v14-v2/2530000/a704d3c0-7365-4e12-bfa0-8217e80d1f91.root
01-Feb-2025 17:54:14 CST  Initiating request to open file root://cmsxrootd.fnal.gov//store/mc/Run3Summer23MiniAODv4/WW_TuneCP5_13p6TeV_pythia8/MINIAODSIM/130X_mcRun3_2023_realistic_v14-v2/2530000/9fdbd8fd-6662-4103-95e1-63a3eed690c5.root
01-Feb-2025 17:54:15 CST  Successfully opened file root://cmsxrootd.fnal.gov//store/mc/Run3Summer23MiniAODv4/WW_TuneCP5_13p6TeV_pythia8/MINIAODSIM/130X_mcRun3_2023_realistic_v14-v2/2530000/9fdbd8fd-6662-4103-95e1-63a3eed690c5.root
01-Feb-2025 17:54:16 CST  Closed file root://cmsxrootd.fnal.gov//store/mc/Run3Summer23MiniAODv4/WW_TuneCP5_13p6TeV_pythia8/MINIAODSIM/130X_mcRun3_2023_realistic_v14-v2/2530000/9fdbd8fd-6662-4103-95e1-63a3eed690c5.root
01-Feb-2025 17:54:16 CST  Initiating request to open file root://cmsxrootd.fnal.gov//store/mc/Run3Summer23MiniAODv4/WW_TuneCP5_13p6TeV_pythia8/MINIAODSIM/130X_mcRun3_2023_realistic_v14-v2/2530000/b00a98b0-457e-413f-8863-8162063bd318.root
01-Feb-2025 17:54:17 CST  Successfully opened file root://cmsxrootd.fnal.gov//store/mc/Run3Summer23MiniAODv4/WW_TuneCP5_13p6TeV_pythia8/MINIAODSIM/130X_mcRun3_2023_realistic_v14-v2/2530000/b00a98b0-457e-413f-8863-8162063bd318.root
Begin processing the 500001st record. Run 1, Event 18485002, LumiSection 18486 on stream 0 at 01-Feb-2025 17:54:18.926 CST
01-Feb-2025 17:54:19 CST  Closed file root://cmsxrootd.fnal.gov//store/mc/Run3Summer23MiniAODv4/WW_TuneCP5_13p6TeV_pythia8/MINIAODSIM/130X_mcRun3_2023_realistic_v14-v2/2530000/b00a98b0-457e-413f-8863-8162063bd318.root
01-Feb-2025 17:54:19 CST  Initiating request to open file root://cmsxrootd.fnal.gov//store/mc/Run3Summer23MiniAODv4/WW_TuneCP5_13p6TeV_pythia8/MINIAODSIM/130X_mcRun3_2023_realistic_v14-v2/2530000/0f14c474-8267-4c3f-b596-57ffd2268aea.root
01-Feb-2025 17:54:20 CST  Successfully opened file root://cmsxrootd.fnal.gov//store/mc/Run3Summer23MiniAODv4/WW_TuneCP5_13p6TeV_pythia8/MINIAODSIM/130X_mcRun3_2023_realistic_v14-v2/2530000/0f14c474-8267-4c3f-b596-57ffd2268aea.root
01-Feb-2025 17:54:22 CST  Closed file root://cmsxrootd.fnal.gov//store/mc/Run3Summer23MiniAODv4/WW_TuneCP5_13p6TeV_pythia8/MINIAODSIM/130X_mcRun3_2023_realistic_v14-v2/2530000/0f14c474-8267-4c3f-b596-57ffd2268aea.root
01-Feb-2025 17:54:22 CST  Initiating request to open file root://cmsxrootd.fnal.gov//store/mc/Run3Summer23MiniAODv4/WW_TuneCP5_13p6TeV_pythia8/MINIAODSIM/130X_mcRun3_2023_realistic_v14-v2/2530000/81f5d14a-a5b9-42ec-a008-1de53544149a.root
01-Feb-2025 17:54:23 CST  Successfully opened file root://cmsxrootd.fnal.gov//store/mc/Run3Summer23MiniAODv4/WW_TuneCP5_13p6TeV_pythia8/MINIAODSIM/130X_mcRun3_2023_realistic_v14-v2/2530000/81f5d14a-a5b9-42ec-a008-1de53544149a.root
Begin processing the 600001st record. Run 1, Event 8214003, LumiSection 8215 on stream 0 at 01-Feb-2025 17:54:24.786 CST
01-Feb-2025 17:54:24 CST  Closed file root://cmsxrootd.fnal.gov//store/mc/Run3Summer23MiniAODv4/WW_TuneCP5_13p6TeV_pythia8/MINIAODSIM/130X_mcRun3_2023_realistic_v14-v2/2530000/81f5d14a-a5b9-42ec-a008-1de53544149a.root
01-Feb-2025 17:54:24 CST  Initiating request to open file root://cmsxrootd.fnal.gov//store/mc/Run3Summer23MiniAODv4/WW_TuneCP5_13p6TeV_pythia8/MINIAODSIM/130X_mcRun3_2023_realistic_v14-v2/2530000/e763178a-7a06-4dd7-a1fb-1261068df1f6.root
01-Feb-2025 17:54:26 CST  Successfully opened file root://cmsxrootd.fnal.gov//store/mc/Run3Summer23MiniAODv4/WW_TuneCP5_13p6TeV_pythia8/MINIAODSIM/130X_mcRun3_2023_realistic_v14-v2/2530000/e763178a-7a06-4dd7-a1fb-1261068df1f6.root
01-Feb-2025 17:54:27 CST  Closed file root://cmsxrootd.fnal.gov//store/mc/Run3Summer23MiniAODv4/WW_TuneCP5_13p6TeV_pythia8/MINIAODSIM/130X_mcRun3_2023_realistic_v14-v2/2530000/e763178a-7a06-4dd7-a1fb-1261068df1f6.root
01-Feb-2025 17:54:27 CST  Initiating request to open file root://cmsxrootd.fnal.gov//store/mc/Run3Summer23MiniAODv4/WW_TuneCP5_13p6TeV_pythia8/MINIAODSIM/130X_mcRun3_2023_realistic_v14-v2/2530000/3da66b47-9a12-48c0-ba36-cb595150ad8e.root
01-Feb-2025 17:54:29 CST  Successfully opened file root://cmsxrootd.fnal.gov//store/mc/Run3Summer23MiniAODv4/WW_TuneCP5_13p6TeV_pythia8/MINIAODSIM/130X_mcRun3_2023_realistic_v14-v2/2530000/3da66b47-9a12-48c0-ba36-cb595150ad8e.root
Begin processing the 700001st record. Run 1, Event 19534002, LumiSection 19535 on stream 0 at 01-Feb-2025 17:54:30.282 CST
01-Feb-2025 17:54:30 CST  Closed file root://cmsxrootd.fnal.gov//store/mc/Run3Summer23MiniAODv4/WW_TuneCP5_13p6TeV_pythia8/MINIAODSIM/130X_mcRun3_2023_realistic_v14-v2/2530000/3da66b47-9a12-48c0-ba36-cb595150ad8e.root
01-Feb-2025 17:54:30 CST  Initiating request to open file root://cmsxrootd.fnal.gov//store/mc/Run3Summer23MiniAODv4/WW_TuneCP5_13p6TeV_pythia8/MINIAODSIM/130X_mcRun3_2023_realistic_v14-v2/2530000/12afa191-a144-4f5f-a7c2-8f742a683008.root
01-Feb-2025 17:54:31 CST  Successfully opened file root://cmsxrootd.fnal.gov//store/mc/Run3Summer23MiniAODv4/WW_TuneCP5_13p6TeV_pythia8/MINIAODSIM/130X_mcRun3_2023_realistic_v14-v2/2530000/12afa191-a144-4f5f-a7c2-8f742a683008.root
01-Feb-2025 17:54:33 CST  Closed file root://cmsxrootd.fnal.gov//store/mc/Run3Summer23MiniAODv4/WW_TuneCP5_13p6TeV_pythia8/MINIAODSIM/130X_mcRun3_2023_realistic_v14-v2/2530000/12afa191-a144-4f5f-a7c2-8f742a683008.root
01-Feb-2025 17:54:33 CST  Initiating request to open file root://cmsxrootd.fnal.gov//store/mc/Run3Summer23MiniAODv4/WW_TuneCP5_13p6TeV_pythia8/MINIAODSIM/130X_mcRun3_2023_realistic_v14-v2/2530000/4fab71c8-f367-49d7-a01a-773d33e30c5b.root
01-Feb-2025 17:54:35 CST  Successfully opened file root://cmsxrootd.fnal.gov//store/mc/Run3Summer23MiniAODv4/WW_TuneCP5_13p6TeV_pythia8/MINIAODSIM/130X_mcRun3_2023_realistic_v14-v2/2530000/4fab71c8-f367-49d7-a01a-773d33e30c5b.root
Begin processing the 800001st record. Run 1, Event 8411002, LumiSection 8412 on stream 0 at 01-Feb-2025 17:54:36.749 CST
01-Feb-2025 17:54:37 CST  Closed file root://cmsxrootd.fnal.gov//store/mc/Run3Summer23MiniAODv4/WW_TuneCP5_13p6TeV_pythia8/MINIAODSIM/130X_mcRun3_2023_realistic_v14-v2/2530000/4fab71c8-f367-49d7-a01a-773d33e30c5b.root
01-Feb-2025 17:54:37 CST  Initiating request to open file root://cmsxrootd.fnal.gov//store/mc/Run3Summer23MiniAODv4/WW_TuneCP5_13p6TeV_pythia8/MINIAODSIM/130X_mcRun3_2023_realistic_v14-v2/2530000/09a718db-1514-407d-ad54-be7b90226f3e.root
01-Feb-2025 17:54:38 CST  Successfully opened file root://cmsxrootd.fnal.gov//store/mc/Run3Summer23MiniAODv4/WW_TuneCP5_13p6TeV_pythia8/MINIAODSIM/130X_mcRun3_2023_realistic_v14-v2/2530000/09a718db-1514-407d-ad54-be7b90226f3e.root
01-Feb-2025 17:54:39 CST  Closed file root://cmsxrootd.fnal.gov//store/mc/Run3Summer23MiniAODv4/WW_TuneCP5_13p6TeV_pythia8/MINIAODSIM/130X_mcRun3_2023_realistic_v14-v2/2530000/09a718db-1514-407d-ad54-be7b90226f3e.root
01-Feb-2025 17:54:39 CST  Initiating request to open file root://cmsxrootd.fnal.gov//store/mc/Run3Summer23MiniAODv4/WW_TuneCP5_13p6TeV_pythia8/MINIAODSIM/130X_mcRun3_2023_realistic_v14-v2/2530000/2000ce76-9497-4d21-9fee-bf3ebcf4c56e.root
01-Feb-2025 17:54:40 CST  Successfully opened file root://cmsxrootd.fnal.gov//store/mc/Run3Summer23MiniAODv4/WW_TuneCP5_13p6TeV_pythia8/MINIAODSIM/130X_mcRun3_2023_realistic_v14-v2/2530000/2000ce76-9497-4d21-9fee-bf3ebcf4c56e.root
Begin processing the 900001st record. Run 1, Event 20718002, LumiSection 20719 on stream 0 at 01-Feb-2025 17:54:41.996 CST
01-Feb-2025 17:54:42 CST  Closed file root://cmsxrootd.fnal.gov//store/mc/Run3Summer23MiniAODv4/WW_TuneCP5_13p6TeV_pythia8/MINIAODSIM/130X_mcRun3_2023_realistic_v14-v2/2530000/2000ce76-9497-4d21-9fee-bf3ebcf4c56e.root
01-Feb-2025 17:54:42 CST  Initiating request to open file root://cmsxrootd.fnal.gov//store/mc/Run3Summer23MiniAODv4/WW_TuneCP5_13p6TeV_pythia8/MINIAODSIM/130X_mcRun3_2023_realistic_v14-v2/2530000/3caef48f-dac2-4725-83b3-9f73fc4a7d5d.root
01-Feb-2025 17:54:43 CST  Successfully opened file root://cmsxrootd.fnal.gov//store/mc/Run3Summer23MiniAODv4/WW_TuneCP5_13p6TeV_pythia8/MINIAODSIM/130X_mcRun3_2023_realistic_v14-v2/2530000/3caef48f-dac2-4725-83b3-9f73fc4a7d5d.root
01-Feb-2025 17:54:44 CST  Closed file root://cmsxrootd.fnal.gov//store/mc/Run3Summer23MiniAODv4/WW_TuneCP5_13p6TeV_pythia8/MINIAODSIM/130X_mcRun3_2023_realistic_v14-v2/2530000/3caef48f-dac2-4725-83b3-9f73fc4a7d5d.root
01-Feb-2025 17:54:44 CST  Initiating request to open file root://cmsxrootd.fnal.gov//store/mc/Run3Summer23MiniAODv4/WW_TuneCP5_13p6TeV_pythia8/MINIAODSIM/130X_mcRun3_2023_realistic_v14-v2/2530000/08b28f98-ea7e-4ecb-8280-67c9ba713ca8.root
01-Feb-2025 17:54:45 CST  Successfully opened file root://cmsxrootd.fnal.gov//store/mc/Run3Summer23MiniAODv4/WW_TuneCP5_13p6TeV_pythia8/MINIAODSIM/130X_mcRun3_2023_realistic_v14-v2/2530000/08b28f98-ea7e-4ecb-8280-67c9ba713ca8.root
01-Feb-2025 17:54:47 CST  Closed file root://cmsxrootd.fnal.gov//store/mc/Run3Summer23MiniAODv4/WW_TuneCP5_13p6TeV_pythia8/MINIAODSIM/130X_mcRun3_2023_realistic_v14-v2/2530000/08b28f98-ea7e-4ecb-8280-67c9ba713ca8.root

------------------------------------
GenXsecAnalyzer:
------------------------------------
Before Filter: total cross section = 8.023e+01 +- 3.753e-02 pb
Filter efficiency (taking into account weights)= (1.00001e+06) / (1.00001e+06) = 1.000e+00 +- 0.000e+00
Filter efficiency (event-level)= (1e+06) / (1e+06) = 1.000e+00 +- 0.000e+00    [TO BE USED IN MCM]

After filter: final cross section = 8.023e+01 +- 3.753e-02 pb
After filter: final fraction of events with negative weights = 0.000e+00 +- 0.000e+00
After filter: final equivalent lumi for 1M events (1/fb) = 1.246e+01 +- 1.376e-02
