01-Feb-2025 17:47:39 CST  Initiating request to open file root://cmsxrootd.fnal.gov//store/mc/Run3Summer23MiniAODv4/WWW_4F_TuneCP5_13p6TeV_amcatnlo-madspin-pythia8/MINIAODSIM/130X_mcRun3_2023_realistic_v14-v2/40000/f3891ff3-be86-4cd7-b42c-1baa2ba3d88f.root
01-Feb-2025 17:47:44 CST  Successfully opened file root://cmsxrootd.fnal.gov//store/mc/Run3Summer23MiniAODv4/WWW_4F_TuneCP5_13p6TeV_amcatnlo-madspin-pythia8/MINIAODSIM/130X_mcRun3_2023_realistic_v14-v2/40000/f3891ff3-be86-4cd7-b42c-1baa2ba3d88f.root
Begin processing the 1st record. Run 1, Event 696005, LumiSection 697 on stream 0 at 01-Feb-2025 17:47:46.474 CST
01-Feb-2025 17:47:46 CST  Closed file root://cmsxrootd.fnal.gov//store/mc/Run3Summer23MiniAODv4/WWW_4F_TuneCP5_13p6TeV_amcatnlo-madspin-pythia8/MINIAODSIM/130X_mcRun3_2023_realistic_v14-v2/40000/f3891ff3-be86-4cd7-b42c-1baa2ba3d88f.root
01-Feb-2025 17:47:46 CST  Initiating request to open file root://cmsxrootd.fnal.gov//store/mc/Run3Summer23MiniAODv4/WWW_4F_TuneCP5_13p6TeV_amcatnlo-madspin-pythia8/MINIAODSIM/130X_mcRun3_2023_realistic_v14-v2/40000/ae9559d4-8bd4-415b-8077-de9acb27bda1.root
01-Feb-2025 17:47:49 CST  Successfully opened file root://cmsxrootd.fnal.gov//store/mc/Run3Summer23MiniAODv4/WWW_4F_TuneCP5_13p6TeV_amcatnlo-madspin-pythia8/MINIAODSIM/130X_mcRun3_2023_realistic_v14-v2/40000/ae9559d4-8bd4-415b-8077-de9acb27bda1.root
01-Feb-2025 17:47:50 CST  Closed file root://cmsxrootd.fnal.gov//store/mc/Run3Summer23MiniAODv4/WWW_4F_TuneCP5_13p6TeV_amcatnlo-madspin-pythia8/MINIAODSIM/130X_mcRun3_2023_realistic_v14-v2/40000/ae9559d4-8bd4-415b-8077-de9acb27bda1.root
01-Feb-2025 17:47:50 CST  Initiating request to open file root://cmsxrootd.fnal.gov//store/mc/Run3Summer23MiniAODv4/WWW_4F_TuneCP5_13p6TeV_amcatnlo-madspin-pythia8/MINIAODSIM/130X_mcRun3_2023_realistic_v14-v2/40000/4b1b65a5-8969-4d80-83c9-ecc45c8bb3ce.root
01-Feb-2025 17:47:53 CST  Successfully opened file root://cmsxrootd.fnal.gov//store/mc/Run3Summer23MiniAODv4/WWW_4F_TuneCP5_13p6TeV_amcatnlo-madspin-pythia8/MINIAODSIM/130X_mcRun3_2023_realistic_v14-v2/40000/4b1b65a5-8969-4d80-83c9-ecc45c8bb3ce.root
01-Feb-2025 17:47:55 CST  Closed file root://cmsxrootd.fnal.gov//store/mc/Run3Summer23MiniAODv4/WWW_4F_TuneCP5_13p6TeV_amcatnlo-madspin-pythia8/MINIAODSIM/130X_mcRun3_2023_realistic_v14-v2/40000/4b1b65a5-8969-4d80-83c9-ecc45c8bb3ce.root
01-Feb-2025 17:47:55 CST  Initiating request to open file root://cmsxrootd.fnal.gov//store/mc/Run3Summer23MiniAODv4/WWW_4F_TuneCP5_13p6TeV_amcatnlo-madspin-pythia8/MINIAODSIM/130X_mcRun3_2023_realistic_v14-v2/40000/a8ec22df-981c-4cd1-b136-9e3807b3c780.root
01-Feb-2025 17:47:57 CST  Successfully opened file root://cmsxrootd.fnal.gov//store/mc/Run3Summer23MiniAODv4/WWW_4F_TuneCP5_13p6TeV_amcatnlo-madspin-pythia8/MINIAODSIM/130X_mcRun3_2023_realistic_v14-v2/40000/a8ec22df-981c-4cd1-b136-9e3807b3c780.root
01-Feb-2025 17:48:00 CST  Closed file root://cmsxrootd.fnal.gov//store/mc/Run3Summer23MiniAODv4/WWW_4F_TuneCP5_13p6TeV_amcatnlo-madspin-pythia8/MINIAODSIM/130X_mcRun3_2023_realistic_v14-v2/40000/a8ec22df-981c-4cd1-b136-9e3807b3c780.root
01-Feb-2025 17:48:00 CST  Initiating request to open file root://cmsxrootd.fnal.gov//store/mc/Run3Summer23MiniAODv4/WWW_4F_TuneCP5_13p6TeV_amcatnlo-madspin-pythia8/MINIAODSIM/130X_mcRun3_2023_realistic_v14-v2/40000/615fb8d1-c247-4002-9e40-d778b798b354.root
01-Feb-2025 17:48:03 CST  Successfully opened file root://cmsxrootd.fnal.gov//store/mc/Run3Summer23MiniAODv4/WWW_4F_TuneCP5_13p6TeV_amcatnlo-madspin-pythia8/MINIAODSIM/130X_mcRun3_2023_realistic_v14-v2/40000/615fb8d1-c247-4002-9e40-d778b798b354.root
01-Feb-2025 17:48:06 CST  Closed file root://cmsxrootd.fnal.gov//store/mc/Run3Summer23MiniAODv4/WWW_4F_TuneCP5_13p6TeV_amcatnlo-madspin-pythia8/MINIAODSIM/130X_mcRun3_2023_realistic_v14-v2/40000/615fb8d1-c247-4002-9e40-d778b798b354.root
01-Feb-2025 17:48:06 CST  Initiating request to open file root://cmsxrootd.fnal.gov//store/mc/Run3Summer23MiniAODv4/WWW_4F_TuneCP5_13p6TeV_amcatnlo-madspin-pythia8/MINIAODSIM/130X_mcRun3_2023_realistic_v14-v2/40000/12adbd6e-948d-49b5-bf15-b1b456458ce9.root
01-Feb-2025 17:48:08 CST  Successfully opened file root://cmsxrootd.fnal.gov//store/mc/Run3Summer23MiniAODv4/WWW_4F_TuneCP5_13p6TeV_amcatnlo-madspin-pythia8/MINIAODSIM/130X_mcRun3_2023_realistic_v14-v2/40000/12adbd6e-948d-49b5-bf15-b1b456458ce9.root
Begin processing the 100001st record. Run 1, Event 133002, LumiSection 134 on stream 0 at 01-Feb-2025 17:48:11.955 CST
01-Feb-2025 17:48:12 CST  Closed file root://cmsxrootd.fnal.gov//store/mc/Run3Summer23MiniAODv4/WWW_4F_TuneCP5_13p6TeV_amcatnlo-madspin-pythia8/MINIAODSIM/130X_mcRun3_2023_realistic_v14-v2/40000/12adbd6e-948d-49b5-bf15-b1b456458ce9.root
01-Feb-2025 17:48:12 CST  Initiating request to open file root://cmsxrootd.fnal.gov//store/mc/Run3Summer23MiniAODv4/WWW_4F_TuneCP5_13p6TeV_amcatnlo-madspin-pythia8/MINIAODSIM/130X_mcRun3_2023_realistic_v14-v2/40000/c31dbe01-c384-499d-b2b4-46f5dc2e2039.root
01-Feb-2025 17:48:14 CST  Successfully opened file root://cmsxrootd.fnal.gov//store/mc/Run3Summer23MiniAODv4/WWW_4F_TuneCP5_13p6TeV_amcatnlo-madspin-pythia8/MINIAODSIM/130X_mcRun3_2023_realistic_v14-v2/40000/c31dbe01-c384-499d-b2b4-46f5dc2e2039.root
01-Feb-2025 17:48:18 CST  Closed file root://cmsxrootd.fnal.gov//store/mc/Run3Summer23MiniAODv4/WWW_4F_TuneCP5_13p6TeV_amcatnlo-madspin-pythia8/MINIAODSIM/130X_mcRun3_2023_realistic_v14-v2/40000/c31dbe01-c384-499d-b2b4-46f5dc2e2039.root
01-Feb-2025 17:48:18 CST  Initiating request to open file root://cmsxrootd.fnal.gov//store/mc/Run3Summer23MiniAODv4/WWW_4F_TuneCP5_13p6TeV_amcatnlo-madspin-pythia8/MINIAODSIM/130X_mcRun3_2023_realistic_v14-v2/40000/095fc47a-293e-4bf1-b66b-372d5375b7b1.root
01-Feb-2025 17:48:20 CST  Successfully opened file root://cmsxrootd.fnal.gov//store/mc/Run3Summer23MiniAODv4/WWW_4F_TuneCP5_13p6TeV_amcatnlo-madspin-pythia8/MINIAODSIM/130X_mcRun3_2023_realistic_v14-v2/40000/095fc47a-293e-4bf1-b66b-372d5375b7b1.root
Begin processing the 200001st record. Run 1, Event 680001, LumiSection 681 on stream 0 at 01-Feb-2025 17:48:22.920 CST
01-Feb-2025 17:48:23 CST  Closed file root://cmsxrootd.fnal.gov//store/mc/Run3Summer23MiniAODv4/WWW_4F_TuneCP5_13p6TeV_amcatnlo-madspin-pythia8/MINIAODSIM/130X_mcRun3_2023_realistic_v14-v2/40000/095fc47a-293e-4bf1-b66b-372d5375b7b1.root
01-Feb-2025 17:48:23 CST  Initiating request to open file root://cmsxrootd.fnal.gov//store/mc/Run3Summer23MiniAODv4/WWW_4F_TuneCP5_13p6TeV_amcatnlo-madspin-pythia8/MINIAODSIM/130X_mcRun3_2023_realistic_v14-v2/40000/8d376e07-d8e8-4121-9d7a-1595718f158d.root
01-Feb-2025 17:48:25 CST  Successfully opened file root://cmsxrootd.fnal.gov//store/mc/Run3Summer23MiniAODv4/WWW_4F_TuneCP5_13p6TeV_amcatnlo-madspin-pythia8/MINIAODSIM/130X_mcRun3_2023_realistic_v14-v2/40000/8d376e07-d8e8-4121-9d7a-1595718f158d.root
01-Feb-2025 17:48:28 CST  Closed file root://cmsxrootd.fnal.gov//store/mc/Run3Summer23MiniAODv4/WWW_4F_TuneCP5_13p6TeV_amcatnlo-madspin-pythia8/MINIAODSIM/130X_mcRun3_2023_realistic_v14-v2/40000/8d376e07-d8e8-4121-9d7a-1595718f158d.root
01-Feb-2025 17:48:28 CST  Initiating request to open file root://cmsxrootd.fnal.gov//store/mc/Run3Summer23MiniAODv4/WWW_4F_TuneCP5_13p6TeV_amcatnlo-madspin-pythia8/MINIAODSIM/130X_mcRun3_2023_realistic_v14-v2/40000/40d2b14c-023b-4d08-ae40-35b2eb4bd257.root
01-Feb-2025 17:48:31 CST  Successfully opened file root://cmsxrootd.fnal.gov//store/mc/Run3Summer23MiniAODv4/WWW_4F_TuneCP5_13p6TeV_amcatnlo-madspin-pythia8/MINIAODSIM/130X_mcRun3_2023_realistic_v14-v2/40000/40d2b14c-023b-4d08-ae40-35b2eb4bd257.root
Begin processing the 300001st record. Run 1, Event 933003, LumiSection 934 on stream 0 at 01-Feb-2025 17:48:34.366 CST
01-Feb-2025 17:48:34 CST  Closed file root://cmsxrootd.fnal.gov//store/mc/Run3Summer23MiniAODv4/WWW_4F_TuneCP5_13p6TeV_amcatnlo-madspin-pythia8/MINIAODSIM/130X_mcRun3_2023_realistic_v14-v2/40000/40d2b14c-023b-4d08-ae40-35b2eb4bd257.root
01-Feb-2025 17:48:34 CST  Initiating request to open file root://cmsxrootd.fnal.gov//store/mc/Run3Summer23MiniAODv4/WWW_4F_TuneCP5_13p6TeV_amcatnlo-madspin-pythia8/MINIAODSIM/130X_mcRun3_2023_realistic_v14-v2/40000/590233d5-8637-46c9-a375-235d98420e3c.root
01-Feb-2025 17:48:36 CST  Successfully opened file root://cmsxrootd.fnal.gov//store/mc/Run3Summer23MiniAODv4/WWW_4F_TuneCP5_13p6TeV_amcatnlo-madspin-pythia8/MINIAODSIM/130X_mcRun3_2023_realistic_v14-v2/40000/590233d5-8637-46c9-a375-235d98420e3c.root
01-Feb-2025 17:48:39 CST  Closed file root://cmsxrootd.fnal.gov//store/mc/Run3Summer23MiniAODv4/WWW_4F_TuneCP5_13p6TeV_amcatnlo-madspin-pythia8/MINIAODSIM/130X_mcRun3_2023_realistic_v14-v2/40000/590233d5-8637-46c9-a375-235d98420e3c.root
01-Feb-2025 17:48:39 CST  Initiating request to open file root://cmsxrootd.fnal.gov//store/mc/Run3Summer23MiniAODv4/WWW_4F_TuneCP5_13p6TeV_amcatnlo-madspin-pythia8/MINIAODSIM/130X_mcRun3_2023_realistic_v14-v2/40000/b3d69e44-5e98-412b-9ab0-fe1d5205ff56.root
01-Feb-2025 17:48:42 CST  Successfully opened file root://cmsxrootd.fnal.gov//store/mc/Run3Summer23MiniAODv4/WWW_4F_TuneCP5_13p6TeV_amcatnlo-madspin-pythia8/MINIAODSIM/130X_mcRun3_2023_realistic_v14-v2/40000/b3d69e44-5e98-412b-9ab0-fe1d5205ff56.root
01-Feb-2025 17:48:44 CST  Closed file root://cmsxrootd.fnal.gov//store/mc/Run3Summer23MiniAODv4/WWW_4F_TuneCP5_13p6TeV_amcatnlo-madspin-pythia8/MINIAODSIM/130X_mcRun3_2023_realistic_v14-v2/40000/b3d69e44-5e98-412b-9ab0-fe1d5205ff56.root
01-Feb-2025 17:48:44 CST  Initiating request to open file root://cmsxrootd.fnal.gov//store/mc/Run3Summer23MiniAODv4/WWW_4F_TuneCP5_13p6TeV_amcatnlo-madspin-pythia8/MINIAODSIM/130X_mcRun3_2023_realistic_v14-v2/40000/09e9c8a5-53f4-4603-bc83-8075f78adba3.root
01-Feb-2025 17:48:46 CST  Successfully opened file root://cmsxrootd.fnal.gov//store/mc/Run3Summer23MiniAODv4/WWW_4F_TuneCP5_13p6TeV_amcatnlo-madspin-pythia8/MINIAODSIM/130X_mcRun3_2023_realistic_v14-v2/40000/09e9c8a5-53f4-4603-bc83-8075f78adba3.root
Begin processing the 400001st record. Run 1, Event 154003, LumiSection 155 on stream 0 at 01-Feb-2025 17:48:49.484 CST
01-Feb-2025 17:48:49 CST  Closed file root://cmsxrootd.fnal.gov//store/mc/Run3Summer23MiniAODv4/WWW_4F_TuneCP5_13p6TeV_amcatnlo-madspin-pythia8/MINIAODSIM/130X_mcRun3_2023_realistic_v14-v2/40000/09e9c8a5-53f4-4603-bc83-8075f78adba3.root
01-Feb-2025 17:48:49 CST  Initiating request to open file root://cmsxrootd.fnal.gov//store/mc/Run3Summer23MiniAODv4/WWW_4F_TuneCP5_13p6TeV_amcatnlo-madspin-pythia8/MINIAODSIM/130X_mcRun3_2023_realistic_v14-v2/40000/364771d9-c6df-460b-bbda-24625b3197ad.root
01-Feb-2025 17:48:52 CST  Successfully opened file root://cmsxrootd.fnal.gov//store/mc/Run3Summer23MiniAODv4/WWW_4F_TuneCP5_13p6TeV_amcatnlo-madspin-pythia8/MINIAODSIM/130X_mcRun3_2023_realistic_v14-v2/40000/364771d9-c6df-460b-bbda-24625b3197ad.root
01-Feb-2025 17:48:56 CST  Closed file root://cmsxrootd.fnal.gov//store/mc/Run3Summer23MiniAODv4/WWW_4F_TuneCP5_13p6TeV_amcatnlo-madspin-pythia8/MINIAODSIM/130X_mcRun3_2023_realistic_v14-v2/40000/364771d9-c6df-460b-bbda-24625b3197ad.root
01-Feb-2025 17:48:56 CST  Initiating request to open file root://cmsxrootd.fnal.gov//store/mc/Run3Summer23MiniAODv4/WWW_4F_TuneCP5_13p6TeV_amcatnlo-madspin-pythia8/MINIAODSIM/130X_mcRun3_2023_realistic_v14-v2/40000/a66290c4-26cd-4c65-8d0c-782589718651.root
01-Feb-2025 17:48:58 CST  Successfully opened file root://cmsxrootd.fnal.gov//store/mc/Run3Summer23MiniAODv4/WWW_4F_TuneCP5_13p6TeV_amcatnlo-madspin-pythia8/MINIAODSIM/130X_mcRun3_2023_realistic_v14-v2/40000/a66290c4-26cd-4c65-8d0c-782589718651.root
Begin processing the 500001st record. Run 1, Event 446003, LumiSection 447 on stream 0 at 01-Feb-2025 17:49:01.309 CST
01-Feb-2025 17:49:01 CST  Closed file root://cmsxrootd.fnal.gov//store/mc/Run3Summer23MiniAODv4/WWW_4F_TuneCP5_13p6TeV_amcatnlo-madspin-pythia8/MINIAODSIM/130X_mcRun3_2023_realistic_v14-v2/40000/a66290c4-26cd-4c65-8d0c-782589718651.root
01-Feb-2025 17:49:01 CST  Initiating request to open file root://cmsxrootd.fnal.gov//store/mc/Run3Summer23MiniAODv4/WWW_4F_TuneCP5_13p6TeV_amcatnlo-madspin-pythia8/MINIAODSIM/130X_mcRun3_2023_realistic_v14-v2/40000/9b18e66c-d055-4d00-8999-7c94d5ea809c.root
01-Feb-2025 17:49:04 CST  Successfully opened file root://cmsxrootd.fnal.gov//store/mc/Run3Summer23MiniAODv4/WWW_4F_TuneCP5_13p6TeV_amcatnlo-madspin-pythia8/MINIAODSIM/130X_mcRun3_2023_realistic_v14-v2/40000/9b18e66c-d055-4d00-8999-7c94d5ea809c.root
01-Feb-2025 17:49:07 CST  Closed file root://cmsxrootd.fnal.gov//store/mc/Run3Summer23MiniAODv4/WWW_4F_TuneCP5_13p6TeV_amcatnlo-madspin-pythia8/MINIAODSIM/130X_mcRun3_2023_realistic_v14-v2/40000/9b18e66c-d055-4d00-8999-7c94d5ea809c.root
01-Feb-2025 17:49:07 CST  Initiating request to open file root://cmsxrootd.fnal.gov//store/mc/Run3Summer23MiniAODv4/WWW_4F_TuneCP5_13p6TeV_amcatnlo-madspin-pythia8/MINIAODSIM/130X_mcRun3_2023_realistic_v14-v2/40000/68959cd9-f369-4491-a319-cb63beaeb44b.root
01-Feb-2025 17:49:09 CST  Successfully opened file root://cmsxrootd.fnal.gov//store/mc/Run3Summer23MiniAODv4/WWW_4F_TuneCP5_13p6TeV_amcatnlo-madspin-pythia8/MINIAODSIM/130X_mcRun3_2023_realistic_v14-v2/40000/68959cd9-f369-4491-a319-cb63beaeb44b.root
Begin processing the 600001st record. Run 1, Event 471001, LumiSection 472 on stream 0 at 01-Feb-2025 17:49:12.451 CST
01-Feb-2025 17:49:12 CST  Closed file root://cmsxrootd.fnal.gov//store/mc/Run3Summer23MiniAODv4/WWW_4F_TuneCP5_13p6TeV_amcatnlo-madspin-pythia8/MINIAODSIM/130X_mcRun3_2023_realistic_v14-v2/40000/68959cd9-f369-4491-a319-cb63beaeb44b.root
01-Feb-2025 17:49:12 CST  Initiating request to open file root://cmsxrootd.fnal.gov//store/mc/Run3Summer23MiniAODv4/WWW_4F_TuneCP5_13p6TeV_amcatnlo-madspin-pythia8/MINIAODSIM/130X_mcRun3_2023_realistic_v14-v2/40000/020de1ef-8095-435d-ae1c-018e384b1b30.root
01-Feb-2025 17:49:15 CST  Successfully opened file root://cmsxrootd.fnal.gov//store/mc/Run3Summer23MiniAODv4/WWW_4F_TuneCP5_13p6TeV_amcatnlo-madspin-pythia8/MINIAODSIM/130X_mcRun3_2023_realistic_v14-v2/40000/020de1ef-8095-435d-ae1c-018e384b1b30.root
01-Feb-2025 17:49:18 CST  Closed file root://cmsxrootd.fnal.gov//store/mc/Run3Summer23MiniAODv4/WWW_4F_TuneCP5_13p6TeV_amcatnlo-madspin-pythia8/MINIAODSIM/130X_mcRun3_2023_realistic_v14-v2/40000/020de1ef-8095-435d-ae1c-018e384b1b30.root
01-Feb-2025 17:49:18 CST  Initiating request to open file root://cmsxrootd.fnal.gov//store/mc/Run3Summer23MiniAODv4/WWW_4F_TuneCP5_13p6TeV_amcatnlo-madspin-pythia8/MINIAODSIM/130X_mcRun3_2023_realistic_v14-v2/40000/2f1de479-c05d-4aaf-a68b-aa5bf7d77955.root
01-Feb-2025 17:49:20 CST  Successfully opened file root://cmsxrootd.fnal.gov//store/mc/Run3Summer23MiniAODv4/WWW_4F_TuneCP5_13p6TeV_amcatnlo-madspin-pythia8/MINIAODSIM/130X_mcRun3_2023_realistic_v14-v2/40000/2f1de479-c05d-4aaf-a68b-aa5bf7d77955.root
Begin processing the 700001st record. Run 1, Event 859003, LumiSection 860 on stream 0 at 01-Feb-2025 17:49:24.596 CST
01-Feb-2025 17:49:24 CST  Closed file root://cmsxrootd.fnal.gov//store/mc/Run3Summer23MiniAODv4/WWW_4F_TuneCP5_13p6TeV_amcatnlo-madspin-pythia8/MINIAODSIM/130X_mcRun3_2023_realistic_v14-v2/40000/2f1de479-c05d-4aaf-a68b-aa5bf7d77955.root
01-Feb-2025 17:49:24 CST  Initiating request to open file root://cmsxrootd.fnal.gov//store/mc/Run3Summer23MiniAODv4/WWW_4F_TuneCP5_13p6TeV_amcatnlo-madspin-pythia8/MINIAODSIM/130X_mcRun3_2023_realistic_v14-v2/40000/ad3ef271-770e-430f-b795-ed837cb5d961.root
01-Feb-2025 17:49:27 CST  Successfully opened file root://cmsxrootd.fnal.gov//store/mc/Run3Summer23MiniAODv4/WWW_4F_TuneCP5_13p6TeV_amcatnlo-madspin-pythia8/MINIAODSIM/130X_mcRun3_2023_realistic_v14-v2/40000/ad3ef271-770e-430f-b795-ed837cb5d961.root
01-Feb-2025 17:49:30 CST  Closed file root://cmsxrootd.fnal.gov//store/mc/Run3Summer23MiniAODv4/WWW_4F_TuneCP5_13p6TeV_amcatnlo-madspin-pythia8/MINIAODSIM/130X_mcRun3_2023_realistic_v14-v2/40000/ad3ef271-770e-430f-b795-ed837cb5d961.root
01-Feb-2025 17:49:30 CST  Initiating request to open file root://cmsxrootd.fnal.gov//store/mc/Run3Summer23MiniAODv4/WWW_4F_TuneCP5_13p6TeV_amcatnlo-madspin-pythia8/MINIAODSIM/130X_mcRun3_2023_realistic_v14-v2/40000/395f2d4f-4c3f-4552-a560-204ff7a2da14.root
01-Feb-2025 17:49:32 CST  Successfully opened file root://cmsxrootd.fnal.gov//store/mc/Run3Summer23MiniAODv4/WWW_4F_TuneCP5_13p6TeV_amcatnlo-madspin-pythia8/MINIAODSIM/130X_mcRun3_2023_realistic_v14-v2/40000/395f2d4f-4c3f-4552-a560-204ff7a2da14.root
Begin processing the 800001st record. Run 1, Event 758004, LumiSection 759 on stream 0 at 01-Feb-2025 17:49:35.593 CST
01-Feb-2025 17:49:35 CST  Closed file root://cmsxrootd.fnal.gov//store/mc/Run3Summer23MiniAODv4/WWW_4F_TuneCP5_13p6TeV_amcatnlo-madspin-pythia8/MINIAODSIM/130X_mcRun3_2023_realistic_v14-v2/40000/395f2d4f-4c3f-4552-a560-204ff7a2da14.root
01-Feb-2025 17:49:35 CST  Initiating request to open file root://cmsxrootd.fnal.gov//store/mc/Run3Summer23MiniAODv4/WWW_4F_TuneCP5_13p6TeV_amcatnlo-madspin-pythia8/MINIAODSIM/130X_mcRun3_2023_realistic_v14-v2/40000/9106e4ee-425d-4d69-b701-b04512d2f5b4.root
01-Feb-2025 17:49:37 CST  Successfully opened file root://cmsxrootd.fnal.gov//store/mc/Run3Summer23MiniAODv4/WWW_4F_TuneCP5_13p6TeV_amcatnlo-madspin-pythia8/MINIAODSIM/130X_mcRun3_2023_realistic_v14-v2/40000/9106e4ee-425d-4d69-b701-b04512d2f5b4.root
01-Feb-2025 17:49:40 CST  Closed file root://cmsxrootd.fnal.gov//store/mc/Run3Summer23MiniAODv4/WWW_4F_TuneCP5_13p6TeV_amcatnlo-madspin-pythia8/MINIAODSIM/130X_mcRun3_2023_realistic_v14-v2/40000/9106e4ee-425d-4d69-b701-b04512d2f5b4.root
01-Feb-2025 17:49:40 CST  Initiating request to open file root://cmsxrootd.fnal.gov//store/mc/Run3Summer23MiniAODv4/WWW_4F_TuneCP5_13p6TeV_amcatnlo-madspin-pythia8/MINIAODSIM/130X_mcRun3_2023_realistic_v14-v2/40000/64f81cce-a3c1-4b57-b134-83835b64516d.root
01-Feb-2025 17:49:42 CST  Successfully opened file root://cmsxrootd.fnal.gov//store/mc/Run3Summer23MiniAODv4/WWW_4F_TuneCP5_13p6TeV_amcatnlo-madspin-pythia8/MINIAODSIM/130X_mcRun3_2023_realistic_v14-v2/40000/64f81cce-a3c1-4b57-b134-83835b64516d.root
01-Feb-2025 17:49:45 CST  Closed file root://cmsxrootd.fnal.gov//store/mc/Run3Summer23MiniAODv4/WWW_4F_TuneCP5_13p6TeV_amcatnlo-madspin-pythia8/MINIAODSIM/130X_mcRun3_2023_realistic_v14-v2/40000/64f81cce-a3c1-4b57-b134-83835b64516d.root
01-Feb-2025 17:49:45 CST  Initiating request to open file root://cmsxrootd.fnal.gov//store/mc/Run3Summer23MiniAODv4/WWW_4F_TuneCP5_13p6TeV_amcatnlo-madspin-pythia8/MINIAODSIM/130X_mcRun3_2023_realistic_v14-v2/40000/8c570659-86ae-4c8e-8760-ba86f0a263a1.root
01-Feb-2025 17:49:47 CST  Successfully opened file root://cmsxrootd.fnal.gov//store/mc/Run3Summer23MiniAODv4/WWW_4F_TuneCP5_13p6TeV_amcatnlo-madspin-pythia8/MINIAODSIM/130X_mcRun3_2023_realistic_v14-v2/40000/8c570659-86ae-4c8e-8760-ba86f0a263a1.root
01-Feb-2025 17:49:51 CST  Closed file root://cmsxrootd.fnal.gov//store/mc/Run3Summer23MiniAODv4/WWW_4F_TuneCP5_13p6TeV_amcatnlo-madspin-pythia8/MINIAODSIM/130X_mcRun3_2023_realistic_v14-v2/40000/8c570659-86ae-4c8e-8760-ba86f0a263a1.root
01-Feb-2025 17:49:51 CST  Initiating request to open file root://cmsxrootd.fnal.gov//store/mc/Run3Summer23MiniAODv4/WWW_4F_TuneCP5_13p6TeV_amcatnlo-madspin-pythia8/MINIAODSIM/130X_mcRun3_2023_realistic_v14-v2/40000/8879e944-25dd-439e-a3a9-2917cacef6e5.root
01-Feb-2025 17:49:53 CST  Successfully opened file root://cmsxrootd.fnal.gov//store/mc/Run3Summer23MiniAODv4/WWW_4F_TuneCP5_13p6TeV_amcatnlo-madspin-pythia8/MINIAODSIM/130X_mcRun3_2023_realistic_v14-v2/40000/8879e944-25dd-439e-a3a9-2917cacef6e5.root
Begin processing the 900001st record. Run 1, Event 357006, LumiSection 358 on stream 0 at 01-Feb-2025 17:49:56.024 CST
01-Feb-2025 17:49:56 CST  Closed file root://cmsxrootd.fnal.gov//store/mc/Run3Summer23MiniAODv4/WWW_4F_TuneCP5_13p6TeV_amcatnlo-madspin-pythia8/MINIAODSIM/130X_mcRun3_2023_realistic_v14-v2/40000/8879e944-25dd-439e-a3a9-2917cacef6e5.root
01-Feb-2025 17:49:56 CST  Initiating request to open file root://cmsxrootd.fnal.gov//store/mc/Run3Summer23MiniAODv4/WWW_4F_TuneCP5_13p6TeV_amcatnlo-madspin-pythia8/MINIAODSIM/130X_mcRun3_2023_realistic_v14-v2/40000/8bd4511c-2125-46a4-883a-79ff468b8b92.root
01-Feb-2025 17:49:58 CST  Successfully opened file root://cmsxrootd.fnal.gov//store/mc/Run3Summer23MiniAODv4/WWW_4F_TuneCP5_13p6TeV_amcatnlo-madspin-pythia8/MINIAODSIM/130X_mcRun3_2023_realistic_v14-v2/40000/8bd4511c-2125-46a4-883a-79ff468b8b92.root
      0.232779      0.000249      0.256329             0
 
01-Feb-2025 17:50:00 CST  Closed file root://cmsxrootd.fnal.gov//store/mc/Run3Summer23MiniAODv4/WWW_4F_TuneCP5_13p6TeV_amcatnlo-madspin-pythia8/MINIAODSIM/130X_mcRun3_2023_realistic_v14-v2/40000/8bd4511c-2125-46a4-883a-79ff468b8b92.root

------------------------------------
GenXsecAnalyzer:
------------------------------------
-------------------------------------------------------------------------------------------------------------------------------------------------------------------------- 
Overall cross-section summary 
--------------------------------------------------------------------------------------------------------------------------------------------------------------------------
Process		xsec_before [pb]		passed	nposw	nnegw	tried	nposw	nnegw 	xsec_match [pb]			accepted [%]	 event_eff [%]
0		2.328e-01 +/- 1.247e-04		936000	892958	43042	936000	892958	43042	2.328e-01 +/- 1.247e-04		100.0 +/- 0.0	100.0 +/- 0.0
-------------------------------------------------------------------------------------------------------------------------------------------------------------------------- 
Total		2.328e-01 +/- 1.247e-04		936000	892958	43042	936000	892958	43042	2.328e-01 +/- 1.247e-04		100.0 +/- 0.0	100.0 +/- 0.0
--------------------------------------------------------------------------------------------------------------------------------------------------------------------------
Before matching: total cross section = 2.328e-01 +- 1.247e-04 pb
After matching: total cross section = 2.328e-01 +- 1.247e-04 pb
Matching efficiency = 1.0 +/- 0.0   [TO BE USED IN MCM]
Filter efficiency (taking into account weights)= (217858) / (217858) = 1.000e+00 +- 0.000e+00
Filter efficiency (event-level)= (936000) / (936000) = 1.000e+00 +- 0.000e+00    [TO BE USED IN MCM]

After filter: final cross section = 2.328e-01 +- 1.247e-04 pb
After filter: final fraction of events with negative weights = 4.599e-02 +- 2.211e-06
After filter: final equivalent lumi for 1M events (1/fb) = 3.542e+03 +- 3.649e+00
