01-Feb-2025 17:50:01 CST  Initiating request to open file root://cmsxrootd.fnal.gov//store/mc/Run3Summer23MiniAODv4/WWZ_4F_TuneCP5_13p6TeV_amcatnlo-pythia8/MINIAODSIM/130X_mcRun3_2023_realistic_v14-v2/40000/b5a79760-9f11-4f4c-811c-708d44de6860.root
01-Feb-2025 17:50:06 CST  Successfully opened file root://cmsxrootd.fnal.gov//store/mc/Run3Summer23MiniAODv4/WWZ_4F_TuneCP5_13p6TeV_amcatnlo-pythia8/MINIAODSIM/130X_mcRun3_2023_realistic_v14-v2/40000/b5a79760-9f11-4f4c-811c-708d44de6860.root
Begin processing the 1st record. Run 1, Event 942007, LumiSection 943 on stream 0 at 01-Feb-2025 17:50:09.476 CST
01-Feb-2025 17:50:09 CST  Closed file root://cmsxrootd.fnal.gov//store/mc/Run3Summer23MiniAODv4/WWZ_4F_TuneCP5_13p6TeV_amcatnlo-pythia8/MINIAODSIM/130X_mcRun3_2023_realistic_v14-v2/40000/b5a79760-9f11-4f4c-811c-708d44de6860.root
01-Feb-2025 17:50:09 CST  Initiating request to open file root://cmsxrootd.fnal.gov//store/mc/Run3Summer23MiniAODv4/WWZ_4F_TuneCP5_13p6TeV_amcatnlo-pythia8/MINIAODSIM/130X_mcRun3_2023_realistic_v14-v2/40000/0afab094-1ce3-4291-b68f-0cfc8770774d.root
01-Feb-2025 17:50:12 CST  Successfully opened file root://cmsxrootd.fnal.gov//store/mc/Run3Summer23MiniAODv4/WWZ_4F_TuneCP5_13p6TeV_amcatnlo-pythia8/MINIAODSIM/130X_mcRun3_2023_realistic_v14-v2/40000/0afab094-1ce3-4291-b68f-0cfc8770774d.root
01-Feb-2025 17:50:15 CST  Closed file root://cmsxrootd.fnal.gov//store/mc/Run3Summer23MiniAODv4/WWZ_4F_TuneCP5_13p6TeV_amcatnlo-pythia8/MINIAODSIM/130X_mcRun3_2023_realistic_v14-v2/40000/0afab094-1ce3-4291-b68f-0cfc8770774d.root
01-Feb-2025 17:50:15 CST  Initiating request to open file root://cmsxrootd.fnal.gov//store/mc/Run3Summer23MiniAODv4/WWZ_4F_TuneCP5_13p6TeV_amcatnlo-pythia8/MINIAODSIM/130X_mcRun3_2023_realistic_v14-v2/40000/55a7ded8-9f4b-4247-b860-d8803b2c690e.root
01-Feb-2025 17:50:18 CST  Successfully opened file root://cmsxrootd.fnal.gov//store/mc/Run3Summer23MiniAODv4/WWZ_4F_TuneCP5_13p6TeV_amcatnlo-pythia8/MINIAODSIM/130X_mcRun3_2023_realistic_v14-v2/40000/55a7ded8-9f4b-4247-b860-d8803b2c690e.root
01-Feb-2025 17:50:22 CST  Closed file root://cmsxrootd.fnal.gov//store/mc/Run3Summer23MiniAODv4/WWZ_4F_TuneCP5_13p6TeV_amcatnlo-pythia8/MINIAODSIM/130X_mcRun3_2023_realistic_v14-v2/40000/55a7ded8-9f4b-4247-b860-d8803b2c690e.root
01-Feb-2025 17:50:22 CST  Initiating request to open file root://cmsxrootd.fnal.gov//store/mc/Run3Summer23MiniAODv4/WWZ_4F_TuneCP5_13p6TeV_amcatnlo-pythia8/MINIAODSIM/130X_mcRun3_2023_realistic_v14-v2/40000/27468ed0-2a80-4e9b-9320-5697f225d30f.root
01-Feb-2025 17:50:24 CST  Successfully opened file root://cmsxrootd.fnal.gov//store/mc/Run3Summer23MiniAODv4/WWZ_4F_TuneCP5_13p6TeV_amcatnlo-pythia8/MINIAODSIM/130X_mcRun3_2023_realistic_v14-v2/40000/27468ed0-2a80-4e9b-9320-5697f225d30f.root
01-Feb-2025 17:50:28 CST  Closed file root://cmsxrootd.fnal.gov//store/mc/Run3Summer23MiniAODv4/WWZ_4F_TuneCP5_13p6TeV_amcatnlo-pythia8/MINIAODSIM/130X_mcRun3_2023_realistic_v14-v2/40000/27468ed0-2a80-4e9b-9320-5697f225d30f.root
01-Feb-2025 17:50:28 CST  Initiating request to open file root://cmsxrootd.fnal.gov//store/mc/Run3Summer23MiniAODv4/WWZ_4F_TuneCP5_13p6TeV_amcatnlo-pythia8/MINIAODSIM/130X_mcRun3_2023_realistic_v14-v2/40000/6e5231f3-a525-40b0-a8ed-363151eca4b0.root
01-Feb-2025 17:50:31 CST  Successfully opened file root://cmsxrootd.fnal.gov//store/mc/Run3Summer23MiniAODv4/WWZ_4F_TuneCP5_13p6TeV_amcatnlo-pythia8/MINIAODSIM/130X_mcRun3_2023_realistic_v14-v2/40000/6e5231f3-a525-40b0-a8ed-363151eca4b0.root
Begin processing the 100001st record. Run 1, Event 496005, LumiSection 497 on stream 0 at 01-Feb-2025 17:50:35.253 CST
01-Feb-2025 17:50:35 CST  Closed file root://cmsxrootd.fnal.gov//store/mc/Run3Summer23MiniAODv4/WWZ_4F_TuneCP5_13p6TeV_amcatnlo-pythia8/MINIAODSIM/130X_mcRun3_2023_realistic_v14-v2/40000/6e5231f3-a525-40b0-a8ed-363151eca4b0.root
01-Feb-2025 17:50:35 CST  Initiating request to open file root://cmsxrootd.fnal.gov//store/mc/Run3Summer23MiniAODv4/WWZ_4F_TuneCP5_13p6TeV_amcatnlo-pythia8/MINIAODSIM/130X_mcRun3_2023_realistic_v14-v2/40000/3854c411-2f75-4f12-9f1d-6be13549fca2.root
01-Feb-2025 17:50:38 CST  Successfully opened file root://cmsxrootd.fnal.gov//store/mc/Run3Summer23MiniAODv4/WWZ_4F_TuneCP5_13p6TeV_amcatnlo-pythia8/MINIAODSIM/130X_mcRun3_2023_realistic_v14-v2/40000/3854c411-2f75-4f12-9f1d-6be13549fca2.root
01-Feb-2025 17:50:40 CST  Closed file root://cmsxrootd.fnal.gov//store/mc/Run3Summer23MiniAODv4/WWZ_4F_TuneCP5_13p6TeV_amcatnlo-pythia8/MINIAODSIM/130X_mcRun3_2023_realistic_v14-v2/40000/3854c411-2f75-4f12-9f1d-6be13549fca2.root
01-Feb-2025 17:50:40 CST  Initiating request to open file root://cmsxrootd.fnal.gov//store/mc/Run3Summer23MiniAODv4/WWZ_4F_TuneCP5_13p6TeV_amcatnlo-pythia8/MINIAODSIM/130X_mcRun3_2023_realistic_v14-v2/40000/2c1a140f-f4f7-4db4-a607-5530217620ce.root
01-Feb-2025 17:50:43 CST  Successfully opened file root://cmsxrootd.fnal.gov//store/mc/Run3Summer23MiniAODv4/WWZ_4F_TuneCP5_13p6TeV_amcatnlo-pythia8/MINIAODSIM/130X_mcRun3_2023_realistic_v14-v2/40000/2c1a140f-f4f7-4db4-a607-5530217620ce.root
01-Feb-2025 17:50:48 CST  Closed file root://cmsxrootd.fnal.gov//store/mc/Run3Summer23MiniAODv4/WWZ_4F_TuneCP5_13p6TeV_amcatnlo-pythia8/MINIAODSIM/130X_mcRun3_2023_realistic_v14-v2/40000/2c1a140f-f4f7-4db4-a607-5530217620ce.root
01-Feb-2025 17:50:48 CST  Initiating request to open file root://cmsxrootd.fnal.gov//store/mc/Run3Summer23MiniAODv4/WWZ_4F_TuneCP5_13p6TeV_amcatnlo-pythia8/MINIAODSIM/130X_mcRun3_2023_realistic_v14-v2/40000/ac93aac5-f003-4657-a88f-9ab379ea981b.root
01-Feb-2025 17:50:50 CST  Successfully opened file root://cmsxrootd.fnal.gov//store/mc/Run3Summer23MiniAODv4/WWZ_4F_TuneCP5_13p6TeV_amcatnlo-pythia8/MINIAODSIM/130X_mcRun3_2023_realistic_v14-v2/40000/ac93aac5-f003-4657-a88f-9ab379ea981b.root
Begin processing the 200001st record. Run 1, Event 1262003, LumiSection 1263 on stream 0 at 01-Feb-2025 17:50:55.370 CST
01-Feb-2025 17:50:55 CST  Closed file root://cmsxrootd.fnal.gov//store/mc/Run3Summer23MiniAODv4/WWZ_4F_TuneCP5_13p6TeV_amcatnlo-pythia8/MINIAODSIM/130X_mcRun3_2023_realistic_v14-v2/40000/ac93aac5-f003-4657-a88f-9ab379ea981b.root
01-Feb-2025 17:50:55 CST  Initiating request to open file root://cmsxrootd.fnal.gov//store/mc/Run3Summer23MiniAODv4/WWZ_4F_TuneCP5_13p6TeV_amcatnlo-pythia8/MINIAODSIM/130X_mcRun3_2023_realistic_v14-v2/40000/3e277787-540e-4493-825c-033e7251df9f.root
01-Feb-2025 17:50:58 CST  Successfully opened file root://cmsxrootd.fnal.gov//store/mc/Run3Summer23MiniAODv4/WWZ_4F_TuneCP5_13p6TeV_amcatnlo-pythia8/MINIAODSIM/130X_mcRun3_2023_realistic_v14-v2/40000/3e277787-540e-4493-825c-033e7251df9f.root
01-Feb-2025 17:51:04 CST  Closed file root://cmsxrootd.fnal.gov//store/mc/Run3Summer23MiniAODv4/WWZ_4F_TuneCP5_13p6TeV_amcatnlo-pythia8/MINIAODSIM/130X_mcRun3_2023_realistic_v14-v2/40000/3e277787-540e-4493-825c-033e7251df9f.root
01-Feb-2025 17:51:04 CST  Initiating request to open file root://cmsxrootd.fnal.gov//store/mc/Run3Summer23MiniAODv4/WWZ_4F_TuneCP5_13p6TeV_amcatnlo-pythia8/MINIAODSIM/130X_mcRun3_2023_realistic_v14-v2/40000/a26a3a95-9284-4dfb-8379-14d708438ef0.root
01-Feb-2025 17:51:06 CST  Successfully opened file root://cmsxrootd.fnal.gov//store/mc/Run3Summer23MiniAODv4/WWZ_4F_TuneCP5_13p6TeV_amcatnlo-pythia8/MINIAODSIM/130X_mcRun3_2023_realistic_v14-v2/40000/a26a3a95-9284-4dfb-8379-14d708438ef0.root
Begin processing the 300001st record. Run 1, Event 1371001, LumiSection 1372 on stream 0 at 01-Feb-2025 17:51:11.828 CST
01-Feb-2025 17:51:12 CST  Closed file root://cmsxrootd.fnal.gov//store/mc/Run3Summer23MiniAODv4/WWZ_4F_TuneCP5_13p6TeV_amcatnlo-pythia8/MINIAODSIM/130X_mcRun3_2023_realistic_v14-v2/40000/a26a3a95-9284-4dfb-8379-14d708438ef0.root
01-Feb-2025 17:51:12 CST  Initiating request to open file root://cmsxrootd.fnal.gov//store/mc/Run3Summer23MiniAODv4/WWZ_4F_TuneCP5_13p6TeV_amcatnlo-pythia8/MINIAODSIM/130X_mcRun3_2023_realistic_v14-v2/40000/7585bab5-b56b-44f6-b089-550f6f4a670a.root
01-Feb-2025 17:51:14 CST  Successfully opened file root://cmsxrootd.fnal.gov//store/mc/Run3Summer23MiniAODv4/WWZ_4F_TuneCP5_13p6TeV_amcatnlo-pythia8/MINIAODSIM/130X_mcRun3_2023_realistic_v14-v2/40000/7585bab5-b56b-44f6-b089-550f6f4a670a.root
01-Feb-2025 17:51:18 CST  Closed file root://cmsxrootd.fnal.gov//store/mc/Run3Summer23MiniAODv4/WWZ_4F_TuneCP5_13p6TeV_amcatnlo-pythia8/MINIAODSIM/130X_mcRun3_2023_realistic_v14-v2/40000/7585bab5-b56b-44f6-b089-550f6f4a670a.root
01-Feb-2025 17:51:18 CST  Initiating request to open file root://cmsxrootd.fnal.gov//store/mc/Run3Summer23MiniAODv4/WWZ_4F_TuneCP5_13p6TeV_amcatnlo-pythia8/MINIAODSIM/130X_mcRun3_2023_realistic_v14-v2/40000/18752243-34d3-42ce-b9c3-546fddc8ec6e.root
01-Feb-2025 17:51:21 CST  Successfully opened file root://cmsxrootd.fnal.gov//store/mc/Run3Summer23MiniAODv4/WWZ_4F_TuneCP5_13p6TeV_amcatnlo-pythia8/MINIAODSIM/130X_mcRun3_2023_realistic_v14-v2/40000/18752243-34d3-42ce-b9c3-546fddc8ec6e.root
01-Feb-2025 17:51:24 CST  Closed file root://cmsxrootd.fnal.gov//store/mc/Run3Summer23MiniAODv4/WWZ_4F_TuneCP5_13p6TeV_amcatnlo-pythia8/MINIAODSIM/130X_mcRun3_2023_realistic_v14-v2/40000/18752243-34d3-42ce-b9c3-546fddc8ec6e.root
01-Feb-2025 17:51:24 CST  Initiating request to open file root://cmsxrootd.fnal.gov//store/mc/Run3Summer23MiniAODv4/WWZ_4F_TuneCP5_13p6TeV_amcatnlo-pythia8/MINIAODSIM/130X_mcRun3_2023_realistic_v14-v2/40000/130dee9e-3df7-441a-9c07-85f286f4e84e.root
01-Feb-2025 17:51:27 CST  Successfully opened file root://cmsxrootd.fnal.gov//store/mc/Run3Summer23MiniAODv4/WWZ_4F_TuneCP5_13p6TeV_amcatnlo-pythia8/MINIAODSIM/130X_mcRun3_2023_realistic_v14-v2/40000/130dee9e-3df7-441a-9c07-85f286f4e84e.root
Begin processing the 400001st record. Run 1, Event 3013003, LumiSection 3014 on stream 0 at 01-Feb-2025 17:51:30.931 CST
01-Feb-2025 17:51:30 CST  Closed file root://cmsxrootd.fnal.gov//store/mc/Run3Summer23MiniAODv4/WWZ_4F_TuneCP5_13p6TeV_amcatnlo-pythia8/MINIAODSIM/130X_mcRun3_2023_realistic_v14-v2/40000/130dee9e-3df7-441a-9c07-85f286f4e84e.root
01-Feb-2025 17:51:30 CST  Initiating request to open file root://cmsxrootd.fnal.gov//store/mc/Run3Summer23MiniAODv4/WWZ_4F_TuneCP5_13p6TeV_amcatnlo-pythia8/MINIAODSIM/130X_mcRun3_2023_realistic_v14-v2/40000/59a7e5d5-b7c6-4c4b-822a-30b6399a10b0.root
01-Feb-2025 17:51:33 CST  Successfully opened file root://cmsxrootd.fnal.gov//store/mc/Run3Summer23MiniAODv4/WWZ_4F_TuneCP5_13p6TeV_amcatnlo-pythia8/MINIAODSIM/130X_mcRun3_2023_realistic_v14-v2/40000/59a7e5d5-b7c6-4c4b-822a-30b6399a10b0.root
01-Feb-2025 17:51:36 CST  Closed file root://cmsxrootd.fnal.gov//store/mc/Run3Summer23MiniAODv4/WWZ_4F_TuneCP5_13p6TeV_amcatnlo-pythia8/MINIAODSIM/130X_mcRun3_2023_realistic_v14-v2/40000/59a7e5d5-b7c6-4c4b-822a-30b6399a10b0.root
01-Feb-2025 17:51:36 CST  Initiating request to open file root://cmsxrootd.fnal.gov//store/mc/Run3Summer23MiniAODv4/WWZ_4F_TuneCP5_13p6TeV_amcatnlo-pythia8/MINIAODSIM/130X_mcRun3_2023_realistic_v14-v2/40000/e230c514-5272-4bf9-bd7a-c22b305ac0f0.root
01-Feb-2025 17:51:38 CST  Successfully opened file root://cmsxrootd.fnal.gov//store/mc/Run3Summer23MiniAODv4/WWZ_4F_TuneCP5_13p6TeV_amcatnlo-pythia8/MINIAODSIM/130X_mcRun3_2023_realistic_v14-v2/40000/e230c514-5272-4bf9-bd7a-c22b305ac0f0.root
01-Feb-2025 17:51:41 CST  Closed file root://cmsxrootd.fnal.gov//store/mc/Run3Summer23MiniAODv4/WWZ_4F_TuneCP5_13p6TeV_amcatnlo-pythia8/MINIAODSIM/130X_mcRun3_2023_realistic_v14-v2/40000/e230c514-5272-4bf9-bd7a-c22b305ac0f0.root
01-Feb-2025 17:51:41 CST  Initiating request to open file root://cmsxrootd.fnal.gov//store/mc/Run3Summer23MiniAODv4/WWZ_4F_TuneCP5_13p6TeV_amcatnlo-pythia8/MINIAODSIM/130X_mcRun3_2023_realistic_v14-v2/40000/f2c0b437-2c5d-4302-b392-9c52411f1ebc.root
01-Feb-2025 17:51:43 CST  Successfully opened file root://cmsxrootd.fnal.gov//store/mc/Run3Summer23MiniAODv4/WWZ_4F_TuneCP5_13p6TeV_amcatnlo-pythia8/MINIAODSIM/130X_mcRun3_2023_realistic_v14-v2/40000/f2c0b437-2c5d-4302-b392-9c52411f1ebc.root
01-Feb-2025 17:51:47 CST  Closed file root://cmsxrootd.fnal.gov//store/mc/Run3Summer23MiniAODv4/WWZ_4F_TuneCP5_13p6TeV_amcatnlo-pythia8/MINIAODSIM/130X_mcRun3_2023_realistic_v14-v2/40000/f2c0b437-2c5d-4302-b392-9c52411f1ebc.root
01-Feb-2025 17:51:47 CST  Initiating request to open file root://cmsxrootd.fnal.gov//store/mc/Run3Summer23MiniAODv4/WWZ_4F_TuneCP5_13p6TeV_amcatnlo-pythia8/MINIAODSIM/130X_mcRun3_2023_realistic_v14-v2/40000/8e1f7dd3-4235-4670-ba5a-0873a772102c.root
01-Feb-2025 17:51:49 CST  Successfully opened file root://cmsxrootd.fnal.gov//store/mc/Run3Summer23MiniAODv4/WWZ_4F_TuneCP5_13p6TeV_amcatnlo-pythia8/MINIAODSIM/130X_mcRun3_2023_realistic_v14-v2/40000/8e1f7dd3-4235-4670-ba5a-0873a772102c.root
01-Feb-2025 17:51:52 CST  Closed file root://cmsxrootd.fnal.gov//store/mc/Run3Summer23MiniAODv4/WWZ_4F_TuneCP5_13p6TeV_amcatnlo-pythia8/MINIAODSIM/130X_mcRun3_2023_realistic_v14-v2/40000/8e1f7dd3-4235-4670-ba5a-0873a772102c.root
01-Feb-2025 17:51:52 CST  Initiating request to open file root://cmsxrootd.fnal.gov//store/mc/Run3Summer23MiniAODv4/WWZ_4F_TuneCP5_13p6TeV_amcatnlo-pythia8/MINIAODSIM/130X_mcRun3_2023_realistic_v14-v2/40000/f4e894a6-889f-4890-987c-4c4166643e5f.root
01-Feb-2025 17:51:54 CST  Successfully opened file root://cmsxrootd.fnal.gov//store/mc/Run3Summer23MiniAODv4/WWZ_4F_TuneCP5_13p6TeV_amcatnlo-pythia8/MINIAODSIM/130X_mcRun3_2023_realistic_v14-v2/40000/f4e894a6-889f-4890-987c-4c4166643e5f.root
01-Feb-2025 17:51:57 CST  Closed file root://cmsxrootd.fnal.gov//store/mc/Run3Summer23MiniAODv4/WWZ_4F_TuneCP5_13p6TeV_amcatnlo-pythia8/MINIAODSIM/130X_mcRun3_2023_realistic_v14-v2/40000/f4e894a6-889f-4890-987c-4c4166643e5f.root
01-Feb-2025 17:51:57 CST  Initiating request to open file root://cmsxrootd.fnal.gov//store/mc/Run3Summer23MiniAODv4/WWZ_4F_TuneCP5_13p6TeV_amcatnlo-pythia8/MINIAODSIM/130X_mcRun3_2023_realistic_v14-v2/40000/ba150b10-f2e4-42ba-b953-8bae4785e09b.root
01-Feb-2025 17:51:59 CST  Successfully opened file root://cmsxrootd.fnal.gov//store/mc/Run3Summer23MiniAODv4/WWZ_4F_TuneCP5_13p6TeV_amcatnlo-pythia8/MINIAODSIM/130X_mcRun3_2023_realistic_v14-v2/40000/ba150b10-f2e4-42ba-b953-8bae4785e09b.root
01-Feb-2025 17:52:02 CST  Closed file root://cmsxrootd.fnal.gov//store/mc/Run3Summer23MiniAODv4/WWZ_4F_TuneCP5_13p6TeV_amcatnlo-pythia8/MINIAODSIM/130X_mcRun3_2023_realistic_v14-v2/40000/ba150b10-f2e4-42ba-b953-8bae4785e09b.root
01-Feb-2025 17:52:02 CST  Initiating request to open file root://cmsxrootd.fnal.gov//store/mc/Run3Summer23MiniAODv4/WWZ_4F_TuneCP5_13p6TeV_amcatnlo-pythia8/MINIAODSIM/130X_mcRun3_2023_realistic_v14-v2/40000/2acb0049-0fa9-4af6-a95d-617a730a60d9.root
01-Feb-2025 17:52:04 CST  Successfully opened file root://cmsxrootd.fnal.gov//store/mc/Run3Summer23MiniAODv4/WWZ_4F_TuneCP5_13p6TeV_amcatnlo-pythia8/MINIAODSIM/130X_mcRun3_2023_realistic_v14-v2/40000/2acb0049-0fa9-4af6-a95d-617a730a60d9.root
Begin processing the 500001st record. Run 1, Event 2495002, LumiSection 2496 on stream 0 at 01-Feb-2025 17:52:10.415 CST
01-Feb-2025 17:52:10 CST  Closed file root://cmsxrootd.fnal.gov//store/mc/Run3Summer23MiniAODv4/WWZ_4F_TuneCP5_13p6TeV_amcatnlo-pythia8/MINIAODSIM/130X_mcRun3_2023_realistic_v14-v2/40000/2acb0049-0fa9-4af6-a95d-617a730a60d9.root
01-Feb-2025 17:52:10 CST  Initiating request to open file root://cmsxrootd.fnal.gov//store/mc/Run3Summer23MiniAODv4/WWZ_4F_TuneCP5_13p6TeV_amcatnlo-pythia8/MINIAODSIM/130X_mcRun3_2023_realistic_v14-v2/40000/7a29fda3-b048-40f3-8c90-42fe22df29b6.root
01-Feb-2025 17:52:12 CST  Successfully opened file root://cmsxrootd.fnal.gov//store/mc/Run3Summer23MiniAODv4/WWZ_4F_TuneCP5_13p6TeV_amcatnlo-pythia8/MINIAODSIM/130X_mcRun3_2023_realistic_v14-v2/40000/7a29fda3-b048-40f3-8c90-42fe22df29b6.root
01-Feb-2025 17:52:16 CST  Closed file root://cmsxrootd.fnal.gov//store/mc/Run3Summer23MiniAODv4/WWZ_4F_TuneCP5_13p6TeV_amcatnlo-pythia8/MINIAODSIM/130X_mcRun3_2023_realistic_v14-v2/40000/7a29fda3-b048-40f3-8c90-42fe22df29b6.root
01-Feb-2025 17:52:16 CST  Initiating request to open file root://cmsxrootd.fnal.gov//store/mc/Run3Summer23MiniAODv4/WWZ_4F_TuneCP5_13p6TeV_amcatnlo-pythia8/MINIAODSIM/130X_mcRun3_2023_realistic_v14-v2/40000/63a736bd-7ffa-493e-8a2b-891c55bad5cb.root
01-Feb-2025 17:52:19 CST  Successfully opened file root://cmsxrootd.fnal.gov//store/mc/Run3Summer23MiniAODv4/WWZ_4F_TuneCP5_13p6TeV_amcatnlo-pythia8/MINIAODSIM/130X_mcRun3_2023_realistic_v14-v2/40000/63a736bd-7ffa-493e-8a2b-891c55bad5cb.root
01-Feb-2025 17:52:23 CST  Closed file root://cmsxrootd.fnal.gov//store/mc/Run3Summer23MiniAODv4/WWZ_4F_TuneCP5_13p6TeV_amcatnlo-pythia8/MINIAODSIM/130X_mcRun3_2023_realistic_v14-v2/40000/63a736bd-7ffa-493e-8a2b-891c55bad5cb.root
01-Feb-2025 17:52:23 CST  Initiating request to open file root://cmsxrootd.fnal.gov//store/mc/Run3Summer23MiniAODv4/WWZ_4F_TuneCP5_13p6TeV_amcatnlo-pythia8/MINIAODSIM/130X_mcRun3_2023_realistic_v14-v2/40000/69623040-f708-4d44-8832-14a75b334012.root
01-Feb-2025 17:52:26 CST  Successfully opened file root://cmsxrootd.fnal.gov//store/mc/Run3Summer23MiniAODv4/WWZ_4F_TuneCP5_13p6TeV_amcatnlo-pythia8/MINIAODSIM/130X_mcRun3_2023_realistic_v14-v2/40000/69623040-f708-4d44-8832-14a75b334012.root
01-Feb-2025 17:52:29 CST  Closed file root://cmsxrootd.fnal.gov//store/mc/Run3Summer23MiniAODv4/WWZ_4F_TuneCP5_13p6TeV_amcatnlo-pythia8/MINIAODSIM/130X_mcRun3_2023_realistic_v14-v2/40000/69623040-f708-4d44-8832-14a75b334012.root
01-Feb-2025 17:52:29 CST  Initiating request to open file root://cmsxrootd.fnal.gov//store/mc/Run3Summer23MiniAODv4/WWZ_4F_TuneCP5_13p6TeV_amcatnlo-pythia8/MINIAODSIM/130X_mcRun3_2023_realistic_v14-v2/40000/4f80015b-1c25-4d07-b524-a286b2c6a706.root
01-Feb-2025 17:52:32 CST  Successfully opened file root://cmsxrootd.fnal.gov//store/mc/Run3Summer23MiniAODv4/WWZ_4F_TuneCP5_13p6TeV_amcatnlo-pythia8/MINIAODSIM/130X_mcRun3_2023_realistic_v14-v2/40000/4f80015b-1c25-4d07-b524-a286b2c6a706.root
Begin processing the 600001st record. Run 1, Event 219004, LumiSection 220 on stream 0 at 01-Feb-2025 17:52:37.121 CST
01-Feb-2025 17:52:37 CST  Closed file root://cmsxrootd.fnal.gov//store/mc/Run3Summer23MiniAODv4/WWZ_4F_TuneCP5_13p6TeV_amcatnlo-pythia8/MINIAODSIM/130X_mcRun3_2023_realistic_v14-v2/40000/4f80015b-1c25-4d07-b524-a286b2c6a706.root
01-Feb-2025 17:52:37 CST  Initiating request to open file root://cmsxrootd.fnal.gov//store/mc/Run3Summer23MiniAODv4/WWZ_4F_TuneCP5_13p6TeV_amcatnlo-pythia8/MINIAODSIM/130X_mcRun3_2023_realistic_v14-v2/40000/1fd662f3-fef9-4a6f-84a1-05e847b25b53.root
01-Feb-2025 17:52:40 CST  Successfully opened file root://cmsxrootd.fnal.gov//store/mc/Run3Summer23MiniAODv4/WWZ_4F_TuneCP5_13p6TeV_amcatnlo-pythia8/MINIAODSIM/130X_mcRun3_2023_realistic_v14-v2/40000/1fd662f3-fef9-4a6f-84a1-05e847b25b53.root
01-Feb-2025 17:52:46 CST  Closed file root://cmsxrootd.fnal.gov//store/mc/Run3Summer23MiniAODv4/WWZ_4F_TuneCP5_13p6TeV_amcatnlo-pythia8/MINIAODSIM/130X_mcRun3_2023_realistic_v14-v2/40000/1fd662f3-fef9-4a6f-84a1-05e847b25b53.root
01-Feb-2025 17:52:46 CST  Initiating request to open file root://cmsxrootd.fnal.gov//store/mc/Run3Summer23MiniAODv4/WWZ_4F_TuneCP5_13p6TeV_amcatnlo-pythia8/MINIAODSIM/130X_mcRun3_2023_realistic_v14-v2/40000/41dc3c47-eda4-437a-b027-56309751bf6d.root
01-Feb-2025 17:52:48 CST  Successfully opened file root://cmsxrootd.fnal.gov//store/mc/Run3Summer23MiniAODv4/WWZ_4F_TuneCP5_13p6TeV_amcatnlo-pythia8/MINIAODSIM/130X_mcRun3_2023_realistic_v14-v2/40000/41dc3c47-eda4-437a-b027-56309751bf6d.root
Begin processing the 700001st record. Run 1, Event 1240004, LumiSection 1241 on stream 0 at 01-Feb-2025 17:52:53.660 CST
01-Feb-2025 17:52:54 CST  Closed file root://cmsxrootd.fnal.gov//store/mc/Run3Summer23MiniAODv4/WWZ_4F_TuneCP5_13p6TeV_amcatnlo-pythia8/MINIAODSIM/130X_mcRun3_2023_realistic_v14-v2/40000/41dc3c47-eda4-437a-b027-56309751bf6d.root
01-Feb-2025 17:52:54 CST  Initiating request to open file root://cmsxrootd.fnal.gov//store/mc/Run3Summer23MiniAODv4/WWZ_4F_TuneCP5_13p6TeV_amcatnlo-pythia8/MINIAODSIM/130X_mcRun3_2023_realistic_v14-v2/40000/e24f5e1f-e53d-4d27-87b0-0c771113b01b.root
01-Feb-2025 17:52:56 CST  Successfully opened file root://cmsxrootd.fnal.gov//store/mc/Run3Summer23MiniAODv4/WWZ_4F_TuneCP5_13p6TeV_amcatnlo-pythia8/MINIAODSIM/130X_mcRun3_2023_realistic_v14-v2/40000/e24f5e1f-e53d-4d27-87b0-0c771113b01b.root
01-Feb-2025 17:53:02 CST  Closed file root://cmsxrootd.fnal.gov//store/mc/Run3Summer23MiniAODv4/WWZ_4F_TuneCP5_13p6TeV_amcatnlo-pythia8/MINIAODSIM/130X_mcRun3_2023_realistic_v14-v2/40000/e24f5e1f-e53d-4d27-87b0-0c771113b01b.root
01-Feb-2025 17:53:02 CST  Initiating request to open file root://cmsxrootd.fnal.gov//store/mc/Run3Summer23MiniAODv4/WWZ_4F_TuneCP5_13p6TeV_amcatnlo-pythia8/MINIAODSIM/130X_mcRun3_2023_realistic_v14-v2/40000/d17a1b4f-49ca-4772-9cf4-05f3f86f6350.root
01-Feb-2025 17:53:04 CST  Successfully opened file root://cmsxrootd.fnal.gov//store/mc/Run3Summer23MiniAODv4/WWZ_4F_TuneCP5_13p6TeV_amcatnlo-pythia8/MINIAODSIM/130X_mcRun3_2023_realistic_v14-v2/40000/d17a1b4f-49ca-4772-9cf4-05f3f86f6350.root
Begin processing the 800001st record. Run 1, Event 551001, LumiSection 552 on stream 0 at 01-Feb-2025 17:53:08.509 CST
01-Feb-2025 17:53:08 CST  Closed file root://cmsxrootd.fnal.gov//store/mc/Run3Summer23MiniAODv4/WWZ_4F_TuneCP5_13p6TeV_amcatnlo-pythia8/MINIAODSIM/130X_mcRun3_2023_realistic_v14-v2/40000/d17a1b4f-49ca-4772-9cf4-05f3f86f6350.root
01-Feb-2025 17:53:08 CST  Initiating request to open file root://cmsxrootd.fnal.gov//store/mc/Run3Summer23MiniAODv4/WWZ_4F_TuneCP5_13p6TeV_amcatnlo-pythia8/MINIAODSIM/130X_mcRun3_2023_realistic_v14-v2/40000/d5a96bb5-2f82-4180-974c-683c1d45f1ed.root
01-Feb-2025 17:53:11 CST  Successfully opened file root://cmsxrootd.fnal.gov//store/mc/Run3Summer23MiniAODv4/WWZ_4F_TuneCP5_13p6TeV_amcatnlo-pythia8/MINIAODSIM/130X_mcRun3_2023_realistic_v14-v2/40000/d5a96bb5-2f82-4180-974c-683c1d45f1ed.root
01-Feb-2025 17:53:16 CST  Closed file root://cmsxrootd.fnal.gov//store/mc/Run3Summer23MiniAODv4/WWZ_4F_TuneCP5_13p6TeV_amcatnlo-pythia8/MINIAODSIM/130X_mcRun3_2023_realistic_v14-v2/40000/d5a96bb5-2f82-4180-974c-683c1d45f1ed.root
01-Feb-2025 17:53:16 CST  Initiating request to open file root://cmsxrootd.fnal.gov//store/mc/Run3Summer23MiniAODv4/WWZ_4F_TuneCP5_13p6TeV_amcatnlo-pythia8/MINIAODSIM/130X_mcRun3_2023_realistic_v14-v2/40000/83f04b2a-cdc4-404b-9c12-d8ea6b36fc4e.root
01-Feb-2025 17:53:19 CST  Successfully opened file root://cmsxrootd.fnal.gov//store/mc/Run3Summer23MiniAODv4/WWZ_4F_TuneCP5_13p6TeV_amcatnlo-pythia8/MINIAODSIM/130X_mcRun3_2023_realistic_v14-v2/40000/83f04b2a-cdc4-404b-9c12-d8ea6b36fc4e.root
Begin processing the 900001st record. Run 1, Event 1587002, LumiSection 1588 on stream 0 at 01-Feb-2025 17:53:24.209 CST
01-Feb-2025 17:53:24 CST  Closed file root://cmsxrootd.fnal.gov//store/mc/Run3Summer23MiniAODv4/WWZ_4F_TuneCP5_13p6TeV_amcatnlo-pythia8/MINIAODSIM/130X_mcRun3_2023_realistic_v14-v2/40000/83f04b2a-cdc4-404b-9c12-d8ea6b36fc4e.root
01-Feb-2025 17:53:24 CST  Initiating request to open file root://cmsxrootd.fnal.gov//store/mc/Run3Summer23MiniAODv4/WWZ_4F_TuneCP5_13p6TeV_amcatnlo-pythia8/MINIAODSIM/130X_mcRun3_2023_realistic_v14-v2/40000/32cc2366-e430-4aa0-bd04-7e678fbf80db.root
01-Feb-2025 17:53:27 CST  Successfully opened file root://cmsxrootd.fnal.gov//store/mc/Run3Summer23MiniAODv4/WWZ_4F_TuneCP5_13p6TeV_amcatnlo-pythia8/MINIAODSIM/130X_mcRun3_2023_realistic_v14-v2/40000/32cc2366-e430-4aa0-bd04-7e678fbf80db.root
01-Feb-2025 17:53:32 CST  Closed file root://cmsxrootd.fnal.gov//store/mc/Run3Summer23MiniAODv4/WWZ_4F_TuneCP5_13p6TeV_amcatnlo-pythia8/MINIAODSIM/130X_mcRun3_2023_realistic_v14-v2/40000/32cc2366-e430-4aa0-bd04-7e678fbf80db.root
01-Feb-2025 17:53:32 CST  Initiating request to open file root://cmsxrootd.fnal.gov//store/mc/Run3Summer23MiniAODv4/WWZ_4F_TuneCP5_13p6TeV_amcatnlo-pythia8/MINIAODSIM/130X_mcRun3_2023_realistic_v14-v2/40000/b01b1253-a5e7-4042-a38a-95a014538ef1.root
01-Feb-2025 17:53:35 CST  Successfully opened file root://cmsxrootd.fnal.gov//store/mc/Run3Summer23MiniAODv4/WWZ_4F_TuneCP5_13p6TeV_amcatnlo-pythia8/MINIAODSIM/130X_mcRun3_2023_realistic_v14-v2/40000/b01b1253-a5e7-4042-a38a-95a014538ef1.root
      0.185134      0.000190      0.203595             0
 
01-Feb-2025 17:53:39 CST  Closed file root://cmsxrootd.fnal.gov//store/mc/Run3Summer23MiniAODv4/WWZ_4F_TuneCP5_13p6TeV_amcatnlo-pythia8/MINIAODSIM/130X_mcRun3_2023_realistic_v14-v2/40000/b01b1253-a5e7-4042-a38a-95a014538ef1.root

------------------------------------
GenXsecAnalyzer:
------------------------------------
-------------------------------------------------------------------------------------------------------------------------------------------------------------------------- 
Overall cross-section summary 
--------------------------------------------------------------------------------------------------------------------------------------------------------------------------
Process		xsec_before [pb]		passed	nposw	nnegw	tried	nposw	nnegw 	xsec_match [pb]			accepted [%]	 event_eff [%]
0		1.851e-01 +/- 9.482e-05		1000000	954765	45235	1000000	954765	45235	1.851e-01 +/- 9.482e-05		100.0 +/- 0.0	100.0 +/- 0.0
-------------------------------------------------------------------------------------------------------------------------------------------------------------------------- 
Total		1.851e-01 +/- 9.482e-05		1000000	954765	45235	1000000	954765	45235	1.851e-01 +/- 9.482e-05		100.0 +/- 0.0	100.0 +/- 0.0
--------------------------------------------------------------------------------------------------------------------------------------------------------------------------
Before matching: total cross section = 1.851e-01 +- 9.482e-05 pb
After matching: total cross section = 1.851e-01 +- 9.482e-05 pb
Matching efficiency = 1.0 +/- 0.0   [TO BE USED IN MCM]
Filter efficiency (taking into account weights)= (185176) / (185176) = 1.000e+00 +- 0.000e+00
Filter efficiency (event-level)= (1e+06) / (1e+06) = 1.000e+00 +- 0.000e+00    [TO BE USED IN MCM]

After filter: final cross section = 1.851e-01 +- 9.482e-05 pb
After filter: final fraction of events with negative weights = 4.523e-02 +- 2.023e-06
After filter: final equivalent lumi for 1M events (1/fb) = 4.468e+03 +- 4.566e+00
