01-Feb-2025 16:26:45 CST  Closed file root://cmsxrootd.fnal.gov//store/mc/Run3Summer23BPixMiniAODv4/DYto2L-4Jets_MLL-120_HT-2500_TuneCP5_13p6TeV_madgraphMLM-pythia8/MINIAODSIM/130X_mcRun3_2023_realistic_postBPix_v6-v2/2820000/b21ac874-2751-4a3f-b173-f8f397d4a4bb.root

------------------------------------
GenXsecAnalyzer:
------------------------------------
-------------------------------------------------------------------------------------------------------------------------------------------------------------------------- 
Overall cross-section summary 
--------------------------------------------------------------------------------------------------------------------------------------------------------------------------
Process		xsec_before [pb]		passed	nposw	nnegw	tried	nposw	nnegw 	xsec_match [pb]			accepted [%]	 event_eff [%]
0		2.094e-07 +/- 3.152e-10		32	32	0	939	939	0	7.134e-09 +/- 1.240e-09		3.4 +/- 0.6	3.4 +/- 0.6
1		4.910e-05 +/- 8.587e-09		15679	15679	0	378486	378486	0	2.034e-06 +/- 1.591e-08		4.1 +/- 0.0	4.1 +/- 0.0
2		3.081e-04 +/- 2.272e-08		52276	52276	0	2441651	2441651	0	6.597e-06 +/- 2.855e-08		2.1 +/- 0.0	2.1 +/- 0.0
3		1.034e-03 +/- 4.681e-08		932485	932485	0	8356149	8356149	0	1.154e-04 +/- 1.128e-07		11.2 +/- 0.0	11.2 +/- 0.0
-------------------------------------------------------------------------------------------------------------------------------------------------------------------------- 
Total		1.392e-03 +/- 5.273e-08		1000472	1000472	0	11177225	11177225	0	1.246e-04 +/- 1.189e-07		9.0 +/- 0.0	9.0 +/- 0.0
--------------------------------------------------------------------------------------------------------------------------------------------------------------------------
Before matching: total cross section = 1.392e-03 +- 5.273e-08 pb
After matching: total cross section = 1.246e-04 +- 1.189e-07 pb
Matching efficiency = 0.1 +/- 0.0   [TO BE USED IN MCM]
Filter efficiency (taking into account weights)= (1392.39) / (1392.39) = 1.000e+00 +- 0.000e+00
Filter efficiency (event-level)= (1.00047e+06) / (1.00047e+06) = 1.000e+00 +- 0.000e+00    [TO BE USED IN MCM]

After filter: final cross section = 1.246e-04 +- 1.189e-07 pb
After filter: final fraction of events with negative weights = 0.000e+00 +- 0.000e+00
After filter: final equivalent lumi for 1M events (1/fb) = 8.027e+06 +- 1.110e+04
