19-Jan-2025 02:52:05 CST  Successfully opened file root://cmsxrootd.fnal.gov//store/mc/Run3Summer23BPixMiniAODv4/DYto2L-4Jets_MLL-120_HT-100to400_TuneCP5_13p6TeV_madgraphMLM-pythia8/MINIAODSIM/130X_mcRun3_2023_realistic_postBPix_v6-v2/2820000/4ead9eef-978c-4c9b-9cdf-2d81d9b44dc7.root
      1.767187      0.033560     31.317790             0
      7.018964      0.103911     31.317790             1
     11.991600      0.139594     31.317790             2
     10.540050      0.131192     31.317790             3
 
19-Jan-2025 02:52:08 CST  Closed file root://cmsxrootd.fnal.gov//store/mc/Run3Summer23BPixMiniAODv4/DYto2L-4Jets_MLL-120_HT-100to400_TuneCP5_13p6TeV_madgraphMLM-pythia8/MINIAODSIM/130X_mcRun3_2023_realistic_postBPix_v6-v2/2820000/4ead9eef-978c-4c9b-9cdf-2d81d9b44dc7.root

------------------------------------
GenXsecAnalyzer:
------------------------------------
-------------------------------------------------------------------------------------------------------------------------------------------------------------------------- 
Overall cross-section summary 
--------------------------------------------------------------------------------------------------------------------------------------------------------------------------
Process		xsec_before [pb]		passed	nposw	nnegw	tried	nposw	nnegw 	xsec_match [pb]			accepted [%]	 event_eff [%]
0		1.923e+00 +/- 4.187e-04		155123	155123	0	562537	562537	0	5.304e-01 +/- 1.152e-03		27.6 +/- 0.1	27.6 +/- 0.1
1		7.176e+00 +/- 7.178e-04		370483	370483	0	2095095	2095095	0	1.269e+00 +/- 1.896e-03		17.7 +/- 0.0	17.7 +/- 0.0
2		1.130e+01 +/- 7.427e-04		292341	292341	0	3418019	3418019	0	9.662e-01 +/- 1.710e-03		8.6 +/- 0.0	8.6 +/- 0.0
3		1.051e+01 +/- 6.294e-04		182613	182613	0	3154134	3154134	0	6.083e-01 +/- 1.382e-03		5.8 +/- 0.0	5.8 +/- 0.0
-------------------------------------------------------------------------------------------------------------------------------------------------------------------------- 
Total		3.090e+01 +/- 1.280e-03		1000560	1000560	0	9229785	9229785	0	3.350e+00 +/- 3.166e-03		10.8 +/- 0.0	10.8 +/- 0.0
--------------------------------------------------------------------------------------------------------------------------------------------------------------------------
Before matching: total cross section = 3.090e+01 +- 1.280e-03 pb
After matching: total cross section = 3.350e+00 +- 3.166e-03 pb
Matching efficiency = 0.1 +/- 0.0   [TO BE USED IN MCM]
Filter efficiency (taking into account weights)= (3.09231e+07) / (3.09231e+07) = 1.000e+00 +- 0.000e+00
Filter efficiency (event-level)= (1.00056e+06) / (1.00056e+06) = 1.000e+00 +- 0.000e+00    [TO BE USED IN MCM]

After filter: final cross section = 3.350e+00 +- 3.166e-03 pb
After filter: final fraction of events with negative weights = 0.000e+00 +- 0.000e+00
After filter: final equivalent lumi for 1M events (1/fb) = 2.985e+02 +- 4.107e-01
