19-Jan-2025 09:03:54 CST  Successfully opened file root://cmsxrootd.fnal.gov//store/mc/Run3Summer23BPixMiniAODv4/DYto2L-4Jets_MLL-50to120_HT-70to100_TuneCP5_13p6TeV_madgraphMLM-pythia8/MINIAODSIM/130X_mcRun3_2023_realistic_postBPix_v2-v2/40000/9c31ec21-6210-4623-8f07-94602c460c93.root
    139.165000      0.561110    889.717400             3
    328.804000      1.284950    889.717400             2
    320.512000      1.687210    889.717400             1
    100.171000      1.039000    889.717400             0
 
19-Jan-2025 09:03:56 CST  Closed file root://cmsxrootd.fnal.gov//store/mc/Run3Summer23BPixMiniAODv4/DYto2L-4Jets_MLL-50to120_HT-70to100_TuneCP5_13p6TeV_madgraphMLM-pythia8/MINIAODSIM/130X_mcRun3_2023_realistic_postBPix_v2-v2/40000/9c31ec21-6210-4623-8f07-94602c460c93.root

------------------------------------
GenXsecAnalyzer:
------------------------------------
-------------------------------------------------------------------------------------------------------------------------------------------------------------------------- 
Overall cross-section summary 
--------------------------------------------------------------------------------------------------------------------------------------------------------------------------
Process		xsec_before [pb]		passed	nposw	nnegw	tried	nposw	nnegw 	xsec_match [pb]			accepted [%]	 event_eff [%]
0		9.876e+01 +/- 2.279e-02		277393	277393	0	706835	706835	0	3.876e+01 +/- 5.806e-02		39.2 +/- 0.1	39.2 +/- 0.1
1		3.184e+02 +/- 3.849e-02		540091	540091	0	2256435	2256435	0	7.622e+01 +/- 9.092e-02		23.9 +/- 0.0	23.9 +/- 0.0
2		3.273e+02 +/- 2.833e-02		169946	169946	0	2339658	2339658	0	2.378e+01 +/- 5.558e-02		7.3 +/- 0.0	7.3 +/- 0.0
3		1.385e+02 +/- 1.257e-02		12964	12964	0	987888	987888	0	1.818e+00 +/- 1.586e-02		1.3 +/- 0.0	1.3 +/- 0.0
-------------------------------------------------------------------------------------------------------------------------------------------------------------------------- 
Total		8.831e+02 +/- 5.442e-02		1000394	1000394	0	6290816	6290816	0	1.404e+02 +/- 1.290e-01		15.9 +/- 0.0	15.9 +/- 0.0
--------------------------------------------------------------------------------------------------------------------------------------------------------------------------
Before matching: total cross section = 8.831e+02 +- 5.442e-02 pb
After matching: total cross section = 1.404e+02 +- 1.290e-01 pb
Matching efficiency = 0.2 +/- 0.0   [TO BE USED IN MCM]
Filter efficiency (taking into account weights)= (8.83471e+08) / (8.83471e+08) = 1.000e+00 +- 0.000e+00
Filter efficiency (event-level)= (1.00039e+06) / (1.00039e+06) = 1.000e+00 +- 0.000e+00    [TO BE USED IN MCM]

After filter: final cross section = 1.404e+02 +- 1.290e-01 pb
After filter: final fraction of events with negative weights = 0.000e+00 +- 0.000e+00
After filter: final equivalent lumi for 1M events (1/fb) = 7.121e+00 +- 9.671e-03
