19-Jan-2025 09:50:15 CST  Successfully opened file root://cmsxrootd.fnal.gov//store/mc/Run3Summer23BPixMiniAODv4/DYto2L-4Jets_MLL-50to120_HT-1500to2500_TuneCP5_13p6TeV_madgraphMLM-pythia8/MINIAODSIM/130X_mcRun3_2023_realistic_postBPix_v6-v2/130000/5f21f7db-5762-4fe9-a068-1bb719d09a1a.root
      0.418012      0.001273      0.604545             3
      0.134503      0.000734      0.604545             2
      0.023534      0.000275      0.604545             1
      0.000055      0.000003      0.575358             0
 
19-Jan-2025 09:50:18 CST  Closed file root://cmsxrootd.fnal.gov//store/mc/Run3Summer23BPixMiniAODv4/DYto2L-4Jets_MLL-50to120_HT-1500to2500_TuneCP5_13p6TeV_madgraphMLM-pythia8/MINIAODSIM/130X_mcRun3_2023_realistic_postBPix_v6-v2/130000/5f21f7db-5762-4fe9-a068-1bb719d09a1a.root

------------------------------------
GenXsecAnalyzer:
------------------------------------
-------------------------------------------------------------------------------------------------------------------------------------------------------------------------- 
Overall cross-section summary 
--------------------------------------------------------------------------------------------------------------------------------------------------------------------------
Process		xsec_before [pb]		passed	nposw	nnegw	tried	nposw	nnegw 	xsec_match [pb]			accepted [%]	 event_eff [%]
0		1.021e-04 +/- 8.259e-08		96	96	0	2091	2091	0	4.686e-06 +/- 4.672e-07		4.6 +/- 0.5	4.6 +/- 0.5
1		2.318e-02 +/- 3.963e-06		21284	21284	0	430082	430082	0	1.147e-03 +/- 7.668e-06		4.9 +/- 0.0	4.9 +/- 0.0
2		1.331e-01 +/- 1.069e-05		68379	68379	0	2601493	2601493	0	3.498e-03 +/- 1.320e-05		2.6 +/- 0.0	2.6 +/- 0.0
3		4.173e-01 +/- 1.908e-05		910330	910330	0	8306555	8306555	0	4.573e-02 +/- 4.528e-05		11.0 +/- 0.0	11.0 +/- 0.0
-------------------------------------------------------------------------------------------------------------------------------------------------------------------------- 
Total		5.737e-01 +/- 2.223e-05		1000089	1000089	0	11340221	11340221	0	5.059e-02 +/- 4.835e-05		8.8 +/- 0.0	8.8 +/- 0.0
--------------------------------------------------------------------------------------------------------------------------------------------------------------------------
Before matching: total cross section = 5.737e-01 +- 2.223e-05 pb
After matching: total cross section = 5.059e-02 +- 4.835e-05 pb
Matching efficiency = 0.1 +/- 0.0   [TO BE USED IN MCM]
Filter efficiency (taking into account weights)= (573745) / (573745) = 1.000e+00 +- 0.000e+00
Filter efficiency (event-level)= (1.00009e+06) / (1.00009e+06) = 1.000e+00 +- 0.000e+00    [TO BE USED IN MCM]

After filter: final cross section = 5.059e-02 +- 4.835e-05 pb
After filter: final fraction of events with negative weights = 0.000e+00 +- 0.000e+00
After filter: final equivalent lumi for 1M events (1/fb) = 1.977e+04 +- 2.734e+01
