19-Jan-2025 09:54:37 CST  Successfully opened file root://cmsxrootd.fnal.gov//store/mc/Run3Summer23BPixMiniAODv4/DYto2L-4Jets_MLL-50to120_HT-2500_TuneCP5_13p6TeV_madgraphMLM-pythia8/MINIAODSIM/130X_mcRun3_2023_realistic_postBPix_v6-v2/2820000/e8a7fc9f-bc2f-4dce-bfb1-51331a170de3.root
      0.001402      0.000019      0.037990             1
      0.008356      0.000047      0.037990             2
      0.028232      0.000098      0.037990             3
 
19-Jan-2025 09:54:38 CST  Closed file root://cmsxrootd.fnal.gov//store/mc/Run3Summer23BPixMiniAODv4/DYto2L-4Jets_MLL-50to120_HT-2500_TuneCP5_13p6TeV_madgraphMLM-pythia8/MINIAODSIM/130X_mcRun3_2023_realistic_postBPix_v6-v2/2820000/e8a7fc9f-bc2f-4dce-bfb1-51331a170de3.root

------------------------------------
GenXsecAnalyzer:
------------------------------------
-------------------------------------------------------------------------------------------------------------------------------------------------------------------------- 
Overall cross-section summary 
--------------------------------------------------------------------------------------------------------------------------------------------------------------------------
Process		xsec_before [pb]		passed	nposw	nnegw	tried	nposw	nnegw 	xsec_match [pb]			accepted [%]	 event_eff [%]
0		4.550e-06 +/- 1.041e-08		10	10	0	314	314	0	1.449e-07 +/- 4.508e-08		3.2 +/- 1.0	3.2 +/- 1.0
1		1.406e-03 +/- 2.524e-07		15998	15998	0	393049	393049	0	5.722e-05 +/- 4.432e-07		4.1 +/- 0.0	4.1 +/- 0.0
2		8.418e-03 +/- 7.080e-07		51809	51809	0	2393096	2393096	0	1.822e-04 +/- 7.921e-07		2.2 +/- 0.0	2.2 +/- 0.0
3		2.805e-02 +/- 1.320e-06		932918	932918	0	8184273	8184273	0	3.198e-03 +/- 3.120e-06		11.4 +/- 0.0	11.4 +/- 0.0
-------------------------------------------------------------------------------------------------------------------------------------------------------------------------- 
Total		3.788e-02 +/- 1.519e-06		1000735	1000735	0	10970732	10970732	0	3.455e-03 +/- 3.296e-06		9.1 +/- 0.0	9.1 +/- 0.0
--------------------------------------------------------------------------------------------------------------------------------------------------------------------------
Before matching: total cross section = 3.788e-02 +- 1.519e-06 pb
After matching: total cross section = 3.455e-03 +- 3.296e-06 pb
Matching efficiency = 0.1 +/- 0.0   [TO BE USED IN MCM]
Filter efficiency (taking into account weights)= (37904.9) / (37904.9) = 1.000e+00 +- 0.000e+00
Filter efficiency (event-level)= (1.00074e+06) / (1.00074e+06) = 1.000e+00 +- 0.000e+00    [TO BE USED IN MCM]

After filter: final cross section = 3.455e-03 +- 3.296e-06 pb
After filter: final fraction of events with negative weights = 0.000e+00 +- 0.000e+00
After filter: final equivalent lumi for 1M events (1/fb) = 2.894e+05 +- 3.999e+02
