19-Jan-2025 09:46:49 CST  Successfully opened file root://cmsxrootd.fnal.gov//store/mc/Run3Summer23BPixMiniAODv4/DYto2L-4Jets_MLL-50to120_HT-800to1500_TuneCP5_13p6TeV_madgraphMLM-pythia8/MINIAODSIM/130X_mcRun3_2023_realistic_postBPix_v6-v2/120000/00b55360-3570-4463-b6e2-d92aa3346505.root
      5.463550      0.015660      8.006565             3
      1.998110      0.009893      8.006565             2
      0.396262      0.003699      8.006565             1
      0.007915      0.000134      7.849820             0
 
19-Jan-2025 09:46:51 CST  Closed file root://cmsxrootd.fnal.gov//store/mc/Run3Summer23BPixMiniAODv4/DYto2L-4Jets_MLL-50to120_HT-800to1500_TuneCP5_13p6TeV_madgraphMLM-pythia8/MINIAODSIM/130X_mcRun3_2023_realistic_postBPix_v6-v2/120000/00b55360-3570-4463-b6e2-d92aa3346505.root

------------------------------------
GenXsecAnalyzer:
------------------------------------
-------------------------------------------------------------------------------------------------------------------------------------------------------------------------- 
Overall cross-section summary 
--------------------------------------------------------------------------------------------------------------------------------------------------------------------------
Process		xsec_before [pb]		passed	nposw	nnegw	tried	nposw	nnegw 	xsec_match [pb]			accepted [%]	 event_eff [%]
0		7.882e-03 +/- 2.302e-06		792	792	0	10807	10807	0	5.776e-04 +/- 1.976e-05		7.3 +/- 0.3	7.3 +/- 0.3
1		4.008e-01 +/- 6.830e-05		36972	36972	0	544255	544255	0	2.723e-02 +/- 1.368e-04		6.8 +/- 0.0	6.8 +/- 0.0
2		2.003e+00 +/- 1.535e-04		108186	108186	0	2833600	2833600	0	7.646e-02 +/- 2.281e-04		3.8 +/- 0.0	3.8 +/- 0.0
3		5.459e+00 +/- 2.498e-04		854895	854895	0	7862042	7862042	0	5.936e-01 +/- 6.067e-04		10.9 +/- 0.0	10.9 +/- 0.0
-------------------------------------------------------------------------------------------------------------------------------------------------------------------------- 
Total		7.871e+00 +/- 3.010e-04		1000845	1000845	0	11250704	11250704	0	7.002e-01 +/- 6.686e-04		8.9 +/- 0.0	8.9 +/- 0.0
--------------------------------------------------------------------------------------------------------------------------------------------------------------------------
Before matching: total cross section = 7.871e+00 +- 3.010e-04 pb
After matching: total cross section = 7.002e-01 +- 6.686e-04 pb
Matching efficiency = 0.1 +/- 0.0   [TO BE USED IN MCM]
Filter efficiency (taking into account weights)= (7.87778e+06) / (7.87778e+06) = 1.000e+00 +- 0.000e+00
Filter efficiency (event-level)= (1.00084e+06) / (1.00084e+06) = 1.000e+00 +- 0.000e+00    [TO BE USED IN MCM]

After filter: final cross section = 7.002e-01 +- 6.686e-04 pb
After filter: final fraction of events with negative weights = 0.000e+00 +- 0.000e+00
After filter: final equivalent lumi for 1M events (1/fb) = 1.428e+03 +- 1.975e+00
