19-Jan-2025 01:39:35 CST  Successfully opened file root://cmsxrootd.fnal.gov//store/mc/Run3Summer23BPixMiniAODv4/DYto2L-4Jets_MLL-120_HT-40to70_TuneCP5_13p6TeV_madgraphMLM-pythia8/MINIAODSIM/130X_mcRun3_2023_realistic_postBPix_v6-v2/2820000/f5ff788c-2251-403a-a85f-e70ac5ce113f.root
      6.207165      0.110071     23.984570             0
     11.377980      0.144067     23.984570             1
      5.966374      0.071704     23.984570             2
      0.433053      0.021262     23.984570             3
 
19-Jan-2025 01:39:40 CST  Closed file root://cmsxrootd.fnal.gov//store/mc/Run3Summer23BPixMiniAODv4/DYto2L-4Jets_MLL-120_HT-40to70_TuneCP5_13p6TeV_madgraphMLM-pythia8/MINIAODSIM/130X_mcRun3_2023_realistic_postBPix_v6-v2/2820000/f5ff788c-2251-403a-a85f-e70ac5ce113f.root

------------------------------------
GenXsecAnalyzer:
------------------------------------
-------------------------------------------------------------------------------------------------------------------------------------------------------------------------- 
Overall cross-section summary 
--------------------------------------------------------------------------------------------------------------------------------------------------------------------------
Process		xsec_before [pb]		passed	nposw	nnegw	tried	nposw	nnegw 	xsec_match [pb]			accepted [%]	 event_eff [%]
0		6.276e+00 +/- 1.171e-03		594947	594947	0	1377319	1377319	0	2.711e+00 +/- 2.697e-03		43.2 +/- 0.0	43.2 +/- 0.0
1		1.129e+01 +/- 1.142e-03		383051	383051	0	2459013	2459013	0	1.759e+00 +/- 2.617e-03		15.6 +/- 0.0	15.6 +/- 0.0
2		5.041e+00 +/- 5.248e-04		22247	22247	0	1107945	1107945	0	1.012e-01 +/- 6.719e-04		2.0 +/- 0.0	2.0 +/- 0.0
3		5.420e-01 +/- 1.066e-04		254	254	0	119238	119238	0	1.155e-03 +/- 7.238e-05		0.2 +/- 0.0	0.2 +/- 0.0
-------------------------------------------------------------------------------------------------------------------------------------------------------------------------- 
Total		2.315e+01 +/- 1.721e-03		1000499	1000499	0	5063515	5063515	0	4.575e+00 +/- 4.111e-03		19.8 +/- 0.0	19.8 +/- 0.0
--------------------------------------------------------------------------------------------------------------------------------------------------------------------------
Before matching: total cross section = 2.315e+01 +- 1.721e-03 pb
After matching: total cross section = 4.575e+00 +- 4.111e-03 pb
Matching efficiency = 0.2 +/- 0.0   [TO BE USED IN MCM]
Filter efficiency (taking into account weights)= (2.31653e+07) / (2.31653e+07) = 1.000e+00 +- 0.000e+00
Filter efficiency (event-level)= (1.0005e+06) / (1.0005e+06) = 1.000e+00 +- 0.000e+00    [TO BE USED IN MCM]

After filter: final cross section = 4.575e+00 +- 4.111e-03 pb
After filter: final fraction of events with negative weights = 0.000e+00 +- 0.000e+00
After filter: final equivalent lumi for 1M events (1/fb) = 2.186e+02 +- 2.939e-01
