19-Jan-2025 03:04:31 CST  Successfully opened file root://cmsxrootd.fnal.gov//store/mc/Run3Summer23BPixMiniAODv4/DYto2L-4Jets_MLL-120_HT-400to800_TuneCP5_13p6TeV_madgraphMLM-pythia8/MINIAODSIM/130X_mcRun3_2023_realistic_postBPix_v6-v2/120000/07410904-614d-488f-9392-99f5e0642583.root
      1.247320      0.003396      2.120286             3
      0.637659      0.002563      2.120286             2
      0.196482      0.001544      2.120286             1
      0.022760      0.000311      2.120286             0
 
19-Jan-2025 03:04:36 CST  Closed file root://cmsxrootd.fnal.gov//store/mc/Run3Summer23BPixMiniAODv4/DYto2L-4Jets_MLL-120_HT-400to800_TuneCP5_13p6TeV_madgraphMLM-pythia8/MINIAODSIM/130X_mcRun3_2023_realistic_postBPix_v6-v2/120000/07410904-614d-488f-9392-99f5e0642583.root

------------------------------------
GenXsecAnalyzer:
------------------------------------
-------------------------------------------------------------------------------------------------------------------------------------------------------------------------- 
Overall cross-section summary 
--------------------------------------------------------------------------------------------------------------------------------------------------------------------------
Process		xsec_before [pb]		passed	nposw	nnegw	tried	nposw	nnegw 	xsec_match [pb]			accepted [%]	 event_eff [%]
0		2.285e-02 +/- 4.946e-06		15000	15000	0	126196	126196	0	2.716e-03 +/- 2.082e-05		11.9 +/- 0.1	11.9 +/- 0.1
1		1.972e-01 +/- 2.466e-05		103753	103753	0	1080480	1080480	0	1.894e-02 +/- 5.595e-05		9.6 +/- 0.0	9.6 +/- 0.0
2		6.403e-01 +/- 3.993e-05		207302	207302	0	3649683	3649683	0	3.637e-02 +/- 7.761e-05		5.7 +/- 0.0	5.7 +/- 0.0
3		1.244e+00 +/- 5.356e-05		674445	674445	0	7149368	7149368	0	1.173e-01 +/- 1.361e-04		9.4 +/- 0.0	9.4 +/- 0.0
-------------------------------------------------------------------------------------------------------------------------------------------------------------------------- 
Total		2.104e+00 +/- 7.138e-05		1000500	1000500	0	12005727	12005727	0	1.753e-01 +/- 1.679e-04		8.3 +/- 0.0	8.3 +/- 0.0
--------------------------------------------------------------------------------------------------------------------------------------------------------------------------
Before matching: total cross section = 2.104e+00 +- 7.138e-05 pb
After matching: total cross section = 1.753e-01 +- 1.679e-04 pb
Matching efficiency = 0.1 +/- 0.0   [TO BE USED IN MCM]
Filter efficiency (taking into account weights)= (2.1052e+06) / (2.1052e+06) = 1.000e+00 +- 0.000e+00
Filter efficiency (event-level)= (1.0005e+06) / (1.0005e+06) = 1.000e+00 +- 0.000e+00    [TO BE USED IN MCM]

After filter: final cross section = 1.753e-01 +- 1.679e-04 pb
After filter: final fraction of events with negative weights = 0.000e+00 +- 0.000e+00
After filter: final equivalent lumi for 1M events (1/fb) = 5.703e+03 +- 7.897e+00
