01-Feb-2025 16:39:20 CST  Closed file root://cmsxrootd.fnal.gov//store/mc/Run3Summer23BPixMiniAODv4/DYto2L-4Jets_MLL-120_HT-70to100_TuneCP5_13p6TeV_madgraphMLM-pythia8/MINIAODSIM/130X_mcRun3_2023_realistic_postBPix_v6-v2/130000/69fd1893-7f56-4f60-b647-a8f13bd7beed.root

------------------------------------
GenXsecAnalyzer:
------------------------------------
-------------------------------------------------------------------------------------------------------------------------------------------------------------------------- 
Overall cross-section summary 
--------------------------------------------------------------------------------------------------------------------------------------------------------------------------
Process		xsec_before [pb]		passed	nposw	nnegw	tried	nposw	nnegw 	xsec_match [pb]			accepted [%]	 event_eff [%]
0		2.151e+00 +/- 4.539e-04		351427	351427	0	972674	972674	0	7.773e-01 +/- 1.061e-03		36.1 +/- 0.0	36.1 +/- 0.0
1		5.494e+00 +/- 5.305e-04		496223	496223	0	2466702	2466702	0	1.105e+00 +/- 1.406e-03		20.1 +/- 0.0	20.1 +/- 0.0
2		4.979e+00 +/- 3.859e-04		142374	142374	0	2303265	2303265	0	3.078e-01 +/- 7.904e-04		6.2 +/- 0.0	6.2 +/- 0.0
3		1.945e+00 +/- 1.757e-04		10202	10202	0	887507	887507	0	2.236e-02 +/- 2.201e-04		1.1 +/- 0.0	1.1 +/- 0.0
-------------------------------------------------------------------------------------------------------------------------------------------------------------------------- 
Total		1.457e+01 +/- 8.169e-04		1000226	1000226	0	6630148	6630148	0	2.198e+00 +/- 2.029e-03		15.1 +/- 0.0	15.1 +/- 0.0
--------------------------------------------------------------------------------------------------------------------------------------------------------------------------
Before matching: total cross section = 1.457e+01 +- 8.169e-04 pb
After matching: total cross section = 2.198e+00 +- 2.029e-03 pb
Matching efficiency = 0.2 +/- 0.0   [TO BE USED IN MCM]
Filter efficiency (taking into account weights)= (1.45745e+07) / (1.45745e+07) = 1.000e+00 +- 0.000e+00
Filter efficiency (event-level)= (1.00023e+06) / (1.00023e+06) = 1.000e+00 +- 0.000e+00    [TO BE USED IN MCM]

After filter: final cross section = 2.198e+00 +- 2.029e-03 pb
After filter: final fraction of events with negative weights = 0.000e+00 +- 0.000e+00
After filter: final equivalent lumi for 1M events (1/fb) = 4.549e+02 +- 6.191e-01
