19-Jan-2025 08:59:39 CST  Successfully opened file root://cmsxrootd.fnal.gov//store/mc/Run3Summer23BPixMiniAODv4/DYto2L-4Jets_MLL-50to120_HT-40to70_TuneCP5_13p6TeV_madgraphMLM-pythia8/MINIAODSIM/130X_mcRun3_2023_realistic_postBPix_v2-v3/2820000/f81400ef-c12b-4fd3-ab36-4ecb9f24bd9e.root
     44.305300      0.284577   1521.724000             3
    363.836000      1.612330   1521.724000             2
    752.237000      3.616050   1521.724000             1
    358.989000      2.600730   1521.724000             0
 
19-Jan-2025 08:59:41 CST  Closed file root://cmsxrootd.fnal.gov//store/mc/Run3Summer23BPixMiniAODv4/DYto2L-4Jets_MLL-50to120_HT-40to70_TuneCP5_13p6TeV_madgraphMLM-pythia8/MINIAODSIM/130X_mcRun3_2023_realistic_postBPix_v2-v3/2820000/f81400ef-c12b-4fd3-ab36-4ecb9f24bd9e.root

------------------------------------
GenXsecAnalyzer:
------------------------------------
-------------------------------------------------------------------------------------------------------------------------------------------------------------------------- 
Overall cross-section summary 
--------------------------------------------------------------------------------------------------------------------------------------------------------------------------
Process		xsec_before [pb]		passed	nposw	nnegw	tried	nposw	nnegw 	xsec_match [pb]			accepted [%]	 event_eff [%]
0		3.622e+02 +/- 4.848e-02		548512	548512	0	1151552	1151552	0	1.725e+02 +/- 1.701e-01		47.6 +/- 0.0	47.6 +/- 0.0
1		7.543e+02 +/- 6.573e-02		426042	426042	0	2376772	2376772	0	1.352e+02 +/- 1.880e-01		17.9 +/- 0.0	17.9 +/- 0.0
2		3.613e+02 +/- 2.913e-02		25631	25631	0	1151258	1151258	0	8.044e+00 +/- 4.968e-02		2.2 +/- 0.0	2.2 +/- 0.0
3		4.112e+01 +/- 5.446e-03		243	243	0	130990	130990	0	7.629e-02 +/- 4.889e-03		0.2 +/- 0.0	0.2 +/- 0.0
-------------------------------------------------------------------------------------------------------------------------------------------------------------------------- 
Total		1.519e+03 +/- 8.688e-02		1000428	1000428	0	4810572	4810572	0	3.159e+02 +/- 2.816e-01		20.8 +/- 0.0	20.8 +/- 0.0
--------------------------------------------------------------------------------------------------------------------------------------------------------------------------
Before matching: total cross section = 1.519e+03 +- 8.688e-02 pb
After matching: total cross section = 3.159e+02 +- 2.816e-01 pb
Matching efficiency = 0.2 +/- 0.0   [TO BE USED IN MCM]
Filter efficiency (taking into account weights)= (1.51968e+09) / (1.51968e+09) = 1.000e+00 +- 0.000e+00
Filter efficiency (event-level)= (1.00043e+06) / (1.00043e+06) = 1.000e+00 +- 0.000e+00    [TO BE USED IN MCM]

After filter: final cross section = 3.159e+02 +- 2.816e-01 pb
After filter: final fraction of events with negative weights = 0.000e+00 +- 0.000e+00
After filter: final equivalent lumi for 1M events (1/fb) = 3.166e+00 +- 4.241e-03
