19-Jan-2025 09:42:49 CST  Successfully opened file root://cmsxrootd.fnal.gov//store/mc/Run3Summer23BPixMiniAODv4/DYto2L-4Jets_MLL-50to120_HT-400to800_TuneCP5_13p6TeV_madgraphMLM-pythia8/MINIAODSIM/130X_mcRun3_2023_realistic_postBPix_v2-v3/2820000/eecc7fce-77b4-40ed-b4b1-83317c87c66c.root
     45.048600      0.139702     73.500540             3
     20.969200      0.098411     73.500540             2
      5.425470      0.053485     73.500540             1
      0.283776      0.004958     73.500540             0
 
19-Jan-2025 09:42:54 CST  Closed file root://cmsxrootd.fnal.gov//store/mc/Run3Summer23BPixMiniAODv4/DYto2L-4Jets_MLL-50to120_HT-400to800_TuneCP5_13p6TeV_madgraphMLM-pythia8/MINIAODSIM/130X_mcRun3_2023_realistic_postBPix_v2-v3/2820000/eecc7fce-77b4-40ed-b4b1-83317c87c66c.root

------------------------------------
GenXsecAnalyzer:
------------------------------------
-------------------------------------------------------------------------------------------------------------------------------------------------------------------------- 
Overall cross-section summary 
--------------------------------------------------------------------------------------------------------------------------------------------------------------------------
Process		xsec_before [pb]		passed	nposw	nnegw	tried	nposw	nnegw 	xsec_match [pb]			accepted [%]	 event_eff [%]
0		2.918e-01 +/- 7.954e-05		5278	5278	0	42129	42129	0	3.656e-02 +/- 4.708e-04		12.5 +/- 0.2	12.5 +/- 0.2
1		5.400e+00 +/- 8.873e-04		82451	82451	0	769735	769735	0	5.784e-01 +/- 1.906e-03		10.7 +/- 0.0	10.7 +/- 0.0
2		2.099e+01 +/- 1.584e-03		192328	192328	0	3087386	3087386	0	1.308e+00 +/- 2.889e-03		6.2 +/- 0.0	6.2 +/- 0.0
3		4.488e+01 +/- 2.183e-03		720020	720020	0	6719642	6719642	0	4.809e+00 +/- 5.361e-03		10.7 +/- 0.0	10.7 +/- 0.0
-------------------------------------------------------------------------------------------------------------------------------------------------------------------------- 
Total		7.157e+01 +/- 2.840e-03		1000077	1000077	0	10618892	10618892	0	6.740e+00 +/- 6.420e-03		9.4 +/- 0.0	9.4 +/- 0.0
--------------------------------------------------------------------------------------------------------------------------------------------------------------------------
Before matching: total cross section = 7.157e+01 +- 2.840e-03 pb
After matching: total cross section = 6.740e+00 +- 6.420e-03 pb
Matching efficiency = 0.1 +/- 0.0   [TO BE USED IN MCM]
Filter efficiency (taking into account weights)= (7.15792e+07) / (7.15792e+07) = 1.000e+00 +- 0.000e+00
Filter efficiency (event-level)= (1.00008e+06) / (1.00008e+06) = 1.000e+00 +- 0.000e+00    [TO BE USED IN MCM]

After filter: final cross section = 6.740e+00 +- 6.420e-03 pb
After filter: final fraction of events with negative weights = 0.000e+00 +- 0.000e+00
After filter: final equivalent lumi for 1M events (1/fb) = 1.484e+02 +- 2.049e-01
