01-Feb-2025 17:10:21 CST  Closed file root://cmsxrootd.fnal.gov//store/mc/Run3Summer23BPixMiniAODv4/TBbartoLplusNuBbar-s-channel-4FS_TuneCP5_13p6TeV_amcatnlo-pythia8/MINIAODSIM/130X_mcRun3_2023_realistic_postBPix_v6-v2/80000/4b58267d-f4dc-462a-ae0d-0edb021f13ea.root

------------------------------------
GenXsecAnalyzer:
------------------------------------
-------------------------------------------------------------------------------------------------------------------------------------------------------------------------- 
Overall cross-section summary 
--------------------------------------------------------------------------------------------------------------------------------------------------------------------------
Process		xsec_before [pb]		passed	nposw	nnegw	tried	nposw	nnegw 	xsec_match [pb]			accepted [%]	 event_eff [%]
0		2.278e+00 +/- 9.603e-05		1000000	808195	191805	1000000	808195	191805	2.278e+00 +/- 9.603e-05		100.0 +/- 0.0	100.0 +/- 0.0
-------------------------------------------------------------------------------------------------------------------------------------------------------------------------- 
Total		2.278e+00 +/- 9.603e-05		1000000	808195	191805	1000000	808195	191805	2.278e+00 +/- 9.603e-05		100.0 +/- 0.0	100.0 +/- 0.0
--------------------------------------------------------------------------------------------------------------------------------------------------------------------------
Before matching: total cross section = 2.278e+00 +- 9.603e-05 pb
After matching: total cross section = 2.278e+00 +- 9.603e-05 pb
Matching efficiency = 1.0 +/- 0.0   [TO BE USED IN MCM]
Filter efficiency (taking into account weights)= (2.28055e+06) / (2.28055e+06) = 1.000e+00 +- 0.000e+00
Filter efficiency (event-level)= (1e+06) / (1e+06) = 1.000e+00 +- 0.000e+00    [TO BE USED IN MCM]

After filter: final cross section = 2.278e+00 +- 9.603e-05 pb
After filter: final fraction of events with negative weights = 1.918e-01 +- 3.311e-05
After filter: final equivalent lumi for 1M events (1/fb) = 1.668e+02 +- 1.052e-01
