01-Feb-2025 17:18:21 CST  Closed file root://cmsxrootd.fnal.gov//store/mc/Run3Summer23BPixMiniAODv4/TTLNu-1Jets_TuneCP5_13p6TeV_amcatnloFXFX-pythia8/MINIAODSIM/130X_mcRun3_2023_realistic_postBPix_v6-v2/140000/3368fa0f-eb73-4e50-a9c2-0c5aeaff8e67.root

------------------------------------
GenXsecAnalyzer:
------------------------------------
-------------------------------------------------------------------------------------------------------------------------------------------------------------------------- 
Overall cross-section summary 
--------------------------------------------------------------------------------------------------------------------------------------------------------------------------
Process		xsec_before [pb]		passed	nposw	nnegw	tried	nposw	nnegw 	xsec_match [pb]			accepted [%]	 event_eff [%]
0		1.426e-01 +/- 1.267e-04		63109	54133	8976	111788	93303	18485	8.605e-02 +/- 3.260e-04		60.4 +/- 0.2	56.5 +/- 0.1
1		7.085e-02 +/- 8.666e-05		32209	27723	4486	55534	46645	8889	4.360e-02 +/- 2.252e-04		61.5 +/- 0.3	58.0 +/- 0.2
2		1.018e-01 +/- 1.435e-04		107585	75109	32476	192516	123109	69407	8.084e-02 +/- 4.710e-04		79.4 +/- 0.4	55.9 +/- 0.1
3		5.177e-02 +/- 8.733e-05		53175	37288	15887	94162	61117	33045	3.947e-02 +/- 3.093e-04		76.2 +/- 0.6	56.5 +/- 0.2
-------------------------------------------------------------------------------------------------------------------------------------------------------------------------- 
Total		3.670e-01 +/- 2.276e-04		256078	194253	61825	454000	324174	129826	2.501e-01 +/- 6.667e-04		68.1 +/- 0.2	56.4 +/- 0.1
--------------------------------------------------------------------------------------------------------------------------------------------------------------------------
Before matching: total cross section = 3.670e-01 +- 2.276e-04 pb
After matching: total cross section = 2.501e-01 +- 6.667e-04 pb
Matching efficiency = 0.6 +/- 0.0   [TO BE USED IN MCM]
Filter efficiency (taking into account weights)= (113951) / (113951) = 1.000e+00 +- 0.000e+00
Filter efficiency (event-level)= (256078) / (256078) = 1.000e+00 +- 0.000e+00    [TO BE USED IN MCM]

After filter: final cross section = 2.501e-01 +- 6.667e-04 pb
After filter: final fraction of events with negative weights = 2.414e-01 +- 1.135e-04
After filter: final equivalent lumi for 1M events (1/fb) = 1.069e+03 +- 1.648e+00
