01-Feb-2025 18:07:41 CST  Closed file root://cmsxrootd.fnal.gov//store/mc/Run3Summer23BPixMiniAODv4/WtoLNu-4Jets_MLNu-120_HT-100to400_TuneCP5_13p6TeV_madgraphMLM-pythia8/MINIAODSIM/130X_mcRun3_2023_realistic_postBPix_v6-v2/50000/13c2abb8-7acc-4628-a58e-6a4a1f5ce017.root

------------------------------------
GenXsecAnalyzer:
------------------------------------
-------------------------------------------------------------------------------------------------------------------------------------------------------------------------- 
Overall cross-section summary 
--------------------------------------------------------------------------------------------------------------------------------------------------------------------------
Process		xsec_before [pb]		passed	nposw	nnegw	tried	nposw	nnegw 	xsec_match [pb]			accepted [%]	 event_eff [%]
0		3.489e+00 +/- 1.097e-03		93080	93080	0	335942	335942	0	9.668e-01 +/- 2.711e-03		27.7 +/- 0.1	27.7 +/- 0.1
1		2.254e+00 +/- 8.059e-04		61182	61182	0	216402	216402	0	6.372e-01 +/- 2.194e-03		28.3 +/- 0.1	28.3 +/- 0.1
2		1.300e+01 +/- 1.663e-03		220270	220270	0	1239347	1239347	0	2.310e+00 +/- 4.473e-03		17.8 +/- 0.0	17.8 +/- 0.0
3		8.492e+00 +/- 1.389e-03		150972	150972	0	818981	818981	0	1.565e+00 +/- 3.648e-03		18.4 +/- 0.0	18.4 +/- 0.0
4		2.042e+01 +/- 1.875e-03		173600	173600	0	2021877	2021877	0	1.753e+00 +/- 4.026e-03		8.6 +/- 0.0	8.6 +/- 0.0
5		1.328e+01 +/- 1.426e-03		119379	119379	0	1337228	1337228	0	1.186e+00 +/- 3.278e-03		8.9 +/- 0.0	8.9 +/- 0.0
6		1.908e+01 +/- 1.574e-03		110194	110194	0	1894416	1894416	0	1.110e+00 +/- 3.246e-03		5.8 +/- 0.0	5.8 +/- 0.0
7		1.223e+01 +/- 1.201e-03		71938	71938	0	1207253	1207253	0	7.285e-01 +/- 2.635e-03		6.0 +/- 0.0	6.0 +/- 0.0
-------------------------------------------------------------------------------------------------------------------------------------------------------------------------- 
Total		9.224e+01 +/- 4.002e-03		1000615	1000615	0	9071446	9071446	0	1.017e+01 +/- 9.604e-03		11.0 +/- 0.0	11.0 +/- 0.0
--------------------------------------------------------------------------------------------------------------------------------------------------------------------------
Before matching: total cross section = 9.224e+01 +- 4.002e-03 pb
After matching: total cross section = 1.017e+01 +- 9.604e-03 pb
Matching efficiency = 0.1 +/- 0.0   [TO BE USED IN MCM]
Filter efficiency (taking into account weights)= (9.23046e+07) / (9.23046e+07) = 1.000e+00 +- 0.000e+00
Filter efficiency (event-level)= (1.00062e+06) / (1.00062e+06) = 1.000e+00 +- 0.000e+00    [TO BE USED IN MCM]

After filter: final cross section = 1.017e+01 +- 9.604e-03 pb
After filter: final fraction of events with negative weights = 0.000e+00 +- 0.000e+00
After filter: final equivalent lumi for 1M events (1/fb) = 9.829e+01 +- 1.352e-01
