01-Feb-2025 18:12:37 CST  Closed file root://cmsxrootd.fnal.gov//store/mc/Run3Summer23BPixMiniAODv4/WtoLNu-4Jets_MLNu-120_HT-400to800_TuneCP5_13p6TeV_madgraphMLM-pythia8/MINIAODSIM/130X_mcRun3_2023_realistic_postBPix_v6-v3/140000/fdfe5c14-fdad-4074-9bbd-22cd60b913d7.root

------------------------------------
GenXsecAnalyzer:
------------------------------------
-------------------------------------------------------------------------------------------------------------------------------------------------------------------------- 
Overall cross-section summary 
--------------------------------------------------------------------------------------------------------------------------------------------------------------------------
Process		xsec_before [pb]		passed	nposw	nnegw	tried	nposw	nnegw 	xsec_match [pb]			accepted [%]	 event_eff [%]
0		4.327e-02 +/- 1.986e-05		4999	4999	0	40730	40730	0	5.311e-03 +/- 7.040e-05		12.3 +/- 0.2	12.3 +/- 0.2
1		2.215e-02 +/- 1.120e-05		2658	2658	0	20705	20705	0	2.844e-03 +/- 5.152e-05		12.8 +/- 0.2	12.8 +/- 0.2
2		3.732e-01 +/- 8.076e-05		33062	33062	0	346252	346252	0	3.563e-02 +/- 1.865e-04		9.5 +/- 0.0	9.5 +/- 0.0
3		2.058e-01 +/- 5.988e-05		19264	19264	0	191532	191532	0	2.070e-02 +/- 1.416e-04		10.1 +/- 0.1	10.1 +/- 0.1
4		1.214e+00 +/- 1.426e-04		66345	66345	0	1164755	1164755	0	6.914e-02 +/- 2.608e-04		5.7 +/- 0.0	5.7 +/- 0.0
5		6.764e-01 +/- 9.725e-05		40308	40308	0	664288	664288	0	4.104e-02 +/- 1.982e-04		6.1 +/- 0.0	6.1 +/- 0.0
6		2.357e+00 +/- 1.877e-04		218520	218520	0	2310204	2310204	0	2.230e-01 +/- 4.542e-04		9.5 +/- 0.0	9.5 +/- 0.0
7		1.314e+00 +/- 1.295e-04		125701	125701	0	1277257	1277257	0	1.293e-01 +/- 3.465e-04		9.8 +/- 0.0	9.8 +/- 0.0
-------------------------------------------------------------------------------------------------------------------------------------------------------------------------- 
Total		6.205e+00 +/- 3.040e-04		510857	510857	0	6015723	6015723	0	5.270e-01 +/- 7.057e-04		8.5 +/- 0.0	8.5 +/- 0.0
--------------------------------------------------------------------------------------------------------------------------------------------------------------------------
Before matching: total cross section = 6.205e+00 +- 3.040e-04 pb
After matching: total cross section = 5.270e-01 +- 7.057e-04 pb
Matching efficiency = 0.1 +/- 0.0   [TO BE USED IN MCM]
Filter efficiency (taking into account weights)= (3.17039e+06) / (3.17039e+06) = 1.000e+00 +- 0.000e+00
Filter efficiency (event-level)= (510857) / (510857) = 1.000e+00 +- 0.000e+00    [TO BE USED IN MCM]

After filter: final cross section = 5.270e-01 +- 7.057e-04 pb
After filter: final fraction of events with negative weights = 0.000e+00 +- 0.000e+00
After filter: final equivalent lumi for 1M events (1/fb) = 1.898e+03 +- 3.172e+00
