01-Feb-2025 18:09:10 CST  Closed file root://cmsxrootd.fnal.gov//store/mc/Run3Summer23BPixMiniAODv4/WtoLNu-4Jets_MLNu-120_HT-1500to2500_TuneCP5_13p6TeV_madgraphMLM-pythia8/MINIAODSIM/130X_mcRun3_2023_realistic_postBPix_v6-v2/40000/89f0bebc-0279-4374-9810-28a5cf0d6fac.root

------------------------------------
GenXsecAnalyzer:
------------------------------------
-------------------------------------------------------------------------------------------------------------------------------------------------------------------------- 
Overall cross-section summary 
--------------------------------------------------------------------------------------------------------------------------------------------------------------------------
Process		xsec_before [pb]		passed	nposw	nnegw	tried	nposw	nnegw 	xsec_match [pb]			accepted [%]	 event_eff [%]
0		3.073e-05 +/- 2.041e-08		127	127	0	2830	2830	0	1.379e-06 +/- 1.196e-07		4.5 +/- 0.4	4.5 +/- 0.4
1		9.505e-06 +/- 1.457e-08		39	39	0	855	855	0	4.340e-07 +/- 6.790e-08		4.6 +/- 0.7	4.6 +/- 0.7
2		1.759e-03 +/- 5.179e-07		7863	7863	0	163915	163915	0	8.437e-05 +/- 9.287e-07		4.8 +/- 0.1	4.8 +/- 0.1
3		7.552e-04 +/- 2.769e-07		3653	3653	0	70248	70248	0	3.927e-05 +/- 6.328e-07		5.2 +/- 0.1	5.2 +/- 0.1
4		9.687e-03 +/- 1.191e-06		24186	24186	0	940662	940662	0	2.491e-04 +/- 1.581e-06		2.6 +/- 0.0	2.6 +/- 0.0
5		4.234e-03 +/- 7.079e-07		11918	11918	0	417125	417125	0	1.210e-04 +/- 1.092e-06		2.9 +/- 0.0	2.9 +/- 0.0
6		2.977e-02 +/- 2.220e-06		312061	312061	0	2953451	2953451	0	3.146e-03 +/- 5.331e-06		10.6 +/- 0.0	10.6 +/- 0.0
7		1.283e-02 +/- 1.340e-06		138980	138980	0	1267038	1267038	0	1.407e-03 +/- 3.565e-06		11.0 +/- 0.0	11.0 +/- 0.0
-------------------------------------------------------------------------------------------------------------------------------------------------------------------------- 
Total		5.908e-02 +/- 2.998e-06		498827	498827	0	5816124	5816124	0	5.067e-03 +/- 6.864e-06		8.6 +/- 0.0	8.6 +/- 0.0
--------------------------------------------------------------------------------------------------------------------------------------------------------------------------
Before matching: total cross section = 5.908e-02 +- 2.998e-06 pb
After matching: total cross section = 5.067e-03 +- 6.864e-06 pb
Matching efficiency = 0.1 +/- 0.0   [TO BE USED IN MCM]
Filter efficiency (taking into account weights)= (29474.3) / (29474.3) = 1.000e+00 +- 0.000e+00
Filter efficiency (event-level)= (498831) / (498831) = 1.000e+00 +- 0.000e+00    [TO BE USED IN MCM]

After filter: final cross section = 5.067e-03 +- 6.864e-06 pb
After filter: final fraction of events with negative weights = 0.000e+00 +- 0.000e+00
After filter: final equivalent lumi for 1M events (1/fb) = 1.974e+05 +- 3.323e+02
