01-Feb-2025 18:00:54 CST  Closed file root://cmsxrootd.fnal.gov//store/mc/Run3Summer23BPixMiniAODv4/WtoLNu-4Jets_MLNu-0to120_HT-400to800_TuneCP5_13p6TeV_madgraphMLM-pythia8/MINIAODSIM/130X_mcRun3_2023_realistic_postBPix_v2-v3/30000/4f1e372d-b8f5-4880-9ab0-8665027611ee.root

------------------------------------
GenXsecAnalyzer:
------------------------------------
-------------------------------------------------------------------------------------------------------------------------------------------------------------------------- 
Overall cross-section summary 
--------------------------------------------------------------------------------------------------------------------------------------------------------------------------
Process		xsec_before [pb]		passed	nposw	nnegw	tried	nposw	nnegw 	xsec_match [pb]			accepted [%]	 event_eff [%]
0		1.465e+00 +/- 5.600e-04		2917	2917	0	23227	23227	0	1.840e-01 +/- 3.187e-03		12.6 +/- 0.2	12.6 +/- 0.2
1		7.793e-01 +/- 3.221e-04		1547	1547	0	12060	12060	0	9.995e-02 +/- 2.373e-03		12.8 +/- 0.3	12.8 +/- 0.3
2		2.916e+01 +/- 6.309e-03		48599	48599	0	457018	457018	0	3.101e+00 +/- 1.332e-02		10.6 +/- 0.0	10.6 +/- 0.0
3		1.722e+01 +/- 4.586e-03		31373	31373	0	274106	274106	0	1.971e+00 +/- 1.049e-02		11.4 +/- 0.1	11.4 +/- 0.1
4		1.154e+02 +/- 1.111e-02		117028	117028	0	1897579	1897579	0	7.120e+00 +/- 2.017e-02		6.2 +/- 0.0	6.2 +/- 0.0
5		6.785e+01 +/- 8.070e-03		75169	75169	0	1143531	1143531	0	4.460e+00 +/- 1.573e-02		6.6 +/- 0.0	6.6 +/- 0.0
6		2.501e+02 +/- 1.560e-02		453526	453526	0	4215078	4215078	0	2.691e+01 +/- 3.779e-02		10.8 +/- 0.0	10.8 +/- 0.0
7		1.451e+02 +/- 1.098e-02		270053	270053	0	2424913	2424913	0	1.616e+01 +/- 2.933e-02		11.1 +/- 0.0	11.1 +/- 0.0
-------------------------------------------------------------------------------------------------------------------------------------------------------------------------- 
Total		6.271e+02 +/- 2.477e-02		1000212	1000212	0	10447512	10447512	0	6.004e+01 +/- 5.714e-02		9.6 +/- 0.0	9.6 +/- 0.0
--------------------------------------------------------------------------------------------------------------------------------------------------------------------------
Before matching: total cross section = 6.271e+02 +- 2.477e-02 pb
After matching: total cross section = 6.004e+01 +- 5.714e-02 pb
Matching efficiency = 0.1 +/- 0.0   [TO BE USED IN MCM]
Filter efficiency (taking into account weights)= (6.27336e+08) / (6.27336e+08) = 1.000e+00 +- 0.000e+00
Filter efficiency (event-level)= (1.00021e+06) / (1.00021e+06) = 1.000e+00 +- 0.000e+00    [TO BE USED IN MCM]

After filter: final cross section = 6.004e+01 +- 5.714e-02 pb
After filter: final fraction of events with negative weights = 0.000e+00 +- 0.000e+00
After filter: final equivalent lumi for 1M events (1/fb) = 1.666e+01 +- 2.299e-02
