01-Feb-2025 17:52:32 CST  Closed file root://cmsxrootd.fnal.gov//store/mc/Run3Summer23BPixMiniAODv4/WtoLNu-4Jets_MLNu-0to120_HT-100to400_TuneCP5_13p6TeV_madgraphMLM-pythia8/MINIAODSIM/130X_mcRun3_2023_realistic_postBPix_v2-v3/30000/e8aa5115-49e0-4d93-8a9f-e969ccc918a4.root

------------------------------------
GenXsecAnalyzer:
------------------------------------
-------------------------------------------------------------------------------------------------------------------------------------------------------------------------- 
Overall cross-section summary 
--------------------------------------------------------------------------------------------------------------------------------------------------------------------------
Process		xsec_before [pb]		passed	nposw	nnegw	tried	nposw	nnegw 	xsec_match [pb]			accepted [%]	 event_eff [%]
0		2.871e+02 +/- 1.092e-01		52449	52449	0	171648	171648	0	8.773e+01 +/- 3.210e-01		30.6 +/- 0.1	30.6 +/- 0.1
1		1.967e+02 +/- 8.999e-02		36418	36418	0	117274	117274	0	6.108e+01 +/- 2.672e-01		31.1 +/- 0.1	31.1 +/- 0.1
2		1.592e+03 +/- 2.511e-01		210246	210246	0	945062	945062	0	3.542e+02 +/- 6.834e-01		22.2 +/- 0.0	22.2 +/- 0.0
3		1.103e+03 +/- 2.009e-01		152857	152857	0	659145	659145	0	2.557e+02 +/- 5.752e-01		23.2 +/- 0.1	23.2 +/- 0.1
4		2.991e+03 +/- 2.932e-01		193114	193114	0	1833187	1833187	0	3.150e+02 +/- 6.788e-01		10.5 +/- 0.0	10.5 +/- 0.0
5		2.046e+03 +/- 2.225e-01		140867	140867	0	1279527	1279527	0	2.253e+02 +/- 5.668e-01		11.0 +/- 0.0	11.0 +/- 0.0
6		3.050e+03 +/- 2.557e-01		127353	127353	0	1880744	1880744	0	2.065e+02 +/- 5.591e-01		6.8 +/- 0.0	6.8 +/- 0.0
7		2.047e+03 +/- 1.963e-01		86934	86934	0	1255173	1255173	0	1.418e+02 +/- 4.641e-01		6.9 +/- 0.0	6.9 +/- 0.0
-------------------------------------------------------------------------------------------------------------------------------------------------------------------------- 
Total		1.331e+04 +/- 6.023e-01		1000238	1000238	0	8141760	8141760	0	1.636e+03 +/- 1.533e+00		12.3 +/- 0.0	12.3 +/- 0.0
--------------------------------------------------------------------------------------------------------------------------------------------------------------------------
Before matching: total cross section = 1.331e+04 +- 6.023e-01 pb
After matching: total cross section = 1.636e+03 +- 1.533e+00 pb
Matching efficiency = 0.1 +/- 0.0   [TO BE USED IN MCM]
Filter efficiency (taking into account weights)= (1.33179e+10) / (1.33179e+10) = 1.000e+00 +- 0.000e+00
Filter efficiency (event-level)= (1.00024e+06) / (1.00024e+06) = 1.000e+00 +- 0.000e+00    [TO BE USED IN MCM]

After filter: final cross section = 1.636e+03 +- 1.533e+00 pb
After filter: final fraction of events with negative weights = 0.000e+00 +- 0.000e+00
After filter: final equivalent lumi for 1M events (1/fb) = 6.114e-01 +- 8.381e-04
