01-Feb-2025 18:04:48 CST  Closed file root://cmsxrootd.fnal.gov//store/mc/Run3Summer23BPixMiniAODv4/WtoLNu-4Jets_MLNu-0to120_HT-800to1500_TuneCP5_13p6TeV_madgraphMLM-pythia8/MINIAODSIM/130X_mcRun3_2023_realistic_postBPix_v6-v2/40000/3b8f3ce9-b88c-4909-94f3-2dd8eba6c56b.root

------------------------------------
GenXsecAnalyzer:
------------------------------------
-------------------------------------------------------------------------------------------------------------------------------------------------------------------------- 
Overall cross-section summary 
--------------------------------------------------------------------------------------------------------------------------------------------------------------------------
Process		xsec_before [pb]		passed	nposw	nnegw	tried	nposw	nnegw 	xsec_match [pb]			accepted [%]	 event_eff [%]
0		4.334e-02 +/- 1.757e-05		449	449	0	6667	6667	0	2.918e-03 +/- 1.330e-04		6.7 +/- 0.3	6.7 +/- 0.3
1		1.693e-02 +/- 1.114e-05		217	217	0	2939	2939	0	1.250e-03 +/- 8.170e-05		7.4 +/- 0.5	7.4 +/- 0.5
2		2.299e+00 +/- 5.028e-04		23353	23353	0	351398	351398	0	1.528e-01 +/- 9.666e-04		6.6 +/- 0.0	6.6 +/- 0.0
3		1.211e+00 +/- 3.388e-04		13619	13619	0	184752	184752	0	8.928e-02 +/- 7.367e-04		7.4 +/- 0.1	7.4 +/- 0.1
4		1.152e+01 +/- 1.062e-03		68027	68027	0	1809366	1809366	0	4.332e-01 +/- 1.630e-03		3.8 +/- 0.0	3.8 +/- 0.0
5		6.071e+00 +/- 7.116e-04		39745	39745	0	978947	978947	0	2.465e-01 +/- 1.211e-03		4.1 +/- 0.0	4.1 +/- 0.0
6		3.168e+01 +/- 1.776e-03		557628	557628	0	5123345	5123345	0	3.448e+00 +/- 4.363e-03		10.9 +/- 0.0	10.9 +/- 0.0
7		1.637e+01 +/- 1.187e-03		297432	297432	0	2634534	2634534	0	1.849e+00 +/- 3.195e-03		11.3 +/- 0.0	11.3 +/- 0.0
-------------------------------------------------------------------------------------------------------------------------------------------------------------------------- 
Total		6.922e+01 +/- 2.562e-03		1000470	1000470	0	11091948	11091948	0	6.243e+00 +/- 5.958e-03		9.0 +/- 0.0	9.0 +/- 0.0
--------------------------------------------------------------------------------------------------------------------------------------------------------------------------
Before matching: total cross section = 6.922e+01 +- 2.562e-03 pb
After matching: total cross section = 6.243e+00 +- 5.958e-03 pb
Matching efficiency = 0.1 +/- 0.0   [TO BE USED IN MCM]
Filter efficiency (taking into account weights)= (6.92603e+07) / (6.92603e+07) = 1.000e+00 +- 0.000e+00
Filter efficiency (event-level)= (1.00048e+06) / (1.00048e+06) = 1.000e+00 +- 0.000e+00    [TO BE USED IN MCM]

After filter: final cross section = 6.243e+00 +- 5.958e-03 pb
After filter: final fraction of events with negative weights = 0.000e+00 +- 0.000e+00
After filter: final equivalent lumi for 1M events (1/fb) = 1.602e+02 +- 2.214e-01
