01-Feb-2025 20:20:04 CST  Closed file root://cmsxrootd.fnal.gov//store/mc/Run3Summer23BPixMiniAODv4/ZZZ_TuneCP5_13p6TeV_amcatnlo-pythia8/MINIAODSIM/130X_mcRun3_2023_realistic_postBPix_v2-v2/50000/675c475a-f348-4d66-be66-15f3c0b8bb93.root

------------------------------------
GenXsecAnalyzer:
------------------------------------
-------------------------------------------------------------------------------------------------------------------------------------------------------------------------- 
Overall cross-section summary 
--------------------------------------------------------------------------------------------------------------------------------------------------------------------------
Process		xsec_before [pb]		passed	nposw	nnegw	tried	nposw	nnegw 	xsec_match [pb]			accepted [%]	 event_eff [%]
0		1.591e-02 +/- 7.828e-06		1000000	944711	55289	1000000	944711	55289	1.591e-02 +/- 7.828e-06		100.0 +/- 0.0	100.0 +/- 0.0
-------------------------------------------------------------------------------------------------------------------------------------------------------------------------- 
Total		1.591e-02 +/- 7.828e-06		1000000	944711	55289	1000000	944711	55289	1.591e-02 +/- 7.828e-06		100.0 +/- 0.0	100.0 +/- 0.0
--------------------------------------------------------------------------------------------------------------------------------------------------------------------------
Before matching: total cross section = 1.591e-02 +- 7.828e-06 pb
After matching: total cross section = 1.591e-02 +- 7.828e-06 pb
Matching efficiency = 1.0 +/- 0.0   [TO BE USED IN MCM]
Filter efficiency (taking into account weights)= (15940.8) / (15940.8) = 1.000e+00 +- 0.000e+00
Filter efficiency (event-level)= (1e+06) / (1e+06) = 1.000e+00 +- 0.000e+00    [TO BE USED IN MCM]

After filter: final cross section = 1.591e-02 +- 7.828e-06 pb
After filter: final fraction of events with negative weights = 5.529e-02 +- 3.067e-06
After filter: final equivalent lumi for 1M events (1/fb) = 4.973e+04 +- 4.930e+01
