18-Jan-2025 23:18:55 CST  Successfully opened file root://cmsxrootd.fnal.gov//store/mc/Run3Summer23MiniAODv4/DYto2L-4Jets_MLL-120_HT-40to70_TuneCP5_13p6TeV_madgraphMLM-pythia8/MINIAODSIM/130X_mcRun3_2023_realistic_v15-v2/130000/ef7a6233-ab0b-40a3-b3b5-549c93e5a467.root
      6.324121      0.067130     23.000890             0
     11.112930      0.062677     23.000890             1
      5.057657      0.030624     23.000890             2
      0.506179      0.005135     23.000890             3
 
18-Jan-2025 23:18:59 CST  Closed file root://cmsxrootd.fnal.gov//store/mc/Run3Summer23MiniAODv4/DYto2L-4Jets_MLL-120_HT-40to70_TuneCP5_13p6TeV_madgraphMLM-pythia8/MINIAODSIM/130X_mcRun3_2023_realistic_v15-v2/130000/ef7a6233-ab0b-40a3-b3b5-549c93e5a467.root

------------------------------------
GenXsecAnalyzer:
------------------------------------
-------------------------------------------------------------------------------------------------------------------------------------------------------------------------- 
Overall cross-section summary 
--------------------------------------------------------------------------------------------------------------------------------------------------------------------------
Process		xsec_before [pb]		passed	nposw	nnegw	tried	nposw	nnegw 	xsec_match [pb]			accepted [%]	 event_eff [%]
0		6.279e+00 +/- 1.169e-03		595392	595392	0	1380720	1380720	0	2.707e+00 +/- 2.694e-03		43.1 +/- 0.0	43.1 +/- 0.0
1		1.130e+01 +/- 1.137e-03		382499	382499	0	2460982	2460982	0	1.756e+00 +/- 2.615e-03		15.5 +/- 0.0	15.5 +/- 0.0
2		5.039e+00 +/- 5.236e-04		22091	22091	0	1108643	1108643	0	1.004e-01 +/- 6.689e-04		2.0 +/- 0.0	2.0 +/- 0.0
3		5.407e-01 +/- 1.062e-04		258	258	0	118633	118633	0	1.176e-03 +/- 7.314e-05		0.2 +/- 0.0	0.2 +/- 0.0
-------------------------------------------------------------------------------------------------------------------------------------------------------------------------- 
Total		2.315e+01 +/- 1.716e-03		1000240	1000240	0	5068978	5068978	0	4.569e+00 +/- 4.107e-03		19.7 +/- 0.0	19.7 +/- 0.0
--------------------------------------------------------------------------------------------------------------------------------------------------------------------------
Before matching: total cross section = 2.315e+01 +- 1.716e-03 pb
After matching: total cross section = 4.569e+00 +- 4.107e-03 pb
Matching efficiency = 0.2 +/- 0.0   [TO BE USED IN MCM]
Filter efficiency (taking into account weights)= (2.31623e+07) / (2.31623e+07) = 1.000e+00 +- 0.000e+00
Filter efficiency (event-level)= (1.00024e+06) / (1.00024e+06) = 1.000e+00 +- 0.000e+00    [TO BE USED IN MCM]

After filter: final cross section = 4.569e+00 +- 4.107e-03 pb
After filter: final fraction of events with negative weights = 0.000e+00 +- 0.000e+00
After filter: final equivalent lumi for 1M events (1/fb) = 2.189e+02 +- 2.943e-01
