19-Jan-2025 00:54:38 CST  Successfully opened file root://cmsxrootd.fnal.gov//store/mc/Run3Summer23MiniAODv4/DYto2L-4Jets_MLL-50to120_HT-100to400_TuneCP5_13p6TeV_madgraphMLM-pythia8/MINIAODSIM/130X_mcRun3_2023_realistic_v14-v3/2820000/e4742035-9f43-4a38-8dc9-89c9472f8d16.root
     60.846130      0.832553   1501.864000             0
    311.024200      2.516526   1501.864000             1
    564.466900      2.788906   1501.864000             2
    565.527100      2.304762   1501.864000             3
 
19-Jan-2025 00:54:54 CST  Closed file root://cmsxrootd.fnal.gov//store/mc/Run3Summer23MiniAODv4/DYto2L-4Jets_MLL-50to120_HT-100to400_TuneCP5_13p6TeV_madgraphMLM-pythia8/MINIAODSIM/130X_mcRun3_2023_realistic_v14-v3/2820000/e4742035-9f43-4a38-8dc9-89c9472f8d16.root

------------------------------------
GenXsecAnalyzer:
------------------------------------
-------------------------------------------------------------------------------------------------------------------------------------------------------------------------- 
Overall cross-section summary 
--------------------------------------------------------------------------------------------------------------------------------------------------------------------------
Process		xsec_before [pb]		passed	nposw	nnegw	tried	nposw	nnegw 	xsec_match [pb]			accepted [%]	 event_eff [%]
0		6.053e+01 +/- 1.278e-02		100417	100417	0	332212	332212	0	1.830e+01 +/- 4.838e-02		30.2 +/- 0.1	30.2 +/- 0.1
1		3.111e+02 +/- 3.798e-02		364245	364245	0	1689831	1689831	0	6.706e+01 +/- 9.875e-02		21.6 +/- 0.0	21.6 +/- 0.0
2		5.649e+02 +/- 4.192e-02		325846	325846	0	3165462	3165462	0	5.815e+01 +/- 9.658e-02		10.3 +/- 0.0	10.3 +/- 0.0
3		5.654e+02 +/- 3.549e-02		209554	209554	0	3171843	3171843	0	3.736e+01 +/- 7.890e-02		6.6 +/- 0.0	6.6 +/- 0.0
-------------------------------------------------------------------------------------------------------------------------------------------------------------------------- 
Total		1.502e+03 +/- 6.799e-02		1000062	1000062	0	8359348	8359348	0	1.797e+02 +/- 1.688e-01		12.0 +/- 0.0	12.0 +/- 0.0
--------------------------------------------------------------------------------------------------------------------------------------------------------------------------
Before matching: total cross section = 1.502e+03 +- 6.799e-02 pb
After matching: total cross section = 1.797e+02 +- 1.688e-01 pb
Matching efficiency = 0.1 +/- 0.0   [TO BE USED IN MCM]
Filter efficiency (taking into account weights)= (1.50218e+09) / (1.50218e+09) = 1.000e+00 +- 0.000e+00
Filter efficiency (event-level)= (1.00006e+06) / (1.00006e+06) = 1.000e+00 +- 0.000e+00    [TO BE USED IN MCM]

After filter: final cross section = 1.797e+02 +- 1.688e-01 pb
After filter: final fraction of events with negative weights = 0.000e+00 +- 0.000e+00
After filter: final equivalent lumi for 1M events (1/fb) = 5.565e+00 +- 7.636e-03
