18-Jan-2025 23:26:06 CST  Successfully opened file root://cmsxrootd.fnal.gov//store/mc/Run3Summer23MiniAODv4/DYto2L-4Jets_MLL-120_HT-70to100_TuneCP5_13p6TeV_madgraphMLM-pythia8/MINIAODSIM/130X_mcRun3_2023_realistic_v15-v2/2810000/c83d2ac8-12ac-4736-bb14-7f685250ad62.root
      1.930390      0.007398     14.587490             3
      4.995390      0.017309     14.587490             2
      5.500450      0.024265     14.587490             1
      2.134370      0.020235     14.587490             0
 
18-Jan-2025 23:26:11 CST  Closed file root://cmsxrootd.fnal.gov//store/mc/Run3Summer23MiniAODv4/DYto2L-4Jets_MLL-120_HT-70to100_TuneCP5_13p6TeV_madgraphMLM-pythia8/MINIAODSIM/130X_mcRun3_2023_realistic_v15-v2/2810000/c83d2ac8-12ac-4736-bb14-7f685250ad62.root

------------------------------------
GenXsecAnalyzer:
------------------------------------
-------------------------------------------------------------------------------------------------------------------------------------------------------------------------- 
Overall cross-section summary 
--------------------------------------------------------------------------------------------------------------------------------------------------------------------------
Process		xsec_before [pb]		passed	nposw	nnegw	tried	nposw	nnegw 	xsec_match [pb]			accepted [%]	 event_eff [%]
0		2.151e+00 +/- 4.539e-04		351818	351818	0	974324	974324	0	7.768e-01 +/- 1.060e-03		36.1 +/- 0.0	36.1 +/- 0.0
1		5.496e+00 +/- 5.294e-04		495505	495505	0	2471853	2471853	0	1.102e+00 +/- 1.403e-03		20.0 +/- 0.0	20.0 +/- 0.0
2		4.979e+00 +/- 3.851e-04		143261	143261	0	2305455	2305455	0	3.094e-01 +/- 7.920e-04		6.2 +/- 0.0	6.2 +/- 0.0
3		1.944e+00 +/- 1.753e-04		10182	10182	0	888100	888100	0	2.229e-02 +/- 2.197e-04		1.1 +/- 0.0	1.1 +/- 0.0
-------------------------------------------------------------------------------------------------------------------------------------------------------------------------- 
Total		1.457e+01 +/- 8.157e-04		1000766	1000766	0	6639732	6639732	0	2.196e+00 +/- 2.027e-03		15.1 +/- 0.0	15.1 +/- 0.0
--------------------------------------------------------------------------------------------------------------------------------------------------------------------------
Before matching: total cross section = 1.457e+01 +- 8.157e-04 pb
After matching: total cross section = 2.196e+00 +- 2.027e-03 pb
Matching efficiency = 0.2 +/- 0.0   [TO BE USED IN MCM]
Filter efficiency (taking into account weights)= (1.4582e+07) / (1.4582e+07) = 1.000e+00 +- 0.000e+00
Filter efficiency (event-level)= (1.00077e+06) / (1.00077e+06) = 1.000e+00 +- 0.000e+00    [TO BE USED IN MCM]

After filter: final cross section = 2.196e+00 +- 2.027e-03 pb
After filter: final fraction of events with negative weights = 0.000e+00 +- 0.000e+00
After filter: final equivalent lumi for 1M events (1/fb) = 4.554e+02 +- 6.197e-01
