01-Feb-2025 16:55:13 CST  Closed file root://cmsxrootd.fnal.gov//store/mc/Run3Summer23MiniAODv4/DYto2L-4Jets_MLL-50to120_HT-1500to2500_TuneCP5_13p6TeV_madgraphMLM-pythia8/MINIAODSIM/130X_mcRun3_2023_realistic_v15-v2/2560000/6720fe48-25be-4264-bf6f-fd748b5c4393.root

------------------------------------
GenXsecAnalyzer:
------------------------------------
-------------------------------------------------------------------------------------------------------------------------------------------------------------------------- 
Overall cross-section summary 
--------------------------------------------------------------------------------------------------------------------------------------------------------------------------
Process		xsec_before [pb]		passed	nposw	nnegw	tried	nposw	nnegw 	xsec_match [pb]			accepted [%]	 event_eff [%]
0		1.084e-04 +/- 8.624e-08		88	88	0	2100	2100	0	4.545e-06 +/- 4.742e-07		4.2 +/- 0.4	4.2 +/- 0.4
1		2.317e-02 +/- 4.002e-06		21131	21131	0	429861	429861	0	1.139e-03 +/- 7.643e-06		4.9 +/- 0.0	4.9 +/- 0.0
2		1.330e-01 +/- 1.076e-05		68326	68326	0	2602590	2602590	0	3.493e-03 +/- 1.319e-05		2.6 +/- 0.0	2.6 +/- 0.0
3		4.172e-01 +/- 1.919e-05		910612	910612	0	8302594	8302594	0	4.576e-02 +/- 4.529e-05		11.0 +/- 0.0	11.0 +/- 0.0
-------------------------------------------------------------------------------------------------------------------------------------------------------------------------- 
Total		5.735e-01 +/- 2.236e-05		1000157	1000157	0	11337145	11337145	0	5.059e-02 +/- 4.835e-05		8.8 +/- 0.0	8.8 +/- 0.0
--------------------------------------------------------------------------------------------------------------------------------------------------------------------------
Before matching: total cross section = 5.735e-01 +- 2.236e-05 pb
After matching: total cross section = 5.059e-02 +- 4.835e-05 pb
Matching efficiency = 0.1 +/- 0.0   [TO BE USED IN MCM]
Filter efficiency (taking into account weights)= (573616) / (573616) = 1.000e+00 +- 0.000e+00
Filter efficiency (event-level)= (1.00016e+06) / (1.00016e+06) = 1.000e+00 +- 0.000e+00    [TO BE USED IN MCM]

After filter: final cross section = 5.059e-02 +- 4.835e-05 pb
After filter: final fraction of events with negative weights = 0.000e+00 +- 0.000e+00
After filter: final equivalent lumi for 1M events (1/fb) = 1.977e+04 +- 2.734e+01
