19-Jan-2025 01:09:24 CST  Successfully opened file root://cmsxrootd.fnal.gov//store/mc/Run3Summer23MiniAODv4/DYto2L-4Jets_MLL-50to120_HT-800to1500_TuneCP5_13p6TeV_madgraphMLM-pythia8/MINIAODSIM/130X_mcRun3_2023_realistic_v15-v2/2820000/897f8319-3c70-40cd-8534-746bddaa6a96.root
      0.020502      0.000625      7.848969             0
      0.372201      0.008438      7.848969             1
      2.069998      0.032396      7.848969             2
      5.386269      0.043539      7.848969             3
 
19-Jan-2025 01:09:30 CST  Closed file root://cmsxrootd.fnal.gov//store/mc/Run3Summer23MiniAODv4/DYto2L-4Jets_MLL-50to120_HT-800to1500_TuneCP5_13p6TeV_madgraphMLM-pythia8/MINIAODSIM/130X_mcRun3_2023_realistic_v15-v2/2820000/897f8319-3c70-40cd-8534-746bddaa6a96.root

------------------------------------
GenXsecAnalyzer:
------------------------------------
-------------------------------------------------------------------------------------------------------------------------------------------------------------------------- 
Overall cross-section summary 
--------------------------------------------------------------------------------------------------------------------------------------------------------------------------
Process		xsec_before [pb]		passed	nposw	nnegw	tried	nposw	nnegw 	xsec_match [pb]			accepted [%]	 event_eff [%]
0		7.846e-03 +/- 2.281e-06		803	803	0	10879	10879	0	5.791e-04 +/- 1.967e-05		7.4 +/- 0.3	7.4 +/- 0.3
1		4.008e-01 +/- 6.815e-05		37019	37019	0	543759	543759	0	2.728e-02 +/- 1.370e-04		6.8 +/- 0.0	6.8 +/- 0.0
2		2.004e+00 +/- 1.534e-04		107705	107705	0	2831252	2831252	0	7.622e-02 +/- 2.279e-04		3.8 +/- 0.0	3.8 +/- 0.0
3		5.462e+00 +/- 2.493e-04		854947	854947	0	7857424	7857424	0	5.943e-01 +/- 6.074e-04		10.9 +/- 0.0	10.9 +/- 0.0
-------------------------------------------------------------------------------------------------------------------------------------------------------------------------- 
Total		7.875e+00 +/- 3.005e-04		1000474	1000474	0	11243314	11243314	0	7.007e-01 +/- 6.692e-04		8.9 +/- 0.0	8.9 +/- 0.0
--------------------------------------------------------------------------------------------------------------------------------------------------------------------------
Before matching: total cross section = 7.875e+00 +- 3.005e-04 pb
After matching: total cross section = 7.007e-01 +- 6.692e-04 pb
Matching efficiency = 0.1 +/- 0.0   [TO BE USED IN MCM]
Filter efficiency (taking into account weights)= (7.87855e+06) / (7.87855e+06) = 1.000e+00 +- 0.000e+00
Filter efficiency (event-level)= (1.00047e+06) / (1.00047e+06) = 1.000e+00 +- 0.000e+00    [TO BE USED IN MCM]

After filter: final cross section = 7.007e-01 +- 6.692e-04 pb
After filter: final fraction of events with negative weights = 0.000e+00 +- 0.000e+00
After filter: final equivalent lumi for 1M events (1/fb) = 1.427e+03 +- 1.973e+00
