01-Feb-2025 17:11:08 CST  Closed file root://cmsxrootd.fnal.gov//store/mc/Run3Summer23MiniAODv4/DYto2L-4Jets_MLL-50to120_HT-40to70_TuneCP5_13p6TeV_madgraphMLM-pythia8/MINIAODSIM/130X_mcRun3_2023_realistic_v14-v3/2810000/57e8d2b4-0b94-4b94-9450-5a75fea92f24.root

------------------------------------
GenXsecAnalyzer:
------------------------------------
-------------------------------------------------------------------------------------------------------------------------------------------------------------------------- 
Overall cross-section summary 
--------------------------------------------------------------------------------------------------------------------------------------------------------------------------
Process		xsec_before [pb]		passed	nposw	nnegw	tried	nposw	nnegw 	xsec_match [pb]			accepted [%]	 event_eff [%]
0		3.623e+02 +/- 4.854e-02		548532	548532	0	1150368	1150368	0	1.727e+02 +/- 1.703e-01		47.7 +/- 0.0	47.7 +/- 0.0
1		7.540e+02 +/- 6.562e-02		427168	427168	0	2372334	2372334	0	1.358e+02 +/- 1.885e-01		18.0 +/- 0.0	18.0 +/- 0.0
2		3.612e+02 +/- 2.929e-02		25116	25116	0	1146239	1146239	0	7.915e+00 +/- 4.940e-02		2.2 +/- 0.0	2.2 +/- 0.0
3		4.108e+01 +/- 5.497e-03		249	249	0	130179	130179	0	7.858e-02 +/- 4.975e-03		0.2 +/- 0.0	0.2 +/- 0.0
-------------------------------------------------------------------------------------------------------------------------------------------------------------------------- 
Total		1.519e+03 +/- 8.689e-02		1001065	1001065	0	4799120	4799120	0	3.168e+02 +/- 2.822e-01		20.9 +/- 0.0	20.9 +/- 0.0
--------------------------------------------------------------------------------------------------------------------------------------------------------------------------
Before matching: total cross section = 1.519e+03 +- 8.689e-02 pb
After matching: total cross section = 3.168e+02 +- 2.822e-01 pb
Matching efficiency = 0.2 +/- 0.0   [TO BE USED IN MCM]
Filter efficiency (taking into account weights)= (1.52026e+09) / (1.52026e+09) = 1.000e+00 +- 0.000e+00
Filter efficiency (event-level)= (1.00106e+06) / (1.00106e+06) = 1.000e+00 +- 0.000e+00    [TO BE USED IN MCM]

After filter: final cross section = 3.168e+02 +- 2.822e-01 pb
After filter: final fraction of events with negative weights = 0.000e+00 +- 0.000e+00
After filter: final equivalent lumi for 1M events (1/fb) = 3.157e+00 +- 4.228e-03
