19-Jan-2025 00:12:55 CST  Successfully opened file root://cmsxrootd.fnal.gov//store/mc/Run3Summer23MiniAODv4/DYto2L-4Jets_MLL-120_HT-2500_TuneCP5_13p6TeV_madgraphMLM-pythia8/MINIAODSIM/130X_mcRun3_2023_realistic_v15-v2/2810000/d5ea46c9-c34a-40f4-8bd3-8e12f0ed1c89.root
      0.000000      0.000000      0.001387             0
      0.000049      0.000001      0.001387             1
      0.000309      0.000002      0.001387             2
      0.001030      0.000004      0.001387             3
 
19-Jan-2025 00:12:58 CST  Closed file root://cmsxrootd.fnal.gov//store/mc/Run3Summer23MiniAODv4/DYto2L-4Jets_MLL-120_HT-2500_TuneCP5_13p6TeV_madgraphMLM-pythia8/MINIAODSIM/130X_mcRun3_2023_realistic_v15-v2/2810000/d5ea46c9-c34a-40f4-8bd3-8e12f0ed1c89.root

------------------------------------
GenXsecAnalyzer:
------------------------------------
-------------------------------------------------------------------------------------------------------------------------------------------------------------------------- 
Overall cross-section summary 
--------------------------------------------------------------------------------------------------------------------------------------------------------------------------
Process		xsec_before [pb]		passed	nposw	nnegw	tried	nposw	nnegw 	xsec_match [pb]			accepted [%]	 event_eff [%]
0		2.166e-07 +/- 3.078e-10		41	41	0	1047	1047	0	8.480e-09 +/- 1.298e-09		3.9 +/- 0.6	3.9 +/- 0.6
1		4.915e-05 +/- 8.562e-09		15519	15519	0	378859	378859	0	2.013e-06 +/- 1.583e-08		4.1 +/- 0.0	4.1 +/- 0.0
2		3.082e-04 +/- 2.268e-08		53052	53052	0	2442415	2442415	0	6.694e-06 +/- 2.875e-08		2.2 +/- 0.0	2.2 +/- 0.0
3		1.034e-03 +/- 4.677e-08		931866	931866	0	8360563	8360563	0	1.153e-04 +/- 1.127e-07		11.1 +/- 0.0	11.1 +/- 0.0
-------------------------------------------------------------------------------------------------------------------------------------------------------------------------- 
Total		1.392e-03 +/- 5.268e-08		1000478	1000478	0	11182884	11182884	0	1.245e-04 +/- 1.189e-07		8.9 +/- 0.0	8.9 +/- 0.0
--------------------------------------------------------------------------------------------------------------------------------------------------------------------------
Before matching: total cross section = 1.392e-03 +- 5.268e-08 pb
After matching: total cross section = 1.245e-04 +- 1.189e-07 pb
Matching efficiency = 0.1 +/- 0.0   [TO BE USED IN MCM]
Filter efficiency (taking into account weights)= (1392.66) / (1392.66) = 1.000e+00 +- 0.000e+00
Filter efficiency (event-level)= (1.00048e+06) / (1.00048e+06) = 1.000e+00 +- 0.000e+00    [TO BE USED IN MCM]

After filter: final cross section = 1.245e-04 +- 1.189e-07 pb
After filter: final fraction of events with negative weights = 0.000e+00 +- 0.000e+00
After filter: final equivalent lumi for 1M events (1/fb) = 8.030e+06 +- 1.110e+04
