01-Feb-2025 16:35:04 CST  Closed file root://cmsxrootd.fnal.gov//store/mc/Run3Summer23MiniAODv4/DYto2L-4Jets_MLL-120_HT-400to800_TuneCP5_13p6TeV_madgraphMLM-pythia8/MINIAODSIM/130X_mcRun3_2023_realistic_v15-v2/2820000/5a26adc1-34d0-42e9-980c-27de7c688633.root

------------------------------------
GenXsecAnalyzer:
------------------------------------
-------------------------------------------------------------------------------------------------------------------------------------------------------------------------- 
Overall cross-section summary 
--------------------------------------------------------------------------------------------------------------------------------------------------------------------------
Process		xsec_before [pb]		passed	nposw	nnegw	tried	nposw	nnegw 	xsec_match [pb]			accepted [%]	 event_eff [%]
0		2.284e-02 +/- 5.036e-06		15178	15178	0	125348	125348	0	2.766e-03 +/- 2.106e-05		12.1 +/- 0.1	12.1 +/- 0.1
1		1.973e-01 +/- 2.477e-05		103071	103071	0	1081575	1081575	0	1.880e-02 +/- 5.575e-05		9.5 +/- 0.0	9.5 +/- 0.0
2		6.405e-01 +/- 4.012e-05		207647	207647	0	3641623	3641623	0	3.652e-02 +/- 7.786e-05		5.7 +/- 0.0	5.7 +/- 0.0
3		1.243e+00 +/- 5.388e-05		674223	674223	0	7127887	7127887	0	1.176e-01 +/- 1.364e-04		9.5 +/- 0.0	9.5 +/- 0.0
-------------------------------------------------------------------------------------------------------------------------------------------------------------------------- 
Total		2.104e+00 +/- 7.177e-05		1000119	1000119	0	11976433	11976433	0	1.757e-01 +/- 1.683e-04		8.4 +/- 0.0	8.4 +/- 0.0
--------------------------------------------------------------------------------------------------------------------------------------------------------------------------
Before matching: total cross section = 2.104e+00 +- 7.177e-05 pb
After matching: total cross section = 1.757e-01 +- 1.683e-04 pb
Matching efficiency = 0.1 +/- 0.0   [TO BE USED IN MCM]
Filter efficiency (taking into account weights)= (2.10448e+06) / (2.10448e+06) = 1.000e+00 +- 0.000e+00
Filter efficiency (event-level)= (1.00012e+06) / (1.00012e+06) = 1.000e+00 +- 0.000e+00    [TO BE USED IN MCM]

After filter: final cross section = 1.757e-01 +- 1.683e-04 pb
After filter: final fraction of events with negative weights = 0.000e+00 +- 0.000e+00
After filter: final equivalent lumi for 1M events (1/fb) = 5.691e+03 +- 7.881e+00
[2025-02-01 16:35:05.493037 -0600][Error  ][AsyncSock         ] [red-xfer4.unl.edu:1094.0] Socket error encountered: [ERROR] Invalid operation
[2025-02-01 16:35:05.493067 -0600][Error  ][AsyncSock         ] [red-xfer1.unl.edu:1094.0] Socket error encountered: [ERROR] Invalid operation
[2025-02-01 16:35:05.493348 -0600][Error  ][XRootD            ] [red-xfer1.unl.edu:1094] Impossible to send message kXR_close (handle: 0x00000000). Trying to recover.
[2025-02-01 16:35:05.493362 -0600][Error  ][XRootD            ] [red-xfer1.unl.edu:1094] Unable to get the response to request kXR_close (handle: 0x00000000)
[2025-02-01 16:35:05.493628 -0600][Error  ][XRootD            ] [red-xfer4.unl.edu:1094] Impossible to send message kXR_close (handle: 0x00000000). Trying to recover.
[2025-02-01 16:35:05.493649 -0600][Error  ][XRootD            ] [red-xfer4.unl.edu:1094] Unable to get the response to request kXR_close (handle: 0x00000000)
