01-Feb-2025 16:25:51 CST  Closed file root://cmsxrootd.fnal.gov//store/mc/Run3Summer23MiniAODv4/DYto2L-4Jets_MLL-120_HT-1500to2500_TuneCP5_13p6TeV_madgraphMLM-pythia8/MINIAODSIM/130X_mcRun3_2023_realistic_v15-v2/130000/2e6c1610-1219-45a4-90f0-aa0e9891b729.root

------------------------------------
GenXsecAnalyzer:
------------------------------------
-------------------------------------------------------------------------------------------------------------------------------------------------------------------------- 
Overall cross-section summary 
--------------------------------------------------------------------------------------------------------------------------------------------------------------------------
Process		xsec_before [pb]		passed	nposw	nnegw	tried	nposw	nnegw 	xsec_match [pb]			accepted [%]	 event_eff [%]
0		1.434e-05 +/- 4.752e-09		395	395	0	8556	8556	0	6.623e-07 +/- 3.255e-08		4.6 +/- 0.2	4.6 +/- 0.2
1		8.402e-04 +/- 1.291e-07		22535	22535	0	469132	469132	0	4.036e-05 +/- 2.624e-07		4.8 +/- 0.0	4.8 +/- 0.0
2		4.679e-03 +/- 3.286e-07		71178	71178	0	2757293	2757293	0	1.208e-04 +/- 4.469e-07		2.6 +/- 0.0	2.6 +/- 0.0
3		1.434e-02 +/- 6.289e-07		906218	906218	0	8564900	8564900	0	1.517e-03 +/- 1.509e-06		10.6 +/- 0.0	10.6 +/- 0.0
-------------------------------------------------------------------------------------------------------------------------------------------------------------------------- 
Total		1.987e-02 +/- 7.212e-07		1000326	1000326	0	11799881	11799881	0	1.685e-03 +/- 1.613e-06		8.5 +/- 0.0	8.5 +/- 0.0
--------------------------------------------------------------------------------------------------------------------------------------------------------------------------
Before matching: total cross section = 1.987e-02 +- 7.212e-07 pb
After matching: total cross section = 1.685e-03 +- 1.613e-06 pb
Matching efficiency = 0.1 +/- 0.0   [TO BE USED IN MCM]
Filter efficiency (taking into account weights)= (19882.9) / (19882.9) = 1.000e+00 +- 0.000e+00
Filter efficiency (event-level)= (1.00033e+06) / (1.00033e+06) = 1.000e+00 +- 0.000e+00    [TO BE USED IN MCM]

After filter: final cross section = 1.685e-03 +- 1.613e-06 pb
After filter: final fraction of events with negative weights = 0.000e+00 +- 0.000e+00
After filter: final equivalent lumi for 1M events (1/fb) = 5.935e+05 +- 8.216e+02
