19-Jan-2025 00:38:21 CST  Successfully opened file root://cmsxrootd.fnal.gov//store/mc/Run3Summer23MiniAODv4/DYto2L-4Jets_MLL-50to120_HT-70to100_TuneCP5_13p6TeV_madgraphMLM-pythia8/MINIAODSIM/130X_mcRun3_2023_realistic_v14-v2/40000/484ba01e-5ffe-475e-8d47-093ae80c0211.root
    140.472000      0.563263    888.249900             3
    326.269000      1.194040    888.249900             2
    317.360000      1.604320    888.249900             1
     98.246500      1.014410    888.249900             0
 
19-Jan-2025 00:38:21 CST  Closed file root://cmsxrootd.fnal.gov//store/mc/Run3Summer23MiniAODv4/DYto2L-4Jets_MLL-50to120_HT-70to100_TuneCP5_13p6TeV_madgraphMLM-pythia8/MINIAODSIM/130X_mcRun3_2023_realistic_v14-v2/40000/484ba01e-5ffe-475e-8d47-093ae80c0211.root

------------------------------------
GenXsecAnalyzer:
------------------------------------
-------------------------------------------------------------------------------------------------------------------------------------------------------------------------- 
Overall cross-section summary 
--------------------------------------------------------------------------------------------------------------------------------------------------------------------------
Process		xsec_before [pb]		passed	nposw	nnegw	tried	nposw	nnegw 	xsec_match [pb]			accepted [%]	 event_eff [%]
0		9.879e+01 +/- 2.280e-02		277415	277415	0	708545	708545	0	3.868e+01 +/- 5.797e-02		39.2 +/- 0.1	39.2 +/- 0.1
1		3.186e+02 +/- 3.850e-02		539661	539661	0	2260518	2260518	0	7.605e+01 +/- 9.079e-02		23.9 +/- 0.0	23.9 +/- 0.0
2		3.272e+02 +/- 2.826e-02		170500	170500	0	2343611	2343611	0	2.380e+01 +/- 5.555e-02		7.3 +/- 0.0	7.3 +/- 0.0
3		1.384e+02 +/- 1.254e-02		13044	13044	0	990341	990341	0	1.823e+00 +/- 1.586e-02		1.3 +/- 0.0	1.3 +/- 0.0
-------------------------------------------------------------------------------------------------------------------------------------------------------------------------- 
Total		8.830e+02 +/- 5.439e-02		1000620	1000620	0	6303015	6303015	0	1.402e+02 +/- 1.288e-01		15.9 +/- 0.0	15.9 +/- 0.0
--------------------------------------------------------------------------------------------------------------------------------------------------------------------------
Before matching: total cross section = 8.830e+02 +- 5.439e-02 pb
After matching: total cross section = 1.402e+02 +- 1.288e-01 pb
Matching efficiency = 0.2 +/- 0.0   [TO BE USED IN MCM]
Filter efficiency (taking into account weights)= (8.83565e+08) / (8.83565e+08) = 1.000e+00 +- 0.000e+00
Filter efficiency (event-level)= (1.00062e+06) / (1.00062e+06) = 1.000e+00 +- 0.000e+00    [TO BE USED IN MCM]

After filter: final cross section = 1.402e+02 +- 1.288e-01 pb
After filter: final fraction of events with negative weights = 0.000e+00 +- 0.000e+00
After filter: final equivalent lumi for 1M events (1/fb) = 7.134e+00 +- 9.689e-03
