01-Feb-2025 18:18:05 CST  Closed file root://cmsxrootd.fnal.gov//store/mc/Run3Summer23MiniAODv4/WtoLNu-4Jets_MLNu-0to120_HT-400to800_TuneCP5_13p6TeV_madgraphMLM-pythia8/MINIAODSIM/130X_mcRun3_2023_realistic_v14-v2/2820000/388c069a-169f-45d9-8972-4c1adeb3462c.root

------------------------------------
GenXsecAnalyzer:
------------------------------------
-------------------------------------------------------------------------------------------------------------------------------------------------------------------------- 
Overall cross-section summary 
--------------------------------------------------------------------------------------------------------------------------------------------------------------------------
Process		xsec_before [pb]		passed	nposw	nnegw	tried	nposw	nnegw 	xsec_match [pb]			accepted [%]	 event_eff [%]
0		1.464e+00 +/- 5.528e-04		2958	2958	0	23206	23206	0	1.866e-01 +/- 3.206e-03		12.7 +/- 0.2	12.7 +/- 0.2
1		7.746e-01 +/- 3.169e-04		1499	1499	0	12434	12434	0	9.338e-02 +/- 2.262e-03		12.1 +/- 0.3	12.1 +/- 0.3
2		2.916e+01 +/- 6.243e-03		48820	48820	0	458364	458364	0	3.105e+00 +/- 1.330e-02		10.7 +/- 0.0	10.7 +/- 0.0
3		1.722e+01 +/- 4.540e-03		31290	31290	0	273867	273867	0	1.967e+00 +/- 1.048e-02		11.4 +/- 0.1	11.4 +/- 0.1
4		1.155e+02 +/- 1.102e-02		117084	117084	0	1899445	1899445	0	7.119e+00 +/- 2.017e-02		6.2 +/- 0.0	6.2 +/- 0.0
5		6.783e+01 +/- 8.005e-03		75243	75243	0	1143537	1143537	0	4.463e+00 +/- 1.573e-02		6.6 +/- 0.0	6.6 +/- 0.0
6		2.501e+02 +/- 1.546e-02		454044	454044	0	4218060	4218060	0	2.692e+01 +/- 3.778e-02		10.8 +/- 0.0	10.8 +/- 0.0
7		1.451e+02 +/- 1.089e-02		269398	269398	0	2426147	2426147	0	1.611e+01 +/- 2.929e-02		11.1 +/- 0.0	11.1 +/- 0.0
-------------------------------------------------------------------------------------------------------------------------------------------------------------------------- 
Total		6.272e+02 +/- 2.456e-02		1000336	1000336	0	10455060	10455060	0	6.001e+01 +/- 5.710e-02		9.6 +/- 0.0	9.6 +/- 0.0
--------------------------------------------------------------------------------------------------------------------------------------------------------------------------
Before matching: total cross section = 6.272e+02 +- 2.456e-02 pb
After matching: total cross section = 6.001e+01 +- 5.710e-02 pb
Matching efficiency = 0.1 +/- 0.0   [TO BE USED IN MCM]
Filter efficiency (taking into account weights)= (6.27445e+08) / (6.27445e+08) = 1.000e+00 +- 0.000e+00
Filter efficiency (event-level)= (1.00034e+06) / (1.00034e+06) = 1.000e+00 +- 0.000e+00    [TO BE USED IN MCM]

After filter: final cross section = 6.001e+01 +- 5.710e-02 pb
After filter: final fraction of events with negative weights = 0.000e+00 +- 0.000e+00
After filter: final equivalent lumi for 1M events (1/fb) = 1.667e+01 +- 2.300e-02
