01-Feb-2025 18:29:31 CST  Closed file root://cmsxrootd.fnal.gov//store/mc/Run3Summer23MiniAODv4/WtoLNu-4Jets_MLNu-120_HT-100to400_TuneCP5_13p6TeV_madgraphMLM-pythia8/MINIAODSIM/130X_mcRun3_2023_realistic_v15-v3/50000/8b48dc79-4b0c-4996-837a-d2d6642b5542.root

------------------------------------
GenXsecAnalyzer:
------------------------------------
-------------------------------------------------------------------------------------------------------------------------------------------------------------------------- 
Overall cross-section summary 
--------------------------------------------------------------------------------------------------------------------------------------------------------------------------
Process		xsec_before [pb]		passed	nposw	nnegw	tried	nposw	nnegw 	xsec_match [pb]			accepted [%]	 event_eff [%]
0		3.486e+00 +/- 1.097e-03		92792	92792	0	335300	335300	0	9.648e-01 +/- 2.711e-03		27.7 +/- 0.1	27.7 +/- 0.1
1		2.255e+00 +/- 8.064e-04		61480	61480	0	217481	217481	0	6.376e-01 +/- 2.190e-03		28.3 +/- 0.1	28.3 +/- 0.1
2		1.300e+01 +/- 1.667e-03		220831	220831	0	1239902	1239902	0	2.315e+00 +/- 4.476e-03		17.8 +/- 0.0	17.8 +/- 0.0
3		8.491e+00 +/- 1.391e-03		151074	151074	0	817990	817990	0	1.568e+00 +/- 3.652e-03		18.5 +/- 0.0	18.5 +/- 0.0
4		2.042e+01 +/- 1.870e-03		173036	173036	0	2019517	2019517	0	1.750e+00 +/- 4.025e-03		8.6 +/- 0.0	8.6 +/- 0.0
5		1.329e+01 +/- 1.427e-03		119632	119632	0	1339312	1339312	0	1.187e+00 +/- 3.278e-03		8.9 +/- 0.0	8.9 +/- 0.0
6		1.908e+01 +/- 1.578e-03		110201	110201	0	1895687	1895687	0	1.109e+00 +/- 3.244e-03		5.8 +/- 0.0	5.8 +/- 0.0
7		1.222e+01 +/- 1.201e-03		71843	71843	0	1207525	1207525	0	7.271e-01 +/- 2.632e-03		5.9 +/- 0.0	5.9 +/- 0.0
-------------------------------------------------------------------------------------------------------------------------------------------------------------------------- 
Total		9.224e+01 +/- 4.004e-03		1000889	1000889	0	9072714	9072714	0	1.018e+01 +/- 9.604e-03		11.0 +/- 0.0	11.0 +/- 0.0
--------------------------------------------------------------------------------------------------------------------------------------------------------------------------
Before matching: total cross section = 9.224e+01 +- 4.004e-03 pb
After matching: total cross section = 1.018e+01 +- 9.604e-03 pb
Matching efficiency = 0.1 +/- 0.0   [TO BE USED IN MCM]
Filter efficiency (taking into account weights)= (9.23323e+07) / (9.23323e+07) = 1.000e+00 +- 0.000e+00
Filter efficiency (event-level)= (1.00089e+06) / (1.00089e+06) = 1.000e+00 +- 0.000e+00    [TO BE USED IN MCM]

After filter: final cross section = 1.018e+01 +- 9.604e-03 pb
After filter: final fraction of events with negative weights = 0.000e+00 +- 0.000e+00
After filter: final equivalent lumi for 1M events (1/fb) = 9.827e+01 +- 1.351e-01
