01-Feb-2025 18:47:47 CST  Closed file root://cmsxrootd.fnal.gov//store/mc/Run3Summer23MiniAODv4/WtoLNu-4Jets_MLNu-120_HT-400to800_TuneCP5_13p6TeV_madgraphMLM-pythia8/MINIAODSIM/130X_mcRun3_2023_realistic_v15-v3/28310000/5e147cea-3d87-437b-9276-f0da30d4e078.root

------------------------------------
GenXsecAnalyzer:
------------------------------------
-------------------------------------------------------------------------------------------------------------------------------------------------------------------------- 
Overall cross-section summary 
--------------------------------------------------------------------------------------------------------------------------------------------------------------------------
Process		xsec_before [pb]		passed	nposw	nnegw	tried	nposw	nnegw 	xsec_match [pb]			accepted [%]	 event_eff [%]
0		4.326e-02 +/- 1.409e-05		9500	9500	0	79234	79234	0	5.187e-03 +/- 4.995e-05		12.0 +/- 0.1	12.0 +/- 0.1
1		2.218e-02 +/- 7.949e-06		5138	5138	0	40716	40716	0	2.799e-03 +/- 3.652e-05		12.6 +/- 0.2	12.6 +/- 0.2
2		3.728e-01 +/- 5.769e-05		64538	64538	0	677795	677795	0	3.550e-02 +/- 1.330e-04		9.5 +/- 0.0	9.5 +/- 0.0
3		2.059e-01 +/- 4.281e-05		38240	38240	0	377024	377024	0	2.088e-02 +/- 1.013e-04		10.1 +/- 0.0	10.1 +/- 0.0
4		1.214e+00 +/- 1.016e-04		129939	129939	0	2284641	2284641	0	6.906e-02 +/- 1.861e-04		5.7 +/- 0.0	5.7 +/- 0.0
5		6.765e-01 +/- 6.936e-05		78911	78911	0	1301264	1301264	0	4.102e-02 +/- 1.416e-04		6.1 +/- 0.0	6.1 +/- 0.0
6		2.356e+00 +/- 1.336e-04		428134	428134	0	4522411	4522411	0	2.231e-01 +/- 3.246e-04		9.5 +/- 0.0	9.5 +/- 0.0
7		1.314e+00 +/- 9.239e-05		246615	246615	0	2504153	2504153	0	1.294e-01 +/- 2.476e-04		9.8 +/- 0.0	9.8 +/- 0.0
-------------------------------------------------------------------------------------------------------------------------------------------------------------------------- 
Total		6.205e+00 +/- 2.167e-04		1001015	1001015	0	11787238	11787238	0	5.270e-01 +/- 5.042e-04		8.5 +/- 0.0	8.5 +/- 0.0
--------------------------------------------------------------------------------------------------------------------------------------------------------------------------
Before matching: total cross section = 6.205e+00 +- 2.167e-04 pb
After matching: total cross section = 5.270e-01 +- 5.042e-04 pb
Matching efficiency = 0.1 +/- 0.0   [TO BE USED IN MCM]
Filter efficiency (taking into account weights)= (6.21224e+06) / (6.21224e+06) = 1.000e+00 +- 0.000e+00
Filter efficiency (event-level)= (1.00102e+06) / (1.00102e+06) = 1.000e+00 +- 0.000e+00    [TO BE USED IN MCM]

After filter: final cross section = 5.270e-01 +- 5.042e-04 pb
After filter: final fraction of events with negative weights = 0.000e+00 +- 0.000e+00
After filter: final equivalent lumi for 1M events (1/fb) = 1.898e+03 +- 2.626e+00
