01-Feb-2025 18:25:09 CST  Closed file root://cmsxrootd.fnal.gov//store/mc/Run3Summer23MiniAODv4/WtoLNu-4Jets_MLNu-0to120_HT-800to1500_TuneCP5_13p6TeV_madgraphMLM-pythia8/MINIAODSIM/130X_mcRun3_2023_realistic_v15-v5/2520000/f247ff5d-97f1-4878-aa7c-579199a8f1e3.root

------------------------------------
GenXsecAnalyzer:
------------------------------------
-------------------------------------------------------------------------------------------------------------------------------------------------------------------------- 
Overall cross-section summary 
--------------------------------------------------------------------------------------------------------------------------------------------------------------------------
Process		xsec_before [pb]		passed	nposw	nnegw	tried	nposw	nnegw 	xsec_match [pb]			accepted [%]	 event_eff [%]
0		4.354e-02 +/- 1.781e-05		499	499	0	6711	6711	0	3.237e-03 +/- 1.394e-04		7.4 +/- 0.3	7.4 +/- 0.3
1		1.714e-02 +/- 1.125e-05		217	217	0	2949	2949	0	1.262e-03 +/- 8.243e-05		7.4 +/- 0.5	7.4 +/- 0.5
2		2.296e+00 +/- 5.093e-04		23488	23488	0	350765	350765	0	1.537e-01 +/- 9.695e-04		6.7 +/- 0.0	6.7 +/- 0.0
3		1.213e+00 +/- 3.459e-04		13490	13490	0	184473	184473	0	8.869e-02 +/- 7.356e-04		7.3 +/- 0.1	7.3 +/- 0.1
4		1.152e+01 +/- 1.062e-03		68185	68185	0	1810830	1810830	0	4.339e-01 +/- 1.631e-03		3.8 +/- 0.0	3.8 +/- 0.0
5		6.069e+00 +/- 7.139e-04		39751	39751	0	981525	981525	0	2.458e-01 +/- 1.208e-03		4.0 +/- 0.0	4.0 +/- 0.0
6		3.167e+01 +/- 1.788e-03		557941	557941	0	5124727	5124727	0	3.448e+00 +/- 4.362e-03		10.9 +/- 0.0	10.9 +/- 0.0
7		1.636e+01 +/- 1.195e-03		297127	297127	0	2635247	2635247	0	1.845e+00 +/- 3.191e-03		11.3 +/- 0.0	11.3 +/- 0.0
-------------------------------------------------------------------------------------------------------------------------------------------------------------------------- 
Total		6.919e+01 +/- 2.577e-03		1000698	1000698	0	11097227	11097227	0	6.240e+00 +/- 5.954e-03		9.0 +/- 0.0	9.0 +/- 0.0
--------------------------------------------------------------------------------------------------------------------------------------------------------------------------
Before matching: total cross section = 6.919e+01 +- 2.577e-03 pb
After matching: total cross section = 6.240e+00 +- 5.954e-03 pb
Matching efficiency = 0.1 +/- 0.0   [TO BE USED IN MCM]
Filter efficiency (taking into account weights)= (6.92533e+07) / (6.92533e+07) = 1.000e+00 +- 0.000e+00
Filter efficiency (event-level)= (1.0007e+06) / (1.0007e+06) = 1.000e+00 +- 0.000e+00    [TO BE USED IN MCM]

After filter: final cross section = 6.240e+00 +- 5.954e-03 pb
After filter: final fraction of events with negative weights = 0.000e+00 +- 0.000e+00
After filter: final equivalent lumi for 1M events (1/fb) = 1.603e+02 +- 2.215e-01
