01-Feb-2025 18:21:16 CST  Closed file root://cmsxrootd.fnal.gov//store/mc/Run3Summer23MiniAODv4/WtoLNu-4Jets_MLNu-0to120_HT-40to100_TuneCP5_13p6TeV_madgraphMLM-pythia8/MINIAODSIM/130X_mcRun3_2023_realistic_v14-v2/2540000/b63f3a67-b401-42b1-80f3-125a8b0e6728.root

------------------------------------
GenXsecAnalyzer:
------------------------------------
-------------------------------------------------------------------------------------------------------------------------------------------------------------------------- 
Overall cross-section summary 
--------------------------------------------------------------------------------------------------------------------------------------------------------------------------
Process		xsec_before [pb]		passed	nposw	nnegw	tried	nposw	nnegw 	xsec_match [pb]			accepted [%]	 event_eff [%]
0		2.344e+03 +/- 5.768e-01		256235	256235	0	550109	550109	0	1.092e+03 +/- 1.599e+00		46.6 +/- 0.1	46.6 +/- 0.1
1		1.738e+03 +/- 5.161e-01		193341	193341	0	406946	406946	0	8.259e+02 +/- 1.383e+00		47.5 +/- 0.1	47.5 +/- 0.1
2		5.671e+03 +/- 8.784e-01		266985	266985	0	1316902	1316902	0	1.150e+03 +/- 1.995e+00		20.3 +/- 0.0	20.3 +/- 0.0
3		4.199e+03 +/- 6.755e-01		205896	205896	0	988662	988662	0	8.744e+02 +/- 1.720e+00		20.8 +/- 0.0	20.8 +/- 0.0
4		3.711e+03 +/- 5.078e-01		42553	42553	0	907582	907582	0	1.740e+02 +/- 8.239e-01		4.7 +/- 0.0	4.7 +/- 0.0
5		2.712e+03 +/- 4.040e-01		31155	31155	0	645612	645612	0	1.309e+02 +/- 7.236e-01		4.8 +/- 0.0	4.8 +/- 0.0
6		9.869e+02 +/- 1.765e-01		2438	2438	0	234651	234651	0	1.025e+01 +/- 2.066e-01		1.0 +/- 0.0	1.0 +/- 0.0
7		7.113e+02 +/- 1.494e-01		1866	1866	0	168720	168720	0	7.866e+00 +/- 1.811e-01		1.1 +/- 0.0	1.1 +/- 0.0
-------------------------------------------------------------------------------------------------------------------------------------------------------------------------- 
Total		2.207e+04 +/- 1.517e+00		1000469	1000469	0	5219184	5219184	0	4.231e+03 +/- 3.814e+00		19.2 +/- 0.0	19.2 +/- 0.0
--------------------------------------------------------------------------------------------------------------------------------------------------------------------------
Before matching: total cross section = 2.207e+04 +- 1.517e+00 pb
After matching: total cross section = 4.231e+03 +- 3.814e+00 pb
Matching efficiency = 0.2 +/- 0.0   [TO BE USED IN MCM]
Filter efficiency (taking into account weights)= (2.20875e+10) / (2.20875e+10) = 1.000e+00 +- 0.000e+00
Filter efficiency (event-level)= (1.00047e+06) / (1.00047e+06) = 1.000e+00 +- 0.000e+00    [TO BE USED IN MCM]

After filter: final cross section = 4.231e+03 +- 3.814e+00 pb
After filter: final fraction of events with negative weights = 0.000e+00 +- 0.000e+00
After filter: final equivalent lumi for 1M events (1/fb) = 2.363e-01 +- 3.182e-04
