01-Feb-2025 18:39:42 CST  Closed file root://cmsxrootd.fnal.gov//store/mc/Run3Summer23MiniAODv4/WtoLNu-4Jets_MLNu-120_HT-2500_TuneCP5_13p6TeV_madgraphMLM-pythia8/MINIAODSIM/130X_mcRun3_2023_realistic_v15-v4/50000/af84fbc0-2228-48b0-a240-22a9252dab16.root

------------------------------------
GenXsecAnalyzer:
------------------------------------
-------------------------------------------------------------------------------------------------------------------------------------------------------------------------- 
Overall cross-section summary 
--------------------------------------------------------------------------------------------------------------------------------------------------------------------------
Process		xsec_before [pb]		passed	nposw	nnegw	tried	nposw	nnegw 	xsec_match [pb]			accepted [%]	 event_eff [%]
0		6.402e-07 +/- 9.029e-10		38	38	0	1093	1093	0	2.227e-08 +/- 3.549e-09		3.5 +/- 0.6	3.5 +/- 0.6
1		5.043e-07 +/- 1.795e-09		11	11	0	175	175	0	3.168e-08 +/- 9.249e-09		6.3 +/- 1.8	6.3 +/- 1.8
2		1.105e-04 +/- 2.598e-08		11422	11422	0	278332	278332	0	4.536e-06 +/- 4.158e-08		4.1 +/- 0.0	4.1 +/- 0.0
3		4.167e-05 +/- 1.325e-08		4912	4912	0	105324	105324	0	1.943e-06 +/- 2.708e-08		4.7 +/- 0.1	4.7 +/- 0.1
4		6.727e-04 +/- 6.170e-08		37127	37127	0	1729229	1729229	0	1.444e-05 +/- 7.416e-08		2.1 +/- 0.0	2.1 +/- 0.0
5		2.559e-04 +/- 3.341e-08		16294	16294	0	676518	676518	0	6.162e-06 +/- 4.770e-08		2.4 +/- 0.0	2.4 +/- 0.0
6		2.271e-03 +/- 1.230e-07		673923	673923	0	6021477	6021477	0	2.542e-04 +/- 2.921e-07		11.2 +/- 0.0	11.2 +/- 0.0
7		8.363e-04 +/- 6.805e-08		256504	256504	0	2208066	2208066	0	9.715e-05 +/- 1.805e-07		11.6 +/- 0.0	11.6 +/- 0.0
-------------------------------------------------------------------------------------------------------------------------------------------------------------------------- 
Total		4.189e-03 +/- 1.598e-07		1000231	1000231	0	11020214	11020214	0	3.802e-04 +/- 3.628e-07		9.1 +/- 0.0	9.1 +/- 0.0
--------------------------------------------------------------------------------------------------------------------------------------------------------------------------
Before matching: total cross section = 4.189e-03 +- 1.598e-07 pb
After matching: total cross section = 3.802e-04 +- 3.628e-07 pb
Matching efficiency = 0.1 +/- 0.0   [TO BE USED IN MCM]
Filter efficiency (taking into account weights)= (4190.3) / (4190.3) = 1.000e+00 +- 0.000e+00
Filter efficiency (event-level)= (1.00023e+06) / (1.00023e+06) = 1.000e+00 +- 0.000e+00    [TO BE USED IN MCM]

After filter: final cross section = 3.802e-04 +- 3.628e-07 pb
After filter: final fraction of events with negative weights = 0.000e+00 +- 0.000e+00
After filter: final equivalent lumi for 1M events (1/fb) = 2.630e+06 +- 3.635e+03
