01-Feb-2025 23:09:42 CST  Closed file root://cmsxrootd.fnal.gov//store/mc/Run3Summer23MiniAODv4/WtoLNu-4Jets_MLNu-120_HT-800to1500_TuneCP5_13p6TeV_madgraphMLM-pythia8/MINIAODSIM/130X_mcRun3_2023_realistic_v15-v3/2550000/03d13db4-dc08-490e-b13a-e14217e5cc84.root

------------------------------------
GenXsecAnalyzer:
------------------------------------
-------------------------------------------------------------------------------------------------------------------------------------------------------------------------- 
Overall cross-section summary 
--------------------------------------------------------------------------------------------------------------------------------------------------------------------------
Process		xsec_before [pb]		passed	nposw	nnegw	tried	nposw	nnegw 	xsec_match [pb]			accepted [%]	 event_eff [%]
0		1.711e-03 +/- 5.691e-07		1633	1633	0	23232	23232	0	1.203e-04 +/- 2.870e-06		7.0 +/- 0.2	7.0 +/- 0.2
1		7.027e-04 +/- 2.780e-07		710	710	0	9496	9496	0	5.255e-05 +/- 1.897e-06		7.5 +/- 0.3	7.5 +/- 0.3
2		2.959e-02 +/- 5.741e-06		25322	25322	0	397474	397474	0	1.885e-03 +/- 1.147e-05		6.4 +/- 0.0	6.4 +/- 0.0
3		1.454e-02 +/- 3.779e-06		13720	13720	0	196813	196813	0	1.014e-03 +/- 8.350e-06		7.0 +/- 0.1	7.0 +/- 0.1
4		1.320e-01 +/- 1.211e-05		67700	67700	0	1835626	1835626	0	4.867e-03 +/- 1.836e-05		3.7 +/- 0.0	3.7 +/- 0.0
5		6.530e-02 +/- 7.735e-06		36519	36519	0	924618	924618	0	2.579e-03 +/- 1.323e-05		3.9 +/- 0.0	3.9 +/- 0.0
6		3.396e-01 +/- 1.944e-05		490547	490547	0	4828920	4828920	0	3.450e-02 +/- 4.673e-05		10.2 +/- 0.0	10.2 +/- 0.0
7		1.674e-01 +/- 1.270e-05		250231	250231	0	2368487	2368487	0	1.769e-02 +/- 3.347e-05		10.6 +/- 0.0	10.6 +/- 0.0
-------------------------------------------------------------------------------------------------------------------------------------------------------------------------- 
Total		7.508e-01 +/- 2.817e-05		886382	886382	0	10584666	10584666	0	6.287e-02 +/- 6.397e-05		8.4 +/- 0.0	8.4 +/- 0.0
--------------------------------------------------------------------------------------------------------------------------------------------------------------------------
Before matching: total cross section = 7.508e-01 +- 2.817e-05 pb
After matching: total cross section = 6.287e-02 +- 6.397e-05 pb
Matching efficiency = 0.1 +/- 0.0   [TO BE USED IN MCM]
Filter efficiency (taking into account weights)= (665587) / (665587) = 1.000e+00 +- 0.000e+00
Filter efficiency (event-level)= (886382) / (886382) = 1.000e+00 +- 0.000e+00    [TO BE USED IN MCM]

After filter: final cross section = 6.287e-02 +- 6.397e-05 pb
After filter: final fraction of events with negative weights = 0.000e+00 +- 0.000e+00
After filter: final equivalent lumi for 1M events (1/fb) = 1.590e+04 +- 2.269e+01
