01-Feb-2025 18:11:46 CST  Closed file root://cmsxrootd.fnal.gov//store/mc/Run3Summer23MiniAODv4/WtoLNu-4Jets_MLNu-0to120_HT-1500to2500_TuneCP5_13p6TeV_madgraphMLM-pythia8/MINIAODSIM/130X_mcRun3_2023_realistic_v15-v4/50000/dfd7822e-ef5a-4cc8-ae7e-a9903aaa29fb.root

------------------------------------
GenXsecAnalyzer:
------------------------------------
-------------------------------------------------------------------------------------------------------------------------------------------------------------------------- 
Overall cross-section summary 
--------------------------------------------------------------------------------------------------------------------------------------------------------------------------
Process		xsec_before [pb]		passed	nposw	nnegw	tried	nposw	nnegw 	xsec_match [pb]			accepted [%]	 event_eff [%]
0		9.123e-04 +/- 9.910e-07		60	60	0	1555	1555	0	3.522e-05 +/- 4.459e-06		3.9 +/- 0.5	3.9 +/- 0.5
1		7.202e-04 +/- 1.532e-06		18	18	0	432	432	0	3.000e-05 +/- 6.923e-06		4.2 +/- 1.0	4.2 +/- 1.0
2		1.409e-01 +/- 3.013e-05		14514	14514	0	298828	298828	0	6.845e-03 +/- 5.544e-05		4.9 +/- 0.0	4.9 +/- 0.0
3		6.542e-02 +/- 1.636e-05		7433	7433	0	139256	139256	0	3.492e-03 +/- 3.942e-05		5.3 +/- 0.1	5.3 +/- 0.1
4		8.075e-01 +/- 7.112e-05		45421	45421	0	1754052	1754052	0	2.091e-02 +/- 9.685e-05		2.6 +/- 0.0	2.6 +/- 0.0
5		3.683e-01 +/- 4.375e-05		22922	22922	0	819771	819771	0	1.030e-02 +/- 6.708e-05		2.8 +/- 0.0	2.8 +/- 0.0
6		2.519e+00 +/- 1.378e-04		622789	622789	0	5626414	5626414	0	2.789e-01 +/- 3.336e-04		11.1 +/- 0.0	11.1 +/- 0.0
7		1.129e+00 +/- 8.253e-05		287285	287285	0	2511833	2511833	0	1.291e-01 +/- 2.268e-04		11.4 +/- 0.0	11.4 +/- 0.0
-------------------------------------------------------------------------------------------------------------------------------------------------------------------------- 
Total		5.032e+00 +/- 1.842e-04		1000442	1000442	0	11152141	11152141	0	4.514e-01 +/- 4.309e-04		9.0 +/- 0.0	9.0 +/- 0.0
--------------------------------------------------------------------------------------------------------------------------------------------------------------------------
Before matching: total cross section = 5.032e+00 +- 1.842e-04 pb
After matching: total cross section = 4.514e-01 +- 4.309e-04 pb
Matching efficiency = 0.1 +/- 0.0   [TO BE USED IN MCM]
Filter efficiency (taking into account weights)= (5.03423e+06) / (5.03423e+06) = 1.000e+00 +- 0.000e+00
Filter efficiency (event-level)= (1.00044e+06) / (1.00044e+06) = 1.000e+00 +- 0.000e+00    [TO BE USED IN MCM]

After filter: final cross section = 4.514e-01 +- 4.309e-04 pb
After filter: final fraction of events with negative weights = 0.000e+00 +- 0.000e+00
After filter: final equivalent lumi for 1M events (1/fb) = 2.215e+03 +- 3.063e+00
