01-Feb-2025 18:36:01 CST  Closed file root://cmsxrootd.fnal.gov//store/mc/Run3Summer23MiniAODv4/WtoLNu-4Jets_MLNu-120_HT-1500to2500_TuneCP5_13p6TeV_madgraphMLM-pythia8/MINIAODSIM/130X_mcRun3_2023_realistic_v15-v4/2550000/a7afa0ee-bfd6-4d5c-982a-0864e0d5a821.root

------------------------------------
GenXsecAnalyzer:
------------------------------------
-------------------------------------------------------------------------------------------------------------------------------------------------------------------------- 
Overall cross-section summary 
--------------------------------------------------------------------------------------------------------------------------------------------------------------------------
Process		xsec_before [pb]		passed	nposw	nnegw	tried	nposw	nnegw 	xsec_match [pb]			accepted [%]	 event_eff [%]
0		3.076e-05 +/- 1.537e-08		238	238	0	5183	5183	0	1.413e-06 +/- 8.944e-08		4.6 +/- 0.3	4.6 +/- 0.3
1		9.779e-06 +/- 1.088e-08		84	84	0	1716	1716	0	4.784e-07 +/- 5.091e-08		4.9 +/- 0.5	4.9 +/- 0.5
2		1.758e-03 +/- 3.952e-07		14130	14130	0	293380	293380	0	8.466e-05 +/- 6.951e-07		4.8 +/- 0.0	4.8 +/- 0.0
3		7.575e-04 +/- 2.130e-07		6825	6825	0	126899	126899	0	4.074e-05 +/- 4.799e-07		5.4 +/- 0.1	5.4 +/- 0.1
4		9.687e-03 +/- 8.924e-07		43969	43969	0	1694020	1694020	0	2.514e-04 +/- 1.184e-06		2.6 +/- 0.0	2.6 +/- 0.0
5		4.235e-03 +/- 5.325e-07		21429	21429	0	754742	754742	0	1.202e-04 +/- 8.098e-07		2.8 +/- 0.0	2.8 +/- 0.0
6		2.974e-02 +/- 1.674e-06		564618	564618	0	5330009	5330009	0	3.151e-03 +/- 3.969e-06		10.6 +/- 0.0	10.6 +/- 0.0
7		1.282e-02 +/- 1.013e-06		251241	251241	0	2286141	2286141	0	1.409e-03 +/- 2.654e-06		11.0 +/- 0.0	11.0 +/- 0.0
-------------------------------------------------------------------------------------------------------------------------------------------------------------------------- 
Total		5.904e-02 +/- 2.260e-06		902534	902534	0	10492090	10492090	0	5.079e-03 +/- 5.115e-06		8.6 +/- 0.0	8.6 +/- 0.0
--------------------------------------------------------------------------------------------------------------------------------------------------------------------------
Before matching: total cross section = 5.904e-02 +- 2.260e-06 pb
After matching: total cross section = 5.079e-03 +- 5.115e-06 pb
Matching efficiency = 0.1 +/- 0.0   [TO BE USED IN MCM]
Filter efficiency (taking into account weights)= (53294.4) / (53294.4) = 1.000e+00 +- 0.000e+00
Filter efficiency (event-level)= (902536) / (902536) = 1.000e+00 +- 0.000e+00    [TO BE USED IN MCM]

After filter: final cross section = 5.079e-03 +- 5.115e-06 pb
After filter: final fraction of events with negative weights = 0.000e+00 +- 0.000e+00
After filter: final equivalent lumi for 1M events (1/fb) = 1.969e+05 +- 2.794e+02
