01-Feb-2025 17:50:00 CST  Closed file root://cmsxrootd.fnal.gov//store/mc/Run3Summer23MiniAODv4/WWW_4F_TuneCP5_13p6TeV_amcatnlo-madspin-pythia8/MINIAODSIM/130X_mcRun3_2023_realistic_v14-v2/40000/8bd4511c-2125-46a4-883a-79ff468b8b92.root

------------------------------------
GenXsecAnalyzer:
------------------------------------
-------------------------------------------------------------------------------------------------------------------------------------------------------------------------- 
Overall cross-section summary 
--------------------------------------------------------------------------------------------------------------------------------------------------------------------------
Process		xsec_before [pb]		passed	nposw	nnegw	tried	nposw	nnegw 	xsec_match [pb]			accepted [%]	 event_eff [%]
0		2.328e-01 +/- 1.247e-04		936000	892958	43042	936000	892958	43042	2.328e-01 +/- 1.247e-04		100.0 +/- 0.0	100.0 +/- 0.0
-------------------------------------------------------------------------------------------------------------------------------------------------------------------------- 
Total		2.328e-01 +/- 1.247e-04		936000	892958	43042	936000	892958	43042	2.328e-01 +/- 1.247e-04		100.0 +/- 0.0	100.0 +/- 0.0
--------------------------------------------------------------------------------------------------------------------------------------------------------------------------
Before matching: total cross section = 2.328e-01 +- 1.247e-04 pb
After matching: total cross section = 2.328e-01 +- 1.247e-04 pb
Matching efficiency = 1.0 +/- 0.0   [TO BE USED IN MCM]
Filter efficiency (taking into account weights)= (217858) / (217858) = 1.000e+00 +- 0.000e+00
Filter efficiency (event-level)= (936000) / (936000) = 1.000e+00 +- 0.000e+00    [TO BE USED IN MCM]

After filter: final cross section = 2.328e-01 +- 1.247e-04 pb
After filter: final fraction of events with negative weights = 4.599e-02 +- 2.211e-06
After filter: final equivalent lumi for 1M events (1/fb) = 3.542e+03 +- 3.649e+00
