01-Feb-2025 23:11:37 CST  Closed file root://cmsxrootd.fnal.gov//store/mc/Run3Summer23MiniAODv4/ZZZ_TuneCP5_13p6TeV_amcatnlo-pythia8/MINIAODSIM/130X_mcRun3_2023_realistic_v14-v2/40000/908cbcb8-9334-4ebb-b8f5-7c66930012f4.root

------------------------------------
GenXsecAnalyzer:
------------------------------------
-------------------------------------------------------------------------------------------------------------------------------------------------------------------------- 
Overall cross-section summary 
--------------------------------------------------------------------------------------------------------------------------------------------------------------------------
Process		xsec_before [pb]		passed	nposw	nnegw	tried	nposw	nnegw 	xsec_match [pb]			accepted [%]	 event_eff [%]
0		1.591e-02 +/- 7.828e-06		1000000	944575	55425	1000000	944575	55425	1.591e-02 +/- 7.828e-06		100.0 +/- 0.0	100.0 +/- 0.0
-------------------------------------------------------------------------------------------------------------------------------------------------------------------------- 
Total		1.591e-02 +/- 7.828e-06		1000000	944575	55425	1000000	944575	55425	1.591e-02 +/- 7.828e-06		100.0 +/- 0.0	100.0 +/- 0.0
--------------------------------------------------------------------------------------------------------------------------------------------------------------------------
Before matching: total cross section = 1.591e-02 +- 7.828e-06 pb
After matching: total cross section = 1.591e-02 +- 7.828e-06 pb
Matching efficiency = 1.0 +/- 0.0   [TO BE USED IN MCM]
Filter efficiency (taking into account weights)= (15936) / (15936) = 1.000e+00 +- 0.000e+00
Filter efficiency (event-level)= (1e+06) / (1e+06) = 1.000e+00 +- 0.000e+00    [TO BE USED IN MCM]

After filter: final cross section = 1.591e-02 +- 7.828e-06 pb
After filter: final fraction of events with negative weights = 5.543e-02 +- 3.074e-06
After filter: final equivalent lumi for 1M events (1/fb) = 4.970e+04 +- 4.925e+01
