19-Jan-2025 13:52:17 CST  Successfully opened file root://cmsxrootd.fnal.gov//store/mc/RunIISummer20UL18MiniAODv2/DYJetsToLL_M-50_HT-70to100_TuneCP5_PSweights_13TeV-madgraphMLM-pythia8/MINIAODSIM/106X_upgrade2018_realistic_v16_L1v1-v1/280000/35C3A303-115B-A641-80B6-186BA4984BC0.root
    128.319000      0.560688      0.404064             4
    310.057000      1.277160      0.404064             3
    310.758000      1.746720      0.404064             2
     97.455700      0.953834      0.404064             1
 
19-Jan-2025 13:52:19 CST  Closed file root://cmsxrootd.fnal.gov//store/mc/RunIISummer20UL18MiniAODv2/DYJetsToLL_M-50_HT-70to100_TuneCP5_PSweights_13TeV-madgraphMLM-pythia8/MINIAODSIM/106X_upgrade2018_realistic_v16_L1v1-v1/280000/35C3A303-115B-A641-80B6-186BA4984BC0.root

------------------------------------
GenXsecAnalyzer:
------------------------------------
-------------------------------------------------------------------------------------------------------------------------------------------------------------------------- 
Overall cross-section summary 
--------------------------------------------------------------------------------------------------------------------------------------------------------------------------
Process		xsec_before [pb]		passed	nposw	nnegw	tried	nposw	nnegw 	xsec_match [pb]			accepted [%]	 event_eff [%]
0		9.799e+01 +/- 3.650e-02		282144	282144	0	714613	714613	0	3.869e+01 +/- 5.847e-02		39.5 +/- 0.1	39.5 +/- 0.1
1		3.100e+02 +/- 6.347e-02		539262	539262	0	2215148	2215148	0	7.546e+01 +/- 9.071e-02		24.3 +/- 0.0	24.3 +/- 0.0
2		3.103e+02 +/- 4.730e-02		166051	166051	0	2204537	2204537	0	2.337e+01 +/- 5.526e-02		7.5 +/- 0.0	7.5 +/- 0.0
3		1.267e+02 +/- 2.024e-02		12584	12584	0	901660	901660	0	1.768e+00 +/- 1.565e-02		1.4 +/- 0.0	1.4 +/- 0.0
-------------------------------------------------------------------------------------------------------------------------------------------------------------------------- 
Total		8.449e+02 +/- 8.949e-02		1000041	1000041	0	6035958	6035958	0	1.400e+02 +/- 1.287e-01		16.6 +/- 0.0	16.6 +/- 0.0
--------------------------------------------------------------------------------------------------------------------------------------------------------------------------
Before matching: total cross section = 8.449e+02 +- 8.949e-02 pb
After matching: total cross section = 1.400e+02 +- 1.287e-01 pb
Matching efficiency = 0.2 +/- 0.0   [TO BE USED IN MCM]
Filter efficiency (taking into account weights)= (1.00004e+06) / (1.00004e+06) = 1.000e+00 +- 0.000e+00
Filter efficiency (event-level)= (1.00004e+06) / (1.00004e+06) = 1.000e+00 +- 0.000e+00    [TO BE USED IN MCM]

After filter: final cross section = 1.400e+02 +- 1.287e-01 pb
After filter: final fraction of events with negative weights = 0.000e+00 +- 0.000e+00
After filter: final equivalent lumi for 1M events (1/fb) = 7.144e+00 +- 9.705e-03
