19-Jan-2025 15:56:31 CST  Successfully opened file root://cmsxrootd.fnal.gov//store/mc/RunIISummer20UL18MiniAODv2/DYJetsToLL_M-50_HT-600to800_TuneCP5_PSweights_13TeV-madgraphMLM-pythia8/MINIAODSIM/106X_upgrade2018_realistic_v16_L1v1-v1/280000/0502A7AB-03D6-0844-AE09-FBF231291F50.root
      0.031809      0.000610      0.002011             1
      3.745239      0.021708      0.002011             3
      0.869324      0.011979      0.002011             2
      9.068948      0.033702      0.002011             4
 
19-Jan-2025 15:56:37 CST  Closed file root://cmsxrootd.fnal.gov//store/mc/RunIISummer20UL18MiniAODv2/DYJetsToLL_M-50_HT-600to800_TuneCP5_PSweights_13TeV-madgraphMLM-pythia8/MINIAODSIM/106X_upgrade2018_realistic_v16_L1v1-v1/280000/0502A7AB-03D6-0844-AE09-FBF231291F50.root

------------------------------------
GenXsecAnalyzer:
------------------------------------
-------------------------------------------------------------------------------------------------------------------------------------------------------------------------- 
Overall cross-section summary 
--------------------------------------------------------------------------------------------------------------------------------------------------------------------------
Process		xsec_before [pb]		passed	nposw	nnegw	tried	nposw	nnegw 	xsec_match [pb]			accepted [%]	 event_eff [%]
0		3.169e-02 +/- 1.566e-05		2539	2539	0	25233	25233	0	3.188e-03 +/- 6.003e-05		10.1 +/- 0.2	10.1 +/- 0.2
1		8.681e-01 +/- 2.920e-04		60740	60740	0	686798	686798	0	7.678e-02 +/- 2.985e-04		8.8 +/- 0.0	8.8 +/- 0.0
2		3.784e+00 +/- 5.362e-04		155102	155102	0	3019166	3019166	0	1.944e-01 +/- 4.815e-04		5.1 +/- 0.0	5.1 +/- 0.0
3		8.986e+00 +/- 8.295e-04		781744	781744	0	7064863	7064863	0	9.943e-01 +/- 1.064e-03		11.1 +/- 0.0	11.1 +/- 0.0
-------------------------------------------------------------------------------------------------------------------------------------------------------------------------- 
Total		1.367e+01 +/- 1.030e-03		1000125	1000125	0	10796060	10796060	0	1.266e+00 +/- 1.210e-03		9.3 +/- 0.0	9.3 +/- 0.0
--------------------------------------------------------------------------------------------------------------------------------------------------------------------------
Before matching: total cross section = 1.367e+01 +- 1.030e-03 pb
After matching: total cross section = 1.266e+00 +- 1.210e-03 pb
Matching efficiency = 0.1 +/- 0.0   [TO BE USED IN MCM]
Filter efficiency (taking into account weights)= (1.00012e+06) / (1.00012e+06) = 1.000e+00 +- 0.000e+00
Filter efficiency (event-level)= (1.00012e+06) / (1.00012e+06) = 1.000e+00 +- 0.000e+00    [TO BE USED IN MCM]

After filter: final cross section = 1.266e+00 +- 1.210e-03 pb
After filter: final fraction of events with negative weights = 0.000e+00 +- 0.000e+00
After filter: final equivalent lumi for 1M events (1/fb) = 7.897e+02 +- 1.092e+00
