01-Feb-2025 17:33:51 CST  Closed file root://cmsxrootd.fnal.gov//store/mc/RunIISummer20UL18MiniAODv2/TTToSemiLeptonic_TuneCP5_13TeV-powheg-pythia8/MINIAODSIM/106X_upgrade2018_realistic_v16_L1v1-v2/120002/D947A9FE-FB5F-9B45-8E20-8A41C23ADC2C.root

------------------------------------
GenXsecAnalyzer:
------------------------------------
-------------------------------------------------------------------------------------------------------------------------------------------------------------------------- 
Overall cross-section summary 
--------------------------------------------------------------------------------------------------------------------------------------------------------------------------
Process		xsec_before [pb]		passed	nposw	nnegw	tried	nposw	nnegw 	xsec_match [pb]			accepted [%]	 event_eff [%]
0		6.871e+02 +/- 5.174e-01		1000000	995848	4152	1000000	995848	4152	6.871e+02 +/- 5.174e-01		100.0 +/- 0.0	100.0 +/- 0.0
-------------------------------------------------------------------------------------------------------------------------------------------------------------------------- 
Total		6.871e+02 +/- 5.174e-01		1000000	995848	4152	1000000	995848	4152	6.871e+02 +/- 5.174e-01		100.0 +/- 0.0	100.0 +/- 0.0
--------------------------------------------------------------------------------------------------------------------------------------------------------------------------
Before matching: total cross section = 6.871e+02 +- 5.174e-01 pb
After matching: total cross section = 6.871e+02 +- 5.174e-01 pb
Matching efficiency = 1.0 +/- 0.0   [TO BE USED IN MCM]
Filter efficiency (taking into account weights)= (3.00839e+08) / (3.00839e+08) = 1.000e+00 +- 0.000e+00
Filter efficiency (event-level)= (1e+06) / (1e+06) = 1.000e+00 +- 0.000e+00    [TO BE USED IN MCM]

After filter: final cross section = 6.871e+02 +- 5.174e-01 pb
After filter: final fraction of events with negative weights = 4.152e-03 +- 2.394e-08
After filter: final equivalent lumi for 1M events (1/fb) = 1.431e+00 +- 1.777e-03
