01-Feb-2025 18:10:13 CST  Closed file root://cmsxrootd.fnal.gov//store/mc/RunIISummer20UL18MiniAODv2/ttWJets_TuneCP5_13TeV_madgraphMLM_pythia8/MINIAODSIM/106X_upgrade2018_realistic_v16_L1v1-v2/100000/50FD52AA-1AD8-B44A-B116-5FD3405A706E.root

------------------------------------
GenXsecAnalyzer:
------------------------------------
-------------------------------------------------------------------------------------------------------------------------------------------------------------------------- 
Overall cross-section summary 
--------------------------------------------------------------------------------------------------------------------------------------------------------------------------
Process		xsec_before [pb]		passed	nposw	nnegw	tried	nposw	nnegw 	xsec_match [pb]			accepted [%]	 event_eff [%]
0		3.439e-01 +/- 9.509e-05		597836	597836	0	780031	780031	0	2.636e-01 +/- 1.801e-04		76.6 +/- 0.0	76.6 +/- 0.0
1		5.336e-01 +/- 1.241e-04		249598	249598	0	1220644	1220644	0	1.091e-01 +/- 1.964e-04		20.4 +/- 0.0	20.4 +/- 0.0
2		6.682e-01 +/- 1.235e-04		152695	152695	0	1522306	1522306	0	6.702e-02 +/- 1.632e-04		10.0 +/- 0.0	10.0 +/- 0.0
-------------------------------------------------------------------------------------------------------------------------------------------------------------------------- 
Total		1.546e+00 +/- 1.992e-04		1000129	1000129	0	3522981	3522981	0	4.388e-01 +/- 3.756e-04		28.4 +/- 0.0	28.4 +/- 0.0
--------------------------------------------------------------------------------------------------------------------------------------------------------------------------
Before matching: total cross section = 1.546e+00 +- 1.992e-04 pb
After matching: total cross section = 4.388e-01 +- 3.756e-04 pb
Matching efficiency = 0.3 +/- 0.0   [TO BE USED IN MCM]
Filter efficiency (taking into account weights)= (1.00013e+06) / (1.00013e+06) = 1.000e+00 +- 0.000e+00
Filter efficiency (event-level)= (1.00013e+06) / (1.00013e+06) = 1.000e+00 +- 0.000e+00    [TO BE USED IN MCM]

After filter: final cross section = 4.388e-01 +- 3.756e-04 pb
After filter: final fraction of events with negative weights = 0.000e+00 +- 0.000e+00
After filter: final equivalent lumi for 1M events (1/fb) = 2.279e+03 +- 3.000e+00
