01-Feb-2025 18:11:07 CST  Closed file root://cmsxrootd.fnal.gov//store/mc/RunIISummer20UL18MiniAODv2/ttZJets_TuneCP5_13TeV_madgraphMLM_pythia8/MINIAODSIM/106X_upgrade2018_realistic_v16_L1v1-v2/2500000/03DD14F4-7EE3-6B4E-99C8-B42BFA157571.root

------------------------------------
GenXsecAnalyzer:
------------------------------------
-------------------------------------------------------------------------------------------------------------------------------------------------------------------------- 
Overall cross-section summary 
--------------------------------------------------------------------------------------------------------------------------------------------------------------------------
Process		xsec_before [pb]		passed	nposw	nnegw	tried	nposw	nnegw 	xsec_match [pb]			accepted [%]	 event_eff [%]
0		3.539e-01 +/- 1.341e-04		366248	366248	0	589207	589207	0	2.200e-01 +/- 2.386e-04		62.2 +/- 0.1	62.2 +/- 0.1
1		1.039e-01 +/- 5.504e-05		109972	109972	0	176666	176666	0	6.466e-02 +/- 1.246e-04		62.2 +/- 0.1	62.2 +/- 0.1
2		6.572e-02 +/- 2.743e-05		70389	70389	0	112773	112773	0	4.102e-02 +/- 9.632e-05		62.4 +/- 0.1	62.4 +/- 0.1
3		8.201e-01 +/- 1.750e-04		306870	306870	0	1391415	1391415	0	1.809e-01 +/- 2.908e-04		22.1 +/- 0.0	22.1 +/- 0.0
4		2.401e-01 +/- 8.378e-05		89833	89833	0	411727	411727	0	5.238e-02 +/- 1.556e-04		21.8 +/- 0.1	21.8 +/- 0.1
5		1.516e-01 +/- 4.862e-05		57064	57064	0	257192	257192	0	3.362e-02 +/- 1.246e-04		22.2 +/- 0.1	22.2 +/- 0.1
-------------------------------------------------------------------------------------------------------------------------------------------------------------------------- 
Total		1.735e+00 +/- 2.485e-04		1000376	1000376	0	2938980	2938980	0	5.906e-01 +/- 4.870e-04		34.0 +/- 0.0	34.0 +/- 0.0
--------------------------------------------------------------------------------------------------------------------------------------------------------------------------
Before matching: total cross section = 1.735e+00 +- 2.485e-04 pb
After matching: total cross section = 5.906e-01 +- 4.870e-04 pb
Matching efficiency = 0.3 +/- 0.0   [TO BE USED IN MCM]
Filter efficiency (taking into account weights)= (1.00038e+06) / (1.00038e+06) = 1.000e+00 +- 0.000e+00
Filter efficiency (event-level)= (1.00038e+06) / (1.00038e+06) = 1.000e+00 +- 0.000e+00    [TO BE USED IN MCM]

After filter: final cross section = 5.906e-01 +- 4.870e-04 pb
After filter: final fraction of events with negative weights = 0.000e+00 +- 0.000e+00
After filter: final equivalent lumi for 1M events (1/fb) = 1.693e+03 +- 2.194e+00
