01-Feb-2025 17:36:19 CST  Closed file root://cmsxrootd.fnal.gov//store/mc/RunIISummer20UL18MiniAODv2/WJetsToLNu_HT-100To200_TuneCP5_13TeV-madgraphMLM-pythia8/MINIAODSIM/106X_upgrade2018_realistic_v16_L1v1-v2/120000/7D65B068-A639-5748-B3C8-AB24057A1966.root

------------------------------------
GenXsecAnalyzer:
------------------------------------
-------------------------------------------------------------------------------------------------------------------------------------------------------------------------- 
Overall cross-section summary 
--------------------------------------------------------------------------------------------------------------------------------------------------------------------------
Process		xsec_before [pb]		passed	nposw	nnegw	tried	nposw	nnegw 	xsec_match [pb]			accepted [%]	 event_eff [%]
0		2.522e+02 +/- 1.856e-01		64004	64004	0	202193	202193	0	7.982e+01 +/- 2.674e-01		31.7 +/- 0.1	31.7 +/- 0.1
1		1.290e+03 +/- 3.779e-01		242542	242542	0	1036047	1036047	0	3.019e+02 +/- 5.437e-01		23.4 +/- 0.0	23.4 +/- 0.0
2		2.276e+03 +/- 4.315e-01		189762	189762	0	1779082	1779082	0	2.427e+02 +/- 5.287e-01		10.7 +/- 0.0	10.7 +/- 0.0
3		2.184e+03 +/- 3.570e-01		83636	83636	0	1736452	1736452	0	1.052e+02 +/- 3.552e-01		4.8 +/- 0.0	4.8 +/- 0.0
4		1.730e+02 +/- 1.400e-01		45546	45546	0	139795	139795	0	5.636e+01 +/- 2.216e-01		32.6 +/- 0.1	32.6 +/- 0.1
5		8.959e+02 +/- 3.067e-01		176723	176723	0	728303	728303	0	2.174e+02 +/- 4.561e-01		24.3 +/- 0.1	24.3 +/- 0.1
6		1.571e+03 +/- 3.363e-01		138161	138161	0	1257004	1257004	0	1.727e+02 +/- 4.399e-01		11.0 +/- 0.0	11.0 +/- 0.0
7		1.492e+03 +/- 2.832e-01		59690	59690	0	1196764	1196764	0	7.440e+01 +/- 2.972e-01		5.0 +/- 0.0	5.0 +/- 0.0
-------------------------------------------------------------------------------------------------------------------------------------------------------------------------- 
Total		1.013e+04 +/- 8.933e-01		1000064	1000064	0	8075640	8075640	0	1.255e+03 +/- 1.180e+00		12.4 +/- 0.0	12.4 +/- 0.0
--------------------------------------------------------------------------------------------------------------------------------------------------------------------------
Before matching: total cross section = 1.013e+04 +- 8.933e-01 pb
After matching: total cross section = 1.255e+03 +- 1.180e+00 pb
Matching efficiency = 0.1 +/- 0.0   [TO BE USED IN MCM]
Filter efficiency (taking into account weights)= (1.00006e+06) / (1.00006e+06) = 1.000e+00 +- 0.000e+00
Filter efficiency (event-level)= (1.00006e+06) / (1.00006e+06) = 1.000e+00 +- 0.000e+00    [TO BE USED IN MCM]

After filter: final cross section = 1.255e+03 +- 1.180e+00 pb
After filter: final fraction of events with negative weights = 0.000e+00 +- 0.000e+00
After filter: final equivalent lumi for 1M events (1/fb) = 7.969e-01 +- 1.094e-03
