01-Feb-2025 18:02:08 CST  Closed file root://cmsxrootd.fnal.gov//store/mc/RunIISummer20UL18MiniAODv2/WJetsToLNu_HT-800To1200_TuneCP5_13TeV-madgraphMLM-pythia8/MINIAODSIM/106X_upgrade2018_realistic_v16_L1v1-v1/00000/BA47BC6C-4A27-2F40-9F72-988C91C8F9CF.root

------------------------------------
GenXsecAnalyzer:
------------------------------------
-------------------------------------------------------------------------------------------------------------------------------------------------------------------------- 
Overall cross-section summary 
--------------------------------------------------------------------------------------------------------------------------------------------------------------------------
Process		xsec_before [pb]		passed	nposw	nnegw	tried	nposw	nnegw 	xsec_match [pb]			accepted [%]	 event_eff [%]
0		3.639e-02 +/- 2.579e-05		526	526	0	7816	7816	0	2.449e-03 +/- 1.031e-04		6.7 +/- 0.3	6.7 +/- 0.3
1		1.847e+00 +/- 8.174e-04		26574	26574	0	376551	376551	0	1.304e-01 +/- 7.731e-04		7.1 +/- 0.0	7.1 +/- 0.0
2		9.214e+00 +/- 1.700e-03		73422	73422	0	1871700	1871700	0	3.615e-01 +/- 1.309e-03		3.9 +/- 0.0	3.9 +/- 0.0
3		2.525e+01 +/- 2.845e-03		546499	546499	0	5104718	5104718	0	2.703e+00 +/- 3.469e-03		10.7 +/- 0.0	10.7 +/- 0.0
4		1.309e-02 +/- 1.389e-05		248	248	0	3377	3377	0	9.615e-04 +/- 5.878e-05		7.3 +/- 0.4	7.3 +/- 0.4
5		9.716e-01 +/- 5.298e-04		15371	15371	0	198369	198369	0	7.528e-02 +/- 5.847e-04		7.7 +/- 0.1	7.7 +/- 0.1
6		4.800e+00 +/- 1.109e-03		40981	40981	0	968839	968839	0	2.030e-01 +/- 9.827e-04		4.2 +/- 0.0	4.2 +/- 0.0
7		1.301e+01 +/- 1.870e-03		296932	296932	0	2674612	2674612	0	1.444e+00 +/- 2.508e-03		11.1 +/- 0.0	11.1 +/- 0.0
-------------------------------------------------------------------------------------------------------------------------------------------------------------------------- 
Total		5.514e+01 +/- 4.082e-03		1000553	1000553	0	11205982	11205982	0	4.924e+00 +/- 4.711e-03		8.9 +/- 0.0	8.9 +/- 0.0
--------------------------------------------------------------------------------------------------------------------------------------------------------------------------
Before matching: total cross section = 5.514e+01 +- 4.082e-03 pb
After matching: total cross section = 4.924e+00 +- 4.711e-03 pb
Matching efficiency = 0.1 +/- 0.0   [TO BE USED IN MCM]
Filter efficiency (taking into account weights)= (1.00055e+06) / (1.00055e+06) = 1.000e+00 +- 0.000e+00
Filter efficiency (event-level)= (1.00055e+06) / (1.00055e+06) = 1.000e+00 +- 0.000e+00    [TO BE USED IN MCM]

After filter: final cross section = 4.924e+00 +- 4.711e-03 pb
After filter: final fraction of events with negative weights = 0.000e+00 +- 0.000e+00
After filter: final equivalent lumi for 1M events (1/fb) = 2.031e+02 +- 2.811e-01
