01-Feb-2025 18:00:44 CST  Closed file root://cmsxrootd.fnal.gov//store/mc/RunIISummer20UL18MiniAODv2/WJetsToLNu_HT-70To100_TuneCP5_13TeV-madgraphMLM-pythia8/MINIAODSIM/106X_upgrade2018_realistic_v16_L1v1-v1/30000/5677A37E-CB09-224C-93DB-185DF1283A7B.root

------------------------------------
GenXsecAnalyzer:
------------------------------------
-------------------------------------------------------------------------------------------------------------------------------------------------------------------------- 
Overall cross-section summary 
--------------------------------------------------------------------------------------------------------------------------------------------------------------------------
Process		xsec_before [pb]		passed	nposw	nnegw	tried	nposw	nnegw 	xsec_match [pb]			accepted [%]	 event_eff [%]
0		4.692e+02 +/- 2.794e-01		148173	148173	0	371038	371038	0	1.874e+02 +/- 3.934e-01		39.9 +/- 0.1	39.9 +/- 0.1
1		1.592e+03 +/- 4.582e-01		314895	314895	0	1259664	1259664	0	3.980e+02 +/- 6.248e-01		25.0 +/- 0.0	25.0 +/- 0.0
2		1.801e+03 +/- 3.765e-01		98013	98013	0	1379218	1379218	0	1.280e+02 +/- 3.950e-01		7.1 +/- 0.0	7.1 +/- 0.0
3		9.802e+02 +/- 2.147e-01		8267	8267	0	769797	769797	0	1.053e+01 +/- 1.152e-01		1.1 +/- 0.0	1.1 +/- 0.0
4		3.378e+02 +/- 2.248e-01		111338	111338	0	274781	274781	0	1.369e+02 +/- 3.292e-01		40.5 +/- 0.1	40.5 +/- 0.1
5		1.152e+03 +/- 3.932e-01		238976	238976	0	924133	924133	0	2.980e+02 +/- 5.346e-01		25.9 +/- 0.0	25.9 +/- 0.0
6		1.293e+03 +/- 3.101e-01		75023	75023	0	1014833	1014833	0	9.562e+01 +/- 3.367e-01		7.4 +/- 0.0	7.4 +/- 0.0
7		6.957e+02 +/- 1.726e-01		6169	6169	0	550840	550840	0	7.791e+00 +/- 9.866e-02		1.1 +/- 0.0	1.1 +/- 0.0
-------------------------------------------------------------------------------------------------------------------------------------------------------------------------- 
Total		8.322e+03 +/- 8.983e-01		1000854	1000854	0	6544304	6544304	0	1.273e+03 +/- 1.179e+00		15.3 +/- 0.0	15.3 +/- 0.0
--------------------------------------------------------------------------------------------------------------------------------------------------------------------------
Before matching: total cross section = 8.322e+03 +- 8.983e-01 pb
After matching: total cross section = 1.273e+03 +- 1.179e+00 pb
Matching efficiency = 0.2 +/- 0.0   [TO BE USED IN MCM]
Filter efficiency (taking into account weights)= (1.00085e+06) / (1.00085e+06) = 1.000e+00 +- 0.000e+00
Filter efficiency (event-level)= (1.00085e+06) / (1.00085e+06) = 1.000e+00 +- 0.000e+00    [TO BE USED IN MCM]

After filter: final cross section = 1.273e+03 +- 1.179e+00 pb
After filter: final fraction of events with negative weights = 0.000e+00 +- 0.000e+00
After filter: final equivalent lumi for 1M events (1/fb) = 7.857e-01 +- 1.071e-03
