01-Feb-2025 17:43:19 CST  Closed file root://cmsxrootd.fnal.gov//store/mc/RunIISummer20UL18MiniAODv2/WJetsToLNu_HT-200To400_TuneCP5_13TeV-madgraphMLM-pythia8/MINIAODSIM/106X_upgrade2018_realistic_v16_L1v1-v1/110000/FDC6B541-A5AF-C849-807F-6E02C75F2882.root

------------------------------------
GenXsecAnalyzer:
------------------------------------
-------------------------------------------------------------------------------------------------------------------------------------------------------------------------- 
Overall cross-section summary 
--------------------------------------------------------------------------------------------------------------------------------------------------------------------------
Process		xsec_before [pb]		passed	nposw	nnegw	tried	nposw	nnegw 	xsec_match [pb]			accepted [%]	 event_eff [%]
0		2.455e+01 +/- 1.722e-02		15651	15651	0	74032	74032	0	5.190e+00 +/- 3.702e-02		21.1 +/- 0.2	21.1 +/- 0.2
1		2.323e+02 +/- 7.930e-02		119751	119751	0	696063	696063	0	3.996e+01 +/- 1.060e-01		17.2 +/- 0.0	17.2 +/- 0.0
2		6.566e+02 +/- 1.196e-01		186311	186311	0	1938692	1938692	0	6.310e+01 +/- 1.395e-01		9.6 +/- 0.0	9.6 +/- 0.0
3		1.039e+03 +/- 1.380e-01		278062	278062	0	3084093	3084093	0	9.369e+01 +/- 1.699e-01		9.0 +/- 0.0	9.0 +/- 0.0
4		1.518e+01 +/- 1.045e-02		9562	9562	0	45398	45398	0	3.197e+00 +/- 2.913e-02		21.1 +/- 0.2	21.1 +/- 0.2
5		1.495e+02 +/- 5.696e-02		81437	81437	0	451698	451698	0	2.696e+01 +/- 8.614e-02		18.0 +/- 0.1	18.0 +/- 0.1
6		4.205e+02 +/- 8.704e-02		125645	125645	0	1248221	1248221	0	4.233e+01 +/- 1.136e-01		10.1 +/- 0.0	10.1 +/- 0.0
7		6.586e+02 +/- 1.019e-01		184162	184162	0	1978715	1978715	0	6.130e+01 +/- 1.364e-01		9.3 +/- 0.0	9.3 +/- 0.0
-------------------------------------------------------------------------------------------------------------------------------------------------------------------------- 
Total		3.197e+03 +/- 2.474e-01		1000581	1000581	0	9516912	9516912	0	3.361e+02 +/- 3.189e-01		10.5 +/- 0.0	10.5 +/- 0.0
--------------------------------------------------------------------------------------------------------------------------------------------------------------------------
Before matching: total cross section = 3.197e+03 +- 2.474e-01 pb
After matching: total cross section = 3.361e+02 +- 3.189e-01 pb
Matching efficiency = 0.1 +/- 0.0   [TO BE USED IN MCM]
Filter efficiency (taking into account weights)= (1.00058e+06) / (1.00058e+06) = 1.000e+00 +- 0.000e+00
Filter efficiency (event-level)= (1.00058e+06) / (1.00058e+06) = 1.000e+00 +- 0.000e+00    [TO BE USED IN MCM]

After filter: final cross section = 3.361e+02 +- 3.189e-01 pb
After filter: final fraction of events with negative weights = 0.000e+00 +- 0.000e+00
After filter: final equivalent lumi for 1M events (1/fb) = 2.976e+00 +- 4.102e-03
