01-Feb-2025 17:49:19 CST  Closed file root://cmsxrootd.fnal.gov//store/mc/RunIISummer20UL18MiniAODv2/WJetsToLNu_HT-2500ToInf_TuneCP5_13TeV-madgraphMLM-pythia8/MINIAODSIM/106X_upgrade2018_realistic_v16_L1v1-v2/260000/5352386B-C945-DC42-8A44-4AC3DE6FC9EF.root

------------------------------------
GenXsecAnalyzer:
------------------------------------
-------------------------------------------------------------------------------------------------------------------------------------------------------------------------- 
Overall cross-section summary 
--------------------------------------------------------------------------------------------------------------------------------------------------------------------------
Process		xsec_before [pb]		passed	nposw	nnegw	tried	nposw	nnegw 	xsec_match [pb]			accepted [%]	 event_eff [%]
0		5.220e-05 +/- 1.892e-07		7	7	0	224	224	0	1.631e-06 +/- 6.069e-07		3.1 +/- 1.2	3.1 +/- 1.2
1		7.641e-03 +/- 3.128e-06		12274	12274	0	292019	292019	0	3.212e-04 +/- 2.840e-06		4.2 +/- 0.0	4.2 +/- 0.0
2		4.652e-02 +/- 8.346e-06		39532	39532	0	1789590	1789590	0	1.028e-03 +/- 5.114e-06		2.2 +/- 0.0	2.2 +/- 0.0
3		1.565e-01 +/- 1.674e-05		665024	665024	0	5934391	5934391	0	1.754e-02 +/- 2.036e-05		11.2 +/- 0.0	11.2 +/- 0.0
4		5.117e-05 +/- 4.921e-07		1	1	0	39	39	0	1.312e-06 +/- 1.295e-06		2.6 +/- 2.5	2.6 +/- 2.5
5		2.965e-03 +/- 1.562e-06		5242	5242	0	114932	114932	0	1.352e-04 +/- 1.826e-06		4.6 +/- 0.1	4.6 +/- 0.1
6		1.771e-02 +/- 4.636e-06		15766	15766	0	662133	662133	0	4.218e-04 +/- 3.321e-06		2.4 +/- 0.0	2.4 +/- 0.0
7		5.859e-02 +/- 9.337e-06		262170	262170	0	2265599	2265599	0	6.780e-03 +/- 1.250e-05		11.6 +/- 0.0	11.6 +/- 0.0
-------------------------------------------------------------------------------------------------------------------------------------------------------------------------- 
Total		2.901e-01 +/- 2.170e-05		1000016	1000016	0	11058927	11058927	0	2.623e-02 +/- 2.509e-05		9.0 +/- 0.0	9.0 +/- 0.0
--------------------------------------------------------------------------------------------------------------------------------------------------------------------------
Before matching: total cross section = 2.901e-01 +- 2.170e-05 pb
After matching: total cross section = 2.623e-02 +- 2.509e-05 pb
Matching efficiency = 0.1 +/- 0.0   [TO BE USED IN MCM]
Filter efficiency (taking into account weights)= (1.00002e+06) / (1.00002e+06) = 1.000e+00 +- 0.000e+00
Filter efficiency (event-level)= (1.00002e+06) / (1.00002e+06) = 1.000e+00 +- 0.000e+00    [TO BE USED IN MCM]

After filter: final cross section = 2.623e-02 +- 2.509e-05 pb
After filter: final fraction of events with negative weights = 0.000e+00 +- 0.000e+00
After filter: final equivalent lumi for 1M events (1/fb) = 3.812e+04 +- 5.276e+01
