01-Feb-2025 17:37:36 CST  Closed file root://cmsxrootd.fnal.gov//store/mc/RunIISummer20UL18MiniAODv2/WJetsToLNu_HT-1200To2500_TuneCP5_13TeV-madgraphMLM-pythia8/MINIAODSIM/106X_upgrade2018_realistic_v16_L1v1-v2/120000/274640A2-AF08-C74A-9AF6-F98BEC297152.root

------------------------------------
GenXsecAnalyzer:
------------------------------------
-------------------------------------------------------------------------------------------------------------------------------------------------------------------------- 
Overall cross-section summary 
--------------------------------------------------------------------------------------------------------------------------------------------------------------------------
Process		xsec_before [pb]		passed	nposw	nnegw	tried	nposw	nnegw 	xsec_match [pb]			accepted [%]	 event_eff [%]
0		2.644e-03 +/- 3.202e-06		140	140	0	2749	2749	0	1.347e-04 +/- 1.109e-05		5.1 +/- 0.4	5.1 +/- 0.4
1		3.785e-01 +/- 1.561e-04		17936	17936	0	328492	328492	0	2.067e-02 +/- 1.503e-04		5.5 +/- 0.0	5.5 +/- 0.0
2		2.112e+00 +/- 3.806e-04		53981	53981	0	1832178	1832178	0	6.223e-02 +/- 2.641e-04		2.9 +/- 0.0	2.9 +/- 0.0
3		6.460e+00 +/- 7.070e-04		597630	597630	0	5550788	5550788	0	6.955e-01 +/- 8.533e-04		10.8 +/- 0.0	10.8 +/- 0.0
4		1.817e-03 +/- 3.356e-06		60	60	0	969	969	0	1.125e-04 +/- 1.407e-05		6.2 +/- 0.8	6.2 +/- 0.8
5		1.820e-01 +/- 1.046e-04		9683	9683	0	159295	159295	0	1.106e-02 +/- 1.092e-04		6.1 +/- 0.1	6.1 +/- 0.1
6		9.993e-01 +/- 2.460e-04		27398	27398	0	856296	856296	0	3.197e-02 +/- 1.902e-04		3.2 +/- 0.0	3.2 +/- 0.0
7		3.006e+00 +/- 4.428e-04		293651	293651	0	2636947	2636947	0	3.347e-01 +/- 5.844e-04		11.1 +/- 0.0	11.1 +/- 0.0
-------------------------------------------------------------------------------------------------------------------------------------------------------------------------- 
Total		1.314e+01 +/- 9.678e-04		1000479	1000479	0	11367714	11367714	0	1.157e+00 +/- 1.108e-03		8.8 +/- 0.0	8.8 +/- 0.0
--------------------------------------------------------------------------------------------------------------------------------------------------------------------------
Before matching: total cross section = 1.314e+01 +- 9.678e-04 pb
After matching: total cross section = 1.157e+00 +- 1.108e-03 pb
Matching efficiency = 0.1 +/- 0.0   [TO BE USED IN MCM]
Filter efficiency (taking into account weights)= (1.00048e+06) / (1.00048e+06) = 1.000e+00 +- 0.000e+00
Filter efficiency (event-level)= (1.00048e+06) / (1.00048e+06) = 1.000e+00 +- 0.000e+00    [TO BE USED IN MCM]

After filter: final cross section = 1.157e+00 +- 1.108e-03 pb
After filter: final fraction of events with negative weights = 0.000e+00 +- 0.000e+00
After filter: final equivalent lumi for 1M events (1/fb) = 8.646e+02 +- 1.197e+00
