01-Feb-2025 18:02:28 CST  Closed file root://cmsxrootd.fnal.gov//store/mc/RunIISummer20UL18MiniAODv2/WWW_4F_TuneCP5_13TeV-amcatnlo-pythia8/MINIAODSIM/106X_upgrade2018_realistic_v16_L1v1-v1/230000/F95DE254-BE9B-9E41-BDC3-C7C564D02F60.root

------------------------------------
GenXsecAnalyzer:
------------------------------------
-------------------------------------------------------------------------------------------------------------------------------------------------------------------------- 
Overall cross-section summary 
--------------------------------------------------------------------------------------------------------------------------------------------------------------------------
Process		xsec_before [pb]		passed	nposw	nnegw	tried	nposw	nnegw 	xsec_match [pb]			accepted [%]	 event_eff [%]
0		2.158e-01 +/- 2.479e-04		240000	228426	11574	240000	228426	11574	2.158e-01 +/- 2.479e-04		100.0 +/- 0.0	100.0 +/- 0.0
-------------------------------------------------------------------------------------------------------------------------------------------------------------------------- 
Total		2.158e-01 +/- 2.479e-04		240000	228426	11574	240000	228426	11574	2.158e-01 +/- 2.479e-04		100.0 +/- 0.0	100.0 +/- 0.0
--------------------------------------------------------------------------------------------------------------------------------------------------------------------------
Before matching: total cross section = 2.158e-01 +- 2.479e-04 pb
After matching: total cross section = 2.158e-01 +- 2.479e-04 pb
Matching efficiency = 1.0 +/- 0.0   [TO BE USED IN MCM]
Filter efficiency (taking into account weights)= (51638.3) / (51638.3) = 1.000e+00 +- 0.000e+00
Filter efficiency (event-level)= (240000) / (240000) = 1.000e+00 +- 0.000e+00    [TO BE USED IN MCM]

After filter: final cross section = 2.158e-01 +- 2.479e-04 pb
After filter: final fraction of events with negative weights = 4.822e-02 +- 5.161e-06
After filter: final equivalent lumi for 1M events (1/fb) = 3.782e+03 +- 5.205e+00
