01-Feb-2025 16:21:12 CST  Initiating request to open file root://cmsxrootd.fnal.gov//store/mc/Run3Summer22MiniAODv4/DYto2L-4Jets_MLL-120_HT-800to1500_TuneCP5_13p6TeV_madgraphMLM-pythia8/MINIAODSIM/130X_mcRun3_2022_realistic_v5-v2/2810000/6fca39ad-0c22-46f0-b25c-8d5101507912.root
01-Feb-2025 16:21:17 CST  Successfully opened file root://cmsxrootd.fnal.gov//store/mc/Run3Summer22MiniAODv4/DYto2L-4Jets_MLL-120_HT-800to1500_TuneCP5_13p6TeV_madgraphMLM-pythia8/MINIAODSIM/130X_mcRun3_2022_realistic_v5-v2/2810000/6fca39ad-0c22-46f0-b25c-8d5101507912.root
Begin processing the 1st record. Run 1, Event 11161627, LumiSection 2002 on stream 0 at 01-Feb-2025 16:21:23.709 CST
01-Feb-2025 16:21:23 CST  Closed file root://cmsxrootd.fnal.gov//store/mc/Run3Summer22MiniAODv4/DYto2L-4Jets_MLL-120_HT-800to1500_TuneCP5_13p6TeV_madgraphMLM-pythia8/MINIAODSIM/130X_mcRun3_2022_realistic_v5-v2/2810000/6fca39ad-0c22-46f0-b25c-8d5101507912.root
01-Feb-2025 16:21:23 CST  Initiating request to open file root://cmsxrootd.fnal.gov//store/mc/Run3Summer22MiniAODv4/DYto2L-4Jets_MLL-120_HT-800to1500_TuneCP5_13p6TeV_madgraphMLM-pythia8/MINIAODSIM/130X_mcRun3_2022_realistic_v5-v2/2810000/528d3e13-a3e2-470d-893e-d0b3ff9b1fa6.root
01-Feb-2025 16:21:26 CST  Successfully opened file root://cmsxrootd.fnal.gov//store/mc/Run3Summer22MiniAODv4/DYto2L-4Jets_MLL-120_HT-800to1500_TuneCP5_13p6TeV_madgraphMLM-pythia8/MINIAODSIM/130X_mcRun3_2022_realistic_v5-v2/2810000/528d3e13-a3e2-470d-893e-d0b3ff9b1fa6.root
01-Feb-2025 16:21:32 CST  Closed file root://cmsxrootd.fnal.gov//store/mc/Run3Summer22MiniAODv4/DYto2L-4Jets_MLL-120_HT-800to1500_TuneCP5_13p6TeV_madgraphMLM-pythia8/MINIAODSIM/130X_mcRun3_2022_realistic_v5-v2/2810000/528d3e13-a3e2-470d-893e-d0b3ff9b1fa6.root
01-Feb-2025 16:21:32 CST  Initiating request to open file root://cmsxrootd.fnal.gov//store/mc/Run3Summer22MiniAODv4/DYto2L-4Jets_MLL-120_HT-800to1500_TuneCP5_13p6TeV_madgraphMLM-pythia8/MINIAODSIM/130X_mcRun3_2022_realistic_v5-v2/2810000/cc631024-464a-47c7-befa-63b00fc700c1.root
01-Feb-2025 16:21:35 CST  Successfully opened file root://cmsxrootd.fnal.gov//store/mc/Run3Summer22MiniAODv4/DYto2L-4Jets_MLL-120_HT-800to1500_TuneCP5_13p6TeV_madgraphMLM-pythia8/MINIAODSIM/130X_mcRun3_2022_realistic_v5-v2/2810000/cc631024-464a-47c7-befa-63b00fc700c1.root
01-Feb-2025 16:21:40 CST  Closed file root://cmsxrootd.fnal.gov//store/mc/Run3Summer22MiniAODv4/DYto2L-4Jets_MLL-120_HT-800to1500_TuneCP5_13p6TeV_madgraphMLM-pythia8/MINIAODSIM/130X_mcRun3_2022_realistic_v5-v2/2810000/cc631024-464a-47c7-befa-63b00fc700c1.root
01-Feb-2025 16:21:40 CST  Initiating request to open file root://cmsxrootd.fnal.gov//store/mc/Run3Summer22MiniAODv4/DYto2L-4Jets_MLL-120_HT-800to1500_TuneCP5_13p6TeV_madgraphMLM-pythia8/MINIAODSIM/130X_mcRun3_2022_realistic_v5-v2/2810000/b5b35262-7b40-4e6d-8e47-f71f8635ace1.root
01-Feb-2025 16:21:43 CST  Successfully opened file root://cmsxrootd.fnal.gov//store/mc/Run3Summer22MiniAODv4/DYto2L-4Jets_MLL-120_HT-800to1500_TuneCP5_13p6TeV_madgraphMLM-pythia8/MINIAODSIM/130X_mcRun3_2022_realistic_v5-v2/2810000/b5b35262-7b40-4e6d-8e47-f71f8635ace1.root
01-Feb-2025 16:21:50 CST  Closed file root://cmsxrootd.fnal.gov//store/mc/Run3Summer22MiniAODv4/DYto2L-4Jets_MLL-120_HT-800to1500_TuneCP5_13p6TeV_madgraphMLM-pythia8/MINIAODSIM/130X_mcRun3_2022_realistic_v5-v2/2810000/b5b35262-7b40-4e6d-8e47-f71f8635ace1.root
01-Feb-2025 16:21:50 CST  Initiating request to open file root://cmsxrootd.fnal.gov//store/mc/Run3Summer22MiniAODv4/DYto2L-4Jets_MLL-120_HT-800to1500_TuneCP5_13p6TeV_madgraphMLM-pythia8/MINIAODSIM/130X_mcRun3_2022_realistic_v5-v2/2810000/e44be2ec-0fc3-42fa-aa54-9bac5e21422a.root
01-Feb-2025 16:21:52 CST  Successfully opened file root://cmsxrootd.fnal.gov//store/mc/Run3Summer22MiniAODv4/DYto2L-4Jets_MLL-120_HT-800to1500_TuneCP5_13p6TeV_madgraphMLM-pythia8/MINIAODSIM/130X_mcRun3_2022_realistic_v5-v2/2810000/e44be2ec-0fc3-42fa-aa54-9bac5e21422a.root
01-Feb-2025 16:21:55 CST  Closed file root://cmsxrootd.fnal.gov//store/mc/Run3Summer22MiniAODv4/DYto2L-4Jets_MLL-120_HT-800to1500_TuneCP5_13p6TeV_madgraphMLM-pythia8/MINIAODSIM/130X_mcRun3_2022_realistic_v5-v2/2810000/e44be2ec-0fc3-42fa-aa54-9bac5e21422a.root
01-Feb-2025 16:21:55 CST  Initiating request to open file root://cmsxrootd.fnal.gov//store/mc/Run3Summer22MiniAODv4/DYto2L-4Jets_MLL-120_HT-800to1500_TuneCP5_13p6TeV_madgraphMLM-pythia8/MINIAODSIM/130X_mcRun3_2022_realistic_v5-v2/2810000/612ed827-c17a-419a-8a4e-b573d368be4b.root
01-Feb-2025 16:21:57 CST  Successfully opened file root://cmsxrootd.fnal.gov//store/mc/Run3Summer22MiniAODv4/DYto2L-4Jets_MLL-120_HT-800to1500_TuneCP5_13p6TeV_madgraphMLM-pythia8/MINIAODSIM/130X_mcRun3_2022_realistic_v5-v2/2810000/612ed827-c17a-419a-8a4e-b573d368be4b.root
Begin processing the 100001st record. Run 1, Event 14582620, LumiSection 2615 on stream 0 at 01-Feb-2025 16:22:04.051 CST
01-Feb-2025 16:22:04 CST  Closed file root://cmsxrootd.fnal.gov//store/mc/Run3Summer22MiniAODv4/DYto2L-4Jets_MLL-120_HT-800to1500_TuneCP5_13p6TeV_madgraphMLM-pythia8/MINIAODSIM/130X_mcRun3_2022_realistic_v5-v2/2810000/612ed827-c17a-419a-8a4e-b573d368be4b.root
01-Feb-2025 16:22:04 CST  Initiating request to open file root://cmsxrootd.fnal.gov//store/mc/Run3Summer22MiniAODv4/DYto2L-4Jets_MLL-120_HT-800to1500_TuneCP5_13p6TeV_madgraphMLM-pythia8/MINIAODSIM/130X_mcRun3_2022_realistic_v5-v2/2810000/a13fabc0-d2fc-4c7a-a468-9adfa264e324.root
01-Feb-2025 16:22:06 CST  Successfully opened file root://cmsxrootd.fnal.gov//store/mc/Run3Summer22MiniAODv4/DYto2L-4Jets_MLL-120_HT-800to1500_TuneCP5_13p6TeV_madgraphMLM-pythia8/MINIAODSIM/130X_mcRun3_2022_realistic_v5-v2/2810000/a13fabc0-d2fc-4c7a-a468-9adfa264e324.root
%MSG-w XrdAdaptorLvl3:  source 01-Feb-2025 16:22:14 CST PreSource
Deactivating red-xfer1.unl.edu from active sources because its quality (281) is higher than 260 and 4 times larger than the other active server red-xfer5.unl.edu (67) 
%MSG
01-Feb-2025 16:22:16 CST  Closed file root://cmsxrootd.fnal.gov//store/mc/Run3Summer22MiniAODv4/DYto2L-4Jets_MLL-120_HT-800to1500_TuneCP5_13p6TeV_madgraphMLM-pythia8/MINIAODSIM/130X_mcRun3_2022_realistic_v5-v2/2810000/a13fabc0-d2fc-4c7a-a468-9adfa264e324.root
01-Feb-2025 16:22:16 CST  Initiating request to open file root://cmsxrootd.fnal.gov//store/mc/Run3Summer22MiniAODv4/DYto2L-4Jets_MLL-120_HT-800to1500_TuneCP5_13p6TeV_madgraphMLM-pythia8/MINIAODSIM/130X_mcRun3_2022_realistic_v5-v2/2810000/65a4e464-fa79-429b-8d3d-8393555f1aa2.root
01-Feb-2025 16:22:18 CST  Successfully opened file root://cmsxrootd.fnal.gov//store/mc/Run3Summer22MiniAODv4/DYto2L-4Jets_MLL-120_HT-800to1500_TuneCP5_13p6TeV_madgraphMLM-pythia8/MINIAODSIM/130X_mcRun3_2022_realistic_v5-v2/2810000/65a4e464-fa79-429b-8d3d-8393555f1aa2.root
01-Feb-2025 16:22:25 CST  Closed file root://cmsxrootd.fnal.gov//store/mc/Run3Summer22MiniAODv4/DYto2L-4Jets_MLL-120_HT-800to1500_TuneCP5_13p6TeV_madgraphMLM-pythia8/MINIAODSIM/130X_mcRun3_2022_realistic_v5-v2/2810000/65a4e464-fa79-429b-8d3d-8393555f1aa2.root
01-Feb-2025 16:22:25 CST  Initiating request to open file root://cmsxrootd.fnal.gov//store/mc/Run3Summer22MiniAODv4/DYto2L-4Jets_MLL-120_HT-800to1500_TuneCP5_13p6TeV_madgraphMLM-pythia8/MINIAODSIM/130X_mcRun3_2022_realistic_v5-v2/2810000/af8101cc-5426-4a7f-8cd5-747f2bec2d86.root
01-Feb-2025 16:22:27 CST  Successfully opened file root://cmsxrootd.fnal.gov//store/mc/Run3Summer22MiniAODv4/DYto2L-4Jets_MLL-120_HT-800to1500_TuneCP5_13p6TeV_madgraphMLM-pythia8/MINIAODSIM/130X_mcRun3_2022_realistic_v5-v2/2810000/af8101cc-5426-4a7f-8cd5-747f2bec2d86.root
01-Feb-2025 16:22:34 CST  Closed file root://cmsxrootd.fnal.gov//store/mc/Run3Summer22MiniAODv4/DYto2L-4Jets_MLL-120_HT-800to1500_TuneCP5_13p6TeV_madgraphMLM-pythia8/MINIAODSIM/130X_mcRun3_2022_realistic_v5-v2/2810000/af8101cc-5426-4a7f-8cd5-747f2bec2d86.root
01-Feb-2025 16:22:34 CST  Initiating request to open file root://cmsxrootd.fnal.gov//store/mc/Run3Summer22MiniAODv4/DYto2L-4Jets_MLL-120_HT-800to1500_TuneCP5_13p6TeV_madgraphMLM-pythia8/MINIAODSIM/130X_mcRun3_2022_realistic_v5-v2/2810000/5c8b1a55-c428-4565-86b6-06d9f9ec3732.root
01-Feb-2025 16:22:37 CST  Successfully opened file root://cmsxrootd.fnal.gov//store/mc/Run3Summer22MiniAODv4/DYto2L-4Jets_MLL-120_HT-800to1500_TuneCP5_13p6TeV_madgraphMLM-pythia8/MINIAODSIM/130X_mcRun3_2022_realistic_v5-v2/2810000/5c8b1a55-c428-4565-86b6-06d9f9ec3732.root
01-Feb-2025 16:22:43 CST  Closed file root://cmsxrootd.fnal.gov//store/mc/Run3Summer22MiniAODv4/DYto2L-4Jets_MLL-120_HT-800to1500_TuneCP5_13p6TeV_madgraphMLM-pythia8/MINIAODSIM/130X_mcRun3_2022_realistic_v5-v2/2810000/5c8b1a55-c428-4565-86b6-06d9f9ec3732.root
01-Feb-2025 16:22:43 CST  Initiating request to open file root://cmsxrootd.fnal.gov//store/mc/Run3Summer22MiniAODv4/DYto2L-4Jets_MLL-120_HT-800to1500_TuneCP5_13p6TeV_madgraphMLM-pythia8/MINIAODSIM/130X_mcRun3_2022_realistic_v5-v2/2810000/31bceae1-fee2-4ceb-a91c-116e005a0d49.root
01-Feb-2025 16:22:46 CST  Successfully opened file root://cmsxrootd.fnal.gov//store/mc/Run3Summer22MiniAODv4/DYto2L-4Jets_MLL-120_HT-800to1500_TuneCP5_13p6TeV_madgraphMLM-pythia8/MINIAODSIM/130X_mcRun3_2022_realistic_v5-v2/2810000/31bceae1-fee2-4ceb-a91c-116e005a0d49.root
Begin processing the 200001st record. Run 1, Event 1966686, LumiSection 353 on stream 0 at 01-Feb-2025 16:22:52.178 CST
01-Feb-2025 16:22:52 CST  Closed file root://cmsxrootd.fnal.gov//store/mc/Run3Summer22MiniAODv4/DYto2L-4Jets_MLL-120_HT-800to1500_TuneCP5_13p6TeV_madgraphMLM-pythia8/MINIAODSIM/130X_mcRun3_2022_realistic_v5-v2/2810000/31bceae1-fee2-4ceb-a91c-116e005a0d49.root
01-Feb-2025 16:22:52 CST  Initiating request to open file root://cmsxrootd.fnal.gov//store/mc/Run3Summer22MiniAODv4/DYto2L-4Jets_MLL-120_HT-800to1500_TuneCP5_13p6TeV_madgraphMLM-pythia8/MINIAODSIM/130X_mcRun3_2022_realistic_v5-v2/2810000/2324f57c-1329-43ce-ad98-e26850070814.root
01-Feb-2025 16:22:54 CST  Successfully opened file root://cmsxrootd.fnal.gov//store/mc/Run3Summer22MiniAODv4/DYto2L-4Jets_MLL-120_HT-800to1500_TuneCP5_13p6TeV_madgraphMLM-pythia8/MINIAODSIM/130X_mcRun3_2022_realistic_v5-v2/2810000/2324f57c-1329-43ce-ad98-e26850070814.root
01-Feb-2025 16:23:00 CST  Closed file root://cmsxrootd.fnal.gov//store/mc/Run3Summer22MiniAODv4/DYto2L-4Jets_MLL-120_HT-800to1500_TuneCP5_13p6TeV_madgraphMLM-pythia8/MINIAODSIM/130X_mcRun3_2022_realistic_v5-v2/2810000/2324f57c-1329-43ce-ad98-e26850070814.root
01-Feb-2025 16:23:00 CST  Initiating request to open file root://cmsxrootd.fnal.gov//store/mc/Run3Summer22MiniAODv4/DYto2L-4Jets_MLL-120_HT-800to1500_TuneCP5_13p6TeV_madgraphMLM-pythia8/MINIAODSIM/130X_mcRun3_2022_realistic_v5-v2/2810000/944f826e-7541-4f66-a38d-45826a4c4752.root
01-Feb-2025 16:23:02 CST  Successfully opened file root://cmsxrootd.fnal.gov//store/mc/Run3Summer22MiniAODv4/DYto2L-4Jets_MLL-120_HT-800to1500_TuneCP5_13p6TeV_madgraphMLM-pythia8/MINIAODSIM/130X_mcRun3_2022_realistic_v5-v2/2810000/944f826e-7541-4f66-a38d-45826a4c4752.root
01-Feb-2025 16:23:09 CST  Closed file root://cmsxrootd.fnal.gov//store/mc/Run3Summer22MiniAODv4/DYto2L-4Jets_MLL-120_HT-800to1500_TuneCP5_13p6TeV_madgraphMLM-pythia8/MINIAODSIM/130X_mcRun3_2022_realistic_v5-v2/2810000/944f826e-7541-4f66-a38d-45826a4c4752.root
01-Feb-2025 16:23:09 CST  Initiating request to open file root://cmsxrootd.fnal.gov//store/mc/Run3Summer22MiniAODv4/DYto2L-4Jets_MLL-120_HT-800to1500_TuneCP5_13p6TeV_madgraphMLM-pythia8/MINIAODSIM/130X_mcRun3_2022_realistic_v5-v2/2810000/621f3e50-9e25-4cc9-bc7c-f80272c0b1ca.root
01-Feb-2025 16:23:11 CST  Successfully opened file root://cmsxrootd.fnal.gov//store/mc/Run3Summer22MiniAODv4/DYto2L-4Jets_MLL-120_HT-800to1500_TuneCP5_13p6TeV_madgraphMLM-pythia8/MINIAODSIM/130X_mcRun3_2022_realistic_v5-v2/2810000/621f3e50-9e25-4cc9-bc7c-f80272c0b1ca.root
01-Feb-2025 16:23:14 CST  Closed file root://cmsxrootd.fnal.gov//store/mc/Run3Summer22MiniAODv4/DYto2L-4Jets_MLL-120_HT-800to1500_TuneCP5_13p6TeV_madgraphMLM-pythia8/MINIAODSIM/130X_mcRun3_2022_realistic_v5-v2/2810000/621f3e50-9e25-4cc9-bc7c-f80272c0b1ca.root
01-Feb-2025 16:23:14 CST  Initiating request to open file root://cmsxrootd.fnal.gov//store/mc/Run3Summer22MiniAODv4/DYto2L-4Jets_MLL-120_HT-800to1500_TuneCP5_13p6TeV_madgraphMLM-pythia8/MINIAODSIM/130X_mcRun3_2022_realistic_v5-v2/2810000/418a5d13-e159-4422-876f-140502fa9bdf.root
01-Feb-2025 16:23:17 CST  Successfully opened file root://cmsxrootd.fnal.gov//store/mc/Run3Summer22MiniAODv4/DYto2L-4Jets_MLL-120_HT-800to1500_TuneCP5_13p6TeV_madgraphMLM-pythia8/MINIAODSIM/130X_mcRun3_2022_realistic_v5-v2/2810000/418a5d13-e159-4422-876f-140502fa9bdf.root
01-Feb-2025 16:23:24 CST  Closed file root://cmsxrootd.fnal.gov//store/mc/Run3Summer22MiniAODv4/DYto2L-4Jets_MLL-120_HT-800to1500_TuneCP5_13p6TeV_madgraphMLM-pythia8/MINIAODSIM/130X_mcRun3_2022_realistic_v5-v2/2810000/418a5d13-e159-4422-876f-140502fa9bdf.root
01-Feb-2025 16:23:24 CST  Initiating request to open file root://cmsxrootd.fnal.gov//store/mc/Run3Summer22MiniAODv4/DYto2L-4Jets_MLL-120_HT-800to1500_TuneCP5_13p6TeV_madgraphMLM-pythia8/MINIAODSIM/130X_mcRun3_2022_realistic_v5-v2/2810000/6bea7bb2-248e-476a-8cb3-593b7529ab17.root
01-Feb-2025 16:23:26 CST  Successfully opened file root://cmsxrootd.fnal.gov//store/mc/Run3Summer22MiniAODv4/DYto2L-4Jets_MLL-120_HT-800to1500_TuneCP5_13p6TeV_madgraphMLM-pythia8/MINIAODSIM/130X_mcRun3_2022_realistic_v5-v2/2810000/6bea7bb2-248e-476a-8cb3-593b7529ab17.root
Begin processing the 300001st record. Run 1, Event 15675102, LumiSection 2811 on stream 0 at 01-Feb-2025 16:23:33.395 CST
01-Feb-2025 16:23:33 CST  Closed file root://cmsxrootd.fnal.gov//store/mc/Run3Summer22MiniAODv4/DYto2L-4Jets_MLL-120_HT-800to1500_TuneCP5_13p6TeV_madgraphMLM-pythia8/MINIAODSIM/130X_mcRun3_2022_realistic_v5-v2/2810000/6bea7bb2-248e-476a-8cb3-593b7529ab17.root
01-Feb-2025 16:23:33 CST  Initiating request to open file root://cmsxrootd.fnal.gov//store/mc/Run3Summer22MiniAODv4/DYto2L-4Jets_MLL-120_HT-800to1500_TuneCP5_13p6TeV_madgraphMLM-pythia8/MINIAODSIM/130X_mcRun3_2022_realistic_v5-v2/2810000/9d220982-a2c9-4991-9b89-dd7f366dc78c.root
01-Feb-2025 16:23:36 CST  Successfully opened file root://cmsxrootd.fnal.gov//store/mc/Run3Summer22MiniAODv4/DYto2L-4Jets_MLL-120_HT-800to1500_TuneCP5_13p6TeV_madgraphMLM-pythia8/MINIAODSIM/130X_mcRun3_2022_realistic_v5-v2/2810000/9d220982-a2c9-4991-9b89-dd7f366dc78c.root
01-Feb-2025 16:23:45 CST  Closed file root://cmsxrootd.fnal.gov//store/mc/Run3Summer22MiniAODv4/DYto2L-4Jets_MLL-120_HT-800to1500_TuneCP5_13p6TeV_madgraphMLM-pythia8/MINIAODSIM/130X_mcRun3_2022_realistic_v5-v2/2810000/9d220982-a2c9-4991-9b89-dd7f366dc78c.root
01-Feb-2025 16:23:45 CST  Initiating request to open file root://cmsxrootd.fnal.gov//store/mc/Run3Summer22MiniAODv4/DYto2L-4Jets_MLL-120_HT-800to1500_TuneCP5_13p6TeV_madgraphMLM-pythia8/MINIAODSIM/130X_mcRun3_2022_realistic_v5-v2/2810000/de7edfd6-c077-4033-a416-727a84d41fad.root
01-Feb-2025 16:23:48 CST  Successfully opened file root://cmsxrootd.fnal.gov//store/mc/Run3Summer22MiniAODv4/DYto2L-4Jets_MLL-120_HT-800to1500_TuneCP5_13p6TeV_madgraphMLM-pythia8/MINIAODSIM/130X_mcRun3_2022_realistic_v5-v2/2810000/de7edfd6-c077-4033-a416-727a84d41fad.root
01-Feb-2025 16:23:54 CST  Closed file root://cmsxrootd.fnal.gov//store/mc/Run3Summer22MiniAODv4/DYto2L-4Jets_MLL-120_HT-800to1500_TuneCP5_13p6TeV_madgraphMLM-pythia8/MINIAODSIM/130X_mcRun3_2022_realistic_v5-v2/2810000/de7edfd6-c077-4033-a416-727a84d41fad.root
01-Feb-2025 16:23:54 CST  Initiating request to open file root://cmsxrootd.fnal.gov//store/mc/Run3Summer22MiniAODv4/DYto2L-4Jets_MLL-120_HT-800to1500_TuneCP5_13p6TeV_madgraphMLM-pythia8/MINIAODSIM/130X_mcRun3_2022_realistic_v5-v2/2810000/88d0fb6a-4f6d-48d5-abe8-6c8980c58b64.root
01-Feb-2025 16:23:56 CST  Successfully opened file root://cmsxrootd.fnal.gov//store/mc/Run3Summer22MiniAODv4/DYto2L-4Jets_MLL-120_HT-800to1500_TuneCP5_13p6TeV_madgraphMLM-pythia8/MINIAODSIM/130X_mcRun3_2022_realistic_v5-v2/2810000/88d0fb6a-4f6d-48d5-abe8-6c8980c58b64.root
01-Feb-2025 16:24:03 CST  Closed file root://cmsxrootd.fnal.gov//store/mc/Run3Summer22MiniAODv4/DYto2L-4Jets_MLL-120_HT-800to1500_TuneCP5_13p6TeV_madgraphMLM-pythia8/MINIAODSIM/130X_mcRun3_2022_realistic_v5-v2/2810000/88d0fb6a-4f6d-48d5-abe8-6c8980c58b64.root
01-Feb-2025 16:24:03 CST  Initiating request to open file root://cmsxrootd.fnal.gov//store/mc/Run3Summer22MiniAODv4/DYto2L-4Jets_MLL-120_HT-800to1500_TuneCP5_13p6TeV_madgraphMLM-pythia8/MINIAODSIM/130X_mcRun3_2022_realistic_v5-v2/2810000/1118fc2f-5424-461c-83c8-329bf9210de9.root
01-Feb-2025 16:24:05 CST  Successfully opened file root://cmsxrootd.fnal.gov//store/mc/Run3Summer22MiniAODv4/DYto2L-4Jets_MLL-120_HT-800to1500_TuneCP5_13p6TeV_madgraphMLM-pythia8/MINIAODSIM/130X_mcRun3_2022_realistic_v5-v2/2810000/1118fc2f-5424-461c-83c8-329bf9210de9.root
01-Feb-2025 16:24:12 CST  Closed file root://cmsxrootd.fnal.gov//store/mc/Run3Summer22MiniAODv4/DYto2L-4Jets_MLL-120_HT-800to1500_TuneCP5_13p6TeV_madgraphMLM-pythia8/MINIAODSIM/130X_mcRun3_2022_realistic_v5-v2/2810000/1118fc2f-5424-461c-83c8-329bf9210de9.root
01-Feb-2025 16:24:12 CST  Initiating request to open file root://cmsxrootd.fnal.gov//store/mc/Run3Summer22MiniAODv4/DYto2L-4Jets_MLL-120_HT-800to1500_TuneCP5_13p6TeV_madgraphMLM-pythia8/MINIAODSIM/130X_mcRun3_2022_realistic_v5-v2/2810000/4caabe93-f712-4aa5-986d-53056db07b8e.root
01-Feb-2025 16:24:15 CST  Successfully opened file root://cmsxrootd.fnal.gov//store/mc/Run3Summer22MiniAODv4/DYto2L-4Jets_MLL-120_HT-800to1500_TuneCP5_13p6TeV_madgraphMLM-pythia8/MINIAODSIM/130X_mcRun3_2022_realistic_v5-v2/2810000/4caabe93-f712-4aa5-986d-53056db07b8e.root
Begin processing the 400001st record. Run 1, Event 17858832, LumiSection 3202 on stream 0 at 01-Feb-2025 16:24:22.637 CST
01-Feb-2025 16:24:22 CST  Closed file root://cmsxrootd.fnal.gov//store/mc/Run3Summer22MiniAODv4/DYto2L-4Jets_MLL-120_HT-800to1500_TuneCP5_13p6TeV_madgraphMLM-pythia8/MINIAODSIM/130X_mcRun3_2022_realistic_v5-v2/2810000/4caabe93-f712-4aa5-986d-53056db07b8e.root
01-Feb-2025 16:24:22 CST  Initiating request to open file root://cmsxrootd.fnal.gov//store/mc/Run3Summer22MiniAODv4/DYto2L-4Jets_MLL-120_HT-800to1500_TuneCP5_13p6TeV_madgraphMLM-pythia8/MINIAODSIM/130X_mcRun3_2022_realistic_v5-v2/2810000/364f25cf-d581-4e6f-9e78-f79114f7c0ca.root
01-Feb-2025 16:24:25 CST  Successfully opened file root://cmsxrootd.fnal.gov//store/mc/Run3Summer22MiniAODv4/DYto2L-4Jets_MLL-120_HT-800to1500_TuneCP5_13p6TeV_madgraphMLM-pythia8/MINIAODSIM/130X_mcRun3_2022_realistic_v5-v2/2810000/364f25cf-d581-4e6f-9e78-f79114f7c0ca.root
01-Feb-2025 16:24:32 CST  Closed file root://cmsxrootd.fnal.gov//store/mc/Run3Summer22MiniAODv4/DYto2L-4Jets_MLL-120_HT-800to1500_TuneCP5_13p6TeV_madgraphMLM-pythia8/MINIAODSIM/130X_mcRun3_2022_realistic_v5-v2/2810000/364f25cf-d581-4e6f-9e78-f79114f7c0ca.root
01-Feb-2025 16:24:32 CST  Initiating request to open file root://cmsxrootd.fnal.gov//store/mc/Run3Summer22MiniAODv4/DYto2L-4Jets_MLL-120_HT-800to1500_TuneCP5_13p6TeV_madgraphMLM-pythia8/MINIAODSIM/130X_mcRun3_2022_realistic_v5-v2/2810000/b826a798-4750-486a-943f-cf6191c8cdb7.root
01-Feb-2025 16:24:35 CST  Successfully opened file root://cmsxrootd.fnal.gov//store/mc/Run3Summer22MiniAODv4/DYto2L-4Jets_MLL-120_HT-800to1500_TuneCP5_13p6TeV_madgraphMLM-pythia8/MINIAODSIM/130X_mcRun3_2022_realistic_v5-v2/2810000/b826a798-4750-486a-943f-cf6191c8cdb7.root
01-Feb-2025 16:24:40 CST  Closed file root://cmsxrootd.fnal.gov//store/mc/Run3Summer22MiniAODv4/DYto2L-4Jets_MLL-120_HT-800to1500_TuneCP5_13p6TeV_madgraphMLM-pythia8/MINIAODSIM/130X_mcRun3_2022_realistic_v5-v2/2810000/b826a798-4750-486a-943f-cf6191c8cdb7.root
01-Feb-2025 16:24:40 CST  Initiating request to open file root://cmsxrootd.fnal.gov//store/mc/Run3Summer22MiniAODv4/DYto2L-4Jets_MLL-120_HT-800to1500_TuneCP5_13p6TeV_madgraphMLM-pythia8/MINIAODSIM/130X_mcRun3_2022_realistic_v5-v2/2810000/ce56030f-ede0-4e0d-87f3-e856869c741f.root
01-Feb-2025 16:24:43 CST  Successfully opened file root://cmsxrootd.fnal.gov//store/mc/Run3Summer22MiniAODv4/DYto2L-4Jets_MLL-120_HT-800to1500_TuneCP5_13p6TeV_madgraphMLM-pythia8/MINIAODSIM/130X_mcRun3_2022_realistic_v5-v2/2810000/ce56030f-ede0-4e0d-87f3-e856869c741f.root
01-Feb-2025 16:24:49 CST  Closed file root://cmsxrootd.fnal.gov//store/mc/Run3Summer22MiniAODv4/DYto2L-4Jets_MLL-120_HT-800to1500_TuneCP5_13p6TeV_madgraphMLM-pythia8/MINIAODSIM/130X_mcRun3_2022_realistic_v5-v2/2810000/ce56030f-ede0-4e0d-87f3-e856869c741f.root
01-Feb-2025 16:24:49 CST  Initiating request to open file root://cmsxrootd.fnal.gov//store/mc/Run3Summer22MiniAODv4/DYto2L-4Jets_MLL-120_HT-800to1500_TuneCP5_13p6TeV_madgraphMLM-pythia8/MINIAODSIM/130X_mcRun3_2022_realistic_v5-v2/2810000/6f9c38d9-8b4d-41f7-986f-d86a051a7f4b.root
01-Feb-2025 16:24:51 CST  Successfully opened file root://cmsxrootd.fnal.gov//store/mc/Run3Summer22MiniAODv4/DYto2L-4Jets_MLL-120_HT-800to1500_TuneCP5_13p6TeV_madgraphMLM-pythia8/MINIAODSIM/130X_mcRun3_2022_realistic_v5-v2/2810000/6f9c38d9-8b4d-41f7-986f-d86a051a7f4b.root
01-Feb-2025 16:24:56 CST  Closed file root://cmsxrootd.fnal.gov//store/mc/Run3Summer22MiniAODv4/DYto2L-4Jets_MLL-120_HT-800to1500_TuneCP5_13p6TeV_madgraphMLM-pythia8/MINIAODSIM/130X_mcRun3_2022_realistic_v5-v2/2810000/6f9c38d9-8b4d-41f7-986f-d86a051a7f4b.root
01-Feb-2025 16:24:56 CST  Initiating request to open file root://cmsxrootd.fnal.gov//store/mc/Run3Summer22MiniAODv4/DYto2L-4Jets_MLL-120_HT-800to1500_TuneCP5_13p6TeV_madgraphMLM-pythia8/MINIAODSIM/130X_mcRun3_2022_realistic_v5-v2/2810000/68e31e3d-b2b5-411f-8e62-e14649a24fe2.root
01-Feb-2025 16:24:59 CST  Successfully opened file root://cmsxrootd.fnal.gov//store/mc/Run3Summer22MiniAODv4/DYto2L-4Jets_MLL-120_HT-800to1500_TuneCP5_13p6TeV_madgraphMLM-pythia8/MINIAODSIM/130X_mcRun3_2022_realistic_v5-v2/2810000/68e31e3d-b2b5-411f-8e62-e14649a24fe2.root
Begin processing the 500001st record. Run 1, Event 3265901, LumiSection 586 on stream 0 at 01-Feb-2025 16:25:06.320 CST
01-Feb-2025 16:25:06 CST  Closed file root://cmsxrootd.fnal.gov//store/mc/Run3Summer22MiniAODv4/DYto2L-4Jets_MLL-120_HT-800to1500_TuneCP5_13p6TeV_madgraphMLM-pythia8/MINIAODSIM/130X_mcRun3_2022_realistic_v5-v2/2810000/68e31e3d-b2b5-411f-8e62-e14649a24fe2.root
01-Feb-2025 16:25:06 CST  Initiating request to open file root://cmsxrootd.fnal.gov//store/mc/Run3Summer22MiniAODv4/DYto2L-4Jets_MLL-120_HT-800to1500_TuneCP5_13p6TeV_madgraphMLM-pythia8/MINIAODSIM/130X_mcRun3_2022_realistic_v5-v2/2810000/ba052a69-c0d7-4ce1-bf8c-b264171b8280.root
01-Feb-2025 16:25:08 CST  Successfully opened file root://cmsxrootd.fnal.gov//store/mc/Run3Summer22MiniAODv4/DYto2L-4Jets_MLL-120_HT-800to1500_TuneCP5_13p6TeV_madgraphMLM-pythia8/MINIAODSIM/130X_mcRun3_2022_realistic_v5-v2/2810000/ba052a69-c0d7-4ce1-bf8c-b264171b8280.root
01-Feb-2025 16:25:11 CST  Closed file root://cmsxrootd.fnal.gov//store/mc/Run3Summer22MiniAODv4/DYto2L-4Jets_MLL-120_HT-800to1500_TuneCP5_13p6TeV_madgraphMLM-pythia8/MINIAODSIM/130X_mcRun3_2022_realistic_v5-v2/2810000/ba052a69-c0d7-4ce1-bf8c-b264171b8280.root
01-Feb-2025 16:25:11 CST  Initiating request to open file root://cmsxrootd.fnal.gov//store/mc/Run3Summer22MiniAODv4/DYto2L-4Jets_MLL-120_HT-800to1500_TuneCP5_13p6TeV_madgraphMLM-pythia8/MINIAODSIM/130X_mcRun3_2022_realistic_v5-v2/2810000/38fbac3a-60a2-41ae-a19b-fd3eddaffb54.root
01-Feb-2025 16:25:14 CST  Successfully opened file root://cmsxrootd.fnal.gov//store/mc/Run3Summer22MiniAODv4/DYto2L-4Jets_MLL-120_HT-800to1500_TuneCP5_13p6TeV_madgraphMLM-pythia8/MINIAODSIM/130X_mcRun3_2022_realistic_v5-v2/2810000/38fbac3a-60a2-41ae-a19b-fd3eddaffb54.root
01-Feb-2025 16:25:22 CST  Closed file root://cmsxrootd.fnal.gov//store/mc/Run3Summer22MiniAODv4/DYto2L-4Jets_MLL-120_HT-800to1500_TuneCP5_13p6TeV_madgraphMLM-pythia8/MINIAODSIM/130X_mcRun3_2022_realistic_v5-v2/2810000/38fbac3a-60a2-41ae-a19b-fd3eddaffb54.root
01-Feb-2025 16:25:22 CST  Initiating request to open file root://cmsxrootd.fnal.gov//store/mc/Run3Summer22MiniAODv4/DYto2L-4Jets_MLL-120_HT-800to1500_TuneCP5_13p6TeV_madgraphMLM-pythia8/MINIAODSIM/130X_mcRun3_2022_realistic_v5-v2/2810000/65693d36-fc4b-4363-98c5-e88e57a3307e.root
01-Feb-2025 16:25:24 CST  Successfully opened file root://cmsxrootd.fnal.gov//store/mc/Run3Summer22MiniAODv4/DYto2L-4Jets_MLL-120_HT-800to1500_TuneCP5_13p6TeV_madgraphMLM-pythia8/MINIAODSIM/130X_mcRun3_2022_realistic_v5-v2/2810000/65693d36-fc4b-4363-98c5-e88e57a3307e.root
01-Feb-2025 16:25:30 CST  Closed file root://cmsxrootd.fnal.gov//store/mc/Run3Summer22MiniAODv4/DYto2L-4Jets_MLL-120_HT-800to1500_TuneCP5_13p6TeV_madgraphMLM-pythia8/MINIAODSIM/130X_mcRun3_2022_realistic_v5-v2/2810000/65693d36-fc4b-4363-98c5-e88e57a3307e.root
01-Feb-2025 16:25:30 CST  Initiating request to open file root://cmsxrootd.fnal.gov//store/mc/Run3Summer22MiniAODv4/DYto2L-4Jets_MLL-120_HT-800to1500_TuneCP5_13p6TeV_madgraphMLM-pythia8/MINIAODSIM/130X_mcRun3_2022_realistic_v5-v2/2810000/560538a2-dee1-4b90-a842-7668852f5c26.root
01-Feb-2025 16:25:32 CST  Successfully opened file root://cmsxrootd.fnal.gov//store/mc/Run3Summer22MiniAODv4/DYto2L-4Jets_MLL-120_HT-800to1500_TuneCP5_13p6TeV_madgraphMLM-pythia8/MINIAODSIM/130X_mcRun3_2022_realistic_v5-v2/2810000/560538a2-dee1-4b90-a842-7668852f5c26.root
01-Feb-2025 16:25:39 CST  Closed file root://cmsxrootd.fnal.gov//store/mc/Run3Summer22MiniAODv4/DYto2L-4Jets_MLL-120_HT-800to1500_TuneCP5_13p6TeV_madgraphMLM-pythia8/MINIAODSIM/130X_mcRun3_2022_realistic_v5-v2/2810000/560538a2-dee1-4b90-a842-7668852f5c26.root
01-Feb-2025 16:25:39 CST  Initiating request to open file root://cmsxrootd.fnal.gov//store/mc/Run3Summer22MiniAODv4/DYto2L-4Jets_MLL-120_HT-800to1500_TuneCP5_13p6TeV_madgraphMLM-pythia8/MINIAODSIM/130X_mcRun3_2022_realistic_v5-v2/2810000/09235135-b701-4d5d-a0c9-8fcfcadba6ec.root
01-Feb-2025 16:25:42 CST  Successfully opened file root://cmsxrootd.fnal.gov//store/mc/Run3Summer22MiniAODv4/DYto2L-4Jets_MLL-120_HT-800to1500_TuneCP5_13p6TeV_madgraphMLM-pythia8/MINIAODSIM/130X_mcRun3_2022_realistic_v5-v2/2810000/09235135-b701-4d5d-a0c9-8fcfcadba6ec.root
01-Feb-2025 16:25:48 CST  Closed file root://cmsxrootd.fnal.gov//store/mc/Run3Summer22MiniAODv4/DYto2L-4Jets_MLL-120_HT-800to1500_TuneCP5_13p6TeV_madgraphMLM-pythia8/MINIAODSIM/130X_mcRun3_2022_realistic_v5-v2/2810000/09235135-b701-4d5d-a0c9-8fcfcadba6ec.root
01-Feb-2025 16:25:48 CST  Initiating request to open file root://cmsxrootd.fnal.gov//store/mc/Run3Summer22MiniAODv4/DYto2L-4Jets_MLL-120_HT-800to1500_TuneCP5_13p6TeV_madgraphMLM-pythia8/MINIAODSIM/130X_mcRun3_2022_realistic_v5-v2/2810000/3f16de0d-90d3-4a06-b226-060569fff66e.root
01-Feb-2025 16:25:50 CST  Successfully opened file root://cmsxrootd.fnal.gov//store/mc/Run3Summer22MiniAODv4/DYto2L-4Jets_MLL-120_HT-800to1500_TuneCP5_13p6TeV_madgraphMLM-pythia8/MINIAODSIM/130X_mcRun3_2022_realistic_v5-v2/2810000/3f16de0d-90d3-4a06-b226-060569fff66e.root
Begin processing the 600001st record. Run 1, Event 10633775, LumiSection 1907 on stream 0 at 01-Feb-2025 16:25:52.822 CST
01-Feb-2025 16:25:52 CST  Closed file root://cmsxrootd.fnal.gov//store/mc/Run3Summer22MiniAODv4/DYto2L-4Jets_MLL-120_HT-800to1500_TuneCP5_13p6TeV_madgraphMLM-pythia8/MINIAODSIM/130X_mcRun3_2022_realistic_v5-v2/2810000/3f16de0d-90d3-4a06-b226-060569fff66e.root
01-Feb-2025 16:25:52 CST  Initiating request to open file root://cmsxrootd.fnal.gov//store/mc/Run3Summer22MiniAODv4/DYto2L-4Jets_MLL-120_HT-800to1500_TuneCP5_13p6TeV_madgraphMLM-pythia8/MINIAODSIM/130X_mcRun3_2022_realistic_v5-v2/2810000/49b2a99f-1db6-4799-82e9-8137a3ef0f56.root
01-Feb-2025 16:25:55 CST  Successfully opened file root://cmsxrootd.fnal.gov//store/mc/Run3Summer22MiniAODv4/DYto2L-4Jets_MLL-120_HT-800to1500_TuneCP5_13p6TeV_madgraphMLM-pythia8/MINIAODSIM/130X_mcRun3_2022_realistic_v5-v2/2810000/49b2a99f-1db6-4799-82e9-8137a3ef0f56.root
01-Feb-2025 16:26:00 CST  Closed file root://cmsxrootd.fnal.gov//store/mc/Run3Summer22MiniAODv4/DYto2L-4Jets_MLL-120_HT-800to1500_TuneCP5_13p6TeV_madgraphMLM-pythia8/MINIAODSIM/130X_mcRun3_2022_realistic_v5-v2/2810000/49b2a99f-1db6-4799-82e9-8137a3ef0f56.root
01-Feb-2025 16:26:00 CST  Initiating request to open file root://cmsxrootd.fnal.gov//store/mc/Run3Summer22MiniAODv4/DYto2L-4Jets_MLL-120_HT-800to1500_TuneCP5_13p6TeV_madgraphMLM-pythia8/MINIAODSIM/130X_mcRun3_2022_realistic_v5-v2/2810000/ce4ccbd7-f2fb-4b1d-96cf-7646be1cb9b5.root
01-Feb-2025 16:26:03 CST  Successfully opened file root://cmsxrootd.fnal.gov//store/mc/Run3Summer22MiniAODv4/DYto2L-4Jets_MLL-120_HT-800to1500_TuneCP5_13p6TeV_madgraphMLM-pythia8/MINIAODSIM/130X_mcRun3_2022_realistic_v5-v2/2810000/ce4ccbd7-f2fb-4b1d-96cf-7646be1cb9b5.root
01-Feb-2025 16:26:05 CST  Closed file root://cmsxrootd.fnal.gov//store/mc/Run3Summer22MiniAODv4/DYto2L-4Jets_MLL-120_HT-800to1500_TuneCP5_13p6TeV_madgraphMLM-pythia8/MINIAODSIM/130X_mcRun3_2022_realistic_v5-v2/2810000/ce4ccbd7-f2fb-4b1d-96cf-7646be1cb9b5.root
01-Feb-2025 16:26:05 CST  Initiating request to open file root://cmsxrootd.fnal.gov//store/mc/Run3Summer22MiniAODv4/DYto2L-4Jets_MLL-120_HT-800to1500_TuneCP5_13p6TeV_madgraphMLM-pythia8/MINIAODSIM/130X_mcRun3_2022_realistic_v5-v2/2810000/9b5b76cb-40d3-4d23-935e-23bc784e6a34.root
01-Feb-2025 16:26:07 CST  Successfully opened file root://cmsxrootd.fnal.gov//store/mc/Run3Summer22MiniAODv4/DYto2L-4Jets_MLL-120_HT-800to1500_TuneCP5_13p6TeV_madgraphMLM-pythia8/MINIAODSIM/130X_mcRun3_2022_realistic_v5-v2/2810000/9b5b76cb-40d3-4d23-935e-23bc784e6a34.root
01-Feb-2025 16:26:15 CST  Closed file root://cmsxrootd.fnal.gov//store/mc/Run3Summer22MiniAODv4/DYto2L-4Jets_MLL-120_HT-800to1500_TuneCP5_13p6TeV_madgraphMLM-pythia8/MINIAODSIM/130X_mcRun3_2022_realistic_v5-v2/2810000/9b5b76cb-40d3-4d23-935e-23bc784e6a34.root
01-Feb-2025 16:26:15 CST  Initiating request to open file root://cmsxrootd.fnal.gov//store/mc/Run3Summer22MiniAODv4/DYto2L-4Jets_MLL-120_HT-800to1500_TuneCP5_13p6TeV_madgraphMLM-pythia8/MINIAODSIM/130X_mcRun3_2022_realistic_v5-v2/2810000/38f2e914-80bc-49d6-97a8-aaba3d6ebee6.root
01-Feb-2025 16:26:17 CST  Successfully opened file root://cmsxrootd.fnal.gov//store/mc/Run3Summer22MiniAODv4/DYto2L-4Jets_MLL-120_HT-800to1500_TuneCP5_13p6TeV_madgraphMLM-pythia8/MINIAODSIM/130X_mcRun3_2022_realistic_v5-v2/2810000/38f2e914-80bc-49d6-97a8-aaba3d6ebee6.root
01-Feb-2025 16:26:23 CST  Closed file root://cmsxrootd.fnal.gov//store/mc/Run3Summer22MiniAODv4/DYto2L-4Jets_MLL-120_HT-800to1500_TuneCP5_13p6TeV_madgraphMLM-pythia8/MINIAODSIM/130X_mcRun3_2022_realistic_v5-v2/2810000/38f2e914-80bc-49d6-97a8-aaba3d6ebee6.root
01-Feb-2025 16:26:23 CST  Initiating request to open file root://cmsxrootd.fnal.gov//store/mc/Run3Summer22MiniAODv4/DYto2L-4Jets_MLL-120_HT-800to1500_TuneCP5_13p6TeV_madgraphMLM-pythia8/MINIAODSIM/130X_mcRun3_2022_realistic_v5-v2/2810000/d58fbf62-4938-47fc-b728-ef4fd8ba884f.root
01-Feb-2025 16:26:26 CST  Successfully opened file root://cmsxrootd.fnal.gov//store/mc/Run3Summer22MiniAODv4/DYto2L-4Jets_MLL-120_HT-800to1500_TuneCP5_13p6TeV_madgraphMLM-pythia8/MINIAODSIM/130X_mcRun3_2022_realistic_v5-v2/2810000/d58fbf62-4938-47fc-b728-ef4fd8ba884f.root
01-Feb-2025 16:26:33 CST  Closed file root://cmsxrootd.fnal.gov//store/mc/Run3Summer22MiniAODv4/DYto2L-4Jets_MLL-120_HT-800to1500_TuneCP5_13p6TeV_madgraphMLM-pythia8/MINIAODSIM/130X_mcRun3_2022_realistic_v5-v2/2810000/d58fbf62-4938-47fc-b728-ef4fd8ba884f.root
01-Feb-2025 16:26:33 CST  Initiating request to open file root://cmsxrootd.fnal.gov//store/mc/Run3Summer22MiniAODv4/DYto2L-4Jets_MLL-120_HT-800to1500_TuneCP5_13p6TeV_madgraphMLM-pythia8/MINIAODSIM/130X_mcRun3_2022_realistic_v5-v2/2810000/1493c6df-6610-4901-90e6-5c4d8cfa0495.root
01-Feb-2025 16:26:35 CST  Successfully opened file root://cmsxrootd.fnal.gov//store/mc/Run3Summer22MiniAODv4/DYto2L-4Jets_MLL-120_HT-800to1500_TuneCP5_13p6TeV_madgraphMLM-pythia8/MINIAODSIM/130X_mcRun3_2022_realistic_v5-v2/2810000/1493c6df-6610-4901-90e6-5c4d8cfa0495.root
Begin processing the 700001st record. Run 1, Event 18589850, LumiSection 3333 on stream 0 at 01-Feb-2025 16:26:41.648 CST
01-Feb-2025 16:26:41 CST  Closed file root://cmsxrootd.fnal.gov//store/mc/Run3Summer22MiniAODv4/DYto2L-4Jets_MLL-120_HT-800to1500_TuneCP5_13p6TeV_madgraphMLM-pythia8/MINIAODSIM/130X_mcRun3_2022_realistic_v5-v2/2810000/1493c6df-6610-4901-90e6-5c4d8cfa0495.root
01-Feb-2025 16:26:41 CST  Initiating request to open file root://cmsxrootd.fnal.gov//store/mc/Run3Summer22MiniAODv4/DYto2L-4Jets_MLL-120_HT-800to1500_TuneCP5_13p6TeV_madgraphMLM-pythia8/MINIAODSIM/130X_mcRun3_2022_realistic_v5-v2/2810000/f5af3321-64ae-4a98-a481-1ba5d058c2f0.root
01-Feb-2025 16:26:44 CST  Successfully opened file root://cmsxrootd.fnal.gov//store/mc/Run3Summer22MiniAODv4/DYto2L-4Jets_MLL-120_HT-800to1500_TuneCP5_13p6TeV_madgraphMLM-pythia8/MINIAODSIM/130X_mcRun3_2022_realistic_v5-v2/2810000/f5af3321-64ae-4a98-a481-1ba5d058c2f0.root
01-Feb-2025 16:26:52 CST  Closed file root://cmsxrootd.fnal.gov//store/mc/Run3Summer22MiniAODv4/DYto2L-4Jets_MLL-120_HT-800to1500_TuneCP5_13p6TeV_madgraphMLM-pythia8/MINIAODSIM/130X_mcRun3_2022_realistic_v5-v2/2810000/f5af3321-64ae-4a98-a481-1ba5d058c2f0.root
01-Feb-2025 16:26:52 CST  Initiating request to open file root://cmsxrootd.fnal.gov//store/mc/Run3Summer22MiniAODv4/DYto2L-4Jets_MLL-120_HT-800to1500_TuneCP5_13p6TeV_madgraphMLM-pythia8/MINIAODSIM/130X_mcRun3_2022_realistic_v5-v2/2810000/6f78aba9-1081-4a9c-b9e4-861e0ac4a845.root
01-Feb-2025 16:26:54 CST  Successfully opened file root://cmsxrootd.fnal.gov//store/mc/Run3Summer22MiniAODv4/DYto2L-4Jets_MLL-120_HT-800to1500_TuneCP5_13p6TeV_madgraphMLM-pythia8/MINIAODSIM/130X_mcRun3_2022_realistic_v5-v2/2810000/6f78aba9-1081-4a9c-b9e4-861e0ac4a845.root
01-Feb-2025 16:27:01 CST  Closed file root://cmsxrootd.fnal.gov//store/mc/Run3Summer22MiniAODv4/DYto2L-4Jets_MLL-120_HT-800to1500_TuneCP5_13p6TeV_madgraphMLM-pythia8/MINIAODSIM/130X_mcRun3_2022_realistic_v5-v2/2810000/6f78aba9-1081-4a9c-b9e4-861e0ac4a845.root
01-Feb-2025 16:27:01 CST  Initiating request to open file root://cmsxrootd.fnal.gov//store/mc/Run3Summer22MiniAODv4/DYto2L-4Jets_MLL-120_HT-800to1500_TuneCP5_13p6TeV_madgraphMLM-pythia8/MINIAODSIM/130X_mcRun3_2022_realistic_v5-v2/2810000/0e34ee41-c273-4134-b5e0-9d54f9c78a8e.root
01-Feb-2025 16:27:03 CST  Successfully opened file root://cmsxrootd.fnal.gov//store/mc/Run3Summer22MiniAODv4/DYto2L-4Jets_MLL-120_HT-800to1500_TuneCP5_13p6TeV_madgraphMLM-pythia8/MINIAODSIM/130X_mcRun3_2022_realistic_v5-v2/2810000/0e34ee41-c273-4134-b5e0-9d54f9c78a8e.root
01-Feb-2025 16:27:09 CST  Closed file root://cmsxrootd.fnal.gov//store/mc/Run3Summer22MiniAODv4/DYto2L-4Jets_MLL-120_HT-800to1500_TuneCP5_13p6TeV_madgraphMLM-pythia8/MINIAODSIM/130X_mcRun3_2022_realistic_v5-v2/2810000/0e34ee41-c273-4134-b5e0-9d54f9c78a8e.root
01-Feb-2025 16:27:09 CST  Initiating request to open file root://cmsxrootd.fnal.gov//store/mc/Run3Summer22MiniAODv4/DYto2L-4Jets_MLL-120_HT-800to1500_TuneCP5_13p6TeV_madgraphMLM-pythia8/MINIAODSIM/130X_mcRun3_2022_realistic_v5-v2/2810000/ecbd2af2-2474-4fde-8d04-d78f02c49027.root
01-Feb-2025 16:27:11 CST  Successfully opened file root://cmsxrootd.fnal.gov//store/mc/Run3Summer22MiniAODv4/DYto2L-4Jets_MLL-120_HT-800to1500_TuneCP5_13p6TeV_madgraphMLM-pythia8/MINIAODSIM/130X_mcRun3_2022_realistic_v5-v2/2810000/ecbd2af2-2474-4fde-8d04-d78f02c49027.root
01-Feb-2025 16:27:16 CST  Closed file root://cmsxrootd.fnal.gov//store/mc/Run3Summer22MiniAODv4/DYto2L-4Jets_MLL-120_HT-800to1500_TuneCP5_13p6TeV_madgraphMLM-pythia8/MINIAODSIM/130X_mcRun3_2022_realistic_v5-v2/2810000/ecbd2af2-2474-4fde-8d04-d78f02c49027.root
01-Feb-2025 16:27:16 CST  Initiating request to open file root://cmsxrootd.fnal.gov//store/mc/Run3Summer22MiniAODv4/DYto2L-4Jets_MLL-120_HT-800to1500_TuneCP5_13p6TeV_madgraphMLM-pythia8/MINIAODSIM/130X_mcRun3_2022_realistic_v5-v2/2810000/072b3a45-2f04-4613-92ac-ac8db0df3a08.root
01-Feb-2025 16:27:18 CST  Successfully opened file root://cmsxrootd.fnal.gov//store/mc/Run3Summer22MiniAODv4/DYto2L-4Jets_MLL-120_HT-800to1500_TuneCP5_13p6TeV_madgraphMLM-pythia8/MINIAODSIM/130X_mcRun3_2022_realistic_v5-v2/2810000/072b3a45-2f04-4613-92ac-ac8db0df3a08.root
01-Feb-2025 16:27:20 CST  Closed file root://cmsxrootd.fnal.gov//store/mc/Run3Summer22MiniAODv4/DYto2L-4Jets_MLL-120_HT-800to1500_TuneCP5_13p6TeV_madgraphMLM-pythia8/MINIAODSIM/130X_mcRun3_2022_realistic_v5-v2/2810000/072b3a45-2f04-4613-92ac-ac8db0df3a08.root
01-Feb-2025 16:27:20 CST  Initiating request to open file root://cmsxrootd.fnal.gov//store/mc/Run3Summer22MiniAODv4/DYto2L-4Jets_MLL-120_HT-800to1500_TuneCP5_13p6TeV_madgraphMLM-pythia8/MINIAODSIM/130X_mcRun3_2022_realistic_v5-v2/2810000/27608055-9169-44e4-82d0-d4ccdd6d905c.root
01-Feb-2025 16:27:23 CST  Successfully opened file root://cmsxrootd.fnal.gov//store/mc/Run3Summer22MiniAODv4/DYto2L-4Jets_MLL-120_HT-800to1500_TuneCP5_13p6TeV_madgraphMLM-pythia8/MINIAODSIM/130X_mcRun3_2022_realistic_v5-v2/2810000/27608055-9169-44e4-82d0-d4ccdd6d905c.root
01-Feb-2025 16:27:29 CST  Closed file root://cmsxrootd.fnal.gov//store/mc/Run3Summer22MiniAODv4/DYto2L-4Jets_MLL-120_HT-800to1500_TuneCP5_13p6TeV_madgraphMLM-pythia8/MINIAODSIM/130X_mcRun3_2022_realistic_v5-v2/2810000/27608055-9169-44e4-82d0-d4ccdd6d905c.root
01-Feb-2025 16:27:29 CST  Initiating request to open file root://cmsxrootd.fnal.gov//store/mc/Run3Summer22MiniAODv4/DYto2L-4Jets_MLL-120_HT-800to1500_TuneCP5_13p6TeV_madgraphMLM-pythia8/MINIAODSIM/130X_mcRun3_2022_realistic_v5-v2/2810000/95b9c587-8086-4001-92d3-1d16a9584190.root
01-Feb-2025 16:27:31 CST  Successfully opened file root://cmsxrootd.fnal.gov//store/mc/Run3Summer22MiniAODv4/DYto2L-4Jets_MLL-120_HT-800to1500_TuneCP5_13p6TeV_madgraphMLM-pythia8/MINIAODSIM/130X_mcRun3_2022_realistic_v5-v2/2810000/95b9c587-8086-4001-92d3-1d16a9584190.root
01-Feb-2025 16:27:33 CST  Closed file root://cmsxrootd.fnal.gov//store/mc/Run3Summer22MiniAODv4/DYto2L-4Jets_MLL-120_HT-800to1500_TuneCP5_13p6TeV_madgraphMLM-pythia8/MINIAODSIM/130X_mcRun3_2022_realistic_v5-v2/2810000/95b9c587-8086-4001-92d3-1d16a9584190.root
01-Feb-2025 16:27:33 CST  Initiating request to open file root://cmsxrootd.fnal.gov//store/mc/Run3Summer22MiniAODv4/DYto2L-4Jets_MLL-120_HT-800to1500_TuneCP5_13p6TeV_madgraphMLM-pythia8/MINIAODSIM/130X_mcRun3_2022_realistic_v5-v2/2810000/a0488fad-b326-4138-8bf6-e995f926ae2e.root
01-Feb-2025 16:27:36 CST  Successfully opened file root://cmsxrootd.fnal.gov//store/mc/Run3Summer22MiniAODv4/DYto2L-4Jets_MLL-120_HT-800to1500_TuneCP5_13p6TeV_madgraphMLM-pythia8/MINIAODSIM/130X_mcRun3_2022_realistic_v5-v2/2810000/a0488fad-b326-4138-8bf6-e995f926ae2e.root
Begin processing the 800001st record. Run 1, Event 1253989, LumiSection 225 on stream 0 at 01-Feb-2025 16:27:39.063 CST
01-Feb-2025 16:27:39 CST  Closed file root://cmsxrootd.fnal.gov//store/mc/Run3Summer22MiniAODv4/DYto2L-4Jets_MLL-120_HT-800to1500_TuneCP5_13p6TeV_madgraphMLM-pythia8/MINIAODSIM/130X_mcRun3_2022_realistic_v5-v2/2810000/a0488fad-b326-4138-8bf6-e995f926ae2e.root
01-Feb-2025 16:27:39 CST  Initiating request to open file root://cmsxrootd.fnal.gov//store/mc/Run3Summer22MiniAODv4/DYto2L-4Jets_MLL-120_HT-800to1500_TuneCP5_13p6TeV_madgraphMLM-pythia8/MINIAODSIM/130X_mcRun3_2022_realistic_v5-v2/2810000/f09b110e-4ab9-4488-9278-a0f442b2eb35.root
01-Feb-2025 16:27:41 CST  Successfully opened file root://cmsxrootd.fnal.gov//store/mc/Run3Summer22MiniAODv4/DYto2L-4Jets_MLL-120_HT-800to1500_TuneCP5_13p6TeV_madgraphMLM-pythia8/MINIAODSIM/130X_mcRun3_2022_realistic_v5-v2/2810000/f09b110e-4ab9-4488-9278-a0f442b2eb35.root
01-Feb-2025 16:27:43 CST  Closed file root://cmsxrootd.fnal.gov//store/mc/Run3Summer22MiniAODv4/DYto2L-4Jets_MLL-120_HT-800to1500_TuneCP5_13p6TeV_madgraphMLM-pythia8/MINIAODSIM/130X_mcRun3_2022_realistic_v5-v2/2810000/f09b110e-4ab9-4488-9278-a0f442b2eb35.root
01-Feb-2025 16:27:43 CST  Initiating request to open file root://cmsxrootd.fnal.gov//store/mc/Run3Summer22MiniAODv4/DYto2L-4Jets_MLL-120_HT-800to1500_TuneCP5_13p6TeV_madgraphMLM-pythia8/MINIAODSIM/130X_mcRun3_2022_realistic_v5-v2/2810000/14ee35f8-a43f-4020-91ea-ae579ddf4e37.root
01-Feb-2025 16:27:46 CST  Successfully opened file root://cmsxrootd.fnal.gov//store/mc/Run3Summer22MiniAODv4/DYto2L-4Jets_MLL-120_HT-800to1500_TuneCP5_13p6TeV_madgraphMLM-pythia8/MINIAODSIM/130X_mcRun3_2022_realistic_v5-v2/2810000/14ee35f8-a43f-4020-91ea-ae579ddf4e37.root
01-Feb-2025 16:27:52 CST  Closed file root://cmsxrootd.fnal.gov//store/mc/Run3Summer22MiniAODv4/DYto2L-4Jets_MLL-120_HT-800to1500_TuneCP5_13p6TeV_madgraphMLM-pythia8/MINIAODSIM/130X_mcRun3_2022_realistic_v5-v2/2810000/14ee35f8-a43f-4020-91ea-ae579ddf4e37.root
01-Feb-2025 16:27:52 CST  Initiating request to open file root://cmsxrootd.fnal.gov//store/mc/Run3Summer22MiniAODv4/DYto2L-4Jets_MLL-120_HT-800to1500_TuneCP5_13p6TeV_madgraphMLM-pythia8/MINIAODSIM/130X_mcRun3_2022_realistic_v5-v2/2810000/e3eb0a44-402c-4388-9d37-54c5bc2f0bfb.root
01-Feb-2025 16:27:54 CST  Successfully opened file root://cmsxrootd.fnal.gov//store/mc/Run3Summer22MiniAODv4/DYto2L-4Jets_MLL-120_HT-800to1500_TuneCP5_13p6TeV_madgraphMLM-pythia8/MINIAODSIM/130X_mcRun3_2022_realistic_v5-v2/2810000/e3eb0a44-402c-4388-9d37-54c5bc2f0bfb.root
01-Feb-2025 16:28:00 CST  Closed file root://cmsxrootd.fnal.gov//store/mc/Run3Summer22MiniAODv4/DYto2L-4Jets_MLL-120_HT-800to1500_TuneCP5_13p6TeV_madgraphMLM-pythia8/MINIAODSIM/130X_mcRun3_2022_realistic_v5-v2/2810000/e3eb0a44-402c-4388-9d37-54c5bc2f0bfb.root
01-Feb-2025 16:28:00 CST  Initiating request to open file root://cmsxrootd.fnal.gov//store/mc/Run3Summer22MiniAODv4/DYto2L-4Jets_MLL-120_HT-800to1500_TuneCP5_13p6TeV_madgraphMLM-pythia8/MINIAODSIM/130X_mcRun3_2022_realistic_v5-v2/2810000/1da2f92d-2b95-4c6a-b200-22999b885e91.root
01-Feb-2025 16:28:03 CST  Successfully opened file root://cmsxrootd.fnal.gov//store/mc/Run3Summer22MiniAODv4/DYto2L-4Jets_MLL-120_HT-800to1500_TuneCP5_13p6TeV_madgraphMLM-pythia8/MINIAODSIM/130X_mcRun3_2022_realistic_v5-v2/2810000/1da2f92d-2b95-4c6a-b200-22999b885e91.root
01-Feb-2025 16:28:09 CST  Closed file root://cmsxrootd.fnal.gov//store/mc/Run3Summer22MiniAODv4/DYto2L-4Jets_MLL-120_HT-800to1500_TuneCP5_13p6TeV_madgraphMLM-pythia8/MINIAODSIM/130X_mcRun3_2022_realistic_v5-v2/2810000/1da2f92d-2b95-4c6a-b200-22999b885e91.root
01-Feb-2025 16:28:09 CST  Initiating request to open file root://cmsxrootd.fnal.gov//store/mc/Run3Summer22MiniAODv4/DYto2L-4Jets_MLL-120_HT-800to1500_TuneCP5_13p6TeV_madgraphMLM-pythia8/MINIAODSIM/130X_mcRun3_2022_realistic_v5-v2/2810000/4bb14006-0bae-4178-9e2e-39cf42396d7a.root
01-Feb-2025 16:28:12 CST  Successfully opened file root://cmsxrootd.fnal.gov//store/mc/Run3Summer22MiniAODv4/DYto2L-4Jets_MLL-120_HT-800to1500_TuneCP5_13p6TeV_madgraphMLM-pythia8/MINIAODSIM/130X_mcRun3_2022_realistic_v5-v2/2810000/4bb14006-0bae-4178-9e2e-39cf42396d7a.root
01-Feb-2025 16:28:19 CST  Closed file root://cmsxrootd.fnal.gov//store/mc/Run3Summer22MiniAODv4/DYto2L-4Jets_MLL-120_HT-800to1500_TuneCP5_13p6TeV_madgraphMLM-pythia8/MINIAODSIM/130X_mcRun3_2022_realistic_v5-v2/2810000/4bb14006-0bae-4178-9e2e-39cf42396d7a.root
01-Feb-2025 16:28:19 CST  Initiating request to open file root://cmsxrootd.fnal.gov//store/mc/Run3Summer22MiniAODv4/DYto2L-4Jets_MLL-120_HT-800to1500_TuneCP5_13p6TeV_madgraphMLM-pythia8/MINIAODSIM/130X_mcRun3_2022_realistic_v5-v2/2810000/e5c4091d-934f-4fe1-a403-a90594108d55.root
01-Feb-2025 16:28:22 CST  Successfully opened file root://cmsxrootd.fnal.gov//store/mc/Run3Summer22MiniAODv4/DYto2L-4Jets_MLL-120_HT-800to1500_TuneCP5_13p6TeV_madgraphMLM-pythia8/MINIAODSIM/130X_mcRun3_2022_realistic_v5-v2/2810000/e5c4091d-934f-4fe1-a403-a90594108d55.root
Begin processing the 900001st record. Run 1, Event 2022737, LumiSection 363 on stream 0 at 01-Feb-2025 16:28:30.108 CST
01-Feb-2025 16:28:30 CST  Closed file root://cmsxrootd.fnal.gov//store/mc/Run3Summer22MiniAODv4/DYto2L-4Jets_MLL-120_HT-800to1500_TuneCP5_13p6TeV_madgraphMLM-pythia8/MINIAODSIM/130X_mcRun3_2022_realistic_v5-v2/2810000/e5c4091d-934f-4fe1-a403-a90594108d55.root
01-Feb-2025 16:28:30 CST  Initiating request to open file root://cmsxrootd.fnal.gov//store/mc/Run3Summer22MiniAODv4/DYto2L-4Jets_MLL-120_HT-800to1500_TuneCP5_13p6TeV_madgraphMLM-pythia8/MINIAODSIM/130X_mcRun3_2022_realistic_v5-v2/2810000/ef1fb427-74a8-4d3b-a6f2-78c46d4013fc.root
01-Feb-2025 16:28:32 CST  Successfully opened file root://cmsxrootd.fnal.gov//store/mc/Run3Summer22MiniAODv4/DYto2L-4Jets_MLL-120_HT-800to1500_TuneCP5_13p6TeV_madgraphMLM-pythia8/MINIAODSIM/130X_mcRun3_2022_realistic_v5-v2/2810000/ef1fb427-74a8-4d3b-a6f2-78c46d4013fc.root
01-Feb-2025 16:28:39 CST  Closed file root://cmsxrootd.fnal.gov//store/mc/Run3Summer22MiniAODv4/DYto2L-4Jets_MLL-120_HT-800to1500_TuneCP5_13p6TeV_madgraphMLM-pythia8/MINIAODSIM/130X_mcRun3_2022_realistic_v5-v2/2810000/ef1fb427-74a8-4d3b-a6f2-78c46d4013fc.root
01-Feb-2025 16:28:39 CST  Initiating request to open file root://cmsxrootd.fnal.gov//store/mc/Run3Summer22MiniAODv4/DYto2L-4Jets_MLL-120_HT-800to1500_TuneCP5_13p6TeV_madgraphMLM-pythia8/MINIAODSIM/130X_mcRun3_2022_realistic_v5-v2/2810000/9ff9c871-0fe0-408f-bc6e-4e1f3e5e944b.root
01-Feb-2025 16:28:42 CST  Successfully opened file root://cmsxrootd.fnal.gov//store/mc/Run3Summer22MiniAODv4/DYto2L-4Jets_MLL-120_HT-800to1500_TuneCP5_13p6TeV_madgraphMLM-pythia8/MINIAODSIM/130X_mcRun3_2022_realistic_v5-v2/2810000/9ff9c871-0fe0-408f-bc6e-4e1f3e5e944b.root
01-Feb-2025 16:28:45 CST  Closed file root://cmsxrootd.fnal.gov//store/mc/Run3Summer22MiniAODv4/DYto2L-4Jets_MLL-120_HT-800to1500_TuneCP5_13p6TeV_madgraphMLM-pythia8/MINIAODSIM/130X_mcRun3_2022_realistic_v5-v2/2810000/9ff9c871-0fe0-408f-bc6e-4e1f3e5e944b.root
01-Feb-2025 16:28:45 CST  Initiating request to open file root://cmsxrootd.fnal.gov//store/mc/Run3Summer22MiniAODv4/DYto2L-4Jets_MLL-120_HT-800to1500_TuneCP5_13p6TeV_madgraphMLM-pythia8/MINIAODSIM/130X_mcRun3_2022_realistic_v5-v2/2810000/90555633-e743-4ec3-85dd-3945a4fac4c0.root
01-Feb-2025 16:28:48 CST  Successfully opened file root://cmsxrootd.fnal.gov//store/mc/Run3Summer22MiniAODv4/DYto2L-4Jets_MLL-120_HT-800to1500_TuneCP5_13p6TeV_madgraphMLM-pythia8/MINIAODSIM/130X_mcRun3_2022_realistic_v5-v2/2810000/90555633-e743-4ec3-85dd-3945a4fac4c0.root
01-Feb-2025 16:28:55 CST  Closed file root://cmsxrootd.fnal.gov//store/mc/Run3Summer22MiniAODv4/DYto2L-4Jets_MLL-120_HT-800to1500_TuneCP5_13p6TeV_madgraphMLM-pythia8/MINIAODSIM/130X_mcRun3_2022_realistic_v5-v2/2810000/90555633-e743-4ec3-85dd-3945a4fac4c0.root
01-Feb-2025 16:28:55 CST  Initiating request to open file root://cmsxrootd.fnal.gov//store/mc/Run3Summer22MiniAODv4/DYto2L-4Jets_MLL-120_HT-800to1500_TuneCP5_13p6TeV_madgraphMLM-pythia8/MINIAODSIM/130X_mcRun3_2022_realistic_v5-v2/2810000/b95e1916-5a45-495c-a6bf-fc11483bd637.root
01-Feb-2025 16:28:58 CST  Successfully opened file root://cmsxrootd.fnal.gov//store/mc/Run3Summer22MiniAODv4/DYto2L-4Jets_MLL-120_HT-800to1500_TuneCP5_13p6TeV_madgraphMLM-pythia8/MINIAODSIM/130X_mcRun3_2022_realistic_v5-v2/2810000/b95e1916-5a45-495c-a6bf-fc11483bd637.root
01-Feb-2025 16:29:04 CST  Closed file root://cmsxrootd.fnal.gov//store/mc/Run3Summer22MiniAODv4/DYto2L-4Jets_MLL-120_HT-800to1500_TuneCP5_13p6TeV_madgraphMLM-pythia8/MINIAODSIM/130X_mcRun3_2022_realistic_v5-v2/2810000/b95e1916-5a45-495c-a6bf-fc11483bd637.root
01-Feb-2025 16:29:04 CST  Initiating request to open file root://cmsxrootd.fnal.gov//store/mc/Run3Summer22MiniAODv4/DYto2L-4Jets_MLL-120_HT-800to1500_TuneCP5_13p6TeV_madgraphMLM-pythia8/MINIAODSIM/130X_mcRun3_2022_realistic_v5-v2/2810000/01418efe-5e5d-490b-80d2-4d369007e786.root
01-Feb-2025 16:29:08 CST  Successfully opened file root://cmsxrootd.fnal.gov//store/mc/Run3Summer22MiniAODv4/DYto2L-4Jets_MLL-120_HT-800to1500_TuneCP5_13p6TeV_madgraphMLM-pythia8/MINIAODSIM/130X_mcRun3_2022_realistic_v5-v2/2810000/01418efe-5e5d-490b-80d2-4d369007e786.root
01-Feb-2025 16:29:16 CST  Closed file root://cmsxrootd.fnal.gov//store/mc/Run3Summer22MiniAODv4/DYto2L-4Jets_MLL-120_HT-800to1500_TuneCP5_13p6TeV_madgraphMLM-pythia8/MINIAODSIM/130X_mcRun3_2022_realistic_v5-v2/2810000/01418efe-5e5d-490b-80d2-4d369007e786.root
01-Feb-2025 16:29:16 CST  Initiating request to open file root://cmsxrootd.fnal.gov//store/mc/Run3Summer22MiniAODv4/DYto2L-4Jets_MLL-120_HT-800to1500_TuneCP5_13p6TeV_madgraphMLM-pythia8/MINIAODSIM/130X_mcRun3_2022_realistic_v5-v2/2810000/b28e0566-c71d-4ba6-ab2c-d69eb588b8bd.root
01-Feb-2025 16:29:19 CST  Successfully opened file root://cmsxrootd.fnal.gov//store/mc/Run3Summer22MiniAODv4/DYto2L-4Jets_MLL-120_HT-800to1500_TuneCP5_13p6TeV_madgraphMLM-pythia8/MINIAODSIM/130X_mcRun3_2022_realistic_v5-v2/2810000/b28e0566-c71d-4ba6-ab2c-d69eb588b8bd.root
      0.000843      0.000014      0.254872             0
      0.015003      0.000184      0.254872             1
      0.066784      0.000383      0.254872             2
      0.172243      0.000644      0.254872             3
 
01-Feb-2025 16:29:27 CST  Closed file root://cmsxrootd.fnal.gov//store/mc/Run3Summer22MiniAODv4/DYto2L-4Jets_MLL-120_HT-800to1500_TuneCP5_13p6TeV_madgraphMLM-pythia8/MINIAODSIM/130X_mcRun3_2022_realistic_v5-v2/2810000/b28e0566-c71d-4ba6-ab2c-d69eb588b8bd.root

------------------------------------
GenXsecAnalyzer:
------------------------------------
-------------------------------------------------------------------------------------------------------------------------------------------------------------------------- 
Overall cross-section summary 
--------------------------------------------------------------------------------------------------------------------------------------------------------------------------
Process		xsec_before [pb]		passed	nposw	nnegw	tried	nposw	nnegw 	xsec_match [pb]			accepted [%]	 event_eff [%]
0		8.639e-04 +/- 1.535e-07		2798	2798	0	39278	39278	0	6.154e-05 +/- 1.121e-06		7.1 +/- 0.1	7.1 +/- 0.1
1		1.501e-02 +/- 2.038e-06		43337	43337	0	683453	683453	0	9.518e-04 +/- 4.427e-06		6.3 +/- 0.0	6.3 +/- 0.0
2		6.690e-02 +/- 4.089e-06		116683	116683	0	3175628	3175628	0	2.458e-03 +/- 7.064e-06		3.7 +/- 0.0	3.7 +/- 0.0
3		1.721e-01 +/- 6.883e-06		837586	837586	0	8311883	8311883	0	1.734e-02 +/- 1.798e-05		10.1 +/- 0.0	10.1 +/- 0.0
-------------------------------------------------------------------------------------------------------------------------------------------------------------------------- 
Total		2.548e-01 +/- 8.262e-06		1000404	1000404	0	12210242	12210242	0	2.088e-02 +/- 2.001e-05		8.2 +/- 0.0	8.2 +/- 0.0
--------------------------------------------------------------------------------------------------------------------------------------------------------------------------
Before matching: total cross section = 2.548e-01 +- 8.262e-06 pb
After matching: total cross section = 2.088e-02 +- 2.001e-05 pb
Matching efficiency = 0.1 +/- 0.0   [TO BE USED IN MCM]
Filter efficiency (taking into account weights)= (254968) / (254968) = 1.000e+00 +- 0.000e+00
Filter efficiency (event-level)= (1.0004e+06) / (1.0004e+06) = 1.000e+00 +- 0.000e+00    [TO BE USED IN MCM]

After filter: final cross section = 2.088e-02 +- 2.001e-05 pb
After filter: final fraction of events with negative weights = 0.000e+00 +- 0.000e+00
After filter: final equivalent lumi for 1M events (1/fb) = 4.790e+04 +- 6.635e+01
