01-Feb-2025 16:49:00 CST  Initiating request to open file root://cmsxrootd.fnal.gov//store/mc/Run3Summer22MiniAODv4/DYto2L-4Jets_MLL-50to120_HT-40to70_TuneCP5_13p6TeV_madgraphMLM-pythia8/MINIAODSIM/130X_mcRun3_2022_realistic_v5-v1/70000/0d4afd6a-580f-4f2b-a51b-6fb66ea2fa13.root
01-Feb-2025 16:49:03 CST  Successfully opened file root://cmsxrootd.fnal.gov//store/mc/Run3Summer22MiniAODv4/DYto2L-4Jets_MLL-50to120_HT-40to70_TuneCP5_13p6TeV_madgraphMLM-pythia8/MINIAODSIM/130X_mcRun3_2022_realistic_v5-v1/70000/0d4afd6a-580f-4f2b-a51b-6fb66ea2fa13.root
Begin processing the 1st record. Run 1, Event 164811630, LumiSection 33189 on stream 0 at 01-Feb-2025 16:49:04.301 CST
01-Feb-2025 16:49:04 CST  Closed file root://cmsxrootd.fnal.gov//store/mc/Run3Summer22MiniAODv4/DYto2L-4Jets_MLL-50to120_HT-40to70_TuneCP5_13p6TeV_madgraphMLM-pythia8/MINIAODSIM/130X_mcRun3_2022_realistic_v5-v1/70000/0d4afd6a-580f-4f2b-a51b-6fb66ea2fa13.root
01-Feb-2025 16:49:04 CST  Initiating request to open file root://cmsxrootd.fnal.gov//store/mc/Run3Summer22MiniAODv4/DYto2L-4Jets_MLL-50to120_HT-40to70_TuneCP5_13p6TeV_madgraphMLM-pythia8/MINIAODSIM/130X_mcRun3_2022_realistic_v5-v1/70000/ad7941fc-d75e-4774-89a2-633725d2e2eb.root
01-Feb-2025 16:49:06 CST  Successfully opened file root://cmsxrootd.fnal.gov//store/mc/Run3Summer22MiniAODv4/DYto2L-4Jets_MLL-50to120_HT-40to70_TuneCP5_13p6TeV_madgraphMLM-pythia8/MINIAODSIM/130X_mcRun3_2022_realistic_v5-v1/70000/ad7941fc-d75e-4774-89a2-633725d2e2eb.root
Begin processing the 100001st record. Run 1, Event 46197494, LumiSection 9303 on stream 0 at 01-Feb-2025 16:49:07.436 CST
01-Feb-2025 16:49:07 CST  Closed file root://cmsxrootd.fnal.gov//store/mc/Run3Summer22MiniAODv4/DYto2L-4Jets_MLL-50to120_HT-40to70_TuneCP5_13p6TeV_madgraphMLM-pythia8/MINIAODSIM/130X_mcRun3_2022_realistic_v5-v1/70000/ad7941fc-d75e-4774-89a2-633725d2e2eb.root
01-Feb-2025 16:49:07 CST  Initiating request to open file root://cmsxrootd.fnal.gov//store/mc/Run3Summer22MiniAODv4/DYto2L-4Jets_MLL-50to120_HT-40to70_TuneCP5_13p6TeV_madgraphMLM-pythia8/MINIAODSIM/130X_mcRun3_2022_realistic_v5-v1/70000/1bdf8993-fdb6-4a63-988f-7aa74720fce7.root
01-Feb-2025 16:49:08 CST  Successfully opened file root://cmsxrootd.fnal.gov//store/mc/Run3Summer22MiniAODv4/DYto2L-4Jets_MLL-50to120_HT-40to70_TuneCP5_13p6TeV_madgraphMLM-pythia8/MINIAODSIM/130X_mcRun3_2022_realistic_v5-v1/70000/1bdf8993-fdb6-4a63-988f-7aa74720fce7.root
01-Feb-2025 16:49:10 CST  Closed file root://cmsxrootd.fnal.gov//store/mc/Run3Summer22MiniAODv4/DYto2L-4Jets_MLL-50to120_HT-40to70_TuneCP5_13p6TeV_madgraphMLM-pythia8/MINIAODSIM/130X_mcRun3_2022_realistic_v5-v1/70000/1bdf8993-fdb6-4a63-988f-7aa74720fce7.root
01-Feb-2025 16:49:10 CST  Initiating request to open file root://cmsxrootd.fnal.gov//store/mc/Run3Summer22MiniAODv4/DYto2L-4Jets_MLL-50to120_HT-40to70_TuneCP5_13p6TeV_madgraphMLM-pythia8/MINIAODSIM/130X_mcRun3_2022_realistic_v5-v1/70000/3819a0b0-e7b8-4efb-90a7-13d095bdf0d9.root
01-Feb-2025 16:49:11 CST  Successfully opened file root://cmsxrootd.fnal.gov//store/mc/Run3Summer22MiniAODv4/DYto2L-4Jets_MLL-50to120_HT-40to70_TuneCP5_13p6TeV_madgraphMLM-pythia8/MINIAODSIM/130X_mcRun3_2022_realistic_v5-v1/70000/3819a0b0-e7b8-4efb-90a7-13d095bdf0d9.root
Begin processing the 200001st record. Run 1, Event 149144017, LumiSection 30034 on stream 0 at 01-Feb-2025 16:49:12.632 CST
01-Feb-2025 16:49:12 CST  Closed file root://cmsxrootd.fnal.gov//store/mc/Run3Summer22MiniAODv4/DYto2L-4Jets_MLL-50to120_HT-40to70_TuneCP5_13p6TeV_madgraphMLM-pythia8/MINIAODSIM/130X_mcRun3_2022_realistic_v5-v1/70000/3819a0b0-e7b8-4efb-90a7-13d095bdf0d9.root
01-Feb-2025 16:49:12 CST  Initiating request to open file root://cmsxrootd.fnal.gov//store/mc/Run3Summer22MiniAODv4/DYto2L-4Jets_MLL-50to120_HT-40to70_TuneCP5_13p6TeV_madgraphMLM-pythia8/MINIAODSIM/130X_mcRun3_2022_realistic_v5-v1/70000/65e8bc68-11ee-499e-ba8c-161c7103a765.root
01-Feb-2025 16:49:13 CST  Successfully opened file root://cmsxrootd.fnal.gov//store/mc/Run3Summer22MiniAODv4/DYto2L-4Jets_MLL-50to120_HT-40to70_TuneCP5_13p6TeV_madgraphMLM-pythia8/MINIAODSIM/130X_mcRun3_2022_realistic_v5-v1/70000/65e8bc68-11ee-499e-ba8c-161c7103a765.root
01-Feb-2025 16:49:15 CST  Closed file root://cmsxrootd.fnal.gov//store/mc/Run3Summer22MiniAODv4/DYto2L-4Jets_MLL-50to120_HT-40to70_TuneCP5_13p6TeV_madgraphMLM-pythia8/MINIAODSIM/130X_mcRun3_2022_realistic_v5-v1/70000/65e8bc68-11ee-499e-ba8c-161c7103a765.root
01-Feb-2025 16:49:15 CST  Initiating request to open file root://cmsxrootd.fnal.gov//store/mc/Run3Summer22MiniAODv4/DYto2L-4Jets_MLL-50to120_HT-40to70_TuneCP5_13p6TeV_madgraphMLM-pythia8/MINIAODSIM/130X_mcRun3_2022_realistic_v5-v1/70000/2b5ced72-2fd5-430f-946a-46ff0dee419d.root
01-Feb-2025 16:49:16 CST  Successfully opened file root://cmsxrootd.fnal.gov//store/mc/Run3Summer22MiniAODv4/DYto2L-4Jets_MLL-50to120_HT-40to70_TuneCP5_13p6TeV_madgraphMLM-pythia8/MINIAODSIM/130X_mcRun3_2022_realistic_v5-v1/70000/2b5ced72-2fd5-430f-946a-46ff0dee419d.root
Begin processing the 300001st record. Run 1, Event 19478364, LumiSection 3923 on stream 0 at 01-Feb-2025 16:49:17.379 CST
01-Feb-2025 16:49:17 CST  Closed file root://cmsxrootd.fnal.gov//store/mc/Run3Summer22MiniAODv4/DYto2L-4Jets_MLL-50to120_HT-40to70_TuneCP5_13p6TeV_madgraphMLM-pythia8/MINIAODSIM/130X_mcRun3_2022_realistic_v5-v1/70000/2b5ced72-2fd5-430f-946a-46ff0dee419d.root
01-Feb-2025 16:49:17 CST  Initiating request to open file root://cmsxrootd.fnal.gov//store/mc/Run3Summer22MiniAODv4/DYto2L-4Jets_MLL-50to120_HT-40to70_TuneCP5_13p6TeV_madgraphMLM-pythia8/MINIAODSIM/130X_mcRun3_2022_realistic_v5-v1/70000/10a2c914-f263-46d9-836c-f4d95ba7008f.root
01-Feb-2025 16:49:18 CST  Successfully opened file root://cmsxrootd.fnal.gov//store/mc/Run3Summer22MiniAODv4/DYto2L-4Jets_MLL-50to120_HT-40to70_TuneCP5_13p6TeV_madgraphMLM-pythia8/MINIAODSIM/130X_mcRun3_2022_realistic_v5-v1/70000/10a2c914-f263-46d9-836c-f4d95ba7008f.root
01-Feb-2025 16:49:21 CST  Closed file root://cmsxrootd.fnal.gov//store/mc/Run3Summer22MiniAODv4/DYto2L-4Jets_MLL-50to120_HT-40to70_TuneCP5_13p6TeV_madgraphMLM-pythia8/MINIAODSIM/130X_mcRun3_2022_realistic_v5-v1/70000/10a2c914-f263-46d9-836c-f4d95ba7008f.root
01-Feb-2025 16:49:21 CST  Initiating request to open file root://cmsxrootd.fnal.gov//store/mc/Run3Summer22MiniAODv4/DYto2L-4Jets_MLL-50to120_HT-40to70_TuneCP5_13p6TeV_madgraphMLM-pythia8/MINIAODSIM/130X_mcRun3_2022_realistic_v5-v1/70000/8a2d7a46-ddfc-4641-a1f2-bf748b3e289b.root
01-Feb-2025 16:49:22 CST  Successfully opened file root://cmsxrootd.fnal.gov//store/mc/Run3Summer22MiniAODv4/DYto2L-4Jets_MLL-50to120_HT-40to70_TuneCP5_13p6TeV_madgraphMLM-pythia8/MINIAODSIM/130X_mcRun3_2022_realistic_v5-v1/70000/8a2d7a46-ddfc-4641-a1f2-bf748b3e289b.root
Begin processing the 400001st record. Run 1, Event 162645379, LumiSection 32752 on stream 0 at 01-Feb-2025 16:49:23.918 CST
01-Feb-2025 16:49:24 CST  Closed file root://cmsxrootd.fnal.gov//store/mc/Run3Summer22MiniAODv4/DYto2L-4Jets_MLL-50to120_HT-40to70_TuneCP5_13p6TeV_madgraphMLM-pythia8/MINIAODSIM/130X_mcRun3_2022_realistic_v5-v1/70000/8a2d7a46-ddfc-4641-a1f2-bf748b3e289b.root
01-Feb-2025 16:49:24 CST  Initiating request to open file root://cmsxrootd.fnal.gov//store/mc/Run3Summer22MiniAODv4/DYto2L-4Jets_MLL-50to120_HT-40to70_TuneCP5_13p6TeV_madgraphMLM-pythia8/MINIAODSIM/130X_mcRun3_2022_realistic_v5-v1/70000/5a3fc81e-f6ff-4483-9e1c-dd7798b249ed.root
01-Feb-2025 16:49:25 CST  Successfully opened file root://cmsxrootd.fnal.gov//store/mc/Run3Summer22MiniAODv4/DYto2L-4Jets_MLL-50to120_HT-40to70_TuneCP5_13p6TeV_madgraphMLM-pythia8/MINIAODSIM/130X_mcRun3_2022_realistic_v5-v1/70000/5a3fc81e-f6ff-4483-9e1c-dd7798b249ed.root
Begin processing the 500001st record. Run 1, Event 122750613, LumiSection 24719 on stream 0 at 01-Feb-2025 16:49:26.819 CST
01-Feb-2025 16:49:26 CST  Closed file root://cmsxrootd.fnal.gov//store/mc/Run3Summer22MiniAODv4/DYto2L-4Jets_MLL-50to120_HT-40to70_TuneCP5_13p6TeV_madgraphMLM-pythia8/MINIAODSIM/130X_mcRun3_2022_realistic_v5-v1/70000/5a3fc81e-f6ff-4483-9e1c-dd7798b249ed.root
01-Feb-2025 16:49:26 CST  Initiating request to open file root://cmsxrootd.fnal.gov//store/mc/Run3Summer22MiniAODv4/DYto2L-4Jets_MLL-50to120_HT-40to70_TuneCP5_13p6TeV_madgraphMLM-pythia8/MINIAODSIM/130X_mcRun3_2022_realistic_v5-v1/70000/ba779a63-6c8f-4801-b8d1-0f709a960d78.root
01-Feb-2025 16:49:28 CST  Successfully opened file root://cmsxrootd.fnal.gov//store/mc/Run3Summer22MiniAODv4/DYto2L-4Jets_MLL-50to120_HT-40to70_TuneCP5_13p6TeV_madgraphMLM-pythia8/MINIAODSIM/130X_mcRun3_2022_realistic_v5-v1/70000/ba779a63-6c8f-4801-b8d1-0f709a960d78.root
01-Feb-2025 16:49:29 CST  Closed file root://cmsxrootd.fnal.gov//store/mc/Run3Summer22MiniAODv4/DYto2L-4Jets_MLL-50to120_HT-40to70_TuneCP5_13p6TeV_madgraphMLM-pythia8/MINIAODSIM/130X_mcRun3_2022_realistic_v5-v1/70000/ba779a63-6c8f-4801-b8d1-0f709a960d78.root
01-Feb-2025 16:49:29 CST  Initiating request to open file root://cmsxrootd.fnal.gov//store/mc/Run3Summer22MiniAODv4/DYto2L-4Jets_MLL-50to120_HT-40to70_TuneCP5_13p6TeV_madgraphMLM-pythia8/MINIAODSIM/130X_mcRun3_2022_realistic_v5-v1/70000/99c92ef6-c727-4b63-910f-ba16d6d689e5.root
01-Feb-2025 16:49:30 CST  Successfully opened file root://cmsxrootd.fnal.gov//store/mc/Run3Summer22MiniAODv4/DYto2L-4Jets_MLL-50to120_HT-40to70_TuneCP5_13p6TeV_madgraphMLM-pythia8/MINIAODSIM/130X_mcRun3_2022_realistic_v5-v1/70000/99c92ef6-c727-4b63-910f-ba16d6d689e5.root
Begin processing the 600001st record. Run 1, Event 181885271, LumiSection 36627 on stream 0 at 01-Feb-2025 16:49:31.579 CST
01-Feb-2025 16:49:31 CST  Closed file root://cmsxrootd.fnal.gov//store/mc/Run3Summer22MiniAODv4/DYto2L-4Jets_MLL-50to120_HT-40to70_TuneCP5_13p6TeV_madgraphMLM-pythia8/MINIAODSIM/130X_mcRun3_2022_realistic_v5-v1/70000/99c92ef6-c727-4b63-910f-ba16d6d689e5.root
01-Feb-2025 16:49:31 CST  Initiating request to open file root://cmsxrootd.fnal.gov//store/mc/Run3Summer22MiniAODv4/DYto2L-4Jets_MLL-50to120_HT-40to70_TuneCP5_13p6TeV_madgraphMLM-pythia8/MINIAODSIM/130X_mcRun3_2022_realistic_v5-v1/70000/6c6b3697-9e41-449e-af18-5506c0b17083.root
01-Feb-2025 16:49:32 CST  Successfully opened file root://cmsxrootd.fnal.gov//store/mc/Run3Summer22MiniAODv4/DYto2L-4Jets_MLL-50to120_HT-40to70_TuneCP5_13p6TeV_madgraphMLM-pythia8/MINIAODSIM/130X_mcRun3_2022_realistic_v5-v1/70000/6c6b3697-9e41-449e-af18-5506c0b17083.root
01-Feb-2025 16:49:34 CST  Closed file root://cmsxrootd.fnal.gov//store/mc/Run3Summer22MiniAODv4/DYto2L-4Jets_MLL-50to120_HT-40to70_TuneCP5_13p6TeV_madgraphMLM-pythia8/MINIAODSIM/130X_mcRun3_2022_realistic_v5-v1/70000/6c6b3697-9e41-449e-af18-5506c0b17083.root
01-Feb-2025 16:49:34 CST  Initiating request to open file root://cmsxrootd.fnal.gov//store/mc/Run3Summer22MiniAODv4/DYto2L-4Jets_MLL-50to120_HT-40to70_TuneCP5_13p6TeV_madgraphMLM-pythia8/MINIAODSIM/130X_mcRun3_2022_realistic_v5-v1/70000/f3fb127b-2a4d-4791-b5b9-d39f784360ca.root
01-Feb-2025 16:49:35 CST  Successfully opened file root://cmsxrootd.fnal.gov//store/mc/Run3Summer22MiniAODv4/DYto2L-4Jets_MLL-50to120_HT-40to70_TuneCP5_13p6TeV_madgraphMLM-pythia8/MINIAODSIM/130X_mcRun3_2022_realistic_v5-v1/70000/f3fb127b-2a4d-4791-b5b9-d39f784360ca.root
Begin processing the 700001st record. Run 1, Event 130375110, LumiSection 26254 on stream 0 at 01-Feb-2025 16:49:36.387 CST
01-Feb-2025 16:49:36 CST  Closed file root://cmsxrootd.fnal.gov//store/mc/Run3Summer22MiniAODv4/DYto2L-4Jets_MLL-50to120_HT-40to70_TuneCP5_13p6TeV_madgraphMLM-pythia8/MINIAODSIM/130X_mcRun3_2022_realistic_v5-v1/70000/f3fb127b-2a4d-4791-b5b9-d39f784360ca.root
01-Feb-2025 16:49:36 CST  Initiating request to open file root://cmsxrootd.fnal.gov//store/mc/Run3Summer22MiniAODv4/DYto2L-4Jets_MLL-50to120_HT-40to70_TuneCP5_13p6TeV_madgraphMLM-pythia8/MINIAODSIM/130X_mcRun3_2022_realistic_v5-v1/70000/09d1bfd5-eb55-43db-b931-d045f6005cc3.root
01-Feb-2025 16:49:37 CST  Successfully opened file root://cmsxrootd.fnal.gov//store/mc/Run3Summer22MiniAODv4/DYto2L-4Jets_MLL-50to120_HT-40to70_TuneCP5_13p6TeV_madgraphMLM-pythia8/MINIAODSIM/130X_mcRun3_2022_realistic_v5-v1/70000/09d1bfd5-eb55-43db-b931-d045f6005cc3.root
01-Feb-2025 16:49:38 CST  Closed file root://cmsxrootd.fnal.gov//store/mc/Run3Summer22MiniAODv4/DYto2L-4Jets_MLL-50to120_HT-40to70_TuneCP5_13p6TeV_madgraphMLM-pythia8/MINIAODSIM/130X_mcRun3_2022_realistic_v5-v1/70000/09d1bfd5-eb55-43db-b931-d045f6005cc3.root
01-Feb-2025 16:49:38 CST  Initiating request to open file root://cmsxrootd.fnal.gov//store/mc/Run3Summer22MiniAODv4/DYto2L-4Jets_MLL-50to120_HT-40to70_TuneCP5_13p6TeV_madgraphMLM-pythia8/MINIAODSIM/130X_mcRun3_2022_realistic_v5-v1/70000/59b83d17-6562-467f-ad89-4f4daa8c28fc.root
01-Feb-2025 16:49:39 CST  Successfully opened file root://cmsxrootd.fnal.gov//store/mc/Run3Summer22MiniAODv4/DYto2L-4Jets_MLL-50to120_HT-40to70_TuneCP5_13p6TeV_madgraphMLM-pythia8/MINIAODSIM/130X_mcRun3_2022_realistic_v5-v1/70000/59b83d17-6562-467f-ad89-4f4daa8c28fc.root
Begin processing the 800001st record. Run 1, Event 62105259, LumiSection 12507 on stream 0 at 01-Feb-2025 16:49:41.096 CST
01-Feb-2025 16:49:41 CST  Closed file root://cmsxrootd.fnal.gov//store/mc/Run3Summer22MiniAODv4/DYto2L-4Jets_MLL-50to120_HT-40to70_TuneCP5_13p6TeV_madgraphMLM-pythia8/MINIAODSIM/130X_mcRun3_2022_realistic_v5-v1/70000/59b83d17-6562-467f-ad89-4f4daa8c28fc.root
01-Feb-2025 16:49:41 CST  Initiating request to open file root://cmsxrootd.fnal.gov//store/mc/Run3Summer22MiniAODv4/DYto2L-4Jets_MLL-50to120_HT-40to70_TuneCP5_13p6TeV_madgraphMLM-pythia8/MINIAODSIM/130X_mcRun3_2022_realistic_v5-v1/70000/3a5233f0-b901-4ace-b134-192abdbd4ace.root
01-Feb-2025 16:49:42 CST  Successfully opened file root://cmsxrootd.fnal.gov//store/mc/Run3Summer22MiniAODv4/DYto2L-4Jets_MLL-50to120_HT-40to70_TuneCP5_13p6TeV_madgraphMLM-pythia8/MINIAODSIM/130X_mcRun3_2022_realistic_v5-v1/70000/3a5233f0-b901-4ace-b134-192abdbd4ace.root
01-Feb-2025 16:49:43 CST  Closed file root://cmsxrootd.fnal.gov//store/mc/Run3Summer22MiniAODv4/DYto2L-4Jets_MLL-50to120_HT-40to70_TuneCP5_13p6TeV_madgraphMLM-pythia8/MINIAODSIM/130X_mcRun3_2022_realistic_v5-v1/70000/3a5233f0-b901-4ace-b134-192abdbd4ace.root
01-Feb-2025 16:49:43 CST  Initiating request to open file root://cmsxrootd.fnal.gov//store/mc/Run3Summer22MiniAODv4/DYto2L-4Jets_MLL-50to120_HT-40to70_TuneCP5_13p6TeV_madgraphMLM-pythia8/MINIAODSIM/130X_mcRun3_2022_realistic_v5-v1/70000/13cbf919-febb-4181-b2b4-ca784db94d65.root
01-Feb-2025 16:49:44 CST  Successfully opened file root://cmsxrootd.fnal.gov//store/mc/Run3Summer22MiniAODv4/DYto2L-4Jets_MLL-50to120_HT-40to70_TuneCP5_13p6TeV_madgraphMLM-pythia8/MINIAODSIM/130X_mcRun3_2022_realistic_v5-v1/70000/13cbf919-febb-4181-b2b4-ca784db94d65.root
Begin processing the 900001st record. Run 1, Event 127861659, LumiSection 25748 on stream 0 at 01-Feb-2025 16:49:45.937 CST
01-Feb-2025 16:49:46 CST  Closed file root://cmsxrootd.fnal.gov//store/mc/Run3Summer22MiniAODv4/DYto2L-4Jets_MLL-50to120_HT-40to70_TuneCP5_13p6TeV_madgraphMLM-pythia8/MINIAODSIM/130X_mcRun3_2022_realistic_v5-v1/70000/13cbf919-febb-4181-b2b4-ca784db94d65.root
01-Feb-2025 16:49:46 CST  Initiating request to open file root://cmsxrootd.fnal.gov//store/mc/Run3Summer22MiniAODv4/DYto2L-4Jets_MLL-50to120_HT-40to70_TuneCP5_13p6TeV_madgraphMLM-pythia8/MINIAODSIM/130X_mcRun3_2022_realistic_v5-v1/70000/5f52c67b-5966-4946-9bbb-8742877b8a2c.root
01-Feb-2025 16:49:47 CST  Successfully opened file root://cmsxrootd.fnal.gov//store/mc/Run3Summer22MiniAODv4/DYto2L-4Jets_MLL-50to120_HT-40to70_TuneCP5_13p6TeV_madgraphMLM-pythia8/MINIAODSIM/130X_mcRun3_2022_realistic_v5-v1/70000/5f52c67b-5966-4946-9bbb-8742877b8a2c.root
01-Feb-2025 16:49:48 CST  Closed file root://cmsxrootd.fnal.gov//store/mc/Run3Summer22MiniAODv4/DYto2L-4Jets_MLL-50to120_HT-40to70_TuneCP5_13p6TeV_madgraphMLM-pythia8/MINIAODSIM/130X_mcRun3_2022_realistic_v5-v1/70000/5f52c67b-5966-4946-9bbb-8742877b8a2c.root
01-Feb-2025 16:49:48 CST  Initiating request to open file root://cmsxrootd.fnal.gov//store/mc/Run3Summer22MiniAODv4/DYto2L-4Jets_MLL-50to120_HT-40to70_TuneCP5_13p6TeV_madgraphMLM-pythia8/MINIAODSIM/130X_mcRun3_2022_realistic_v5-v1/70000/189b935b-21eb-4a9e-87bd-c6576a8d69ea.root
01-Feb-2025 16:49:50 CST  Successfully opened file root://cmsxrootd.fnal.gov//store/mc/Run3Summer22MiniAODv4/DYto2L-4Jets_MLL-50to120_HT-40to70_TuneCP5_13p6TeV_madgraphMLM-pythia8/MINIAODSIM/130X_mcRun3_2022_realistic_v5-v1/70000/189b935b-21eb-4a9e-87bd-c6576a8d69ea.root
     41.839100      0.180237   1524.700000             3
    361.966000      0.998819   1524.700000             2
    753.661000      2.225780   1524.700000             1
    361.715000      1.654940   1524.700000             0
 
01-Feb-2025 16:49:50 CST  Closed file root://cmsxrootd.fnal.gov//store/mc/Run3Summer22MiniAODv4/DYto2L-4Jets_MLL-50to120_HT-40to70_TuneCP5_13p6TeV_madgraphMLM-pythia8/MINIAODSIM/130X_mcRun3_2022_realistic_v5-v1/70000/189b935b-21eb-4a9e-87bd-c6576a8d69ea.root

------------------------------------
GenXsecAnalyzer:
------------------------------------
-------------------------------------------------------------------------------------------------------------------------------------------------------------------------- 
Overall cross-section summary 
--------------------------------------------------------------------------------------------------------------------------------------------------------------------------
Process		xsec_before [pb]		passed	nposw	nnegw	tried	nposw	nnegw 	xsec_match [pb]			accepted [%]	 event_eff [%]
0		3.623e+02 +/- 2.332e-02		1176145	1176145	0	2467321	2467321	0	1.727e+02 +/- 1.157e-01		47.7 +/- 0.0	47.7 +/- 0.0
1		7.543e+02 +/- 3.174e-02		916149	916149	0	5086882	5086882	0	1.359e+02 +/- 1.286e-01		18.0 +/- 0.0	18.0 +/- 0.0
2		3.613e+02 +/- 1.408e-02		55609	55609	0	2462535	2462535	0	8.158e+00 +/- 3.421e-02		2.3 +/- 0.0	2.3 +/- 0.0
3		4.125e+01 +/- 2.653e-03		566	566	0	280218	280218	0	8.332e-02 +/- 3.499e-03		0.2 +/- 0.0	0.2 +/- 0.0
-------------------------------------------------------------------------------------------------------------------------------------------------------------------------- 
Total		1.519e+03 +/- 4.191e-02		2148469	2148469	0	10296956	10296956	0	3.170e+02 +/- 1.926e-01		20.9 +/- 0.0	20.9 +/- 0.0
--------------------------------------------------------------------------------------------------------------------------------------------------------------------------
Before matching: total cross section = 1.519e+03 +- 4.191e-02 pb
After matching: total cross section = 3.170e+02 +- 1.926e-01 pb
Matching efficiency = 0.2 +/- 0.0   [TO BE USED IN MCM]
Filter efficiency (taking into account weights)= (1.52064e+09) / (1.52064e+09) = 1.000e+00 +- 0.000e+00
Filter efficiency (event-level)= (1.00101e+06) / (1.00101e+06) = 1.000e+00 +- 0.000e+00    [TO BE USED IN MCM]

After filter: final cross section = 3.170e+02 +- 1.926e-01 pb
After filter: final fraction of events with negative weights = 0.000e+00 +- 0.000e+00
After filter: final equivalent lumi for 1M events (1/fb) = 3.155e+00 +- 3.691e-03
