01-Feb-2025 15:59:21 CST  Initiating request to open file root://cmsxrootd.fnal.gov//store/mc/Run3Summer22MiniAODv4/DYto2L-4Jets_MLL-120_HT-1500to2500_TuneCP5_13p6TeV_madgraphMLM-pythia8/MINIAODSIM/130X_mcRun3_2022_realistic_v5-v2/2810000/b205dd5f-5b5a-4de3-b754-19de0361f710.root
01-Feb-2025 15:59:24 CST  Successfully opened file root://cmsxrootd.fnal.gov//store/mc/Run3Summer22MiniAODv4/DYto2L-4Jets_MLL-120_HT-1500to2500_TuneCP5_13p6TeV_madgraphMLM-pythia8/MINIAODSIM/130X_mcRun3_2022_realistic_v5-v2/2810000/b205dd5f-5b5a-4de3-b754-19de0361f710.root
Begin processing the 1st record. Run 1, Event 15375386, LumiSection 3004 on stream 0 at 01-Feb-2025 15:59:26.374 CST
01-Feb-2025 15:59:26 CST  Closed file root://cmsxrootd.fnal.gov//store/mc/Run3Summer22MiniAODv4/DYto2L-4Jets_MLL-120_HT-1500to2500_TuneCP5_13p6TeV_madgraphMLM-pythia8/MINIAODSIM/130X_mcRun3_2022_realistic_v5-v2/2810000/b205dd5f-5b5a-4de3-b754-19de0361f710.root
01-Feb-2025 15:59:26 CST  Initiating request to open file root://cmsxrootd.fnal.gov//store/mc/Run3Summer22MiniAODv4/DYto2L-4Jets_MLL-120_HT-1500to2500_TuneCP5_13p6TeV_madgraphMLM-pythia8/MINIAODSIM/130X_mcRun3_2022_realistic_v5-v2/2810000/48d350a0-1441-4d67-9a18-73416edbe657.root
01-Feb-2025 15:59:27 CST  Successfully opened file root://cmsxrootd.fnal.gov//store/mc/Run3Summer22MiniAODv4/DYto2L-4Jets_MLL-120_HT-1500to2500_TuneCP5_13p6TeV_madgraphMLM-pythia8/MINIAODSIM/130X_mcRun3_2022_realistic_v5-v2/2810000/48d350a0-1441-4d67-9a18-73416edbe657.root
01-Feb-2025 15:59:29 CST  Closed file root://cmsxrootd.fnal.gov//store/mc/Run3Summer22MiniAODv4/DYto2L-4Jets_MLL-120_HT-1500to2500_TuneCP5_13p6TeV_madgraphMLM-pythia8/MINIAODSIM/130X_mcRun3_2022_realistic_v5-v2/2810000/48d350a0-1441-4d67-9a18-73416edbe657.root
01-Feb-2025 15:59:29 CST  Initiating request to open file root://cmsxrootd.fnal.gov//store/mc/Run3Summer22MiniAODv4/DYto2L-4Jets_MLL-120_HT-1500to2500_TuneCP5_13p6TeV_madgraphMLM-pythia8/MINIAODSIM/130X_mcRun3_2022_realistic_v5-v2/2810000/b40965f0-c04c-47c3-a5ac-9d01040c9f52.root
01-Feb-2025 15:59:30 CST  Successfully opened file root://cmsxrootd.fnal.gov//store/mc/Run3Summer22MiniAODv4/DYto2L-4Jets_MLL-120_HT-1500to2500_TuneCP5_13p6TeV_madgraphMLM-pythia8/MINIAODSIM/130X_mcRun3_2022_realistic_v5-v2/2810000/b40965f0-c04c-47c3-a5ac-9d01040c9f52.root
01-Feb-2025 15:59:32 CST  Closed file root://cmsxrootd.fnal.gov//store/mc/Run3Summer22MiniAODv4/DYto2L-4Jets_MLL-120_HT-1500to2500_TuneCP5_13p6TeV_madgraphMLM-pythia8/MINIAODSIM/130X_mcRun3_2022_realistic_v5-v2/2810000/b40965f0-c04c-47c3-a5ac-9d01040c9f52.root
01-Feb-2025 15:59:32 CST  Initiating request to open file root://cmsxrootd.fnal.gov//store/mc/Run3Summer22MiniAODv4/DYto2L-4Jets_MLL-120_HT-1500to2500_TuneCP5_13p6TeV_madgraphMLM-pythia8/MINIAODSIM/130X_mcRun3_2022_realistic_v5-v2/2810000/adf1ad1f-6081-44ba-a38f-3d8ed10b6e5f.root
01-Feb-2025 15:59:33 CST  Successfully opened file root://cmsxrootd.fnal.gov//store/mc/Run3Summer22MiniAODv4/DYto2L-4Jets_MLL-120_HT-1500to2500_TuneCP5_13p6TeV_madgraphMLM-pythia8/MINIAODSIM/130X_mcRun3_2022_realistic_v5-v2/2810000/adf1ad1f-6081-44ba-a38f-3d8ed10b6e5f.root
01-Feb-2025 15:59:34 CST  Closed file root://cmsxrootd.fnal.gov//store/mc/Run3Summer22MiniAODv4/DYto2L-4Jets_MLL-120_HT-1500to2500_TuneCP5_13p6TeV_madgraphMLM-pythia8/MINIAODSIM/130X_mcRun3_2022_realistic_v5-v2/2810000/adf1ad1f-6081-44ba-a38f-3d8ed10b6e5f.root
01-Feb-2025 15:59:34 CST  Initiating request to open file root://cmsxrootd.fnal.gov//store/mc/Run3Summer22MiniAODv4/DYto2L-4Jets_MLL-120_HT-1500to2500_TuneCP5_13p6TeV_madgraphMLM-pythia8/MINIAODSIM/130X_mcRun3_2022_realistic_v5-v2/2810000/d4a377f5-fa5a-4db3-b622-7e4a2ddadda6.root
01-Feb-2025 15:59:35 CST  Successfully opened file root://cmsxrootd.fnal.gov//store/mc/Run3Summer22MiniAODv4/DYto2L-4Jets_MLL-120_HT-1500to2500_TuneCP5_13p6TeV_madgraphMLM-pythia8/MINIAODSIM/130X_mcRun3_2022_realistic_v5-v2/2810000/d4a377f5-fa5a-4db3-b622-7e4a2ddadda6.root
01-Feb-2025 15:59:38 CST  Closed file root://cmsxrootd.fnal.gov//store/mc/Run3Summer22MiniAODv4/DYto2L-4Jets_MLL-120_HT-1500to2500_TuneCP5_13p6TeV_madgraphMLM-pythia8/MINIAODSIM/130X_mcRun3_2022_realistic_v5-v2/2810000/d4a377f5-fa5a-4db3-b622-7e4a2ddadda6.root
01-Feb-2025 15:59:38 CST  Initiating request to open file root://cmsxrootd.fnal.gov//store/mc/Run3Summer22MiniAODv4/DYto2L-4Jets_MLL-120_HT-1500to2500_TuneCP5_13p6TeV_madgraphMLM-pythia8/MINIAODSIM/130X_mcRun3_2022_realistic_v5-v2/2810000/3924d23b-fbac-4c30-b35a-13b608713762.root
01-Feb-2025 15:59:39 CST  Successfully opened file root://cmsxrootd.fnal.gov//store/mc/Run3Summer22MiniAODv4/DYto2L-4Jets_MLL-120_HT-1500to2500_TuneCP5_13p6TeV_madgraphMLM-pythia8/MINIAODSIM/130X_mcRun3_2022_realistic_v5-v2/2810000/3924d23b-fbac-4c30-b35a-13b608713762.root
Begin processing the 100001st record. Run 1, Event 15810737, LumiSection 3089 on stream 0 at 01-Feb-2025 15:59:41.245 CST
01-Feb-2025 15:59:41 CST  Closed file root://cmsxrootd.fnal.gov//store/mc/Run3Summer22MiniAODv4/DYto2L-4Jets_MLL-120_HT-1500to2500_TuneCP5_13p6TeV_madgraphMLM-pythia8/MINIAODSIM/130X_mcRun3_2022_realistic_v5-v2/2810000/3924d23b-fbac-4c30-b35a-13b608713762.root
01-Feb-2025 15:59:41 CST  Initiating request to open file root://cmsxrootd.fnal.gov//store/mc/Run3Summer22MiniAODv4/DYto2L-4Jets_MLL-120_HT-1500to2500_TuneCP5_13p6TeV_madgraphMLM-pythia8/MINIAODSIM/130X_mcRun3_2022_realistic_v5-v2/2810000/5eb06f38-b883-439b-bf3c-18271723b19d.root
01-Feb-2025 15:59:42 CST  Successfully opened file root://cmsxrootd.fnal.gov//store/mc/Run3Summer22MiniAODv4/DYto2L-4Jets_MLL-120_HT-1500to2500_TuneCP5_13p6TeV_madgraphMLM-pythia8/MINIAODSIM/130X_mcRun3_2022_realistic_v5-v2/2810000/5eb06f38-b883-439b-bf3c-18271723b19d.root
01-Feb-2025 15:59:44 CST  Closed file root://cmsxrootd.fnal.gov//store/mc/Run3Summer22MiniAODv4/DYto2L-4Jets_MLL-120_HT-1500to2500_TuneCP5_13p6TeV_madgraphMLM-pythia8/MINIAODSIM/130X_mcRun3_2022_realistic_v5-v2/2810000/5eb06f38-b883-439b-bf3c-18271723b19d.root
01-Feb-2025 15:59:44 CST  Initiating request to open file root://cmsxrootd.fnal.gov//store/mc/Run3Summer22MiniAODv4/DYto2L-4Jets_MLL-120_HT-1500to2500_TuneCP5_13p6TeV_madgraphMLM-pythia8/MINIAODSIM/130X_mcRun3_2022_realistic_v5-v2/2810000/398c5322-10fa-452e-a5b4-a41c590717e7.root
01-Feb-2025 15:59:45 CST  Successfully opened file root://cmsxrootd.fnal.gov//store/mc/Run3Summer22MiniAODv4/DYto2L-4Jets_MLL-120_HT-1500to2500_TuneCP5_13p6TeV_madgraphMLM-pythia8/MINIAODSIM/130X_mcRun3_2022_realistic_v5-v2/2810000/398c5322-10fa-452e-a5b4-a41c590717e7.root
01-Feb-2025 15:59:47 CST  Closed file root://cmsxrootd.fnal.gov//store/mc/Run3Summer22MiniAODv4/DYto2L-4Jets_MLL-120_HT-1500to2500_TuneCP5_13p6TeV_madgraphMLM-pythia8/MINIAODSIM/130X_mcRun3_2022_realistic_v5-v2/2810000/398c5322-10fa-452e-a5b4-a41c590717e7.root
01-Feb-2025 15:59:47 CST  Initiating request to open file root://cmsxrootd.fnal.gov//store/mc/Run3Summer22MiniAODv4/DYto2L-4Jets_MLL-120_HT-1500to2500_TuneCP5_13p6TeV_madgraphMLM-pythia8/MINIAODSIM/130X_mcRun3_2022_realistic_v5-v2/2810000/38836439-5d63-41ae-b103-d8ce1a0f9cee.root
01-Feb-2025 15:59:48 CST  Successfully opened file root://cmsxrootd.fnal.gov//store/mc/Run3Summer22MiniAODv4/DYto2L-4Jets_MLL-120_HT-1500to2500_TuneCP5_13p6TeV_madgraphMLM-pythia8/MINIAODSIM/130X_mcRun3_2022_realistic_v5-v2/2810000/38836439-5d63-41ae-b103-d8ce1a0f9cee.root
01-Feb-2025 15:59:51 CST  Closed file root://cmsxrootd.fnal.gov//store/mc/Run3Summer22MiniAODv4/DYto2L-4Jets_MLL-120_HT-1500to2500_TuneCP5_13p6TeV_madgraphMLM-pythia8/MINIAODSIM/130X_mcRun3_2022_realistic_v5-v2/2810000/38836439-5d63-41ae-b103-d8ce1a0f9cee.root
01-Feb-2025 15:59:51 CST  Initiating request to open file root://cmsxrootd.fnal.gov//store/mc/Run3Summer22MiniAODv4/DYto2L-4Jets_MLL-120_HT-1500to2500_TuneCP5_13p6TeV_madgraphMLM-pythia8/MINIAODSIM/130X_mcRun3_2022_realistic_v5-v2/2810000/6f4dd930-f76b-4a42-86a2-8d54b1cb64ac.root
01-Feb-2025 15:59:52 CST  Successfully opened file root://cmsxrootd.fnal.gov//store/mc/Run3Summer22MiniAODv4/DYto2L-4Jets_MLL-120_HT-1500to2500_TuneCP5_13p6TeV_madgraphMLM-pythia8/MINIAODSIM/130X_mcRun3_2022_realistic_v5-v2/2810000/6f4dd930-f76b-4a42-86a2-8d54b1cb64ac.root
Begin processing the 200001st record. Run 1, Event 20446492, LumiSection 3994 on stream 0 at 01-Feb-2025 15:59:54.623 CST
01-Feb-2025 15:59:54 CST  Closed file root://cmsxrootd.fnal.gov//store/mc/Run3Summer22MiniAODv4/DYto2L-4Jets_MLL-120_HT-1500to2500_TuneCP5_13p6TeV_madgraphMLM-pythia8/MINIAODSIM/130X_mcRun3_2022_realistic_v5-v2/2810000/6f4dd930-f76b-4a42-86a2-8d54b1cb64ac.root
01-Feb-2025 15:59:54 CST  Initiating request to open file root://cmsxrootd.fnal.gov//store/mc/Run3Summer22MiniAODv4/DYto2L-4Jets_MLL-120_HT-1500to2500_TuneCP5_13p6TeV_madgraphMLM-pythia8/MINIAODSIM/130X_mcRun3_2022_realistic_v5-v2/2810000/51385b46-8177-4531-a383-b128cdc0873e.root
01-Feb-2025 15:59:55 CST  Successfully opened file root://cmsxrootd.fnal.gov//store/mc/Run3Summer22MiniAODv4/DYto2L-4Jets_MLL-120_HT-1500to2500_TuneCP5_13p6TeV_madgraphMLM-pythia8/MINIAODSIM/130X_mcRun3_2022_realistic_v5-v2/2810000/51385b46-8177-4531-a383-b128cdc0873e.root
01-Feb-2025 15:59:56 CST  Closed file root://cmsxrootd.fnal.gov//store/mc/Run3Summer22MiniAODv4/DYto2L-4Jets_MLL-120_HT-1500to2500_TuneCP5_13p6TeV_madgraphMLM-pythia8/MINIAODSIM/130X_mcRun3_2022_realistic_v5-v2/2810000/51385b46-8177-4531-a383-b128cdc0873e.root
01-Feb-2025 15:59:56 CST  Initiating request to open file root://cmsxrootd.fnal.gov//store/mc/Run3Summer22MiniAODv4/DYto2L-4Jets_MLL-120_HT-1500to2500_TuneCP5_13p6TeV_madgraphMLM-pythia8/MINIAODSIM/130X_mcRun3_2022_realistic_v5-v2/2810000/683672eb-825e-4901-b8ac-c33976ae44c0.root
01-Feb-2025 15:59:57 CST  Successfully opened file root://cmsxrootd.fnal.gov//store/mc/Run3Summer22MiniAODv4/DYto2L-4Jets_MLL-120_HT-1500to2500_TuneCP5_13p6TeV_madgraphMLM-pythia8/MINIAODSIM/130X_mcRun3_2022_realistic_v5-v2/2810000/683672eb-825e-4901-b8ac-c33976ae44c0.root
01-Feb-2025 15:59:58 CST  Closed file root://cmsxrootd.fnal.gov//store/mc/Run3Summer22MiniAODv4/DYto2L-4Jets_MLL-120_HT-1500to2500_TuneCP5_13p6TeV_madgraphMLM-pythia8/MINIAODSIM/130X_mcRun3_2022_realistic_v5-v2/2810000/683672eb-825e-4901-b8ac-c33976ae44c0.root
01-Feb-2025 15:59:58 CST  Initiating request to open file root://cmsxrootd.fnal.gov//store/mc/Run3Summer22MiniAODv4/DYto2L-4Jets_MLL-120_HT-1500to2500_TuneCP5_13p6TeV_madgraphMLM-pythia8/MINIAODSIM/130X_mcRun3_2022_realistic_v5-v2/2810000/3a7d06fa-19e2-480b-a073-ae8daf303b2b.root
01-Feb-2025 15:59:59 CST  Successfully opened file root://cmsxrootd.fnal.gov//store/mc/Run3Summer22MiniAODv4/DYto2L-4Jets_MLL-120_HT-1500to2500_TuneCP5_13p6TeV_madgraphMLM-pythia8/MINIAODSIM/130X_mcRun3_2022_realistic_v5-v2/2810000/3a7d06fa-19e2-480b-a073-ae8daf303b2b.root
01-Feb-2025 16:00:01 CST  Closed file root://cmsxrootd.fnal.gov//store/mc/Run3Summer22MiniAODv4/DYto2L-4Jets_MLL-120_HT-1500to2500_TuneCP5_13p6TeV_madgraphMLM-pythia8/MINIAODSIM/130X_mcRun3_2022_realistic_v5-v2/2810000/3a7d06fa-19e2-480b-a073-ae8daf303b2b.root
01-Feb-2025 16:00:01 CST  Initiating request to open file root://cmsxrootd.fnal.gov//store/mc/Run3Summer22MiniAODv4/DYto2L-4Jets_MLL-120_HT-1500to2500_TuneCP5_13p6TeV_madgraphMLM-pythia8/MINIAODSIM/130X_mcRun3_2022_realistic_v5-v2/2810000/be4c7cf1-29d6-4fea-8f3a-78d317a6a717.root
01-Feb-2025 16:00:02 CST  Successfully opened file root://cmsxrootd.fnal.gov//store/mc/Run3Summer22MiniAODv4/DYto2L-4Jets_MLL-120_HT-1500to2500_TuneCP5_13p6TeV_madgraphMLM-pythia8/MINIAODSIM/130X_mcRun3_2022_realistic_v5-v2/2810000/be4c7cf1-29d6-4fea-8f3a-78d317a6a717.root
01-Feb-2025 16:00:04 CST  Closed file root://cmsxrootd.fnal.gov//store/mc/Run3Summer22MiniAODv4/DYto2L-4Jets_MLL-120_HT-1500to2500_TuneCP5_13p6TeV_madgraphMLM-pythia8/MINIAODSIM/130X_mcRun3_2022_realistic_v5-v2/2810000/be4c7cf1-29d6-4fea-8f3a-78d317a6a717.root
01-Feb-2025 16:00:04 CST  Initiating request to open file root://cmsxrootd.fnal.gov//store/mc/Run3Summer22MiniAODv4/DYto2L-4Jets_MLL-120_HT-1500to2500_TuneCP5_13p6TeV_madgraphMLM-pythia8/MINIAODSIM/130X_mcRun3_2022_realistic_v5-v2/2810000/591cb700-fa3f-4fa8-9abd-6c6449d6f16b.root
01-Feb-2025 16:00:05 CST  Successfully opened file root://cmsxrootd.fnal.gov//store/mc/Run3Summer22MiniAODv4/DYto2L-4Jets_MLL-120_HT-1500to2500_TuneCP5_13p6TeV_madgraphMLM-pythia8/MINIAODSIM/130X_mcRun3_2022_realistic_v5-v2/2810000/591cb700-fa3f-4fa8-9abd-6c6449d6f16b.root
01-Feb-2025 16:00:07 CST  Closed file root://cmsxrootd.fnal.gov//store/mc/Run3Summer22MiniAODv4/DYto2L-4Jets_MLL-120_HT-1500to2500_TuneCP5_13p6TeV_madgraphMLM-pythia8/MINIAODSIM/130X_mcRun3_2022_realistic_v5-v2/2810000/591cb700-fa3f-4fa8-9abd-6c6449d6f16b.root
01-Feb-2025 16:00:07 CST  Initiating request to open file root://cmsxrootd.fnal.gov//store/mc/Run3Summer22MiniAODv4/DYto2L-4Jets_MLL-120_HT-1500to2500_TuneCP5_13p6TeV_madgraphMLM-pythia8/MINIAODSIM/130X_mcRun3_2022_realistic_v5-v2/2810000/985a441c-6c91-4a58-8781-f8fde258e884.root
01-Feb-2025 16:00:08 CST  Successfully opened file root://cmsxrootd.fnal.gov//store/mc/Run3Summer22MiniAODv4/DYto2L-4Jets_MLL-120_HT-1500to2500_TuneCP5_13p6TeV_madgraphMLM-pythia8/MINIAODSIM/130X_mcRun3_2022_realistic_v5-v2/2810000/985a441c-6c91-4a58-8781-f8fde258e884.root
Begin processing the 300001st record. Run 1, Event 20955205, LumiSection 4093 on stream 0 at 01-Feb-2025 16:00:10.580 CST
01-Feb-2025 16:00:10 CST  Closed file root://cmsxrootd.fnal.gov//store/mc/Run3Summer22MiniAODv4/DYto2L-4Jets_MLL-120_HT-1500to2500_TuneCP5_13p6TeV_madgraphMLM-pythia8/MINIAODSIM/130X_mcRun3_2022_realistic_v5-v2/2810000/985a441c-6c91-4a58-8781-f8fde258e884.root
01-Feb-2025 16:00:10 CST  Initiating request to open file root://cmsxrootd.fnal.gov//store/mc/Run3Summer22MiniAODv4/DYto2L-4Jets_MLL-120_HT-1500to2500_TuneCP5_13p6TeV_madgraphMLM-pythia8/MINIAODSIM/130X_mcRun3_2022_realistic_v5-v2/2810000/21b67d5b-dc0d-44fd-9c12-6473e34efc59.root
01-Feb-2025 16:00:13 CST  Successfully opened file root://cmsxrootd.fnal.gov//store/mc/Run3Summer22MiniAODv4/DYto2L-4Jets_MLL-120_HT-1500to2500_TuneCP5_13p6TeV_madgraphMLM-pythia8/MINIAODSIM/130X_mcRun3_2022_realistic_v5-v2/2810000/21b67d5b-dc0d-44fd-9c12-6473e34efc59.root
01-Feb-2025 16:00:15 CST  Closed file root://cmsxrootd.fnal.gov//store/mc/Run3Summer22MiniAODv4/DYto2L-4Jets_MLL-120_HT-1500to2500_TuneCP5_13p6TeV_madgraphMLM-pythia8/MINIAODSIM/130X_mcRun3_2022_realistic_v5-v2/2810000/21b67d5b-dc0d-44fd-9c12-6473e34efc59.root
01-Feb-2025 16:00:15 CST  Initiating request to open file root://cmsxrootd.fnal.gov//store/mc/Run3Summer22MiniAODv4/DYto2L-4Jets_MLL-120_HT-1500to2500_TuneCP5_13p6TeV_madgraphMLM-pythia8/MINIAODSIM/130X_mcRun3_2022_realistic_v5-v2/2810000/63193d11-148b-4639-9d6a-1edd45e0fae3.root
01-Feb-2025 16:00:16 CST  Successfully opened file root://cmsxrootd.fnal.gov//store/mc/Run3Summer22MiniAODv4/DYto2L-4Jets_MLL-120_HT-1500to2500_TuneCP5_13p6TeV_madgraphMLM-pythia8/MINIAODSIM/130X_mcRun3_2022_realistic_v5-v2/2810000/63193d11-148b-4639-9d6a-1edd45e0fae3.root
01-Feb-2025 16:00:17 CST  Closed file root://cmsxrootd.fnal.gov//store/mc/Run3Summer22MiniAODv4/DYto2L-4Jets_MLL-120_HT-1500to2500_TuneCP5_13p6TeV_madgraphMLM-pythia8/MINIAODSIM/130X_mcRun3_2022_realistic_v5-v2/2810000/63193d11-148b-4639-9d6a-1edd45e0fae3.root
01-Feb-2025 16:00:17 CST  Initiating request to open file root://cmsxrootd.fnal.gov//store/mc/Run3Summer22MiniAODv4/DYto2L-4Jets_MLL-120_HT-1500to2500_TuneCP5_13p6TeV_madgraphMLM-pythia8/MINIAODSIM/130X_mcRun3_2022_realistic_v5-v2/2810000/5f03e16c-dd39-4971-9616-979bf589fe84.root
01-Feb-2025 16:00:19 CST  Successfully opened file root://cmsxrootd.fnal.gov//store/mc/Run3Summer22MiniAODv4/DYto2L-4Jets_MLL-120_HT-1500to2500_TuneCP5_13p6TeV_madgraphMLM-pythia8/MINIAODSIM/130X_mcRun3_2022_realistic_v5-v2/2810000/5f03e16c-dd39-4971-9616-979bf589fe84.root
01-Feb-2025 16:00:21 CST  Closed file root://cmsxrootd.fnal.gov//store/mc/Run3Summer22MiniAODv4/DYto2L-4Jets_MLL-120_HT-1500to2500_TuneCP5_13p6TeV_madgraphMLM-pythia8/MINIAODSIM/130X_mcRun3_2022_realistic_v5-v2/2810000/5f03e16c-dd39-4971-9616-979bf589fe84.root
01-Feb-2025 16:00:21 CST  Initiating request to open file root://cmsxrootd.fnal.gov//store/mc/Run3Summer22MiniAODv4/DYto2L-4Jets_MLL-120_HT-1500to2500_TuneCP5_13p6TeV_madgraphMLM-pythia8/MINIAODSIM/130X_mcRun3_2022_realistic_v5-v2/2810000/3e7c8a74-a3ae-4fa3-a0d2-d21121e746c1.root
01-Feb-2025 16:00:22 CST  Successfully opened file root://cmsxrootd.fnal.gov//store/mc/Run3Summer22MiniAODv4/DYto2L-4Jets_MLL-120_HT-1500to2500_TuneCP5_13p6TeV_madgraphMLM-pythia8/MINIAODSIM/130X_mcRun3_2022_realistic_v5-v2/2810000/3e7c8a74-a3ae-4fa3-a0d2-d21121e746c1.root
01-Feb-2025 16:00:24 CST  Closed file root://cmsxrootd.fnal.gov//store/mc/Run3Summer22MiniAODv4/DYto2L-4Jets_MLL-120_HT-1500to2500_TuneCP5_13p6TeV_madgraphMLM-pythia8/MINIAODSIM/130X_mcRun3_2022_realistic_v5-v2/2810000/3e7c8a74-a3ae-4fa3-a0d2-d21121e746c1.root
01-Feb-2025 16:00:24 CST  Initiating request to open file root://cmsxrootd.fnal.gov//store/mc/Run3Summer22MiniAODv4/DYto2L-4Jets_MLL-120_HT-1500to2500_TuneCP5_13p6TeV_madgraphMLM-pythia8/MINIAODSIM/130X_mcRun3_2022_realistic_v5-v2/2810000/28f06286-5a50-4ba9-9fcc-2d110c9d0168.root
01-Feb-2025 16:00:25 CST  Successfully opened file root://cmsxrootd.fnal.gov//store/mc/Run3Summer22MiniAODv4/DYto2L-4Jets_MLL-120_HT-1500to2500_TuneCP5_13p6TeV_madgraphMLM-pythia8/MINIAODSIM/130X_mcRun3_2022_realistic_v5-v2/2810000/28f06286-5a50-4ba9-9fcc-2d110c9d0168.root
01-Feb-2025 16:00:27 CST  Closed file root://cmsxrootd.fnal.gov//store/mc/Run3Summer22MiniAODv4/DYto2L-4Jets_MLL-120_HT-1500to2500_TuneCP5_13p6TeV_madgraphMLM-pythia8/MINIAODSIM/130X_mcRun3_2022_realistic_v5-v2/2810000/28f06286-5a50-4ba9-9fcc-2d110c9d0168.root
01-Feb-2025 16:00:27 CST  Initiating request to open file root://cmsxrootd.fnal.gov//store/mc/Run3Summer22MiniAODv4/DYto2L-4Jets_MLL-120_HT-1500to2500_TuneCP5_13p6TeV_madgraphMLM-pythia8/MINIAODSIM/130X_mcRun3_2022_realistic_v5-v2/2810000/bfaa9333-3c38-4e9f-9aa1-7d395ca7a35b.root
01-Feb-2025 16:00:28 CST  Successfully opened file root://cmsxrootd.fnal.gov//store/mc/Run3Summer22MiniAODv4/DYto2L-4Jets_MLL-120_HT-1500to2500_TuneCP5_13p6TeV_madgraphMLM-pythia8/MINIAODSIM/130X_mcRun3_2022_realistic_v5-v2/2810000/bfaa9333-3c38-4e9f-9aa1-7d395ca7a35b.root
01-Feb-2025 16:00:29 CST  Closed file root://cmsxrootd.fnal.gov//store/mc/Run3Summer22MiniAODv4/DYto2L-4Jets_MLL-120_HT-1500to2500_TuneCP5_13p6TeV_madgraphMLM-pythia8/MINIAODSIM/130X_mcRun3_2022_realistic_v5-v2/2810000/bfaa9333-3c38-4e9f-9aa1-7d395ca7a35b.root
01-Feb-2025 16:00:29 CST  Initiating request to open file root://cmsxrootd.fnal.gov//store/mc/Run3Summer22MiniAODv4/DYto2L-4Jets_MLL-120_HT-1500to2500_TuneCP5_13p6TeV_madgraphMLM-pythia8/MINIAODSIM/130X_mcRun3_2022_realistic_v5-v2/2810000/cf5f60fa-540f-43c8-b992-9e98cfdb16e5.root
01-Feb-2025 16:00:31 CST  Successfully opened file root://cmsxrootd.fnal.gov//store/mc/Run3Summer22MiniAODv4/DYto2L-4Jets_MLL-120_HT-1500to2500_TuneCP5_13p6TeV_madgraphMLM-pythia8/MINIAODSIM/130X_mcRun3_2022_realistic_v5-v2/2810000/cf5f60fa-540f-43c8-b992-9e98cfdb16e5.root
Begin processing the 400001st record. Run 1, Event 22092482, LumiSection 4315 on stream 0 at 01-Feb-2025 16:00:33.329 CST
01-Feb-2025 16:00:33 CST  Closed file root://cmsxrootd.fnal.gov//store/mc/Run3Summer22MiniAODv4/DYto2L-4Jets_MLL-120_HT-1500to2500_TuneCP5_13p6TeV_madgraphMLM-pythia8/MINIAODSIM/130X_mcRun3_2022_realistic_v5-v2/2810000/cf5f60fa-540f-43c8-b992-9e98cfdb16e5.root
01-Feb-2025 16:00:33 CST  Initiating request to open file root://cmsxrootd.fnal.gov//store/mc/Run3Summer22MiniAODv4/DYto2L-4Jets_MLL-120_HT-1500to2500_TuneCP5_13p6TeV_madgraphMLM-pythia8/MINIAODSIM/130X_mcRun3_2022_realistic_v5-v2/2810000/9d9499a4-47be-4111-8449-1216e00cdc68.root
01-Feb-2025 16:00:37 CST  Successfully opened file root://cmsxrootd.fnal.gov//store/mc/Run3Summer22MiniAODv4/DYto2L-4Jets_MLL-120_HT-1500to2500_TuneCP5_13p6TeV_madgraphMLM-pythia8/MINIAODSIM/130X_mcRun3_2022_realistic_v5-v2/2810000/9d9499a4-47be-4111-8449-1216e00cdc68.root
01-Feb-2025 16:00:43 CST  Closed file root://cmsxrootd.fnal.gov//store/mc/Run3Summer22MiniAODv4/DYto2L-4Jets_MLL-120_HT-1500to2500_TuneCP5_13p6TeV_madgraphMLM-pythia8/MINIAODSIM/130X_mcRun3_2022_realistic_v5-v2/2810000/9d9499a4-47be-4111-8449-1216e00cdc68.root
01-Feb-2025 16:00:43 CST  Initiating request to open file root://cmsxrootd.fnal.gov//store/mc/Run3Summer22MiniAODv4/DYto2L-4Jets_MLL-120_HT-1500to2500_TuneCP5_13p6TeV_madgraphMLM-pythia8/MINIAODSIM/130X_mcRun3_2022_realistic_v5-v2/2810000/68f91108-84fe-4258-aeca-1834e20957ec.root
01-Feb-2025 16:00:46 CST  Successfully opened file root://cmsxrootd.fnal.gov//store/mc/Run3Summer22MiniAODv4/DYto2L-4Jets_MLL-120_HT-1500to2500_TuneCP5_13p6TeV_madgraphMLM-pythia8/MINIAODSIM/130X_mcRun3_2022_realistic_v5-v2/2810000/68f91108-84fe-4258-aeca-1834e20957ec.root
01-Feb-2025 16:00:51 CST  Closed file root://cmsxrootd.fnal.gov//store/mc/Run3Summer22MiniAODv4/DYto2L-4Jets_MLL-120_HT-1500to2500_TuneCP5_13p6TeV_madgraphMLM-pythia8/MINIAODSIM/130X_mcRun3_2022_realistic_v5-v2/2810000/68f91108-84fe-4258-aeca-1834e20957ec.root
01-Feb-2025 16:00:51 CST  Initiating request to open file root://cmsxrootd.fnal.gov//store/mc/Run3Summer22MiniAODv4/DYto2L-4Jets_MLL-120_HT-1500to2500_TuneCP5_13p6TeV_madgraphMLM-pythia8/MINIAODSIM/130X_mcRun3_2022_realistic_v5-v2/2810000/752aefb0-45b5-4eb3-8f12-586fd88ee232.root
01-Feb-2025 16:00:52 CST  Successfully opened file root://cmsxrootd.fnal.gov//store/mc/Run3Summer22MiniAODv4/DYto2L-4Jets_MLL-120_HT-1500to2500_TuneCP5_13p6TeV_madgraphMLM-pythia8/MINIAODSIM/130X_mcRun3_2022_realistic_v5-v2/2810000/752aefb0-45b5-4eb3-8f12-586fd88ee232.root
01-Feb-2025 16:00:54 CST  Closed file root://cmsxrootd.fnal.gov//store/mc/Run3Summer22MiniAODv4/DYto2L-4Jets_MLL-120_HT-1500to2500_TuneCP5_13p6TeV_madgraphMLM-pythia8/MINIAODSIM/130X_mcRun3_2022_realistic_v5-v2/2810000/752aefb0-45b5-4eb3-8f12-586fd88ee232.root
01-Feb-2025 16:00:54 CST  Initiating request to open file root://cmsxrootd.fnal.gov//store/mc/Run3Summer22MiniAODv4/DYto2L-4Jets_MLL-120_HT-1500to2500_TuneCP5_13p6TeV_madgraphMLM-pythia8/MINIAODSIM/130X_mcRun3_2022_realistic_v5-v2/2810000/b0fafbe0-e6d4-4c02-a713-33e3150fa5c3.root
01-Feb-2025 16:00:55 CST  Successfully opened file root://cmsxrootd.fnal.gov//store/mc/Run3Summer22MiniAODv4/DYto2L-4Jets_MLL-120_HT-1500to2500_TuneCP5_13p6TeV_madgraphMLM-pythia8/MINIAODSIM/130X_mcRun3_2022_realistic_v5-v2/2810000/b0fafbe0-e6d4-4c02-a713-33e3150fa5c3.root
01-Feb-2025 16:00:57 CST  Closed file root://cmsxrootd.fnal.gov//store/mc/Run3Summer22MiniAODv4/DYto2L-4Jets_MLL-120_HT-1500to2500_TuneCP5_13p6TeV_madgraphMLM-pythia8/MINIAODSIM/130X_mcRun3_2022_realistic_v5-v2/2810000/b0fafbe0-e6d4-4c02-a713-33e3150fa5c3.root
01-Feb-2025 16:00:57 CST  Initiating request to open file root://cmsxrootd.fnal.gov//store/mc/Run3Summer22MiniAODv4/DYto2L-4Jets_MLL-120_HT-1500to2500_TuneCP5_13p6TeV_madgraphMLM-pythia8/MINIAODSIM/130X_mcRun3_2022_realistic_v5-v2/2810000/28e4a843-fabd-47c4-895b-36230980b356.root
01-Feb-2025 16:00:58 CST  Successfully opened file root://cmsxrootd.fnal.gov//store/mc/Run3Summer22MiniAODv4/DYto2L-4Jets_MLL-120_HT-1500to2500_TuneCP5_13p6TeV_madgraphMLM-pythia8/MINIAODSIM/130X_mcRun3_2022_realistic_v5-v2/2810000/28e4a843-fabd-47c4-895b-36230980b356.root
01-Feb-2025 16:01:00 CST  Closed file root://cmsxrootd.fnal.gov//store/mc/Run3Summer22MiniAODv4/DYto2L-4Jets_MLL-120_HT-1500to2500_TuneCP5_13p6TeV_madgraphMLM-pythia8/MINIAODSIM/130X_mcRun3_2022_realistic_v5-v2/2810000/28e4a843-fabd-47c4-895b-36230980b356.root
01-Feb-2025 16:01:00 CST  Initiating request to open file root://cmsxrootd.fnal.gov//store/mc/Run3Summer22MiniAODv4/DYto2L-4Jets_MLL-120_HT-1500to2500_TuneCP5_13p6TeV_madgraphMLM-pythia8/MINIAODSIM/130X_mcRun3_2022_realistic_v5-v2/2810000/6eaf592e-b2ba-4ebf-8744-49c9f77350d4.root
01-Feb-2025 16:01:01 CST  Successfully opened file root://cmsxrootd.fnal.gov//store/mc/Run3Summer22MiniAODv4/DYto2L-4Jets_MLL-120_HT-1500to2500_TuneCP5_13p6TeV_madgraphMLM-pythia8/MINIAODSIM/130X_mcRun3_2022_realistic_v5-v2/2810000/6eaf592e-b2ba-4ebf-8744-49c9f77350d4.root
01-Feb-2025 16:01:03 CST  Closed file root://cmsxrootd.fnal.gov//store/mc/Run3Summer22MiniAODv4/DYto2L-4Jets_MLL-120_HT-1500to2500_TuneCP5_13p6TeV_madgraphMLM-pythia8/MINIAODSIM/130X_mcRun3_2022_realistic_v5-v2/2810000/6eaf592e-b2ba-4ebf-8744-49c9f77350d4.root
01-Feb-2025 16:01:03 CST  Initiating request to open file root://cmsxrootd.fnal.gov//store/mc/Run3Summer22MiniAODv4/DYto2L-4Jets_MLL-120_HT-1500to2500_TuneCP5_13p6TeV_madgraphMLM-pythia8/MINIAODSIM/130X_mcRun3_2022_realistic_v5-v2/2810000/3c601129-c1b9-4fed-915b-44e88b95a109.root
01-Feb-2025 16:01:04 CST  Successfully opened file root://cmsxrootd.fnal.gov//store/mc/Run3Summer22MiniAODv4/DYto2L-4Jets_MLL-120_HT-1500to2500_TuneCP5_13p6TeV_madgraphMLM-pythia8/MINIAODSIM/130X_mcRun3_2022_realistic_v5-v2/2810000/3c601129-c1b9-4fed-915b-44e88b95a109.root
01-Feb-2025 16:01:08 CST  Closed file root://cmsxrootd.fnal.gov//store/mc/Run3Summer22MiniAODv4/DYto2L-4Jets_MLL-120_HT-1500to2500_TuneCP5_13p6TeV_madgraphMLM-pythia8/MINIAODSIM/130X_mcRun3_2022_realistic_v5-v2/2810000/3c601129-c1b9-4fed-915b-44e88b95a109.root
01-Feb-2025 16:01:08 CST  Initiating request to open file root://cmsxrootd.fnal.gov//store/mc/Run3Summer22MiniAODv4/DYto2L-4Jets_MLL-120_HT-1500to2500_TuneCP5_13p6TeV_madgraphMLM-pythia8/MINIAODSIM/130X_mcRun3_2022_realistic_v5-v2/2810000/c18b6c2b-ca32-45b2-bf13-af92b386be9c.root
01-Feb-2025 16:01:10 CST  Successfully opened file root://cmsxrootd.fnal.gov//store/mc/Run3Summer22MiniAODv4/DYto2L-4Jets_MLL-120_HT-1500to2500_TuneCP5_13p6TeV_madgraphMLM-pythia8/MINIAODSIM/130X_mcRun3_2022_realistic_v5-v2/2810000/c18b6c2b-ca32-45b2-bf13-af92b386be9c.root
Begin processing the 500001st record. Run 1, Event 1085869, LumiSection 213 on stream 0 at 01-Feb-2025 16:01:11.236 CST
01-Feb-2025 16:01:11 CST  Closed file root://cmsxrootd.fnal.gov//store/mc/Run3Summer22MiniAODv4/DYto2L-4Jets_MLL-120_HT-1500to2500_TuneCP5_13p6TeV_madgraphMLM-pythia8/MINIAODSIM/130X_mcRun3_2022_realistic_v5-v2/2810000/c18b6c2b-ca32-45b2-bf13-af92b386be9c.root
01-Feb-2025 16:01:11 CST  Initiating request to open file root://cmsxrootd.fnal.gov//store/mc/Run3Summer22MiniAODv4/DYto2L-4Jets_MLL-120_HT-1500to2500_TuneCP5_13p6TeV_madgraphMLM-pythia8/MINIAODSIM/130X_mcRun3_2022_realistic_v5-v2/2810000/f12d18cd-a231-4c92-a47e-090856f61cbf.root
01-Feb-2025 16:01:12 CST  Successfully opened file root://cmsxrootd.fnal.gov//store/mc/Run3Summer22MiniAODv4/DYto2L-4Jets_MLL-120_HT-1500to2500_TuneCP5_13p6TeV_madgraphMLM-pythia8/MINIAODSIM/130X_mcRun3_2022_realistic_v5-v2/2810000/f12d18cd-a231-4c92-a47e-090856f61cbf.root
01-Feb-2025 16:01:14 CST  Closed file root://cmsxrootd.fnal.gov//store/mc/Run3Summer22MiniAODv4/DYto2L-4Jets_MLL-120_HT-1500to2500_TuneCP5_13p6TeV_madgraphMLM-pythia8/MINIAODSIM/130X_mcRun3_2022_realistic_v5-v2/2810000/f12d18cd-a231-4c92-a47e-090856f61cbf.root
01-Feb-2025 16:01:14 CST  Initiating request to open file root://cmsxrootd.fnal.gov//store/mc/Run3Summer22MiniAODv4/DYto2L-4Jets_MLL-120_HT-1500to2500_TuneCP5_13p6TeV_madgraphMLM-pythia8/MINIAODSIM/130X_mcRun3_2022_realistic_v5-v2/2810000/bc58d149-ae81-4221-8b92-3d762d489fe5.root
01-Feb-2025 16:01:15 CST  Successfully opened file root://cmsxrootd.fnal.gov//store/mc/Run3Summer22MiniAODv4/DYto2L-4Jets_MLL-120_HT-1500to2500_TuneCP5_13p6TeV_madgraphMLM-pythia8/MINIAODSIM/130X_mcRun3_2022_realistic_v5-v2/2810000/bc58d149-ae81-4221-8b92-3d762d489fe5.root
01-Feb-2025 16:01:19 CST  Closed file root://cmsxrootd.fnal.gov//store/mc/Run3Summer22MiniAODv4/DYto2L-4Jets_MLL-120_HT-1500to2500_TuneCP5_13p6TeV_madgraphMLM-pythia8/MINIAODSIM/130X_mcRun3_2022_realistic_v5-v2/2810000/bc58d149-ae81-4221-8b92-3d762d489fe5.root
01-Feb-2025 16:01:19 CST  Initiating request to open file root://cmsxrootd.fnal.gov//store/mc/Run3Summer22MiniAODv4/DYto2L-4Jets_MLL-120_HT-1500to2500_TuneCP5_13p6TeV_madgraphMLM-pythia8/MINIAODSIM/130X_mcRun3_2022_realistic_v5-v2/2810000/cadd85c2-aeaa-4209-9024-9f11dbee414a.root
01-Feb-2025 16:01:26 CST  Successfully opened file root://cmsxrootd.fnal.gov//store/mc/Run3Summer22MiniAODv4/DYto2L-4Jets_MLL-120_HT-1500to2500_TuneCP5_13p6TeV_madgraphMLM-pythia8/MINIAODSIM/130X_mcRun3_2022_realistic_v5-v2/2810000/cadd85c2-aeaa-4209-9024-9f11dbee414a.root
01-Feb-2025 16:02:01 CST  Closed file root://cmsxrootd.fnal.gov//store/mc/Run3Summer22MiniAODv4/DYto2L-4Jets_MLL-120_HT-1500to2500_TuneCP5_13p6TeV_madgraphMLM-pythia8/MINIAODSIM/130X_mcRun3_2022_realistic_v5-v2/2810000/cadd85c2-aeaa-4209-9024-9f11dbee414a.root
01-Feb-2025 16:02:01 CST  Initiating request to open file root://cmsxrootd.fnal.gov//store/mc/Run3Summer22MiniAODv4/DYto2L-4Jets_MLL-120_HT-1500to2500_TuneCP5_13p6TeV_madgraphMLM-pythia8/MINIAODSIM/130X_mcRun3_2022_realistic_v5-v2/2810000/bdb687d5-d677-41ff-abc3-56a008b57846.root
01-Feb-2025 16:02:02 CST  Successfully opened file root://cmsxrootd.fnal.gov//store/mc/Run3Summer22MiniAODv4/DYto2L-4Jets_MLL-120_HT-1500to2500_TuneCP5_13p6TeV_madgraphMLM-pythia8/MINIAODSIM/130X_mcRun3_2022_realistic_v5-v2/2810000/bdb687d5-d677-41ff-abc3-56a008b57846.root
01-Feb-2025 16:02:03 CST  Closed file root://cmsxrootd.fnal.gov//store/mc/Run3Summer22MiniAODv4/DYto2L-4Jets_MLL-120_HT-1500to2500_TuneCP5_13p6TeV_madgraphMLM-pythia8/MINIAODSIM/130X_mcRun3_2022_realistic_v5-v2/2810000/bdb687d5-d677-41ff-abc3-56a008b57846.root
01-Feb-2025 16:02:03 CST  Initiating request to open file root://cmsxrootd.fnal.gov//store/mc/Run3Summer22MiniAODv4/DYto2L-4Jets_MLL-120_HT-1500to2500_TuneCP5_13p6TeV_madgraphMLM-pythia8/MINIAODSIM/130X_mcRun3_2022_realistic_v5-v2/2810000/dccd12a3-0489-4570-bddf-7e09ea085d6e.root
01-Feb-2025 16:02:06 CST  Successfully opened file root://cmsxrootd.fnal.gov//store/mc/Run3Summer22MiniAODv4/DYto2L-4Jets_MLL-120_HT-1500to2500_TuneCP5_13p6TeV_madgraphMLM-pythia8/MINIAODSIM/130X_mcRun3_2022_realistic_v5-v2/2810000/dccd12a3-0489-4570-bddf-7e09ea085d6e.root
01-Feb-2025 16:02:08 CST  Closed file root://cmsxrootd.fnal.gov//store/mc/Run3Summer22MiniAODv4/DYto2L-4Jets_MLL-120_HT-1500to2500_TuneCP5_13p6TeV_madgraphMLM-pythia8/MINIAODSIM/130X_mcRun3_2022_realistic_v5-v2/2810000/dccd12a3-0489-4570-bddf-7e09ea085d6e.root
01-Feb-2025 16:02:08 CST  Initiating request to open file root://cmsxrootd.fnal.gov//store/mc/Run3Summer22MiniAODv4/DYto2L-4Jets_MLL-120_HT-1500to2500_TuneCP5_13p6TeV_madgraphMLM-pythia8/MINIAODSIM/130X_mcRun3_2022_realistic_v5-v2/2810000/618cb153-ca86-413f-a7b9-7a13e5b5aaa7.root
01-Feb-2025 16:02:09 CST  Successfully opened file root://cmsxrootd.fnal.gov//store/mc/Run3Summer22MiniAODv4/DYto2L-4Jets_MLL-120_HT-1500to2500_TuneCP5_13p6TeV_madgraphMLM-pythia8/MINIAODSIM/130X_mcRun3_2022_realistic_v5-v2/2810000/618cb153-ca86-413f-a7b9-7a13e5b5aaa7.root
Begin processing the 600001st record. Run 1, Event 15732245, LumiSection 3073 on stream 0 at 01-Feb-2025 16:02:14.689 CST
01-Feb-2025 16:02:14 CST  Closed file root://cmsxrootd.fnal.gov//store/mc/Run3Summer22MiniAODv4/DYto2L-4Jets_MLL-120_HT-1500to2500_TuneCP5_13p6TeV_madgraphMLM-pythia8/MINIAODSIM/130X_mcRun3_2022_realistic_v5-v2/2810000/618cb153-ca86-413f-a7b9-7a13e5b5aaa7.root
01-Feb-2025 16:02:14 CST  Initiating request to open file root://cmsxrootd.fnal.gov//store/mc/Run3Summer22MiniAODv4/DYto2L-4Jets_MLL-120_HT-1500to2500_TuneCP5_13p6TeV_madgraphMLM-pythia8/MINIAODSIM/130X_mcRun3_2022_realistic_v5-v2/2810000/89bd4eb6-f6e4-4e95-a82f-78aaa3a7f3d1.root
01-Feb-2025 16:02:15 CST  Successfully opened file root://cmsxrootd.fnal.gov//store/mc/Run3Summer22MiniAODv4/DYto2L-4Jets_MLL-120_HT-1500to2500_TuneCP5_13p6TeV_madgraphMLM-pythia8/MINIAODSIM/130X_mcRun3_2022_realistic_v5-v2/2810000/89bd4eb6-f6e4-4e95-a82f-78aaa3a7f3d1.root
01-Feb-2025 16:02:17 CST  Closed file root://cmsxrootd.fnal.gov//store/mc/Run3Summer22MiniAODv4/DYto2L-4Jets_MLL-120_HT-1500to2500_TuneCP5_13p6TeV_madgraphMLM-pythia8/MINIAODSIM/130X_mcRun3_2022_realistic_v5-v2/2810000/89bd4eb6-f6e4-4e95-a82f-78aaa3a7f3d1.root
01-Feb-2025 16:02:17 CST  Initiating request to open file root://cmsxrootd.fnal.gov//store/mc/Run3Summer22MiniAODv4/DYto2L-4Jets_MLL-120_HT-1500to2500_TuneCP5_13p6TeV_madgraphMLM-pythia8/MINIAODSIM/130X_mcRun3_2022_realistic_v5-v2/2810000/4531c752-d425-4fea-8b30-854d129a5757.root
01-Feb-2025 16:02:18 CST  Successfully opened file root://cmsxrootd.fnal.gov//store/mc/Run3Summer22MiniAODv4/DYto2L-4Jets_MLL-120_HT-1500to2500_TuneCP5_13p6TeV_madgraphMLM-pythia8/MINIAODSIM/130X_mcRun3_2022_realistic_v5-v2/2810000/4531c752-d425-4fea-8b30-854d129a5757.root
01-Feb-2025 16:02:21 CST  Closed file root://cmsxrootd.fnal.gov//store/mc/Run3Summer22MiniAODv4/DYto2L-4Jets_MLL-120_HT-1500to2500_TuneCP5_13p6TeV_madgraphMLM-pythia8/MINIAODSIM/130X_mcRun3_2022_realistic_v5-v2/2810000/4531c752-d425-4fea-8b30-854d129a5757.root
01-Feb-2025 16:02:21 CST  Initiating request to open file root://cmsxrootd.fnal.gov//store/mc/Run3Summer22MiniAODv4/DYto2L-4Jets_MLL-120_HT-1500to2500_TuneCP5_13p6TeV_madgraphMLM-pythia8/MINIAODSIM/130X_mcRun3_2022_realistic_v5-v2/2810000/bbaf88b1-e6d5-4a86-a9af-07a7472c7b6c.root
01-Feb-2025 16:02:23 CST  Successfully opened file root://cmsxrootd.fnal.gov//store/mc/Run3Summer22MiniAODv4/DYto2L-4Jets_MLL-120_HT-1500to2500_TuneCP5_13p6TeV_madgraphMLM-pythia8/MINIAODSIM/130X_mcRun3_2022_realistic_v5-v2/2810000/bbaf88b1-e6d5-4a86-a9af-07a7472c7b6c.root
01-Feb-2025 16:02:24 CST  Closed file root://cmsxrootd.fnal.gov//store/mc/Run3Summer22MiniAODv4/DYto2L-4Jets_MLL-120_HT-1500to2500_TuneCP5_13p6TeV_madgraphMLM-pythia8/MINIAODSIM/130X_mcRun3_2022_realistic_v5-v2/2810000/bbaf88b1-e6d5-4a86-a9af-07a7472c7b6c.root
01-Feb-2025 16:02:24 CST  Initiating request to open file root://cmsxrootd.fnal.gov//store/mc/Run3Summer22MiniAODv4/DYto2L-4Jets_MLL-120_HT-1500to2500_TuneCP5_13p6TeV_madgraphMLM-pythia8/MINIAODSIM/130X_mcRun3_2022_realistic_v5-v2/2810000/4cf7d455-7e95-4a1c-ac6c-0cdc319e78b4.root
01-Feb-2025 16:02:25 CST  Successfully opened file root://cmsxrootd.fnal.gov//store/mc/Run3Summer22MiniAODv4/DYto2L-4Jets_MLL-120_HT-1500to2500_TuneCP5_13p6TeV_madgraphMLM-pythia8/MINIAODSIM/130X_mcRun3_2022_realistic_v5-v2/2810000/4cf7d455-7e95-4a1c-ac6c-0cdc319e78b4.root
01-Feb-2025 16:02:26 CST  Closed file root://cmsxrootd.fnal.gov//store/mc/Run3Summer22MiniAODv4/DYto2L-4Jets_MLL-120_HT-1500to2500_TuneCP5_13p6TeV_madgraphMLM-pythia8/MINIAODSIM/130X_mcRun3_2022_realistic_v5-v2/2810000/4cf7d455-7e95-4a1c-ac6c-0cdc319e78b4.root
01-Feb-2025 16:02:26 CST  Initiating request to open file root://cmsxrootd.fnal.gov//store/mc/Run3Summer22MiniAODv4/DYto2L-4Jets_MLL-120_HT-1500to2500_TuneCP5_13p6TeV_madgraphMLM-pythia8/MINIAODSIM/130X_mcRun3_2022_realistic_v5-v2/2810000/73a8aacd-b192-4013-b430-1600451ce214.root
01-Feb-2025 16:02:28 CST  Successfully opened file root://cmsxrootd.fnal.gov//store/mc/Run3Summer22MiniAODv4/DYto2L-4Jets_MLL-120_HT-1500to2500_TuneCP5_13p6TeV_madgraphMLM-pythia8/MINIAODSIM/130X_mcRun3_2022_realistic_v5-v2/2810000/73a8aacd-b192-4013-b430-1600451ce214.root
Begin processing the 700001st record. Run 1, Event 20647640, LumiSection 4033 on stream 0 at 01-Feb-2025 16:02:31.290 CST
01-Feb-2025 16:02:31 CST  Closed file root://cmsxrootd.fnal.gov//store/mc/Run3Summer22MiniAODv4/DYto2L-4Jets_MLL-120_HT-1500to2500_TuneCP5_13p6TeV_madgraphMLM-pythia8/MINIAODSIM/130X_mcRun3_2022_realistic_v5-v2/2810000/73a8aacd-b192-4013-b430-1600451ce214.root
01-Feb-2025 16:02:31 CST  Initiating request to open file root://cmsxrootd.fnal.gov//store/mc/Run3Summer22MiniAODv4/DYto2L-4Jets_MLL-120_HT-1500to2500_TuneCP5_13p6TeV_madgraphMLM-pythia8/MINIAODSIM/130X_mcRun3_2022_realistic_v5-v2/2810000/e8648137-f6a2-45a0-98a3-9671636085e8.root
01-Feb-2025 16:02:32 CST  Successfully opened file root://cmsxrootd.fnal.gov//store/mc/Run3Summer22MiniAODv4/DYto2L-4Jets_MLL-120_HT-1500to2500_TuneCP5_13p6TeV_madgraphMLM-pythia8/MINIAODSIM/130X_mcRun3_2022_realistic_v5-v2/2810000/e8648137-f6a2-45a0-98a3-9671636085e8.root
01-Feb-2025 16:02:34 CST  Closed file root://cmsxrootd.fnal.gov//store/mc/Run3Summer22MiniAODv4/DYto2L-4Jets_MLL-120_HT-1500to2500_TuneCP5_13p6TeV_madgraphMLM-pythia8/MINIAODSIM/130X_mcRun3_2022_realistic_v5-v2/2810000/e8648137-f6a2-45a0-98a3-9671636085e8.root
01-Feb-2025 16:02:34 CST  Initiating request to open file root://cmsxrootd.fnal.gov//store/mc/Run3Summer22MiniAODv4/DYto2L-4Jets_MLL-120_HT-1500to2500_TuneCP5_13p6TeV_madgraphMLM-pythia8/MINIAODSIM/130X_mcRun3_2022_realistic_v5-v2/2810000/0fec5ea3-3905-4ade-9a5d-a59f3a917847.root
01-Feb-2025 16:02:35 CST  Successfully opened file root://cmsxrootd.fnal.gov//store/mc/Run3Summer22MiniAODv4/DYto2L-4Jets_MLL-120_HT-1500to2500_TuneCP5_13p6TeV_madgraphMLM-pythia8/MINIAODSIM/130X_mcRun3_2022_realistic_v5-v2/2810000/0fec5ea3-3905-4ade-9a5d-a59f3a917847.root
01-Feb-2025 16:02:37 CST  Closed file root://cmsxrootd.fnal.gov//store/mc/Run3Summer22MiniAODv4/DYto2L-4Jets_MLL-120_HT-1500to2500_TuneCP5_13p6TeV_madgraphMLM-pythia8/MINIAODSIM/130X_mcRun3_2022_realistic_v5-v2/2810000/0fec5ea3-3905-4ade-9a5d-a59f3a917847.root
01-Feb-2025 16:02:37 CST  Initiating request to open file root://cmsxrootd.fnal.gov//store/mc/Run3Summer22MiniAODv4/DYto2L-4Jets_MLL-120_HT-1500to2500_TuneCP5_13p6TeV_madgraphMLM-pythia8/MINIAODSIM/130X_mcRun3_2022_realistic_v5-v2/2810000/60088093-d6ef-4627-92a2-8f91ebe8d458.root
01-Feb-2025 16:02:39 CST  Successfully opened file root://cmsxrootd.fnal.gov//store/mc/Run3Summer22MiniAODv4/DYto2L-4Jets_MLL-120_HT-1500to2500_TuneCP5_13p6TeV_madgraphMLM-pythia8/MINIAODSIM/130X_mcRun3_2022_realistic_v5-v2/2810000/60088093-d6ef-4627-92a2-8f91ebe8d458.root
01-Feb-2025 16:02:42 CST  Closed file root://cmsxrootd.fnal.gov//store/mc/Run3Summer22MiniAODv4/DYto2L-4Jets_MLL-120_HT-1500to2500_TuneCP5_13p6TeV_madgraphMLM-pythia8/MINIAODSIM/130X_mcRun3_2022_realistic_v5-v2/2810000/60088093-d6ef-4627-92a2-8f91ebe8d458.root
01-Feb-2025 16:02:42 CST  Initiating request to open file root://cmsxrootd.fnal.gov//store/mc/Run3Summer22MiniAODv4/DYto2L-4Jets_MLL-120_HT-1500to2500_TuneCP5_13p6TeV_madgraphMLM-pythia8/MINIAODSIM/130X_mcRun3_2022_realistic_v5-v2/2810000/fd799be7-e6be-482d-aa91-50a3e6f0678d.root
01-Feb-2025 16:02:44 CST  Successfully opened file root://cmsxrootd.fnal.gov//store/mc/Run3Summer22MiniAODv4/DYto2L-4Jets_MLL-120_HT-1500to2500_TuneCP5_13p6TeV_madgraphMLM-pythia8/MINIAODSIM/130X_mcRun3_2022_realistic_v5-v2/2810000/fd799be7-e6be-482d-aa91-50a3e6f0678d.root
01-Feb-2025 16:02:45 CST  Closed file root://cmsxrootd.fnal.gov//store/mc/Run3Summer22MiniAODv4/DYto2L-4Jets_MLL-120_HT-1500to2500_TuneCP5_13p6TeV_madgraphMLM-pythia8/MINIAODSIM/130X_mcRun3_2022_realistic_v5-v2/2810000/fd799be7-e6be-482d-aa91-50a3e6f0678d.root
01-Feb-2025 16:02:45 CST  Initiating request to open file root://cmsxrootd.fnal.gov//store/mc/Run3Summer22MiniAODv4/DYto2L-4Jets_MLL-120_HT-1500to2500_TuneCP5_13p6TeV_madgraphMLM-pythia8/MINIAODSIM/130X_mcRun3_2022_realistic_v5-v2/2810000/3cf9c656-86af-43e2-bca7-541f05b98179.root
01-Feb-2025 16:02:46 CST  Successfully opened file root://cmsxrootd.fnal.gov//store/mc/Run3Summer22MiniAODv4/DYto2L-4Jets_MLL-120_HT-1500to2500_TuneCP5_13p6TeV_madgraphMLM-pythia8/MINIAODSIM/130X_mcRun3_2022_realistic_v5-v2/2810000/3cf9c656-86af-43e2-bca7-541f05b98179.root
01-Feb-2025 16:02:49 CST  Closed file root://cmsxrootd.fnal.gov//store/mc/Run3Summer22MiniAODv4/DYto2L-4Jets_MLL-120_HT-1500to2500_TuneCP5_13p6TeV_madgraphMLM-pythia8/MINIAODSIM/130X_mcRun3_2022_realistic_v5-v2/2810000/3cf9c656-86af-43e2-bca7-541f05b98179.root
01-Feb-2025 16:02:49 CST  Initiating request to open file root://cmsxrootd.fnal.gov//store/mc/Run3Summer22MiniAODv4/DYto2L-4Jets_MLL-120_HT-1500to2500_TuneCP5_13p6TeV_madgraphMLM-pythia8/MINIAODSIM/130X_mcRun3_2022_realistic_v5-v2/2810000/0cb35963-c45b-411f-825d-733a6e4b81ef.root
01-Feb-2025 16:02:50 CST  Successfully opened file root://cmsxrootd.fnal.gov//store/mc/Run3Summer22MiniAODv4/DYto2L-4Jets_MLL-120_HT-1500to2500_TuneCP5_13p6TeV_madgraphMLM-pythia8/MINIAODSIM/130X_mcRun3_2022_realistic_v5-v2/2810000/0cb35963-c45b-411f-825d-733a6e4b81ef.root
01-Feb-2025 16:02:51 CST  Closed file root://cmsxrootd.fnal.gov//store/mc/Run3Summer22MiniAODv4/DYto2L-4Jets_MLL-120_HT-1500to2500_TuneCP5_13p6TeV_madgraphMLM-pythia8/MINIAODSIM/130X_mcRun3_2022_realistic_v5-v2/2810000/0cb35963-c45b-411f-825d-733a6e4b81ef.root
01-Feb-2025 16:02:51 CST  Initiating request to open file root://cmsxrootd.fnal.gov//store/mc/Run3Summer22MiniAODv4/DYto2L-4Jets_MLL-120_HT-1500to2500_TuneCP5_13p6TeV_madgraphMLM-pythia8/MINIAODSIM/130X_mcRun3_2022_realistic_v5-v2/2810000/8be6fc2e-1e4c-4353-988e-ea6acb332c9b.root
01-Feb-2025 16:02:53 CST  Successfully opened file root://cmsxrootd.fnal.gov//store/mc/Run3Summer22MiniAODv4/DYto2L-4Jets_MLL-120_HT-1500to2500_TuneCP5_13p6TeV_madgraphMLM-pythia8/MINIAODSIM/130X_mcRun3_2022_realistic_v5-v2/2810000/8be6fc2e-1e4c-4353-988e-ea6acb332c9b.root
Begin processing the 800001st record. Run 1, Event 8788354, LumiSection 1717 on stream 0 at 01-Feb-2025 16:02:56.880 CST
01-Feb-2025 16:02:57 CST  Closed file root://cmsxrootd.fnal.gov//store/mc/Run3Summer22MiniAODv4/DYto2L-4Jets_MLL-120_HT-1500to2500_TuneCP5_13p6TeV_madgraphMLM-pythia8/MINIAODSIM/130X_mcRun3_2022_realistic_v5-v2/2810000/8be6fc2e-1e4c-4353-988e-ea6acb332c9b.root
01-Feb-2025 16:02:57 CST  Initiating request to open file root://cmsxrootd.fnal.gov//store/mc/Run3Summer22MiniAODv4/DYto2L-4Jets_MLL-120_HT-1500to2500_TuneCP5_13p6TeV_madgraphMLM-pythia8/MINIAODSIM/130X_mcRun3_2022_realistic_v5-v2/2810000/f0903881-a0a0-4f3c-82cd-11501da78d0d.root
01-Feb-2025 16:02:58 CST  Successfully opened file root://cmsxrootd.fnal.gov//store/mc/Run3Summer22MiniAODv4/DYto2L-4Jets_MLL-120_HT-1500to2500_TuneCP5_13p6TeV_madgraphMLM-pythia8/MINIAODSIM/130X_mcRun3_2022_realistic_v5-v2/2810000/f0903881-a0a0-4f3c-82cd-11501da78d0d.root
01-Feb-2025 16:03:00 CST  Closed file root://cmsxrootd.fnal.gov//store/mc/Run3Summer22MiniAODv4/DYto2L-4Jets_MLL-120_HT-1500to2500_TuneCP5_13p6TeV_madgraphMLM-pythia8/MINIAODSIM/130X_mcRun3_2022_realistic_v5-v2/2810000/f0903881-a0a0-4f3c-82cd-11501da78d0d.root
01-Feb-2025 16:03:00 CST  Initiating request to open file root://cmsxrootd.fnal.gov//store/mc/Run3Summer22MiniAODv4/DYto2L-4Jets_MLL-120_HT-1500to2500_TuneCP5_13p6TeV_madgraphMLM-pythia8/MINIAODSIM/130X_mcRun3_2022_realistic_v5-v2/2810000/cfeb014b-3bfb-4652-8fba-efcdcea29133.root
01-Feb-2025 16:03:01 CST  Successfully opened file root://cmsxrootd.fnal.gov//store/mc/Run3Summer22MiniAODv4/DYto2L-4Jets_MLL-120_HT-1500to2500_TuneCP5_13p6TeV_madgraphMLM-pythia8/MINIAODSIM/130X_mcRun3_2022_realistic_v5-v2/2810000/cfeb014b-3bfb-4652-8fba-efcdcea29133.root
01-Feb-2025 16:03:03 CST  Closed file root://cmsxrootd.fnal.gov//store/mc/Run3Summer22MiniAODv4/DYto2L-4Jets_MLL-120_HT-1500to2500_TuneCP5_13p6TeV_madgraphMLM-pythia8/MINIAODSIM/130X_mcRun3_2022_realistic_v5-v2/2810000/cfeb014b-3bfb-4652-8fba-efcdcea29133.root
01-Feb-2025 16:03:03 CST  Initiating request to open file root://cmsxrootd.fnal.gov//store/mc/Run3Summer22MiniAODv4/DYto2L-4Jets_MLL-120_HT-1500to2500_TuneCP5_13p6TeV_madgraphMLM-pythia8/MINIAODSIM/130X_mcRun3_2022_realistic_v5-v2/2810000/b6418677-befd-4eec-a495-e911421771f6.root
01-Feb-2025 16:03:04 CST  Successfully opened file root://cmsxrootd.fnal.gov//store/mc/Run3Summer22MiniAODv4/DYto2L-4Jets_MLL-120_HT-1500to2500_TuneCP5_13p6TeV_madgraphMLM-pythia8/MINIAODSIM/130X_mcRun3_2022_realistic_v5-v2/2810000/b6418677-befd-4eec-a495-e911421771f6.root
01-Feb-2025 16:03:05 CST  Closed file root://cmsxrootd.fnal.gov//store/mc/Run3Summer22MiniAODv4/DYto2L-4Jets_MLL-120_HT-1500to2500_TuneCP5_13p6TeV_madgraphMLM-pythia8/MINIAODSIM/130X_mcRun3_2022_realistic_v5-v2/2810000/b6418677-befd-4eec-a495-e911421771f6.root
01-Feb-2025 16:03:05 CST  Initiating request to open file root://cmsxrootd.fnal.gov//store/mc/Run3Summer22MiniAODv4/DYto2L-4Jets_MLL-120_HT-1500to2500_TuneCP5_13p6TeV_madgraphMLM-pythia8/MINIAODSIM/130X_mcRun3_2022_realistic_v5-v2/2810000/38a07d74-1156-433f-8031-a349f3eabb2c.root
01-Feb-2025 16:03:07 CST  Successfully opened file root://cmsxrootd.fnal.gov//store/mc/Run3Summer22MiniAODv4/DYto2L-4Jets_MLL-120_HT-1500to2500_TuneCP5_13p6TeV_madgraphMLM-pythia8/MINIAODSIM/130X_mcRun3_2022_realistic_v5-v2/2810000/38a07d74-1156-433f-8031-a349f3eabb2c.root
Begin processing the 900001st record. Run 1, Event 20803559, LumiSection 4064 on stream 0 at 01-Feb-2025 16:03:08.891 CST
01-Feb-2025 16:03:08 CST  Closed file root://cmsxrootd.fnal.gov//store/mc/Run3Summer22MiniAODv4/DYto2L-4Jets_MLL-120_HT-1500to2500_TuneCP5_13p6TeV_madgraphMLM-pythia8/MINIAODSIM/130X_mcRun3_2022_realistic_v5-v2/2810000/38a07d74-1156-433f-8031-a349f3eabb2c.root
01-Feb-2025 16:03:08 CST  Initiating request to open file root://cmsxrootd.fnal.gov//store/mc/Run3Summer22MiniAODv4/DYto2L-4Jets_MLL-120_HT-1500to2500_TuneCP5_13p6TeV_madgraphMLM-pythia8/MINIAODSIM/130X_mcRun3_2022_realistic_v5-v2/2810000/5f1cb00d-c7f4-4678-af84-6ff0f0340085.root
01-Feb-2025 16:03:10 CST  Successfully opened file root://cmsxrootd.fnal.gov//store/mc/Run3Summer22MiniAODv4/DYto2L-4Jets_MLL-120_HT-1500to2500_TuneCP5_13p6TeV_madgraphMLM-pythia8/MINIAODSIM/130X_mcRun3_2022_realistic_v5-v2/2810000/5f1cb00d-c7f4-4678-af84-6ff0f0340085.root
01-Feb-2025 16:03:10 CST  Closed file root://cmsxrootd.fnal.gov//store/mc/Run3Summer22MiniAODv4/DYto2L-4Jets_MLL-120_HT-1500to2500_TuneCP5_13p6TeV_madgraphMLM-pythia8/MINIAODSIM/130X_mcRun3_2022_realistic_v5-v2/2810000/5f1cb00d-c7f4-4678-af84-6ff0f0340085.root
01-Feb-2025 16:03:10 CST  Initiating request to open file root://cmsxrootd.fnal.gov//store/mc/Run3Summer22MiniAODv4/DYto2L-4Jets_MLL-120_HT-1500to2500_TuneCP5_13p6TeV_madgraphMLM-pythia8/MINIAODSIM/130X_mcRun3_2022_realistic_v5-v2/2810000/febb27fd-5343-4461-8f6e-2a9e4d874395.root
01-Feb-2025 16:03:12 CST  Successfully opened file root://cmsxrootd.fnal.gov//store/mc/Run3Summer22MiniAODv4/DYto2L-4Jets_MLL-120_HT-1500to2500_TuneCP5_13p6TeV_madgraphMLM-pythia8/MINIAODSIM/130X_mcRun3_2022_realistic_v5-v2/2810000/febb27fd-5343-4461-8f6e-2a9e4d874395.root
01-Feb-2025 16:03:13 CST  Closed file root://cmsxrootd.fnal.gov//store/mc/Run3Summer22MiniAODv4/DYto2L-4Jets_MLL-120_HT-1500to2500_TuneCP5_13p6TeV_madgraphMLM-pythia8/MINIAODSIM/130X_mcRun3_2022_realistic_v5-v2/2810000/febb27fd-5343-4461-8f6e-2a9e4d874395.root
01-Feb-2025 16:03:13 CST  Initiating request to open file root://cmsxrootd.fnal.gov//store/mc/Run3Summer22MiniAODv4/DYto2L-4Jets_MLL-120_HT-1500to2500_TuneCP5_13p6TeV_madgraphMLM-pythia8/MINIAODSIM/130X_mcRun3_2022_realistic_v5-v2/2810000/6e98e621-f0a4-4f7b-a44c-e6b3dafb14c0.root
01-Feb-2025 16:03:15 CST  Successfully opened file root://cmsxrootd.fnal.gov//store/mc/Run3Summer22MiniAODv4/DYto2L-4Jets_MLL-120_HT-1500to2500_TuneCP5_13p6TeV_madgraphMLM-pythia8/MINIAODSIM/130X_mcRun3_2022_realistic_v5-v2/2810000/6e98e621-f0a4-4f7b-a44c-e6b3dafb14c0.root
01-Feb-2025 16:03:17 CST  Closed file root://cmsxrootd.fnal.gov//store/mc/Run3Summer22MiniAODv4/DYto2L-4Jets_MLL-120_HT-1500to2500_TuneCP5_13p6TeV_madgraphMLM-pythia8/MINIAODSIM/130X_mcRun3_2022_realistic_v5-v2/2810000/6e98e621-f0a4-4f7b-a44c-e6b3dafb14c0.root
01-Feb-2025 16:03:17 CST  Initiating request to open file root://cmsxrootd.fnal.gov//store/mc/Run3Summer22MiniAODv4/DYto2L-4Jets_MLL-120_HT-1500to2500_TuneCP5_13p6TeV_madgraphMLM-pythia8/MINIAODSIM/130X_mcRun3_2022_realistic_v5-v2/2810000/64cfa496-81b4-44c5-8ebe-b275731e222a.root
01-Feb-2025 16:03:18 CST  Successfully opened file root://cmsxrootd.fnal.gov//store/mc/Run3Summer22MiniAODv4/DYto2L-4Jets_MLL-120_HT-1500to2500_TuneCP5_13p6TeV_madgraphMLM-pythia8/MINIAODSIM/130X_mcRun3_2022_realistic_v5-v2/2810000/64cfa496-81b4-44c5-8ebe-b275731e222a.root
01-Feb-2025 16:03:21 CST  Closed file root://cmsxrootd.fnal.gov//store/mc/Run3Summer22MiniAODv4/DYto2L-4Jets_MLL-120_HT-1500to2500_TuneCP5_13p6TeV_madgraphMLM-pythia8/MINIAODSIM/130X_mcRun3_2022_realistic_v5-v2/2810000/64cfa496-81b4-44c5-8ebe-b275731e222a.root
01-Feb-2025 16:03:21 CST  Initiating request to open file root://cmsxrootd.fnal.gov//store/mc/Run3Summer22MiniAODv4/DYto2L-4Jets_MLL-120_HT-1500to2500_TuneCP5_13p6TeV_madgraphMLM-pythia8/MINIAODSIM/130X_mcRun3_2022_realistic_v5-v2/2810000/1d5f913c-48cb-4c0a-8968-4df21c184f85.root
01-Feb-2025 16:03:22 CST  Successfully opened file root://cmsxrootd.fnal.gov//store/mc/Run3Summer22MiniAODv4/DYto2L-4Jets_MLL-120_HT-1500to2500_TuneCP5_13p6TeV_madgraphMLM-pythia8/MINIAODSIM/130X_mcRun3_2022_realistic_v5-v2/2810000/1d5f913c-48cb-4c0a-8968-4df21c184f85.root
01-Feb-2025 16:03:24 CST  Closed file root://cmsxrootd.fnal.gov//store/mc/Run3Summer22MiniAODv4/DYto2L-4Jets_MLL-120_HT-1500to2500_TuneCP5_13p6TeV_madgraphMLM-pythia8/MINIAODSIM/130X_mcRun3_2022_realistic_v5-v2/2810000/1d5f913c-48cb-4c0a-8968-4df21c184f85.root
01-Feb-2025 16:03:24 CST  Initiating request to open file root://cmsxrootd.fnal.gov//store/mc/Run3Summer22MiniAODv4/DYto2L-4Jets_MLL-120_HT-1500to2500_TuneCP5_13p6TeV_madgraphMLM-pythia8/MINIAODSIM/130X_mcRun3_2022_realistic_v5-v2/2810000/746d5d78-197a-4544-b27b-faa1b6bbdd40.root
01-Feb-2025 16:03:25 CST  Successfully opened file root://cmsxrootd.fnal.gov//store/mc/Run3Summer22MiniAODv4/DYto2L-4Jets_MLL-120_HT-1500to2500_TuneCP5_13p6TeV_madgraphMLM-pythia8/MINIAODSIM/130X_mcRun3_2022_realistic_v5-v2/2810000/746d5d78-197a-4544-b27b-faa1b6bbdd40.root
      0.000011      0.000000      0.020054             0
      0.000859      0.000012      0.020054             1
      0.004752      0.000029      0.020054             2
      0.014432      0.000055      0.020054             3
 
01-Feb-2025 16:03:27 CST  Closed file root://cmsxrootd.fnal.gov//store/mc/Run3Summer22MiniAODv4/DYto2L-4Jets_MLL-120_HT-1500to2500_TuneCP5_13p6TeV_madgraphMLM-pythia8/MINIAODSIM/130X_mcRun3_2022_realistic_v5-v2/2810000/746d5d78-197a-4544-b27b-faa1b6bbdd40.root

------------------------------------
GenXsecAnalyzer:
------------------------------------
-------------------------------------------------------------------------------------------------------------------------------------------------------------------------- 
Overall cross-section summary 
--------------------------------------------------------------------------------------------------------------------------------------------------------------------------
Process		xsec_before [pb]		passed	nposw	nnegw	tried	nposw	nnegw 	xsec_match [pb]			accepted [%]	 event_eff [%]
0		1.309e-05 +/- 4.987e-09		384	384	0	8476	8476	0	5.933e-07 +/- 2.958e-08		4.5 +/- 0.2	4.5 +/- 0.2
1		8.407e-04 +/- 1.222e-07		22863	22863	0	477764	477764	0	4.023e-05 +/- 2.597e-07		4.8 +/- 0.0	4.8 +/- 0.0
2		4.690e-03 +/- 3.003e-07		71481	71481	0	2757657	2757657	0	1.216e-04 +/- 4.489e-07		2.6 +/- 0.0	2.6 +/- 0.0
3		1.441e-02 +/- 5.820e-07		905561	905561	0	8609719	8609719	0	1.516e-03 +/- 1.508e-06		10.5 +/- 0.0	10.5 +/- 0.0
-------------------------------------------------------------------------------------------------------------------------------------------------------------------------- 
Total		1.995e-02 +/- 6.662e-07		1000289	1000289	0	11853616	11853616	0	1.684e-03 +/- 1.612e-06		8.4 +/- 0.0	8.4 +/- 0.0
--------------------------------------------------------------------------------------------------------------------------------------------------------------------------
Before matching: total cross section = 1.995e-02 +- 6.662e-07 pb
After matching: total cross section = 1.684e-03 +- 1.612e-06 pb
Matching efficiency = 0.1 +/- 0.0   [TO BE USED IN MCM]
Filter efficiency (taking into account weights)= (19964.1) / (19964.1) = 1.000e+00 +- 0.000e+00
Filter efficiency (event-level)= (1.00029e+06) / (1.00029e+06) = 1.000e+00 +- 0.000e+00    [TO BE USED IN MCM]

After filter: final cross section = 1.684e-03 +- 1.612e-06 pb
After filter: final fraction of events with negative weights = 0.000e+00 +- 0.000e+00
After filter: final equivalent lumi for 1M events (1/fb) = 5.939e+05 +- 8.222e+02
