01-Feb-2025 17:14:45 CST  Initiating request to open file root://cmsxrootd.fnal.gov//store/mc/Run3Summer22MiniAODv4/TbarQtoLNu-t-channel_TuneCP5_13p6TeV_powheg-pythia8/MINIAODSIM/130X_mcRun3_2022_realistic_v5-v2/130000/f6fa9454-f57f-477a-bf6e-fe15f94fa9ee.root
01-Feb-2025 17:14:48 CST  Successfully opened file root://cmsxrootd.fnal.gov//store/mc/Run3Summer22MiniAODv4/TbarQtoLNu-t-channel_TuneCP5_13p6TeV_powheg-pythia8/MINIAODSIM/130X_mcRun3_2022_realistic_v5-v2/130000/f6fa9454-f57f-477a-bf6e-fe15f94fa9ee.root
Begin processing the 1st record. Run 1, Event 740222, LumiSection 1015 on stream 0 at 01-Feb-2025 17:14:49.923 CST
01-Feb-2025 17:14:50 CST  Closed file root://cmsxrootd.fnal.gov//store/mc/Run3Summer22MiniAODv4/TbarQtoLNu-t-channel_TuneCP5_13p6TeV_powheg-pythia8/MINIAODSIM/130X_mcRun3_2022_realistic_v5-v2/130000/f6fa9454-f57f-477a-bf6e-fe15f94fa9ee.root
01-Feb-2025 17:14:50 CST  Initiating request to open file root://cmsxrootd.fnal.gov//store/mc/Run3Summer22MiniAODv4/TbarQtoLNu-t-channel_TuneCP5_13p6TeV_powheg-pythia8/MINIAODSIM/130X_mcRun3_2022_realistic_v5-v2/130000/b492c579-57b9-4ed7-8d19-f773748c9dc0.root
01-Feb-2025 17:14:51 CST  Successfully opened file root://cmsxrootd.fnal.gov//store/mc/Run3Summer22MiniAODv4/TbarQtoLNu-t-channel_TuneCP5_13p6TeV_powheg-pythia8/MINIAODSIM/130X_mcRun3_2022_realistic_v5-v2/130000/b492c579-57b9-4ed7-8d19-f773748c9dc0.root
01-Feb-2025 17:14:54 CST  Closed file root://cmsxrootd.fnal.gov//store/mc/Run3Summer22MiniAODv4/TbarQtoLNu-t-channel_TuneCP5_13p6TeV_powheg-pythia8/MINIAODSIM/130X_mcRun3_2022_realistic_v5-v2/130000/b492c579-57b9-4ed7-8d19-f773748c9dc0.root
01-Feb-2025 17:14:54 CST  Initiating request to open file root://cmsxrootd.fnal.gov//store/mc/Run3Summer22MiniAODv4/TbarQtoLNu-t-channel_TuneCP5_13p6TeV_powheg-pythia8/MINIAODSIM/130X_mcRun3_2022_realistic_v5-v2/130000/abfacca9-cdc7-4ad6-9da8-cb87c8fcd990.root
01-Feb-2025 17:14:55 CST  Successfully opened file root://cmsxrootd.fnal.gov//store/mc/Run3Summer22MiniAODv4/TbarQtoLNu-t-channel_TuneCP5_13p6TeV_powheg-pythia8/MINIAODSIM/130X_mcRun3_2022_realistic_v5-v2/130000/abfacca9-cdc7-4ad6-9da8-cb87c8fcd990.root
Begin processing the 100001st record. Run 1, Event 1989232, LumiSection 2725 on stream 0 at 01-Feb-2025 17:14:57.753 CST
01-Feb-2025 17:14:58 CST  Closed file root://cmsxrootd.fnal.gov//store/mc/Run3Summer22MiniAODv4/TbarQtoLNu-t-channel_TuneCP5_13p6TeV_powheg-pythia8/MINIAODSIM/130X_mcRun3_2022_realistic_v5-v2/130000/abfacca9-cdc7-4ad6-9da8-cb87c8fcd990.root
01-Feb-2025 17:14:58 CST  Initiating request to open file root://cmsxrootd.fnal.gov//store/mc/Run3Summer22MiniAODv4/TbarQtoLNu-t-channel_TuneCP5_13p6TeV_powheg-pythia8/MINIAODSIM/130X_mcRun3_2022_realistic_v5-v2/130000/c0df435c-2ac2-4966-9ceb-e1b66d70c9bc.root
01-Feb-2025 17:14:59 CST  Successfully opened file root://cmsxrootd.fnal.gov//store/mc/Run3Summer22MiniAODv4/TbarQtoLNu-t-channel_TuneCP5_13p6TeV_powheg-pythia8/MINIAODSIM/130X_mcRun3_2022_realistic_v5-v2/130000/c0df435c-2ac2-4966-9ceb-e1b66d70c9bc.root
01-Feb-2025 17:15:02 CST  Closed file root://cmsxrootd.fnal.gov//store/mc/Run3Summer22MiniAODv4/TbarQtoLNu-t-channel_TuneCP5_13p6TeV_powheg-pythia8/MINIAODSIM/130X_mcRun3_2022_realistic_v5-v2/130000/c0df435c-2ac2-4966-9ceb-e1b66d70c9bc.root
01-Feb-2025 17:15:02 CST  Initiating request to open file root://cmsxrootd.fnal.gov//store/mc/Run3Summer22MiniAODv4/TbarQtoLNu-t-channel_TuneCP5_13p6TeV_powheg-pythia8/MINIAODSIM/130X_mcRun3_2022_realistic_v5-v2/130000/7a773ea8-266b-496e-bbda-74f8ad0371eb.root
01-Feb-2025 17:15:03 CST  Successfully opened file root://cmsxrootd.fnal.gov//store/mc/Run3Summer22MiniAODv4/TbarQtoLNu-t-channel_TuneCP5_13p6TeV_powheg-pythia8/MINIAODSIM/130X_mcRun3_2022_realistic_v5-v2/130000/7a773ea8-266b-496e-bbda-74f8ad0371eb.root
Begin processing the 200001st record. Run 1, Event 2371743, LumiSection 3249 on stream 0 at 01-Feb-2025 17:15:05.174 CST
01-Feb-2025 17:15:05 CST  Closed file root://cmsxrootd.fnal.gov//store/mc/Run3Summer22MiniAODv4/TbarQtoLNu-t-channel_TuneCP5_13p6TeV_powheg-pythia8/MINIAODSIM/130X_mcRun3_2022_realistic_v5-v2/130000/7a773ea8-266b-496e-bbda-74f8ad0371eb.root
01-Feb-2025 17:15:05 CST  Initiating request to open file root://cmsxrootd.fnal.gov//store/mc/Run3Summer22MiniAODv4/TbarQtoLNu-t-channel_TuneCP5_13p6TeV_powheg-pythia8/MINIAODSIM/130X_mcRun3_2022_realistic_v5-v2/130000/c6a4eb6f-e2cc-4302-a5b4-8e9999f4d82c.root
01-Feb-2025 17:15:06 CST  Successfully opened file root://cmsxrootd.fnal.gov//store/mc/Run3Summer22MiniAODv4/TbarQtoLNu-t-channel_TuneCP5_13p6TeV_powheg-pythia8/MINIAODSIM/130X_mcRun3_2022_realistic_v5-v2/130000/c6a4eb6f-e2cc-4302-a5b4-8e9999f4d82c.root
01-Feb-2025 17:15:08 CST  Closed file root://cmsxrootd.fnal.gov//store/mc/Run3Summer22MiniAODv4/TbarQtoLNu-t-channel_TuneCP5_13p6TeV_powheg-pythia8/MINIAODSIM/130X_mcRun3_2022_realistic_v5-v2/130000/c6a4eb6f-e2cc-4302-a5b4-8e9999f4d82c.root
01-Feb-2025 17:15:08 CST  Initiating request to open file root://cmsxrootd.fnal.gov//store/mc/Run3Summer22MiniAODv4/TbarQtoLNu-t-channel_TuneCP5_13p6TeV_powheg-pythia8/MINIAODSIM/130X_mcRun3_2022_realistic_v5-v2/130000/fe2f60bc-2a95-43a8-a2c9-26e3ca16adb1.root
01-Feb-2025 17:15:10 CST  Successfully opened file root://cmsxrootd.fnal.gov//store/mc/Run3Summer22MiniAODv4/TbarQtoLNu-t-channel_TuneCP5_13p6TeV_powheg-pythia8/MINIAODSIM/130X_mcRun3_2022_realistic_v5-v2/130000/fe2f60bc-2a95-43a8-a2c9-26e3ca16adb1.root
Begin processing the 300001st record. Run 1, Event 4212805, LumiSection 5771 on stream 0 at 01-Feb-2025 17:15:15.202 CST
01-Feb-2025 17:15:15 CST  Closed file root://cmsxrootd.fnal.gov//store/mc/Run3Summer22MiniAODv4/TbarQtoLNu-t-channel_TuneCP5_13p6TeV_powheg-pythia8/MINIAODSIM/130X_mcRun3_2022_realistic_v5-v2/130000/fe2f60bc-2a95-43a8-a2c9-26e3ca16adb1.root
01-Feb-2025 17:15:15 CST  Initiating request to open file root://cmsxrootd.fnal.gov//store/mc/Run3Summer22MiniAODv4/TbarQtoLNu-t-channel_TuneCP5_13p6TeV_powheg-pythia8/MINIAODSIM/130X_mcRun3_2022_realistic_v5-v2/130000/bbc1cadf-ecd8-46df-9ef8-622b679e2ac3.root
01-Feb-2025 17:15:16 CST  Successfully opened file root://cmsxrootd.fnal.gov//store/mc/Run3Summer22MiniAODv4/TbarQtoLNu-t-channel_TuneCP5_13p6TeV_powheg-pythia8/MINIAODSIM/130X_mcRun3_2022_realistic_v5-v2/130000/bbc1cadf-ecd8-46df-9ef8-622b679e2ac3.root
01-Feb-2025 17:15:19 CST  Closed file root://cmsxrootd.fnal.gov//store/mc/Run3Summer22MiniAODv4/TbarQtoLNu-t-channel_TuneCP5_13p6TeV_powheg-pythia8/MINIAODSIM/130X_mcRun3_2022_realistic_v5-v2/130000/bbc1cadf-ecd8-46df-9ef8-622b679e2ac3.root
01-Feb-2025 17:15:19 CST  Initiating request to open file root://cmsxrootd.fnal.gov//store/mc/Run3Summer22MiniAODv4/TbarQtoLNu-t-channel_TuneCP5_13p6TeV_powheg-pythia8/MINIAODSIM/130X_mcRun3_2022_realistic_v5-v2/130000/1863e3b5-0d91-48fc-9cbe-112756dd98de.root
01-Feb-2025 17:15:20 CST  Successfully opened file root://cmsxrootd.fnal.gov//store/mc/Run3Summer22MiniAODv4/TbarQtoLNu-t-channel_TuneCP5_13p6TeV_powheg-pythia8/MINIAODSIM/130X_mcRun3_2022_realistic_v5-v2/130000/1863e3b5-0d91-48fc-9cbe-112756dd98de.root
Begin processing the 400001st record. Run 1, Event 5128211, LumiSection 7025 on stream 0 at 01-Feb-2025 17:15:23.049 CST
01-Feb-2025 17:15:23 CST  Closed file root://cmsxrootd.fnal.gov//store/mc/Run3Summer22MiniAODv4/TbarQtoLNu-t-channel_TuneCP5_13p6TeV_powheg-pythia8/MINIAODSIM/130X_mcRun3_2022_realistic_v5-v2/130000/1863e3b5-0d91-48fc-9cbe-112756dd98de.root
01-Feb-2025 17:15:23 CST  Initiating request to open file root://cmsxrootd.fnal.gov//store/mc/Run3Summer22MiniAODv4/TbarQtoLNu-t-channel_TuneCP5_13p6TeV_powheg-pythia8/MINIAODSIM/130X_mcRun3_2022_realistic_v5-v2/130000/18de9513-3616-47b2-88ca-f128ccddf385.root
01-Feb-2025 17:15:24 CST  Successfully opened file root://cmsxrootd.fnal.gov//store/mc/Run3Summer22MiniAODv4/TbarQtoLNu-t-channel_TuneCP5_13p6TeV_powheg-pythia8/MINIAODSIM/130X_mcRun3_2022_realistic_v5-v2/130000/18de9513-3616-47b2-88ca-f128ccddf385.root
01-Feb-2025 17:15:27 CST  Closed file root://cmsxrootd.fnal.gov//store/mc/Run3Summer22MiniAODv4/TbarQtoLNu-t-channel_TuneCP5_13p6TeV_powheg-pythia8/MINIAODSIM/130X_mcRun3_2022_realistic_v5-v2/130000/18de9513-3616-47b2-88ca-f128ccddf385.root
01-Feb-2025 17:15:27 CST  Initiating request to open file root://cmsxrootd.fnal.gov//store/mc/Run3Summer22MiniAODv4/TbarQtoLNu-t-channel_TuneCP5_13p6TeV_powheg-pythia8/MINIAODSIM/130X_mcRun3_2022_realistic_v5-v2/130000/2240ac49-0583-4e39-9c17-dafdbfce9c51.root
01-Feb-2025 17:15:28 CST  Successfully opened file root://cmsxrootd.fnal.gov//store/mc/Run3Summer22MiniAODv4/TbarQtoLNu-t-channel_TuneCP5_13p6TeV_powheg-pythia8/MINIAODSIM/130X_mcRun3_2022_realistic_v5-v2/130000/2240ac49-0583-4e39-9c17-dafdbfce9c51.root
Begin processing the 500001st record. Run 1, Event 3788650, LumiSection 5190 on stream 0 at 01-Feb-2025 17:15:30.463 CST
01-Feb-2025 17:15:31 CST  Closed file root://cmsxrootd.fnal.gov//store/mc/Run3Summer22MiniAODv4/TbarQtoLNu-t-channel_TuneCP5_13p6TeV_powheg-pythia8/MINIAODSIM/130X_mcRun3_2022_realistic_v5-v2/130000/2240ac49-0583-4e39-9c17-dafdbfce9c51.root
01-Feb-2025 17:15:31 CST  Initiating request to open file root://cmsxrootd.fnal.gov//store/mc/Run3Summer22MiniAODv4/TbarQtoLNu-t-channel_TuneCP5_13p6TeV_powheg-pythia8/MINIAODSIM/130X_mcRun3_2022_realistic_v5-v2/130000/820bb677-0677-40f3-8917-e792f90d12e6.root
01-Feb-2025 17:15:32 CST  Successfully opened file root://cmsxrootd.fnal.gov//store/mc/Run3Summer22MiniAODv4/TbarQtoLNu-t-channel_TuneCP5_13p6TeV_powheg-pythia8/MINIAODSIM/130X_mcRun3_2022_realistic_v5-v2/130000/820bb677-0677-40f3-8917-e792f90d12e6.root
01-Feb-2025 17:15:36 CST  Closed file root://cmsxrootd.fnal.gov//store/mc/Run3Summer22MiniAODv4/TbarQtoLNu-t-channel_TuneCP5_13p6TeV_powheg-pythia8/MINIAODSIM/130X_mcRun3_2022_realistic_v5-v2/130000/820bb677-0677-40f3-8917-e792f90d12e6.root
01-Feb-2025 17:15:36 CST  Initiating request to open file root://cmsxrootd.fnal.gov//store/mc/Run3Summer22MiniAODv4/TbarQtoLNu-t-channel_TuneCP5_13p6TeV_powheg-pythia8/MINIAODSIM/130X_mcRun3_2022_realistic_v5-v2/130000/f29102c8-7e45-4db9-9935-96441e063c3c.root
01-Feb-2025 17:15:37 CST  Successfully opened file root://cmsxrootd.fnal.gov//store/mc/Run3Summer22MiniAODv4/TbarQtoLNu-t-channel_TuneCP5_13p6TeV_powheg-pythia8/MINIAODSIM/130X_mcRun3_2022_realistic_v5-v2/130000/f29102c8-7e45-4db9-9935-96441e063c3c.root
Begin processing the 600001st record. Run 1, Event 134270, LumiSection 184 on stream 0 at 01-Feb-2025 17:15:39.895 CST
01-Feb-2025 17:15:40 CST  Closed file root://cmsxrootd.fnal.gov//store/mc/Run3Summer22MiniAODv4/TbarQtoLNu-t-channel_TuneCP5_13p6TeV_powheg-pythia8/MINIAODSIM/130X_mcRun3_2022_realistic_v5-v2/130000/f29102c8-7e45-4db9-9935-96441e063c3c.root
01-Feb-2025 17:15:40 CST  Initiating request to open file root://cmsxrootd.fnal.gov//store/mc/Run3Summer22MiniAODv4/TbarQtoLNu-t-channel_TuneCP5_13p6TeV_powheg-pythia8/MINIAODSIM/130X_mcRun3_2022_realistic_v5-v2/130000/b5375716-9d4f-4c9c-b6f7-ffaa54d62e1c.root
01-Feb-2025 17:15:41 CST  Successfully opened file root://cmsxrootd.fnal.gov//store/mc/Run3Summer22MiniAODv4/TbarQtoLNu-t-channel_TuneCP5_13p6TeV_powheg-pythia8/MINIAODSIM/130X_mcRun3_2022_realistic_v5-v2/130000/b5375716-9d4f-4c9c-b6f7-ffaa54d62e1c.root
Begin processing the 700001st record. Run 1, Event 2799477, LumiSection 3835 on stream 0 at 01-Feb-2025 17:15:44.921 CST
01-Feb-2025 17:15:44 CST  Closed file root://cmsxrootd.fnal.gov//store/mc/Run3Summer22MiniAODv4/TbarQtoLNu-t-channel_TuneCP5_13p6TeV_powheg-pythia8/MINIAODSIM/130X_mcRun3_2022_realistic_v5-v2/130000/b5375716-9d4f-4c9c-b6f7-ffaa54d62e1c.root
01-Feb-2025 17:15:44 CST  Initiating request to open file root://cmsxrootd.fnal.gov//store/mc/Run3Summer22MiniAODv4/TbarQtoLNu-t-channel_TuneCP5_13p6TeV_powheg-pythia8/MINIAODSIM/130X_mcRun3_2022_realistic_v5-v2/130000/7c4a84a3-424f-49d7-b687-841b809f436f.root
01-Feb-2025 17:15:46 CST  Successfully opened file root://cmsxrootd.fnal.gov//store/mc/Run3Summer22MiniAODv4/TbarQtoLNu-t-channel_TuneCP5_13p6TeV_powheg-pythia8/MINIAODSIM/130X_mcRun3_2022_realistic_v5-v2/130000/7c4a84a3-424f-49d7-b687-841b809f436f.root
01-Feb-2025 17:15:48 CST  Closed file root://cmsxrootd.fnal.gov//store/mc/Run3Summer22MiniAODv4/TbarQtoLNu-t-channel_TuneCP5_13p6TeV_powheg-pythia8/MINIAODSIM/130X_mcRun3_2022_realistic_v5-v2/130000/7c4a84a3-424f-49d7-b687-841b809f436f.root
01-Feb-2025 17:15:48 CST  Initiating request to open file root://cmsxrootd.fnal.gov//store/mc/Run3Summer22MiniAODv4/TbarQtoLNu-t-channel_TuneCP5_13p6TeV_powheg-pythia8/MINIAODSIM/130X_mcRun3_2022_realistic_v5-v2/130000/b95c8955-93c3-4b84-aac7-78472438690f.root
01-Feb-2025 17:15:49 CST  Successfully opened file root://cmsxrootd.fnal.gov//store/mc/Run3Summer22MiniAODv4/TbarQtoLNu-t-channel_TuneCP5_13p6TeV_powheg-pythia8/MINIAODSIM/130X_mcRun3_2022_realistic_v5-v2/130000/b95c8955-93c3-4b84-aac7-78472438690f.root
01-Feb-2025 17:15:54 CST  Closed file root://cmsxrootd.fnal.gov//store/mc/Run3Summer22MiniAODv4/TbarQtoLNu-t-channel_TuneCP5_13p6TeV_powheg-pythia8/MINIAODSIM/130X_mcRun3_2022_realistic_v5-v2/130000/b95c8955-93c3-4b84-aac7-78472438690f.root
01-Feb-2025 17:15:54 CST  Initiating request to open file root://cmsxrootd.fnal.gov//store/mc/Run3Summer22MiniAODv4/TbarQtoLNu-t-channel_TuneCP5_13p6TeV_powheg-pythia8/MINIAODSIM/130X_mcRun3_2022_realistic_v5-v2/130000/4c7fd4e4-9ba0-43da-9e08-ca582f578206.root
01-Feb-2025 17:15:55 CST  Successfully opened file root://cmsxrootd.fnal.gov//store/mc/Run3Summer22MiniAODv4/TbarQtoLNu-t-channel_TuneCP5_13p6TeV_powheg-pythia8/MINIAODSIM/130X_mcRun3_2022_realistic_v5-v2/130000/4c7fd4e4-9ba0-43da-9e08-ca582f578206.root
Begin processing the 800001st record. Run 1, Event 748165, LumiSection 1025 on stream 0 at 01-Feb-2025 17:15:57.098 CST
01-Feb-2025 17:15:57 CST  Closed file root://cmsxrootd.fnal.gov//store/mc/Run3Summer22MiniAODv4/TbarQtoLNu-t-channel_TuneCP5_13p6TeV_powheg-pythia8/MINIAODSIM/130X_mcRun3_2022_realistic_v5-v2/130000/4c7fd4e4-9ba0-43da-9e08-ca582f578206.root
01-Feb-2025 17:15:57 CST  Initiating request to open file root://cmsxrootd.fnal.gov//store/mc/Run3Summer22MiniAODv4/TbarQtoLNu-t-channel_TuneCP5_13p6TeV_powheg-pythia8/MINIAODSIM/130X_mcRun3_2022_realistic_v5-v2/130000/a1a43f82-2144-4bb5-a98e-2ba4433755f3.root
01-Feb-2025 17:15:58 CST  Successfully opened file root://cmsxrootd.fnal.gov//store/mc/Run3Summer22MiniAODv4/TbarQtoLNu-t-channel_TuneCP5_13p6TeV_powheg-pythia8/MINIAODSIM/130X_mcRun3_2022_realistic_v5-v2/130000/a1a43f82-2144-4bb5-a98e-2ba4433755f3.root
01-Feb-2025 17:16:00 CST  Closed file root://cmsxrootd.fnal.gov//store/mc/Run3Summer22MiniAODv4/TbarQtoLNu-t-channel_TuneCP5_13p6TeV_powheg-pythia8/MINIAODSIM/130X_mcRun3_2022_realistic_v5-v2/130000/a1a43f82-2144-4bb5-a98e-2ba4433755f3.root
01-Feb-2025 17:16:00 CST  Initiating request to open file root://cmsxrootd.fnal.gov//store/mc/Run3Summer22MiniAODv4/TbarQtoLNu-t-channel_TuneCP5_13p6TeV_powheg-pythia8/MINIAODSIM/130X_mcRun3_2022_realistic_v5-v2/130000/d80d0e43-6265-4d46-94bc-a38738678954.root
01-Feb-2025 17:16:01 CST  Successfully opened file root://cmsxrootd.fnal.gov//store/mc/Run3Summer22MiniAODv4/TbarQtoLNu-t-channel_TuneCP5_13p6TeV_powheg-pythia8/MINIAODSIM/130X_mcRun3_2022_realistic_v5-v2/130000/d80d0e43-6265-4d46-94bc-a38738678954.root
Begin processing the 900001st record. Run 1, Event 1200757, LumiSection 1645 on stream 0 at 01-Feb-2025 17:16:04.143 CST
01-Feb-2025 17:16:04 CST  Closed file root://cmsxrootd.fnal.gov//store/mc/Run3Summer22MiniAODv4/TbarQtoLNu-t-channel_TuneCP5_13p6TeV_powheg-pythia8/MINIAODSIM/130X_mcRun3_2022_realistic_v5-v2/130000/d80d0e43-6265-4d46-94bc-a38738678954.root
01-Feb-2025 17:16:04 CST  Initiating request to open file root://cmsxrootd.fnal.gov//store/mc/Run3Summer22MiniAODv4/TbarQtoLNu-t-channel_TuneCP5_13p6TeV_powheg-pythia8/MINIAODSIM/130X_mcRun3_2022_realistic_v5-v2/130000/fccfbdcd-00bf-4217-a41e-928307c537f1.root
01-Feb-2025 17:16:05 CST  Successfully opened file root://cmsxrootd.fnal.gov//store/mc/Run3Summer22MiniAODv4/TbarQtoLNu-t-channel_TuneCP5_13p6TeV_powheg-pythia8/MINIAODSIM/130X_mcRun3_2022_realistic_v5-v2/130000/fccfbdcd-00bf-4217-a41e-928307c537f1.root
01-Feb-2025 17:16:08 CST  Closed file root://cmsxrootd.fnal.gov//store/mc/Run3Summer22MiniAODv4/TbarQtoLNu-t-channel_TuneCP5_13p6TeV_powheg-pythia8/MINIAODSIM/130X_mcRun3_2022_realistic_v5-v2/130000/fccfbdcd-00bf-4217-a41e-928307c537f1.root
01-Feb-2025 17:16:08 CST  Initiating request to open file root://cmsxrootd.fnal.gov//store/mc/Run3Summer22MiniAODv4/TbarQtoLNu-t-channel_TuneCP5_13p6TeV_powheg-pythia8/MINIAODSIM/130X_mcRun3_2022_realistic_v5-v2/130000/f2ed0641-b291-48a7-b423-c9ed4c69183a.root
01-Feb-2025 17:16:09 CST  Successfully opened file root://cmsxrootd.fnal.gov//store/mc/Run3Summer22MiniAODv4/TbarQtoLNu-t-channel_TuneCP5_13p6TeV_powheg-pythia8/MINIAODSIM/130X_mcRun3_2022_realistic_v5-v2/130000/f2ed0641-b291-48a7-b423-c9ed4c69183a.root
     78.558792      0.115730      1.000000         10000
 
01-Feb-2025 17:16:13 CST  Closed file root://cmsxrootd.fnal.gov//store/mc/Run3Summer22MiniAODv4/TbarQtoLNu-t-channel_TuneCP5_13p6TeV_powheg-pythia8/MINIAODSIM/130X_mcRun3_2022_realistic_v5-v2/130000/f2ed0641-b291-48a7-b423-c9ed4c69183a.root

------------------------------------
GenXsecAnalyzer:
------------------------------------
-------------------------------------------------------------------------------------------------------------------------------------------------------------------------- 
Overall cross-section summary 
--------------------------------------------------------------------------------------------------------------------------------------------------------------------------
Process		xsec_before [pb]		passed	nposw	nnegw	tried	nposw	nnegw 	xsec_match [pb]			accepted [%]	 event_eff [%]
-------------------------------------------------------------------------------------------------------------------------------------------------------------------------- 
Total		7.856e+01 +/- 4.092e-02		1999470	1994377	5093	1999470	1994377	5093	7.856e+01 +/- 4.092e-02		100.0 +/- 0.0	100.0 +/- 0.0
--------------------------------------------------------------------------------------------------------------------------------------------------------------------------
Before matching: total cross section = 7.856e+01 +- 4.092e-02 pb
After matching: total cross section = 7.856e+01 +- 4.092e-02 pb
Matching efficiency = 1.0 +/- 0.0   [TO BE USED IN MCM]
Filter efficiency (taking into account weights)= (2.55299e+07) / (2.55299e+07) = 1.000e+00 +- 0.000e+00
Filter efficiency (event-level)= (1.0001e+06) / (1.0001e+06) = 1.000e+00 +- 0.000e+00    [TO BE USED IN MCM]

After filter: final cross section = 7.856e+01 +- 4.092e-02 pb
After filter: final fraction of events with negative weights = 2.547e-03 +- 9.543e-09
After filter: final equivalent lumi for 1M events (1/fb) = 1.260e+01 +- 1.413e-02
