01-Feb-2025 17:01:26 CST  Initiating request to open file root://cmsxrootd.fnal.gov//store/mc/Run3Summer22MiniAODv4/TQbartoLNu-t-channel_TuneCP5_13p6TeV_powheg-pythia8/MINIAODSIM/130X_mcRun3_2022_realistic_v5-v2/130000/e823fa09-25a1-4ae3-8fae-41d574b4cffa.root
01-Feb-2025 17:01:29 CST  Successfully opened file root://cmsxrootd.fnal.gov//store/mc/Run3Summer22MiniAODv4/TQbartoLNu-t-channel_TuneCP5_13p6TeV_powheg-pythia8/MINIAODSIM/130X_mcRun3_2022_realistic_v5-v2/130000/e823fa09-25a1-4ae3-8fae-41d574b4cffa.root
Begin processing the 1st record. Run 1, Event 1463779, LumiSection 2020 on stream 0 at 01-Feb-2025 17:01:32.233 CST
01-Feb-2025 17:01:32 CST  Closed file root://cmsxrootd.fnal.gov//store/mc/Run3Summer22MiniAODv4/TQbartoLNu-t-channel_TuneCP5_13p6TeV_powheg-pythia8/MINIAODSIM/130X_mcRun3_2022_realistic_v5-v2/130000/e823fa09-25a1-4ae3-8fae-41d574b4cffa.root
01-Feb-2025 17:01:32 CST  Initiating request to open file root://cmsxrootd.fnal.gov//store/mc/Run3Summer22MiniAODv4/TQbartoLNu-t-channel_TuneCP5_13p6TeV_powheg-pythia8/MINIAODSIM/130X_mcRun3_2022_realistic_v5-v2/130000/a1d49616-6d5c-47e3-afc2-3ffdca5f124c.root
01-Feb-2025 17:01:33 CST  Successfully opened file root://cmsxrootd.fnal.gov//store/mc/Run3Summer22MiniAODv4/TQbartoLNu-t-channel_TuneCP5_13p6TeV_powheg-pythia8/MINIAODSIM/130X_mcRun3_2022_realistic_v5-v2/130000/a1d49616-6d5c-47e3-afc2-3ffdca5f124c.root
01-Feb-2025 17:01:35 CST  Closed file root://cmsxrootd.fnal.gov//store/mc/Run3Summer22MiniAODv4/TQbartoLNu-t-channel_TuneCP5_13p6TeV_powheg-pythia8/MINIAODSIM/130X_mcRun3_2022_realistic_v5-v2/130000/a1d49616-6d5c-47e3-afc2-3ffdca5f124c.root
01-Feb-2025 17:01:35 CST  Initiating request to open file root://cmsxrootd.fnal.gov//store/mc/Run3Summer22MiniAODv4/TQbartoLNu-t-channel_TuneCP5_13p6TeV_powheg-pythia8/MINIAODSIM/130X_mcRun3_2022_realistic_v5-v2/130000/ab723cf3-6f93-4e6a-8aac-411eeb10d67f.root
01-Feb-2025 17:01:37 CST  Successfully opened file root://cmsxrootd.fnal.gov//store/mc/Run3Summer22MiniAODv4/TQbartoLNu-t-channel_TuneCP5_13p6TeV_powheg-pythia8/MINIAODSIM/130X_mcRun3_2022_realistic_v5-v2/130000/ab723cf3-6f93-4e6a-8aac-411eeb10d67f.root
01-Feb-2025 17:01:38 CST  Closed file root://cmsxrootd.fnal.gov//store/mc/Run3Summer22MiniAODv4/TQbartoLNu-t-channel_TuneCP5_13p6TeV_powheg-pythia8/MINIAODSIM/130X_mcRun3_2022_realistic_v5-v2/130000/ab723cf3-6f93-4e6a-8aac-411eeb10d67f.root
01-Feb-2025 17:01:38 CST  Initiating request to open file root://cmsxrootd.fnal.gov//store/mc/Run3Summer22MiniAODv4/TQbartoLNu-t-channel_TuneCP5_13p6TeV_powheg-pythia8/MINIAODSIM/130X_mcRun3_2022_realistic_v5-v2/130000/770a8b2d-ee1b-4364-8933-637f95cbcbc7.root
01-Feb-2025 17:01:39 CST  Successfully opened file root://cmsxrootd.fnal.gov//store/mc/Run3Summer22MiniAODv4/TQbartoLNu-t-channel_TuneCP5_13p6TeV_powheg-pythia8/MINIAODSIM/130X_mcRun3_2022_realistic_v5-v2/130000/770a8b2d-ee1b-4364-8933-637f95cbcbc7.root
01-Feb-2025 17:01:40 CST  Closed file root://cmsxrootd.fnal.gov//store/mc/Run3Summer22MiniAODv4/TQbartoLNu-t-channel_TuneCP5_13p6TeV_powheg-pythia8/MINIAODSIM/130X_mcRun3_2022_realistic_v5-v2/130000/770a8b2d-ee1b-4364-8933-637f95cbcbc7.root
01-Feb-2025 17:01:40 CST  Initiating request to open file root://cmsxrootd.fnal.gov//store/mc/Run3Summer22MiniAODv4/TQbartoLNu-t-channel_TuneCP5_13p6TeV_powheg-pythia8/MINIAODSIM/130X_mcRun3_2022_realistic_v5-v2/130000/4961f60a-cf3a-4ca3-9f1b-958e54211701.root
01-Feb-2025 17:01:41 CST  Successfully opened file root://cmsxrootd.fnal.gov//store/mc/Run3Summer22MiniAODv4/TQbartoLNu-t-channel_TuneCP5_13p6TeV_powheg-pythia8/MINIAODSIM/130X_mcRun3_2022_realistic_v5-v2/130000/4961f60a-cf3a-4ca3-9f1b-958e54211701.root
Begin processing the 100001st record. Run 1, Event 212377, LumiSection 293 on stream 0 at 01-Feb-2025 17:01:43.767 CST
01-Feb-2025 17:01:44 CST  Closed file root://cmsxrootd.fnal.gov//store/mc/Run3Summer22MiniAODv4/TQbartoLNu-t-channel_TuneCP5_13p6TeV_powheg-pythia8/MINIAODSIM/130X_mcRun3_2022_realistic_v5-v2/130000/4961f60a-cf3a-4ca3-9f1b-958e54211701.root
01-Feb-2025 17:01:44 CST  Initiating request to open file root://cmsxrootd.fnal.gov//store/mc/Run3Summer22MiniAODv4/TQbartoLNu-t-channel_TuneCP5_13p6TeV_powheg-pythia8/MINIAODSIM/130X_mcRun3_2022_realistic_v5-v2/130000/617f4db0-973e-427f-9eec-dbccf3688444.root
01-Feb-2025 17:01:45 CST  Successfully opened file root://cmsxrootd.fnal.gov//store/mc/Run3Summer22MiniAODv4/TQbartoLNu-t-channel_TuneCP5_13p6TeV_powheg-pythia8/MINIAODSIM/130X_mcRun3_2022_realistic_v5-v2/130000/617f4db0-973e-427f-9eec-dbccf3688444.root
01-Feb-2025 17:01:47 CST  Closed file root://cmsxrootd.fnal.gov//store/mc/Run3Summer22MiniAODv4/TQbartoLNu-t-channel_TuneCP5_13p6TeV_powheg-pythia8/MINIAODSIM/130X_mcRun3_2022_realistic_v5-v2/130000/617f4db0-973e-427f-9eec-dbccf3688444.root
01-Feb-2025 17:01:47 CST  Initiating request to open file root://cmsxrootd.fnal.gov//store/mc/Run3Summer22MiniAODv4/TQbartoLNu-t-channel_TuneCP5_13p6TeV_powheg-pythia8/MINIAODSIM/130X_mcRun3_2022_realistic_v5-v2/130000/e704d442-47b5-4be3-b7e7-aecce97d57c9.root
01-Feb-2025 17:01:48 CST  Successfully opened file root://cmsxrootd.fnal.gov//store/mc/Run3Summer22MiniAODv4/TQbartoLNu-t-channel_TuneCP5_13p6TeV_powheg-pythia8/MINIAODSIM/130X_mcRun3_2022_realistic_v5-v2/130000/e704d442-47b5-4be3-b7e7-aecce97d57c9.root
01-Feb-2025 17:01:50 CST  Closed file root://cmsxrootd.fnal.gov//store/mc/Run3Summer22MiniAODv4/TQbartoLNu-t-channel_TuneCP5_13p6TeV_powheg-pythia8/MINIAODSIM/130X_mcRun3_2022_realistic_v5-v2/130000/e704d442-47b5-4be3-b7e7-aecce97d57c9.root
01-Feb-2025 17:01:50 CST  Initiating request to open file root://cmsxrootd.fnal.gov//store/mc/Run3Summer22MiniAODv4/TQbartoLNu-t-channel_TuneCP5_13p6TeV_powheg-pythia8/MINIAODSIM/130X_mcRun3_2022_realistic_v5-v2/130000/68434069-97ad-45fa-90b2-4872b8357d85.root
01-Feb-2025 17:01:51 CST  Successfully opened file root://cmsxrootd.fnal.gov//store/mc/Run3Summer22MiniAODv4/TQbartoLNu-t-channel_TuneCP5_13p6TeV_powheg-pythia8/MINIAODSIM/130X_mcRun3_2022_realistic_v5-v2/130000/68434069-97ad-45fa-90b2-4872b8357d85.root
Begin processing the 200001st record. Run 1, Event 7883550, LumiSection 10874 on stream 0 at 01-Feb-2025 17:01:52.708 CST
01-Feb-2025 17:01:52 CST  Closed file root://cmsxrootd.fnal.gov//store/mc/Run3Summer22MiniAODv4/TQbartoLNu-t-channel_TuneCP5_13p6TeV_powheg-pythia8/MINIAODSIM/130X_mcRun3_2022_realistic_v5-v2/130000/68434069-97ad-45fa-90b2-4872b8357d85.root
01-Feb-2025 17:01:52 CST  Initiating request to open file root://cmsxrootd.fnal.gov//store/mc/Run3Summer22MiniAODv4/TQbartoLNu-t-channel_TuneCP5_13p6TeV_powheg-pythia8/MINIAODSIM/130X_mcRun3_2022_realistic_v5-v2/130000/aa873acb-ae71-47ff-90f0-5a9bc761931b.root
01-Feb-2025 17:01:53 CST  Successfully opened file root://cmsxrootd.fnal.gov//store/mc/Run3Summer22MiniAODv4/TQbartoLNu-t-channel_TuneCP5_13p6TeV_powheg-pythia8/MINIAODSIM/130X_mcRun3_2022_realistic_v5-v2/130000/aa873acb-ae71-47ff-90f0-5a9bc761931b.root
01-Feb-2025 17:01:55 CST  Closed file root://cmsxrootd.fnal.gov//store/mc/Run3Summer22MiniAODv4/TQbartoLNu-t-channel_TuneCP5_13p6TeV_powheg-pythia8/MINIAODSIM/130X_mcRun3_2022_realistic_v5-v2/130000/aa873acb-ae71-47ff-90f0-5a9bc761931b.root
01-Feb-2025 17:01:55 CST  Initiating request to open file root://cmsxrootd.fnal.gov//store/mc/Run3Summer22MiniAODv4/TQbartoLNu-t-channel_TuneCP5_13p6TeV_powheg-pythia8/MINIAODSIM/130X_mcRun3_2022_realistic_v5-v2/130000/9974ced9-6f31-4e51-bdf4-195964022a73.root
01-Feb-2025 17:01:57 CST  Successfully opened file root://cmsxrootd.fnal.gov//store/mc/Run3Summer22MiniAODv4/TQbartoLNu-t-channel_TuneCP5_13p6TeV_powheg-pythia8/MINIAODSIM/130X_mcRun3_2022_realistic_v5-v2/130000/9974ced9-6f31-4e51-bdf4-195964022a73.root
01-Feb-2025 17:01:59 CST  Closed file root://cmsxrootd.fnal.gov//store/mc/Run3Summer22MiniAODv4/TQbartoLNu-t-channel_TuneCP5_13p6TeV_powheg-pythia8/MINIAODSIM/130X_mcRun3_2022_realistic_v5-v2/130000/9974ced9-6f31-4e51-bdf4-195964022a73.root
01-Feb-2025 17:01:59 CST  Initiating request to open file root://cmsxrootd.fnal.gov//store/mc/Run3Summer22MiniAODv4/TQbartoLNu-t-channel_TuneCP5_13p6TeV_powheg-pythia8/MINIAODSIM/130X_mcRun3_2022_realistic_v5-v2/130000/f3cd1ac8-0afe-4799-b9ed-76271d02b51f.root
01-Feb-2025 17:02:00 CST  Successfully opened file root://cmsxrootd.fnal.gov//store/mc/Run3Summer22MiniAODv4/TQbartoLNu-t-channel_TuneCP5_13p6TeV_powheg-pythia8/MINIAODSIM/130X_mcRun3_2022_realistic_v5-v2/130000/f3cd1ac8-0afe-4799-b9ed-76271d02b51f.root
Begin processing the 300001st record. Run 1, Event 5080641, LumiSection 7008 on stream 0 at 01-Feb-2025 17:02:02.703 CST
01-Feb-2025 17:02:02 CST  Closed file root://cmsxrootd.fnal.gov//store/mc/Run3Summer22MiniAODv4/TQbartoLNu-t-channel_TuneCP5_13p6TeV_powheg-pythia8/MINIAODSIM/130X_mcRun3_2022_realistic_v5-v2/130000/f3cd1ac8-0afe-4799-b9ed-76271d02b51f.root
01-Feb-2025 17:02:02 CST  Initiating request to open file root://cmsxrootd.fnal.gov//store/mc/Run3Summer22MiniAODv4/TQbartoLNu-t-channel_TuneCP5_13p6TeV_powheg-pythia8/MINIAODSIM/130X_mcRun3_2022_realistic_v5-v2/130000/1d5d1f37-8507-40a8-954a-1f83dcb59f69.root
01-Feb-2025 17:02:03 CST  Successfully opened file root://cmsxrootd.fnal.gov//store/mc/Run3Summer22MiniAODv4/TQbartoLNu-t-channel_TuneCP5_13p6TeV_powheg-pythia8/MINIAODSIM/130X_mcRun3_2022_realistic_v5-v2/130000/1d5d1f37-8507-40a8-954a-1f83dcb59f69.root
01-Feb-2025 17:02:05 CST  Closed file root://cmsxrootd.fnal.gov//store/mc/Run3Summer22MiniAODv4/TQbartoLNu-t-channel_TuneCP5_13p6TeV_powheg-pythia8/MINIAODSIM/130X_mcRun3_2022_realistic_v5-v2/130000/1d5d1f37-8507-40a8-954a-1f83dcb59f69.root
01-Feb-2025 17:02:05 CST  Initiating request to open file root://cmsxrootd.fnal.gov//store/mc/Run3Summer22MiniAODv4/TQbartoLNu-t-channel_TuneCP5_13p6TeV_powheg-pythia8/MINIAODSIM/130X_mcRun3_2022_realistic_v5-v2/130000/00c20259-6302-4712-a6e2-1c3e5111eb4f.root
01-Feb-2025 17:02:07 CST  Successfully opened file root://cmsxrootd.fnal.gov//store/mc/Run3Summer22MiniAODv4/TQbartoLNu-t-channel_TuneCP5_13p6TeV_powheg-pythia8/MINIAODSIM/130X_mcRun3_2022_realistic_v5-v2/130000/00c20259-6302-4712-a6e2-1c3e5111eb4f.root
01-Feb-2025 17:02:08 CST  Closed file root://cmsxrootd.fnal.gov//store/mc/Run3Summer22MiniAODv4/TQbartoLNu-t-channel_TuneCP5_13p6TeV_powheg-pythia8/MINIAODSIM/130X_mcRun3_2022_realistic_v5-v2/130000/00c20259-6302-4712-a6e2-1c3e5111eb4f.root
01-Feb-2025 17:02:08 CST  Initiating request to open file root://cmsxrootd.fnal.gov//store/mc/Run3Summer22MiniAODv4/TQbartoLNu-t-channel_TuneCP5_13p6TeV_powheg-pythia8/MINIAODSIM/130X_mcRun3_2022_realistic_v5-v2/130000/7dff2187-1ded-4bbc-95f8-5607c0a3fa1a.root
01-Feb-2025 17:02:09 CST  Successfully opened file root://cmsxrootd.fnal.gov//store/mc/Run3Summer22MiniAODv4/TQbartoLNu-t-channel_TuneCP5_13p6TeV_powheg-pythia8/MINIAODSIM/130X_mcRun3_2022_realistic_v5-v2/130000/7dff2187-1ded-4bbc-95f8-5607c0a3fa1a.root
01-Feb-2025 17:02:11 CST  Closed file root://cmsxrootd.fnal.gov//store/mc/Run3Summer22MiniAODv4/TQbartoLNu-t-channel_TuneCP5_13p6TeV_powheg-pythia8/MINIAODSIM/130X_mcRun3_2022_realistic_v5-v2/130000/7dff2187-1ded-4bbc-95f8-5607c0a3fa1a.root
01-Feb-2025 17:02:11 CST  Initiating request to open file root://cmsxrootd.fnal.gov//store/mc/Run3Summer22MiniAODv4/TQbartoLNu-t-channel_TuneCP5_13p6TeV_powheg-pythia8/MINIAODSIM/130X_mcRun3_2022_realistic_v5-v2/130000/a1ccc10b-a416-4af8-affa-ca9504874316.root
01-Feb-2025 17:02:12 CST  Successfully opened file root://cmsxrootd.fnal.gov//store/mc/Run3Summer22MiniAODv4/TQbartoLNu-t-channel_TuneCP5_13p6TeV_powheg-pythia8/MINIAODSIM/130X_mcRun3_2022_realistic_v5-v2/130000/a1ccc10b-a416-4af8-affa-ca9504874316.root
Begin processing the 400001st record. Run 1, Event 4697077, LumiSection 6479 on stream 0 at 01-Feb-2025 17:02:14.679 CST
01-Feb-2025 17:02:15 CST  Closed file root://cmsxrootd.fnal.gov//store/mc/Run3Summer22MiniAODv4/TQbartoLNu-t-channel_TuneCP5_13p6TeV_powheg-pythia8/MINIAODSIM/130X_mcRun3_2022_realistic_v5-v2/130000/a1ccc10b-a416-4af8-affa-ca9504874316.root
01-Feb-2025 17:02:15 CST  Initiating request to open file root://cmsxrootd.fnal.gov//store/mc/Run3Summer22MiniAODv4/TQbartoLNu-t-channel_TuneCP5_13p6TeV_powheg-pythia8/MINIAODSIM/130X_mcRun3_2022_realistic_v5-v2/130000/387ccd0d-9db4-453f-b4b6-989d3c0450f1.root
01-Feb-2025 17:02:16 CST  Successfully opened file root://cmsxrootd.fnal.gov//store/mc/Run3Summer22MiniAODv4/TQbartoLNu-t-channel_TuneCP5_13p6TeV_powheg-pythia8/MINIAODSIM/130X_mcRun3_2022_realistic_v5-v2/130000/387ccd0d-9db4-453f-b4b6-989d3c0450f1.root
Begin processing the 500001st record. Run 1, Event 7739134, LumiSection 10675 on stream 0 at 01-Feb-2025 17:02:19.522 CST
01-Feb-2025 17:02:19 CST  Closed file root://cmsxrootd.fnal.gov//store/mc/Run3Summer22MiniAODv4/TQbartoLNu-t-channel_TuneCP5_13p6TeV_powheg-pythia8/MINIAODSIM/130X_mcRun3_2022_realistic_v5-v2/130000/387ccd0d-9db4-453f-b4b6-989d3c0450f1.root
01-Feb-2025 17:02:19 CST  Initiating request to open file root://cmsxrootd.fnal.gov//store/mc/Run3Summer22MiniAODv4/TQbartoLNu-t-channel_TuneCP5_13p6TeV_powheg-pythia8/MINIAODSIM/130X_mcRun3_2022_realistic_v5-v2/130000/786f370b-9ad2-47ad-a4f5-c99202cde825.root
01-Feb-2025 17:02:20 CST  Successfully opened file root://cmsxrootd.fnal.gov//store/mc/Run3Summer22MiniAODv4/TQbartoLNu-t-channel_TuneCP5_13p6TeV_powheg-pythia8/MINIAODSIM/130X_mcRun3_2022_realistic_v5-v2/130000/786f370b-9ad2-47ad-a4f5-c99202cde825.root
01-Feb-2025 17:02:23 CST  Closed file root://cmsxrootd.fnal.gov//store/mc/Run3Summer22MiniAODv4/TQbartoLNu-t-channel_TuneCP5_13p6TeV_powheg-pythia8/MINIAODSIM/130X_mcRun3_2022_realistic_v5-v2/130000/786f370b-9ad2-47ad-a4f5-c99202cde825.root
01-Feb-2025 17:02:23 CST  Initiating request to open file root://cmsxrootd.fnal.gov//store/mc/Run3Summer22MiniAODv4/TQbartoLNu-t-channel_TuneCP5_13p6TeV_powheg-pythia8/MINIAODSIM/130X_mcRun3_2022_realistic_v5-v2/130000/93d4b164-bad0-49e2-b899-647a8e49e7d4.root
01-Feb-2025 17:02:24 CST  Successfully opened file root://cmsxrootd.fnal.gov//store/mc/Run3Summer22MiniAODv4/TQbartoLNu-t-channel_TuneCP5_13p6TeV_powheg-pythia8/MINIAODSIM/130X_mcRun3_2022_realistic_v5-v2/130000/93d4b164-bad0-49e2-b899-647a8e49e7d4.root
Begin processing the 600001st record. Run 1, Event 8551805, LumiSection 11796 on stream 0 at 01-Feb-2025 17:02:27.934 CST
01-Feb-2025 17:02:28 CST  Closed file root://cmsxrootd.fnal.gov//store/mc/Run3Summer22MiniAODv4/TQbartoLNu-t-channel_TuneCP5_13p6TeV_powheg-pythia8/MINIAODSIM/130X_mcRun3_2022_realistic_v5-v2/130000/93d4b164-bad0-49e2-b899-647a8e49e7d4.root
01-Feb-2025 17:02:28 CST  Initiating request to open file root://cmsxrootd.fnal.gov//store/mc/Run3Summer22MiniAODv4/TQbartoLNu-t-channel_TuneCP5_13p6TeV_powheg-pythia8/MINIAODSIM/130X_mcRun3_2022_realistic_v5-v2/130000/1bea1642-c7d2-4077-8663-d70a4da2a2bd.root
01-Feb-2025 17:02:29 CST  Successfully opened file root://cmsxrootd.fnal.gov//store/mc/Run3Summer22MiniAODv4/TQbartoLNu-t-channel_TuneCP5_13p6TeV_powheg-pythia8/MINIAODSIM/130X_mcRun3_2022_realistic_v5-v2/130000/1bea1642-c7d2-4077-8663-d70a4da2a2bd.root
01-Feb-2025 17:02:30 CST  Closed file root://cmsxrootd.fnal.gov//store/mc/Run3Summer22MiniAODv4/TQbartoLNu-t-channel_TuneCP5_13p6TeV_powheg-pythia8/MINIAODSIM/130X_mcRun3_2022_realistic_v5-v2/130000/1bea1642-c7d2-4077-8663-d70a4da2a2bd.root
01-Feb-2025 17:02:30 CST  Initiating request to open file root://cmsxrootd.fnal.gov//store/mc/Run3Summer22MiniAODv4/TQbartoLNu-t-channel_TuneCP5_13p6TeV_powheg-pythia8/MINIAODSIM/130X_mcRun3_2022_realistic_v5-v2/130000/99d364cf-9409-42a6-9494-134ca93943ae.root
01-Feb-2025 17:02:31 CST  Successfully opened file root://cmsxrootd.fnal.gov//store/mc/Run3Summer22MiniAODv4/TQbartoLNu-t-channel_TuneCP5_13p6TeV_powheg-pythia8/MINIAODSIM/130X_mcRun3_2022_realistic_v5-v2/130000/99d364cf-9409-42a6-9494-134ca93943ae.root
01-Feb-2025 17:02:34 CST  Closed file root://cmsxrootd.fnal.gov//store/mc/Run3Summer22MiniAODv4/TQbartoLNu-t-channel_TuneCP5_13p6TeV_powheg-pythia8/MINIAODSIM/130X_mcRun3_2022_realistic_v5-v2/130000/99d364cf-9409-42a6-9494-134ca93943ae.root
01-Feb-2025 17:02:34 CST  Initiating request to open file root://cmsxrootd.fnal.gov//store/mc/Run3Summer22MiniAODv4/TQbartoLNu-t-channel_TuneCP5_13p6TeV_powheg-pythia8/MINIAODSIM/130X_mcRun3_2022_realistic_v5-v2/130000/5ad652f0-aff3-4418-acd2-20295942216b.root
01-Feb-2025 17:02:35 CST  Successfully opened file root://cmsxrootd.fnal.gov//store/mc/Run3Summer22MiniAODv4/TQbartoLNu-t-channel_TuneCP5_13p6TeV_powheg-pythia8/MINIAODSIM/130X_mcRun3_2022_realistic_v5-v2/130000/5ad652f0-aff3-4418-acd2-20295942216b.root
Begin processing the 700001st record. Run 1, Event 1670056, LumiSection 2304 on stream 0 at 01-Feb-2025 17:02:37.449 CST
01-Feb-2025 17:02:37 CST  Closed file root://cmsxrootd.fnal.gov//store/mc/Run3Summer22MiniAODv4/TQbartoLNu-t-channel_TuneCP5_13p6TeV_powheg-pythia8/MINIAODSIM/130X_mcRun3_2022_realistic_v5-v2/130000/5ad652f0-aff3-4418-acd2-20295942216b.root
01-Feb-2025 17:02:37 CST  Initiating request to open file root://cmsxrootd.fnal.gov//store/mc/Run3Summer22MiniAODv4/TQbartoLNu-t-channel_TuneCP5_13p6TeV_powheg-pythia8/MINIAODSIM/130X_mcRun3_2022_realistic_v5-v2/130000/e32dcb10-2a4b-4bcc-b163-5623fbeadfd0.root
01-Feb-2025 17:02:39 CST  Successfully opened file root://cmsxrootd.fnal.gov//store/mc/Run3Summer22MiniAODv4/TQbartoLNu-t-channel_TuneCP5_13p6TeV_powheg-pythia8/MINIAODSIM/130X_mcRun3_2022_realistic_v5-v2/130000/e32dcb10-2a4b-4bcc-b163-5623fbeadfd0.root
01-Feb-2025 17:02:41 CST  Closed file root://cmsxrootd.fnal.gov//store/mc/Run3Summer22MiniAODv4/TQbartoLNu-t-channel_TuneCP5_13p6TeV_powheg-pythia8/MINIAODSIM/130X_mcRun3_2022_realistic_v5-v2/130000/e32dcb10-2a4b-4bcc-b163-5623fbeadfd0.root
01-Feb-2025 17:02:41 CST  Initiating request to open file root://cmsxrootd.fnal.gov//store/mc/Run3Summer22MiniAODv4/TQbartoLNu-t-channel_TuneCP5_13p6TeV_powheg-pythia8/MINIAODSIM/130X_mcRun3_2022_realistic_v5-v2/130000/869fe758-ee3e-4bab-86c2-d2754171a64c.root
01-Feb-2025 17:02:42 CST  Successfully opened file root://cmsxrootd.fnal.gov//store/mc/Run3Summer22MiniAODv4/TQbartoLNu-t-channel_TuneCP5_13p6TeV_powheg-pythia8/MINIAODSIM/130X_mcRun3_2022_realistic_v5-v2/130000/869fe758-ee3e-4bab-86c2-d2754171a64c.root
Begin processing the 800001st record. Run 1, Event 8651038, LumiSection 11933 on stream 0 at 01-Feb-2025 17:02:44.442 CST
01-Feb-2025 17:02:44 CST  Closed file root://cmsxrootd.fnal.gov//store/mc/Run3Summer22MiniAODv4/TQbartoLNu-t-channel_TuneCP5_13p6TeV_powheg-pythia8/MINIAODSIM/130X_mcRun3_2022_realistic_v5-v2/130000/869fe758-ee3e-4bab-86c2-d2754171a64c.root
01-Feb-2025 17:02:44 CST  Initiating request to open file root://cmsxrootd.fnal.gov//store/mc/Run3Summer22MiniAODv4/TQbartoLNu-t-channel_TuneCP5_13p6TeV_powheg-pythia8/MINIAODSIM/130X_mcRun3_2022_realistic_v5-v2/130000/82370081-fd86-4f1e-be11-4c4f68ba61d7.root
01-Feb-2025 17:02:45 CST  Successfully opened file root://cmsxrootd.fnal.gov//store/mc/Run3Summer22MiniAODv4/TQbartoLNu-t-channel_TuneCP5_13p6TeV_powheg-pythia8/MINIAODSIM/130X_mcRun3_2022_realistic_v5-v2/130000/82370081-fd86-4f1e-be11-4c4f68ba61d7.root
01-Feb-2025 17:02:47 CST  Closed file root://cmsxrootd.fnal.gov//store/mc/Run3Summer22MiniAODv4/TQbartoLNu-t-channel_TuneCP5_13p6TeV_powheg-pythia8/MINIAODSIM/130X_mcRun3_2022_realistic_v5-v2/130000/82370081-fd86-4f1e-be11-4c4f68ba61d7.root
01-Feb-2025 17:02:47 CST  Initiating request to open file root://cmsxrootd.fnal.gov//store/mc/Run3Summer22MiniAODv4/TQbartoLNu-t-channel_TuneCP5_13p6TeV_powheg-pythia8/MINIAODSIM/130X_mcRun3_2022_realistic_v5-v2/130000/9afd12e7-14d1-4bf1-bfc5-2c3d1a87ac20.root
01-Feb-2025 17:02:49 CST  Successfully opened file root://cmsxrootd.fnal.gov//store/mc/Run3Summer22MiniAODv4/TQbartoLNu-t-channel_TuneCP5_13p6TeV_powheg-pythia8/MINIAODSIM/130X_mcRun3_2022_realistic_v5-v2/130000/9afd12e7-14d1-4bf1-bfc5-2c3d1a87ac20.root
Begin processing the 900001st record. Run 1, Event 5313793, LumiSection 7330 on stream 0 at 01-Feb-2025 17:02:51.733 CST
01-Feb-2025 17:02:52 CST  Closed file root://cmsxrootd.fnal.gov//store/mc/Run3Summer22MiniAODv4/TQbartoLNu-t-channel_TuneCP5_13p6TeV_powheg-pythia8/MINIAODSIM/130X_mcRun3_2022_realistic_v5-v2/130000/9afd12e7-14d1-4bf1-bfc5-2c3d1a87ac20.root
01-Feb-2025 17:02:52 CST  Initiating request to open file root://cmsxrootd.fnal.gov//store/mc/Run3Summer22MiniAODv4/TQbartoLNu-t-channel_TuneCP5_13p6TeV_powheg-pythia8/MINIAODSIM/130X_mcRun3_2022_realistic_v5-v2/130000/3dc79530-72b5-478c-a8e3-353466e5d0e9.root
01-Feb-2025 17:02:53 CST  Successfully opened file root://cmsxrootd.fnal.gov//store/mc/Run3Summer22MiniAODv4/TQbartoLNu-t-channel_TuneCP5_13p6TeV_powheg-pythia8/MINIAODSIM/130X_mcRun3_2022_realistic_v5-v2/130000/3dc79530-72b5-478c-a8e3-353466e5d0e9.root
01-Feb-2025 17:02:56 CST  Closed file root://cmsxrootd.fnal.gov//store/mc/Run3Summer22MiniAODv4/TQbartoLNu-t-channel_TuneCP5_13p6TeV_powheg-pythia8/MINIAODSIM/130X_mcRun3_2022_realistic_v5-v2/130000/3dc79530-72b5-478c-a8e3-353466e5d0e9.root
01-Feb-2025 17:02:56 CST  Initiating request to open file root://cmsxrootd.fnal.gov//store/mc/Run3Summer22MiniAODv4/TQbartoLNu-t-channel_TuneCP5_13p6TeV_powheg-pythia8/MINIAODSIM/130X_mcRun3_2022_realistic_v5-v2/130000/9d36b4e7-b48d-4394-a9c8-f9f48a9b2860.root
01-Feb-2025 17:02:57 CST  Successfully opened file root://cmsxrootd.fnal.gov//store/mc/Run3Summer22MiniAODv4/TQbartoLNu-t-channel_TuneCP5_13p6TeV_powheg-pythia8/MINIAODSIM/130X_mcRun3_2022_realistic_v5-v2/130000/9d36b4e7-b48d-4394-a9c8-f9f48a9b2860.root
    129.995942      0.212534      1.000000         10000
 
01-Feb-2025 17:03:02 CST  Closed file root://cmsxrootd.fnal.gov//store/mc/Run3Summer22MiniAODv4/TQbartoLNu-t-channel_TuneCP5_13p6TeV_powheg-pythia8/MINIAODSIM/130X_mcRun3_2022_realistic_v5-v2/130000/9d36b4e7-b48d-4394-a9c8-f9f48a9b2860.root

------------------------------------
GenXsecAnalyzer:
------------------------------------
-------------------------------------------------------------------------------------------------------------------------------------------------------------------------- 
Overall cross-section summary 
--------------------------------------------------------------------------------------------------------------------------------------------------------------------------
Process		xsec_before [pb]		passed	nposw	nnegw	tried	nposw	nnegw 	xsec_match [pb]			accepted [%]	 event_eff [%]
-------------------------------------------------------------------------------------------------------------------------------------------------------------------------- 
Total		1.300e+02 +/- 7.514e-02		2000275	1994919	5356	2000275	1994919	5356	1.300e+02 +/- 7.514e-02		100.0 +/- 0.0	100.0 +/- 0.0
--------------------------------------------------------------------------------------------------------------------------------------------------------------------------
Before matching: total cross section = 1.300e+02 +- 7.514e-02 pb
After matching: total cross section = 1.300e+02 +- 7.514e-02 pb
Matching efficiency = 1.0 +/- 0.0   [TO BE USED IN MCM]
Filter efficiency (taking into account weights)= (4.22577e+07) / (4.22577e+07) = 1.000e+00 +- 0.000e+00
Filter efficiency (event-level)= (1.0005e+06) / (1.0005e+06) = 1.000e+00 +- 0.000e+00    [TO BE USED IN MCM]

After filter: final cross section = 1.300e+02 +- 7.514e-02 pb
After filter: final fraction of events with negative weights = 2.678e-03 +- 1.089e-08
After filter: final equivalent lumi for 1M events (1/fb) = 7.610e+00 +- 8.743e-03
