01-Feb-2025 17:03:57 CST  Initiating request to open file root://cmsxrootd.fnal.gov//store/mc/Run3Summer22MiniAODv4/TTLL_MLL-50_TuneCP5_13p6TeV_amcatnlo-pythia8/MINIAODSIM/130X_mcRun3_2022_realistic_v5-v2/2520000/a3186f27-0d50-451b-a360-9a412db52bbd.root
01-Feb-2025 17:04:02 CST  Successfully opened file root://cmsxrootd.fnal.gov//store/mc/Run3Summer22MiniAODv4/TTLL_MLL-50_TuneCP5_13p6TeV_amcatnlo-pythia8/MINIAODSIM/130X_mcRun3_2022_realistic_v5-v2/2520000/a3186f27-0d50-451b-a360-9a412db52bbd.root
Begin processing the 1st record. Run 1, Event 2758, LumiSection 5 on stream 0 at 01-Feb-2025 17:04:05.774 CST
01-Feb-2025 17:04:06 CST  Closed file root://cmsxrootd.fnal.gov//store/mc/Run3Summer22MiniAODv4/TTLL_MLL-50_TuneCP5_13p6TeV_amcatnlo-pythia8/MINIAODSIM/130X_mcRun3_2022_realistic_v5-v2/2520000/a3186f27-0d50-451b-a360-9a412db52bbd.root
01-Feb-2025 17:04:06 CST  Initiating request to open file root://cmsxrootd.fnal.gov//store/mc/Run3Summer22MiniAODv4/TTLL_MLL-50_TuneCP5_13p6TeV_amcatnlo-pythia8/MINIAODSIM/130X_mcRun3_2022_realistic_v5-v2/2520000/f3dfd81e-2709-4289-93f4-ab87496f7e35.root
01-Feb-2025 17:04:09 CST  Successfully opened file root://cmsxrootd.fnal.gov//store/mc/Run3Summer22MiniAODv4/TTLL_MLL-50_TuneCP5_13p6TeV_amcatnlo-pythia8/MINIAODSIM/130X_mcRun3_2022_realistic_v5-v2/2520000/f3dfd81e-2709-4289-93f4-ab87496f7e35.root
01-Feb-2025 17:04:12 CST  Closed file root://cmsxrootd.fnal.gov//store/mc/Run3Summer22MiniAODv4/TTLL_MLL-50_TuneCP5_13p6TeV_amcatnlo-pythia8/MINIAODSIM/130X_mcRun3_2022_realistic_v5-v2/2520000/f3dfd81e-2709-4289-93f4-ab87496f7e35.root
01-Feb-2025 17:04:12 CST  Initiating request to open file root://cmsxrootd.fnal.gov//store/mc/Run3Summer22MiniAODv4/TTLL_MLL-50_TuneCP5_13p6TeV_amcatnlo-pythia8/MINIAODSIM/130X_mcRun3_2022_realistic_v5-v2/2520000/cdbf5288-163f-47b0-a79f-639432ec6852.root
01-Feb-2025 17:04:15 CST  Successfully opened file root://cmsxrootd.fnal.gov//store/mc/Run3Summer22MiniAODv4/TTLL_MLL-50_TuneCP5_13p6TeV_amcatnlo-pythia8/MINIAODSIM/130X_mcRun3_2022_realistic_v5-v2/2520000/cdbf5288-163f-47b0-a79f-639432ec6852.root
01-Feb-2025 17:04:18 CST  Closed file root://cmsxrootd.fnal.gov//store/mc/Run3Summer22MiniAODv4/TTLL_MLL-50_TuneCP5_13p6TeV_amcatnlo-pythia8/MINIAODSIM/130X_mcRun3_2022_realistic_v5-v2/2520000/cdbf5288-163f-47b0-a79f-639432ec6852.root
01-Feb-2025 17:04:18 CST  Initiating request to open file root://cmsxrootd.fnal.gov//store/mc/Run3Summer22MiniAODv4/TTLL_MLL-50_TuneCP5_13p6TeV_amcatnlo-pythia8/MINIAODSIM/130X_mcRun3_2022_realistic_v5-v2/30000/2f787c48-ea13-443b-96b5-c80be924a0a0.root
01-Feb-2025 17:04:20 CST  Successfully opened file root://cmsxrootd.fnal.gov//store/mc/Run3Summer22MiniAODv4/TTLL_MLL-50_TuneCP5_13p6TeV_amcatnlo-pythia8/MINIAODSIM/130X_mcRun3_2022_realistic_v5-v2/30000/2f787c48-ea13-443b-96b5-c80be924a0a0.root
Begin processing the 100001st record. Run 1, Event 64479, LumiSection 94 on stream 0 at 01-Feb-2025 17:04:23.495 CST
01-Feb-2025 17:04:23 CST  Closed file root://cmsxrootd.fnal.gov//store/mc/Run3Summer22MiniAODv4/TTLL_MLL-50_TuneCP5_13p6TeV_amcatnlo-pythia8/MINIAODSIM/130X_mcRun3_2022_realistic_v5-v2/30000/2f787c48-ea13-443b-96b5-c80be924a0a0.root
01-Feb-2025 17:04:23 CST  Initiating request to open file root://cmsxrootd.fnal.gov//store/mc/Run3Summer22MiniAODv4/TTLL_MLL-50_TuneCP5_13p6TeV_amcatnlo-pythia8/MINIAODSIM/130X_mcRun3_2022_realistic_v5-v2/30000/fa3a2ebd-aa9e-4a03-84f9-189a4d085554.root
01-Feb-2025 17:04:26 CST  Successfully opened file root://cmsxrootd.fnal.gov//store/mc/Run3Summer22MiniAODv4/TTLL_MLL-50_TuneCP5_13p6TeV_amcatnlo-pythia8/MINIAODSIM/130X_mcRun3_2022_realistic_v5-v2/30000/fa3a2ebd-aa9e-4a03-84f9-189a4d085554.root
01-Feb-2025 17:04:30 CST  Closed file root://cmsxrootd.fnal.gov//store/mc/Run3Summer22MiniAODv4/TTLL_MLL-50_TuneCP5_13p6TeV_amcatnlo-pythia8/MINIAODSIM/130X_mcRun3_2022_realistic_v5-v2/30000/fa3a2ebd-aa9e-4a03-84f9-189a4d085554.root
01-Feb-2025 17:04:30 CST  Initiating request to open file root://cmsxrootd.fnal.gov//store/mc/Run3Summer22MiniAODv4/TTLL_MLL-50_TuneCP5_13p6TeV_amcatnlo-pythia8/MINIAODSIM/130X_mcRun3_2022_realistic_v5-v2/30000/dbe7a94a-4d93-437d-bd42-8be7cb5e6bde.root
01-Feb-2025 17:04:32 CST  Successfully opened file root://cmsxrootd.fnal.gov//store/mc/Run3Summer22MiniAODv4/TTLL_MLL-50_TuneCP5_13p6TeV_amcatnlo-pythia8/MINIAODSIM/130X_mcRun3_2022_realistic_v5-v2/30000/dbe7a94a-4d93-437d-bd42-8be7cb5e6bde.root
01-Feb-2025 17:04:35 CST  Closed file root://cmsxrootd.fnal.gov//store/mc/Run3Summer22MiniAODv4/TTLL_MLL-50_TuneCP5_13p6TeV_amcatnlo-pythia8/MINIAODSIM/130X_mcRun3_2022_realistic_v5-v2/30000/dbe7a94a-4d93-437d-bd42-8be7cb5e6bde.root
01-Feb-2025 17:04:35 CST  Initiating request to open file root://cmsxrootd.fnal.gov//store/mc/Run3Summer22MiniAODv4/TTLL_MLL-50_TuneCP5_13p6TeV_amcatnlo-pythia8/MINIAODSIM/130X_mcRun3_2022_realistic_v5-v2/2520000/e1404ef5-86fa-4c13-ab26-79756922bdc8.root
01-Feb-2025 17:04:38 CST  Successfully opened file root://cmsxrootd.fnal.gov//store/mc/Run3Summer22MiniAODv4/TTLL_MLL-50_TuneCP5_13p6TeV_amcatnlo-pythia8/MINIAODSIM/130X_mcRun3_2022_realistic_v5-v2/2520000/e1404ef5-86fa-4c13-ab26-79756922bdc8.root
01-Feb-2025 17:04:41 CST  Closed file root://cmsxrootd.fnal.gov//store/mc/Run3Summer22MiniAODv4/TTLL_MLL-50_TuneCP5_13p6TeV_amcatnlo-pythia8/MINIAODSIM/130X_mcRun3_2022_realistic_v5-v2/2520000/e1404ef5-86fa-4c13-ab26-79756922bdc8.root
01-Feb-2025 17:04:41 CST  Initiating request to open file root://cmsxrootd.fnal.gov//store/mc/Run3Summer22MiniAODv4/TTLL_MLL-50_TuneCP5_13p6TeV_amcatnlo-pythia8/MINIAODSIM/130X_mcRun3_2022_realistic_v5-v2/50000/75966755-350c-4c66-b8ab-0ce97bb0e97d.root
01-Feb-2025 17:04:43 CST  Successfully opened file root://cmsxrootd.fnal.gov//store/mc/Run3Summer22MiniAODv4/TTLL_MLL-50_TuneCP5_13p6TeV_amcatnlo-pythia8/MINIAODSIM/130X_mcRun3_2022_realistic_v5-v2/50000/75966755-350c-4c66-b8ab-0ce97bb0e97d.root
Begin processing the 200001st record. Run 1, Event 257501, LumiSection 374 on stream 0 at 01-Feb-2025 17:04:46.246 CST
01-Feb-2025 17:04:46 CST  Closed file root://cmsxrootd.fnal.gov//store/mc/Run3Summer22MiniAODv4/TTLL_MLL-50_TuneCP5_13p6TeV_amcatnlo-pythia8/MINIAODSIM/130X_mcRun3_2022_realistic_v5-v2/50000/75966755-350c-4c66-b8ab-0ce97bb0e97d.root
01-Feb-2025 17:04:46 CST  Initiating request to open file root://cmsxrootd.fnal.gov//store/mc/Run3Summer22MiniAODv4/TTLL_MLL-50_TuneCP5_13p6TeV_amcatnlo-pythia8/MINIAODSIM/130X_mcRun3_2022_realistic_v5-v2/30000/4731841a-92ab-4ffb-9026-656b2d96a421.root
01-Feb-2025 17:04:49 CST  Successfully opened file root://cmsxrootd.fnal.gov//store/mc/Run3Summer22MiniAODv4/TTLL_MLL-50_TuneCP5_13p6TeV_amcatnlo-pythia8/MINIAODSIM/130X_mcRun3_2022_realistic_v5-v2/30000/4731841a-92ab-4ffb-9026-656b2d96a421.root
01-Feb-2025 17:04:52 CST  Closed file root://cmsxrootd.fnal.gov//store/mc/Run3Summer22MiniAODv4/TTLL_MLL-50_TuneCP5_13p6TeV_amcatnlo-pythia8/MINIAODSIM/130X_mcRun3_2022_realistic_v5-v2/30000/4731841a-92ab-4ffb-9026-656b2d96a421.root
01-Feb-2025 17:04:52 CST  Initiating request to open file root://cmsxrootd.fnal.gov//store/mc/Run3Summer22MiniAODv4/TTLL_MLL-50_TuneCP5_13p6TeV_amcatnlo-pythia8/MINIAODSIM/130X_mcRun3_2022_realistic_v5-v2/40000/a777b6e4-85f3-4580-922b-2c342be6a509.root
01-Feb-2025 17:04:54 CST  Successfully opened file root://cmsxrootd.fnal.gov//store/mc/Run3Summer22MiniAODv4/TTLL_MLL-50_TuneCP5_13p6TeV_amcatnlo-pythia8/MINIAODSIM/130X_mcRun3_2022_realistic_v5-v2/40000/a777b6e4-85f3-4580-922b-2c342be6a509.root
01-Feb-2025 17:04:57 CST  Closed file root://cmsxrootd.fnal.gov//store/mc/Run3Summer22MiniAODv4/TTLL_MLL-50_TuneCP5_13p6TeV_amcatnlo-pythia8/MINIAODSIM/130X_mcRun3_2022_realistic_v5-v2/40000/a777b6e4-85f3-4580-922b-2c342be6a509.root
01-Feb-2025 17:04:57 CST  Initiating request to open file root://cmsxrootd.fnal.gov//store/mc/Run3Summer22MiniAODv4/TTLL_MLL-50_TuneCP5_13p6TeV_amcatnlo-pythia8/MINIAODSIM/130X_mcRun3_2022_realistic_v5-v2/2530000/ef9df22d-0cac-48d1-b81b-06fe07237de4.root
01-Feb-2025 17:04:59 CST  Successfully opened file root://cmsxrootd.fnal.gov//store/mc/Run3Summer22MiniAODv4/TTLL_MLL-50_TuneCP5_13p6TeV_amcatnlo-pythia8/MINIAODSIM/130X_mcRun3_2022_realistic_v5-v2/2530000/ef9df22d-0cac-48d1-b81b-06fe07237de4.root
01-Feb-2025 17:05:02 CST  Closed file root://cmsxrootd.fnal.gov//store/mc/Run3Summer22MiniAODv4/TTLL_MLL-50_TuneCP5_13p6TeV_amcatnlo-pythia8/MINIAODSIM/130X_mcRun3_2022_realistic_v5-v2/2530000/ef9df22d-0cac-48d1-b81b-06fe07237de4.root
01-Feb-2025 17:05:02 CST  Initiating request to open file root://cmsxrootd.fnal.gov//store/mc/Run3Summer22MiniAODv4/TTLL_MLL-50_TuneCP5_13p6TeV_amcatnlo-pythia8/MINIAODSIM/130X_mcRun3_2022_realistic_v5-v2/50000/d80c505f-e714-4e81-bf77-46f7e73aa324.root
01-Feb-2025 17:05:05 CST  Successfully opened file root://cmsxrootd.fnal.gov//store/mc/Run3Summer22MiniAODv4/TTLL_MLL-50_TuneCP5_13p6TeV_amcatnlo-pythia8/MINIAODSIM/130X_mcRun3_2022_realistic_v5-v2/50000/d80c505f-e714-4e81-bf77-46f7e73aa324.root
01-Feb-2025 17:05:07 CST  Closed file root://cmsxrootd.fnal.gov//store/mc/Run3Summer22MiniAODv4/TTLL_MLL-50_TuneCP5_13p6TeV_amcatnlo-pythia8/MINIAODSIM/130X_mcRun3_2022_realistic_v5-v2/50000/d80c505f-e714-4e81-bf77-46f7e73aa324.root
01-Feb-2025 17:05:07 CST  Initiating request to open file root://cmsxrootd.fnal.gov//store/mc/Run3Summer22MiniAODv4/TTLL_MLL-50_TuneCP5_13p6TeV_amcatnlo-pythia8/MINIAODSIM/130X_mcRun3_2022_realistic_v5-v2/2520000/d601cd82-2553-466f-a4b3-54e3c6c5b0ab.root
01-Feb-2025 17:05:09 CST  Successfully opened file root://cmsxrootd.fnal.gov//store/mc/Run3Summer22MiniAODv4/TTLL_MLL-50_TuneCP5_13p6TeV_amcatnlo-pythia8/MINIAODSIM/130X_mcRun3_2022_realistic_v5-v2/2520000/d601cd82-2553-466f-a4b3-54e3c6c5b0ab.root
01-Feb-2025 17:05:12 CST  Closed file root://cmsxrootd.fnal.gov//store/mc/Run3Summer22MiniAODv4/TTLL_MLL-50_TuneCP5_13p6TeV_amcatnlo-pythia8/MINIAODSIM/130X_mcRun3_2022_realistic_v5-v2/2520000/d601cd82-2553-466f-a4b3-54e3c6c5b0ab.root
01-Feb-2025 17:05:12 CST  Initiating request to open file root://cmsxrootd.fnal.gov//store/mc/Run3Summer22MiniAODv4/TTLL_MLL-50_TuneCP5_13p6TeV_amcatnlo-pythia8/MINIAODSIM/130X_mcRun3_2022_realistic_v5-v2/2520000/49f61ad5-451d-482a-8925-aa0c6474085e.root
01-Feb-2025 17:05:15 CST  Successfully opened file root://cmsxrootd.fnal.gov//store/mc/Run3Summer22MiniAODv4/TTLL_MLL-50_TuneCP5_13p6TeV_amcatnlo-pythia8/MINIAODSIM/130X_mcRun3_2022_realistic_v5-v2/2520000/49f61ad5-451d-482a-8925-aa0c6474085e.root
01-Feb-2025 17:05:17 CST  Closed file root://cmsxrootd.fnal.gov//store/mc/Run3Summer22MiniAODv4/TTLL_MLL-50_TuneCP5_13p6TeV_amcatnlo-pythia8/MINIAODSIM/130X_mcRun3_2022_realistic_v5-v2/2520000/49f61ad5-451d-482a-8925-aa0c6474085e.root
01-Feb-2025 17:05:17 CST  Initiating request to open file root://cmsxrootd.fnal.gov//store/mc/Run3Summer22MiniAODv4/TTLL_MLL-50_TuneCP5_13p6TeV_amcatnlo-pythia8/MINIAODSIM/130X_mcRun3_2022_realistic_v5-v2/50000/44e1b843-513d-4b65-9b6c-1e4543d37970.root
01-Feb-2025 17:05:20 CST  Successfully opened file root://cmsxrootd.fnal.gov//store/mc/Run3Summer22MiniAODv4/TTLL_MLL-50_TuneCP5_13p6TeV_amcatnlo-pythia8/MINIAODSIM/130X_mcRun3_2022_realistic_v5-v2/50000/44e1b843-513d-4b65-9b6c-1e4543d37970.root
01-Feb-2025 17:05:23 CST  Closed file root://cmsxrootd.fnal.gov//store/mc/Run3Summer22MiniAODv4/TTLL_MLL-50_TuneCP5_13p6TeV_amcatnlo-pythia8/MINIAODSIM/130X_mcRun3_2022_realistic_v5-v2/50000/44e1b843-513d-4b65-9b6c-1e4543d37970.root
01-Feb-2025 17:05:23 CST  Initiating request to open file root://cmsxrootd.fnal.gov//store/mc/Run3Summer22MiniAODv4/TTLL_MLL-50_TuneCP5_13p6TeV_amcatnlo-pythia8/MINIAODSIM/130X_mcRun3_2022_realistic_v5-v2/50000/6f81885e-c759-4846-8782-106de8f624de.root
01-Feb-2025 17:05:26 CST  Successfully opened file root://cmsxrootd.fnal.gov//store/mc/Run3Summer22MiniAODv4/TTLL_MLL-50_TuneCP5_13p6TeV_amcatnlo-pythia8/MINIAODSIM/130X_mcRun3_2022_realistic_v5-v2/50000/6f81885e-c759-4846-8782-106de8f624de.root
01-Feb-2025 17:05:29 CST  Closed file root://cmsxrootd.fnal.gov//store/mc/Run3Summer22MiniAODv4/TTLL_MLL-50_TuneCP5_13p6TeV_amcatnlo-pythia8/MINIAODSIM/130X_mcRun3_2022_realistic_v5-v2/50000/6f81885e-c759-4846-8782-106de8f624de.root
01-Feb-2025 17:05:29 CST  Initiating request to open file root://cmsxrootd.fnal.gov//store/mc/Run3Summer22MiniAODv4/TTLL_MLL-50_TuneCP5_13p6TeV_amcatnlo-pythia8/MINIAODSIM/130X_mcRun3_2022_realistic_v5-v2/50000/55e80b8f-72ff-482c-b0ab-3f8da8eba60f.root
01-Feb-2025 17:05:31 CST  Successfully opened file root://cmsxrootd.fnal.gov//store/mc/Run3Summer22MiniAODv4/TTLL_MLL-50_TuneCP5_13p6TeV_amcatnlo-pythia8/MINIAODSIM/130X_mcRun3_2022_realistic_v5-v2/50000/55e80b8f-72ff-482c-b0ab-3f8da8eba60f.root
01-Feb-2025 17:05:33 CST  Closed file root://cmsxrootd.fnal.gov//store/mc/Run3Summer22MiniAODv4/TTLL_MLL-50_TuneCP5_13p6TeV_amcatnlo-pythia8/MINIAODSIM/130X_mcRun3_2022_realistic_v5-v2/50000/55e80b8f-72ff-482c-b0ab-3f8da8eba60f.root
01-Feb-2025 17:05:33 CST  Initiating request to open file root://cmsxrootd.fnal.gov//store/mc/Run3Summer22MiniAODv4/TTLL_MLL-50_TuneCP5_13p6TeV_amcatnlo-pythia8/MINIAODSIM/130X_mcRun3_2022_realistic_v5-v2/50000/ccf3cfc3-148c-4043-abdf-b9d86a80bab8.root
01-Feb-2025 17:05:36 CST  Successfully opened file root://cmsxrootd.fnal.gov//store/mc/Run3Summer22MiniAODv4/TTLL_MLL-50_TuneCP5_13p6TeV_amcatnlo-pythia8/MINIAODSIM/130X_mcRun3_2022_realistic_v5-v2/50000/ccf3cfc3-148c-4043-abdf-b9d86a80bab8.root
Begin processing the 300001st record. Run 1, Event 277572, LumiSection 403 on stream 0 at 01-Feb-2025 17:05:39.428 CST
01-Feb-2025 17:05:39 CST  Closed file root://cmsxrootd.fnal.gov//store/mc/Run3Summer22MiniAODv4/TTLL_MLL-50_TuneCP5_13p6TeV_amcatnlo-pythia8/MINIAODSIM/130X_mcRun3_2022_realistic_v5-v2/50000/ccf3cfc3-148c-4043-abdf-b9d86a80bab8.root
01-Feb-2025 17:05:39 CST  Initiating request to open file root://cmsxrootd.fnal.gov//store/mc/Run3Summer22MiniAODv4/TTLL_MLL-50_TuneCP5_13p6TeV_amcatnlo-pythia8/MINIAODSIM/130X_mcRun3_2022_realistic_v5-v2/2520000/f32dd83d-2bca-4446-9fd5-c2f9c7ad7924.root
01-Feb-2025 17:05:42 CST  Successfully opened file root://cmsxrootd.fnal.gov//store/mc/Run3Summer22MiniAODv4/TTLL_MLL-50_TuneCP5_13p6TeV_amcatnlo-pythia8/MINIAODSIM/130X_mcRun3_2022_realistic_v5-v2/2520000/f32dd83d-2bca-4446-9fd5-c2f9c7ad7924.root
01-Feb-2025 17:05:44 CST  Closed file root://cmsxrootd.fnal.gov//store/mc/Run3Summer22MiniAODv4/TTLL_MLL-50_TuneCP5_13p6TeV_amcatnlo-pythia8/MINIAODSIM/130X_mcRun3_2022_realistic_v5-v2/2520000/f32dd83d-2bca-4446-9fd5-c2f9c7ad7924.root
01-Feb-2025 17:05:44 CST  Initiating request to open file root://cmsxrootd.fnal.gov//store/mc/Run3Summer22MiniAODv4/TTLL_MLL-50_TuneCP5_13p6TeV_amcatnlo-pythia8/MINIAODSIM/130X_mcRun3_2022_realistic_v5-v2/2520000/410b46cd-6918-43e8-9245-6d02728f0227.root
01-Feb-2025 17:05:47 CST  Successfully opened file root://cmsxrootd.fnal.gov//store/mc/Run3Summer22MiniAODv4/TTLL_MLL-50_TuneCP5_13p6TeV_amcatnlo-pythia8/MINIAODSIM/130X_mcRun3_2022_realistic_v5-v2/2520000/410b46cd-6918-43e8-9245-6d02728f0227.root
01-Feb-2025 17:05:49 CST  Closed file root://cmsxrootd.fnal.gov//store/mc/Run3Summer22MiniAODv4/TTLL_MLL-50_TuneCP5_13p6TeV_amcatnlo-pythia8/MINIAODSIM/130X_mcRun3_2022_realistic_v5-v2/2520000/410b46cd-6918-43e8-9245-6d02728f0227.root
01-Feb-2025 17:05:49 CST  Initiating request to open file root://cmsxrootd.fnal.gov//store/mc/Run3Summer22MiniAODv4/TTLL_MLL-50_TuneCP5_13p6TeV_amcatnlo-pythia8/MINIAODSIM/130X_mcRun3_2022_realistic_v5-v2/2530000/ae6b3854-d216-495b-8aef-9f48cc6eb941.root
01-Feb-2025 17:05:52 CST  Successfully opened file root://cmsxrootd.fnal.gov//store/mc/Run3Summer22MiniAODv4/TTLL_MLL-50_TuneCP5_13p6TeV_amcatnlo-pythia8/MINIAODSIM/130X_mcRun3_2022_realistic_v5-v2/2530000/ae6b3854-d216-495b-8aef-9f48cc6eb941.root
01-Feb-2025 17:05:54 CST  Closed file root://cmsxrootd.fnal.gov//store/mc/Run3Summer22MiniAODv4/TTLL_MLL-50_TuneCP5_13p6TeV_amcatnlo-pythia8/MINIAODSIM/130X_mcRun3_2022_realistic_v5-v2/2530000/ae6b3854-d216-495b-8aef-9f48cc6eb941.root
01-Feb-2025 17:05:54 CST  Initiating request to open file root://cmsxrootd.fnal.gov//store/mc/Run3Summer22MiniAODv4/TTLL_MLL-50_TuneCP5_13p6TeV_amcatnlo-pythia8/MINIAODSIM/130X_mcRun3_2022_realistic_v5-v2/2530000/f0546560-f326-4485-84c3-fc6557ec119e.root
01-Feb-2025 17:05:57 CST  Successfully opened file root://cmsxrootd.fnal.gov//store/mc/Run3Summer22MiniAODv4/TTLL_MLL-50_TuneCP5_13p6TeV_amcatnlo-pythia8/MINIAODSIM/130X_mcRun3_2022_realistic_v5-v2/2530000/f0546560-f326-4485-84c3-fc6557ec119e.root
01-Feb-2025 17:05:59 CST  Closed file root://cmsxrootd.fnal.gov//store/mc/Run3Summer22MiniAODv4/TTLL_MLL-50_TuneCP5_13p6TeV_amcatnlo-pythia8/MINIAODSIM/130X_mcRun3_2022_realistic_v5-v2/2530000/f0546560-f326-4485-84c3-fc6557ec119e.root
01-Feb-2025 17:05:59 CST  Initiating request to open file root://cmsxrootd.fnal.gov//store/mc/Run3Summer22MiniAODv4/TTLL_MLL-50_TuneCP5_13p6TeV_amcatnlo-pythia8/MINIAODSIM/130X_mcRun3_2022_realistic_v5-v2/50000/762b5977-af54-415f-91f0-2e2bc87902fd.root
01-Feb-2025 17:06:02 CST  Successfully opened file root://cmsxrootd.fnal.gov//store/mc/Run3Summer22MiniAODv4/TTLL_MLL-50_TuneCP5_13p6TeV_amcatnlo-pythia8/MINIAODSIM/130X_mcRun3_2022_realistic_v5-v2/50000/762b5977-af54-415f-91f0-2e2bc87902fd.root
01-Feb-2025 17:06:05 CST  Closed file root://cmsxrootd.fnal.gov//store/mc/Run3Summer22MiniAODv4/TTLL_MLL-50_TuneCP5_13p6TeV_amcatnlo-pythia8/MINIAODSIM/130X_mcRun3_2022_realistic_v5-v2/50000/762b5977-af54-415f-91f0-2e2bc87902fd.root
01-Feb-2025 17:06:05 CST  Initiating request to open file root://cmsxrootd.fnal.gov//store/mc/Run3Summer22MiniAODv4/TTLL_MLL-50_TuneCP5_13p6TeV_amcatnlo-pythia8/MINIAODSIM/130X_mcRun3_2022_realistic_v5-v2/2530000/945afcea-3172-490a-964c-afdecbca3cf4.root
01-Feb-2025 17:06:07 CST  Successfully opened file root://cmsxrootd.fnal.gov//store/mc/Run3Summer22MiniAODv4/TTLL_MLL-50_TuneCP5_13p6TeV_amcatnlo-pythia8/MINIAODSIM/130X_mcRun3_2022_realistic_v5-v2/2530000/945afcea-3172-490a-964c-afdecbca3cf4.root
01-Feb-2025 17:06:09 CST  Closed file root://cmsxrootd.fnal.gov//store/mc/Run3Summer22MiniAODv4/TTLL_MLL-50_TuneCP5_13p6TeV_amcatnlo-pythia8/MINIAODSIM/130X_mcRun3_2022_realistic_v5-v2/2530000/945afcea-3172-490a-964c-afdecbca3cf4.root
01-Feb-2025 17:06:09 CST  Initiating request to open file root://cmsxrootd.fnal.gov//store/mc/Run3Summer22MiniAODv4/TTLL_MLL-50_TuneCP5_13p6TeV_amcatnlo-pythia8/MINIAODSIM/130X_mcRun3_2022_realistic_v5-v2/2530000/8b4548da-1bc7-423d-a713-5d1d649a1550.root
01-Feb-2025 17:06:12 CST  Successfully opened file root://cmsxrootd.fnal.gov//store/mc/Run3Summer22MiniAODv4/TTLL_MLL-50_TuneCP5_13p6TeV_amcatnlo-pythia8/MINIAODSIM/130X_mcRun3_2022_realistic_v5-v2/2530000/8b4548da-1bc7-423d-a713-5d1d649a1550.root
01-Feb-2025 17:06:15 CST  Closed file root://cmsxrootd.fnal.gov//store/mc/Run3Summer22MiniAODv4/TTLL_MLL-50_TuneCP5_13p6TeV_amcatnlo-pythia8/MINIAODSIM/130X_mcRun3_2022_realistic_v5-v2/2530000/8b4548da-1bc7-423d-a713-5d1d649a1550.root
01-Feb-2025 17:06:15 CST  Initiating request to open file root://cmsxrootd.fnal.gov//store/mc/Run3Summer22MiniAODv4/TTLL_MLL-50_TuneCP5_13p6TeV_amcatnlo-pythia8/MINIAODSIM/130X_mcRun3_2022_realistic_v5-v2/2530000/2bb7f6f0-cc46-47f2-bde0-c64c8837ef3c.root
01-Feb-2025 17:06:17 CST  Successfully opened file root://cmsxrootd.fnal.gov//store/mc/Run3Summer22MiniAODv4/TTLL_MLL-50_TuneCP5_13p6TeV_amcatnlo-pythia8/MINIAODSIM/130X_mcRun3_2022_realistic_v5-v2/2530000/2bb7f6f0-cc46-47f2-bde0-c64c8837ef3c.root
01-Feb-2025 17:06:20 CST  Closed file root://cmsxrootd.fnal.gov//store/mc/Run3Summer22MiniAODv4/TTLL_MLL-50_TuneCP5_13p6TeV_amcatnlo-pythia8/MINIAODSIM/130X_mcRun3_2022_realistic_v5-v2/2530000/2bb7f6f0-cc46-47f2-bde0-c64c8837ef3c.root
01-Feb-2025 17:06:20 CST  Initiating request to open file root://cmsxrootd.fnal.gov//store/mc/Run3Summer22MiniAODv4/TTLL_MLL-50_TuneCP5_13p6TeV_amcatnlo-pythia8/MINIAODSIM/130X_mcRun3_2022_realistic_v5-v2/30000/001a24be-8bcb-49c2-a627-7fde0a3a6f31.root
01-Feb-2025 17:06:22 CST  Successfully opened file root://cmsxrootd.fnal.gov//store/mc/Run3Summer22MiniAODv4/TTLL_MLL-50_TuneCP5_13p6TeV_amcatnlo-pythia8/MINIAODSIM/130X_mcRun3_2022_realistic_v5-v2/30000/001a24be-8bcb-49c2-a627-7fde0a3a6f31.root
01-Feb-2025 17:06:25 CST  Closed file root://cmsxrootd.fnal.gov//store/mc/Run3Summer22MiniAODv4/TTLL_MLL-50_TuneCP5_13p6TeV_amcatnlo-pythia8/MINIAODSIM/130X_mcRun3_2022_realistic_v5-v2/30000/001a24be-8bcb-49c2-a627-7fde0a3a6f31.root
01-Feb-2025 17:06:25 CST  Initiating request to open file root://cmsxrootd.fnal.gov//store/mc/Run3Summer22MiniAODv4/TTLL_MLL-50_TuneCP5_13p6TeV_amcatnlo-pythia8/MINIAODSIM/130X_mcRun3_2022_realistic_v5-v2/2540000/4e1da14a-5e42-4534-a445-5375a5ae157f.root
01-Feb-2025 17:06:27 CST  Successfully opened file root://cmsxrootd.fnal.gov//store/mc/Run3Summer22MiniAODv4/TTLL_MLL-50_TuneCP5_13p6TeV_amcatnlo-pythia8/MINIAODSIM/130X_mcRun3_2022_realistic_v5-v2/2540000/4e1da14a-5e42-4534-a445-5375a5ae157f.root
01-Feb-2025 17:06:29 CST  Closed file root://cmsxrootd.fnal.gov//store/mc/Run3Summer22MiniAODv4/TTLL_MLL-50_TuneCP5_13p6TeV_amcatnlo-pythia8/MINIAODSIM/130X_mcRun3_2022_realistic_v5-v2/2540000/4e1da14a-5e42-4534-a445-5375a5ae157f.root
01-Feb-2025 17:06:29 CST  Initiating request to open file root://cmsxrootd.fnal.gov//store/mc/Run3Summer22MiniAODv4/TTLL_MLL-50_TuneCP5_13p6TeV_amcatnlo-pythia8/MINIAODSIM/130X_mcRun3_2022_realistic_v5-v2/30000/a34f627e-8d49-423d-8b41-2d89050c4f83.root
01-Feb-2025 17:06:32 CST  Successfully opened file root://cmsxrootd.fnal.gov//store/mc/Run3Summer22MiniAODv4/TTLL_MLL-50_TuneCP5_13p6TeV_amcatnlo-pythia8/MINIAODSIM/130X_mcRun3_2022_realistic_v5-v2/30000/a34f627e-8d49-423d-8b41-2d89050c4f83.root
01-Feb-2025 17:06:34 CST  Closed file root://cmsxrootd.fnal.gov//store/mc/Run3Summer22MiniAODv4/TTLL_MLL-50_TuneCP5_13p6TeV_amcatnlo-pythia8/MINIAODSIM/130X_mcRun3_2022_realistic_v5-v2/30000/a34f627e-8d49-423d-8b41-2d89050c4f83.root
01-Feb-2025 17:06:34 CST  Initiating request to open file root://cmsxrootd.fnal.gov//store/mc/Run3Summer22MiniAODv4/TTLL_MLL-50_TuneCP5_13p6TeV_amcatnlo-pythia8/MINIAODSIM/130X_mcRun3_2022_realistic_v5-v2/2550000/ca0b46f5-9b23-46d1-81ed-245ca78fe0a9.root
01-Feb-2025 17:06:37 CST  Successfully opened file root://cmsxrootd.fnal.gov//store/mc/Run3Summer22MiniAODv4/TTLL_MLL-50_TuneCP5_13p6TeV_amcatnlo-pythia8/MINIAODSIM/130X_mcRun3_2022_realistic_v5-v2/2550000/ca0b46f5-9b23-46d1-81ed-245ca78fe0a9.root
      0.086461      0.000110      0.165939             0
 
01-Feb-2025 17:06:39 CST  Closed file root://cmsxrootd.fnal.gov//store/mc/Run3Summer22MiniAODv4/TTLL_MLL-50_TuneCP5_13p6TeV_amcatnlo-pythia8/MINIAODSIM/130X_mcRun3_2022_realistic_v5-v2/2550000/ca0b46f5-9b23-46d1-81ed-245ca78fe0a9.root

------------------------------------
GenXsecAnalyzer:
------------------------------------
-------------------------------------------------------------------------------------------------------------------------------------------------------------------------- 
Overall cross-section summary 
--------------------------------------------------------------------------------------------------------------------------------------------------------------------------
Process		xsec_before [pb]		passed	nposw	nnegw	tried	nposw	nnegw 	xsec_match [pb]			accepted [%]	 event_eff [%]
0		8.646e-02 +/- 5.520e-05		400000	304368	95632	400000	304368	95632	8.646e-02 +/- 5.520e-05		100.0 +/- 0.0	100.0 +/- 0.0
-------------------------------------------------------------------------------------------------------------------------------------------------------------------------- 
Total		8.646e-02 +/- 5.520e-05		400000	304368	95632	400000	304368	95632	8.646e-02 +/- 5.520e-05		100.0 +/- 0.0	100.0 +/- 0.0
--------------------------------------------------------------------------------------------------------------------------------------------------------------------------
Before matching: total cross section = 8.646e-02 +- 5.520e-05 pb
After matching: total cross section = 8.646e-02 +- 5.520e-05 pb
Matching efficiency = 1.0 +/- 0.0   [TO BE USED IN MCM]
Filter efficiency (taking into account weights)= (34637.4) / (34637.4) = 1.000e+00 +- 0.000e+00
Filter efficiency (event-level)= (400000) / (400000) = 1.000e+00 +- 0.000e+00    [TO BE USED IN MCM]

After filter: final cross section = 8.646e-02 +- 5.520e-05 pb
After filter: final fraction of events with negative weights = 2.391e-01 +- 8.208e-05
After filter: final equivalent lumi for 1M events (1/fb) = 3.150e+03 +- 2.207e+00
