01-Feb-2025 17:06:41 CST  Initiating request to open file root://cmsxrootd.fnal.gov//store/mc/Run3Summer22MiniAODv4/TTLNu-1Jets_TuneCP5_13p6TeV_amcatnloFXFX-pythia8/MINIAODSIM/130X_mcRun3_2022_realistic_v5-v1/2560000/7a2fae0b-22e9-490b-b29a-564abd99cc25.root
01-Feb-2025 17:06:47 CST  Successfully opened file root://cmsxrootd.fnal.gov//store/mc/Run3Summer22MiniAODv4/TTLNu-1Jets_TuneCP5_13p6TeV_amcatnloFXFX-pythia8/MINIAODSIM/130X_mcRun3_2022_realistic_v5-v1/2560000/7a2fae0b-22e9-490b-b29a-564abd99cc25.root
Begin processing the 1st record. Run 1, Event 32006, LumiSection 33 on stream 0 at 01-Feb-2025 17:06:50.816 CST
01-Feb-2025 17:06:51 CST  Closed file root://cmsxrootd.fnal.gov//store/mc/Run3Summer22MiniAODv4/TTLNu-1Jets_TuneCP5_13p6TeV_amcatnloFXFX-pythia8/MINIAODSIM/130X_mcRun3_2022_realistic_v5-v1/2560000/7a2fae0b-22e9-490b-b29a-564abd99cc25.root
01-Feb-2025 17:06:51 CST  Initiating request to open file root://cmsxrootd.fnal.gov//store/mc/Run3Summer22MiniAODv4/TTLNu-1Jets_TuneCP5_13p6TeV_amcatnloFXFX-pythia8/MINIAODSIM/130X_mcRun3_2022_realistic_v5-v1/2560000/27c83b52-2ec4-4850-9936-68d2bc9e59fb.root
01-Feb-2025 17:06:54 CST  Successfully opened file root://cmsxrootd.fnal.gov//store/mc/Run3Summer22MiniAODv4/TTLNu-1Jets_TuneCP5_13p6TeV_amcatnloFXFX-pythia8/MINIAODSIM/130X_mcRun3_2022_realistic_v5-v1/2560000/27c83b52-2ec4-4850-9936-68d2bc9e59fb.root
01-Feb-2025 17:06:57 CST  Closed file root://cmsxrootd.fnal.gov//store/mc/Run3Summer22MiniAODv4/TTLNu-1Jets_TuneCP5_13p6TeV_amcatnloFXFX-pythia8/MINIAODSIM/130X_mcRun3_2022_realistic_v5-v1/2560000/27c83b52-2ec4-4850-9936-68d2bc9e59fb.root
01-Feb-2025 17:06:57 CST  Initiating request to open file root://cmsxrootd.fnal.gov//store/mc/Run3Summer22MiniAODv4/TTLNu-1Jets_TuneCP5_13p6TeV_amcatnloFXFX-pythia8/MINIAODSIM/130X_mcRun3_2022_realistic_v5-v1/2560000/5acde7b5-3e31-494b-bbb2-7bed6950709b.root
01-Feb-2025 17:07:00 CST  Successfully opened file root://cmsxrootd.fnal.gov//store/mc/Run3Summer22MiniAODv4/TTLNu-1Jets_TuneCP5_13p6TeV_amcatnloFXFX-pythia8/MINIAODSIM/130X_mcRun3_2022_realistic_v5-v1/2560000/5acde7b5-3e31-494b-bbb2-7bed6950709b.root
Begin processing the 100001st record. Run 1, Event 20024, LumiSection 21 on stream 0 at 01-Feb-2025 17:07:04.087 CST
01-Feb-2025 17:07:04 CST  Closed file root://cmsxrootd.fnal.gov//store/mc/Run3Summer22MiniAODv4/TTLNu-1Jets_TuneCP5_13p6TeV_amcatnloFXFX-pythia8/MINIAODSIM/130X_mcRun3_2022_realistic_v5-v1/2560000/5acde7b5-3e31-494b-bbb2-7bed6950709b.root

------------------------------------
GenXsecAnalyzer:
------------------------------------
-------------------------------------------------------------------------------------------------------------------------------------------------------------------------- 
Overall cross-section summary 
--------------------------------------------------------------------------------------------------------------------------------------------------------------------------
Process		xsec_before [pb]		passed	nposw	nnegw	tried	nposw	nnegw 	xsec_match [pb]			accepted [%]	 event_eff [%]
0		1.424e-01 +/- 1.234e-04		90586	77469	13117	158487	131926	26561	8.698e-02 +/- 2.775e-04		61.1 +/- 0.2	57.2 +/- 0.1
1		7.150e-02 +/- 8.658e-05		44492	38151	6341	76975	64660	12315	4.345e-02 +/- 1.947e-04		60.8 +/- 0.3	57.8 +/- 0.2
2		1.021e-01 +/- 3.341e-05		150196	105260	44936	271392	174170	97222	8.002e-02 +/- 3.796e-04		78.4 +/- 0.4	55.3 +/- 0.1
3		5.255e-02 +/- 3.401e-05		74691	52597	22094	133720	87223	46497	3.936e-02 +/- 2.522e-04		74.9 +/- 0.5	55.9 +/- 0.1
-------------------------------------------------------------------------------------------------------------------------------------------------------------------------- 
Total		3.685e-01 +/- 1.581e-04		359965	273477	86488	640574	457979	182595	2.502e-01 +/- 5.564e-04		67.9 +/- 0.1	56.2 +/- 0.1
--------------------------------------------------------------------------------------------------------------------------------------------------------------------------
Before matching: total cross section = 3.685e-01 +- 1.581e-04 pb
After matching: total cross section = 2.502e-01 +- 5.564e-04 pb
Matching efficiency = 0.6 +/- 0.0   [TO BE USED IN MCM]
Filter efficiency (taking into account weights)= (50239.5) / (50239.5) = 1.000e+00 +- 0.000e+00
Filter efficiency (event-level)= (111308) / (111308) = 1.000e+00 +- 0.000e+00    [TO BE USED IN MCM]

After filter: final cross section = 2.502e-01 +- 5.564e-04 pb
After filter: final fraction of events with negative weights = 2.403e-01 +- 2.269e-04
After filter: final equivalent lumi for 1M events (1/fb) = 1.078e+03 +- 1.680e+00
