01-Feb-2025 17:08:56 CST  Initiating request to open file root://cmsxrootd.fnal.gov//store/mc/Run3Summer22MiniAODv4/TTtoLNu2Q_TuneCP5_13p6TeV_powheg-pythia8/MINIAODSIM/130X_mcRun3_2022_realistic_v5-v2/50000/700637fa-78d3-4fe9-863a-a930c532ea35.root
%MSG-w XrdAdaptorInternal:  file_open 01-Feb-2025 17:08:57 CST pre-events
Failed to open file at URL root://eos-c01.cms.rcac.purdue.edu:1102//store/mc/Run3Summer22MiniAODv4/TTtoLNu2Q_TuneCP5_13p6TeV_powheg-pythia8/MINIAODSIM/130X_mcRun3_2022_realistic_v5-v2/50000/700637fa-78d3-4fe9-863a-a930c532ea35.root?cap.msg=LZQstdodNHagq1gzAIYXamJo9xP8FMpFl28AEX3cCyIY4DZX/rqymaD06/1V9/8owV7bTScuADPENiREEDHR3/LbfGjjb24IKqsW+0PcyrX61ssUADCZodr+ohbr9jjoREnMQcryagEdCJiqSzHezGXo4XMWzr6ZdKrd1as1PPpP8VPE63KJVzyzmuAynYbnWy2g/TPojS9S8ohpQIwESgE/b5LKgERlXhuVY0Zj/e/OBDm4fGuMfqyQoFIEJEqOvFfUoK6BUKcexGEWxY1GDEPzljmv2OUcWDyhgc+V3keOJMa3D5TNJQIcQPeGfhpU1S5aWB31EH9u/bNGgB4stLKaEL0kKTuRfyLCGQLf6SaJ0zAhlSAIQ1wt9sLZlzZczJKtR2VRjtgUYkWZQCkgOUtCtAsGuONNR6qvkh75SqAOv7GT8nrg9sWYM3zFxEErGsA/huuittlt9wc/OEB0eKAv2WJPkWjGs7mQIexrG7ch/3nod5FaxPtMDZ6T90PRwRey+hFVUbTRmg80licUSljX7VDpIWfMm5ydzMvBTNnyZ1bi82fA+Hfwfm6cwX+cK4zJiOuGVQRAgu/DtUlD9FRRSFLVYTonBulxTU9YB/PpkRzvFGD0aE6eRakZNlhVJHkcpB0EIRYMuxGklSGZ1TkbUzL69gVfaExFFOgZ2vtkX6oXlILv7iE074/osvOB+duGRIP0UJrlJhLREnEZEF716vn0CbQ3m03/MXw0Qlbx1xfJGpCPPDlij6IleFpff9LpjGvP195aAEMkoiw6G/TxpgLl+UcMMSqTqi0lgz5GHRG0O18zlJIGtFBzp1jLmLgCq399rjM6yqUWJhLIimB098NC/YKFufifMyJFodv+nUbpRfNoNEYXUynKYKO6&cap.sym=aszWoh0CI9mITkIE2ISvoOJzQY0=&eos.clientinfo=zbase64:MDAwMDAwNmZ4nBXIUQrEIAxF0a10AxO0X0XIYtrkSYVOlWgo3f2Mf+fe2nAnGxxo3ZZS0/FwufNUlxPKYXK8DXx4zjDoHM1KZUXe/Rqz/7sYZDBq/0iIJN9OJrtQc1MHQT3FGNYfhuUm4w==&mgm.blockchecksum=ignore&mgm.id=023c9c6d&mgm.logid=83f4ed58-e0f1-11ef-a8ab-bc2411272cf6&mgm.mtime=1696337652&mgm.replicahead=0&mgm.replicaindex=0&xrdcl.requuid=a0f40ab9-0cb1-42e3-9c6a-28111565c32e.
%MSG
%MSG-w XrdAdaptorInternal:  file_open 01-Feb-2025 17:08:57 CST pre-events
Failed to open file at URL root://eos-c01.cms.rcac.purdue.edu:1102//store/mc/Run3Summer22MiniAODv4/TTtoLNu2Q_TuneCP5_13p6TeV_powheg-pythia8/MINIAODSIM/130X_mcRun3_2022_realistic_v5-v2/50000/700637fa-78d3-4fe9-863a-a930c532ea35.root?cap.msg=LZQstdodNHagq1gzAIYXamJo9xP8FMpFl28AEX3cCyIY4DZX/rqymaD06/1V9/8owV7bTScuADPENiREEDHR3/LbfGjjb24IKqsW+0PcyrX61ssUADCZodr+ohbr9jjoREnMQcryagEdCJiqSzHezGXo4XMWzr6ZdKrd1as1PPpP8VPE63KJVzyzmuAynYbnWy2g/TPojS9S8ohpQIwESgE/b5LKgERlXhuVY0Zj/e/OBDm4fGuMfqyQoFIEJEqOvFfUoK6BUKcexGEWxY1GDEPzljmv2OUcWDyhgc+V3keOJMa3D5TNJQIcQPeGfhpU1S5aWB31EH9u/bNGgB4stLKaEL0kKTuRfyLCGQLf6SaJ0zAhlSAIQ1wt9sLZlzZczJKtR2VRjtgUYkWZQCkgOUtCtAsGuONNR6qvkh75SqAOv7GT8nrg9sWYM3zFxEErGsA/huuittlt9wc/OEB0eKAv2WJPkWjGs7mQIexrG7ch/3nod5FaxPtMDZ6T90PRwRey+hFVUbTRmg80licUSljX7VDpIWfMm5ydzMvBTNnyZ1bi82fA+Hfwfm6cwX+cK4zJiOuGVQRAgu/DtUlD9FRRSFLVYTonBulxTU9YB/PpkRzvFGD0aE6eRakZNlhVJHkcpB0EIRYMuxGklSGZ1TkbUzL69gVfaExFFOgZ2vtkX6oXlILv7iE074/osvOB+duGRIP0UJrlJhLREnEZEF716vn0CbQ3m03/MXw0Qlbx1xfJGpCPPDlij6IleFpff9LpjGvP195aAEMkoiw6G/TxpgLl+UcMMSqTqi0lgz5GHRG0O18zlJIGtFBzp1jLmLgCq399rjM6yqUWJhLIimB098NC/YKFufifMyJFodv+nUbpRfNoNEYXUynKYKO6&cap.sym=aszWoh0CI9mITkIE2ISvoOJzQY0=&eos.clientinfo=zbase64:MDAwMDAwNmZ4nBXIUQrEIAxF0a10AxO0PwUhi2mTJxU6VaKhdPcz/p17a8OdbHCgdVtKTcfD5c5TXU4oh8nxNvDhOcOgczQrlRV592vM/u9ikMGo/SMhknw7mexCzU0dBPUUY1h/hoEm4g==&mgm.blockchecksum=ignore&mgm.id=023c9c6d&mgm.logid=83fdae02-e0f1-11ef-a8ab-bc2411272cf6&mgm.mtime=1696337652&mgm.replicahead=0&mgm.replicaindex=0&tried=&xrdcl.requuid=ddf90271-f452-4ced-a69e-936c6d63b4fa.
%MSG
%MSG-w RootInputFileSequence:  AfterFile 01-Feb-2025 17:08:57 CST pre-events
Input file: root://cmsxrootd.fnal.gov//store/mc/Run3Summer22MiniAODv4/TTtoLNu2Q_TuneCP5_13p6TeV_powheg-pythia8/MINIAODSIM/130X_mcRun3_2022_realistic_v5-v2/50000/700637fa-78d3-4fe9-863a-a930c532ea35.root was not found or could not be opened, and will be skipped.

%MSG
01-Feb-2025 17:08:57 CST  Initiating request to open file root://cmsxrootd.fnal.gov//store/mc/Run3Summer22MiniAODv4/TTtoLNu2Q_TuneCP5_13p6TeV_powheg-pythia8/MINIAODSIM/130X_mcRun3_2022_realistic_v5-v2/50000/e3761471-8a9e-4247-b671-9e978be07056.root
01-Feb-2025 17:09:02 CST  Successfully opened file root://cmsxrootd.fnal.gov//store/mc/Run3Summer22MiniAODv4/TTtoLNu2Q_TuneCP5_13p6TeV_powheg-pythia8/MINIAODSIM/130X_mcRun3_2022_realistic_v5-v2/50000/e3761471-8a9e-4247-b671-9e978be07056.root
Begin processing the 1st record. Run 1, Event 2873135, LumiSection 4636 on stream 0 at 01-Feb-2025 17:09:03.059 CST
01-Feb-2025 17:09:03 CST  Closed file root://cmsxrootd.fnal.gov//store/mc/Run3Summer22MiniAODv4/TTtoLNu2Q_TuneCP5_13p6TeV_powheg-pythia8/MINIAODSIM/130X_mcRun3_2022_realistic_v5-v2/50000/e3761471-8a9e-4247-b671-9e978be07056.root
01-Feb-2025 17:09:03 CST  Initiating request to open file root://cmsxrootd.fnal.gov//store/mc/Run3Summer22MiniAODv4/TTtoLNu2Q_TuneCP5_13p6TeV_powheg-pythia8/MINIAODSIM/130X_mcRun3_2022_realistic_v5-v2/50000/9cd23441-c794-4fe0-9fe3-c0cd64e3b1f3.root
01-Feb-2025 17:09:06 CST  Successfully opened file root://cmsxrootd.fnal.gov//store/mc/Run3Summer22MiniAODv4/TTtoLNu2Q_TuneCP5_13p6TeV_powheg-pythia8/MINIAODSIM/130X_mcRun3_2022_realistic_v5-v2/50000/9cd23441-c794-4fe0-9fe3-c0cd64e3b1f3.root
01-Feb-2025 17:09:07 CST  Closed file root://cmsxrootd.fnal.gov//store/mc/Run3Summer22MiniAODv4/TTtoLNu2Q_TuneCP5_13p6TeV_powheg-pythia8/MINIAODSIM/130X_mcRun3_2022_realistic_v5-v2/50000/9cd23441-c794-4fe0-9fe3-c0cd64e3b1f3.root
01-Feb-2025 17:09:07 CST  Initiating request to open file root://cmsxrootd.fnal.gov//store/mc/Run3Summer22MiniAODv4/TTtoLNu2Q_TuneCP5_13p6TeV_powheg-pythia8/MINIAODSIM/130X_mcRun3_2022_realistic_v5-v2/30000/6a67cac5-cc5e-434e-b4ae-5234dd581a59.root
01-Feb-2025 17:09:09 CST  Successfully opened file root://cmsxrootd.fnal.gov//store/mc/Run3Summer22MiniAODv4/TTtoLNu2Q_TuneCP5_13p6TeV_powheg-pythia8/MINIAODSIM/130X_mcRun3_2022_realistic_v5-v2/30000/6a67cac5-cc5e-434e-b4ae-5234dd581a59.root
Begin processing the 100001st record. Run 1, Event 23362338, LumiSection 33615 on stream 0 at 01-Feb-2025 17:09:10.424 CST
01-Feb-2025 17:09:10 CST  Closed file root://cmsxrootd.fnal.gov//store/mc/Run3Summer22MiniAODv4/TTtoLNu2Q_TuneCP5_13p6TeV_powheg-pythia8/MINIAODSIM/130X_mcRun3_2022_realistic_v5-v2/30000/6a67cac5-cc5e-434e-b4ae-5234dd581a59.root
01-Feb-2025 17:09:10 CST  Initiating request to open file root://cmsxrootd.fnal.gov//store/mc/Run3Summer22MiniAODv4/TTtoLNu2Q_TuneCP5_13p6TeV_powheg-pythia8/MINIAODSIM/130X_mcRun3_2022_realistic_v5-v2/30000/cda870c0-816c-44ae-b220-75565371dc3f.root
01-Feb-2025 17:09:13 CST  Successfully opened file root://cmsxrootd.fnal.gov//store/mc/Run3Summer22MiniAODv4/TTtoLNu2Q_TuneCP5_13p6TeV_powheg-pythia8/MINIAODSIM/130X_mcRun3_2022_realistic_v5-v2/30000/cda870c0-816c-44ae-b220-75565371dc3f.root
01-Feb-2025 17:09:14 CST  Closed file root://cmsxrootd.fnal.gov//store/mc/Run3Summer22MiniAODv4/TTtoLNu2Q_TuneCP5_13p6TeV_powheg-pythia8/MINIAODSIM/130X_mcRun3_2022_realistic_v5-v2/30000/cda870c0-816c-44ae-b220-75565371dc3f.root
01-Feb-2025 17:09:14 CST  Initiating request to open file root://cmsxrootd.fnal.gov//store/mc/Run3Summer22MiniAODv4/TTtoLNu2Q_TuneCP5_13p6TeV_powheg-pythia8/MINIAODSIM/130X_mcRun3_2022_realistic_v5-v2/30000/ca526d6f-30c9-49e4-8833-31dd839a8471.root
01-Feb-2025 17:09:16 CST  Successfully opened file root://cmsxrootd.fnal.gov//store/mc/Run3Summer22MiniAODv4/TTtoLNu2Q_TuneCP5_13p6TeV_powheg-pythia8/MINIAODSIM/130X_mcRun3_2022_realistic_v5-v2/30000/ca526d6f-30c9-49e4-8833-31dd839a8471.root
01-Feb-2025 17:09:17 CST  Closed file root://cmsxrootd.fnal.gov//store/mc/Run3Summer22MiniAODv4/TTtoLNu2Q_TuneCP5_13p6TeV_powheg-pythia8/MINIAODSIM/130X_mcRun3_2022_realistic_v5-v2/30000/ca526d6f-30c9-49e4-8833-31dd839a8471.root
01-Feb-2025 17:09:17 CST  Initiating request to open file root://cmsxrootd.fnal.gov//store/mc/Run3Summer22MiniAODv4/TTtoLNu2Q_TuneCP5_13p6TeV_powheg-pythia8/MINIAODSIM/130X_mcRun3_2022_realistic_v5-v2/50000/32120477-f3d6-4f35-a00c-21f98403c241.root
01-Feb-2025 17:09:20 CST  Successfully opened file root://cmsxrootd.fnal.gov//store/mc/Run3Summer22MiniAODv4/TTtoLNu2Q_TuneCP5_13p6TeV_powheg-pythia8/MINIAODSIM/130X_mcRun3_2022_realistic_v5-v2/50000/32120477-f3d6-4f35-a00c-21f98403c241.root
Begin processing the 200001st record. Run 1, Event 10486699, LumiSection 15089 on stream 0 at 01-Feb-2025 17:09:21.209 CST
01-Feb-2025 17:09:21 CST  Closed file root://cmsxrootd.fnal.gov//store/mc/Run3Summer22MiniAODv4/TTtoLNu2Q_TuneCP5_13p6TeV_powheg-pythia8/MINIAODSIM/130X_mcRun3_2022_realistic_v5-v2/50000/32120477-f3d6-4f35-a00c-21f98403c241.root
01-Feb-2025 17:09:21 CST  Initiating request to open file root://cmsxrootd.fnal.gov//store/mc/Run3Summer22MiniAODv4/TTtoLNu2Q_TuneCP5_13p6TeV_powheg-pythia8/MINIAODSIM/130X_mcRun3_2022_realistic_v5-v2/50000/92f990c3-c054-400a-a623-730a6c9d165c.root
01-Feb-2025 17:09:24 CST  Successfully opened file root://cmsxrootd.fnal.gov//store/mc/Run3Summer22MiniAODv4/TTtoLNu2Q_TuneCP5_13p6TeV_powheg-pythia8/MINIAODSIM/130X_mcRun3_2022_realistic_v5-v2/50000/92f990c3-c054-400a-a623-730a6c9d165c.root
01-Feb-2025 17:09:25 CST  Closed file root://cmsxrootd.fnal.gov//store/mc/Run3Summer22MiniAODv4/TTtoLNu2Q_TuneCP5_13p6TeV_powheg-pythia8/MINIAODSIM/130X_mcRun3_2022_realistic_v5-v2/50000/92f990c3-c054-400a-a623-730a6c9d165c.root
01-Feb-2025 17:09:25 CST  Initiating request to open file root://cmsxrootd.fnal.gov//store/mc/Run3Summer22MiniAODv4/TTtoLNu2Q_TuneCP5_13p6TeV_powheg-pythia8/MINIAODSIM/130X_mcRun3_2022_realistic_v5-v2/50000/ce51c117-2802-4662-900d-2b7992f3bf43.root
01-Feb-2025 17:09:28 CST  Successfully opened file root://cmsxrootd.fnal.gov//store/mc/Run3Summer22MiniAODv4/TTtoLNu2Q_TuneCP5_13p6TeV_powheg-pythia8/MINIAODSIM/130X_mcRun3_2022_realistic_v5-v2/50000/ce51c117-2802-4662-900d-2b7992f3bf43.root
Begin processing the 300001st record. Run 1, Event 9191136, LumiSection 13313 on stream 0 at 01-Feb-2025 17:09:29.628 CST
01-Feb-2025 17:09:30 CST  Closed file root://cmsxrootd.fnal.gov//store/mc/Run3Summer22MiniAODv4/TTtoLNu2Q_TuneCP5_13p6TeV_powheg-pythia8/MINIAODSIM/130X_mcRun3_2022_realistic_v5-v2/50000/ce51c117-2802-4662-900d-2b7992f3bf43.root
01-Feb-2025 17:09:30 CST  Initiating request to open file root://cmsxrootd.fnal.gov//store/mc/Run3Summer22MiniAODv4/TTtoLNu2Q_TuneCP5_13p6TeV_powheg-pythia8/MINIAODSIM/130X_mcRun3_2022_realistic_v5-v2/50000/53ee5b58-e1be-4604-af11-4a698d408644.root
01-Feb-2025 17:09:32 CST  Successfully opened file root://cmsxrootd.fnal.gov//store/mc/Run3Summer22MiniAODv4/TTtoLNu2Q_TuneCP5_13p6TeV_powheg-pythia8/MINIAODSIM/130X_mcRun3_2022_realistic_v5-v2/50000/53ee5b58-e1be-4604-af11-4a698d408644.root
Begin processing the 400001st record. Run 1, Event 70238465, LumiSection 101063 on stream 0 at 01-Feb-2025 17:09:35.228 CST
01-Feb-2025 17:09:35 CST  Closed file root://cmsxrootd.fnal.gov//store/mc/Run3Summer22MiniAODv4/TTtoLNu2Q_TuneCP5_13p6TeV_powheg-pythia8/MINIAODSIM/130X_mcRun3_2022_realistic_v5-v2/50000/53ee5b58-e1be-4604-af11-4a698d408644.root
01-Feb-2025 17:09:35 CST  Initiating request to open file root://cmsxrootd.fnal.gov//store/mc/Run3Summer22MiniAODv4/TTtoLNu2Q_TuneCP5_13p6TeV_powheg-pythia8/MINIAODSIM/130X_mcRun3_2022_realistic_v5-v2/50000/1c79f667-1db9-42ff-ab79-f0f144ac400a.root
%MSG-w XrdAdaptorInternal:  file_open 01-Feb-2025 17:09:36 CST PostProcessEvent
Failed to open file at URL root://eos-c01.cms.rcac.purdue.edu:1102//store/mc/Run3Summer22MiniAODv4/TTtoLNu2Q_TuneCP5_13p6TeV_powheg-pythia8/MINIAODSIM/130X_mcRun3_2022_realistic_v5-v2/50000/1c79f667-1db9-42ff-ab79-f0f144ac400a.root?cap.msg=LZQstdodNHagq1gzAIYXamJo9xP8FMpFl28AEX3cCyIY4DZX/rqymaD06/1V9/8owV7bTScuADPENiREEDHR3/LbfGjjb24IKqsW+0PcyrX61ssUADCZodr+ohbr9jjoREnMQcryagEdCJiqSzHezGXo4XMWzr6ZdKrd1as1PPpP8VPE63KJVzyzmuAynYbnWy2g/TPojS9S8ohpQIwESgE/b5LKgERlXhuVY0Zj/e/OBDm4fGuMfqyQoFIEJEqOulpBBJ/dws4+Z1OIf1SYfNbbSntYpav8L0M4rjwbtYFQFQlwarmy6wJmMv4bvHPyFVfMsUdG1AIislqxee0rIQ8rfN5FoXhpjXFGXU5nrtQrvVBwfE+k0bXEYRmLqx815F5xVYmYGYOr/TpYvZ0ywjM8KZdlBcV8umoglaq6W98IHPiqe75g53SzTWLfgDyMGQal/fKUGJJ9UGW1+zlM9XzxPNJfp9ezvmuGo2FszC36sMW58O0R+/R7P/PbSs1S2mcHz4iLHXHKWbVM0w57d1pIO5eT2xXNu3c/3XCriqoEKc7jHZ3zDFVnQAXEfIMPRBz5ZEPDGSeHnDP6oPcOJC3M7gqMYwQF/9TVIQ8G9B/u3DpEvVQTSt1kNXEFVYaH4oPt4V6mMQ5GwsPZIxDDO7Mz8KA1ebApCTmvkQk7QU7EngMnbrsTrz6aZyh/TN49ZU9avS0i0ZynlIazOyj7Ral0uqEWbAQqjfrYIMOufZhlL0BXfxWSS5s5p5s5uAlcFt4kuIP/7CYies9Z19up45qdTQ1l9XzBBdEc3QiLv9Iw/piA+5RiOmwP5rX3JkiwC7k+OVVMFQGnZiJRIvZFVnB83gMqzxW5fnPKukppqnvnjiLezAllyFKxfGa62hKX&cap.sym=aszWoh0CI9mITkIE2ISvoOJzQY0=&eos.clientinfo=zbase64:MDAwMDAwNmZ4nBXIQQ6EIAxG4at4gWnAhQuSHkbbn0jiCCk0xtvPsPveqw13ssGB1m0pNR0PlztPdTmhHCbH28CH5wyDztGsVFbk3a8x+7+LQQaj9o+ESPLtZLILNTd1ENRTjGH9AYYdJuE=&mgm.blockchecksum=ignore&mgm.id=023d53a9&mgm.logid=9af5c9e6-e0f1-11ef-b98d-bc2411272cf6&mgm.mtime=1696404056&mgm.replicahead=1&mgm.replicaindex=1&xrdcl.requuid=c6a48856-ac3d-41aa-a460-9646e9eca4d9.
%MSG
01-Feb-2025 17:09:37 CST  Successfully opened file root://cmsxrootd.fnal.gov//store/mc/Run3Summer22MiniAODv4/TTtoLNu2Q_TuneCP5_13p6TeV_powheg-pythia8/MINIAODSIM/130X_mcRun3_2022_realistic_v5-v2/50000/1c79f667-1db9-42ff-ab79-f0f144ac400a.root
01-Feb-2025 17:09:38 CST  Closed file root://cmsxrootd.fnal.gov//store/mc/Run3Summer22MiniAODv4/TTtoLNu2Q_TuneCP5_13p6TeV_powheg-pythia8/MINIAODSIM/130X_mcRun3_2022_realistic_v5-v2/50000/1c79f667-1db9-42ff-ab79-f0f144ac400a.root
01-Feb-2025 17:09:38 CST  Initiating request to open file root://cmsxrootd.fnal.gov//store/mc/Run3Summer22MiniAODv4/TTtoLNu2Q_TuneCP5_13p6TeV_powheg-pythia8/MINIAODSIM/130X_mcRun3_2022_realistic_v5-v2/2540000/c68122de-aa38-4e71-953d-0c32bf03e764.root
01-Feb-2025 17:09:40 CST  Successfully opened file root://cmsxrootd.fnal.gov//store/mc/Run3Summer22MiniAODv4/TTtoLNu2Q_TuneCP5_13p6TeV_powheg-pythia8/MINIAODSIM/130X_mcRun3_2022_realistic_v5-v2/2540000/c68122de-aa38-4e71-953d-0c32bf03e764.root
01-Feb-2025 17:09:43 CST  Closed file root://cmsxrootd.fnal.gov//store/mc/Run3Summer22MiniAODv4/TTtoLNu2Q_TuneCP5_13p6TeV_powheg-pythia8/MINIAODSIM/130X_mcRun3_2022_realistic_v5-v2/2540000/c68122de-aa38-4e71-953d-0c32bf03e764.root
01-Feb-2025 17:09:43 CST  Initiating request to open file root://cmsxrootd.fnal.gov//store/mc/Run3Summer22MiniAODv4/TTtoLNu2Q_TuneCP5_13p6TeV_powheg-pythia8/MINIAODSIM/130X_mcRun3_2022_realistic_v5-v2/2540000/c5ab1b51-4342-4c87-b8ba-53ea0b9dde14.root
%MSG-w XrdAdaptorInternal:  file_open 01-Feb-2025 17:09:44 CST PostProcessEvent
Failed to open file at URL root://eos-c01.cms.rcac.purdue.edu:1101//store/mc/Run3Summer22MiniAODv4/TTtoLNu2Q_TuneCP5_13p6TeV_powheg-pythia8/MINIAODSIM/130X_mcRun3_2022_realistic_v5-v2/2540000/c5ab1b51-4342-4c87-b8ba-53ea0b9dde14.root?cap.msg=LZQstdodNHagq1gzAIYXamJo9xP8FMpFl28AEX3cCyIY4DZX/rqymaD06/1V9/8owV7bTScuADPENiREEDHR3/LbfGjjb24IKqsW+0PcyrX61ssUADCZodr+ohbr9jjoREnMQcryagEdCJiqSzHezGXo4XMWzr6ZdKrd1as1PPpP8VPE63KJVzyzmuAynYbnWy2g/TPojS9S8ohpQIwESgE/b5LKgERlXhuVY0Zj/e/OBDm4fGuMfvm2I7zC7vpVXeTb4esnkX8b44aj9E+P89iuMx1RKt+KPFb3r/DZyyRdt9l5RqaDy60N2ypgSLgJ6V9urfLk+KrTLQj+8mHVLkdnNz5OL1OCaqkPMwEOurtophGKny6/NuuzEnVJC3gq8bKKCe+BUrWr1XMyAwdm3hUNSpDSgYFst9Ry+o9o3q5KmvDiETQAyg0jW8JfHjEZCcPoNVXNukaoIEgzco/bDniAPwqwX8SWkJVUZkJEGiJlwYmGALGPoCjj9oLucaQlzCAnubrhoUgUSpbEgyy6h9vSi3MnpgovTZpnliQ0fpmV8EsKmlgL+iJSCXFRD7Swb4M60ZEqrVhAXgCYvQsZHChWOWA8IWwMrbcz0oubkZeQqR+kbxDhYyAa0cnaBoE9yEqPOWfNJvRlvrFaH65IGA2WEehw6ZyI9Ts9UmDOo+V3qjc7fhRwsV64D0TnCyeWBi1ZzSlIp9TCrxcPH3wZi3is1cJzWxvSGC3TTIyzr5r+PgU8QRJr78/sx2w032fTkRDmwBEIl+UpsLRiw44vfUr5HLw52Nev5u093Wz4z402hjF/aCebmXAtghJXfcHX1wzVpA/QpMkHP0l1LPyMsTUVR8co1WXcNA9BS+J6THn5VbzdNTdPY+WcT8/JYXV8&cap.sym=aszWoh0CI9mITkIE2ISvoOJzQY0=&eos.clientinfo=zbase64:MDAwMDAwNmZ4nBXIQQrDMAwF0avkAhUWdGXQYRLpmxja2MgWpbdPvHszrePKPiXRm7fa8vGTepWloSdM0uL8d8gRpcBha3SvTQxlj89c/ezq0Clo46WJSb+DXHelHm4BgkVmTnwDhPIm3Q==&mgm.blockchecksum=ignore&mgm.id=023d52ac&mgm.logid=9fb9f286-e0f1-11ef-9709-bc2411272cf6&mgm.mtime=1696402789&mgm.replicahead=1&mgm.replicaindex=1&xrdcl.requuid=1e4d6882-d32e-44ed-8ebe-3a21d9979074.
%MSG
%MSG-w XrdAdaptorInternal:  file_open 01-Feb-2025 17:09:44 CST PostProcessEvent
Failed to open file at URL root://eos-c01.cms.rcac.purdue.edu:1101//store/mc/Run3Summer22MiniAODv4/TTtoLNu2Q_TuneCP5_13p6TeV_powheg-pythia8/MINIAODSIM/130X_mcRun3_2022_realistic_v5-v2/2540000/c5ab1b51-4342-4c87-b8ba-53ea0b9dde14.root?cap.msg=LZQstdodNHagq1gzAIYXamJo9xP8FMpFl28AEX3cCyIY4DZX/rqymaD06/1V9/8owV7bTScuADPENiREEDHR3/LbfGjjb24IKqsW+0PcyrX61ssUADCZodr+ohbr9jjoREnMQcryagEdCJiqSzHezGXo4XMWzr6ZdKrd1as1PPpP8VPE63KJVzyzmuAynYbnWy2g/TPojS9S8ohpQIwESgE/b5LKgERlXhuVY0Zj/e/OBDm4fGuMfvm2I7zC7vpVXeTb4esnkX8b44aj9E+P89iuMx1RKt+KPFb3r/DZyyRdt9l5RqaDy60N2ypgSLgJ6V9urfLk+KrTLQj+8mHVLkdnNz5OL1OCaqkPMwEOurtophGKny6/NuuzEnVJC3gq8bKKCe+BUrWr1XMyAwdm3hUNSpDSgYFst9Ry+o9o3q5KmvDiETQAyg0jW8JfHjEZCcPoNVXNukaoIEgzco/bDniAPwqwX8SWkJVUZkJEGiJlwYmGALGPoCjj9oLucaQlzCAnubrhoUgUSpbEgyy6h9vSi3MnpgovTZpnliQ0fpmV8EsKmlgL+iJSCXFRD7Swb4M60ZEqrVhAXgCYvQsZHChWOWA8IWwMrbcz0oubkZeQqR+kbxDhYyAa0cnaBoE9yEqPOWfNJvRlvrFaH65IGA2WEehw6ZyI9Ts9UmDOo+V3qjc7fhRwsV64D0TnCyeWBi1ZzSlIp9TCrxcPH3wZi3is1cJzWxvSGC3TTIyzr5r+PgU8QRJr78/sx2w032fTkRDmwBEIl+UpsLRiw44vfUr5HLw52Nev5u093Wz4z402hjF/aCebmXAtghJXfcHX1wzVpA/QpMkHP0l1LPyMsTUVR8co1WXcNA9BS+J6THn5VbzdNTdPY+WcT8/JYXV8&cap.sym=aszWoh0CI9mITkIE2ISvoOJzQY0=&eos.clientinfo=zbase64:MDAwMDAwNmZ4nBXIQQrDMAwF0avkAhXWsgYdJpG+iaGNjWxRevvEuzfTOq7sUxLxe6stHz+pV1kaesIkLc5/hxxRChy2RvfaxFD2+MzVz64OnYI2XpqY9DvIdVfq4RYgWGTmxDeG4ybi&mgm.blockchecksum=ignore&mgm.id=023d52ac&mgm.logid=9fc21ed4-e0f1-11ef-9709-bc2411272cf6&mgm.mtime=1696402789&mgm.replicahead=1&mgm.replicaindex=1&tried=&xrdcl.requuid=38513350-c61e-4f17-a35c-3c14933ed67f.
%MSG
%MSG-w RootInputFileSequence:  AfterFile 01-Feb-2025 17:09:44 CST  PostProcessEvent
Input file: root://cmsxrootd.fnal.gov//store/mc/Run3Summer22MiniAODv4/TTtoLNu2Q_TuneCP5_13p6TeV_powheg-pythia8/MINIAODSIM/130X_mcRun3_2022_realistic_v5-v2/2540000/c5ab1b51-4342-4c87-b8ba-53ea0b9dde14.root was not found or could not be opened, and will be skipped.

%MSG
01-Feb-2025 17:09:44 CST  Initiating request to open file root://cmsxrootd.fnal.gov//store/mc/Run3Summer22MiniAODv4/TTtoLNu2Q_TuneCP5_13p6TeV_powheg-pythia8/MINIAODSIM/130X_mcRun3_2022_realistic_v5-v2/2540000/5a259f65-8442-43f9-9acc-177c538e929d.root
01-Feb-2025 17:09:46 CST  Successfully opened file root://cmsxrootd.fnal.gov//store/mc/Run3Summer22MiniAODv4/TTtoLNu2Q_TuneCP5_13p6TeV_powheg-pythia8/MINIAODSIM/130X_mcRun3_2022_realistic_v5-v2/2540000/5a259f65-8442-43f9-9acc-177c538e929d.root
Begin processing the 500001st record. Run 1, Event 42036676, LumiSection 60485 on stream 0 at 01-Feb-2025 17:09:48.184 CST
01-Feb-2025 17:09:48 CST  Closed file root://cmsxrootd.fnal.gov//store/mc/Run3Summer22MiniAODv4/TTtoLNu2Q_TuneCP5_13p6TeV_powheg-pythia8/MINIAODSIM/130X_mcRun3_2022_realistic_v5-v2/2540000/5a259f65-8442-43f9-9acc-177c538e929d.root
01-Feb-2025 17:09:48 CST  Initiating request to open file root://cmsxrootd.fnal.gov//store/mc/Run3Summer22MiniAODv4/TTtoLNu2Q_TuneCP5_13p6TeV_powheg-pythia8/MINIAODSIM/130X_mcRun3_2022_realistic_v5-v2/2540000/fe22ab2b-17c6-4b39-a8e6-2276b7506382.root
01-Feb-2025 17:09:50 CST  Successfully opened file root://cmsxrootd.fnal.gov//store/mc/Run3Summer22MiniAODv4/TTtoLNu2Q_TuneCP5_13p6TeV_powheg-pythia8/MINIAODSIM/130X_mcRun3_2022_realistic_v5-v2/2540000/fe22ab2b-17c6-4b39-a8e6-2276b7506382.root
01-Feb-2025 17:09:51 CST  Closed file root://cmsxrootd.fnal.gov//store/mc/Run3Summer22MiniAODv4/TTtoLNu2Q_TuneCP5_13p6TeV_powheg-pythia8/MINIAODSIM/130X_mcRun3_2022_realistic_v5-v2/2540000/fe22ab2b-17c6-4b39-a8e6-2276b7506382.root
01-Feb-2025 17:09:51 CST  Initiating request to open file root://cmsxrootd.fnal.gov//store/mc/Run3Summer22MiniAODv4/TTtoLNu2Q_TuneCP5_13p6TeV_powheg-pythia8/MINIAODSIM/130X_mcRun3_2022_realistic_v5-v2/2540000/15b5dd7f-37c6-4f38-8518-36f0e2be9996.root
01-Feb-2025 17:09:54 CST  Successfully opened file root://cmsxrootd.fnal.gov//store/mc/Run3Summer22MiniAODv4/TTtoLNu2Q_TuneCP5_13p6TeV_powheg-pythia8/MINIAODSIM/130X_mcRun3_2022_realistic_v5-v2/2540000/15b5dd7f-37c6-4f38-8518-36f0e2be9996.root
01-Feb-2025 17:09:56 CST  Closed file root://cmsxrootd.fnal.gov//store/mc/Run3Summer22MiniAODv4/TTtoLNu2Q_TuneCP5_13p6TeV_powheg-pythia8/MINIAODSIM/130X_mcRun3_2022_realistic_v5-v2/2540000/15b5dd7f-37c6-4f38-8518-36f0e2be9996.root
01-Feb-2025 17:09:56 CST  Initiating request to open file root://cmsxrootd.fnal.gov//store/mc/Run3Summer22MiniAODv4/TTtoLNu2Q_TuneCP5_13p6TeV_powheg-pythia8/MINIAODSIM/130X_mcRun3_2022_realistic_v5-v2/2540000/345503fd-5850-4cc6-b4a1-fac3f23a2e69.root
01-Feb-2025 17:09:58 CST  Successfully opened file root://cmsxrootd.fnal.gov//store/mc/Run3Summer22MiniAODv4/TTtoLNu2Q_TuneCP5_13p6TeV_powheg-pythia8/MINIAODSIM/130X_mcRun3_2022_realistic_v5-v2/2540000/345503fd-5850-4cc6-b4a1-fac3f23a2e69.root
Begin processing the 600001st record. Run 1, Event 37988912, LumiSection 54661 on stream 0 at 01-Feb-2025 17:10:00.340 CST
01-Feb-2025 17:10:00 CST  Closed file root://cmsxrootd.fnal.gov//store/mc/Run3Summer22MiniAODv4/TTtoLNu2Q_TuneCP5_13p6TeV_powheg-pythia8/MINIAODSIM/130X_mcRun3_2022_realistic_v5-v2/2540000/345503fd-5850-4cc6-b4a1-fac3f23a2e69.root
01-Feb-2025 17:10:00 CST  Initiating request to open file root://cmsxrootd.fnal.gov//store/mc/Run3Summer22MiniAODv4/TTtoLNu2Q_TuneCP5_13p6TeV_powheg-pythia8/MINIAODSIM/130X_mcRun3_2022_realistic_v5-v2/2540000/bc10af60-2b62-4fc4-8a30-2284ceabb4e8.root
01-Feb-2025 17:10:03 CST  Successfully opened file root://cmsxrootd.fnal.gov//store/mc/Run3Summer22MiniAODv4/TTtoLNu2Q_TuneCP5_13p6TeV_powheg-pythia8/MINIAODSIM/130X_mcRun3_2022_realistic_v5-v2/2540000/bc10af60-2b62-4fc4-8a30-2284ceabb4e8.root
01-Feb-2025 17:10:05 CST  Closed file root://cmsxrootd.fnal.gov//store/mc/Run3Summer22MiniAODv4/TTtoLNu2Q_TuneCP5_13p6TeV_powheg-pythia8/MINIAODSIM/130X_mcRun3_2022_realistic_v5-v2/2540000/bc10af60-2b62-4fc4-8a30-2284ceabb4e8.root
01-Feb-2025 17:10:05 CST  Initiating request to open file root://cmsxrootd.fnal.gov//store/mc/Run3Summer22MiniAODv4/TTtoLNu2Q_TuneCP5_13p6TeV_powheg-pythia8/MINIAODSIM/130X_mcRun3_2022_realistic_v5-v2/2540000/e40164c5-e2cd-4891-9aaf-4a92746364c2.root
01-Feb-2025 17:10:07 CST  Successfully opened file root://cmsxrootd.fnal.gov//store/mc/Run3Summer22MiniAODv4/TTtoLNu2Q_TuneCP5_13p6TeV_powheg-pythia8/MINIAODSIM/130X_mcRun3_2022_realistic_v5-v2/2540000/e40164c5-e2cd-4891-9aaf-4a92746364c2.root
Begin processing the 700001st record. Run 1, Event 62750300, LumiSection 90289 on stream 0 at 01-Feb-2025 17:10:09.338 CST
01-Feb-2025 17:10:09 CST  Closed file root://cmsxrootd.fnal.gov//store/mc/Run3Summer22MiniAODv4/TTtoLNu2Q_TuneCP5_13p6TeV_powheg-pythia8/MINIAODSIM/130X_mcRun3_2022_realistic_v5-v2/2540000/e40164c5-e2cd-4891-9aaf-4a92746364c2.root
01-Feb-2025 17:10:09 CST  Initiating request to open file root://cmsxrootd.fnal.gov//store/mc/Run3Summer22MiniAODv4/TTtoLNu2Q_TuneCP5_13p6TeV_powheg-pythia8/MINIAODSIM/130X_mcRun3_2022_realistic_v5-v2/50000/39f3d861-ace5-4b99-8d37-dd8f9fba597e.root
01-Feb-2025 17:10:12 CST  Successfully opened file root://cmsxrootd.fnal.gov//store/mc/Run3Summer22MiniAODv4/TTtoLNu2Q_TuneCP5_13p6TeV_powheg-pythia8/MINIAODSIM/130X_mcRun3_2022_realistic_v5-v2/50000/39f3d861-ace5-4b99-8d37-dd8f9fba597e.root
01-Feb-2025 17:10:13 CST  Closed file root://cmsxrootd.fnal.gov//store/mc/Run3Summer22MiniAODv4/TTtoLNu2Q_TuneCP5_13p6TeV_powheg-pythia8/MINIAODSIM/130X_mcRun3_2022_realistic_v5-v2/50000/39f3d861-ace5-4b99-8d37-dd8f9fba597e.root
01-Feb-2025 17:10:13 CST  Initiating request to open file root://cmsxrootd.fnal.gov//store/mc/Run3Summer22MiniAODv4/TTtoLNu2Q_TuneCP5_13p6TeV_powheg-pythia8/MINIAODSIM/130X_mcRun3_2022_realistic_v5-v2/30000/ab2c232d-6f42-4f5f-bdb3-269bc47e1636.root
01-Feb-2025 17:10:15 CST  Successfully opened file root://cmsxrootd.fnal.gov//store/mc/Run3Summer22MiniAODv4/TTtoLNu2Q_TuneCP5_13p6TeV_powheg-pythia8/MINIAODSIM/130X_mcRun3_2022_realistic_v5-v2/30000/ab2c232d-6f42-4f5f-bdb3-269bc47e1636.root
01-Feb-2025 17:10:16 CST  Closed file root://cmsxrootd.fnal.gov//store/mc/Run3Summer22MiniAODv4/TTtoLNu2Q_TuneCP5_13p6TeV_powheg-pythia8/MINIAODSIM/130X_mcRun3_2022_realistic_v5-v2/30000/ab2c232d-6f42-4f5f-bdb3-269bc47e1636.root
01-Feb-2025 17:10:16 CST  Initiating request to open file root://cmsxrootd.fnal.gov//store/mc/Run3Summer22MiniAODv4/TTtoLNu2Q_TuneCP5_13p6TeV_powheg-pythia8/MINIAODSIM/130X_mcRun3_2022_realistic_v5-v2/50000/51a4ca1d-232b-4be2-b70d-b09f6d323c21.root
01-Feb-2025 17:10:19 CST  Successfully opened file root://cmsxrootd.fnal.gov//store/mc/Run3Summer22MiniAODv4/TTtoLNu2Q_TuneCP5_13p6TeV_powheg-pythia8/MINIAODSIM/130X_mcRun3_2022_realistic_v5-v2/50000/51a4ca1d-232b-4be2-b70d-b09f6d323c21.root
Begin processing the 800001st record. Run 1, Event 64824791, LumiSection 93274 on stream 0 at 01-Feb-2025 17:10:21.395 CST
01-Feb-2025 17:10:21 CST  Closed file root://cmsxrootd.fnal.gov//store/mc/Run3Summer22MiniAODv4/TTtoLNu2Q_TuneCP5_13p6TeV_powheg-pythia8/MINIAODSIM/130X_mcRun3_2022_realistic_v5-v2/50000/51a4ca1d-232b-4be2-b70d-b09f6d323c21.root
01-Feb-2025 17:10:21 CST  Initiating request to open file root://cmsxrootd.fnal.gov//store/mc/Run3Summer22MiniAODv4/TTtoLNu2Q_TuneCP5_13p6TeV_powheg-pythia8/MINIAODSIM/130X_mcRun3_2022_realistic_v5-v2/50000/6faad065-bce7-4d58-9685-f7b270f0c900.root
01-Feb-2025 17:10:24 CST  Successfully opened file root://cmsxrootd.fnal.gov//store/mc/Run3Summer22MiniAODv4/TTtoLNu2Q_TuneCP5_13p6TeV_powheg-pythia8/MINIAODSIM/130X_mcRun3_2022_realistic_v5-v2/50000/6faad065-bce7-4d58-9685-f7b270f0c900.root
01-Feb-2025 17:10:25 CST  Closed file root://cmsxrootd.fnal.gov//store/mc/Run3Summer22MiniAODv4/TTtoLNu2Q_TuneCP5_13p6TeV_powheg-pythia8/MINIAODSIM/130X_mcRun3_2022_realistic_v5-v2/50000/6faad065-bce7-4d58-9685-f7b270f0c900.root
01-Feb-2025 17:10:25 CST  Initiating request to open file root://cmsxrootd.fnal.gov//store/mc/Run3Summer22MiniAODv4/TTtoLNu2Q_TuneCP5_13p6TeV_powheg-pythia8/MINIAODSIM/130X_mcRun3_2022_realistic_v5-v2/30000/51597eba-1425-4935-ab50-3bb8454d32be.root
01-Feb-2025 17:10:27 CST  Successfully opened file root://cmsxrootd.fnal.gov//store/mc/Run3Summer22MiniAODv4/TTtoLNu2Q_TuneCP5_13p6TeV_powheg-pythia8/MINIAODSIM/130X_mcRun3_2022_realistic_v5-v2/30000/51597eba-1425-4935-ab50-3bb8454d32be.root
01-Feb-2025 17:10:29 CST  Closed file root://cmsxrootd.fnal.gov//store/mc/Run3Summer22MiniAODv4/TTtoLNu2Q_TuneCP5_13p6TeV_powheg-pythia8/MINIAODSIM/130X_mcRun3_2022_realistic_v5-v2/30000/51597eba-1425-4935-ab50-3bb8454d32be.root
01-Feb-2025 17:10:29 CST  Initiating request to open file root://cmsxrootd.fnal.gov//store/mc/Run3Summer22MiniAODv4/TTtoLNu2Q_TuneCP5_13p6TeV_powheg-pythia8/MINIAODSIM/130X_mcRun3_2022_realistic_v5-v2/30000/febb9b67-0bc9-4fd0-9e30-a9a46b9c496b.root
01-Feb-2025 17:10:31 CST  Successfully opened file root://cmsxrootd.fnal.gov//store/mc/Run3Summer22MiniAODv4/TTtoLNu2Q_TuneCP5_13p6TeV_powheg-pythia8/MINIAODSIM/130X_mcRun3_2022_realistic_v5-v2/30000/febb9b67-0bc9-4fd0-9e30-a9a46b9c496b.root
Begin processing the 900001st record. Run 1, Event 18322960, LumiSection 26364 on stream 0 at 01-Feb-2025 17:10:32.956 CST
01-Feb-2025 17:10:33 CST  Closed file root://cmsxrootd.fnal.gov//store/mc/Run3Summer22MiniAODv4/TTtoLNu2Q_TuneCP5_13p6TeV_powheg-pythia8/MINIAODSIM/130X_mcRun3_2022_realistic_v5-v2/30000/febb9b67-0bc9-4fd0-9e30-a9a46b9c496b.root
01-Feb-2025 17:10:33 CST  Initiating request to open file root://cmsxrootd.fnal.gov//store/mc/Run3Summer22MiniAODv4/TTtoLNu2Q_TuneCP5_13p6TeV_powheg-pythia8/MINIAODSIM/130X_mcRun3_2022_realistic_v5-v2/30000/cc8f131d-7a2d-4270-b80e-1505f57aec43.root
01-Feb-2025 17:10:35 CST  Successfully opened file root://cmsxrootd.fnal.gov//store/mc/Run3Summer22MiniAODv4/TTtoLNu2Q_TuneCP5_13p6TeV_powheg-pythia8/MINIAODSIM/130X_mcRun3_2022_realistic_v5-v2/30000/cc8f131d-7a2d-4270-b80e-1505f57aec43.root
01-Feb-2025 17:10:37 CST  Closed file root://cmsxrootd.fnal.gov//store/mc/Run3Summer22MiniAODv4/TTtoLNu2Q_TuneCP5_13p6TeV_powheg-pythia8/MINIAODSIM/130X_mcRun3_2022_realistic_v5-v2/30000/cc8f131d-7a2d-4270-b80e-1505f57aec43.root
01-Feb-2025 17:10:37 CST  Initiating request to open file root://cmsxrootd.fnal.gov//store/mc/Run3Summer22MiniAODv4/TTtoLNu2Q_TuneCP5_13p6TeV_powheg-pythia8/MINIAODSIM/130X_mcRun3_2022_realistic_v5-v2/30000/7998047b-b5ff-4b3a-b659-371bb0fe141f.root
01-Feb-2025 17:10:39 CST  Successfully opened file root://cmsxrootd.fnal.gov//store/mc/Run3Summer22MiniAODv4/TTtoLNu2Q_TuneCP5_13p6TeV_powheg-pythia8/MINIAODSIM/130X_mcRun3_2022_realistic_v5-v2/30000/7998047b-b5ff-4b3a-b659-371bb0fe141f.root
    762.136984      0.269015      1.000000        311111
 
01-Feb-2025 17:10:40 CST  Closed file root://cmsxrootd.fnal.gov//store/mc/Run3Summer22MiniAODv4/TTtoLNu2Q_TuneCP5_13p6TeV_powheg-pythia8/MINIAODSIM/130X_mcRun3_2022_realistic_v5-v2/30000/7998047b-b5ff-4b3a-b659-371bb0fe141f.root

------------------------------------
GenXsecAnalyzer:
------------------------------------
-------------------------------------------------------------------------------------------------------------------------------------------------------------------------- 
Overall cross-section summary 
--------------------------------------------------------------------------------------------------------------------------------------------------------------------------
Process		xsec_before [pb]		passed	nposw	nnegw	tried	nposw	nnegw 	xsec_match [pb]			accepted [%]	 event_eff [%]
0		7.621e+02 +/- 1.345e-01		1000105	996059	4046	1000105	996059	4046	7.621e+02 +/- 1.345e-01		100.0 +/- 0.0	100.0 +/- 0.0
-------------------------------------------------------------------------------------------------------------------------------------------------------------------------- 
Total		7.621e+02 +/- 1.345e-01		1000105	996059	4046	1000105	996059	4046	7.621e+02 +/- 1.345e-01		100.0 +/- 0.0	100.0 +/- 0.0
--------------------------------------------------------------------------------------------------------------------------------------------------------------------------
Before matching: total cross section = 7.621e+02 +- 1.345e-01 pb
After matching: total cross section = 7.621e+02 +- 1.345e-01 pb
Matching efficiency = 1.0 +/- 0.0   [TO BE USED IN MCM]
Filter efficiency (taking into account weights)= (3.34355e+08) / (3.34355e+08) = 1.000e+00 +- 0.000e+00
Filter efficiency (event-level)= (1.0001e+06) / (1.0001e+06) = 1.000e+00 +- 0.000e+00    [TO BE USED IN MCM]

After filter: final cross section = 7.621e+02 +- 1.345e-01 pb
After filter: final fraction of events with negative weights = 4.046e-03 +- 2.347e-08
After filter: final equivalent lumi for 1M events (1/fb) = 1.291e+00 +- 1.300e-03
