01-Feb-2025 18:30:08 CST  Initiating request to open file root://cmsxrootd.fnal.gov//store/mc/Run3Summer22MiniAODv4/WtoLNu-4Jets_MLNu-0to120_HT-400to800_TuneCP5_13p6TeV_madgraphMLM-pythia8/MINIAODSIM/130X_mcRun3_2022_realistic_v5-v1/2560000/28bdfc71-d85a-49ea-a9a6-297eea58ba75.root
01-Feb-2025 18:30:12 CST  Successfully opened file root://cmsxrootd.fnal.gov//store/mc/Run3Summer22MiniAODv4/WtoLNu-4Jets_MLNu-0to120_HT-400to800_TuneCP5_13p6TeV_madgraphMLM-pythia8/MINIAODSIM/130X_mcRun3_2022_realistic_v5-v1/2560000/28bdfc71-d85a-49ea-a9a6-297eea58ba75.root
Begin processing the 1st record. Run 1, Event 41770297, LumiSection 4069 on stream 0 at 01-Feb-2025 18:30:15.168 CST
01-Feb-2025 18:30:15 CST  Closed file root://cmsxrootd.fnal.gov//store/mc/Run3Summer22MiniAODv4/WtoLNu-4Jets_MLNu-0to120_HT-400to800_TuneCP5_13p6TeV_madgraphMLM-pythia8/MINIAODSIM/130X_mcRun3_2022_realistic_v5-v1/2560000/28bdfc71-d85a-49ea-a9a6-297eea58ba75.root
01-Feb-2025 18:30:15 CST  Initiating request to open file root://cmsxrootd.fnal.gov//store/mc/Run3Summer22MiniAODv4/WtoLNu-4Jets_MLNu-0to120_HT-400to800_TuneCP5_13p6TeV_madgraphMLM-pythia8/MINIAODSIM/130X_mcRun3_2022_realistic_v5-v1/2560000/e8cb840c-e3d0-4b06-87fa-83cefe52817f.root
01-Feb-2025 18:30:18 CST  Successfully opened file root://cmsxrootd.fnal.gov//store/mc/Run3Summer22MiniAODv4/WtoLNu-4Jets_MLNu-0to120_HT-400to800_TuneCP5_13p6TeV_madgraphMLM-pythia8/MINIAODSIM/130X_mcRun3_2022_realistic_v5-v1/2560000/e8cb840c-e3d0-4b06-87fa-83cefe52817f.root
01-Feb-2025 18:30:21 CST  Closed file root://cmsxrootd.fnal.gov//store/mc/Run3Summer22MiniAODv4/WtoLNu-4Jets_MLNu-0to120_HT-400to800_TuneCP5_13p6TeV_madgraphMLM-pythia8/MINIAODSIM/130X_mcRun3_2022_realistic_v5-v1/2560000/e8cb840c-e3d0-4b06-87fa-83cefe52817f.root
01-Feb-2025 18:30:21 CST  Initiating request to open file root://cmsxrootd.fnal.gov//store/mc/Run3Summer22MiniAODv4/WtoLNu-4Jets_MLNu-0to120_HT-400to800_TuneCP5_13p6TeV_madgraphMLM-pythia8/MINIAODSIM/130X_mcRun3_2022_realistic_v5-v1/2560000/2aa4d3a5-6165-43ed-8864-a51111188974.root
01-Feb-2025 18:30:23 CST  Successfully opened file root://cmsxrootd.fnal.gov//store/mc/Run3Summer22MiniAODv4/WtoLNu-4Jets_MLNu-0to120_HT-400to800_TuneCP5_13p6TeV_madgraphMLM-pythia8/MINIAODSIM/130X_mcRun3_2022_realistic_v5-v1/2560000/2aa4d3a5-6165-43ed-8864-a51111188974.root
Begin processing the 100001st record. Run 1, Event 43833632, LumiSection 4269 on stream 0 at 01-Feb-2025 18:30:26.254 CST
01-Feb-2025 18:30:26 CST  Closed file root://cmsxrootd.fnal.gov//store/mc/Run3Summer22MiniAODv4/WtoLNu-4Jets_MLNu-0to120_HT-400to800_TuneCP5_13p6TeV_madgraphMLM-pythia8/MINIAODSIM/130X_mcRun3_2022_realistic_v5-v1/2560000/2aa4d3a5-6165-43ed-8864-a51111188974.root
01-Feb-2025 18:30:26 CST  Initiating request to open file root://cmsxrootd.fnal.gov//store/mc/Run3Summer22MiniAODv4/WtoLNu-4Jets_MLNu-0to120_HT-400to800_TuneCP5_13p6TeV_madgraphMLM-pythia8/MINIAODSIM/130X_mcRun3_2022_realistic_v5-v1/2560000/19207f9f-e800-42b6-8517-864e811efab7.root
01-Feb-2025 18:30:29 CST  Successfully opened file root://cmsxrootd.fnal.gov//store/mc/Run3Summer22MiniAODv4/WtoLNu-4Jets_MLNu-0to120_HT-400to800_TuneCP5_13p6TeV_madgraphMLM-pythia8/MINIAODSIM/130X_mcRun3_2022_realistic_v5-v1/2560000/19207f9f-e800-42b6-8517-864e811efab7.root
01-Feb-2025 18:30:31 CST  Closed file root://cmsxrootd.fnal.gov//store/mc/Run3Summer22MiniAODv4/WtoLNu-4Jets_MLNu-0to120_HT-400to800_TuneCP5_13p6TeV_madgraphMLM-pythia8/MINIAODSIM/130X_mcRun3_2022_realistic_v5-v1/2560000/19207f9f-e800-42b6-8517-864e811efab7.root
01-Feb-2025 18:30:31 CST  Initiating request to open file root://cmsxrootd.fnal.gov//store/mc/Run3Summer22MiniAODv4/WtoLNu-4Jets_MLNu-0to120_HT-400to800_TuneCP5_13p6TeV_madgraphMLM-pythia8/MINIAODSIM/130X_mcRun3_2022_realistic_v5-v1/2560000/eaffb6a5-f2f3-44ed-9cef-388913c24de3.root
01-Feb-2025 18:30:34 CST  Successfully opened file root://cmsxrootd.fnal.gov//store/mc/Run3Summer22MiniAODv4/WtoLNu-4Jets_MLNu-0to120_HT-400to800_TuneCP5_13p6TeV_madgraphMLM-pythia8/MINIAODSIM/130X_mcRun3_2022_realistic_v5-v1/2560000/eaffb6a5-f2f3-44ed-9cef-388913c24de3.root
Begin processing the 200001st record. Run 1, Event 11824233, LumiSection 1152 on stream 0 at 01-Feb-2025 18:30:36.281 CST
01-Feb-2025 18:30:36 CST  Closed file root://cmsxrootd.fnal.gov//store/mc/Run3Summer22MiniAODv4/WtoLNu-4Jets_MLNu-0to120_HT-400to800_TuneCP5_13p6TeV_madgraphMLM-pythia8/MINIAODSIM/130X_mcRun3_2022_realistic_v5-v1/2560000/eaffb6a5-f2f3-44ed-9cef-388913c24de3.root
01-Feb-2025 18:30:36 CST  Initiating request to open file root://cmsxrootd.fnal.gov//store/mc/Run3Summer22MiniAODv4/WtoLNu-4Jets_MLNu-0to120_HT-400to800_TuneCP5_13p6TeV_madgraphMLM-pythia8/MINIAODSIM/130X_mcRun3_2022_realistic_v5-v1/2560000/fd268893-250d-4cf2-9b8c-46dc610dd69b.root
01-Feb-2025 18:30:38 CST  Successfully opened file root://cmsxrootd.fnal.gov//store/mc/Run3Summer22MiniAODv4/WtoLNu-4Jets_MLNu-0to120_HT-400to800_TuneCP5_13p6TeV_madgraphMLM-pythia8/MINIAODSIM/130X_mcRun3_2022_realistic_v5-v1/2560000/fd268893-250d-4cf2-9b8c-46dc610dd69b.root
01-Feb-2025 18:30:40 CST  Closed file root://cmsxrootd.fnal.gov//store/mc/Run3Summer22MiniAODv4/WtoLNu-4Jets_MLNu-0to120_HT-400to800_TuneCP5_13p6TeV_madgraphMLM-pythia8/MINIAODSIM/130X_mcRun3_2022_realistic_v5-v1/2560000/fd268893-250d-4cf2-9b8c-46dc610dd69b.root
01-Feb-2025 18:30:40 CST  Initiating request to open file root://cmsxrootd.fnal.gov//store/mc/Run3Summer22MiniAODv4/WtoLNu-4Jets_MLNu-0to120_HT-400to800_TuneCP5_13p6TeV_madgraphMLM-pythia8/MINIAODSIM/130X_mcRun3_2022_realistic_v5-v1/2560000/3c2f8c97-7688-40c0-9943-5d8aab433dde.root
01-Feb-2025 18:30:43 CST  Successfully opened file root://cmsxrootd.fnal.gov//store/mc/Run3Summer22MiniAODv4/WtoLNu-4Jets_MLNu-0to120_HT-400to800_TuneCP5_13p6TeV_madgraphMLM-pythia8/MINIAODSIM/130X_mcRun3_2022_realistic_v5-v1/2560000/3c2f8c97-7688-40c0-9943-5d8aab433dde.root
01-Feb-2025 18:30:45 CST  Closed file root://cmsxrootd.fnal.gov//store/mc/Run3Summer22MiniAODv4/WtoLNu-4Jets_MLNu-0to120_HT-400to800_TuneCP5_13p6TeV_madgraphMLM-pythia8/MINIAODSIM/130X_mcRun3_2022_realistic_v5-v1/2560000/3c2f8c97-7688-40c0-9943-5d8aab433dde.root
01-Feb-2025 18:30:45 CST  Initiating request to open file root://cmsxrootd.fnal.gov//store/mc/Run3Summer22MiniAODv4/WtoLNu-4Jets_MLNu-0to120_HT-400to800_TuneCP5_13p6TeV_madgraphMLM-pythia8/MINIAODSIM/130X_mcRun3_2022_realistic_v5-v1/2560000/4c211efc-b3ea-4f7d-b2c2-1d4aca7f3b2d.root
01-Feb-2025 18:30:48 CST  Successfully opened file root://cmsxrootd.fnal.gov//store/mc/Run3Summer22MiniAODv4/WtoLNu-4Jets_MLNu-0to120_HT-400to800_TuneCP5_13p6TeV_madgraphMLM-pythia8/MINIAODSIM/130X_mcRun3_2022_realistic_v5-v1/2560000/4c211efc-b3ea-4f7d-b2c2-1d4aca7f3b2d.root
Begin processing the 300001st record. Run 1, Event 22040121, LumiSection 2147 on stream 0 at 01-Feb-2025 18:30:50.539 CST
01-Feb-2025 18:30:50 CST  Closed file root://cmsxrootd.fnal.gov//store/mc/Run3Summer22MiniAODv4/WtoLNu-4Jets_MLNu-0to120_HT-400to800_TuneCP5_13p6TeV_madgraphMLM-pythia8/MINIAODSIM/130X_mcRun3_2022_realistic_v5-v1/2560000/4c211efc-b3ea-4f7d-b2c2-1d4aca7f3b2d.root
01-Feb-2025 18:30:50 CST  Initiating request to open file root://cmsxrootd.fnal.gov//store/mc/Run3Summer22MiniAODv4/WtoLNu-4Jets_MLNu-0to120_HT-400to800_TuneCP5_13p6TeV_madgraphMLM-pythia8/MINIAODSIM/130X_mcRun3_2022_realistic_v5-v1/2560000/2fa37d30-cd2c-4cf8-a16e-9d22b02d9f5e.root
01-Feb-2025 18:30:53 CST  Successfully opened file root://cmsxrootd.fnal.gov//store/mc/Run3Summer22MiniAODv4/WtoLNu-4Jets_MLNu-0to120_HT-400to800_TuneCP5_13p6TeV_madgraphMLM-pythia8/MINIAODSIM/130X_mcRun3_2022_realistic_v5-v1/2560000/2fa37d30-cd2c-4cf8-a16e-9d22b02d9f5e.root
01-Feb-2025 18:30:56 CST  Closed file root://cmsxrootd.fnal.gov//store/mc/Run3Summer22MiniAODv4/WtoLNu-4Jets_MLNu-0to120_HT-400to800_TuneCP5_13p6TeV_madgraphMLM-pythia8/MINIAODSIM/130X_mcRun3_2022_realistic_v5-v1/2560000/2fa37d30-cd2c-4cf8-a16e-9d22b02d9f5e.root
01-Feb-2025 18:30:56 CST  Initiating request to open file root://cmsxrootd.fnal.gov//store/mc/Run3Summer22MiniAODv4/WtoLNu-4Jets_MLNu-0to120_HT-400to800_TuneCP5_13p6TeV_madgraphMLM-pythia8/MINIAODSIM/130X_mcRun3_2022_realistic_v5-v1/2560000/6494798b-74ce-457d-a40e-289c5f40f2c0.root
01-Feb-2025 18:30:58 CST  Successfully opened file root://cmsxrootd.fnal.gov//store/mc/Run3Summer22MiniAODv4/WtoLNu-4Jets_MLNu-0to120_HT-400to800_TuneCP5_13p6TeV_madgraphMLM-pythia8/MINIAODSIM/130X_mcRun3_2022_realistic_v5-v1/2560000/6494798b-74ce-457d-a40e-289c5f40f2c0.root
Begin processing the 400001st record. Run 1, Event 20724448, LumiSection 2019 on stream 0 at 01-Feb-2025 18:31:00.658 CST
01-Feb-2025 18:31:01 CST  Closed file root://cmsxrootd.fnal.gov//store/mc/Run3Summer22MiniAODv4/WtoLNu-4Jets_MLNu-0to120_HT-400to800_TuneCP5_13p6TeV_madgraphMLM-pythia8/MINIAODSIM/130X_mcRun3_2022_realistic_v5-v1/2560000/6494798b-74ce-457d-a40e-289c5f40f2c0.root
01-Feb-2025 18:31:01 CST  Initiating request to open file root://cmsxrootd.fnal.gov//store/mc/Run3Summer22MiniAODv4/WtoLNu-4Jets_MLNu-0to120_HT-400to800_TuneCP5_13p6TeV_madgraphMLM-pythia8/MINIAODSIM/130X_mcRun3_2022_realistic_v5-v1/2560000/86181027-1df2-4db9-8637-af018212172d.root
01-Feb-2025 18:31:03 CST  Successfully opened file root://cmsxrootd.fnal.gov//store/mc/Run3Summer22MiniAODv4/WtoLNu-4Jets_MLNu-0to120_HT-400to800_TuneCP5_13p6TeV_madgraphMLM-pythia8/MINIAODSIM/130X_mcRun3_2022_realistic_v5-v1/2560000/86181027-1df2-4db9-8637-af018212172d.root
01-Feb-2025 18:31:05 CST  Closed file root://cmsxrootd.fnal.gov//store/mc/Run3Summer22MiniAODv4/WtoLNu-4Jets_MLNu-0to120_HT-400to800_TuneCP5_13p6TeV_madgraphMLM-pythia8/MINIAODSIM/130X_mcRun3_2022_realistic_v5-v1/2560000/86181027-1df2-4db9-8637-af018212172d.root
01-Feb-2025 18:31:05 CST  Initiating request to open file root://cmsxrootd.fnal.gov//store/mc/Run3Summer22MiniAODv4/WtoLNu-4Jets_MLNu-0to120_HT-400to800_TuneCP5_13p6TeV_madgraphMLM-pythia8/MINIAODSIM/130X_mcRun3_2022_realistic_v5-v1/2560000/3f6d879b-772c-47e7-b22f-468a0f570785.root
01-Feb-2025 18:31:08 CST  Successfully opened file root://cmsxrootd.fnal.gov//store/mc/Run3Summer22MiniAODv4/WtoLNu-4Jets_MLNu-0to120_HT-400to800_TuneCP5_13p6TeV_madgraphMLM-pythia8/MINIAODSIM/130X_mcRun3_2022_realistic_v5-v1/2560000/3f6d879b-772c-47e7-b22f-468a0f570785.root
01-Feb-2025 18:31:10 CST  Closed file root://cmsxrootd.fnal.gov//store/mc/Run3Summer22MiniAODv4/WtoLNu-4Jets_MLNu-0to120_HT-400to800_TuneCP5_13p6TeV_madgraphMLM-pythia8/MINIAODSIM/130X_mcRun3_2022_realistic_v5-v1/2560000/3f6d879b-772c-47e7-b22f-468a0f570785.root
01-Feb-2025 18:31:10 CST  Initiating request to open file root://cmsxrootd.fnal.gov//store/mc/Run3Summer22MiniAODv4/WtoLNu-4Jets_MLNu-0to120_HT-400to800_TuneCP5_13p6TeV_madgraphMLM-pythia8/MINIAODSIM/130X_mcRun3_2022_realistic_v5-v1/2560000/e4ebc6bb-b499-4d58-bc2a-0e03bfb2ce8e.root
01-Feb-2025 18:31:12 CST  Successfully opened file root://cmsxrootd.fnal.gov//store/mc/Run3Summer22MiniAODv4/WtoLNu-4Jets_MLNu-0to120_HT-400to800_TuneCP5_13p6TeV_madgraphMLM-pythia8/MINIAODSIM/130X_mcRun3_2022_realistic_v5-v1/2560000/e4ebc6bb-b499-4d58-bc2a-0e03bfb2ce8e.root
Begin processing the 500001st record. Run 1, Event 22684388, LumiSection 2210 on stream 0 at 01-Feb-2025 18:31:14.607 CST
01-Feb-2025 18:31:14 CST  Closed file root://cmsxrootd.fnal.gov//store/mc/Run3Summer22MiniAODv4/WtoLNu-4Jets_MLNu-0to120_HT-400to800_TuneCP5_13p6TeV_madgraphMLM-pythia8/MINIAODSIM/130X_mcRun3_2022_realistic_v5-v1/2560000/e4ebc6bb-b499-4d58-bc2a-0e03bfb2ce8e.root
01-Feb-2025 18:31:14 CST  Initiating request to open file root://cmsxrootd.fnal.gov//store/mc/Run3Summer22MiniAODv4/WtoLNu-4Jets_MLNu-0to120_HT-400to800_TuneCP5_13p6TeV_madgraphMLM-pythia8/MINIAODSIM/130X_mcRun3_2022_realistic_v5-v1/2560000/d194bc8a-4fd5-43fe-aa2d-2482d1c001e7.root
01-Feb-2025 18:31:17 CST  Successfully opened file root://cmsxrootd.fnal.gov//store/mc/Run3Summer22MiniAODv4/WtoLNu-4Jets_MLNu-0to120_HT-400to800_TuneCP5_13p6TeV_madgraphMLM-pythia8/MINIAODSIM/130X_mcRun3_2022_realistic_v5-v1/2560000/d194bc8a-4fd5-43fe-aa2d-2482d1c001e7.root
01-Feb-2025 18:31:19 CST  Closed file root://cmsxrootd.fnal.gov//store/mc/Run3Summer22MiniAODv4/WtoLNu-4Jets_MLNu-0to120_HT-400to800_TuneCP5_13p6TeV_madgraphMLM-pythia8/MINIAODSIM/130X_mcRun3_2022_realistic_v5-v1/2560000/d194bc8a-4fd5-43fe-aa2d-2482d1c001e7.root
01-Feb-2025 18:31:19 CST  Initiating request to open file root://cmsxrootd.fnal.gov//store/mc/Run3Summer22MiniAODv4/WtoLNu-4Jets_MLNu-0to120_HT-400to800_TuneCP5_13p6TeV_madgraphMLM-pythia8/MINIAODSIM/130X_mcRun3_2022_realistic_v5-v1/2560000/a6820f54-1a4b-4d42-88c1-568672ba137b.root
01-Feb-2025 18:31:21 CST  Successfully opened file root://cmsxrootd.fnal.gov//store/mc/Run3Summer22MiniAODv4/WtoLNu-4Jets_MLNu-0to120_HT-400to800_TuneCP5_13p6TeV_madgraphMLM-pythia8/MINIAODSIM/130X_mcRun3_2022_realistic_v5-v1/2560000/a6820f54-1a4b-4d42-88c1-568672ba137b.root
Begin processing the 600001st record. Run 1, Event 24646392, LumiSection 2401 on stream 0 at 01-Feb-2025 18:31:24.511 CST
01-Feb-2025 18:31:24 CST  Closed file root://cmsxrootd.fnal.gov//store/mc/Run3Summer22MiniAODv4/WtoLNu-4Jets_MLNu-0to120_HT-400to800_TuneCP5_13p6TeV_madgraphMLM-pythia8/MINIAODSIM/130X_mcRun3_2022_realistic_v5-v1/2560000/a6820f54-1a4b-4d42-88c1-568672ba137b.root
01-Feb-2025 18:31:24 CST  Initiating request to open file root://cmsxrootd.fnal.gov//store/mc/Run3Summer22MiniAODv4/WtoLNu-4Jets_MLNu-0to120_HT-400to800_TuneCP5_13p6TeV_madgraphMLM-pythia8/MINIAODSIM/130X_mcRun3_2022_realistic_v5-v1/2560000/545fd41d-24e0-4737-87ee-6c6636fba772.root
01-Feb-2025 18:31:26 CST  Successfully opened file root://cmsxrootd.fnal.gov//store/mc/Run3Summer22MiniAODv4/WtoLNu-4Jets_MLNu-0to120_HT-400to800_TuneCP5_13p6TeV_madgraphMLM-pythia8/MINIAODSIM/130X_mcRun3_2022_realistic_v5-v1/2560000/545fd41d-24e0-4737-87ee-6c6636fba772.root
01-Feb-2025 18:31:28 CST  Closed file root://cmsxrootd.fnal.gov//store/mc/Run3Summer22MiniAODv4/WtoLNu-4Jets_MLNu-0to120_HT-400to800_TuneCP5_13p6TeV_madgraphMLM-pythia8/MINIAODSIM/130X_mcRun3_2022_realistic_v5-v1/2560000/545fd41d-24e0-4737-87ee-6c6636fba772.root
01-Feb-2025 18:31:28 CST  Initiating request to open file root://cmsxrootd.fnal.gov//store/mc/Run3Summer22MiniAODv4/WtoLNu-4Jets_MLNu-0to120_HT-400to800_TuneCP5_13p6TeV_madgraphMLM-pythia8/MINIAODSIM/130X_mcRun3_2022_realistic_v5-v1/2560000/470cdc18-4f76-4a76-8caa-8ce698e001c2.root
01-Feb-2025 18:31:31 CST  Successfully opened file root://cmsxrootd.fnal.gov//store/mc/Run3Summer22MiniAODv4/WtoLNu-4Jets_MLNu-0to120_HT-400to800_TuneCP5_13p6TeV_madgraphMLM-pythia8/MINIAODSIM/130X_mcRun3_2022_realistic_v5-v1/2560000/470cdc18-4f76-4a76-8caa-8ce698e001c2.root
01-Feb-2025 18:31:33 CST  Closed file root://cmsxrootd.fnal.gov//store/mc/Run3Summer22MiniAODv4/WtoLNu-4Jets_MLNu-0to120_HT-400to800_TuneCP5_13p6TeV_madgraphMLM-pythia8/MINIAODSIM/130X_mcRun3_2022_realistic_v5-v1/2560000/470cdc18-4f76-4a76-8caa-8ce698e001c2.root
01-Feb-2025 18:31:33 CST  Initiating request to open file root://cmsxrootd.fnal.gov//store/mc/Run3Summer22MiniAODv4/WtoLNu-4Jets_MLNu-0to120_HT-400to800_TuneCP5_13p6TeV_madgraphMLM-pythia8/MINIAODSIM/130X_mcRun3_2022_realistic_v5-v1/2560000/e714c8f4-6104-495c-80ce-801c19c0567a.root
01-Feb-2025 18:31:36 CST  Successfully opened file root://cmsxrootd.fnal.gov//store/mc/Run3Summer22MiniAODv4/WtoLNu-4Jets_MLNu-0to120_HT-400to800_TuneCP5_13p6TeV_madgraphMLM-pythia8/MINIAODSIM/130X_mcRun3_2022_realistic_v5-v1/2560000/e714c8f4-6104-495c-80ce-801c19c0567a.root
Begin processing the 700001st record. Run 1, Event 21042105, LumiSection 2050 on stream 0 at 01-Feb-2025 18:31:38.607 CST
01-Feb-2025 18:31:39 CST  Closed file root://cmsxrootd.fnal.gov//store/mc/Run3Summer22MiniAODv4/WtoLNu-4Jets_MLNu-0to120_HT-400to800_TuneCP5_13p6TeV_madgraphMLM-pythia8/MINIAODSIM/130X_mcRun3_2022_realistic_v5-v1/2560000/e714c8f4-6104-495c-80ce-801c19c0567a.root
01-Feb-2025 18:31:39 CST  Initiating request to open file root://cmsxrootd.fnal.gov//store/mc/Run3Summer22MiniAODv4/WtoLNu-4Jets_MLNu-0to120_HT-400to800_TuneCP5_13p6TeV_madgraphMLM-pythia8/MINIAODSIM/130X_mcRun3_2022_realistic_v5-v1/2560000/80e0c73c-74ab-4c6e-b4c8-6949f800c540.root
01-Feb-2025 18:31:41 CST  Successfully opened file root://cmsxrootd.fnal.gov//store/mc/Run3Summer22MiniAODv4/WtoLNu-4Jets_MLNu-0to120_HT-400to800_TuneCP5_13p6TeV_madgraphMLM-pythia8/MINIAODSIM/130X_mcRun3_2022_realistic_v5-v1/2560000/80e0c73c-74ab-4c6e-b4c8-6949f800c540.root
01-Feb-2025 18:31:44 CST  Closed file root://cmsxrootd.fnal.gov//store/mc/Run3Summer22MiniAODv4/WtoLNu-4Jets_MLNu-0to120_HT-400to800_TuneCP5_13p6TeV_madgraphMLM-pythia8/MINIAODSIM/130X_mcRun3_2022_realistic_v5-v1/2560000/80e0c73c-74ab-4c6e-b4c8-6949f800c540.root
01-Feb-2025 18:31:44 CST  Initiating request to open file root://cmsxrootd.fnal.gov//store/mc/Run3Summer22MiniAODv4/WtoLNu-4Jets_MLNu-0to120_HT-400to800_TuneCP5_13p6TeV_madgraphMLM-pythia8/MINIAODSIM/130X_mcRun3_2022_realistic_v5-v1/2560000/84fbd0f1-2031-44ed-8cfe-1a040272f0bc.root
01-Feb-2025 18:31:46 CST  Successfully opened file root://cmsxrootd.fnal.gov//store/mc/Run3Summer22MiniAODv4/WtoLNu-4Jets_MLNu-0to120_HT-400to800_TuneCP5_13p6TeV_madgraphMLM-pythia8/MINIAODSIM/130X_mcRun3_2022_realistic_v5-v1/2560000/84fbd0f1-2031-44ed-8cfe-1a040272f0bc.root
Begin processing the 800001st record. Run 1, Event 20887901, LumiSection 2035 on stream 0 at 01-Feb-2025 18:31:48.617 CST
01-Feb-2025 18:31:49 CST  Closed file root://cmsxrootd.fnal.gov//store/mc/Run3Summer22MiniAODv4/WtoLNu-4Jets_MLNu-0to120_HT-400to800_TuneCP5_13p6TeV_madgraphMLM-pythia8/MINIAODSIM/130X_mcRun3_2022_realistic_v5-v1/2560000/84fbd0f1-2031-44ed-8cfe-1a040272f0bc.root
01-Feb-2025 18:31:49 CST  Initiating request to open file root://cmsxrootd.fnal.gov//store/mc/Run3Summer22MiniAODv4/WtoLNu-4Jets_MLNu-0to120_HT-400to800_TuneCP5_13p6TeV_madgraphMLM-pythia8/MINIAODSIM/130X_mcRun3_2022_realistic_v5-v1/2560000/b7abfc51-4497-4476-9b8e-a78b7118df9d.root
01-Feb-2025 18:31:51 CST  Successfully opened file root://cmsxrootd.fnal.gov//store/mc/Run3Summer22MiniAODv4/WtoLNu-4Jets_MLNu-0to120_HT-400to800_TuneCP5_13p6TeV_madgraphMLM-pythia8/MINIAODSIM/130X_mcRun3_2022_realistic_v5-v1/2560000/b7abfc51-4497-4476-9b8e-a78b7118df9d.root
01-Feb-2025 18:31:53 CST  Closed file root://cmsxrootd.fnal.gov//store/mc/Run3Summer22MiniAODv4/WtoLNu-4Jets_MLNu-0to120_HT-400to800_TuneCP5_13p6TeV_madgraphMLM-pythia8/MINIAODSIM/130X_mcRun3_2022_realistic_v5-v1/2560000/b7abfc51-4497-4476-9b8e-a78b7118df9d.root
01-Feb-2025 18:31:53 CST  Initiating request to open file root://cmsxrootd.fnal.gov//store/mc/Run3Summer22MiniAODv4/WtoLNu-4Jets_MLNu-0to120_HT-400to800_TuneCP5_13p6TeV_madgraphMLM-pythia8/MINIAODSIM/130X_mcRun3_2022_realistic_v5-v1/2560000/0a98ee27-2d11-4e15-a8c5-548256ce17f7.root
01-Feb-2025 18:31:55 CST  Successfully opened file root://cmsxrootd.fnal.gov//store/mc/Run3Summer22MiniAODv4/WtoLNu-4Jets_MLNu-0to120_HT-400to800_TuneCP5_13p6TeV_madgraphMLM-pythia8/MINIAODSIM/130X_mcRun3_2022_realistic_v5-v1/2560000/0a98ee27-2d11-4e15-a8c5-548256ce17f7.root
01-Feb-2025 18:31:57 CST  Closed file root://cmsxrootd.fnal.gov//store/mc/Run3Summer22MiniAODv4/WtoLNu-4Jets_MLNu-0to120_HT-400to800_TuneCP5_13p6TeV_madgraphMLM-pythia8/MINIAODSIM/130X_mcRun3_2022_realistic_v5-v1/2560000/0a98ee27-2d11-4e15-a8c5-548256ce17f7.root
01-Feb-2025 18:31:57 CST  Initiating request to open file root://cmsxrootd.fnal.gov//store/mc/Run3Summer22MiniAODv4/WtoLNu-4Jets_MLNu-0to120_HT-400to800_TuneCP5_13p6TeV_madgraphMLM-pythia8/MINIAODSIM/130X_mcRun3_2022_realistic_v5-v1/2560000/760007e0-dd9a-48b8-8c67-77e7aac8cee2.root
01-Feb-2025 18:32:00 CST  Successfully opened file root://cmsxrootd.fnal.gov//store/mc/Run3Summer22MiniAODv4/WtoLNu-4Jets_MLNu-0to120_HT-400to800_TuneCP5_13p6TeV_madgraphMLM-pythia8/MINIAODSIM/130X_mcRun3_2022_realistic_v5-v1/2560000/760007e0-dd9a-48b8-8c67-77e7aac8cee2.root
Begin processing the 900001st record. Run 1, Event 45766852, LumiSection 4458 on stream 0 at 01-Feb-2025 18:32:01.857 CST
01-Feb-2025 18:32:02 CST  Closed file root://cmsxrootd.fnal.gov//store/mc/Run3Summer22MiniAODv4/WtoLNu-4Jets_MLNu-0to120_HT-400to800_TuneCP5_13p6TeV_madgraphMLM-pythia8/MINIAODSIM/130X_mcRun3_2022_realistic_v5-v1/2560000/760007e0-dd9a-48b8-8c67-77e7aac8cee2.root
01-Feb-2025 18:32:02 CST  Initiating request to open file root://cmsxrootd.fnal.gov//store/mc/Run3Summer22MiniAODv4/WtoLNu-4Jets_MLNu-0to120_HT-400to800_TuneCP5_13p6TeV_madgraphMLM-pythia8/MINIAODSIM/130X_mcRun3_2022_realistic_v5-v1/2560000/113d8d7f-4446-40a6-8cd4-cb51c27d8833.root
01-Feb-2025 18:32:04 CST  Successfully opened file root://cmsxrootd.fnal.gov//store/mc/Run3Summer22MiniAODv4/WtoLNu-4Jets_MLNu-0to120_HT-400to800_TuneCP5_13p6TeV_madgraphMLM-pythia8/MINIAODSIM/130X_mcRun3_2022_realistic_v5-v1/2560000/113d8d7f-4446-40a6-8cd4-cb51c27d8833.root
01-Feb-2025 18:32:06 CST  Closed file root://cmsxrootd.fnal.gov//store/mc/Run3Summer22MiniAODv4/WtoLNu-4Jets_MLNu-0to120_HT-400to800_TuneCP5_13p6TeV_madgraphMLM-pythia8/MINIAODSIM/130X_mcRun3_2022_realistic_v5-v1/2560000/113d8d7f-4446-40a6-8cd4-cb51c27d8833.root
01-Feb-2025 18:32:06 CST  Initiating request to open file root://cmsxrootd.fnal.gov//store/mc/Run3Summer22MiniAODv4/WtoLNu-4Jets_MLNu-0to120_HT-400to800_TuneCP5_13p6TeV_madgraphMLM-pythia8/MINIAODSIM/130X_mcRun3_2022_realistic_v5-v1/2560000/53f99d54-b247-4a35-b785-d3fbd5b9e6f5.root
01-Feb-2025 18:32:09 CST  Successfully opened file root://cmsxrootd.fnal.gov//store/mc/Run3Summer22MiniAODv4/WtoLNu-4Jets_MLNu-0to120_HT-400to800_TuneCP5_13p6TeV_madgraphMLM-pythia8/MINIAODSIM/130X_mcRun3_2022_realistic_v5-v1/2560000/53f99d54-b247-4a35-b785-d3fbd5b9e6f5.root
    145.451000      0.474886    986.663200             9
    251.524000      0.692025    986.663200             8
     68.022500      0.350629    664.951800             7
    115.814000      0.505854    986.663200             6
     17.323800      0.202997    664.951800             5
     29.075200      0.282275    664.951800             4
      0.719649      0.013478    629.540100             3
      1.427730      0.024018    664.951800             2
 
01-Feb-2025 18:32:11 CST  Closed file root://cmsxrootd.fnal.gov//store/mc/Run3Summer22MiniAODv4/WtoLNu-4Jets_MLNu-0to120_HT-400to800_TuneCP5_13p6TeV_madgraphMLM-pythia8/MINIAODSIM/130X_mcRun3_2022_realistic_v5-v1/2560000/53f99d54-b247-4a35-b785-d3fbd5b9e6f5.root

------------------------------------
GenXsecAnalyzer:
------------------------------------
-------------------------------------------------------------------------------------------------------------------------------------------------------------------------- 
Overall cross-section summary 
--------------------------------------------------------------------------------------------------------------------------------------------------------------------------
Process		xsec_before [pb]		passed	nposw	nnegw	tried	nposw	nnegw 	xsec_match [pb]			accepted [%]	 event_eff [%]
0		1.472e+00 +/- 4.331e-04		3590	3590	0	29100	29100	0	1.816e-01 +/- 2.838e-03		12.3 +/- 0.2	12.3 +/- 0.2
1		7.817e-01 +/- 2.448e-04		1940	1940	0	15274	15274	0	9.929e-02 +/- 2.106e-03		12.7 +/- 0.3	12.7 +/- 0.3
2		2.913e+01 +/- 4.874e-03		60421	60421	0	566784	566784	0	3.105e+00 +/- 1.195e-02		10.7 +/- 0.0	10.7 +/- 0.0
3		1.723e+01 +/- 3.534e-03		39191	39191	0	340498	340498	0	1.983e+00 +/- 9.433e-03		11.5 +/- 0.1	11.5 +/- 0.1
4		1.155e+02 +/- 8.573e-03		146643	146643	0	2361129	2361129	0	7.172e+00 +/- 1.815e-02		6.2 +/- 0.0	6.2 +/- 0.0
5		6.788e+01 +/- 6.229e-03		93450	93450	0	1421461	1421461	0	4.463e+00 +/- 1.412e-02		6.6 +/- 0.0	6.6 +/- 0.0
6		2.501e+02 +/- 1.204e-02		562141	562141	0	5237608	5237608	0	2.685e+01 +/- 3.386e-02		10.7 +/- 0.0	10.7 +/- 0.0
7		1.451e+02 +/- 8.480e-03		336116	336116	0	3015301	3015301	0	1.617e+01 +/- 2.631e-02		11.1 +/- 0.0	11.1 +/- 0.0
-------------------------------------------------------------------------------------------------------------------------------------------------------------------------- 
Total		6.272e+02 +/- 1.912e-02		1243492	1243492	0	12987155	12987155	0	6.005e+01 +/- 5.124e-02		9.6 +/- 0.0	9.6 +/- 0.0
--------------------------------------------------------------------------------------------------------------------------------------------------------------------------
Before matching: total cross section = 6.272e+02 +- 1.912e-02 pb
After matching: total cross section = 6.005e+01 +- 5.124e-02 pb
Matching efficiency = 0.1 +/- 0.0   [TO BE USED IN MCM]
Filter efficiency (taking into account weights)= (6.2766e+08) / (6.2766e+08) = 1.000e+00 +- 0.000e+00
Filter efficiency (event-level)= (1.00064e+06) / (1.00064e+06) = 1.000e+00 +- 0.000e+00    [TO BE USED IN MCM]

After filter: final cross section = 6.005e+01 +- 5.124e-02 pb
After filter: final fraction of events with negative weights = 0.000e+00 +- 0.000e+00
After filter: final equivalent lumi for 1M events (1/fb) = 1.665e+01 +- 2.189e-02
