01-Feb-2025 18:24:59 CST  Initiating request to open file root://cmsxrootd.fnal.gov//store/mc/Run3Summer22MiniAODv4/WtoLNu-4Jets_MLNu-0to120_HT-1500to2500_TuneCP5_13p6TeV_madgraphMLM-pythia8/MINIAODSIM/130X_mcRun3_2022_realistic_v5-v2/40000/c031b849-2698-47c0-b1ba-91632e60320a.root
01-Feb-2025 18:25:02 CST  Successfully opened file root://cmsxrootd.fnal.gov//store/mc/Run3Summer22MiniAODv4/WtoLNu-4Jets_MLNu-0to120_HT-1500to2500_TuneCP5_13p6TeV_madgraphMLM-pythia8/MINIAODSIM/130X_mcRun3_2022_realistic_v5-v2/40000/c031b849-2698-47c0-b1ba-91632e60320a.root
Begin processing the 1st record. Run 1, Event 104663, LumiSection 26 on stream 0 at 01-Feb-2025 18:25:04.175 CST
01-Feb-2025 18:25:04 CST  Closed file root://cmsxrootd.fnal.gov//store/mc/Run3Summer22MiniAODv4/WtoLNu-4Jets_MLNu-0to120_HT-1500to2500_TuneCP5_13p6TeV_madgraphMLM-pythia8/MINIAODSIM/130X_mcRun3_2022_realistic_v5-v2/40000/c031b849-2698-47c0-b1ba-91632e60320a.root
01-Feb-2025 18:25:04 CST  Initiating request to open file root://cmsxrootd.fnal.gov//store/mc/Run3Summer22MiniAODv4/WtoLNu-4Jets_MLNu-0to120_HT-1500to2500_TuneCP5_13p6TeV_madgraphMLM-pythia8/MINIAODSIM/130X_mcRun3_2022_realistic_v5-v2/40000/8ce5df9e-ccde-4142-b823-012c8430c503.root
01-Feb-2025 18:25:05 CST  Successfully opened file root://cmsxrootd.fnal.gov//store/mc/Run3Summer22MiniAODv4/WtoLNu-4Jets_MLNu-0to120_HT-1500to2500_TuneCP5_13p6TeV_madgraphMLM-pythia8/MINIAODSIM/130X_mcRun3_2022_realistic_v5-v2/40000/8ce5df9e-ccde-4142-b823-012c8430c503.root
01-Feb-2025 18:25:12 CST  Closed file root://cmsxrootd.fnal.gov//store/mc/Run3Summer22MiniAODv4/WtoLNu-4Jets_MLNu-0to120_HT-1500to2500_TuneCP5_13p6TeV_madgraphMLM-pythia8/MINIAODSIM/130X_mcRun3_2022_realistic_v5-v2/40000/8ce5df9e-ccde-4142-b823-012c8430c503.root
01-Feb-2025 18:25:12 CST  Initiating request to open file root://cmsxrootd.fnal.gov//store/mc/Run3Summer22MiniAODv4/WtoLNu-4Jets_MLNu-0to120_HT-1500to2500_TuneCP5_13p6TeV_madgraphMLM-pythia8/MINIAODSIM/130X_mcRun3_2022_realistic_v5-v2/40000/9ec67c91-9339-44f3-9b87-127f93784331.root
01-Feb-2025 18:25:13 CST  Successfully opened file root://cmsxrootd.fnal.gov//store/mc/Run3Summer22MiniAODv4/WtoLNu-4Jets_MLNu-0to120_HT-1500to2500_TuneCP5_13p6TeV_madgraphMLM-pythia8/MINIAODSIM/130X_mcRun3_2022_realistic_v5-v2/40000/9ec67c91-9339-44f3-9b87-127f93784331.root
01-Feb-2025 18:25:15 CST  Closed file root://cmsxrootd.fnal.gov//store/mc/Run3Summer22MiniAODv4/WtoLNu-4Jets_MLNu-0to120_HT-1500to2500_TuneCP5_13p6TeV_madgraphMLM-pythia8/MINIAODSIM/130X_mcRun3_2022_realistic_v5-v2/40000/9ec67c91-9339-44f3-9b87-127f93784331.root
01-Feb-2025 18:25:15 CST  Initiating request to open file root://cmsxrootd.fnal.gov//store/mc/Run3Summer22MiniAODv4/WtoLNu-4Jets_MLNu-0to120_HT-1500to2500_TuneCP5_13p6TeV_madgraphMLM-pythia8/MINIAODSIM/130X_mcRun3_2022_realistic_v5-v2/40000/b60c8b50-9b66-44aa-a788-1367cb24f9bc.root
01-Feb-2025 18:25:16 CST  Successfully opened file root://cmsxrootd.fnal.gov//store/mc/Run3Summer22MiniAODv4/WtoLNu-4Jets_MLNu-0to120_HT-1500to2500_TuneCP5_13p6TeV_madgraphMLM-pythia8/MINIAODSIM/130X_mcRun3_2022_realistic_v5-v2/40000/b60c8b50-9b66-44aa-a788-1367cb24f9bc.root
01-Feb-2025 18:25:18 CST  Closed file root://cmsxrootd.fnal.gov//store/mc/Run3Summer22MiniAODv4/WtoLNu-4Jets_MLNu-0to120_HT-1500to2500_TuneCP5_13p6TeV_madgraphMLM-pythia8/MINIAODSIM/130X_mcRun3_2022_realistic_v5-v2/40000/b60c8b50-9b66-44aa-a788-1367cb24f9bc.root
01-Feb-2025 18:25:18 CST  Initiating request to open file root://cmsxrootd.fnal.gov//store/mc/Run3Summer22MiniAODv4/WtoLNu-4Jets_MLNu-0to120_HT-1500to2500_TuneCP5_13p6TeV_madgraphMLM-pythia8/MINIAODSIM/130X_mcRun3_2022_realistic_v5-v2/40000/e8bdb323-0bd3-4279-b505-826f6659efd4.root
01-Feb-2025 18:25:19 CST  Successfully opened file root://cmsxrootd.fnal.gov//store/mc/Run3Summer22MiniAODv4/WtoLNu-4Jets_MLNu-0to120_HT-1500to2500_TuneCP5_13p6TeV_madgraphMLM-pythia8/MINIAODSIM/130X_mcRun3_2022_realistic_v5-v2/40000/e8bdb323-0bd3-4279-b505-826f6659efd4.root
01-Feb-2025 18:25:22 CST  Closed file root://cmsxrootd.fnal.gov//store/mc/Run3Summer22MiniAODv4/WtoLNu-4Jets_MLNu-0to120_HT-1500to2500_TuneCP5_13p6TeV_madgraphMLM-pythia8/MINIAODSIM/130X_mcRun3_2022_realistic_v5-v2/40000/e8bdb323-0bd3-4279-b505-826f6659efd4.root
01-Feb-2025 18:25:22 CST  Initiating request to open file root://cmsxrootd.fnal.gov//store/mc/Run3Summer22MiniAODv4/WtoLNu-4Jets_MLNu-0to120_HT-1500to2500_TuneCP5_13p6TeV_madgraphMLM-pythia8/MINIAODSIM/130X_mcRun3_2022_realistic_v5-v2/40000/30bf3ced-10e6-4ae1-b1f7-370cb60e072e.root
01-Feb-2025 18:25:23 CST  Successfully opened file root://cmsxrootd.fnal.gov//store/mc/Run3Summer22MiniAODv4/WtoLNu-4Jets_MLNu-0to120_HT-1500to2500_TuneCP5_13p6TeV_madgraphMLM-pythia8/MINIAODSIM/130X_mcRun3_2022_realistic_v5-v2/40000/30bf3ced-10e6-4ae1-b1f7-370cb60e072e.root
Begin processing the 100001st record. Run 1, Event 806740, LumiSection 193 on stream 0 at 01-Feb-2025 18:25:26.253 CST
01-Feb-2025 18:25:26 CST  Closed file root://cmsxrootd.fnal.gov//store/mc/Run3Summer22MiniAODv4/WtoLNu-4Jets_MLNu-0to120_HT-1500to2500_TuneCP5_13p6TeV_madgraphMLM-pythia8/MINIAODSIM/130X_mcRun3_2022_realistic_v5-v2/40000/30bf3ced-10e6-4ae1-b1f7-370cb60e072e.root
01-Feb-2025 18:25:26 CST  Initiating request to open file root://cmsxrootd.fnal.gov//store/mc/Run3Summer22MiniAODv4/WtoLNu-4Jets_MLNu-0to120_HT-1500to2500_TuneCP5_13p6TeV_madgraphMLM-pythia8/MINIAODSIM/130X_mcRun3_2022_realistic_v5-v2/40000/9ac8e006-db25-406b-9f22-578ca3e110c6.root
01-Feb-2025 18:25:27 CST  Successfully opened file root://cmsxrootd.fnal.gov//store/mc/Run3Summer22MiniAODv4/WtoLNu-4Jets_MLNu-0to120_HT-1500to2500_TuneCP5_13p6TeV_madgraphMLM-pythia8/MINIAODSIM/130X_mcRun3_2022_realistic_v5-v2/40000/9ac8e006-db25-406b-9f22-578ca3e110c6.root
01-Feb-2025 18:25:30 CST  Closed file root://cmsxrootd.fnal.gov//store/mc/Run3Summer22MiniAODv4/WtoLNu-4Jets_MLNu-0to120_HT-1500to2500_TuneCP5_13p6TeV_madgraphMLM-pythia8/MINIAODSIM/130X_mcRun3_2022_realistic_v5-v2/40000/9ac8e006-db25-406b-9f22-578ca3e110c6.root
01-Feb-2025 18:25:30 CST  Initiating request to open file root://cmsxrootd.fnal.gov//store/mc/Run3Summer22MiniAODv4/WtoLNu-4Jets_MLNu-0to120_HT-1500to2500_TuneCP5_13p6TeV_madgraphMLM-pythia8/MINIAODSIM/130X_mcRun3_2022_realistic_v5-v2/40000/37b3d3d4-d83f-4d04-94c3-90c9f3e1e57f.root
01-Feb-2025 18:25:31 CST  Successfully opened file root://cmsxrootd.fnal.gov//store/mc/Run3Summer22MiniAODv4/WtoLNu-4Jets_MLNu-0to120_HT-1500to2500_TuneCP5_13p6TeV_madgraphMLM-pythia8/MINIAODSIM/130X_mcRun3_2022_realistic_v5-v2/40000/37b3d3d4-d83f-4d04-94c3-90c9f3e1e57f.root
01-Feb-2025 18:25:34 CST  Closed file root://cmsxrootd.fnal.gov//store/mc/Run3Summer22MiniAODv4/WtoLNu-4Jets_MLNu-0to120_HT-1500to2500_TuneCP5_13p6TeV_madgraphMLM-pythia8/MINIAODSIM/130X_mcRun3_2022_realistic_v5-v2/40000/37b3d3d4-d83f-4d04-94c3-90c9f3e1e57f.root
01-Feb-2025 18:25:34 CST  Initiating request to open file root://cmsxrootd.fnal.gov//store/mc/Run3Summer22MiniAODv4/WtoLNu-4Jets_MLNu-0to120_HT-1500to2500_TuneCP5_13p6TeV_madgraphMLM-pythia8/MINIAODSIM/130X_mcRun3_2022_realistic_v5-v2/40000/8b5560bd-7a44-4f06-855d-9492186225c4.root
01-Feb-2025 18:25:35 CST  Successfully opened file root://cmsxrootd.fnal.gov//store/mc/Run3Summer22MiniAODv4/WtoLNu-4Jets_MLNu-0to120_HT-1500to2500_TuneCP5_13p6TeV_madgraphMLM-pythia8/MINIAODSIM/130X_mcRun3_2022_realistic_v5-v2/40000/8b5560bd-7a44-4f06-855d-9492186225c4.root
Begin processing the 200001st record. Run 1, Event 125394, LumiSection 30 on stream 0 at 01-Feb-2025 18:25:38.446 CST
01-Feb-2025 18:25:38 CST  Closed file root://cmsxrootd.fnal.gov//store/mc/Run3Summer22MiniAODv4/WtoLNu-4Jets_MLNu-0to120_HT-1500to2500_TuneCP5_13p6TeV_madgraphMLM-pythia8/MINIAODSIM/130X_mcRun3_2022_realistic_v5-v2/40000/8b5560bd-7a44-4f06-855d-9492186225c4.root
01-Feb-2025 18:25:38 CST  Initiating request to open file root://cmsxrootd.fnal.gov//store/mc/Run3Summer22MiniAODv4/WtoLNu-4Jets_MLNu-0to120_HT-1500to2500_TuneCP5_13p6TeV_madgraphMLM-pythia8/MINIAODSIM/130X_mcRun3_2022_realistic_v5-v2/40000/9a884e1d-1d41-43e7-80a1-52ff12a0afba.root
01-Feb-2025 18:25:39 CST  Successfully opened file root://cmsxrootd.fnal.gov//store/mc/Run3Summer22MiniAODv4/WtoLNu-4Jets_MLNu-0to120_HT-1500to2500_TuneCP5_13p6TeV_madgraphMLM-pythia8/MINIAODSIM/130X_mcRun3_2022_realistic_v5-v2/40000/9a884e1d-1d41-43e7-80a1-52ff12a0afba.root
01-Feb-2025 18:25:42 CST  Closed file root://cmsxrootd.fnal.gov//store/mc/Run3Summer22MiniAODv4/WtoLNu-4Jets_MLNu-0to120_HT-1500to2500_TuneCP5_13p6TeV_madgraphMLM-pythia8/MINIAODSIM/130X_mcRun3_2022_realistic_v5-v2/40000/9a884e1d-1d41-43e7-80a1-52ff12a0afba.root
01-Feb-2025 18:25:42 CST  Initiating request to open file root://cmsxrootd.fnal.gov//store/mc/Run3Summer22MiniAODv4/WtoLNu-4Jets_MLNu-0to120_HT-1500to2500_TuneCP5_13p6TeV_madgraphMLM-pythia8/MINIAODSIM/130X_mcRun3_2022_realistic_v5-v2/40000/10380bbf-252d-496c-8af4-9f879663b25b.root
01-Feb-2025 18:25:43 CST  Successfully opened file root://cmsxrootd.fnal.gov//store/mc/Run3Summer22MiniAODv4/WtoLNu-4Jets_MLNu-0to120_HT-1500to2500_TuneCP5_13p6TeV_madgraphMLM-pythia8/MINIAODSIM/130X_mcRun3_2022_realistic_v5-v2/40000/10380bbf-252d-496c-8af4-9f879663b25b.root
01-Feb-2025 18:25:46 CST  Closed file root://cmsxrootd.fnal.gov//store/mc/Run3Summer22MiniAODv4/WtoLNu-4Jets_MLNu-0to120_HT-1500to2500_TuneCP5_13p6TeV_madgraphMLM-pythia8/MINIAODSIM/130X_mcRun3_2022_realistic_v5-v2/40000/10380bbf-252d-496c-8af4-9f879663b25b.root
01-Feb-2025 18:25:46 CST  Initiating request to open file root://cmsxrootd.fnal.gov//store/mc/Run3Summer22MiniAODv4/WtoLNu-4Jets_MLNu-0to120_HT-1500to2500_TuneCP5_13p6TeV_madgraphMLM-pythia8/MINIAODSIM/130X_mcRun3_2022_realistic_v5-v2/40000/1438ff2e-4c84-42be-a201-fa94619e7b17.root
01-Feb-2025 18:25:47 CST  Successfully opened file root://cmsxrootd.fnal.gov//store/mc/Run3Summer22MiniAODv4/WtoLNu-4Jets_MLNu-0to120_HT-1500to2500_TuneCP5_13p6TeV_madgraphMLM-pythia8/MINIAODSIM/130X_mcRun3_2022_realistic_v5-v2/40000/1438ff2e-4c84-42be-a201-fa94619e7b17.root
Begin processing the 300001st record. Run 1, Event 2057488, LumiSection 492 on stream 0 at 01-Feb-2025 18:25:49.516 CST
01-Feb-2025 18:25:49 CST  Closed file root://cmsxrootd.fnal.gov//store/mc/Run3Summer22MiniAODv4/WtoLNu-4Jets_MLNu-0to120_HT-1500to2500_TuneCP5_13p6TeV_madgraphMLM-pythia8/MINIAODSIM/130X_mcRun3_2022_realistic_v5-v2/40000/1438ff2e-4c84-42be-a201-fa94619e7b17.root
01-Feb-2025 18:25:49 CST  Initiating request to open file root://cmsxrootd.fnal.gov//store/mc/Run3Summer22MiniAODv4/WtoLNu-4Jets_MLNu-0to120_HT-1500to2500_TuneCP5_13p6TeV_madgraphMLM-pythia8/MINIAODSIM/130X_mcRun3_2022_realistic_v5-v2/40000/910d67a9-179e-449f-88ae-c13680663289.root
01-Feb-2025 18:25:50 CST  Successfully opened file root://cmsxrootd.fnal.gov//store/mc/Run3Summer22MiniAODv4/WtoLNu-4Jets_MLNu-0to120_HT-1500to2500_TuneCP5_13p6TeV_madgraphMLM-pythia8/MINIAODSIM/130X_mcRun3_2022_realistic_v5-v2/40000/910d67a9-179e-449f-88ae-c13680663289.root
01-Feb-2025 18:25:51 CST  Closed file root://cmsxrootd.fnal.gov//store/mc/Run3Summer22MiniAODv4/WtoLNu-4Jets_MLNu-0to120_HT-1500to2500_TuneCP5_13p6TeV_madgraphMLM-pythia8/MINIAODSIM/130X_mcRun3_2022_realistic_v5-v2/40000/910d67a9-179e-449f-88ae-c13680663289.root
01-Feb-2025 18:25:51 CST  Initiating request to open file root://cmsxrootd.fnal.gov//store/mc/Run3Summer22MiniAODv4/WtoLNu-4Jets_MLNu-0to120_HT-1500to2500_TuneCP5_13p6TeV_madgraphMLM-pythia8/MINIAODSIM/130X_mcRun3_2022_realistic_v5-v2/40000/23e5d96b-9b48-4072-b675-e1f34d8030f6.root
01-Feb-2025 18:25:52 CST  Successfully opened file root://cmsxrootd.fnal.gov//store/mc/Run3Summer22MiniAODv4/WtoLNu-4Jets_MLNu-0to120_HT-1500to2500_TuneCP5_13p6TeV_madgraphMLM-pythia8/MINIAODSIM/130X_mcRun3_2022_realistic_v5-v2/40000/23e5d96b-9b48-4072-b675-e1f34d8030f6.root
01-Feb-2025 18:25:52 CST  Closed file root://cmsxrootd.fnal.gov//store/mc/Run3Summer22MiniAODv4/WtoLNu-4Jets_MLNu-0to120_HT-1500to2500_TuneCP5_13p6TeV_madgraphMLM-pythia8/MINIAODSIM/130X_mcRun3_2022_realistic_v5-v2/40000/23e5d96b-9b48-4072-b675-e1f34d8030f6.root
01-Feb-2025 18:25:52 CST  Initiating request to open file root://cmsxrootd.fnal.gov//store/mc/Run3Summer22MiniAODv4/WtoLNu-4Jets_MLNu-0to120_HT-1500to2500_TuneCP5_13p6TeV_madgraphMLM-pythia8/MINIAODSIM/130X_mcRun3_2022_realistic_v5-v2/40000/4e8963f8-3a27-4b30-98ba-3596b1bca5ba.root
01-Feb-2025 18:25:54 CST  Successfully opened file root://cmsxrootd.fnal.gov//store/mc/Run3Summer22MiniAODv4/WtoLNu-4Jets_MLNu-0to120_HT-1500to2500_TuneCP5_13p6TeV_madgraphMLM-pythia8/MINIAODSIM/130X_mcRun3_2022_realistic_v5-v2/40000/4e8963f8-3a27-4b30-98ba-3596b1bca5ba.root
01-Feb-2025 18:25:56 CST  Closed file root://cmsxrootd.fnal.gov//store/mc/Run3Summer22MiniAODv4/WtoLNu-4Jets_MLNu-0to120_HT-1500to2500_TuneCP5_13p6TeV_madgraphMLM-pythia8/MINIAODSIM/130X_mcRun3_2022_realistic_v5-v2/40000/4e8963f8-3a27-4b30-98ba-3596b1bca5ba.root
01-Feb-2025 18:25:56 CST  Initiating request to open file root://cmsxrootd.fnal.gov//store/mc/Run3Summer22MiniAODv4/WtoLNu-4Jets_MLNu-0to120_HT-1500to2500_TuneCP5_13p6TeV_madgraphMLM-pythia8/MINIAODSIM/130X_mcRun3_2022_realistic_v5-v2/40000/a96ccdd3-2e01-49fd-a87a-1ebc0c8fbcc7.root
01-Feb-2025 18:25:57 CST  Successfully opened file root://cmsxrootd.fnal.gov//store/mc/Run3Summer22MiniAODv4/WtoLNu-4Jets_MLNu-0to120_HT-1500to2500_TuneCP5_13p6TeV_madgraphMLM-pythia8/MINIAODSIM/130X_mcRun3_2022_realistic_v5-v2/40000/a96ccdd3-2e01-49fd-a87a-1ebc0c8fbcc7.root
01-Feb-2025 18:25:58 CST  Closed file root://cmsxrootd.fnal.gov//store/mc/Run3Summer22MiniAODv4/WtoLNu-4Jets_MLNu-0to120_HT-1500to2500_TuneCP5_13p6TeV_madgraphMLM-pythia8/MINIAODSIM/130X_mcRun3_2022_realistic_v5-v2/40000/a96ccdd3-2e01-49fd-a87a-1ebc0c8fbcc7.root
01-Feb-2025 18:25:58 CST  Initiating request to open file root://cmsxrootd.fnal.gov//store/mc/Run3Summer22MiniAODv4/WtoLNu-4Jets_MLNu-0to120_HT-1500to2500_TuneCP5_13p6TeV_madgraphMLM-pythia8/MINIAODSIM/130X_mcRun3_2022_realistic_v5-v2/40000/c23805d8-5dee-4232-96b9-b511b6b1f258.root
01-Feb-2025 18:25:59 CST  Successfully opened file root://cmsxrootd.fnal.gov//store/mc/Run3Summer22MiniAODv4/WtoLNu-4Jets_MLNu-0to120_HT-1500to2500_TuneCP5_13p6TeV_madgraphMLM-pythia8/MINIAODSIM/130X_mcRun3_2022_realistic_v5-v2/40000/c23805d8-5dee-4232-96b9-b511b6b1f258.root
01-Feb-2025 18:26:00 CST  Closed file root://cmsxrootd.fnal.gov//store/mc/Run3Summer22MiniAODv4/WtoLNu-4Jets_MLNu-0to120_HT-1500to2500_TuneCP5_13p6TeV_madgraphMLM-pythia8/MINIAODSIM/130X_mcRun3_2022_realistic_v5-v2/40000/c23805d8-5dee-4232-96b9-b511b6b1f258.root
01-Feb-2025 18:26:00 CST  Initiating request to open file root://cmsxrootd.fnal.gov//store/mc/Run3Summer22MiniAODv4/WtoLNu-4Jets_MLNu-0to120_HT-1500to2500_TuneCP5_13p6TeV_madgraphMLM-pythia8/MINIAODSIM/130X_mcRun3_2022_realistic_v5-v2/40000/78ef4a7f-a5e0-4a32-8c5d-54a9281705fa.root
01-Feb-2025 18:26:01 CST  Successfully opened file root://cmsxrootd.fnal.gov//store/mc/Run3Summer22MiniAODv4/WtoLNu-4Jets_MLNu-0to120_HT-1500to2500_TuneCP5_13p6TeV_madgraphMLM-pythia8/MINIAODSIM/130X_mcRun3_2022_realistic_v5-v2/40000/78ef4a7f-a5e0-4a32-8c5d-54a9281705fa.root
01-Feb-2025 18:26:04 CST  Closed file root://cmsxrootd.fnal.gov//store/mc/Run3Summer22MiniAODv4/WtoLNu-4Jets_MLNu-0to120_HT-1500to2500_TuneCP5_13p6TeV_madgraphMLM-pythia8/MINIAODSIM/130X_mcRun3_2022_realistic_v5-v2/40000/78ef4a7f-a5e0-4a32-8c5d-54a9281705fa.root
01-Feb-2025 18:26:04 CST  Initiating request to open file root://cmsxrootd.fnal.gov//store/mc/Run3Summer22MiniAODv4/WtoLNu-4Jets_MLNu-0to120_HT-1500to2500_TuneCP5_13p6TeV_madgraphMLM-pythia8/MINIAODSIM/130X_mcRun3_2022_realistic_v5-v2/40000/7760a9b5-5103-4b37-b468-8fd2cc1b8180.root
01-Feb-2025 18:26:05 CST  Successfully opened file root://cmsxrootd.fnal.gov//store/mc/Run3Summer22MiniAODv4/WtoLNu-4Jets_MLNu-0to120_HT-1500to2500_TuneCP5_13p6TeV_madgraphMLM-pythia8/MINIAODSIM/130X_mcRun3_2022_realistic_v5-v2/40000/7760a9b5-5103-4b37-b468-8fd2cc1b8180.root
01-Feb-2025 18:26:06 CST  Closed file root://cmsxrootd.fnal.gov//store/mc/Run3Summer22MiniAODv4/WtoLNu-4Jets_MLNu-0to120_HT-1500to2500_TuneCP5_13p6TeV_madgraphMLM-pythia8/MINIAODSIM/130X_mcRun3_2022_realistic_v5-v2/40000/7760a9b5-5103-4b37-b468-8fd2cc1b8180.root
01-Feb-2025 18:26:06 CST  Initiating request to open file root://cmsxrootd.fnal.gov//store/mc/Run3Summer22MiniAODv4/WtoLNu-4Jets_MLNu-0to120_HT-1500to2500_TuneCP5_13p6TeV_madgraphMLM-pythia8/MINIAODSIM/130X_mcRun3_2022_realistic_v5-v2/40000/fcbd750a-912c-4c56-b3c8-6443779327df.root
01-Feb-2025 18:26:07 CST  Successfully opened file root://cmsxrootd.fnal.gov//store/mc/Run3Summer22MiniAODv4/WtoLNu-4Jets_MLNu-0to120_HT-1500to2500_TuneCP5_13p6TeV_madgraphMLM-pythia8/MINIAODSIM/130X_mcRun3_2022_realistic_v5-v2/40000/fcbd750a-912c-4c56-b3c8-6443779327df.root
01-Feb-2025 18:26:08 CST  Closed file root://cmsxrootd.fnal.gov//store/mc/Run3Summer22MiniAODv4/WtoLNu-4Jets_MLNu-0to120_HT-1500to2500_TuneCP5_13p6TeV_madgraphMLM-pythia8/MINIAODSIM/130X_mcRun3_2022_realistic_v5-v2/40000/fcbd750a-912c-4c56-b3c8-6443779327df.root
01-Feb-2025 18:26:08 CST  Initiating request to open file root://cmsxrootd.fnal.gov//store/mc/Run3Summer22MiniAODv4/WtoLNu-4Jets_MLNu-0to120_HT-1500to2500_TuneCP5_13p6TeV_madgraphMLM-pythia8/MINIAODSIM/130X_mcRun3_2022_realistic_v5-v2/40000/c53b819a-027f-4be5-9e60-a717ff48d4bf.root
01-Feb-2025 18:26:09 CST  Successfully opened file root://cmsxrootd.fnal.gov//store/mc/Run3Summer22MiniAODv4/WtoLNu-4Jets_MLNu-0to120_HT-1500to2500_TuneCP5_13p6TeV_madgraphMLM-pythia8/MINIAODSIM/130X_mcRun3_2022_realistic_v5-v2/40000/c53b819a-027f-4be5-9e60-a717ff48d4bf.root
01-Feb-2025 18:26:10 CST  Closed file root://cmsxrootd.fnal.gov//store/mc/Run3Summer22MiniAODv4/WtoLNu-4Jets_MLNu-0to120_HT-1500to2500_TuneCP5_13p6TeV_madgraphMLM-pythia8/MINIAODSIM/130X_mcRun3_2022_realistic_v5-v2/40000/c53b819a-027f-4be5-9e60-a717ff48d4bf.root
01-Feb-2025 18:26:10 CST  Initiating request to open file root://cmsxrootd.fnal.gov//store/mc/Run3Summer22MiniAODv4/WtoLNu-4Jets_MLNu-0to120_HT-1500to2500_TuneCP5_13p6TeV_madgraphMLM-pythia8/MINIAODSIM/130X_mcRun3_2022_realistic_v5-v2/40000/aad599c5-e748-4dd7-b679-156469b94f13.root
01-Feb-2025 18:26:11 CST  Successfully opened file root://cmsxrootd.fnal.gov//store/mc/Run3Summer22MiniAODv4/WtoLNu-4Jets_MLNu-0to120_HT-1500to2500_TuneCP5_13p6TeV_madgraphMLM-pythia8/MINIAODSIM/130X_mcRun3_2022_realistic_v5-v2/40000/aad599c5-e748-4dd7-b679-156469b94f13.root
01-Feb-2025 18:26:12 CST  Closed file root://cmsxrootd.fnal.gov//store/mc/Run3Summer22MiniAODv4/WtoLNu-4Jets_MLNu-0to120_HT-1500to2500_TuneCP5_13p6TeV_madgraphMLM-pythia8/MINIAODSIM/130X_mcRun3_2022_realistic_v5-v2/40000/aad599c5-e748-4dd7-b679-156469b94f13.root
01-Feb-2025 18:26:12 CST  Initiating request to open file root://cmsxrootd.fnal.gov//store/mc/Run3Summer22MiniAODv4/WtoLNu-4Jets_MLNu-0to120_HT-1500to2500_TuneCP5_13p6TeV_madgraphMLM-pythia8/MINIAODSIM/130X_mcRun3_2022_realistic_v5-v2/40000/436c7ce7-9ef4-495f-bd0e-105d50c5640f.root
01-Feb-2025 18:26:13 CST  Successfully opened file root://cmsxrootd.fnal.gov//store/mc/Run3Summer22MiniAODv4/WtoLNu-4Jets_MLNu-0to120_HT-1500to2500_TuneCP5_13p6TeV_madgraphMLM-pythia8/MINIAODSIM/130X_mcRun3_2022_realistic_v5-v2/40000/436c7ce7-9ef4-495f-bd0e-105d50c5640f.root
01-Feb-2025 18:26:14 CST  Closed file root://cmsxrootd.fnal.gov//store/mc/Run3Summer22MiniAODv4/WtoLNu-4Jets_MLNu-0to120_HT-1500to2500_TuneCP5_13p6TeV_madgraphMLM-pythia8/MINIAODSIM/130X_mcRun3_2022_realistic_v5-v2/40000/436c7ce7-9ef4-495f-bd0e-105d50c5640f.root
01-Feb-2025 18:26:14 CST  Initiating request to open file root://cmsxrootd.fnal.gov//store/mc/Run3Summer22MiniAODv4/WtoLNu-4Jets_MLNu-0to120_HT-1500to2500_TuneCP5_13p6TeV_madgraphMLM-pythia8/MINIAODSIM/130X_mcRun3_2022_realistic_v5-v2/40000/05fc695c-4e7b-4b8e-ad6e-9f2438b04f35.root
01-Feb-2025 18:26:15 CST  Successfully opened file root://cmsxrootd.fnal.gov//store/mc/Run3Summer22MiniAODv4/WtoLNu-4Jets_MLNu-0to120_HT-1500to2500_TuneCP5_13p6TeV_madgraphMLM-pythia8/MINIAODSIM/130X_mcRun3_2022_realistic_v5-v2/40000/05fc695c-4e7b-4b8e-ad6e-9f2438b04f35.root
01-Feb-2025 18:26:16 CST  Closed file root://cmsxrootd.fnal.gov//store/mc/Run3Summer22MiniAODv4/WtoLNu-4Jets_MLNu-0to120_HT-1500to2500_TuneCP5_13p6TeV_madgraphMLM-pythia8/MINIAODSIM/130X_mcRun3_2022_realistic_v5-v2/40000/05fc695c-4e7b-4b8e-ad6e-9f2438b04f35.root
01-Feb-2025 18:26:16 CST  Initiating request to open file root://cmsxrootd.fnal.gov//store/mc/Run3Summer22MiniAODv4/WtoLNu-4Jets_MLNu-0to120_HT-1500to2500_TuneCP5_13p6TeV_madgraphMLM-pythia8/MINIAODSIM/130X_mcRun3_2022_realistic_v5-v2/40000/27b2a2b3-f879-4575-9e2a-ae364eadc937.root
01-Feb-2025 18:26:17 CST  Successfully opened file root://cmsxrootd.fnal.gov//store/mc/Run3Summer22MiniAODv4/WtoLNu-4Jets_MLNu-0to120_HT-1500to2500_TuneCP5_13p6TeV_madgraphMLM-pythia8/MINIAODSIM/130X_mcRun3_2022_realistic_v5-v2/40000/27b2a2b3-f879-4575-9e2a-ae364eadc937.root
01-Feb-2025 18:26:19 CST  Closed file root://cmsxrootd.fnal.gov//store/mc/Run3Summer22MiniAODv4/WtoLNu-4Jets_MLNu-0to120_HT-1500to2500_TuneCP5_13p6TeV_madgraphMLM-pythia8/MINIAODSIM/130X_mcRun3_2022_realistic_v5-v2/40000/27b2a2b3-f879-4575-9e2a-ae364eadc937.root
01-Feb-2025 18:26:19 CST  Initiating request to open file root://cmsxrootd.fnal.gov//store/mc/Run3Summer22MiniAODv4/WtoLNu-4Jets_MLNu-0to120_HT-1500to2500_TuneCP5_13p6TeV_madgraphMLM-pythia8/MINIAODSIM/130X_mcRun3_2022_realistic_v5-v2/40000/3567e506-9a9e-4c78-b1fb-99d5caa4da01.root
01-Feb-2025 18:26:20 CST  Successfully opened file root://cmsxrootd.fnal.gov//store/mc/Run3Summer22MiniAODv4/WtoLNu-4Jets_MLNu-0to120_HT-1500to2500_TuneCP5_13p6TeV_madgraphMLM-pythia8/MINIAODSIM/130X_mcRun3_2022_realistic_v5-v2/40000/3567e506-9a9e-4c78-b1fb-99d5caa4da01.root
01-Feb-2025 18:26:21 CST  Closed file root://cmsxrootd.fnal.gov//store/mc/Run3Summer22MiniAODv4/WtoLNu-4Jets_MLNu-0to120_HT-1500to2500_TuneCP5_13p6TeV_madgraphMLM-pythia8/MINIAODSIM/130X_mcRun3_2022_realistic_v5-v2/40000/3567e506-9a9e-4c78-b1fb-99d5caa4da01.root
01-Feb-2025 18:26:21 CST  Initiating request to open file root://cmsxrootd.fnal.gov//store/mc/Run3Summer22MiniAODv4/WtoLNu-4Jets_MLNu-0to120_HT-1500to2500_TuneCP5_13p6TeV_madgraphMLM-pythia8/MINIAODSIM/130X_mcRun3_2022_realistic_v5-v2/40000/a2037d2e-b119-43d6-92c8-6b8962cbecba.root
01-Feb-2025 18:26:22 CST  Successfully opened file root://cmsxrootd.fnal.gov//store/mc/Run3Summer22MiniAODv4/WtoLNu-4Jets_MLNu-0to120_HT-1500to2500_TuneCP5_13p6TeV_madgraphMLM-pythia8/MINIAODSIM/130X_mcRun3_2022_realistic_v5-v2/40000/a2037d2e-b119-43d6-92c8-6b8962cbecba.root
01-Feb-2025 18:26:23 CST  Closed file root://cmsxrootd.fnal.gov//store/mc/Run3Summer22MiniAODv4/WtoLNu-4Jets_MLNu-0to120_HT-1500to2500_TuneCP5_13p6TeV_madgraphMLM-pythia8/MINIAODSIM/130X_mcRun3_2022_realistic_v5-v2/40000/a2037d2e-b119-43d6-92c8-6b8962cbecba.root
01-Feb-2025 18:26:23 CST  Initiating request to open file root://cmsxrootd.fnal.gov//store/mc/Run3Summer22MiniAODv4/WtoLNu-4Jets_MLNu-0to120_HT-1500to2500_TuneCP5_13p6TeV_madgraphMLM-pythia8/MINIAODSIM/130X_mcRun3_2022_realistic_v5-v2/40000/e403d31b-5f87-4d37-bfa7-ee405a86007d.root
01-Feb-2025 18:26:24 CST  Successfully opened file root://cmsxrootd.fnal.gov//store/mc/Run3Summer22MiniAODv4/WtoLNu-4Jets_MLNu-0to120_HT-1500to2500_TuneCP5_13p6TeV_madgraphMLM-pythia8/MINIAODSIM/130X_mcRun3_2022_realistic_v5-v2/40000/e403d31b-5f87-4d37-bfa7-ee405a86007d.root
01-Feb-2025 18:26:25 CST  Closed file root://cmsxrootd.fnal.gov//store/mc/Run3Summer22MiniAODv4/WtoLNu-4Jets_MLNu-0to120_HT-1500to2500_TuneCP5_13p6TeV_madgraphMLM-pythia8/MINIAODSIM/130X_mcRun3_2022_realistic_v5-v2/40000/e403d31b-5f87-4d37-bfa7-ee405a86007d.root
01-Feb-2025 18:26:25 CST  Initiating request to open file root://cmsxrootd.fnal.gov//store/mc/Run3Summer22MiniAODv4/WtoLNu-4Jets_MLNu-0to120_HT-1500to2500_TuneCP5_13p6TeV_madgraphMLM-pythia8/MINIAODSIM/130X_mcRun3_2022_realistic_v5-v2/40000/854a260b-c419-4aeb-8d4f-89366c46255f.root
01-Feb-2025 18:26:26 CST  Successfully opened file root://cmsxrootd.fnal.gov//store/mc/Run3Summer22MiniAODv4/WtoLNu-4Jets_MLNu-0to120_HT-1500to2500_TuneCP5_13p6TeV_madgraphMLM-pythia8/MINIAODSIM/130X_mcRun3_2022_realistic_v5-v2/40000/854a260b-c419-4aeb-8d4f-89366c46255f.root
Begin processing the 400001st record. Run 1, Event 2779458, LumiSection 665 on stream 0 at 01-Feb-2025 18:26:28.605 CST
01-Feb-2025 18:26:28 CST  Closed file root://cmsxrootd.fnal.gov//store/mc/Run3Summer22MiniAODv4/WtoLNu-4Jets_MLNu-0to120_HT-1500to2500_TuneCP5_13p6TeV_madgraphMLM-pythia8/MINIAODSIM/130X_mcRun3_2022_realistic_v5-v2/40000/854a260b-c419-4aeb-8d4f-89366c46255f.root
01-Feb-2025 18:26:28 CST  Initiating request to open file root://cmsxrootd.fnal.gov//store/mc/Run3Summer22MiniAODv4/WtoLNu-4Jets_MLNu-0to120_HT-1500to2500_TuneCP5_13p6TeV_madgraphMLM-pythia8/MINIAODSIM/130X_mcRun3_2022_realistic_v5-v2/40000/09288b1a-b5e6-4177-b4a9-0be38637c729.root
01-Feb-2025 18:26:30 CST  Successfully opened file root://cmsxrootd.fnal.gov//store/mc/Run3Summer22MiniAODv4/WtoLNu-4Jets_MLNu-0to120_HT-1500to2500_TuneCP5_13p6TeV_madgraphMLM-pythia8/MINIAODSIM/130X_mcRun3_2022_realistic_v5-v2/40000/09288b1a-b5e6-4177-b4a9-0be38637c729.root
01-Feb-2025 18:26:31 CST  Closed file root://cmsxrootd.fnal.gov//store/mc/Run3Summer22MiniAODv4/WtoLNu-4Jets_MLNu-0to120_HT-1500to2500_TuneCP5_13p6TeV_madgraphMLM-pythia8/MINIAODSIM/130X_mcRun3_2022_realistic_v5-v2/40000/09288b1a-b5e6-4177-b4a9-0be38637c729.root
01-Feb-2025 18:26:31 CST  Initiating request to open file root://cmsxrootd.fnal.gov//store/mc/Run3Summer22MiniAODv4/WtoLNu-4Jets_MLNu-0to120_HT-1500to2500_TuneCP5_13p6TeV_madgraphMLM-pythia8/MINIAODSIM/130X_mcRun3_2022_realistic_v5-v2/40000/1b2d60fd-973d-4d39-a59c-9685ff1ffc1d.root
01-Feb-2025 18:26:32 CST  Successfully opened file root://cmsxrootd.fnal.gov//store/mc/Run3Summer22MiniAODv4/WtoLNu-4Jets_MLNu-0to120_HT-1500to2500_TuneCP5_13p6TeV_madgraphMLM-pythia8/MINIAODSIM/130X_mcRun3_2022_realistic_v5-v2/40000/1b2d60fd-973d-4d39-a59c-9685ff1ffc1d.root
01-Feb-2025 18:26:33 CST  Closed file root://cmsxrootd.fnal.gov//store/mc/Run3Summer22MiniAODv4/WtoLNu-4Jets_MLNu-0to120_HT-1500to2500_TuneCP5_13p6TeV_madgraphMLM-pythia8/MINIAODSIM/130X_mcRun3_2022_realistic_v5-v2/40000/1b2d60fd-973d-4d39-a59c-9685ff1ffc1d.root
01-Feb-2025 18:26:33 CST  Initiating request to open file root://cmsxrootd.fnal.gov//store/mc/Run3Summer22MiniAODv4/WtoLNu-4Jets_MLNu-0to120_HT-1500to2500_TuneCP5_13p6TeV_madgraphMLM-pythia8/MINIAODSIM/130X_mcRun3_2022_realistic_v5-v2/40000/cbec7efc-c86a-485b-b574-5b6624ba8c50.root
01-Feb-2025 18:26:34 CST  Successfully opened file root://cmsxrootd.fnal.gov//store/mc/Run3Summer22MiniAODv4/WtoLNu-4Jets_MLNu-0to120_HT-1500to2500_TuneCP5_13p6TeV_madgraphMLM-pythia8/MINIAODSIM/130X_mcRun3_2022_realistic_v5-v2/40000/cbec7efc-c86a-485b-b574-5b6624ba8c50.root
01-Feb-2025 18:26:34 CST  Closed file root://cmsxrootd.fnal.gov//store/mc/Run3Summer22MiniAODv4/WtoLNu-4Jets_MLNu-0to120_HT-1500to2500_TuneCP5_13p6TeV_madgraphMLM-pythia8/MINIAODSIM/130X_mcRun3_2022_realistic_v5-v2/40000/cbec7efc-c86a-485b-b574-5b6624ba8c50.root
01-Feb-2025 18:26:34 CST  Initiating request to open file root://cmsxrootd.fnal.gov//store/mc/Run3Summer22MiniAODv4/WtoLNu-4Jets_MLNu-0to120_HT-1500to2500_TuneCP5_13p6TeV_madgraphMLM-pythia8/MINIAODSIM/130X_mcRun3_2022_realistic_v5-v2/40000/9265b328-9c81-4dbd-afbf-3181196f8347.root
01-Feb-2025 18:26:35 CST  Successfully opened file root://cmsxrootd.fnal.gov//store/mc/Run3Summer22MiniAODv4/WtoLNu-4Jets_MLNu-0to120_HT-1500to2500_TuneCP5_13p6TeV_madgraphMLM-pythia8/MINIAODSIM/130X_mcRun3_2022_realistic_v5-v2/40000/9265b328-9c81-4dbd-afbf-3181196f8347.root
01-Feb-2025 18:26:38 CST  Closed file root://cmsxrootd.fnal.gov//store/mc/Run3Summer22MiniAODv4/WtoLNu-4Jets_MLNu-0to120_HT-1500to2500_TuneCP5_13p6TeV_madgraphMLM-pythia8/MINIAODSIM/130X_mcRun3_2022_realistic_v5-v2/40000/9265b328-9c81-4dbd-afbf-3181196f8347.root
01-Feb-2025 18:26:38 CST  Initiating request to open file root://cmsxrootd.fnal.gov//store/mc/Run3Summer22MiniAODv4/WtoLNu-4Jets_MLNu-0to120_HT-1500to2500_TuneCP5_13p6TeV_madgraphMLM-pythia8/MINIAODSIM/130X_mcRun3_2022_realistic_v5-v2/40000/76b84009-bc47-4ee4-8183-9cb8676bf6b6.root
01-Feb-2025 18:26:39 CST  Successfully opened file root://cmsxrootd.fnal.gov//store/mc/Run3Summer22MiniAODv4/WtoLNu-4Jets_MLNu-0to120_HT-1500to2500_TuneCP5_13p6TeV_madgraphMLM-pythia8/MINIAODSIM/130X_mcRun3_2022_realistic_v5-v2/40000/76b84009-bc47-4ee4-8183-9cb8676bf6b6.root
01-Feb-2025 18:26:41 CST  Closed file root://cmsxrootd.fnal.gov//store/mc/Run3Summer22MiniAODv4/WtoLNu-4Jets_MLNu-0to120_HT-1500to2500_TuneCP5_13p6TeV_madgraphMLM-pythia8/MINIAODSIM/130X_mcRun3_2022_realistic_v5-v2/40000/76b84009-bc47-4ee4-8183-9cb8676bf6b6.root
01-Feb-2025 18:26:41 CST  Initiating request to open file root://cmsxrootd.fnal.gov//store/mc/Run3Summer22MiniAODv4/WtoLNu-4Jets_MLNu-0to120_HT-1500to2500_TuneCP5_13p6TeV_madgraphMLM-pythia8/MINIAODSIM/130X_mcRun3_2022_realistic_v5-v2/40000/8446703c-1286-4e2a-a642-9e91593c192f.root
01-Feb-2025 18:26:42 CST  Successfully opened file root://cmsxrootd.fnal.gov//store/mc/Run3Summer22MiniAODv4/WtoLNu-4Jets_MLNu-0to120_HT-1500to2500_TuneCP5_13p6TeV_madgraphMLM-pythia8/MINIAODSIM/130X_mcRun3_2022_realistic_v5-v2/40000/8446703c-1286-4e2a-a642-9e91593c192f.root
01-Feb-2025 18:26:43 CST  Closed file root://cmsxrootd.fnal.gov//store/mc/Run3Summer22MiniAODv4/WtoLNu-4Jets_MLNu-0to120_HT-1500to2500_TuneCP5_13p6TeV_madgraphMLM-pythia8/MINIAODSIM/130X_mcRun3_2022_realistic_v5-v2/40000/8446703c-1286-4e2a-a642-9e91593c192f.root
01-Feb-2025 18:26:43 CST  Initiating request to open file root://cmsxrootd.fnal.gov//store/mc/Run3Summer22MiniAODv4/WtoLNu-4Jets_MLNu-0to120_HT-1500to2500_TuneCP5_13p6TeV_madgraphMLM-pythia8/MINIAODSIM/130X_mcRun3_2022_realistic_v5-v2/40000/589ff364-ff7f-4e36-b604-22eec5150744.root
01-Feb-2025 18:26:44 CST  Successfully opened file root://cmsxrootd.fnal.gov//store/mc/Run3Summer22MiniAODv4/WtoLNu-4Jets_MLNu-0to120_HT-1500to2500_TuneCP5_13p6TeV_madgraphMLM-pythia8/MINIAODSIM/130X_mcRun3_2022_realistic_v5-v2/40000/589ff364-ff7f-4e36-b604-22eec5150744.root
01-Feb-2025 18:26:47 CST  Closed file root://cmsxrootd.fnal.gov//store/mc/Run3Summer22MiniAODv4/WtoLNu-4Jets_MLNu-0to120_HT-1500to2500_TuneCP5_13p6TeV_madgraphMLM-pythia8/MINIAODSIM/130X_mcRun3_2022_realistic_v5-v2/40000/589ff364-ff7f-4e36-b604-22eec5150744.root
01-Feb-2025 18:26:47 CST  Initiating request to open file root://cmsxrootd.fnal.gov//store/mc/Run3Summer22MiniAODv4/WtoLNu-4Jets_MLNu-0to120_HT-1500to2500_TuneCP5_13p6TeV_madgraphMLM-pythia8/MINIAODSIM/130X_mcRun3_2022_realistic_v5-v2/40000/7b158ab2-b70e-4035-a28c-b3e1f99de337.root
01-Feb-2025 18:26:48 CST  Successfully opened file root://cmsxrootd.fnal.gov//store/mc/Run3Summer22MiniAODv4/WtoLNu-4Jets_MLNu-0to120_HT-1500to2500_TuneCP5_13p6TeV_madgraphMLM-pythia8/MINIAODSIM/130X_mcRun3_2022_realistic_v5-v2/40000/7b158ab2-b70e-4035-a28c-b3e1f99de337.root
01-Feb-2025 18:26:49 CST  Closed file root://cmsxrootd.fnal.gov//store/mc/Run3Summer22MiniAODv4/WtoLNu-4Jets_MLNu-0to120_HT-1500to2500_TuneCP5_13p6TeV_madgraphMLM-pythia8/MINIAODSIM/130X_mcRun3_2022_realistic_v5-v2/40000/7b158ab2-b70e-4035-a28c-b3e1f99de337.root
01-Feb-2025 18:26:49 CST  Initiating request to open file root://cmsxrootd.fnal.gov//store/mc/Run3Summer22MiniAODv4/WtoLNu-4Jets_MLNu-0to120_HT-1500to2500_TuneCP5_13p6TeV_madgraphMLM-pythia8/MINIAODSIM/130X_mcRun3_2022_realistic_v5-v2/40000/6f976156-9e09-4ec6-9ec9-72351602599e.root
01-Feb-2025 18:26:50 CST  Successfully opened file root://cmsxrootd.fnal.gov//store/mc/Run3Summer22MiniAODv4/WtoLNu-4Jets_MLNu-0to120_HT-1500to2500_TuneCP5_13p6TeV_madgraphMLM-pythia8/MINIAODSIM/130X_mcRun3_2022_realistic_v5-v2/40000/6f976156-9e09-4ec6-9ec9-72351602599e.root
01-Feb-2025 18:26:51 CST  Closed file root://cmsxrootd.fnal.gov//store/mc/Run3Summer22MiniAODv4/WtoLNu-4Jets_MLNu-0to120_HT-1500to2500_TuneCP5_13p6TeV_madgraphMLM-pythia8/MINIAODSIM/130X_mcRun3_2022_realistic_v5-v2/40000/6f976156-9e09-4ec6-9ec9-72351602599e.root
01-Feb-2025 18:26:51 CST  Initiating request to open file root://cmsxrootd.fnal.gov//store/mc/Run3Summer22MiniAODv4/WtoLNu-4Jets_MLNu-0to120_HT-1500to2500_TuneCP5_13p6TeV_madgraphMLM-pythia8/MINIAODSIM/130X_mcRun3_2022_realistic_v5-v2/40000/adb267df-ee15-4cd8-bd84-3ed5dd5362d7.root
01-Feb-2025 18:26:52 CST  Successfully opened file root://cmsxrootd.fnal.gov//store/mc/Run3Summer22MiniAODv4/WtoLNu-4Jets_MLNu-0to120_HT-1500to2500_TuneCP5_13p6TeV_madgraphMLM-pythia8/MINIAODSIM/130X_mcRun3_2022_realistic_v5-v2/40000/adb267df-ee15-4cd8-bd84-3ed5dd5362d7.root
01-Feb-2025 18:26:53 CST  Closed file root://cmsxrootd.fnal.gov//store/mc/Run3Summer22MiniAODv4/WtoLNu-4Jets_MLNu-0to120_HT-1500to2500_TuneCP5_13p6TeV_madgraphMLM-pythia8/MINIAODSIM/130X_mcRun3_2022_realistic_v5-v2/40000/adb267df-ee15-4cd8-bd84-3ed5dd5362d7.root
01-Feb-2025 18:26:53 CST  Initiating request to open file root://cmsxrootd.fnal.gov//store/mc/Run3Summer22MiniAODv4/WtoLNu-4Jets_MLNu-0to120_HT-1500to2500_TuneCP5_13p6TeV_madgraphMLM-pythia8/MINIAODSIM/130X_mcRun3_2022_realistic_v5-v2/40000/b3f240fe-0ebd-466c-a596-fee842533aef.root
01-Feb-2025 18:26:54 CST  Successfully opened file root://cmsxrootd.fnal.gov//store/mc/Run3Summer22MiniAODv4/WtoLNu-4Jets_MLNu-0to120_HT-1500to2500_TuneCP5_13p6TeV_madgraphMLM-pythia8/MINIAODSIM/130X_mcRun3_2022_realistic_v5-v2/40000/b3f240fe-0ebd-466c-a596-fee842533aef.root
01-Feb-2025 18:26:55 CST  Closed file root://cmsxrootd.fnal.gov//store/mc/Run3Summer22MiniAODv4/WtoLNu-4Jets_MLNu-0to120_HT-1500to2500_TuneCP5_13p6TeV_madgraphMLM-pythia8/MINIAODSIM/130X_mcRun3_2022_realistic_v5-v2/40000/b3f240fe-0ebd-466c-a596-fee842533aef.root
01-Feb-2025 18:26:55 CST  Initiating request to open file root://cmsxrootd.fnal.gov//store/mc/Run3Summer22MiniAODv4/WtoLNu-4Jets_MLNu-0to120_HT-1500to2500_TuneCP5_13p6TeV_madgraphMLM-pythia8/MINIAODSIM/130X_mcRun3_2022_realistic_v5-v2/40000/f7507e3e-97d3-445b-a7ae-f990a6d35dbc.root
01-Feb-2025 18:26:56 CST  Successfully opened file root://cmsxrootd.fnal.gov//store/mc/Run3Summer22MiniAODv4/WtoLNu-4Jets_MLNu-0to120_HT-1500to2500_TuneCP5_13p6TeV_madgraphMLM-pythia8/MINIAODSIM/130X_mcRun3_2022_realistic_v5-v2/40000/f7507e3e-97d3-445b-a7ae-f990a6d35dbc.root
      0.002374      0.000090      5.073157             2
      0.143456      0.002836      5.073157             4
      0.061485      0.001581      5.073157             5
      0.811577      0.006839      5.073157             6
      0.380035      0.004460      5.073157             7
      2.541237      0.013479      5.073157             8
      1.132994      0.007906      5.073157             9
 
01-Feb-2025 18:26:57 CST  Closed file root://cmsxrootd.fnal.gov//store/mc/Run3Summer22MiniAODv4/WtoLNu-4Jets_MLNu-0to120_HT-1500to2500_TuneCP5_13p6TeV_madgraphMLM-pythia8/MINIAODSIM/130X_mcRun3_2022_realistic_v5-v2/40000/f7507e3e-97d3-445b-a7ae-f990a6d35dbc.root

------------------------------------
GenXsecAnalyzer:
------------------------------------
-------------------------------------------------------------------------------------------------------------------------------------------------------------------------- 
Overall cross-section summary 
--------------------------------------------------------------------------------------------------------------------------------------------------------------------------
Process		xsec_before [pb]		passed	nposw	nnegw	tried	nposw	nnegw 	xsec_match [pb]			accepted [%]	 event_eff [%]
0		1.445e-03 +/- 2.272e-06		29	29	0	749	749	0	5.599e-05 +/- 1.019e-05		3.9 +/- 0.7	3.9 +/- 0.7
1		1.261e-03 +/- 3.650e-06		11	11	0	216	216	0	6.417e-05 +/- 1.885e-05		5.1 +/- 1.5	5.1 +/- 1.5
2		1.407e-01 +/- 3.794e-05		6887	6887	0	144789	144789	0	6.692e-03 +/- 7.872e-05		4.8 +/- 0.1	4.8 +/- 0.1
3		6.528e-02 +/- 2.091e-05		3498	3498	0	66959	66959	0	3.410e-03 +/- 5.614e-05		5.2 +/- 0.1	5.2 +/- 0.1
4		8.087e-01 +/- 9.298e-05		22006	22006	0	845522	845522	0	2.105e-02 +/- 1.400e-04		2.6 +/- 0.0	2.6 +/- 0.0
5		3.686e-01 +/- 6.062e-05		10904	10904	0	392863	392863	0	1.023e-02 +/- 9.661e-05		2.8 +/- 0.0	2.8 +/- 0.0
6		2.529e+00 +/- 1.860e-04		296637	296637	0	2700947	2700947	0	2.777e-01 +/- 4.815e-04		11.0 +/- 0.0	11.0 +/- 0.0
7		1.133e+00 +/- 1.074e-04		137909	137909	0	1210310	1210310	0	1.291e-01 +/- 3.275e-04		11.4 +/- 0.0	11.4 +/- 0.0
-------------------------------------------------------------------------------------------------------------------------------------------------------------------------- 
Total		5.048e+00 +/- 2.456e-04		477881	477881	0	5362355	5362355	0	4.498e-01 +/- 6.215e-04		8.9 +/- 0.0	8.9 +/- 0.0
--------------------------------------------------------------------------------------------------------------------------------------------------------------------------
Before matching: total cross section = 5.048e+00 +- 2.456e-04 pb
After matching: total cross section = 4.498e-01 +- 6.215e-04 pb
Matching efficiency = 0.1 +/- 0.0   [TO BE USED IN MCM]
Filter efficiency (taking into account weights)= (2.41237e+06) / (2.41237e+06) = 1.000e+00 +- 0.000e+00
Filter efficiency (event-level)= (477881) / (477881) = 1.000e+00 +- 0.000e+00    [TO BE USED IN MCM]

After filter: final cross section = 4.498e-01 +- 6.215e-04 pb
After filter: final fraction of events with negative weights = 0.000e+00 +- 0.000e+00
After filter: final equivalent lumi for 1M events (1/fb) = 2.223e+03 +- 3.791e+00
