01-Feb-2025 18:32:13 CST  Initiating request to open file root://cmsxrootd.fnal.gov//store/mc/Run3Summer22MiniAODv4/WtoLNu-4Jets_MLNu-0to120_HT-40to100_TuneCP5_13p6TeV_madgraphMLM-pythia8/MINIAODSIM/130X_mcRun3_2022_realistic_v5-v3/2560000/c795962a-3c65-457f-a141-22a6c8535b66.root
01-Feb-2025 18:32:17 CST  Successfully opened file root://cmsxrootd.fnal.gov//store/mc/Run3Summer22MiniAODv4/WtoLNu-4Jets_MLNu-0to120_HT-40to100_TuneCP5_13p6TeV_madgraphMLM-pythia8/MINIAODSIM/130X_mcRun3_2022_realistic_v5-v3/2560000/c795962a-3c65-457f-a141-22a6c8535b66.root
Begin processing the 1st record. Run 1, Event 54456872, LumiSection 14636 on stream 0 at 01-Feb-2025 18:32:19.770 CST
01-Feb-2025 18:32:20 CST  Closed file root://cmsxrootd.fnal.gov//store/mc/Run3Summer22MiniAODv4/WtoLNu-4Jets_MLNu-0to120_HT-40to100_TuneCP5_13p6TeV_madgraphMLM-pythia8/MINIAODSIM/130X_mcRun3_2022_realistic_v5-v3/2560000/c795962a-3c65-457f-a141-22a6c8535b66.root
01-Feb-2025 18:32:20 CST  Initiating request to open file root://cmsxrootd.fnal.gov//store/mc/Run3Summer22MiniAODv4/WtoLNu-4Jets_MLNu-0to120_HT-40to100_TuneCP5_13p6TeV_madgraphMLM-pythia8/MINIAODSIM/130X_mcRun3_2022_realistic_v5-v3/2560000/d0f4d6b2-0f1f-4842-ba5a-f0d938f60cda.root
01-Feb-2025 18:32:21 CST  Successfully opened file root://cmsxrootd.fnal.gov//store/mc/Run3Summer22MiniAODv4/WtoLNu-4Jets_MLNu-0to120_HT-40to100_TuneCP5_13p6TeV_madgraphMLM-pythia8/MINIAODSIM/130X_mcRun3_2022_realistic_v5-v3/2560000/d0f4d6b2-0f1f-4842-ba5a-f0d938f60cda.root
Begin processing the 100001st record. Run 1, Event 733032133, LumiSection 196999 on stream 0 at 01-Feb-2025 18:32:24.324 CST
01-Feb-2025 18:32:24 CST  Closed file root://cmsxrootd.fnal.gov//store/mc/Run3Summer22MiniAODv4/WtoLNu-4Jets_MLNu-0to120_HT-40to100_TuneCP5_13p6TeV_madgraphMLM-pythia8/MINIAODSIM/130X_mcRun3_2022_realistic_v5-v3/2560000/d0f4d6b2-0f1f-4842-ba5a-f0d938f60cda.root
01-Feb-2025 18:32:24 CST  Initiating request to open file root://cmsxrootd.fnal.gov//store/mc/Run3Summer22MiniAODv4/WtoLNu-4Jets_MLNu-0to120_HT-40to100_TuneCP5_13p6TeV_madgraphMLM-pythia8/MINIAODSIM/130X_mcRun3_2022_realistic_v5-v3/2560000/fb751ed7-c59b-4cba-9258-393ae5bfd45d.root
01-Feb-2025 18:32:25 CST  Successfully opened file root://cmsxrootd.fnal.gov//store/mc/Run3Summer22MiniAODv4/WtoLNu-4Jets_MLNu-0to120_HT-40to100_TuneCP5_13p6TeV_madgraphMLM-pythia8/MINIAODSIM/130X_mcRun3_2022_realistic_v5-v3/2560000/fb751ed7-c59b-4cba-9258-393ae5bfd45d.root
01-Feb-2025 18:32:28 CST  Closed file root://cmsxrootd.fnal.gov//store/mc/Run3Summer22MiniAODv4/WtoLNu-4Jets_MLNu-0to120_HT-40to100_TuneCP5_13p6TeV_madgraphMLM-pythia8/MINIAODSIM/130X_mcRun3_2022_realistic_v5-v3/2560000/fb751ed7-c59b-4cba-9258-393ae5bfd45d.root
01-Feb-2025 18:32:28 CST  Initiating request to open file root://cmsxrootd.fnal.gov//store/mc/Run3Summer22MiniAODv4/WtoLNu-4Jets_MLNu-0to120_HT-40to100_TuneCP5_13p6TeV_madgraphMLM-pythia8/MINIAODSIM/130X_mcRun3_2022_realistic_v5-v3/2560000/069f6b5a-ab85-41e4-b827-6a308ceac3ff.root
01-Feb-2025 18:32:29 CST  Successfully opened file root://cmsxrootd.fnal.gov//store/mc/Run3Summer22MiniAODv4/WtoLNu-4Jets_MLNu-0to120_HT-40to100_TuneCP5_13p6TeV_madgraphMLM-pythia8/MINIAODSIM/130X_mcRun3_2022_realistic_v5-v3/2560000/069f6b5a-ab85-41e4-b827-6a308ceac3ff.root
01-Feb-2025 18:32:31 CST  Closed file root://cmsxrootd.fnal.gov//store/mc/Run3Summer22MiniAODv4/WtoLNu-4Jets_MLNu-0to120_HT-40to100_TuneCP5_13p6TeV_madgraphMLM-pythia8/MINIAODSIM/130X_mcRun3_2022_realistic_v5-v3/2560000/069f6b5a-ab85-41e4-b827-6a308ceac3ff.root
01-Feb-2025 18:32:31 CST  Initiating request to open file root://cmsxrootd.fnal.gov//store/mc/Run3Summer22MiniAODv4/WtoLNu-4Jets_MLNu-0to120_HT-40to100_TuneCP5_13p6TeV_madgraphMLM-pythia8/MINIAODSIM/130X_mcRun3_2022_realistic_v5-v3/2560000/ba55996e-a095-489c-899c-3941d5afe52c.root
01-Feb-2025 18:32:32 CST  Successfully opened file root://cmsxrootd.fnal.gov//store/mc/Run3Summer22MiniAODv4/WtoLNu-4Jets_MLNu-0to120_HT-40to100_TuneCP5_13p6TeV_madgraphMLM-pythia8/MINIAODSIM/130X_mcRun3_2022_realistic_v5-v3/2560000/ba55996e-a095-489c-899c-3941d5afe52c.root
Begin processing the 200001st record. Run 1, Event 75925967, LumiSection 20405 on stream 0 at 01-Feb-2025 18:32:34.627 CST
01-Feb-2025 18:32:34 CST  Closed file root://cmsxrootd.fnal.gov//store/mc/Run3Summer22MiniAODv4/WtoLNu-4Jets_MLNu-0to120_HT-40to100_TuneCP5_13p6TeV_madgraphMLM-pythia8/MINIAODSIM/130X_mcRun3_2022_realistic_v5-v3/2560000/ba55996e-a095-489c-899c-3941d5afe52c.root
01-Feb-2025 18:32:34 CST  Initiating request to open file root://cmsxrootd.fnal.gov//store/mc/Run3Summer22MiniAODv4/WtoLNu-4Jets_MLNu-0to120_HT-40to100_TuneCP5_13p6TeV_madgraphMLM-pythia8/MINIAODSIM/130X_mcRun3_2022_realistic_v5-v3/2560000/80752d26-e8a7-4ebc-acfb-295a07ce0a75.root
01-Feb-2025 18:32:35 CST  Successfully opened file root://cmsxrootd.fnal.gov//store/mc/Run3Summer22MiniAODv4/WtoLNu-4Jets_MLNu-0to120_HT-40to100_TuneCP5_13p6TeV_madgraphMLM-pythia8/MINIAODSIM/130X_mcRun3_2022_realistic_v5-v3/2560000/80752d26-e8a7-4ebc-acfb-295a07ce0a75.root
01-Feb-2025 18:32:37 CST  Closed file root://cmsxrootd.fnal.gov//store/mc/Run3Summer22MiniAODv4/WtoLNu-4Jets_MLNu-0to120_HT-40to100_TuneCP5_13p6TeV_madgraphMLM-pythia8/MINIAODSIM/130X_mcRun3_2022_realistic_v5-v3/2560000/80752d26-e8a7-4ebc-acfb-295a07ce0a75.root
01-Feb-2025 18:32:37 CST  Initiating request to open file root://cmsxrootd.fnal.gov//store/mc/Run3Summer22MiniAODv4/WtoLNu-4Jets_MLNu-0to120_HT-40to100_TuneCP5_13p6TeV_madgraphMLM-pythia8/MINIAODSIM/130X_mcRun3_2022_realistic_v5-v3/2560000/08c515e1-fd12-415d-b2c0-c4f3627f693a.root
01-Feb-2025 18:32:38 CST  Successfully opened file root://cmsxrootd.fnal.gov//store/mc/Run3Summer22MiniAODv4/WtoLNu-4Jets_MLNu-0to120_HT-40to100_TuneCP5_13p6TeV_madgraphMLM-pythia8/MINIAODSIM/130X_mcRun3_2022_realistic_v5-v3/2560000/08c515e1-fd12-415d-b2c0-c4f3627f693a.root
01-Feb-2025 18:32:41 CST  Closed file root://cmsxrootd.fnal.gov//store/mc/Run3Summer22MiniAODv4/WtoLNu-4Jets_MLNu-0to120_HT-40to100_TuneCP5_13p6TeV_madgraphMLM-pythia8/MINIAODSIM/130X_mcRun3_2022_realistic_v5-v3/2560000/08c515e1-fd12-415d-b2c0-c4f3627f693a.root
01-Feb-2025 18:32:41 CST  Initiating request to open file root://cmsxrootd.fnal.gov//store/mc/Run3Summer22MiniAODv4/WtoLNu-4Jets_MLNu-0to120_HT-40to100_TuneCP5_13p6TeV_madgraphMLM-pythia8/MINIAODSIM/130X_mcRun3_2022_realistic_v5-v3/2560000/1a05a131-f628-426b-8b24-79173ac5d44e.root
01-Feb-2025 18:32:43 CST  Successfully opened file root://cmsxrootd.fnal.gov//store/mc/Run3Summer22MiniAODv4/WtoLNu-4Jets_MLNu-0to120_HT-40to100_TuneCP5_13p6TeV_madgraphMLM-pythia8/MINIAODSIM/130X_mcRun3_2022_realistic_v5-v3/2560000/1a05a131-f628-426b-8b24-79173ac5d44e.root
Begin processing the 300001st record. Run 1, Event 172835311, LumiSection 46449 on stream 0 at 01-Feb-2025 18:32:45.133 CST
01-Feb-2025 18:32:45 CST  Closed file root://cmsxrootd.fnal.gov//store/mc/Run3Summer22MiniAODv4/WtoLNu-4Jets_MLNu-0to120_HT-40to100_TuneCP5_13p6TeV_madgraphMLM-pythia8/MINIAODSIM/130X_mcRun3_2022_realistic_v5-v3/2560000/1a05a131-f628-426b-8b24-79173ac5d44e.root
01-Feb-2025 18:32:45 CST  Initiating request to open file root://cmsxrootd.fnal.gov//store/mc/Run3Summer22MiniAODv4/WtoLNu-4Jets_MLNu-0to120_HT-40to100_TuneCP5_13p6TeV_madgraphMLM-pythia8/MINIAODSIM/130X_mcRun3_2022_realistic_v5-v3/2560000/d4200911-f60b-4091-b54f-8eac137cf20d.root
01-Feb-2025 18:32:46 CST  Successfully opened file root://cmsxrootd.fnal.gov//store/mc/Run3Summer22MiniAODv4/WtoLNu-4Jets_MLNu-0to120_HT-40to100_TuneCP5_13p6TeV_madgraphMLM-pythia8/MINIAODSIM/130X_mcRun3_2022_realistic_v5-v3/2560000/d4200911-f60b-4091-b54f-8eac137cf20d.root
01-Feb-2025 18:32:48 CST  Closed file root://cmsxrootd.fnal.gov//store/mc/Run3Summer22MiniAODv4/WtoLNu-4Jets_MLNu-0to120_HT-40to100_TuneCP5_13p6TeV_madgraphMLM-pythia8/MINIAODSIM/130X_mcRun3_2022_realistic_v5-v3/2560000/d4200911-f60b-4091-b54f-8eac137cf20d.root
01-Feb-2025 18:32:48 CST  Initiating request to open file root://cmsxrootd.fnal.gov//store/mc/Run3Summer22MiniAODv4/WtoLNu-4Jets_MLNu-0to120_HT-40to100_TuneCP5_13p6TeV_madgraphMLM-pythia8/MINIAODSIM/130X_mcRun3_2022_realistic_v5-v3/2560000/1cdc6f6b-ca81-4685-bd66-0b2d16f1f511.root
01-Feb-2025 18:32:49 CST  Successfully opened file root://cmsxrootd.fnal.gov//store/mc/Run3Summer22MiniAODv4/WtoLNu-4Jets_MLNu-0to120_HT-40to100_TuneCP5_13p6TeV_madgraphMLM-pythia8/MINIAODSIM/130X_mcRun3_2022_realistic_v5-v3/2560000/1cdc6f6b-ca81-4685-bd66-0b2d16f1f511.root
01-Feb-2025 18:32:51 CST  Closed file root://cmsxrootd.fnal.gov//store/mc/Run3Summer22MiniAODv4/WtoLNu-4Jets_MLNu-0to120_HT-40to100_TuneCP5_13p6TeV_madgraphMLM-pythia8/MINIAODSIM/130X_mcRun3_2022_realistic_v5-v3/2560000/1cdc6f6b-ca81-4685-bd66-0b2d16f1f511.root
01-Feb-2025 18:32:51 CST  Initiating request to open file root://cmsxrootd.fnal.gov//store/mc/Run3Summer22MiniAODv4/WtoLNu-4Jets_MLNu-0to120_HT-40to100_TuneCP5_13p6TeV_madgraphMLM-pythia8/MINIAODSIM/130X_mcRun3_2022_realistic_v5-v3/2560000/e876ab12-cf70-4672-baae-e449e54f4c8f.root
01-Feb-2025 18:32:52 CST  Successfully opened file root://cmsxrootd.fnal.gov//store/mc/Run3Summer22MiniAODv4/WtoLNu-4Jets_MLNu-0to120_HT-40to100_TuneCP5_13p6TeV_madgraphMLM-pythia8/MINIAODSIM/130X_mcRun3_2022_realistic_v5-v3/2560000/e876ab12-cf70-4672-baae-e449e54f4c8f.root
Begin processing the 400001st record. Run 1, Event 76968041, LumiSection 20685 on stream 0 at 01-Feb-2025 18:32:54.588 CST
01-Feb-2025 18:32:54 CST  Closed file root://cmsxrootd.fnal.gov//store/mc/Run3Summer22MiniAODv4/WtoLNu-4Jets_MLNu-0to120_HT-40to100_TuneCP5_13p6TeV_madgraphMLM-pythia8/MINIAODSIM/130X_mcRun3_2022_realistic_v5-v3/2560000/e876ab12-cf70-4672-baae-e449e54f4c8f.root
01-Feb-2025 18:32:54 CST  Initiating request to open file root://cmsxrootd.fnal.gov//store/mc/Run3Summer22MiniAODv4/WtoLNu-4Jets_MLNu-0to120_HT-40to100_TuneCP5_13p6TeV_madgraphMLM-pythia8/MINIAODSIM/130X_mcRun3_2022_realistic_v5-v3/2560000/aa35c9c7-fa84-4ce5-9975-83119551cf4c.root
01-Feb-2025 18:32:55 CST  Successfully opened file root://cmsxrootd.fnal.gov//store/mc/Run3Summer22MiniAODv4/WtoLNu-4Jets_MLNu-0to120_HT-40to100_TuneCP5_13p6TeV_madgraphMLM-pythia8/MINIAODSIM/130X_mcRun3_2022_realistic_v5-v3/2560000/aa35c9c7-fa84-4ce5-9975-83119551cf4c.root
01-Feb-2025 18:32:58 CST  Closed file root://cmsxrootd.fnal.gov//store/mc/Run3Summer22MiniAODv4/WtoLNu-4Jets_MLNu-0to120_HT-40to100_TuneCP5_13p6TeV_madgraphMLM-pythia8/MINIAODSIM/130X_mcRun3_2022_realistic_v5-v3/2560000/aa35c9c7-fa84-4ce5-9975-83119551cf4c.root
01-Feb-2025 18:32:58 CST  Initiating request to open file root://cmsxrootd.fnal.gov//store/mc/Run3Summer22MiniAODv4/WtoLNu-4Jets_MLNu-0to120_HT-40to100_TuneCP5_13p6TeV_madgraphMLM-pythia8/MINIAODSIM/130X_mcRun3_2022_realistic_v5-v3/2560000/c04cd8da-015d-4fc4-8b3c-49d308c5e32b.root
01-Feb-2025 18:32:59 CST  Successfully opened file root://cmsxrootd.fnal.gov//store/mc/Run3Summer22MiniAODv4/WtoLNu-4Jets_MLNu-0to120_HT-40to100_TuneCP5_13p6TeV_madgraphMLM-pythia8/MINIAODSIM/130X_mcRun3_2022_realistic_v5-v3/2560000/c04cd8da-015d-4fc4-8b3c-49d308c5e32b.root
01-Feb-2025 18:33:01 CST  Closed file root://cmsxrootd.fnal.gov//store/mc/Run3Summer22MiniAODv4/WtoLNu-4Jets_MLNu-0to120_HT-40to100_TuneCP5_13p6TeV_madgraphMLM-pythia8/MINIAODSIM/130X_mcRun3_2022_realistic_v5-v3/2560000/c04cd8da-015d-4fc4-8b3c-49d308c5e32b.root
01-Feb-2025 18:33:01 CST  Initiating request to open file root://cmsxrootd.fnal.gov//store/mc/Run3Summer22MiniAODv4/WtoLNu-4Jets_MLNu-0to120_HT-40to100_TuneCP5_13p6TeV_madgraphMLM-pythia8/MINIAODSIM/130X_mcRun3_2022_realistic_v5-v3/2560000/83b90932-8456-44ee-9038-6f7c73b6b2ee.root
01-Feb-2025 18:33:02 CST  Successfully opened file root://cmsxrootd.fnal.gov//store/mc/Run3Summer22MiniAODv4/WtoLNu-4Jets_MLNu-0to120_HT-40to100_TuneCP5_13p6TeV_madgraphMLM-pythia8/MINIAODSIM/130X_mcRun3_2022_realistic_v5-v3/2560000/83b90932-8456-44ee-9038-6f7c73b6b2ee.root
Begin processing the 500001st record. Run 1, Event 108453986, LumiSection 29147 on stream 0 at 01-Feb-2025 18:33:04.147 CST
01-Feb-2025 18:33:04 CST  Closed file root://cmsxrootd.fnal.gov//store/mc/Run3Summer22MiniAODv4/WtoLNu-4Jets_MLNu-0to120_HT-40to100_TuneCP5_13p6TeV_madgraphMLM-pythia8/MINIAODSIM/130X_mcRun3_2022_realistic_v5-v3/2560000/83b90932-8456-44ee-9038-6f7c73b6b2ee.root
01-Feb-2025 18:33:04 CST  Initiating request to open file root://cmsxrootd.fnal.gov//store/mc/Run3Summer22MiniAODv4/WtoLNu-4Jets_MLNu-0to120_HT-40to100_TuneCP5_13p6TeV_madgraphMLM-pythia8/MINIAODSIM/130X_mcRun3_2022_realistic_v5-v3/2560000/7566f4b6-9a4f-4666-9600-eb675165526b.root
01-Feb-2025 18:33:05 CST  Successfully opened file root://cmsxrootd.fnal.gov//store/mc/Run3Summer22MiniAODv4/WtoLNu-4Jets_MLNu-0to120_HT-40to100_TuneCP5_13p6TeV_madgraphMLM-pythia8/MINIAODSIM/130X_mcRun3_2022_realistic_v5-v3/2560000/7566f4b6-9a4f-4666-9600-eb675165526b.root
01-Feb-2025 18:33:07 CST  Closed file root://cmsxrootd.fnal.gov//store/mc/Run3Summer22MiniAODv4/WtoLNu-4Jets_MLNu-0to120_HT-40to100_TuneCP5_13p6TeV_madgraphMLM-pythia8/MINIAODSIM/130X_mcRun3_2022_realistic_v5-v3/2560000/7566f4b6-9a4f-4666-9600-eb675165526b.root
01-Feb-2025 18:33:07 CST  Initiating request to open file root://cmsxrootd.fnal.gov//store/mc/Run3Summer22MiniAODv4/WtoLNu-4Jets_MLNu-0to120_HT-40to100_TuneCP5_13p6TeV_madgraphMLM-pythia8/MINIAODSIM/130X_mcRun3_2022_realistic_v5-v3/2560000/d90877e0-2afe-49b1-89c7-aade7cc28c3f.root
01-Feb-2025 18:33:08 CST  Successfully opened file root://cmsxrootd.fnal.gov//store/mc/Run3Summer22MiniAODv4/WtoLNu-4Jets_MLNu-0to120_HT-40to100_TuneCP5_13p6TeV_madgraphMLM-pythia8/MINIAODSIM/130X_mcRun3_2022_realistic_v5-v3/2560000/d90877e0-2afe-49b1-89c7-aade7cc28c3f.root
01-Feb-2025 18:33:13 CST  Closed file root://cmsxrootd.fnal.gov//store/mc/Run3Summer22MiniAODv4/WtoLNu-4Jets_MLNu-0to120_HT-40to100_TuneCP5_13p6TeV_madgraphMLM-pythia8/MINIAODSIM/130X_mcRun3_2022_realistic_v5-v3/2560000/d90877e0-2afe-49b1-89c7-aade7cc28c3f.root
01-Feb-2025 18:33:13 CST  Initiating request to open file root://cmsxrootd.fnal.gov//store/mc/Run3Summer22MiniAODv4/WtoLNu-4Jets_MLNu-0to120_HT-40to100_TuneCP5_13p6TeV_madgraphMLM-pythia8/MINIAODSIM/130X_mcRun3_2022_realistic_v5-v3/2560000/061d6473-8a59-4adb-a2b9-13a319338e70.root
01-Feb-2025 18:33:14 CST  Successfully opened file root://cmsxrootd.fnal.gov//store/mc/Run3Summer22MiniAODv4/WtoLNu-4Jets_MLNu-0to120_HT-40to100_TuneCP5_13p6TeV_madgraphMLM-pythia8/MINIAODSIM/130X_mcRun3_2022_realistic_v5-v3/2560000/061d6473-8a59-4adb-a2b9-13a319338e70.root
Begin processing the 600001st record. Run 1, Event 294797977, LumiSection 79226 on stream 0 at 01-Feb-2025 18:33:16.832 CST
01-Feb-2025 18:33:17 CST  Closed file root://cmsxrootd.fnal.gov//store/mc/Run3Summer22MiniAODv4/WtoLNu-4Jets_MLNu-0to120_HT-40to100_TuneCP5_13p6TeV_madgraphMLM-pythia8/MINIAODSIM/130X_mcRun3_2022_realistic_v5-v3/2560000/061d6473-8a59-4adb-a2b9-13a319338e70.root
01-Feb-2025 18:33:17 CST  Initiating request to open file root://cmsxrootd.fnal.gov//store/mc/Run3Summer22MiniAODv4/WtoLNu-4Jets_MLNu-0to120_HT-40to100_TuneCP5_13p6TeV_madgraphMLM-pythia8/MINIAODSIM/130X_mcRun3_2022_realistic_v5-v3/2560000/b6207b85-5c91-465d-b577-e3c57ca9f6ac.root
01-Feb-2025 18:33:18 CST  Successfully opened file root://cmsxrootd.fnal.gov//store/mc/Run3Summer22MiniAODv4/WtoLNu-4Jets_MLNu-0to120_HT-40to100_TuneCP5_13p6TeV_madgraphMLM-pythia8/MINIAODSIM/130X_mcRun3_2022_realistic_v5-v3/2560000/b6207b85-5c91-465d-b577-e3c57ca9f6ac.root
01-Feb-2025 18:33:20 CST  Closed file root://cmsxrootd.fnal.gov//store/mc/Run3Summer22MiniAODv4/WtoLNu-4Jets_MLNu-0to120_HT-40to100_TuneCP5_13p6TeV_madgraphMLM-pythia8/MINIAODSIM/130X_mcRun3_2022_realistic_v5-v3/2560000/b6207b85-5c91-465d-b577-e3c57ca9f6ac.root
01-Feb-2025 18:33:20 CST  Initiating request to open file root://cmsxrootd.fnal.gov//store/mc/Run3Summer22MiniAODv4/WtoLNu-4Jets_MLNu-0to120_HT-40to100_TuneCP5_13p6TeV_madgraphMLM-pythia8/MINIAODSIM/130X_mcRun3_2022_realistic_v5-v3/2560000/f0d7c9d0-2914-4836-a703-29013e4e26ad.root
01-Feb-2025 18:33:21 CST  Successfully opened file root://cmsxrootd.fnal.gov//store/mc/Run3Summer22MiniAODv4/WtoLNu-4Jets_MLNu-0to120_HT-40to100_TuneCP5_13p6TeV_madgraphMLM-pythia8/MINIAODSIM/130X_mcRun3_2022_realistic_v5-v3/2560000/f0d7c9d0-2914-4836-a703-29013e4e26ad.root
Begin processing the 700001st record. Run 1, Event 725024632, LumiSection 194847 on stream 0 at 01-Feb-2025 18:33:23.389 CST
01-Feb-2025 18:33:23 CST  Closed file root://cmsxrootd.fnal.gov//store/mc/Run3Summer22MiniAODv4/WtoLNu-4Jets_MLNu-0to120_HT-40to100_TuneCP5_13p6TeV_madgraphMLM-pythia8/MINIAODSIM/130X_mcRun3_2022_realistic_v5-v3/2560000/f0d7c9d0-2914-4836-a703-29013e4e26ad.root
01-Feb-2025 18:33:23 CST  Initiating request to open file root://cmsxrootd.fnal.gov//store/mc/Run3Summer22MiniAODv4/WtoLNu-4Jets_MLNu-0to120_HT-40to100_TuneCP5_13p6TeV_madgraphMLM-pythia8/MINIAODSIM/130X_mcRun3_2022_realistic_v5-v3/2560000/c1b7851d-9f17-44ba-acb7-2787387c2ed2.root
01-Feb-2025 18:33:24 CST  Successfully opened file root://cmsxrootd.fnal.gov//store/mc/Run3Summer22MiniAODv4/WtoLNu-4Jets_MLNu-0to120_HT-40to100_TuneCP5_13p6TeV_madgraphMLM-pythia8/MINIAODSIM/130X_mcRun3_2022_realistic_v5-v3/2560000/c1b7851d-9f17-44ba-acb7-2787387c2ed2.root
01-Feb-2025 18:33:27 CST  Closed file root://cmsxrootd.fnal.gov//store/mc/Run3Summer22MiniAODv4/WtoLNu-4Jets_MLNu-0to120_HT-40to100_TuneCP5_13p6TeV_madgraphMLM-pythia8/MINIAODSIM/130X_mcRun3_2022_realistic_v5-v3/2560000/c1b7851d-9f17-44ba-acb7-2787387c2ed2.root
01-Feb-2025 18:33:27 CST  Initiating request to open file root://cmsxrootd.fnal.gov//store/mc/Run3Summer22MiniAODv4/WtoLNu-4Jets_MLNu-0to120_HT-40to100_TuneCP5_13p6TeV_madgraphMLM-pythia8/MINIAODSIM/130X_mcRun3_2022_realistic_v5-v3/2560000/96018ab9-1372-4525-9dd8-64d69f6f4515.root
01-Feb-2025 18:33:28 CST  Successfully opened file root://cmsxrootd.fnal.gov//store/mc/Run3Summer22MiniAODv4/WtoLNu-4Jets_MLNu-0to120_HT-40to100_TuneCP5_13p6TeV_madgraphMLM-pythia8/MINIAODSIM/130X_mcRun3_2022_realistic_v5-v3/2560000/96018ab9-1372-4525-9dd8-64d69f6f4515.root
Begin processing the 800001st record. Run 1, Event 732237360, LumiSection 196786 on stream 0 at 01-Feb-2025 18:33:31.803 CST
01-Feb-2025 18:33:31 CST  Closed file root://cmsxrootd.fnal.gov//store/mc/Run3Summer22MiniAODv4/WtoLNu-4Jets_MLNu-0to120_HT-40to100_TuneCP5_13p6TeV_madgraphMLM-pythia8/MINIAODSIM/130X_mcRun3_2022_realistic_v5-v3/2560000/96018ab9-1372-4525-9dd8-64d69f6f4515.root
01-Feb-2025 18:33:31 CST  Initiating request to open file root://cmsxrootd.fnal.gov//store/mc/Run3Summer22MiniAODv4/WtoLNu-4Jets_MLNu-0to120_HT-40to100_TuneCP5_13p6TeV_madgraphMLM-pythia8/MINIAODSIM/130X_mcRun3_2022_realistic_v5-v3/80000/9812eed7-e659-422c-9467-7fe54c3b0f09.root
01-Feb-2025 18:33:32 CST  Successfully opened file root://cmsxrootd.fnal.gov//store/mc/Run3Summer22MiniAODv4/WtoLNu-4Jets_MLNu-0to120_HT-40to100_TuneCP5_13p6TeV_madgraphMLM-pythia8/MINIAODSIM/130X_mcRun3_2022_realistic_v5-v3/80000/9812eed7-e659-422c-9467-7fe54c3b0f09.root
01-Feb-2025 18:33:37 CST  Closed file root://cmsxrootd.fnal.gov//store/mc/Run3Summer22MiniAODv4/WtoLNu-4Jets_MLNu-0to120_HT-40to100_TuneCP5_13p6TeV_madgraphMLM-pythia8/MINIAODSIM/130X_mcRun3_2022_realistic_v5-v3/80000/9812eed7-e659-422c-9467-7fe54c3b0f09.root
01-Feb-2025 18:33:37 CST  Initiating request to open file root://cmsxrootd.fnal.gov//store/mc/Run3Summer22MiniAODv4/WtoLNu-4Jets_MLNu-0to120_HT-40to100_TuneCP5_13p6TeV_madgraphMLM-pythia8/MINIAODSIM/130X_mcRun3_2022_realistic_v5-v3/80000/56dda1b1-92fb-4152-a203-ba6f0e9bc34e.root
01-Feb-2025 18:33:38 CST  Successfully opened file root://cmsxrootd.fnal.gov//store/mc/Run3Summer22MiniAODv4/WtoLNu-4Jets_MLNu-0to120_HT-40to100_TuneCP5_13p6TeV_madgraphMLM-pythia8/MINIAODSIM/130X_mcRun3_2022_realistic_v5-v3/80000/56dda1b1-92fb-4152-a203-ba6f0e9bc34e.root
01-Feb-2025 18:33:41 CST  Closed file root://cmsxrootd.fnal.gov//store/mc/Run3Summer22MiniAODv4/WtoLNu-4Jets_MLNu-0to120_HT-40to100_TuneCP5_13p6TeV_madgraphMLM-pythia8/MINIAODSIM/130X_mcRun3_2022_realistic_v5-v3/80000/56dda1b1-92fb-4152-a203-ba6f0e9bc34e.root
01-Feb-2025 18:33:41 CST  Initiating request to open file root://cmsxrootd.fnal.gov//store/mc/Run3Summer22MiniAODv4/WtoLNu-4Jets_MLNu-0to120_HT-40to100_TuneCP5_13p6TeV_madgraphMLM-pythia8/MINIAODSIM/130X_mcRun3_2022_realistic_v5-v3/80000/09c32473-0557-45ed-bc12-9eb495284533.root
01-Feb-2025 18:33:42 CST  Successfully opened file root://cmsxrootd.fnal.gov//store/mc/Run3Summer22MiniAODv4/WtoLNu-4Jets_MLNu-0to120_HT-40to100_TuneCP5_13p6TeV_madgraphMLM-pythia8/MINIAODSIM/130X_mcRun3_2022_realistic_v5-v3/80000/09c32473-0557-45ed-bc12-9eb495284533.root
Begin processing the 900001st record. Run 1, Event 98413140, LumiSection 26449 on stream 0 at 01-Feb-2025 18:33:44.230 CST
01-Feb-2025 18:33:44 CST  Closed file root://cmsxrootd.fnal.gov//store/mc/Run3Summer22MiniAODv4/WtoLNu-4Jets_MLNu-0to120_HT-40to100_TuneCP5_13p6TeV_madgraphMLM-pythia8/MINIAODSIM/130X_mcRun3_2022_realistic_v5-v3/80000/09c32473-0557-45ed-bc12-9eb495284533.root
01-Feb-2025 18:33:44 CST  Initiating request to open file root://cmsxrootd.fnal.gov//store/mc/Run3Summer22MiniAODv4/WtoLNu-4Jets_MLNu-0to120_HT-40to100_TuneCP5_13p6TeV_madgraphMLM-pythia8/MINIAODSIM/130X_mcRun3_2022_realistic_v5-v3/80000/db01146e-3438-4a39-9f45-61645b331e94.root
01-Feb-2025 18:33:46 CST  Successfully opened file root://cmsxrootd.fnal.gov//store/mc/Run3Summer22MiniAODv4/WtoLNu-4Jets_MLNu-0to120_HT-40to100_TuneCP5_13p6TeV_madgraphMLM-pythia8/MINIAODSIM/130X_mcRun3_2022_realistic_v5-v3/80000/db01146e-3438-4a39-9f45-61645b331e94.root
   2319.116000     41.998860  22001.130000             2
   1755.167000     34.341310  22001.130000             3
   5601.301000     53.273990  22001.130000             4
   4178.583000     44.110840  22001.130000             5
   3649.465000     32.387580  22001.130000             6
   2664.087000     27.418030  22001.130000             7
   1129.824000     13.858140  22001.130000             8
    703.582700     10.273410  22001.130000             9
 
01-Feb-2025 18:33:49 CST  Closed file root://cmsxrootd.fnal.gov//store/mc/Run3Summer22MiniAODv4/WtoLNu-4Jets_MLNu-0to120_HT-40to100_TuneCP5_13p6TeV_madgraphMLM-pythia8/MINIAODSIM/130X_mcRun3_2022_realistic_v5-v3/80000/db01146e-3438-4a39-9f45-61645b331e94.root

------------------------------------
GenXsecAnalyzer:
------------------------------------
-------------------------------------------------------------------------------------------------------------------------------------------------------------------------- 
Overall cross-section summary 
--------------------------------------------------------------------------------------------------------------------------------------------------------------------------
Process		xsec_before [pb]		passed	nposw	nnegw	tried	nposw	nnegw 	xsec_match [pb]			accepted [%]	 event_eff [%]
0		2.346e+03 +/- 5.677e-01		257708	257708	0	552684	552684	0	1.094e+03 +/- 1.596e+00		46.6 +/- 0.1	46.6 +/- 0.1
1		1.738e+03 +/- 4.557e-01		194613	194613	0	410010	410010	0	8.247e+02 +/- 1.372e+00		47.5 +/- 0.1	47.5 +/- 0.1
2		5.666e+03 +/- 7.355e-01		267081	267081	0	1320565	1320565	0	1.146e+03 +/- 1.986e+00		20.2 +/- 0.0	20.2 +/- 0.0
3		4.203e+03 +/- 5.939e-01		204630	204630	0	983749	983749	0	8.742e+02 +/- 1.724e+00		20.8 +/- 0.0	20.8 +/- 0.0
4		3.715e+03 +/- 4.527e-01		41170	41170	0	874914	874914	0	1.748e+02 +/- 8.414e-01		4.7 +/- 0.0	4.7 +/- 0.0
5		2.714e+03 +/- 3.693e-01		31078	31078	0	638549	638549	0	1.321e+02 +/- 7.311e-01		4.9 +/- 0.0	4.9 +/- 0.0
6		9.828e+02 +/- 1.586e-01		2356	2356	0	231741	231741	0	9.992e+00 +/- 2.048e-01		1.0 +/- 0.0	1.0 +/- 0.0
7		7.105e+02 +/- 1.356e-01		1889	1889	0	167420	167420	0	8.014e+00 +/- 1.834e-01		1.1 +/- 0.0	1.1 +/- 0.0
-------------------------------------------------------------------------------------------------------------------------------------------------------------------------- 
Total		2.207e+04 +/- 1.345e+00		1000525	1000525	0	5179632	5179632	0	4.264e+03 +/- 3.838e+00		19.3 +/- 0.0	19.3 +/- 0.0
--------------------------------------------------------------------------------------------------------------------------------------------------------------------------
Before matching: total cross section = 2.207e+04 +- 1.345e+00 pb
After matching: total cross section = 4.264e+03 +- 3.838e+00 pb
Matching efficiency = 0.2 +/- 0.0   [TO BE USED IN MCM]
Filter efficiency (taking into account weights)= (2.21006e+10) / (2.21006e+10) = 1.000e+00 +- 0.000e+00
Filter efficiency (event-level)= (1.00052e+06) / (1.00052e+06) = 1.000e+00 +- 0.000e+00    [TO BE USED IN MCM]

After filter: final cross section = 4.264e+03 +- 3.838e+00 pb
After filter: final fraction of events with negative weights = 0.000e+00 +- 0.000e+00
After filter: final equivalent lumi for 1M events (1/fb) = 2.345e-01 +- 3.155e-04
