01-Feb-2025 17:18:53 CST  Initiating request to open file root://cmsxrootd.fnal.gov//store/mc/Run3Summer22MiniAODv4/WWW_4F_TuneCP5_13p6TeV_amcatnlo-madspin-pythia8/MINIAODSIM/130X_mcRun3_2022_realistic_v5-v2/50000/24f5d358-dd24-4b44-8515-b70e06e91a9b.root
01-Feb-2025 17:18:58 CST  Successfully opened file root://cmsxrootd.fnal.gov//store/mc/Run3Summer22MiniAODv4/WWW_4F_TuneCP5_13p6TeV_amcatnlo-madspin-pythia8/MINIAODSIM/130X_mcRun3_2022_realistic_v5-v2/50000/24f5d358-dd24-4b44-8515-b70e06e91a9b.root
Begin processing the 1st record. Run 1, Event 2945, LumiSection 7 on stream 0 at 01-Feb-2025 17:19:00.177 CST
01-Feb-2025 17:19:00 CST  Closed file root://cmsxrootd.fnal.gov//store/mc/Run3Summer22MiniAODv4/WWW_4F_TuneCP5_13p6TeV_amcatnlo-madspin-pythia8/MINIAODSIM/130X_mcRun3_2022_realistic_v5-v2/50000/24f5d358-dd24-4b44-8515-b70e06e91a9b.root
01-Feb-2025 17:19:00 CST  Initiating request to open file root://cmsxrootd.fnal.gov//store/mc/Run3Summer22MiniAODv4/WWW_4F_TuneCP5_13p6TeV_amcatnlo-madspin-pythia8/MINIAODSIM/130X_mcRun3_2022_realistic_v5-v2/50000/f01b091f-e7e4-4ef4-988e-3e8f2ee86feb.root
01-Feb-2025 17:19:03 CST  Successfully opened file root://cmsxrootd.fnal.gov//store/mc/Run3Summer22MiniAODv4/WWW_4F_TuneCP5_13p6TeV_amcatnlo-madspin-pythia8/MINIAODSIM/130X_mcRun3_2022_realistic_v5-v2/50000/f01b091f-e7e4-4ef4-988e-3e8f2ee86feb.root
01-Feb-2025 17:19:08 CST  Closed file root://cmsxrootd.fnal.gov//store/mc/Run3Summer22MiniAODv4/WWW_4F_TuneCP5_13p6TeV_amcatnlo-madspin-pythia8/MINIAODSIM/130X_mcRun3_2022_realistic_v5-v2/50000/f01b091f-e7e4-4ef4-988e-3e8f2ee86feb.root
01-Feb-2025 17:19:08 CST  Initiating request to open file root://cmsxrootd.fnal.gov//store/mc/Run3Summer22MiniAODv4/WWW_4F_TuneCP5_13p6TeV_amcatnlo-madspin-pythia8/MINIAODSIM/130X_mcRun3_2022_realistic_v5-v2/50000/01965c70-5b5b-456d-a79f-3fa227f612bb.root
01-Feb-2025 17:19:10 CST  Successfully opened file root://cmsxrootd.fnal.gov//store/mc/Run3Summer22MiniAODv4/WWW_4F_TuneCP5_13p6TeV_amcatnlo-madspin-pythia8/MINIAODSIM/130X_mcRun3_2022_realistic_v5-v2/50000/01965c70-5b5b-456d-a79f-3fa227f612bb.root
01-Feb-2025 17:19:12 CST  Closed file root://cmsxrootd.fnal.gov//store/mc/Run3Summer22MiniAODv4/WWW_4F_TuneCP5_13p6TeV_amcatnlo-madspin-pythia8/MINIAODSIM/130X_mcRun3_2022_realistic_v5-v2/50000/01965c70-5b5b-456d-a79f-3fa227f612bb.root
01-Feb-2025 17:19:12 CST  Initiating request to open file root://cmsxrootd.fnal.gov//store/mc/Run3Summer22MiniAODv4/WWW_4F_TuneCP5_13p6TeV_amcatnlo-madspin-pythia8/MINIAODSIM/130X_mcRun3_2022_realistic_v5-v2/50000/53dcf376-339a-49d0-b07b-9f239ebdc2b2.root
01-Feb-2025 17:19:15 CST  Successfully opened file root://cmsxrootd.fnal.gov//store/mc/Run3Summer22MiniAODv4/WWW_4F_TuneCP5_13p6TeV_amcatnlo-madspin-pythia8/MINIAODSIM/130X_mcRun3_2022_realistic_v5-v2/50000/53dcf376-339a-49d0-b07b-9f239ebdc2b2.root
01-Feb-2025 17:19:20 CST  Closed file root://cmsxrootd.fnal.gov//store/mc/Run3Summer22MiniAODv4/WWW_4F_TuneCP5_13p6TeV_amcatnlo-madspin-pythia8/MINIAODSIM/130X_mcRun3_2022_realistic_v5-v2/50000/53dcf376-339a-49d0-b07b-9f239ebdc2b2.root
01-Feb-2025 17:19:20 CST  Initiating request to open file root://cmsxrootd.fnal.gov//store/mc/Run3Summer22MiniAODv4/WWW_4F_TuneCP5_13p6TeV_amcatnlo-madspin-pythia8/MINIAODSIM/130X_mcRun3_2022_realistic_v5-v2/50000/33b5eb5c-e602-4b8d-9051-9e1a92a276ca.root
01-Feb-2025 17:19:23 CST  Successfully opened file root://cmsxrootd.fnal.gov//store/mc/Run3Summer22MiniAODv4/WWW_4F_TuneCP5_13p6TeV_amcatnlo-madspin-pythia8/MINIAODSIM/130X_mcRun3_2022_realistic_v5-v2/50000/33b5eb5c-e602-4b8d-9051-9e1a92a276ca.root
01-Feb-2025 17:19:30 CST  Closed file root://cmsxrootd.fnal.gov//store/mc/Run3Summer22MiniAODv4/WWW_4F_TuneCP5_13p6TeV_amcatnlo-madspin-pythia8/MINIAODSIM/130X_mcRun3_2022_realistic_v5-v2/50000/33b5eb5c-e602-4b8d-9051-9e1a92a276ca.root
01-Feb-2025 17:19:30 CST  Initiating request to open file root://cmsxrootd.fnal.gov//store/mc/Run3Summer22MiniAODv4/WWW_4F_TuneCP5_13p6TeV_amcatnlo-madspin-pythia8/MINIAODSIM/130X_mcRun3_2022_realistic_v5-v2/50000/b66484fd-55cf-410a-b08d-b6396166d7ba.root
01-Feb-2025 17:19:33 CST  Successfully opened file root://cmsxrootd.fnal.gov//store/mc/Run3Summer22MiniAODv4/WWW_4F_TuneCP5_13p6TeV_amcatnlo-madspin-pythia8/MINIAODSIM/130X_mcRun3_2022_realistic_v5-v2/50000/b66484fd-55cf-410a-b08d-b6396166d7ba.root
Begin processing the 100001st record. Run 1, Event 247005, LumiSection 505 on stream 0 at 01-Feb-2025 17:19:48.842 CST
01-Feb-2025 17:19:49 CST  Closed file root://cmsxrootd.fnal.gov//store/mc/Run3Summer22MiniAODv4/WWW_4F_TuneCP5_13p6TeV_amcatnlo-madspin-pythia8/MINIAODSIM/130X_mcRun3_2022_realistic_v5-v2/50000/b66484fd-55cf-410a-b08d-b6396166d7ba.root
01-Feb-2025 17:19:49 CST  Initiating request to open file root://cmsxrootd.fnal.gov//store/mc/Run3Summer22MiniAODv4/WWW_4F_TuneCP5_13p6TeV_amcatnlo-madspin-pythia8/MINIAODSIM/130X_mcRun3_2022_realistic_v5-v2/50000/d236c44d-a83d-4fc5-a05c-29d3084172df.root
01-Feb-2025 17:19:51 CST  Successfully opened file root://cmsxrootd.fnal.gov//store/mc/Run3Summer22MiniAODv4/WWW_4F_TuneCP5_13p6TeV_amcatnlo-madspin-pythia8/MINIAODSIM/130X_mcRun3_2022_realistic_v5-v2/50000/d236c44d-a83d-4fc5-a05c-29d3084172df.root
01-Feb-2025 17:19:55 CST  Closed file root://cmsxrootd.fnal.gov//store/mc/Run3Summer22MiniAODv4/WWW_4F_TuneCP5_13p6TeV_amcatnlo-madspin-pythia8/MINIAODSIM/130X_mcRun3_2022_realistic_v5-v2/50000/d236c44d-a83d-4fc5-a05c-29d3084172df.root
01-Feb-2025 17:19:55 CST  Initiating request to open file root://cmsxrootd.fnal.gov//store/mc/Run3Summer22MiniAODv4/WWW_4F_TuneCP5_13p6TeV_amcatnlo-madspin-pythia8/MINIAODSIM/130X_mcRun3_2022_realistic_v5-v2/2520000/18c7a718-e647-49cf-a264-1e9eaf95cbd0.root
01-Feb-2025 17:19:57 CST  Successfully opened file root://cmsxrootd.fnal.gov//store/mc/Run3Summer22MiniAODv4/WWW_4F_TuneCP5_13p6TeV_amcatnlo-madspin-pythia8/MINIAODSIM/130X_mcRun3_2022_realistic_v5-v2/2520000/18c7a718-e647-49cf-a264-1e9eaf95cbd0.root
01-Feb-2025 17:20:25 CST  Closed file root://cmsxrootd.fnal.gov//store/mc/Run3Summer22MiniAODv4/WWW_4F_TuneCP5_13p6TeV_amcatnlo-madspin-pythia8/MINIAODSIM/130X_mcRun3_2022_realistic_v5-v2/2520000/18c7a718-e647-49cf-a264-1e9eaf95cbd0.root
01-Feb-2025 17:20:25 CST  Initiating request to open file root://cmsxrootd.fnal.gov//store/mc/Run3Summer22MiniAODv4/WWW_4F_TuneCP5_13p6TeV_amcatnlo-madspin-pythia8/MINIAODSIM/130X_mcRun3_2022_realistic_v5-v2/30000/85ad24f7-dcfd-4377-94f9-e61fed9bbba0.root
01-Feb-2025 17:20:27 CST  Successfully opened file root://cmsxrootd.fnal.gov//store/mc/Run3Summer22MiniAODv4/WWW_4F_TuneCP5_13p6TeV_amcatnlo-madspin-pythia8/MINIAODSIM/130X_mcRun3_2022_realistic_v5-v2/30000/85ad24f7-dcfd-4377-94f9-e61fed9bbba0.root
01-Feb-2025 17:20:29 CST  Closed file root://cmsxrootd.fnal.gov//store/mc/Run3Summer22MiniAODv4/WWW_4F_TuneCP5_13p6TeV_amcatnlo-madspin-pythia8/MINIAODSIM/130X_mcRun3_2022_realistic_v5-v2/30000/85ad24f7-dcfd-4377-94f9-e61fed9bbba0.root
01-Feb-2025 17:20:29 CST  Initiating request to open file root://cmsxrootd.fnal.gov//store/mc/Run3Summer22MiniAODv4/WWW_4F_TuneCP5_13p6TeV_amcatnlo-madspin-pythia8/MINIAODSIM/130X_mcRun3_2022_realistic_v5-v2/30000/d8391a5c-0b3c-418a-94ac-db70ef76153b.root
01-Feb-2025 17:20:31 CST  Successfully opened file root://cmsxrootd.fnal.gov//store/mc/Run3Summer22MiniAODv4/WWW_4F_TuneCP5_13p6TeV_amcatnlo-madspin-pythia8/MINIAODSIM/130X_mcRun3_2022_realistic_v5-v2/30000/d8391a5c-0b3c-418a-94ac-db70ef76153b.root
Begin processing the 200001st record. Run 1, Event 431591, LumiSection 881 on stream 0 at 01-Feb-2025 17:21:10.287 CST
01-Feb-2025 17:21:10 CST  Closed file root://cmsxrootd.fnal.gov//store/mc/Run3Summer22MiniAODv4/WWW_4F_TuneCP5_13p6TeV_amcatnlo-madspin-pythia8/MINIAODSIM/130X_mcRun3_2022_realistic_v5-v2/30000/d8391a5c-0b3c-418a-94ac-db70ef76153b.root
01-Feb-2025 17:21:10 CST  Initiating request to open file root://cmsxrootd.fnal.gov//store/mc/Run3Summer22MiniAODv4/WWW_4F_TuneCP5_13p6TeV_amcatnlo-madspin-pythia8/MINIAODSIM/130X_mcRun3_2022_realistic_v5-v2/30000/70b127ca-3a66-40e7-9209-a9795858e162.root
01-Feb-2025 17:21:12 CST  Successfully opened file root://cmsxrootd.fnal.gov//store/mc/Run3Summer22MiniAODv4/WWW_4F_TuneCP5_13p6TeV_amcatnlo-madspin-pythia8/MINIAODSIM/130X_mcRun3_2022_realistic_v5-v2/30000/70b127ca-3a66-40e7-9209-a9795858e162.root
01-Feb-2025 17:22:25 CST  Closed file root://cmsxrootd.fnal.gov//store/mc/Run3Summer22MiniAODv4/WWW_4F_TuneCP5_13p6TeV_amcatnlo-madspin-pythia8/MINIAODSIM/130X_mcRun3_2022_realistic_v5-v2/30000/70b127ca-3a66-40e7-9209-a9795858e162.root
01-Feb-2025 17:22:25 CST  Initiating request to open file root://cmsxrootd.fnal.gov//store/mc/Run3Summer22MiniAODv4/WWW_4F_TuneCP5_13p6TeV_amcatnlo-madspin-pythia8/MINIAODSIM/130X_mcRun3_2022_realistic_v5-v2/30000/770385f5-4a63-4ba0-8f7c-df14c0b6ea33.root
01-Feb-2025 17:22:27 CST  Successfully opened file root://cmsxrootd.fnal.gov//store/mc/Run3Summer22MiniAODv4/WWW_4F_TuneCP5_13p6TeV_amcatnlo-madspin-pythia8/MINIAODSIM/130X_mcRun3_2022_realistic_v5-v2/30000/770385f5-4a63-4ba0-8f7c-df14c0b6ea33.root
01-Feb-2025 17:22:43 CST  Closed file root://cmsxrootd.fnal.gov//store/mc/Run3Summer22MiniAODv4/WWW_4F_TuneCP5_13p6TeV_amcatnlo-madspin-pythia8/MINIAODSIM/130X_mcRun3_2022_realistic_v5-v2/30000/770385f5-4a63-4ba0-8f7c-df14c0b6ea33.root
01-Feb-2025 17:22:43 CST  Initiating request to open file root://cmsxrootd.fnal.gov//store/mc/Run3Summer22MiniAODv4/WWW_4F_TuneCP5_13p6TeV_amcatnlo-madspin-pythia8/MINIAODSIM/130X_mcRun3_2022_realistic_v5-v2/40000/f8ac609a-1947-44a5-b24f-1b80347bfb4b.root
01-Feb-2025 17:22:45 CST  Successfully opened file root://cmsxrootd.fnal.gov//store/mc/Run3Summer22MiniAODv4/WWW_4F_TuneCP5_13p6TeV_amcatnlo-madspin-pythia8/MINIAODSIM/130X_mcRun3_2022_realistic_v5-v2/40000/f8ac609a-1947-44a5-b24f-1b80347bfb4b.root
01-Feb-2025 17:22:56 CST  Closed file root://cmsxrootd.fnal.gov//store/mc/Run3Summer22MiniAODv4/WWW_4F_TuneCP5_13p6TeV_amcatnlo-madspin-pythia8/MINIAODSIM/130X_mcRun3_2022_realistic_v5-v2/40000/f8ac609a-1947-44a5-b24f-1b80347bfb4b.root
01-Feb-2025 17:22:56 CST  Initiating request to open file root://cmsxrootd.fnal.gov//store/mc/Run3Summer22MiniAODv4/WWW_4F_TuneCP5_13p6TeV_amcatnlo-madspin-pythia8/MINIAODSIM/130X_mcRun3_2022_realistic_v5-v2/40000/01c43272-b1aa-42ce-be35-e4065786c65f.root
01-Feb-2025 17:22:58 CST  Successfully opened file root://cmsxrootd.fnal.gov//store/mc/Run3Summer22MiniAODv4/WWW_4F_TuneCP5_13p6TeV_amcatnlo-madspin-pythia8/MINIAODSIM/130X_mcRun3_2022_realistic_v5-v2/40000/01c43272-b1aa-42ce-be35-e4065786c65f.root
Begin processing the 300001st record. Run 1, Event 258663, LumiSection 528 on stream 0 at 01-Feb-2025 17:23:07.163 CST
01-Feb-2025 17:23:07 CST  Closed file root://cmsxrootd.fnal.gov//store/mc/Run3Summer22MiniAODv4/WWW_4F_TuneCP5_13p6TeV_amcatnlo-madspin-pythia8/MINIAODSIM/130X_mcRun3_2022_realistic_v5-v2/40000/01c43272-b1aa-42ce-be35-e4065786c65f.root
01-Feb-2025 17:23:07 CST  Initiating request to open file root://cmsxrootd.fnal.gov//store/mc/Run3Summer22MiniAODv4/WWW_4F_TuneCP5_13p6TeV_amcatnlo-madspin-pythia8/MINIAODSIM/130X_mcRun3_2022_realistic_v5-v2/2540000/dc797e07-c443-4e5e-b87a-591493ce3e7f.root
01-Feb-2025 17:23:09 CST  Successfully opened file root://cmsxrootd.fnal.gov//store/mc/Run3Summer22MiniAODv4/WWW_4F_TuneCP5_13p6TeV_amcatnlo-madspin-pythia8/MINIAODSIM/130X_mcRun3_2022_realistic_v5-v2/2540000/dc797e07-c443-4e5e-b87a-591493ce3e7f.root
01-Feb-2025 17:23:35 CST  Closed file root://cmsxrootd.fnal.gov//store/mc/Run3Summer22MiniAODv4/WWW_4F_TuneCP5_13p6TeV_amcatnlo-madspin-pythia8/MINIAODSIM/130X_mcRun3_2022_realistic_v5-v2/2540000/dc797e07-c443-4e5e-b87a-591493ce3e7f.root
01-Feb-2025 17:23:35 CST  Initiating request to open file root://cmsxrootd.fnal.gov//store/mc/Run3Summer22MiniAODv4/WWW_4F_TuneCP5_13p6TeV_amcatnlo-madspin-pythia8/MINIAODSIM/130X_mcRun3_2022_realistic_v5-v2/2540000/e788821b-b38e-4ee4-b3ae-720e06a0ebc6.root
01-Feb-2025 17:23:37 CST  Successfully opened file root://cmsxrootd.fnal.gov//store/mc/Run3Summer22MiniAODv4/WWW_4F_TuneCP5_13p6TeV_amcatnlo-madspin-pythia8/MINIAODSIM/130X_mcRun3_2022_realistic_v5-v2/2540000/e788821b-b38e-4ee4-b3ae-720e06a0ebc6.root
01-Feb-2025 17:23:46 CST  Closed file root://cmsxrootd.fnal.gov//store/mc/Run3Summer22MiniAODv4/WWW_4F_TuneCP5_13p6TeV_amcatnlo-madspin-pythia8/MINIAODSIM/130X_mcRun3_2022_realistic_v5-v2/2540000/e788821b-b38e-4ee4-b3ae-720e06a0ebc6.root
01-Feb-2025 17:23:46 CST  Initiating request to open file root://cmsxrootd.fnal.gov//store/mc/Run3Summer22MiniAODv4/WWW_4F_TuneCP5_13p6TeV_amcatnlo-madspin-pythia8/MINIAODSIM/130X_mcRun3_2022_realistic_v5-v2/2530000/424563f0-db3a-4773-885d-70ac6f3d8af4.root
01-Feb-2025 17:23:48 CST  Successfully opened file root://cmsxrootd.fnal.gov//store/mc/Run3Summer22MiniAODv4/WWW_4F_TuneCP5_13p6TeV_amcatnlo-madspin-pythia8/MINIAODSIM/130X_mcRun3_2022_realistic_v5-v2/2530000/424563f0-db3a-4773-885d-70ac6f3d8af4.root
01-Feb-2025 17:23:53 CST  Closed file root://cmsxrootd.fnal.gov//store/mc/Run3Summer22MiniAODv4/WWW_4F_TuneCP5_13p6TeV_amcatnlo-madspin-pythia8/MINIAODSIM/130X_mcRun3_2022_realistic_v5-v2/2530000/424563f0-db3a-4773-885d-70ac6f3d8af4.root
01-Feb-2025 17:23:53 CST  Initiating request to open file root://cmsxrootd.fnal.gov//store/mc/Run3Summer22MiniAODv4/WWW_4F_TuneCP5_13p6TeV_amcatnlo-madspin-pythia8/MINIAODSIM/130X_mcRun3_2022_realistic_v5-v2/2530000/e91db453-4c3f-4e1d-8af0-b604e282cfd5.root
01-Feb-2025 17:23:55 CST  Successfully opened file root://cmsxrootd.fnal.gov//store/mc/Run3Summer22MiniAODv4/WWW_4F_TuneCP5_13p6TeV_amcatnlo-madspin-pythia8/MINIAODSIM/130X_mcRun3_2022_realistic_v5-v2/2530000/e91db453-4c3f-4e1d-8af0-b604e282cfd5.root
01-Feb-2025 17:23:58 CST  Closed file root://cmsxrootd.fnal.gov//store/mc/Run3Summer22MiniAODv4/WWW_4F_TuneCP5_13p6TeV_amcatnlo-madspin-pythia8/MINIAODSIM/130X_mcRun3_2022_realistic_v5-v2/2530000/e91db453-4c3f-4e1d-8af0-b604e282cfd5.root
01-Feb-2025 17:23:58 CST  Initiating request to open file root://cmsxrootd.fnal.gov//store/mc/Run3Summer22MiniAODv4/WWW_4F_TuneCP5_13p6TeV_amcatnlo-madspin-pythia8/MINIAODSIM/130X_mcRun3_2022_realistic_v5-v2/2540000/f05c3725-4e4c-4bfe-bde9-2488110db8f3.root
01-Feb-2025 17:24:00 CST  Successfully opened file root://cmsxrootd.fnal.gov//store/mc/Run3Summer22MiniAODv4/WWW_4F_TuneCP5_13p6TeV_amcatnlo-madspin-pythia8/MINIAODSIM/130X_mcRun3_2022_realistic_v5-v2/2540000/f05c3725-4e4c-4bfe-bde9-2488110db8f3.root
01-Feb-2025 17:24:41 CST  Closed file root://cmsxrootd.fnal.gov//store/mc/Run3Summer22MiniAODv4/WWW_4F_TuneCP5_13p6TeV_amcatnlo-madspin-pythia8/MINIAODSIM/130X_mcRun3_2022_realistic_v5-v2/2540000/f05c3725-4e4c-4bfe-bde9-2488110db8f3.root
01-Feb-2025 17:24:41 CST  Initiating request to open file root://cmsxrootd.fnal.gov//store/mc/Run3Summer22MiniAODv4/WWW_4F_TuneCP5_13p6TeV_amcatnlo-madspin-pythia8/MINIAODSIM/130X_mcRun3_2022_realistic_v5-v2/2540000/d989e851-962b-4a46-afe3-3c73fe1f2893.root
01-Feb-2025 17:24:43 CST  Successfully opened file root://cmsxrootd.fnal.gov//store/mc/Run3Summer22MiniAODv4/WWW_4F_TuneCP5_13p6TeV_amcatnlo-madspin-pythia8/MINIAODSIM/130X_mcRun3_2022_realistic_v5-v2/2540000/d989e851-962b-4a46-afe3-3c73fe1f2893.root
01-Feb-2025 17:24:48 CST  Closed file root://cmsxrootd.fnal.gov//store/mc/Run3Summer22MiniAODv4/WWW_4F_TuneCP5_13p6TeV_amcatnlo-madspin-pythia8/MINIAODSIM/130X_mcRun3_2022_realistic_v5-v2/2540000/d989e851-962b-4a46-afe3-3c73fe1f2893.root
01-Feb-2025 17:24:48 CST  Initiating request to open file root://cmsxrootd.fnal.gov//store/mc/Run3Summer22MiniAODv4/WWW_4F_TuneCP5_13p6TeV_amcatnlo-madspin-pythia8/MINIAODSIM/130X_mcRun3_2022_realistic_v5-v2/50000/e19d60b3-7397-4259-88dc-432cf4ed6098.root
01-Feb-2025 17:24:50 CST  Successfully opened file root://cmsxrootd.fnal.gov//store/mc/Run3Summer22MiniAODv4/WWW_4F_TuneCP5_13p6TeV_amcatnlo-madspin-pythia8/MINIAODSIM/130X_mcRun3_2022_realistic_v5-v2/50000/e19d60b3-7397-4259-88dc-432cf4ed6098.root
01-Feb-2025 17:25:02 CST  Closed file root://cmsxrootd.fnal.gov//store/mc/Run3Summer22MiniAODv4/WWW_4F_TuneCP5_13p6TeV_amcatnlo-madspin-pythia8/MINIAODSIM/130X_mcRun3_2022_realistic_v5-v2/50000/e19d60b3-7397-4259-88dc-432cf4ed6098.root
01-Feb-2025 17:25:02 CST  Initiating request to open file root://cmsxrootd.fnal.gov//store/mc/Run3Summer22MiniAODv4/WWW_4F_TuneCP5_13p6TeV_amcatnlo-madspin-pythia8/MINIAODSIM/130X_mcRun3_2022_realistic_v5-v2/50000/c6da8cd1-98af-485b-beef-9c02d18102da.root
01-Feb-2025 17:25:05 CST  Successfully opened file root://cmsxrootd.fnal.gov//store/mc/Run3Summer22MiniAODv4/WWW_4F_TuneCP5_13p6TeV_amcatnlo-madspin-pythia8/MINIAODSIM/130X_mcRun3_2022_realistic_v5-v2/50000/c6da8cd1-98af-485b-beef-9c02d18102da.root
01-Feb-2025 17:25:31 CST  Closed file root://cmsxrootd.fnal.gov//store/mc/Run3Summer22MiniAODv4/WWW_4F_TuneCP5_13p6TeV_amcatnlo-madspin-pythia8/MINIAODSIM/130X_mcRun3_2022_realistic_v5-v2/50000/c6da8cd1-98af-485b-beef-9c02d18102da.root
01-Feb-2025 17:25:31 CST  Initiating request to open file root://cmsxrootd.fnal.gov//store/mc/Run3Summer22MiniAODv4/WWW_4F_TuneCP5_13p6TeV_amcatnlo-madspin-pythia8/MINIAODSIM/130X_mcRun3_2022_realistic_v5-v2/50000/8154259b-cb83-4f47-9e67-0115822e08f8.root
01-Feb-2025 17:25:33 CST  Successfully opened file root://cmsxrootd.fnal.gov//store/mc/Run3Summer22MiniAODv4/WWW_4F_TuneCP5_13p6TeV_amcatnlo-madspin-pythia8/MINIAODSIM/130X_mcRun3_2022_realistic_v5-v2/50000/8154259b-cb83-4f47-9e67-0115822e08f8.root
01-Feb-2025 17:25:39 CST  Closed file root://cmsxrootd.fnal.gov//store/mc/Run3Summer22MiniAODv4/WWW_4F_TuneCP5_13p6TeV_amcatnlo-madspin-pythia8/MINIAODSIM/130X_mcRun3_2022_realistic_v5-v2/50000/8154259b-cb83-4f47-9e67-0115822e08f8.root
01-Feb-2025 17:25:39 CST  Initiating request to open file root://cmsxrootd.fnal.gov//store/mc/Run3Summer22MiniAODv4/WWW_4F_TuneCP5_13p6TeV_amcatnlo-madspin-pythia8/MINIAODSIM/130X_mcRun3_2022_realistic_v5-v2/50000/6786cb67-86e8-4ac2-8263-7d3f2e1e3d23.root
01-Feb-2025 17:25:41 CST  Successfully opened file root://cmsxrootd.fnal.gov//store/mc/Run3Summer22MiniAODv4/WWW_4F_TuneCP5_13p6TeV_amcatnlo-madspin-pythia8/MINIAODSIM/130X_mcRun3_2022_realistic_v5-v2/50000/6786cb67-86e8-4ac2-8263-7d3f2e1e3d23.root
01-Feb-2025 17:25:53 CST  Closed file root://cmsxrootd.fnal.gov//store/mc/Run3Summer22MiniAODv4/WWW_4F_TuneCP5_13p6TeV_amcatnlo-madspin-pythia8/MINIAODSIM/130X_mcRun3_2022_realistic_v5-v2/50000/6786cb67-86e8-4ac2-8263-7d3f2e1e3d23.root
01-Feb-2025 17:25:53 CST  Initiating request to open file root://cmsxrootd.fnal.gov//store/mc/Run3Summer22MiniAODv4/WWW_4F_TuneCP5_13p6TeV_amcatnlo-madspin-pythia8/MINIAODSIM/130X_mcRun3_2022_realistic_v5-v2/50000/359c75c8-21a9-4883-b474-afe8dd751e0e.root
01-Feb-2025 17:25:55 CST  Successfully opened file root://cmsxrootd.fnal.gov//store/mc/Run3Summer22MiniAODv4/WWW_4F_TuneCP5_13p6TeV_amcatnlo-madspin-pythia8/MINIAODSIM/130X_mcRun3_2022_realistic_v5-v2/50000/359c75c8-21a9-4883-b474-afe8dd751e0e.root
01-Feb-2025 17:26:24 CST  Closed file root://cmsxrootd.fnal.gov//store/mc/Run3Summer22MiniAODv4/WWW_4F_TuneCP5_13p6TeV_amcatnlo-madspin-pythia8/MINIAODSIM/130X_mcRun3_2022_realistic_v5-v2/50000/359c75c8-21a9-4883-b474-afe8dd751e0e.root
01-Feb-2025 17:26:24 CST  Initiating request to open file root://cmsxrootd.fnal.gov//store/mc/Run3Summer22MiniAODv4/WWW_4F_TuneCP5_13p6TeV_amcatnlo-madspin-pythia8/MINIAODSIM/130X_mcRun3_2022_realistic_v5-v2/40000/3d30fe8b-1142-4f2a-b3c9-949c75ae4881.root
01-Feb-2025 17:26:26 CST  Successfully opened file root://cmsxrootd.fnal.gov//store/mc/Run3Summer22MiniAODv4/WWW_4F_TuneCP5_13p6TeV_amcatnlo-madspin-pythia8/MINIAODSIM/130X_mcRun3_2022_realistic_v5-v2/40000/3d30fe8b-1142-4f2a-b3c9-949c75ae4881.root
[2025-02-01 17:27:58.694223 -0600][Error  ][PostMaster        ] [cmsio7.rc.ufl.edu:1094] Forcing error on disconnect: [ERROR] Operation interrupted.
Begin processing the 400001st record. Run 1, Event 128360, LumiSection 262 on stream 0 at 01-Feb-2025 17:28:17.784 CST
      0.232779      0.000249      0.256329             0
 
01-Feb-2025 17:28:18 CST  Closed file root://cmsxrootd.fnal.gov//store/mc/Run3Summer22MiniAODv4/WWW_4F_TuneCP5_13p6TeV_amcatnlo-madspin-pythia8/MINIAODSIM/130X_mcRun3_2022_realistic_v5-v2/40000/3d30fe8b-1142-4f2a-b3c9-949c75ae4881.root

------------------------------------
GenXsecAnalyzer:
------------------------------------
-------------------------------------------------------------------------------------------------------------------------------------------------------------------------- 
Overall cross-section summary 
--------------------------------------------------------------------------------------------------------------------------------------------------------------------------
Process		xsec_before [pb]		passed	nposw	nnegw	tried	nposw	nnegw 	xsec_match [pb]			accepted [%]	 event_eff [%]
0		2.328e-01 +/- 1.247e-04		450000	429068	20932	450000	429068	20932	2.328e-01 +/- 1.247e-04		100.0 +/- 0.0	100.0 +/- 0.0
-------------------------------------------------------------------------------------------------------------------------------------------------------------------------- 
Total		2.328e-01 +/- 1.247e-04		450000	429068	20932	450000	429068	20932	2.328e-01 +/- 1.247e-04		100.0 +/- 0.0	100.0 +/- 0.0
--------------------------------------------------------------------------------------------------------------------------------------------------------------------------
Before matching: total cross section = 2.328e-01 +- 1.247e-04 pb
After matching: total cross section = 2.328e-01 +- 1.247e-04 pb
Matching efficiency = 1.0 +/- 0.0   [TO BE USED IN MCM]
Filter efficiency (taking into account weights)= (104617) / (104617) = 1.000e+00 +- 0.000e+00
Filter efficiency (event-level)= (450000) / (450000) = 1.000e+00 +- 0.000e+00    [TO BE USED IN MCM]

After filter: final cross section = 2.328e-01 +- 1.247e-04 pb
After filter: final fraction of events with negative weights = 4.652e-02 +- 3.744e-06
After filter: final equivalent lumi for 1M events (1/fb) = 3.534e+03 +- 3.637e+00
