01-Feb-2025 17:51:32 CST  Initiating request to open file root://cmsxrootd.fnal.gov//store/mc/Run3Summer22MiniAODv4/WZZ_TuneCP5_13p6TeV_amcatnlo-pythia8/MINIAODSIM/130X_mcRun3_2022_realistic_v5-v2/40000/4c9c9da7-4914-4446-bd62-3922c04fa7c1.root
01-Feb-2025 17:53:31 CST  Successfully opened file root://cmsxrootd.fnal.gov//store/mc/Run3Summer22MiniAODv4/WZZ_TuneCP5_13p6TeV_amcatnlo-pythia8/MINIAODSIM/130X_mcRun3_2022_realistic_v5-v2/40000/4c9c9da7-4914-4446-bd62-3922c04fa7c1.root
[2025-02-01 17:53:35.499221 -0600][Error  ][AsyncSock         ] [dcache-cms-xrootd.desy.de:1094.0] Unable to connect: permission denied
[2025-02-01 17:53:35.499427 -0600][Error  ][PostMaster        ] [dcache-cms-xrootd.desy.de:1094] elapsed = 0, pConnectionWindow = 31 seconds.
Begin processing the 1st record. Run 1, Event 1248905, LumiSection 1738 on stream 0 at 01-Feb-2025 17:53:36.615 CST
01-Feb-2025 17:53:37 CST  Closed file root://cmsxrootd.fnal.gov//store/mc/Run3Summer22MiniAODv4/WZZ_TuneCP5_13p6TeV_amcatnlo-pythia8/MINIAODSIM/130X_mcRun3_2022_realistic_v5-v2/40000/4c9c9da7-4914-4446-bd62-3922c04fa7c1.root
01-Feb-2025 17:53:37 CST  Initiating request to open file root://cmsxrootd.fnal.gov//store/mc/Run3Summer22MiniAODv4/WZZ_TuneCP5_13p6TeV_amcatnlo-pythia8/MINIAODSIM/130X_mcRun3_2022_realistic_v5-v2/40000/31e96418-5ff4-4203-beb1-ed86d75a4fe1.root
01-Feb-2025 17:53:45 CST  Successfully opened file root://cmsxrootd.fnal.gov//store/mc/Run3Summer22MiniAODv4/WZZ_TuneCP5_13p6TeV_amcatnlo-pythia8/MINIAODSIM/130X_mcRun3_2022_realistic_v5-v2/40000/31e96418-5ff4-4203-beb1-ed86d75a4fe1.root
Begin processing the 100001st record. Run 1, Event 1385563, LumiSection 1928 on stream 0 at 01-Feb-2025 17:53:59.432 CST
01-Feb-2025 17:53:59 CST  Closed file root://cmsxrootd.fnal.gov//store/mc/Run3Summer22MiniAODv4/WZZ_TuneCP5_13p6TeV_amcatnlo-pythia8/MINIAODSIM/130X_mcRun3_2022_realistic_v5-v2/40000/31e96418-5ff4-4203-beb1-ed86d75a4fe1.root
01-Feb-2025 17:53:59 CST  Initiating request to open file root://cmsxrootd.fnal.gov//store/mc/Run3Summer22MiniAODv4/WZZ_TuneCP5_13p6TeV_amcatnlo-pythia8/MINIAODSIM/130X_mcRun3_2022_realistic_v5-v2/40000/04453528-9179-44e5-852c-05824b86100c.root
01-Feb-2025 17:54:10 CST  Successfully opened file root://cmsxrootd.fnal.gov//store/mc/Run3Summer22MiniAODv4/WZZ_TuneCP5_13p6TeV_amcatnlo-pythia8/MINIAODSIM/130X_mcRun3_2022_realistic_v5-v2/40000/04453528-9179-44e5-852c-05824b86100c.root
%MSG-w XrdAdaptorLvl3:  source 01-Feb-2025 17:54:36 CST PreSource
Deactivating ds-912.cr.cnaf.infn.it from active sources because its quality (2444) is higher than 260 and 4 times larger than the other active server ds-811.cr.cnaf.infn.it (208) 
%MSG
01-Feb-2025 17:54:38 CST  Closed file root://cmsxrootd.fnal.gov//store/mc/Run3Summer22MiniAODv4/WZZ_TuneCP5_13p6TeV_amcatnlo-pythia8/MINIAODSIM/130X_mcRun3_2022_realistic_v5-v2/40000/04453528-9179-44e5-852c-05824b86100c.root
01-Feb-2025 17:54:38 CST  Initiating request to open file root://cmsxrootd.fnal.gov//store/mc/Run3Summer22MiniAODv4/WZZ_TuneCP5_13p6TeV_amcatnlo-pythia8/MINIAODSIM/130X_mcRun3_2022_realistic_v5-v2/40000/d803798b-a1e7-42df-b826-e86a45cfbdd2.root
01-Feb-2025 17:54:48 CST  Successfully opened file root://cmsxrootd.fnal.gov//store/mc/Run3Summer22MiniAODv4/WZZ_TuneCP5_13p6TeV_amcatnlo-pythia8/MINIAODSIM/130X_mcRun3_2022_realistic_v5-v2/40000/d803798b-a1e7-42df-b826-e86a45cfbdd2.root
%MSG-w XrdAdaptorLvl3:  source 01-Feb-2025 17:55:16 CST PreSource
Deactivating ds-911.cr.cnaf.infn.it from active sources because its quality (1230) is higher than 260 and 4 times larger than the other active server ds-912.cr.cnaf.infn.it (183) 
%MSG
01-Feb-2025 17:55:17 CST  Closed file root://cmsxrootd.fnal.gov//store/mc/Run3Summer22MiniAODv4/WZZ_TuneCP5_13p6TeV_amcatnlo-pythia8/MINIAODSIM/130X_mcRun3_2022_realistic_v5-v2/40000/d803798b-a1e7-42df-b826-e86a45cfbdd2.root
01-Feb-2025 17:55:17 CST  Initiating request to open file root://cmsxrootd.fnal.gov//store/mc/Run3Summer22MiniAODv4/WZZ_TuneCP5_13p6TeV_amcatnlo-pythia8/MINIAODSIM/130X_mcRun3_2022_realistic_v5-v2/40000/4c129307-76ab-46ff-ab48-889b96948b7c.root
01-Feb-2025 17:55:27 CST  Successfully opened file root://cmsxrootd.fnal.gov//store/mc/Run3Summer22MiniAODv4/WZZ_TuneCP5_13p6TeV_amcatnlo-pythia8/MINIAODSIM/130X_mcRun3_2022_realistic_v5-v2/40000/4c129307-76ab-46ff-ab48-889b96948b7c.root
%MSG-w XrdAdaptorLvl3:  source 01-Feb-2025 17:55:47 CST PreSource
Deactivating ds-811.cr.cnaf.infn.it from active sources because its quality (1311) is higher than 260 and 4 times larger than the other active server ds-911.cr.cnaf.infn.it (167) 
%MSG
Begin processing the 200001st record. Run 1, Event 1490599, LumiSection 2074 on stream 0 at 01-Feb-2025 17:55:48.615 CST
01-Feb-2025 17:55:49 CST  Closed file root://cmsxrootd.fnal.gov//store/mc/Run3Summer22MiniAODv4/WZZ_TuneCP5_13p6TeV_amcatnlo-pythia8/MINIAODSIM/130X_mcRun3_2022_realistic_v5-v2/40000/4c129307-76ab-46ff-ab48-889b96948b7c.root
01-Feb-2025 17:55:49 CST  Initiating request to open file root://cmsxrootd.fnal.gov//store/mc/Run3Summer22MiniAODv4/WZZ_TuneCP5_13p6TeV_amcatnlo-pythia8/MINIAODSIM/130X_mcRun3_2022_realistic_v5-v2/40000/be775c18-2e36-4df3-8186-83d0de9b2533.root
01-Feb-2025 17:55:58 CST  Successfully opened file root://cmsxrootd.fnal.gov//store/mc/Run3Summer22MiniAODv4/WZZ_TuneCP5_13p6TeV_amcatnlo-pythia8/MINIAODSIM/130X_mcRun3_2022_realistic_v5-v2/40000/be775c18-2e36-4df3-8186-83d0de9b2533.root
%MSG-w XrdAdaptorLvl3:  AfterSource 01-Feb-2025 17:56:23 CST PostProcessEvent
Deactivating ds-811.cr.cnaf.infn.it from active sources because its quality (948) is higher than 260 and 4 times larger than the other active server ds-911.cr.cnaf.infn.it (177) 
%MSG
01-Feb-2025 17:56:27 CST  Closed file root://cmsxrootd.fnal.gov//store/mc/Run3Summer22MiniAODv4/WZZ_TuneCP5_13p6TeV_amcatnlo-pythia8/MINIAODSIM/130X_mcRun3_2022_realistic_v5-v2/40000/be775c18-2e36-4df3-8186-83d0de9b2533.root
01-Feb-2025 17:56:27 CST  Initiating request to open file root://cmsxrootd.fnal.gov//store/mc/Run3Summer22MiniAODv4/WZZ_TuneCP5_13p6TeV_amcatnlo-pythia8/MINIAODSIM/130X_mcRun3_2022_realistic_v5-v2/40000/559e9422-d783-449c-890a-1fcfa70b76bc.root
01-Feb-2025 17:56:36 CST  Successfully opened file root://cmsxrootd.fnal.gov//store/mc/Run3Summer22MiniAODv4/WZZ_TuneCP5_13p6TeV_amcatnlo-pythia8/MINIAODSIM/130X_mcRun3_2022_realistic_v5-v2/40000/559e9422-d783-449c-890a-1fcfa70b76bc.root
Begin processing the 300001st record. Run 1, Event 1812773, LumiSection 2522 on stream 0 at 01-Feb-2025 17:56:57.696 CST
01-Feb-2025 17:56:57 CST  Closed file root://cmsxrootd.fnal.gov//store/mc/Run3Summer22MiniAODv4/WZZ_TuneCP5_13p6TeV_amcatnlo-pythia8/MINIAODSIM/130X_mcRun3_2022_realistic_v5-v2/40000/559e9422-d783-449c-890a-1fcfa70b76bc.root
01-Feb-2025 17:56:57 CST  Initiating request to open file root://cmsxrootd.fnal.gov//store/mc/Run3Summer22MiniAODv4/WZZ_TuneCP5_13p6TeV_amcatnlo-pythia8/MINIAODSIM/130X_mcRun3_2022_realistic_v5-v2/40000/9975f602-1aa7-4982-b50b-be812ef2d0f4.root
01-Feb-2025 17:57:07 CST  Successfully opened file root://cmsxrootd.fnal.gov//store/mc/Run3Summer22MiniAODv4/WZZ_TuneCP5_13p6TeV_amcatnlo-pythia8/MINIAODSIM/130X_mcRun3_2022_realistic_v5-v2/40000/9975f602-1aa7-4982-b50b-be812ef2d0f4.root
01-Feb-2025 17:57:29 CST  Closed file root://cmsxrootd.fnal.gov//store/mc/Run3Summer22MiniAODv4/WZZ_TuneCP5_13p6TeV_amcatnlo-pythia8/MINIAODSIM/130X_mcRun3_2022_realistic_v5-v2/40000/9975f602-1aa7-4982-b50b-be812ef2d0f4.root
01-Feb-2025 17:57:29 CST  Initiating request to open file root://cmsxrootd.fnal.gov//store/mc/Run3Summer22MiniAODv4/WZZ_TuneCP5_13p6TeV_amcatnlo-pythia8/MINIAODSIM/130X_mcRun3_2022_realistic_v5-v2/40000/8f9f82b0-c6a1-466b-847e-5dd10c276d16.root
01-Feb-2025 17:57:39 CST  Successfully opened file root://cmsxrootd.fnal.gov//store/mc/Run3Summer22MiniAODv4/WZZ_TuneCP5_13p6TeV_amcatnlo-pythia8/MINIAODSIM/130X_mcRun3_2022_realistic_v5-v2/40000/8f9f82b0-c6a1-466b-847e-5dd10c276d16.root
01-Feb-2025 17:58:08 CST  Closed file root://cmsxrootd.fnal.gov//store/mc/Run3Summer22MiniAODv4/WZZ_TuneCP5_13p6TeV_amcatnlo-pythia8/MINIAODSIM/130X_mcRun3_2022_realistic_v5-v2/40000/8f9f82b0-c6a1-466b-847e-5dd10c276d16.root
01-Feb-2025 17:58:08 CST  Initiating request to open file root://cmsxrootd.fnal.gov//store/mc/Run3Summer22MiniAODv4/WZZ_TuneCP5_13p6TeV_amcatnlo-pythia8/MINIAODSIM/130X_mcRun3_2022_realistic_v5-v2/50000/898f707d-656f-463f-98c7-1b0e8941262f.root
01-Feb-2025 17:58:17 CST  Successfully opened file root://cmsxrootd.fnal.gov//store/mc/Run3Summer22MiniAODv4/WZZ_TuneCP5_13p6TeV_amcatnlo-pythia8/MINIAODSIM/130X_mcRun3_2022_realistic_v5-v2/50000/898f707d-656f-463f-98c7-1b0e8941262f.root
[2025-02-01 17:58:52.160914 -0600][Error  ][PostMaster        ] [ccdcacli357.in2p3.fr:30165] Forcing error on disconnect: [ERROR] Operation interrupted.
[2025-02-01 17:58:59.234036 -0600][Error  ][PostMaster        ] [ccdcacli501.in2p3.fr:1095] Forcing error on disconnect: [ERROR] Operation interrupted.
[2025-02-01 17:59:01.028694 -0600][Error  ][PostMaster        ] [ccdcacli515.in2p3.fr:30836] Forcing error on disconnect: [ERROR] Operation interrupted.
Begin processing the 400001st record. Run 1, Event 1169336, LumiSection 1627 on stream 0 at 01-Feb-2025 17:59:06.022 CST
01-Feb-2025 17:59:06 CST  Closed file root://cmsxrootd.fnal.gov//store/mc/Run3Summer22MiniAODv4/WZZ_TuneCP5_13p6TeV_amcatnlo-pythia8/MINIAODSIM/130X_mcRun3_2022_realistic_v5-v2/50000/898f707d-656f-463f-98c7-1b0e8941262f.root
01-Feb-2025 17:59:06 CST  Initiating request to open file root://cmsxrootd.fnal.gov//store/mc/Run3Summer22MiniAODv4/WZZ_TuneCP5_13p6TeV_amcatnlo-pythia8/MINIAODSIM/130X_mcRun3_2022_realistic_v5-v2/50000/2726c03a-4885-47a6-b0c5-063840dc73d4.root
[2025-02-01 17:59:11.325770 -0600][Error  ][PostMaster        ] [t2-cms-xrootd01.desy.de:1094] Forcing error on disconnect: [ERROR] Operation interrupted.
[2025-02-01 17:59:14.317672 -0600][Error  ][PostMaster        ] [dcache-cms277.desy.de:33152] Forcing error on disconnect: [ERROR] Operation interrupted.
01-Feb-2025 17:59:15 CST  Successfully opened file root://cmsxrootd.fnal.gov//store/mc/Run3Summer22MiniAODv4/WZZ_TuneCP5_13p6TeV_amcatnlo-pythia8/MINIAODSIM/130X_mcRun3_2022_realistic_v5-v2/50000/2726c03a-4885-47a6-b0c5-063840dc73d4.root
01-Feb-2025 18:00:40 CST  Closed file root://cmsxrootd.fnal.gov//store/mc/Run3Summer22MiniAODv4/WZZ_TuneCP5_13p6TeV_amcatnlo-pythia8/MINIAODSIM/130X_mcRun3_2022_realistic_v5-v2/50000/2726c03a-4885-47a6-b0c5-063840dc73d4.root
01-Feb-2025 18:00:40 CST  Initiating request to open file root://cmsxrootd.fnal.gov//store/mc/Run3Summer22MiniAODv4/WZZ_TuneCP5_13p6TeV_amcatnlo-pythia8/MINIAODSIM/130X_mcRun3_2022_realistic_v5-v2/50000/15314be5-48bc-46ac-abc3-32ac2d2d7173.root
01-Feb-2025 18:00:49 CST  Successfully opened file root://cmsxrootd.fnal.gov//store/mc/Run3Summer22MiniAODv4/WZZ_TuneCP5_13p6TeV_amcatnlo-pythia8/MINIAODSIM/130X_mcRun3_2022_realistic_v5-v2/50000/15314be5-48bc-46ac-abc3-32ac2d2d7173.root
Begin processing the 500001st record. Run 1, Event 827148, LumiSection 1151 on stream 0 at 01-Feb-2025 18:02:27.938 CST
01-Feb-2025 18:02:28 CST  Closed file root://cmsxrootd.fnal.gov//store/mc/Run3Summer22MiniAODv4/WZZ_TuneCP5_13p6TeV_amcatnlo-pythia8/MINIAODSIM/130X_mcRun3_2022_realistic_v5-v2/50000/15314be5-48bc-46ac-abc3-32ac2d2d7173.root
01-Feb-2025 18:02:28 CST  Initiating request to open file root://cmsxrootd.fnal.gov//store/mc/Run3Summer22MiniAODv4/WZZ_TuneCP5_13p6TeV_amcatnlo-pythia8/MINIAODSIM/130X_mcRun3_2022_realistic_v5-v2/50000/4716c9be-42b6-4889-8db8-8495f86fa2dd.root
01-Feb-2025 18:02:37 CST  Successfully opened file root://cmsxrootd.fnal.gov//store/mc/Run3Summer22MiniAODv4/WZZ_TuneCP5_13p6TeV_amcatnlo-pythia8/MINIAODSIM/130X_mcRun3_2022_realistic_v5-v2/50000/4716c9be-42b6-4889-8db8-8495f86fa2dd.root
[2025-02-01 18:02:52.065765 -0600][Error  ][PostMaster        ] [grid-dcache.physik.rwth-aachen.de:1094] Forcing error on disconnect: [ERROR] Operation interrupted.
01-Feb-2025 18:03:12 CST  Closed file root://cmsxrootd.fnal.gov//store/mc/Run3Summer22MiniAODv4/WZZ_TuneCP5_13p6TeV_amcatnlo-pythia8/MINIAODSIM/130X_mcRun3_2022_realistic_v5-v2/50000/4716c9be-42b6-4889-8db8-8495f86fa2dd.root
01-Feb-2025 18:03:12 CST  Initiating request to open file root://cmsxrootd.fnal.gov//store/mc/Run3Summer22MiniAODv4/WZZ_TuneCP5_13p6TeV_amcatnlo-pythia8/MINIAODSIM/130X_mcRun3_2022_realistic_v5-v2/50000/4077986a-e285-49c0-b362-08a14842ad5d.root
01-Feb-2025 18:03:21 CST  Successfully opened file root://cmsxrootd.fnal.gov//store/mc/Run3Summer22MiniAODv4/WZZ_TuneCP5_13p6TeV_amcatnlo-pythia8/MINIAODSIM/130X_mcRun3_2022_realistic_v5-v2/50000/4077986a-e285-49c0-b362-08a14842ad5d.root
[2025-02-01 18:03:23.265524 -0600][Error  ][PostMaster        ] [dcache-cms251.desy.de:33209] Forcing error on disconnect: [ERROR] Operation interrupted.
[2025-02-01 18:03:23.441899 -0600][Error  ][PostMaster        ] [grid-se053.physik.rwth-aachen.de:33121] Forcing error on disconnect: [ERROR] Operation interrupted.
[2025-02-01 18:04:21.195770 -0600][Error  ][PostMaster        ] [ds-912.cr.cnaf.infn.it:1094] Forcing error on disconnect: [ERROR] Operation interrupted.
[2025-02-01 18:04:29.514991 -0600][Error  ][PostMaster        ] [t2-cms-xrootd01.desy.de:1094] Forcing error on disconnect: [ERROR] Operation interrupted.
Begin processing the 600001st record. Run 1, Event 682686, LumiSection 950 on stream 0 at 01-Feb-2025 18:05:18.446 CST
01-Feb-2025 18:05:18 CST  Closed file root://cmsxrootd.fnal.gov//store/mc/Run3Summer22MiniAODv4/WZZ_TuneCP5_13p6TeV_amcatnlo-pythia8/MINIAODSIM/130X_mcRun3_2022_realistic_v5-v2/50000/4077986a-e285-49c0-b362-08a14842ad5d.root
01-Feb-2025 18:05:18 CST  Initiating request to open file root://cmsxrootd.fnal.gov//store/mc/Run3Summer22MiniAODv4/WZZ_TuneCP5_13p6TeV_amcatnlo-pythia8/MINIAODSIM/130X_mcRun3_2022_realistic_v5-v2/50000/504a50cb-9d41-4e68-a6bb-83e249418ee8.root
01-Feb-2025 18:05:27 CST  Successfully opened file root://cmsxrootd.fnal.gov//store/mc/Run3Summer22MiniAODv4/WZZ_TuneCP5_13p6TeV_amcatnlo-pythia8/MINIAODSIM/130X_mcRun3_2022_realistic_v5-v2/50000/504a50cb-9d41-4e68-a6bb-83e249418ee8.root
[2025-02-01 18:05:56.254217 -0600][Error  ][PostMaster        ] [dcache-cms269.desy.de:33172] Forcing error on disconnect: [ERROR] Operation interrupted.
%MSG-w XrdAdaptorLvl3:  source 01-Feb-2025 18:06:32 CST PreSource
Deactivating ds-912.cr.cnaf.infn.it from active sources because its quality (1373) is higher than 260 and 4 times larger than the other active server ds-811.cr.cnaf.infn.it (186) 
%MSG
01-Feb-2025 18:06:34 CST  Closed file root://cmsxrootd.fnal.gov//store/mc/Run3Summer22MiniAODv4/WZZ_TuneCP5_13p6TeV_amcatnlo-pythia8/MINIAODSIM/130X_mcRun3_2022_realistic_v5-v2/50000/504a50cb-9d41-4e68-a6bb-83e249418ee8.root
01-Feb-2025 18:06:34 CST  Initiating request to open file root://cmsxrootd.fnal.gov//store/mc/Run3Summer22MiniAODv4/WZZ_TuneCP5_13p6TeV_amcatnlo-pythia8/MINIAODSIM/130X_mcRun3_2022_realistic_v5-v2/50000/5aa2ad61-382e-4f54-8f01-56d3daa2017e.root
01-Feb-2025 18:06:43 CST  Successfully opened file root://cmsxrootd.fnal.gov//store/mc/Run3Summer22MiniAODv4/WZZ_TuneCP5_13p6TeV_amcatnlo-pythia8/MINIAODSIM/130X_mcRun3_2022_realistic_v5-v2/50000/5aa2ad61-382e-4f54-8f01-56d3daa2017e.root
[2025-02-01 18:07:51.206021 -0600][Error  ][PostMaster        ] [t2-cms-xrootd02.desy.de:1094] Forcing error on disconnect: [ERROR] Operation interrupted.
Begin processing the 700001st record. Run 1, Event 554762, LumiSection 772 on stream 0 at 01-Feb-2025 18:08:10.396 CST
01-Feb-2025 18:08:10 CST  Closed file root://cmsxrootd.fnal.gov//store/mc/Run3Summer22MiniAODv4/WZZ_TuneCP5_13p6TeV_amcatnlo-pythia8/MINIAODSIM/130X_mcRun3_2022_realistic_v5-v2/50000/5aa2ad61-382e-4f54-8f01-56d3daa2017e.root
01-Feb-2025 18:08:10 CST  Initiating request to open file root://cmsxrootd.fnal.gov//store/mc/Run3Summer22MiniAODv4/WZZ_TuneCP5_13p6TeV_amcatnlo-pythia8/MINIAODSIM/130X_mcRun3_2022_realistic_v5-v2/50000/cc098d68-802a-4070-9ce8-9106a27996c2.root
[2025-02-01 18:08:13.075789 -0600][Error  ][PostMaster        ] [dcache-cms265.desy.de:33117] Forcing error on disconnect: [ERROR] Operation interrupted.
01-Feb-2025 18:08:19 CST  Successfully opened file root://cmsxrootd.fnal.gov//store/mc/Run3Summer22MiniAODv4/WZZ_TuneCP5_13p6TeV_amcatnlo-pythia8/MINIAODSIM/130X_mcRun3_2022_realistic_v5-v2/50000/cc098d68-802a-4070-9ce8-9106a27996c2.root
[2025-02-01 18:08:25.132850 -0600][Error  ][PostMaster        ] [t2-cms-xrootd03.desy.de:1094] Forcing error on disconnect: [ERROR] Operation interrupted.
01-Feb-2025 18:09:53 CST  Closed file root://cmsxrootd.fnal.gov//store/mc/Run3Summer22MiniAODv4/WZZ_TuneCP5_13p6TeV_amcatnlo-pythia8/MINIAODSIM/130X_mcRun3_2022_realistic_v5-v2/50000/cc098d68-802a-4070-9ce8-9106a27996c2.root
01-Feb-2025 18:09:53 CST  Initiating request to open file root://cmsxrootd.fnal.gov//store/mc/Run3Summer22MiniAODv4/WZZ_TuneCP5_13p6TeV_amcatnlo-pythia8/MINIAODSIM/130X_mcRun3_2022_realistic_v5-v2/50000/56455bcb-7e88-4ce2-802a-3b1e526b34ad.root
01-Feb-2025 18:10:03 CST  Successfully opened file root://cmsxrootd.fnal.gov//store/mc/Run3Summer22MiniAODv4/WZZ_TuneCP5_13p6TeV_amcatnlo-pythia8/MINIAODSIM/130X_mcRun3_2022_realistic_v5-v2/50000/56455bcb-7e88-4ce2-802a-3b1e526b34ad.root
Begin processing the 800001st record. Run 1, Event 375065, LumiSection 522 on stream 0 at 01-Feb-2025 18:12:21.044 CST
01-Feb-2025 18:12:21 CST  Closed file root://cmsxrootd.fnal.gov//store/mc/Run3Summer22MiniAODv4/WZZ_TuneCP5_13p6TeV_amcatnlo-pythia8/MINIAODSIM/130X_mcRun3_2022_realistic_v5-v2/50000/56455bcb-7e88-4ce2-802a-3b1e526b34ad.root
01-Feb-2025 18:12:21 CST  Initiating request to open file root://cmsxrootd.fnal.gov//store/mc/Run3Summer22MiniAODv4/WZZ_TuneCP5_13p6TeV_amcatnlo-pythia8/MINIAODSIM/130X_mcRun3_2022_realistic_v5-v2/50000/c6654c46-a192-435f-95de-e0ffab6fffce.root
01-Feb-2025 18:12:59 CST  Successfully opened file root://cmsxrootd.fnal.gov//store/mc/Run3Summer22MiniAODv4/WZZ_TuneCP5_13p6TeV_amcatnlo-pythia8/MINIAODSIM/130X_mcRun3_2022_realistic_v5-v2/50000/c6654c46-a192-435f-95de-e0ffab6fffce.root
[2025-02-01 18:13:25.930939 -0600][Error  ][PostMaster        ] [ds-912.cr.cnaf.infn.it:1094] Forcing error on disconnect: [ERROR] Operation interrupted.
[2025-02-01 18:13:45.232295 -0600][Error  ][PostMaster        ] [ccxrdcms.in2p3.fr:1094] Forcing error on disconnect: [ERROR] Operation interrupted.
01-Feb-2025 18:15:05 CST  Closed file root://cmsxrootd.fnal.gov//store/mc/Run3Summer22MiniAODv4/WZZ_TuneCP5_13p6TeV_amcatnlo-pythia8/MINIAODSIM/130X_mcRun3_2022_realistic_v5-v2/50000/c6654c46-a192-435f-95de-e0ffab6fffce.root
01-Feb-2025 18:15:05 CST  Initiating request to open file root://cmsxrootd.fnal.gov//store/mc/Run3Summer22MiniAODv4/WZZ_TuneCP5_13p6TeV_amcatnlo-pythia8/MINIAODSIM/130X_mcRun3_2022_realistic_v5-v2/50000/2d468ac5-e1f4-4c47-8b31-7149720dfde7.root
[2025-02-01 18:15:09.286956 -0600][Error  ][PostMaster        ] [ds-811.cr.cnaf.infn.it:1094] Forcing error on disconnect: [ERROR] Operation interrupted.
01-Feb-2025 18:15:45 CST  Successfully opened file root://cmsxrootd.fnal.gov//store/mc/Run3Summer22MiniAODv4/WZZ_TuneCP5_13p6TeV_amcatnlo-pythia8/MINIAODSIM/130X_mcRun3_2022_realistic_v5-v2/50000/2d468ac5-e1f4-4c47-8b31-7149720dfde7.root
[2025-02-01 18:17:40.454118 -0600][Error  ][PostMaster        ] [grid-cms-xrootd.physik.rwth-aachen.de:1094] Forcing error on disconnect: [ERROR] Operation interrupted.
[2025-02-01 18:17:49.039610 -0600][Error  ][PostMaster        ] [ds-911.cr.cnaf.infn.it:1094] Forcing error on disconnect: [ERROR] Operation interrupted.
Begin processing the 900001st record. Run 1, Event 324797, LumiSection 452 on stream 0 at 01-Feb-2025 18:17:56.100 CST
01-Feb-2025 18:17:56 CST  Closed file root://cmsxrootd.fnal.gov//store/mc/Run3Summer22MiniAODv4/WZZ_TuneCP5_13p6TeV_amcatnlo-pythia8/MINIAODSIM/130X_mcRun3_2022_realistic_v5-v2/50000/2d468ac5-e1f4-4c47-8b31-7149720dfde7.root
01-Feb-2025 18:17:56 CST  Initiating request to open file root://cmsxrootd.fnal.gov//store/mc/Run3Summer22MiniAODv4/WZZ_TuneCP5_13p6TeV_amcatnlo-pythia8/MINIAODSIM/130X_mcRun3_2022_realistic_v5-v2/50000/6e9b0b01-9f46-4a49-a0cb-d9f30df5c341.root
[2025-02-01 18:18:13.953305 -0600][Error  ][PostMaster        ] [t2-cms-xrootd03.desy.de:1094] Forcing error on disconnect: [ERROR] Operation interrupted.
01-Feb-2025 18:18:35 CST  Successfully opened file root://cmsxrootd.fnal.gov//store/mc/Run3Summer22MiniAODv4/WZZ_TuneCP5_13p6TeV_amcatnlo-pythia8/MINIAODSIM/130X_mcRun3_2022_realistic_v5-v2/50000/6e9b0b01-9f46-4a49-a0cb-d9f30df5c341.root
[2025-02-01 18:20:17.587871 -0600][Error  ][PostMaster        ] [t2-cms-xrootd01.desy.de:1094] Forcing error on disconnect: [ERROR] Operation interrupted.
[2025-02-01 18:20:20.581306 -0600][Error  ][PostMaster        ] [dcache-cms269.desy.de:33172] Forcing error on disconnect: [ERROR] Operation interrupted.
      0.062060      0.000074      0.068277             0
 
01-Feb-2025 18:20:36 CST  Closed file root://cmsxrootd.fnal.gov//store/mc/Run3Summer22MiniAODv4/WZZ_TuneCP5_13p6TeV_amcatnlo-pythia8/MINIAODSIM/130X_mcRun3_2022_realistic_v5-v2/50000/6e9b0b01-9f46-4a49-a0cb-d9f30df5c341.root

------------------------------------
GenXsecAnalyzer:
------------------------------------
-------------------------------------------------------------------------------------------------------------------------------------------------------------------------- 
Overall cross-section summary 
--------------------------------------------------------------------------------------------------------------------------------------------------------------------------
Process		xsec_before [pb]		passed	nposw	nnegw	tried	nposw	nnegw 	xsec_match [pb]			accepted [%]	 event_eff [%]
0		6.206e-02 +/- 3.689e-05		1000129	954534	45595	1000129	954534	45595	6.206e-02 +/- 3.689e-05		100.0 +/- 0.0	100.0 +/- 0.0
-------------------------------------------------------------------------------------------------------------------------------------------------------------------------- 
Total		6.206e-02 +/- 3.689e-05		1000129	954534	45595	1000129	954534	45595	6.206e-02 +/- 3.689e-05		100.0 +/- 0.0	100.0 +/- 0.0
--------------------------------------------------------------------------------------------------------------------------------------------------------------------------
Before matching: total cross section = 6.206e-02 +- 3.689e-05 pb
After matching: total cross section = 6.206e-02 +- 3.689e-05 pb
Matching efficiency = 1.0 +/- 0.0   [TO BE USED IN MCM]
Filter efficiency (taking into account weights)= (62059.7) / (62059.7) = 1.000e+00 +- 0.000e+00
Filter efficiency (event-level)= (1.00013e+06) / (1.00013e+06) = 1.000e+00 +- 0.000e+00    [TO BE USED IN MCM]

After filter: final cross section = 6.206e-02 +- 3.689e-05 pb
After filter: final fraction of events with negative weights = 4.559e-02 +- 2.044e-06
After filter: final equivalent lumi for 1M events (1/fb) = 1.331e+04 +- 1.407e+01
