01-Feb-2025 16:13:43 CST  Closed file root://cmsxrootd.fnal.gov//store/mc/Run3Summer22MiniAODv4/DYto2L-4Jets_MLL-120_HT-400to800_TuneCP5_13p6TeV_madgraphMLM-pythia8/MINIAODSIM/130X_mcRun3_2022_realistic_v5-v2/2820000/199fcce6-83fc-4452-bb78-b2be873f9feb.root

------------------------------------
GenXsecAnalyzer:
------------------------------------
-------------------------------------------------------------------------------------------------------------------------------------------------------------------------- 
Overall cross-section summary 
--------------------------------------------------------------------------------------------------------------------------------------------------------------------------
Process		xsec_before [pb]		passed	nposw	nnegw	tried	nposw	nnegw 	xsec_match [pb]			accepted [%]	 event_eff [%]
0		2.284e-02 +/- 4.271e-06		15016	15016	0	124492	124492	0	2.755e-03 +/- 2.109e-05		12.1 +/- 0.1	12.1 +/- 0.1
1		1.972e-01 +/- 2.452e-05		102451	102451	0	1077477	1077477	0	1.875e-02 +/- 5.576e-05		9.5 +/- 0.0	9.5 +/- 0.0
2		6.406e-01 +/- 3.812e-05		207491	207491	0	3645911	3645911	0	3.646e-02 +/- 7.776e-05		5.7 +/- 0.0	5.7 +/- 0.0
3		1.245e+00 +/- 5.170e-05		675304	675304	0	7149120	7149120	0	1.176e-01 +/- 1.363e-04		9.4 +/- 0.0	9.4 +/- 0.0
-------------------------------------------------------------------------------------------------------------------------------------------------------------------------- 
Total		2.106e+00 +/- 6.889e-05		1000262	1000262	0	11997000	11997000	0	1.756e-01 +/- 1.682e-04		8.3 +/- 0.0	8.3 +/- 0.0
--------------------------------------------------------------------------------------------------------------------------------------------------------------------------
Before matching: total cross section = 2.106e+00 +- 6.889e-05 pb
After matching: total cross section = 1.756e-01 +- 1.682e-04 pb
Matching efficiency = 0.1 +/- 0.0   [TO BE USED IN MCM]
Filter efficiency (taking into account weights)= (2.10635e+06) / (2.10635e+06) = 1.000e+00 +- 0.000e+00
Filter efficiency (event-level)= (1.00026e+06) / (1.00026e+06) = 1.000e+00 +- 0.000e+00    [TO BE USED IN MCM]

After filter: final cross section = 1.756e-01 +- 1.682e-04 pb
After filter: final fraction of events with negative weights = 0.000e+00 +- 0.000e+00
After filter: final equivalent lumi for 1M events (1/fb) = 5.696e+03 +- 7.888e+00
