18-Jan-2025 12:27:18 CST  Successfully opened file root://cmsxrootd.fnal.gov//store/mc/Run3Summer22MiniAODv4/DYto2L-4Jets_MLL-120_HT-100to400_TuneCP5_13p6TeV_madgraphMLM-pythia8/MINIAODSIM/130X_mcRun3_2022_realistic_v5-v2/130000/e851d6a7-cf67-4d19-b0fe-904b53f53751.root
      1.898929      0.031340     30.832580             0
      7.201771      0.054698     30.832580             1
     11.266310      0.055631     30.832580             2
     10.465570      0.047973     30.832580             3
 
18-Jan-2025 12:27:21 CST  Closed file root://cmsxrootd.fnal.gov//store/mc/Run3Summer22MiniAODv4/DYto2L-4Jets_MLL-120_HT-100to400_TuneCP5_13p6TeV_madgraphMLM-pythia8/MINIAODSIM/130X_mcRun3_2022_realistic_v5-v2/130000/e851d6a7-cf67-4d19-b0fe-904b53f53751.root

------------------------------------
GenXsecAnalyzer:
------------------------------------
-------------------------------------------------------------------------------------------------------------------------------------------------------------------------- 
Overall cross-section summary 
--------------------------------------------------------------------------------------------------------------------------------------------------------------------------
Process		xsec_before [pb]		passed	nposw	nnegw	tried	nposw	nnegw 	xsec_match [pb]			accepted [%]	 event_eff [%]
0		1.922e+00 +/- 3.856e-04		155626	155626	0	560701	560701	0	5.334e-01 +/- 1.154e-03		27.8 +/- 0.1	27.8 +/- 0.1
1		7.174e+00 +/- 6.625e-04		370672	370672	0	2097548	2097548	0	1.268e+00 +/- 1.893e-03		17.7 +/- 0.0	17.7 +/- 0.0
2		1.130e+01 +/- 6.859e-04		290902	290902	0	3406799	3406799	0	9.651e-01 +/- 1.712e-03		8.5 +/- 0.0	8.5 +/- 0.0
3		1.052e+01 +/- 5.931e-04		182816	182816	0	3148163	3148163	0	6.111e-01 +/- 1.388e-03		5.8 +/- 0.0	5.8 +/- 0.0
-------------------------------------------------------------------------------------------------------------------------------------------------------------------------- 
Total		3.092e+01 +/- 1.187e-03		1000016	1000016	0	9213211	9213211	0	3.356e+00 +/- 3.172e-03		10.9 +/- 0.0	10.9 +/- 0.0
--------------------------------------------------------------------------------------------------------------------------------------------------------------------------
Before matching: total cross section = 3.092e+01 +- 1.187e-03 pb
After matching: total cross section = 3.356e+00 +- 3.172e-03 pb
Matching efficiency = 0.1 +/- 0.0   [TO BE USED IN MCM]
Filter efficiency (taking into account weights)= (3.09282e+07) / (3.09282e+07) = 1.000e+00 +- 0.000e+00
Filter efficiency (event-level)= (1.00002e+06) / (1.00002e+06) = 1.000e+00 +- 0.000e+00    [TO BE USED IN MCM]

After filter: final cross section = 3.356e+00 +- 3.172e-03 pb
After filter: final fraction of events with negative weights = 0.000e+00 +- 0.000e+00
After filter: final equivalent lumi for 1M events (1/fb) = 2.979e+02 +- 4.099e-01
