01-Feb-2025 16:48:58 CST  Closed file root://cmsxrootd.fnal.gov//store/mc/Run3Summer22MiniAODv4/DYto2L-4Jets_MLL-50to120_HT-400to800_TuneCP5_13p6TeV_madgraphMLM-pythia8/MINIAODSIM/130X_mcRun3_2022_realistic_v5-v1/2550000/55318051-ebc2-41bc-8907-0eeb077c64e5.root

------------------------------------
GenXsecAnalyzer:
------------------------------------
-------------------------------------------------------------------------------------------------------------------------------------------------------------------------- 
Overall cross-section summary 
--------------------------------------------------------------------------------------------------------------------------------------------------------------------------
Process		xsec_before [pb]		passed	nposw	nnegw	tried	nposw	nnegw 	xsec_match [pb]			accepted [%]	 event_eff [%]
0		2.915e-01 +/- 1.142e-04		5161	5161	0	42057	42057	0	3.577e-02 +/- 4.665e-04		12.3 +/- 0.2	12.3 +/- 0.2
1		5.397e+00 +/- 1.262e-03		82768	82768	0	770721	770721	0	5.796e-01 +/- 1.908e-03		10.7 +/- 0.0	10.7 +/- 0.0
2		2.099e+01 +/- 2.252e-03		193567	193567	0	3095289	3095289	0	1.313e+00 +/- 2.893e-03		6.3 +/- 0.0	6.3 +/- 0.0
3		4.487e+01 +/- 3.107e-03		718616	718616	0	6709740	6709740	0	4.806e+00 +/- 5.367e-03		10.7 +/- 0.0	10.7 +/- 0.0
-------------------------------------------------------------------------------------------------------------------------------------------------------------------------- 
Total		7.155e+01 +/- 4.042e-03		1000112	1000112	0	10617807	10617807	0	6.740e+00 +/- 6.425e-03		9.4 +/- 0.0	9.4 +/- 0.0
--------------------------------------------------------------------------------------------------------------------------------------------------------------------------
Before matching: total cross section = 7.155e+01 +- 4.042e-03 pb
After matching: total cross section = 6.740e+00 +- 6.425e-03 pb
Matching efficiency = 0.1 +/- 0.0   [TO BE USED IN MCM]
Filter efficiency (taking into account weights)= (7.15648e+07) / (7.15648e+07) = 1.000e+00 +- 0.000e+00
Filter efficiency (event-level)= (1.00011e+06) / (1.00011e+06) = 1.000e+00 +- 0.000e+00    [TO BE USED IN MCM]

After filter: final cross section = 6.740e+00 +- 6.425e-03 pb
After filter: final fraction of events with negative weights = 0.000e+00 +- 0.000e+00
After filter: final equivalent lumi for 1M events (1/fb) = 1.484e+02 +- 2.050e-01
