18-Jan-2025 12:24:31 CST  Successfully opened file root://cmsxrootd.fnal.gov//store/mc/Run3Summer22MiniAODv4/DYto2L-4Jets_MLL-120_HT-70to100_TuneCP5_13p6TeV_madgraphMLM-pythia8/MINIAODSIM/130X_mcRun3_2022_realistic_v5-v2/2560000/6ff840a8-f89b-410a-be88-032a3aa115af.root
      2.171118      0.032991     14.582020             0
      5.442650      0.036693     14.582020             1
      5.008901      0.025437     14.582020             2
      1.959349      0.012627     14.582020             3
 
18-Jan-2025 12:24:34 CST  Closed file root://cmsxrootd.fnal.gov//store/mc/Run3Summer22MiniAODv4/DYto2L-4Jets_MLL-120_HT-70to100_TuneCP5_13p6TeV_madgraphMLM-pythia8/MINIAODSIM/130X_mcRun3_2022_realistic_v5-v2/2560000/6ff840a8-f89b-410a-be88-032a3aa115af.root

------------------------------------
GenXsecAnalyzer:
------------------------------------
-------------------------------------------------------------------------------------------------------------------------------------------------------------------------- 
Overall cross-section summary 
--------------------------------------------------------------------------------------------------------------------------------------------------------------------------
Process		xsec_before [pb]		passed	nposw	nnegw	tried	nposw	nnegw 	xsec_match [pb]			accepted [%]	 event_eff [%]
0		2.151e+00 +/- 4.192e-04		351612	351612	0	975115	975115	0	7.756e-01 +/- 1.057e-03		36.1 +/- 0.0	36.1 +/- 0.0
1		5.497e+00 +/- 4.731e-04		497315	497315	0	2476317	2476317	0	1.104e+00 +/- 1.403e-03		20.1 +/- 0.0	20.1 +/- 0.0
2		4.983e+00 +/- 3.480e-04		140789	140789	0	2267085	2267085	0	3.094e-01 +/- 7.990e-04		6.2 +/- 0.0	6.2 +/- 0.0
3		1.944e+00 +/- 1.627e-04		10441	10441	0	882091	882091	0	2.302e-02 +/- 2.239e-04		1.2 +/- 0.0	1.2 +/- 0.0
-------------------------------------------------------------------------------------------------------------------------------------------------------------------------- 
Total		1.458e+01 +/- 7.397e-04		1000157	1000157	0	6600608	6600608	0	2.209e+00 +/- 2.037e-03		15.2 +/- 0.0	15.2 +/- 0.0
--------------------------------------------------------------------------------------------------------------------------------------------------------------------------
Before matching: total cross section = 1.458e+01 +- 7.397e-04 pb
After matching: total cross section = 2.209e+00 +- 2.037e-03 pb
Matching efficiency = 0.2 +/- 0.0   [TO BE USED IN MCM]
Filter efficiency (taking into account weights)= (1.45817e+07) / (1.45817e+07) = 1.000e+00 +- 0.000e+00
Filter efficiency (event-level)= (1.00016e+06) / (1.00016e+06) = 1.000e+00 +- 0.000e+00    [TO BE USED IN MCM]

After filter: final cross section = 2.209e+00 +- 2.037e-03 pb
After filter: final fraction of events with negative weights = 0.000e+00 +- 0.000e+00
After filter: final equivalent lumi for 1M events (1/fb) = 4.528e+02 +- 6.160e-01
