18-Jan-2025 13:04:42 CST  Successfully opened file root://cmsxrootd.fnal.gov//store/mc/Run3Summer22MiniAODv4/DYto2L-4Jets_MLL-50to120_HT-100to400_TuneCP5_13p6TeV_madgraphMLM-pythia8/MINIAODSIM/130X_mcRun3_2022_realistic_v5-v1/60000/823146bb-798a-4c87-8e81-0a936beb70f2.root
    563.976000      1.338710   1507.866000             3
    564.846000      1.652100   1507.866000             2
    309.574000      1.473620   1507.866000             1
     60.683400      0.489763   1507.866000             0
 
18-Jan-2025 13:04:43 CST  Closed file root://cmsxrootd.fnal.gov//store/mc/Run3Summer22MiniAODv4/DYto2L-4Jets_MLL-50to120_HT-100to400_TuneCP5_13p6TeV_madgraphMLM-pythia8/MINIAODSIM/130X_mcRun3_2022_realistic_v5-v1/60000/823146bb-798a-4c87-8e81-0a936beb70f2.root

------------------------------------
GenXsecAnalyzer:
------------------------------------
-------------------------------------------------------------------------------------------------------------------------------------------------------------------------- 
Overall cross-section summary 
--------------------------------------------------------------------------------------------------------------------------------------------------------------------------
Process		xsec_before [pb]		passed	nposw	nnegw	tried	nposw	nnegw 	xsec_match [pb]			accepted [%]	 event_eff [%]
0		6.059e+01 +/- 8.772e-03		137407	137407	0	452656	452656	0	1.839e+01 +/- 4.149e-02		30.4 +/- 0.1	30.4 +/- 0.1
1		3.112e+02 +/- 2.651e-02		497971	497971	0	2309254	2309254	0	6.711e+01 +/- 8.441e-02		21.6 +/- 0.0	21.6 +/- 0.0
2		5.648e+02 +/- 2.921e-02		449411	449411	0	4364958	4364958	0	5.815e+01 +/- 8.221e-02		10.3 +/- 0.0	10.3 +/- 0.0
3		5.653e+02 +/- 2.476e-02		287448	287448	0	4363531	4363531	0	3.724e+01 +/- 6.715e-02		6.6 +/- 0.0	6.6 +/- 0.0
-------------------------------------------------------------------------------------------------------------------------------------------------------------------------- 
Total		1.502e+03 +/- 4.739e-02		1372237	1372237	0	11490399	11490399	0	1.794e+02 +/- 1.438e-01		11.9 +/- 0.0	11.9 +/- 0.0
--------------------------------------------------------------------------------------------------------------------------------------------------------------------------
Before matching: total cross section = 1.502e+03 +- 4.739e-02 pb
After matching: total cross section = 1.794e+02 +- 1.438e-01 pb
Matching efficiency = 0.1 +/- 0.0   [TO BE USED IN MCM]
Filter efficiency (taking into account weights)= (1.50275e+09) / (1.50275e+09) = 1.000e+00 +- 0.000e+00
Filter efficiency (event-level)= (1.0006e+06) / (1.0006e+06) = 1.000e+00 +- 0.000e+00    [TO BE USED IN MCM]

After filter: final cross section = 1.794e+02 +- 1.438e-01 pb
After filter: final fraction of events with negative weights = 0.000e+00 +- 0.000e+00
After filter: final equivalent lumi for 1M events (1/fb) = 5.575e+00 +- 7.146e-03
