18-Jan-2025 13:22:57 CST  Successfully opened file root://cmsxrootd.fnal.gov//store/mc/Run3Summer22MiniAODv4/DYto2L-4Jets_MLL-50to120_HT-1500to2500_TuneCP5_13p6TeV_madgraphMLM-pythia8/MINIAODSIM/130X_mcRun3_2022_realistic_v5-v2/130000/7c235b42-4137-4a8e-a453-f2515e4866b8.root
      0.000124      0.000007      0.578477             0
      0.023601      0.000372      0.578477             1
      0.135862      0.000912      0.578477             2
      0.418889      0.001722      0.578477             3
 
18-Jan-2025 13:23:02 CST  Closed file root://cmsxrootd.fnal.gov//store/mc/Run3Summer22MiniAODv4/DYto2L-4Jets_MLL-50to120_HT-1500to2500_TuneCP5_13p6TeV_madgraphMLM-pythia8/MINIAODSIM/130X_mcRun3_2022_realistic_v5-v2/130000/7c235b42-4137-4a8e-a453-f2515e4866b8.root

------------------------------------
GenXsecAnalyzer:
------------------------------------
-------------------------------------------------------------------------------------------------------------------------------------------------------------------------- 
Overall cross-section summary 
--------------------------------------------------------------------------------------------------------------------------------------------------------------------------
Process		xsec_before [pb]		passed	nposw	nnegw	tried	nposw	nnegw 	xsec_match [pb]			accepted [%]	 event_eff [%]
0		1.514e-04 +/- 1.296e-07		95	95	0	1991	1991	0	7.222e-06 +/- 7.231e-07		4.8 +/- 0.5	4.8 +/- 0.5
1		2.317e-02 +/- 3.813e-06		21825	21825	0	443186	443186	0	1.141e-03 +/- 7.534e-06		4.9 +/- 0.0	4.9 +/- 0.0
2		1.334e-01 +/- 9.628e-06		68181	68181	0	2599447	2599447	0	3.500e-03 +/- 1.323e-05		2.6 +/- 0.0	2.6 +/- 0.0
3		4.177e-01 +/- 1.836e-05		909926	909926	0	8345840	8345840	0	4.554e-02 +/- 4.510e-05		10.9 +/- 0.0	10.9 +/- 0.0
-------------------------------------------------------------------------------------------------------------------------------------------------------------------------- 
Total		5.744e-01 +/- 2.108e-05		1000027	1000027	0	11390464	11390464	0	5.043e-02 +/- 4.820e-05		8.8 +/- 0.0	8.8 +/- 0.0
--------------------------------------------------------------------------------------------------------------------------------------------------------------------------
Before matching: total cross section = 5.744e-01 +- 2.108e-05 pb
After matching: total cross section = 5.043e-02 +- 4.820e-05 pb
Matching efficiency = 0.1 +/- 0.0   [TO BE USED IN MCM]
Filter efficiency (taking into account weights)= (574448) / (574448) = 1.000e+00 +- 0.000e+00
Filter efficiency (event-level)= (1.00003e+06) / (1.00003e+06) = 1.000e+00 +- 0.000e+00    [TO BE USED IN MCM]

After filter: final cross section = 5.043e-02 +- 4.820e-05 pb
After filter: final fraction of events with negative weights = 0.000e+00 +- 0.000e+00
After filter: final equivalent lumi for 1M events (1/fb) = 1.983e+04 +- 2.743e+01
