01-Feb-2025 16:16:27 CST  Closed file root://cmsxrootd.fnal.gov//store/mc/Run3Summer22MiniAODv4/DYto2L-4Jets_MLL-120_HT-40to70_TuneCP5_13p6TeV_madgraphMLM-pythia8/MINIAODSIM/130X_mcRun3_2022_realistic_v5-v2/2810000/d05c59ba-b6cd-486a-99fb-ab1df3116092.root

------------------------------------
GenXsecAnalyzer:
------------------------------------
-------------------------------------------------------------------------------------------------------------------------------------------------------------------------- 
Overall cross-section summary 
--------------------------------------------------------------------------------------------------------------------------------------------------------------------------
Process		xsec_before [pb]		passed	nposw	nnegw	tried	nposw	nnegw 	xsec_match [pb]			accepted [%]	 event_eff [%]
0		6.280e+00 +/- 1.051e-03		595331	595331	0	1377611	1377611	0	2.714e+00 +/- 2.689e-03		43.2 +/- 0.0	43.2 +/- 0.0
1		1.130e+01 +/- 9.926e-04		382716	382716	0	2458729	2458729	0	1.758e+00 +/- 2.616e-03		15.6 +/- 0.0	15.6 +/- 0.0
2		5.049e+00 +/- 4.619e-04		22317	22317	0	1106081	1106081	0	1.019e-01 +/- 6.751e-04		2.0 +/- 0.0	2.0 +/- 0.0
3		5.380e-01 +/- 9.763e-05		249	249	0	118315	118315	0	1.132e-03 +/- 7.167e-05		0.2 +/- 0.0	0.2 +/- 0.0
-------------------------------------------------------------------------------------------------------------------------------------------------------------------------- 
Total		2.316e+01 +/- 1.521e-03		1000613	1000613	0	5060736	5060736	0	4.580e+00 +/- 4.112e-03		19.8 +/- 0.0	19.8 +/- 0.0
--------------------------------------------------------------------------------------------------------------------------------------------------------------------------
Before matching: total cross section = 2.316e+01 +- 1.521e-03 pb
After matching: total cross section = 4.580e+00 +- 4.112e-03 pb
Matching efficiency = 0.2 +/- 0.0   [TO BE USED IN MCM]
Filter efficiency (taking into account weights)= (2.31893e+07) / (2.31893e+07) = 1.000e+00 +- 0.000e+00
Filter efficiency (event-level)= (1.00061e+06) / (1.00061e+06) = 1.000e+00 +- 0.000e+00    [TO BE USED IN MCM]

After filter: final cross section = 4.580e+00 +- 4.112e-03 pb
After filter: final fraction of events with negative weights = 0.000e+00 +- 0.000e+00
After filter: final equivalent lumi for 1M events (1/fb) = 2.183e+02 +- 2.934e-01
