18-Jan-2025 13:01:09 CST  Successfully opened file root://cmsxrootd.fnal.gov//store/mc/Run3Summer22MiniAODv4/DYto2L-4Jets_MLL-50to120_HT-70to100_TuneCP5_13p6TeV_madgraphMLM-pythia8/MINIAODSIM/130X_mcRun3_2022_realistic_v5-v1/2560000/9a38bd0a-de12-4f20-a0c4-85f52af64802.root
    138.942000      0.486882    887.337500             3
    327.673000      1.045480    887.337500             2
    318.598000      1.366440    887.337500             1
     99.149000      0.861049    887.337500             0
 
18-Jan-2025 13:02:11 CST  Closed file root://cmsxrootd.fnal.gov//store/mc/Run3Summer22MiniAODv4/DYto2L-4Jets_MLL-50to120_HT-70to100_TuneCP5_13p6TeV_madgraphMLM-pythia8/MINIAODSIM/130X_mcRun3_2022_realistic_v5-v1/2560000/9a38bd0a-de12-4f20-a0c4-85f52af64802.root

------------------------------------
GenXsecAnalyzer:
------------------------------------
-------------------------------------------------------------------------------------------------------------------------------------------------------------------------- 
Overall cross-section summary 
--------------------------------------------------------------------------------------------------------------------------------------------------------------------------
Process		xsec_before [pb]		passed	nposw	nnegw	tried	nposw	nnegw 	xsec_match [pb]			accepted [%]	 event_eff [%]
0		9.880e+01 +/- 1.537e-02		382162	382162	0	975371	975371	0	3.871e+01 +/- 4.921e-02		39.2 +/- 0.0	39.2 +/- 0.0
1		3.184e+02 +/- 2.582e-02		742885	742885	0	3111074	3111074	0	7.604e+01 +/- 7.722e-02		23.9 +/- 0.0	23.9 +/- 0.0
2		3.273e+02 +/- 1.907e-02		234421	234421	0	3218416	3218416	0	2.384e+01 +/- 4.743e-02		7.3 +/- 0.0	7.3 +/- 0.0
3		1.384e+02 +/- 8.434e-03		17710	17710	0	1360449	1360449	0	1.802e+00 +/- 1.345e-02		1.3 +/- 0.0	1.3 +/- 0.0
-------------------------------------------------------------------------------------------------------------------------------------------------------------------------- 
Total		8.829e+02 +/- 3.657e-02		1377178	1377178	0	8665310	8665310	0	1.403e+02 +/- 1.098e-01		15.9 +/- 0.0	15.9 +/- 0.0
--------------------------------------------------------------------------------------------------------------------------------------------------------------------------
Before matching: total cross section = 8.829e+02 +- 3.657e-02 pb
After matching: total cross section = 1.403e+02 +- 1.098e-01 pb
Matching efficiency = 0.2 +/- 0.0   [TO BE USED IN MCM]
Filter efficiency (taking into account weights)= (8.8344e+08) / (8.8344e+08) = 1.000e+00 +- 0.000e+00
Filter efficiency (event-level)= (1.00051e+06) / (1.00051e+06) = 1.000e+00 +- 0.000e+00    [TO BE USED IN MCM]

After filter: final cross section = 1.403e+02 +- 1.098e-01 pb
After filter: final fraction of events with negative weights = 0.000e+00 +- 0.000e+00
After filter: final equivalent lumi for 1M events (1/fb) = 7.126e+00 +- 9.049e-03
