18-Jan-2025 12:52:20 CST  Successfully opened file root://cmsxrootd.fnal.gov//store/mc/Run3Summer22MiniAODv4/DYto2L-4Jets_MLL-120_HT-2500_TuneCP5_13p6TeV_madgraphMLM-pythia8/MINIAODSIM/130X_mcRun3_2022_realistic_v5-v2/2810000/ba418c49-c9c6-46ba-9625-fb22cc311709.root
      0.000045      0.000001      0.001383             1
      0.000303      0.000002      0.001383             2
      0.001034      0.000004      0.001383             3
 
18-Jan-2025 12:52:21 CST  Closed file root://cmsxrootd.fnal.gov//store/mc/Run3Summer22MiniAODv4/DYto2L-4Jets_MLL-120_HT-2500_TuneCP5_13p6TeV_madgraphMLM-pythia8/MINIAODSIM/130X_mcRun3_2022_realistic_v5-v2/2810000/ba418c49-c9c6-46ba-9625-fb22cc311709.root

------------------------------------
GenXsecAnalyzer:
------------------------------------
-------------------------------------------------------------------------------------------------------------------------------------------------------------------------- 
Overall cross-section summary 
--------------------------------------------------------------------------------------------------------------------------------------------------------------------------
Process		xsec_before [pb]		passed	nposw	nnegw	tried	nposw	nnegw 	xsec_match [pb]			accepted [%]	 event_eff [%]
0		3.728e-07 +/- 5.403e-10		45	45	0	1006	1006	0	1.668e-08 +/- 2.430e-09		4.5 +/- 0.7	4.5 +/- 0.7
1		4.918e-05 +/- 7.588e-09		15729	15729	0	386108	386108	0	2.004e-06 +/- 1.565e-08		4.1 +/- 0.0	4.1 +/- 0.0
2		3.091e-04 +/- 1.984e-08		52889	52889	0	2471113	2471113	0	6.615e-06 +/- 2.846e-08		2.1 +/- 0.0	2.1 +/- 0.0
3		1.041e-03 +/- 4.309e-08		931360	931360	0	8425209	8425209	0	1.150e-04 +/- 1.125e-07		11.1 +/- 0.0	11.1 +/- 0.0
-------------------------------------------------------------------------------------------------------------------------------------------------------------------------- 
Total		1.399e-03 +/- 4.804e-08		1000023	1000023	0	11283436	11283436	0	1.240e-04 +/- 1.185e-07		8.9 +/- 0.0	8.9 +/- 0.0
--------------------------------------------------------------------------------------------------------------------------------------------------------------------------
Before matching: total cross section = 1.399e-03 +- 4.804e-08 pb
After matching: total cross section = 1.240e-04 +- 1.185e-07 pb
Matching efficiency = 0.1 +/- 0.0   [TO BE USED IN MCM]
Filter efficiency (taking into account weights)= (1399.23) / (1399.23) = 1.000e+00 +- 0.000e+00
Filter efficiency (event-level)= (1.00002e+06) / (1.00002e+06) = 1.000e+00 +- 0.000e+00    [TO BE USED IN MCM]

After filter: final cross section = 1.240e-04 +- 1.185e-07 pb
After filter: final fraction of events with negative weights = 0.000e+00 +- 0.000e+00
After filter: final equivalent lumi for 1M events (1/fb) = 8.064e+06 +- 1.115e+04
