18-Jan-2025 12:49:22 CST  Successfully opened file root://cmsxrootd.fnal.gov//store/mc/Run3Summer22MiniAODv4/DYto2L-4Jets_MLL-120_HT-1500to2500_TuneCP5_13p6TeV_madgraphMLM-pythia8/MINIAODSIM/130X_mcRun3_2022_realistic_v5-v2/2810000/746d5d78-197a-4544-b27b-faa1b6bbdd40.root
      0.000011      0.000000      0.020054             0
      0.000859      0.000012      0.020054             1
      0.004752      0.000029      0.020054             2
      0.014432      0.000055      0.020054             3
 
18-Jan-2025 12:49:24 CST  Closed file root://cmsxrootd.fnal.gov//store/mc/Run3Summer22MiniAODv4/DYto2L-4Jets_MLL-120_HT-1500to2500_TuneCP5_13p6TeV_madgraphMLM-pythia8/MINIAODSIM/130X_mcRun3_2022_realistic_v5-v2/2810000/746d5d78-197a-4544-b27b-faa1b6bbdd40.root

------------------------------------
GenXsecAnalyzer:
------------------------------------
-------------------------------------------------------------------------------------------------------------------------------------------------------------------------- 
Overall cross-section summary 
--------------------------------------------------------------------------------------------------------------------------------------------------------------------------
Process		xsec_before [pb]		passed	nposw	nnegw	tried	nposw	nnegw 	xsec_match [pb]			accepted [%]	 event_eff [%]
0		1.309e-05 +/- 4.987e-09		384	384	0	8476	8476	0	5.933e-07 +/- 2.958e-08		4.5 +/- 0.2	4.5 +/- 0.2
1		8.407e-04 +/- 1.222e-07		22863	22863	0	477764	477764	0	4.023e-05 +/- 2.597e-07		4.8 +/- 0.0	4.8 +/- 0.0
2		4.690e-03 +/- 3.003e-07		71481	71481	0	2757657	2757657	0	1.216e-04 +/- 4.489e-07		2.6 +/- 0.0	2.6 +/- 0.0
3		1.441e-02 +/- 5.820e-07		905561	905561	0	8609719	8609719	0	1.516e-03 +/- 1.508e-06		10.5 +/- 0.0	10.5 +/- 0.0
-------------------------------------------------------------------------------------------------------------------------------------------------------------------------- 
Total		1.995e-02 +/- 6.662e-07		1000289	1000289	0	11853616	11853616	0	1.684e-03 +/- 1.612e-06		8.4 +/- 0.0	8.4 +/- 0.0
--------------------------------------------------------------------------------------------------------------------------------------------------------------------------
Before matching: total cross section = 1.995e-02 +- 6.662e-07 pb
After matching: total cross section = 1.684e-03 +- 1.612e-06 pb
Matching efficiency = 0.1 +/- 0.0   [TO BE USED IN MCM]
Filter efficiency (taking into account weights)= (19964.1) / (19964.1) = 1.000e+00 +- 0.000e+00
Filter efficiency (event-level)= (1.00029e+06) / (1.00029e+06) = 1.000e+00 +- 0.000e+00    [TO BE USED IN MCM]

After filter: final cross section = 1.684e-03 +- 1.612e-06 pb
After filter: final fraction of events with negative weights = 0.000e+00 +- 0.000e+00
After filter: final equivalent lumi for 1M events (1/fb) = 5.939e+05 +- 8.222e+02
