28-Jan-2025 14:28:05 CST  Successfully opened file root://cmsxrootd.fnal.gov//store/mc/Run3Summer22MiniAODv4/TbarWplusto2L2Nu_TuneCP5_13p6TeV_powheg-pythia8/MINIAODSIM/130X_mcRun3_2022_realistic_v5-v2/50000/889ff604-999a-463b-a2e0-c1e8da616337.root
     36.053640      0.025919      1.000000         10000
 
28-Jan-2025 14:28:08 CST  Closed file root://cmsxrootd.fnal.gov//store/mc/Run3Summer22MiniAODv4/TbarWplusto2L2Nu_TuneCP5_13p6TeV_powheg-pythia8/MINIAODSIM/130X_mcRun3_2022_realistic_v5-v2/50000/889ff604-999a-463b-a2e0-c1e8da616337.root

------------------------------------
GenXsecAnalyzer:
------------------------------------
-------------------------------------------------------------------------------------------------------------------------------------------------------------------------- 
Overall cross-section summary 
--------------------------------------------------------------------------------------------------------------------------------------------------------------------------
Process		xsec_before [pb]		passed	nposw	nnegw	tried	nposw	nnegw 	xsec_match [pb]			accepted [%]	 event_eff [%]
-------------------------------------------------------------------------------------------------------------------------------------------------------------------------- 
Total		3.605e+01 +/- 1.296e-02		2000468	2000440	28	2000468	2000440	28	3.605e+01 +/- 1.296e-02		100.0 +/- 0.0	100.0 +/- 0.0
--------------------------------------------------------------------------------------------------------------------------------------------------------------------------
Before matching: total cross section = 3.605e+01 +- 1.296e-02 pb
After matching: total cross section = 3.605e+01 +- 1.296e-02 pb
Matching efficiency = 1.0 +/- 0.0   [TO BE USED IN MCM]
Filter efficiency (taking into account weights)= (3.80811e+06) / (3.80811e+06) = 1.000e+00 +- 0.000e+00
Filter efficiency (event-level)= (1.0006e+06) / (1.0006e+06) = 1.000e+00 +- 0.000e+00    [TO BE USED IN MCM]

After filter: final cross section = 3.605e+01 +- 1.296e-02 pb
After filter: final fraction of events with negative weights = 1.399e-05 +- 1.110e-12
After filter: final equivalent lumi for 1M events (1/fb) = 2.773e+01 +- 2.947e-02
