18-Jan-2025 13:51:11 CST  Successfully opened file root://cmsxrootd.fnal.gov//store/mc/Run3Summer22MiniAODv4/TTto2L2Nu_TuneCP5_13p6TeV_powheg-pythia8/MINIAODSIM/130X_mcRun3_2022_realistic_v5-v2/40000/4bd0e806-87f7-43cf-814e-f1ebb647e59b.root
    762.136984      0.269015      1.000000        322200
 
18-Jan-2025 13:51:14 CST  Closed file root://cmsxrootd.fnal.gov//store/mc/Run3Summer22MiniAODv4/TTto2L2Nu_TuneCP5_13p6TeV_powheg-pythia8/MINIAODSIM/130X_mcRun3_2022_realistic_v5-v2/40000/4bd0e806-87f7-43cf-814e-f1ebb647e59b.root

------------------------------------
GenXsecAnalyzer:
------------------------------------
-------------------------------------------------------------------------------------------------------------------------------------------------------------------------- 
Overall cross-section summary 
--------------------------------------------------------------------------------------------------------------------------------------------------------------------------
Process		xsec_before [pb]		passed	nposw	nnegw	tried	nposw	nnegw 	xsec_match [pb]			accepted [%]	 event_eff [%]
0		7.621e+02 +/- 1.345e-01		10000593	9960349	40244	10000593	9960349	40244	7.621e+02 +/- 1.345e-01		100.0 +/- 0.0	100.0 +/- 0.0
-------------------------------------------------------------------------------------------------------------------------------------------------------------------------- 
Total		7.621e+02 +/- 1.345e-01		10000593	9960349	40244	10000593	9960349	40244	7.621e+02 +/- 1.345e-01		100.0 +/- 0.0	100.0 +/- 0.0
--------------------------------------------------------------------------------------------------------------------------------------------------------------------------
Before matching: total cross section = 7.621e+02 +- 1.345e-01 pb
After matching: total cross section = 7.621e+02 +- 1.345e-01 pb
Matching efficiency = 1.0 +/- 0.0   [TO BE USED IN MCM]
Filter efficiency (taking into account weights)= (8.04559e+08) / (8.04559e+08) = 1.000e+00 +- 0.000e+00
Filter efficiency (event-level)= (1.00006e+07) / (1.00006e+07) = 1.000e+00 +- 0.000e+00    [TO BE USED IN MCM]

After filter: final cross section = 7.621e+02 +- 1.345e-01 pb
After filter: final fraction of events with negative weights = 4.024e-03 +- 5.132e-09
After filter: final equivalent lumi for 1M events (1/fb) = 1.291e+00 +- 1.300e-03
