01-Feb-2025 19:34:10 CST  Closed file root://cmsxrootd.fnal.gov//store/mc/Run3Summer22MiniAODv4/WtoLNu-4Jets_MLNu-120_HT-800to1500_TuneCP5_13p6TeV_madgraphMLM-pythia8/MINIAODSIM/130X_mcRun3_2022_realistic_v5-v2/40000/cb770f9e-60ce-4d9a-86d3-8aa7fdc6f749.root

------------------------------------
GenXsecAnalyzer:
------------------------------------
-------------------------------------------------------------------------------------------------------------------------------------------------------------------------- 
Overall cross-section summary 
--------------------------------------------------------------------------------------------------------------------------------------------------------------------------
Process		xsec_before [pb]		passed	nposw	nnegw	tried	nposw	nnegw 	xsec_match [pb]			accepted [%]	 event_eff [%]
0		1.719e-03 +/- 1.039e-06		369	369	0	4906	4906	0	1.293e-04 +/- 6.474e-06		7.5 +/- 0.4	7.5 +/- 0.4
1		6.907e-04 +/- 5.551e-07		151	151	0	1949	1949	0	5.347e-05 +/- 4.180e-06		7.7 +/- 0.6	7.7 +/- 0.6
2		2.963e-02 +/- 1.186e-05		5255	5255	0	82915	82915	0	1.878e-03 +/- 2.508e-05		6.3 +/- 0.1	6.3 +/- 0.1
3		1.456e-02 +/- 7.631e-06		2885	2885	0	40563	40563	0	1.035e-03 +/- 1.858e-05		7.1 +/- 0.1	7.1 +/- 0.1
4		1.321e-01 +/- 2.521e-05		13899	13899	0	381754	381754	0	4.808e-03 +/- 4.005e-05		3.6 +/- 0.0	3.6 +/- 0.0
5		6.538e-02 +/- 1.644e-05		7554	7554	0	191674	191674	0	2.577e-03 +/- 2.906e-05		3.9 +/- 0.0	3.9 +/- 0.0
6		3.398e-01 +/- 4.119e-05		101741	101741	0	1008244	1008244	0	3.429e-02 +/- 1.020e-04		10.1 +/- 0.0	10.1 +/- 0.0
7		1.676e-01 +/- 2.631e-05		51816	51816	0	493512	493512	0	1.760e-02 +/- 7.320e-05		10.5 +/- 0.0	10.5 +/- 0.0
-------------------------------------------------------------------------------------------------------------------------------------------------------------------------- 
Total		7.515e-01 +/- 5.912e-05		183670	183670	0	2205517	2205517	0	6.258e-02 +/- 1.399e-04		8.3 +/- 0.0	8.3 +/- 0.0
--------------------------------------------------------------------------------------------------------------------------------------------------------------------------
Before matching: total cross section = 7.515e-01 +- 5.912e-05 pb
After matching: total cross section = 6.258e-02 +- 1.399e-04 pb
Matching efficiency = 0.1 +/- 0.0   [TO BE USED IN MCM]
Filter efficiency (taking into account weights)= (138059) / (138059) = 1.000e+00 +- 0.000e+00
Filter efficiency (event-level)= (183670) / (183670) = 1.000e+00 +- 0.000e+00    [TO BE USED IN MCM]

After filter: final cross section = 6.258e-02 +- 1.399e-04 pb
After filter: final fraction of events with negative weights = 0.000e+00 +- 0.000e+00
After filter: final equivalent lumi for 1M events (1/fb) = 1.598e+04 +- 3.913e+01
