28-Jan-2025 14:32:54 CST  Successfully opened file root://cmsxrootd.fnal.gov//store/mc/Run3Summer22MiniAODv4/WtoLNu-4Jets_MLNu-0to120_HT-40to100_TuneCP5_13p6TeV_madgraphMLM-pythia8/MINIAODSIM/130X_mcRun3_2022_realistic_v5-v3/80000/db01146e-3438-4a39-9f45-61645b331e94.root
   2319.116000     41.998860  22001.130000             2
   1755.167000     34.341310  22001.130000             3
   5601.301000     53.273990  22001.130000             4
   4178.583000     44.110840  22001.130000             5
   3649.465000     32.387580  22001.130000             6
   2664.087000     27.418030  22001.130000             7
   1129.824000     13.858140  22001.130000             8
    703.582700     10.273410  22001.130000             9
 
28-Jan-2025 14:32:57 CST  Closed file root://cmsxrootd.fnal.gov//store/mc/Run3Summer22MiniAODv4/WtoLNu-4Jets_MLNu-0to120_HT-40to100_TuneCP5_13p6TeV_madgraphMLM-pythia8/MINIAODSIM/130X_mcRun3_2022_realistic_v5-v3/80000/db01146e-3438-4a39-9f45-61645b331e94.root

------------------------------------
GenXsecAnalyzer:
------------------------------------
-------------------------------------------------------------------------------------------------------------------------------------------------------------------------- 
Overall cross-section summary 
--------------------------------------------------------------------------------------------------------------------------------------------------------------------------
Process		xsec_before [pb]		passed	nposw	nnegw	tried	nposw	nnegw 	xsec_match [pb]			accepted [%]	 event_eff [%]
0		2.346e+03 +/- 5.677e-01		257708	257708	0	552684	552684	0	1.094e+03 +/- 1.596e+00		46.6 +/- 0.1	46.6 +/- 0.1
1		1.738e+03 +/- 4.557e-01		194613	194613	0	410010	410010	0	8.247e+02 +/- 1.372e+00		47.5 +/- 0.1	47.5 +/- 0.1
2		5.666e+03 +/- 7.355e-01		267081	267081	0	1320565	1320565	0	1.146e+03 +/- 1.986e+00		20.2 +/- 0.0	20.2 +/- 0.0
3		4.203e+03 +/- 5.939e-01		204630	204630	0	983749	983749	0	8.742e+02 +/- 1.724e+00		20.8 +/- 0.0	20.8 +/- 0.0
4		3.715e+03 +/- 4.527e-01		41170	41170	0	874914	874914	0	1.748e+02 +/- 8.414e-01		4.7 +/- 0.0	4.7 +/- 0.0
5		2.714e+03 +/- 3.693e-01		31078	31078	0	638549	638549	0	1.321e+02 +/- 7.311e-01		4.9 +/- 0.0	4.9 +/- 0.0
6		9.828e+02 +/- 1.586e-01		2356	2356	0	231741	231741	0	9.992e+00 +/- 2.048e-01		1.0 +/- 0.0	1.0 +/- 0.0
7		7.105e+02 +/- 1.356e-01		1889	1889	0	167420	167420	0	8.014e+00 +/- 1.834e-01		1.1 +/- 0.0	1.1 +/- 0.0
-------------------------------------------------------------------------------------------------------------------------------------------------------------------------- 
Total		2.207e+04 +/- 1.345e+00		1000525	1000525	0	5179632	5179632	0	4.264e+03 +/- 3.838e+00		19.3 +/- 0.0	19.3 +/- 0.0
--------------------------------------------------------------------------------------------------------------------------------------------------------------------------
Before matching: total cross section = 2.207e+04 +- 1.345e+00 pb
After matching: total cross section = 4.264e+03 +- 3.838e+00 pb
Matching efficiency = 0.2 +/- 0.0   [TO BE USED IN MCM]
Filter efficiency (taking into account weights)= (2.21006e+10) / (2.21006e+10) = 1.000e+00 +- 0.000e+00
Filter efficiency (event-level)= (1.00052e+06) / (1.00052e+06) = 1.000e+00 +- 0.000e+00    [TO BE USED IN MCM]

After filter: final cross section = 4.264e+03 +- 3.838e+00 pb
After filter: final fraction of events with negative weights = 0.000e+00 +- 0.000e+00
After filter: final equivalent lumi for 1M events (1/fb) = 2.345e-01 +- 3.155e-04
