01-Feb-2025 18:50:44 CST  Closed file root://cmsxrootd.fnal.gov//store/mc/Run3Summer22MiniAODv4/WtoLNu-4Jets_MLNu-120_HT-2500_TuneCP5_13p6TeV_madgraphMLM-pythia8/MINIAODSIM/130X_mcRun3_2022_realistic_v5-v2/40000/4fc80c00-381b-4ae3-a832-084f17991735.root

------------------------------------
GenXsecAnalyzer:
------------------------------------
-------------------------------------------------------------------------------------------------------------------------------------------------------------------------- 
Overall cross-section summary 
--------------------------------------------------------------------------------------------------------------------------------------------------------------------------
Process		xsec_before [pb]		passed	nposw	nnegw	tried	nposw	nnegw 	xsec_match [pb]			accepted [%]	 event_eff [%]
0		1.065e-06 +/- 2.191e-09		16	16	0	465	465	0	3.664e-08 +/- 9.002e-09		3.4 +/- 0.8	3.4 +/- 0.8
1		9.493e-07 +/- 4.873e-09		6	6	0	89	89	0	6.392e-08 +/- 2.520e-08		6.7 +/- 2.7	6.7 +/- 2.7
2		1.103e-04 +/- 3.346e-08		5580	5580	0	137552	137552	0	4.474e-06 +/- 5.869e-08		4.1 +/- 0.1	4.1 +/- 0.1
3		4.148e-05 +/- 1.689e-08		2362	2362	0	51555	51555	0	1.900e-06 +/- 3.820e-08		4.6 +/- 0.1	4.6 +/- 0.1
4		6.743e-04 +/- 7.866e-08		18467	18467	0	854701	854701	0	1.457e-05 +/- 1.061e-07		2.2 +/- 0.0	2.2 +/- 0.0
5		2.562e-04 +/- 4.412e-08		8056	8056	0	332433	332433	0	6.208e-06 +/- 6.834e-08		2.4 +/- 0.0	2.4 +/- 0.0
6		2.276e-03 +/- 1.666e-07		328776	328776	0	2958248	2958248	0	2.530e-04 +/- 4.164e-07		11.1 +/- 0.0	11.1 +/- 0.0
7		8.407e-04 +/- 8.882e-08		126372	126372	0	1091443	1091443	0	9.735e-05 +/- 2.577e-07		11.6 +/- 0.0	11.6 +/- 0.0
-------------------------------------------------------------------------------------------------------------------------------------------------------------------------- 
Total		4.201e-03 +/- 2.126e-07		489635	489635	0	5426486	5426486	0	3.791e-04 +/- 5.171e-07		9.0 +/- 0.0	9.0 +/- 0.0
--------------------------------------------------------------------------------------------------------------------------------------------------------------------------
Before matching: total cross section = 4.201e-03 +- 2.126e-07 pb
After matching: total cross section = 3.791e-04 +- 5.171e-07 pb
Matching efficiency = 0.1 +/- 0.0   [TO BE USED IN MCM]
Filter efficiency (taking into account weights)= (2057.04) / (2057.04) = 1.000e+00 +- 0.000e+00
Filter efficiency (event-level)= (489635) / (489635) = 1.000e+00 +- 0.000e+00    [TO BE USED IN MCM]

After filter: final cross section = 3.791e-04 +- 5.171e-07 pb
After filter: final fraction of events with negative weights = 0.000e+00 +- 0.000e+00
After filter: final equivalent lumi for 1M events (1/fb) = 2.638e+06 +- 4.462e+03
