01-Feb-2025 18:24:57 CST  Closed file root://cmsxrootd.fnal.gov//store/mc/Run3Summer22MiniAODv4/WtoLNu-4Jets_MLNu-0to120_HT-100to400_TuneCP5_13p6TeV_madgraphMLM-pythia8/MINIAODSIM/130X_mcRun3_2022_realistic_v5-v3/80000/8d22b6df-1dbe-458a-9087-8012832452f9.root

------------------------------------
GenXsecAnalyzer:
------------------------------------
-------------------------------------------------------------------------------------------------------------------------------------------------------------------------- 
Overall cross-section summary 
--------------------------------------------------------------------------------------------------------------------------------------------------------------------------
Process		xsec_before [pb]		passed	nposw	nnegw	tried	nposw	nnegw 	xsec_match [pb]			accepted [%]	 event_eff [%]
0		2.865e+02 +/- 1.038e-01		52077	52077	0	171038	171038	0	8.722e+01 +/- 3.203e-01		30.4 +/- 0.1	30.4 +/- 0.1
1		1.968e+02 +/- 7.539e-02		37388	37388	0	118665	118665	0	6.200e+01 +/- 2.664e-01		31.5 +/- 0.1	31.5 +/- 0.1
2		1.593e+03 +/- 2.334e-01		211320	211320	0	949606	949606	0	3.544e+02 +/- 6.817e-01		22.3 +/- 0.0	22.3 +/- 0.0
3		1.102e+03 +/- 1.838e-01		152548	152548	0	661259	661259	0	2.542e+02 +/- 5.724e-01		23.1 +/- 0.1	23.1 +/- 0.1
4		2.993e+03 +/- 2.699e-01		194213	194213	0	1840794	1840794	0	3.157e+02 +/- 6.782e-01		10.6 +/- 0.0	10.6 +/- 0.0
5		2.047e+03 +/- 2.051e-01		139405	139405	0	1270031	1270031	0	2.247e+02 +/- 5.684e-01		11.0 +/- 0.0	11.0 +/- 0.0
6		3.055e+03 +/- 2.412e-01		126431	126431	0	1873571	1873571	0	2.061e+02 +/- 5.601e-01		6.7 +/- 0.0	6.7 +/- 0.0
7		2.050e+03 +/- 1.858e-01		86999	86999	0	1257168	1257168	0	1.419e+02 +/- 4.643e-01		6.9 +/- 0.0	6.9 +/- 0.0
-------------------------------------------------------------------------------------------------------------------------------------------------------------------------- 
Total		1.332e+04 +/- 5.588e-01		1000381	1000381	0	8142132	8142132	0	1.637e+03 +/- 1.534e+00		12.3 +/- 0.0	12.3 +/- 0.0
--------------------------------------------------------------------------------------------------------------------------------------------------------------------------
Before matching: total cross section = 1.332e+04 +- 5.588e-01 pb
After matching: total cross section = 1.637e+03 +- 1.534e+00 pb
Matching efficiency = 0.1 +/- 0.0   [TO BE USED IN MCM]
Filter efficiency (taking into account weights)= (1.33331e+10) / (1.33331e+10) = 1.000e+00 +- 0.000e+00
Filter efficiency (event-level)= (1.00038e+06) / (1.00038e+06) = 1.000e+00 +- 0.000e+00    [TO BE USED IN MCM]

After filter: final cross section = 1.637e+03 +- 1.534e+00 pb
After filter: final fraction of events with negative weights = 0.000e+00 +- 0.000e+00
After filter: final equivalent lumi for 1M events (1/fb) = 6.109e-01 +- 8.373e-04
