01-Feb-2025 18:26:57 CST  Closed file root://cmsxrootd.fnal.gov//store/mc/Run3Summer22MiniAODv4/WtoLNu-4Jets_MLNu-0to120_HT-1500to2500_TuneCP5_13p6TeV_madgraphMLM-pythia8/MINIAODSIM/130X_mcRun3_2022_realistic_v5-v2/40000/f7507e3e-97d3-445b-a7ae-f990a6d35dbc.root

------------------------------------
GenXsecAnalyzer:
------------------------------------
-------------------------------------------------------------------------------------------------------------------------------------------------------------------------- 
Overall cross-section summary 
--------------------------------------------------------------------------------------------------------------------------------------------------------------------------
Process		xsec_before [pb]		passed	nposw	nnegw	tried	nposw	nnegw 	xsec_match [pb]			accepted [%]	 event_eff [%]
0		1.445e-03 +/- 2.272e-06		29	29	0	749	749	0	5.599e-05 +/- 1.019e-05		3.9 +/- 0.7	3.9 +/- 0.7
1		1.261e-03 +/- 3.650e-06		11	11	0	216	216	0	6.417e-05 +/- 1.885e-05		5.1 +/- 1.5	5.1 +/- 1.5
2		1.407e-01 +/- 3.794e-05		6887	6887	0	144789	144789	0	6.692e-03 +/- 7.872e-05		4.8 +/- 0.1	4.8 +/- 0.1
3		6.528e-02 +/- 2.091e-05		3498	3498	0	66959	66959	0	3.410e-03 +/- 5.614e-05		5.2 +/- 0.1	5.2 +/- 0.1
4		8.087e-01 +/- 9.298e-05		22006	22006	0	845522	845522	0	2.105e-02 +/- 1.400e-04		2.6 +/- 0.0	2.6 +/- 0.0
5		3.686e-01 +/- 6.062e-05		10904	10904	0	392863	392863	0	1.023e-02 +/- 9.661e-05		2.8 +/- 0.0	2.8 +/- 0.0
6		2.529e+00 +/- 1.860e-04		296637	296637	0	2700947	2700947	0	2.777e-01 +/- 4.815e-04		11.0 +/- 0.0	11.0 +/- 0.0
7		1.133e+00 +/- 1.074e-04		137909	137909	0	1210310	1210310	0	1.291e-01 +/- 3.275e-04		11.4 +/- 0.0	11.4 +/- 0.0
-------------------------------------------------------------------------------------------------------------------------------------------------------------------------- 
Total		5.048e+00 +/- 2.456e-04		477881	477881	0	5362355	5362355	0	4.498e-01 +/- 6.215e-04		8.9 +/- 0.0	8.9 +/- 0.0
--------------------------------------------------------------------------------------------------------------------------------------------------------------------------
Before matching: total cross section = 5.048e+00 +- 2.456e-04 pb
After matching: total cross section = 4.498e-01 +- 6.215e-04 pb
Matching efficiency = 0.1 +/- 0.0   [TO BE USED IN MCM]
Filter efficiency (taking into account weights)= (2.41237e+06) / (2.41237e+06) = 1.000e+00 +- 0.000e+00
Filter efficiency (event-level)= (477881) / (477881) = 1.000e+00 +- 0.000e+00    [TO BE USED IN MCM]

After filter: final cross section = 4.498e-01 +- 6.215e-04 pb
After filter: final fraction of events with negative weights = 0.000e+00 +- 0.000e+00
After filter: final equivalent lumi for 1M events (1/fb) = 2.223e+03 +- 3.791e+00
