01-Feb-2025 18:58:12 CST  Closed file root://cmsxrootd.fnal.gov//store/mc/Run3Summer22MiniAODv4/WtoLNu-4Jets_MLNu-120_HT-40to100_TuneCP5_13p6TeV_madgraphMLM-pythia8/MINIAODSIM/130X_mcRun3_2022_realistic_v5-v2/40000/36cb6898-2abd-4a85-966f-94607cd38166.root

------------------------------------
GenXsecAnalyzer:
------------------------------------
-------------------------------------------------------------------------------------------------------------------------------------------------------------------------- 
Overall cross-section summary 
--------------------------------------------------------------------------------------------------------------------------------------------------------------------------
Process		xsec_before [pb]		passed	nposw	nnegw	tried	nposw	nnegw 	xsec_match [pb]			accepted [%]	 event_eff [%]
0		1.509e+01 +/- 3.230e-03		302630	302630	0	724383	724383	0	6.304e+00 +/- 8.847e-03		41.8 +/- 0.1	41.8 +/- 0.1
1		1.042e+01 +/- 2.685e-03		213271	213271	0	506602	506602	0	4.387e+00 +/- 7.316e-03		42.1 +/- 0.1	42.1 +/- 0.1
2		2.991e+01 +/- 3.534e-03		245737	245737	0	1441723	1441723	0	5.098e+00 +/- 9.387e-03		17.0 +/- 0.0	17.0 +/- 0.0
3		2.069e+01 +/- 2.849e-03		174802	174802	0	1001507	1001507	0	3.611e+00 +/- 7.864e-03		17.5 +/- 0.0	17.5 +/- 0.0
4		1.776e+01 +/- 2.090e-03		35497	35497	0	865063	865063	0	7.289e-01 +/- 3.789e-03		4.1 +/- 0.0	4.1 +/- 0.0
5		1.226e+01 +/- 1.678e-03		25195	25195	0	594524	594524	0	5.197e-01 +/- 3.205e-03		4.2 +/- 0.0	4.2 +/- 0.0
6		4.435e+00 +/- 7.685e-04		2048	2048	0	215980	215980	0	4.206e-02 +/- 9.249e-04		0.9 +/- 0.0	0.9 +/- 0.0
7		3.045e+00 +/- 5.850e-04		1405	1405	0	147575	147575	0	2.900e-02 +/- 7.699e-04		1.0 +/- 0.0	1.0 +/- 0.0
-------------------------------------------------------------------------------------------------------------------------------------------------------------------------- 
Total		1.136e+02 +/- 6.809e-03		1000585	1000585	0	5497357	5497357	0	2.068e+01 +/- 1.874e-02		18.2 +/- 0.0	18.2 +/- 0.0
--------------------------------------------------------------------------------------------------------------------------------------------------------------------------
Before matching: total cross section = 1.136e+02 +- 6.809e-03 pb
After matching: total cross section = 2.068e+01 +- 1.874e-02 pb
Matching efficiency = 0.2 +/- 0.0   [TO BE USED IN MCM]
Filter efficiency (taking into account weights)= (1.1376e+08) / (1.1376e+08) = 1.000e+00 +- 0.000e+00
Filter efficiency (event-level)= (1.00058e+06) / (1.00058e+06) = 1.000e+00 +- 0.000e+00    [TO BE USED IN MCM]

After filter: final cross section = 2.068e+01 +- 1.874e-02 pb
After filter: final fraction of events with negative weights = 0.000e+00 +- 0.000e+00
After filter: final equivalent lumi for 1M events (1/fb) = 4.836e+01 +- 6.526e-02
