01-Feb-2025 18:53:03 CST  Closed file root://cmsxrootd.fnal.gov//store/mc/Run3Summer22MiniAODv4/WtoLNu-4Jets_MLNu-120_HT-400to800_TuneCP5_13p6TeV_madgraphMLM-pythia8/MINIAODSIM/130X_mcRun3_2022_realistic_v5-v2/40000/673c1abf-2aca-4687-a281-3816625fcf1d.root

------------------------------------
GenXsecAnalyzer:
------------------------------------
-------------------------------------------------------------------------------------------------------------------------------------------------------------------------- 
Overall cross-section summary 
--------------------------------------------------------------------------------------------------------------------------------------------------------------------------
Process		xsec_before [pb]		passed	nposw	nnegw	tried	nposw	nnegw 	xsec_match [pb]			accepted [%]	 event_eff [%]
0		4.326e-02 +/- 1.735e-05		4777	4777	0	40033	40033	0	5.162e-03 +/- 7.012e-05		11.9 +/- 0.2	11.9 +/- 0.2
1		2.220e-02 +/- 9.845e-06		2537	2537	0	20478	20478	0	2.751e-03 +/- 5.114e-05		12.4 +/- 0.2	12.4 +/- 0.2
2		3.728e-01 +/- 7.917e-05		32617	32617	0	341933	341933	0	3.556e-02 +/- 1.874e-04		9.5 +/- 0.1	9.5 +/- 0.1
3		2.057e-01 +/- 5.842e-05		19529	19529	0	190530	190530	0	2.108e-02 +/- 1.430e-04		10.2 +/- 0.1	10.2 +/- 0.1
4		1.214e+00 +/- 1.384e-04		65527	65527	0	1159866	1159866	0	6.856e-02 +/- 2.603e-04		5.6 +/- 0.0	5.6 +/- 0.0
5		6.765e-01 +/- 9.545e-05		39528	39528	0	655164	655164	0	4.082e-02 +/- 1.991e-04		6.0 +/- 0.0	6.0 +/- 0.0
6		2.357e+00 +/- 1.835e-04		217451	217451	0	2290045	2290045	0	2.238e-01 +/- 4.569e-04		9.5 +/- 0.0	9.5 +/- 0.0
7		1.314e+00 +/- 1.264e-04		124368	124368	0	1267647	1267647	0	1.290e-01 +/- 3.475e-04		9.8 +/- 0.0	9.8 +/- 0.0
-------------------------------------------------------------------------------------------------------------------------------------------------------------------------- 
Total		6.205e+00 +/- 2.967e-04		506334	506334	0	5965696	5965696	0	5.267e-01 +/- 7.085e-04		8.5 +/- 0.0	8.5 +/- 0.0
--------------------------------------------------------------------------------------------------------------------------------------------------------------------------
Before matching: total cross section = 6.205e+00 +- 2.967e-04 pb
After matching: total cross section = 5.267e-01 +- 7.085e-04 pb
Matching efficiency = 0.1 +/- 0.0   [TO BE USED IN MCM]
Filter efficiency (taking into account weights)= (3.14264e+06) / (3.14264e+06) = 1.000e+00 +- 0.000e+00
Filter efficiency (event-level)= (506334) / (506334) = 1.000e+00 +- 0.000e+00    [TO BE USED IN MCM]

After filter: final cross section = 5.267e-01 +- 7.085e-04 pb
After filter: final fraction of events with negative weights = 0.000e+00 +- 0.000e+00
After filter: final equivalent lumi for 1M events (1/fb) = 1.899e+03 +- 3.183e+00
