01-Feb-2025 18:41:05 CST  Closed file root://cmsxrootd.fnal.gov//store/mc/Run3Summer22MiniAODv4/WtoLNu-4Jets_MLNu-120_HT-100to400_TuneCP5_13p6TeV_madgraphMLM-pythia8/MINIAODSIM/130X_mcRun3_2022_realistic_v5-v2/40000/30d82b71-b621-448b-aebb-b46f400c1a6a.root

------------------------------------
GenXsecAnalyzer:
------------------------------------
-------------------------------------------------------------------------------------------------------------------------------------------------------------------------- 
Overall cross-section summary 
--------------------------------------------------------------------------------------------------------------------------------------------------------------------------
Process		xsec_before [pb]		passed	nposw	nnegw	tried	nposw	nnegw 	xsec_match [pb]			accepted [%]	 event_eff [%]
0		3.488e+00 +/- 1.024e-03		92769	92769	0	334394	334394	0	9.676e-01 +/- 2.715e-03		27.7 +/- 0.1	27.7 +/- 0.1
1		2.256e+00 +/- 7.265e-04		61542	61542	0	217166	217166	0	6.395e-01 +/- 2.192e-03		28.3 +/- 0.1	28.3 +/- 0.1
2		1.300e+01 +/- 1.555e-03		220740	220740	0	1242099	1242099	0	2.310e+00 +/- 4.466e-03		17.8 +/- 0.0	17.8 +/- 0.0
3		8.492e+00 +/- 1.330e-03		151372	151372	0	819855	819855	0	1.568e+00 +/- 3.647e-03		18.5 +/- 0.0	18.5 +/- 0.0
4		2.043e+01 +/- 1.705e-03		173609	173609	0	2027016	2027016	0	1.750e+00 +/- 4.019e-03		8.6 +/- 0.0	8.6 +/- 0.0
5		1.329e+01 +/- 1.334e-03		118359	118359	0	1325283	1325283	0	1.187e+00 +/- 3.296e-03		8.9 +/- 0.0	8.9 +/- 0.0
6		1.911e+01 +/- 1.476e-03		109490	109490	0	1888447	1888447	0	1.108e+00 +/- 3.251e-03		5.8 +/- 0.0	5.8 +/- 0.0
7		1.224e+01 +/- 1.149e-03		72427	72427	0	1204698	1204698	0	7.358e-01 +/- 2.652e-03		6.0 +/- 0.0	6.0 +/- 0.0
-------------------------------------------------------------------------------------------------------------------------------------------------------------------------- 
Total		9.231e+01 +/- 3.734e-03		1000308	1000308	0	9058958	9058958	0	1.019e+01 +/- 9.621e-03		11.0 +/- 0.0	11.0 +/- 0.0
--------------------------------------------------------------------------------------------------------------------------------------------------------------------------
Before matching: total cross section = 9.231e+01 +- 3.734e-03 pb
After matching: total cross section = 1.019e+01 +- 9.621e-03 pb
Matching efficiency = 0.1 +/- 0.0   [TO BE USED IN MCM]
Filter efficiency (taking into account weights)= (9.23767e+07) / (9.23767e+07) = 1.000e+00 +- 0.000e+00
Filter efficiency (event-level)= (1.00031e+06) / (1.00031e+06) = 1.000e+00 +- 0.000e+00    [TO BE USED IN MCM]

After filter: final cross section = 1.019e+01 +- 9.621e-03 pb
After filter: final fraction of events with negative weights = 0.000e+00 +- 0.000e+00
After filter: final equivalent lumi for 1M events (1/fb) = 9.810e+01 +- 1.349e-01
