 

------------------------------------
GenXsecAnalyzer:
------------------------------------
-------------------------------------------------------------------------------------------------------------------------------------------------------------------------- 
Overall cross-section summary 
--------------------------------------------------------------------------------------------------------------------------------------------------------------------------
Process		xsec_before [pb]		passed	nposw	nnegw	tried	nposw	nnegw 	xsec_match [pb]			accepted [%]	 event_eff [%]
0		2.785e-05 +/- 2.115e-08		129	129	0	2993	2993	0	1.200e-06 +/- 1.033e-07		4.3 +/- 0.4	4.3 +/- 0.4
1		1.462e-05 +/- 2.367e-08		38	38	0	860	860	0	6.469e-07 +/- 1.026e-07		4.4 +/- 0.7	4.4 +/- 0.7
2		1.757e-03 +/- 4.766e-07		7837	7837	0	161224	161224	0	8.541e-05 +/- 9.413e-07		4.9 +/- 0.1	4.9 +/- 0.1
3		7.585e-04 +/- 2.456e-07		3679	3679	0	69223	69223	0	4.031e-05 +/- 6.468e-07		5.3 +/- 0.1	5.3 +/- 0.1
4		9.699e-03 +/- 1.122e-06		23546	23546	0	912665	912665	0	2.502e-04 +/- 1.610e-06		2.6 +/- 0.0	2.6 +/- 0.0
5		4.238e-03 +/- 6.940e-07		11677	11677	0	405733	405733	0	1.220e-04 +/- 1.113e-06		2.9 +/- 0.0	2.9 +/- 0.0
6		2.981e-02 +/- 2.166e-06		304753	304753	0	2884462	2884462	0	3.149e-03 +/- 5.400e-06		10.6 +/- 0.0	10.6 +/- 0.0
7		1.288e-02 +/- 1.262e-06		134511	134511	0	1241262	1241262	0	1.395e-03 +/- 3.595e-06		10.8 +/- 0.0	10.8 +/- 0.0
-------------------------------------------------------------------------------------------------------------------------------------------------------------------------- 
Total		5.918e-02 +/- 2.884e-06		486170	486170	0	5678422	5678422	0	5.067e-03 +/- 6.953e-06		8.6 +/- 0.0	8.6 +/- 0.0
--------------------------------------------------------------------------------------------------------------------------------------------------------------------------
Before matching: total cross section = 5.918e-02 +- 2.884e-06 pb
After matching: total cross section = 5.067e-03 +- 6.953e-06 pb
Matching efficiency = 0.1 +/- 0.0   [TO BE USED IN MCM]
Filter efficiency (taking into account weights)= (28779.4) / (28779.4) = 1.000e+00 +- 0.000e+00
Filter efficiency (event-level)= (486170) / (486170) = 1.000e+00 +- 0.000e+00    [TO BE USED IN MCM]

After filter: final cross section = 5.067e-03 +- 6.953e-06 pb
After filter: final fraction of events with negative weights = 0.000e+00 +- 0.000e+00
After filter: final equivalent lumi for 1M events (1/fb) = 1.974e+05 +- 3.351e+02
