01-Feb-2025 19:53:06 CST  Closed file root://cmsxrootd.fnal.gov//store/mc/Run3Summer22MiniAODv4/ZZZ_TuneCP5_13p6TeV_amcatnlo-pythia8/MINIAODSIM/130X_mcRun3_2022_realistic_v5-v2/50000/26ef329a-78c3-4194-afd5-f98daec0c255.root

------------------------------------
GenXsecAnalyzer:
------------------------------------
-------------------------------------------------------------------------------------------------------------------------------------------------------------------------- 
Overall cross-section summary 
--------------------------------------------------------------------------------------------------------------------------------------------------------------------------
Process		xsec_before [pb]		passed	nposw	nnegw	tried	nposw	nnegw 	xsec_match [pb]			accepted [%]	 event_eff [%]
0		1.591e-02 +/- 7.828e-06		1000428	944882	55546	1000428	944882	55546	1.591e-02 +/- 7.828e-06		100.0 +/- 0.0	100.0 +/- 0.0
-------------------------------------------------------------------------------------------------------------------------------------------------------------------------- 
Total		1.591e-02 +/- 7.828e-06		1000428	944882	55546	1000428	944882	55546	1.591e-02 +/- 7.828e-06		100.0 +/- 0.0	100.0 +/- 0.0
--------------------------------------------------------------------------------------------------------------------------------------------------------------------------
Before matching: total cross section = 1.591e-02 +- 7.828e-06 pb
After matching: total cross section = 1.591e-02 +- 7.828e-06 pb
Matching efficiency = 1.0 +/- 0.0   [TO BE USED IN MCM]
Filter efficiency (taking into account weights)= (15939.3) / (15939.3) = 1.000e+00 +- 0.000e+00
Filter efficiency (event-level)= (1.00043e+06) / (1.00043e+06) = 1.000e+00 +- 0.000e+00    [TO BE USED IN MCM]

After filter: final cross section = 1.591e-02 +- 7.828e-06 pb
After filter: final fraction of events with negative weights = 5.552e-02 +- 3.100e-06
After filter: final equivalent lumi for 1M events (1/fb) = 4.968e+04 +- 4.922e+01
