18-Jan-2025 19:15:15 CST  Successfully opened file root://cmsxrootd.fnal.gov//store/mc/Run3Summer22EEMiniAODv4/DYto2L-4Jets_MLL-120_HT-1500to2500_TuneCP5_13p6TeV_madgraphMLM-pythia8/MINIAODSIM/130X_mcRun3_2022_realistic_postEE_v6-v5/2820000/4dd8f1d9-c450-4068-9228-5c2e96fbe490.root
      0.000013      0.000000      0.020021             0
      0.000832      0.000012      0.020021             1
      0.004694      0.000029      0.020021             2
      0.014482      0.000058      0.020021             3
 
18-Jan-2025 19:15:21 CST  Closed file root://cmsxrootd.fnal.gov//store/mc/Run3Summer22EEMiniAODv4/DYto2L-4Jets_MLL-120_HT-1500to2500_TuneCP5_13p6TeV_madgraphMLM-pythia8/MINIAODSIM/130X_mcRun3_2022_realistic_postEE_v6-v5/2820000/4dd8f1d9-c450-4068-9228-5c2e96fbe490.root

------------------------------------
GenXsecAnalyzer:
------------------------------------
-------------------------------------------------------------------------------------------------------------------------------------------------------------------------- 
Overall cross-section summary 
--------------------------------------------------------------------------------------------------------------------------------------------------------------------------
Process		xsec_before [pb]		passed	nposw	nnegw	tried	nposw	nnegw 	xsec_match [pb]			accepted [%]	 event_eff [%]
0		1.318e-05 +/- 5.056e-09		386	386	0	8565	8565	0	5.938e-07 +/- 2.953e-08		4.5 +/- 0.2	4.5 +/- 0.2
1		8.401e-04 +/- 1.206e-07		23055	23055	0	477946	477946	0	4.052e-05 +/- 2.604e-07		4.8 +/- 0.0	4.8 +/- 0.0
2		4.690e-03 +/- 2.980e-07		71254	71254	0	2753203	2753203	0	1.214e-04 +/- 4.489e-07		2.6 +/- 0.0	2.6 +/- 0.0
3		1.441e-02 +/- 5.739e-07		905603	905603	0	8614700	8614700	0	1.515e-03 +/- 1.507e-06		10.5 +/- 0.0	10.5 +/- 0.0
-------------------------------------------------------------------------------------------------------------------------------------------------------------------------- 
Total		1.996e-02 +/- 6.578e-07		1000298	1000298	0	11854414	11854414	0	1.684e-03 +/- 1.612e-06		8.4 +/- 0.0	8.4 +/- 0.0
--------------------------------------------------------------------------------------------------------------------------------------------------------------------------
Before matching: total cross section = 1.996e-02 +- 6.578e-07 pb
After matching: total cross section = 1.684e-03 +- 1.612e-06 pb
Matching efficiency = 0.1 +/- 0.0   [TO BE USED IN MCM]
Filter efficiency (taking into account weights)= (19968.8) / (19968.8) = 1.000e+00 +- 0.000e+00
Filter efficiency (event-level)= (1.0003e+06) / (1.0003e+06) = 1.000e+00 +- 0.000e+00    [TO BE USED IN MCM]

After filter: final cross section = 1.684e-03 +- 1.612e-06 pb
After filter: final fraction of events with negative weights = 0.000e+00 +- 0.000e+00
After filter: final equivalent lumi for 1M events (1/fb) = 5.938e+05 +- 8.220e+02
