18-Jan-2025 18:29:50 CST  Successfully opened file root://cmsxrootd.fnal.gov//store/mc/Run3Summer22EEMiniAODv4/DYto2L-4Jets_MLL-120_HT-100to400_TuneCP5_13p6TeV_madgraphMLM-pythia8/MINIAODSIM/130X_mcRun3_2022_realistic_postEE_v6-v2/2810000/386c6391-2faf-4465-9ee6-61fb6893dfeb.root
      1.891728      0.030642     30.911390             0
      7.188185      0.055656     30.911390             1
     11.252810      0.056861     30.911390             2
     10.578670      0.045802     30.911390             3
 
18-Jan-2025 18:29:55 CST  Closed file root://cmsxrootd.fnal.gov//store/mc/Run3Summer22EEMiniAODv4/DYto2L-4Jets_MLL-120_HT-100to400_TuneCP5_13p6TeV_madgraphMLM-pythia8/MINIAODSIM/130X_mcRun3_2022_realistic_postEE_v6-v2/2810000/386c6391-2faf-4465-9ee6-61fb6893dfeb.root

------------------------------------
GenXsecAnalyzer:
------------------------------------
-------------------------------------------------------------------------------------------------------------------------------------------------------------------------- 
Overall cross-section summary 
--------------------------------------------------------------------------------------------------------------------------------------------------------------------------
Process		xsec_before [pb]		passed	nposw	nnegw	tried	nposw	nnegw 	xsec_match [pb]			accepted [%]	 event_eff [%]
0		1.921e+00 +/- 3.862e-04		154999	154999	0	560629	560629	0	5.311e-01 +/- 1.152e-03		27.6 +/- 0.1	27.6 +/- 0.1
1		7.177e+00 +/- 6.647e-04		371528	371528	0	2098591	2098591	0	1.271e+00 +/- 1.895e-03		17.7 +/- 0.0	17.7 +/- 0.0
2		1.131e+01 +/- 6.866e-04		290951	290951	0	3412334	3412334	0	9.640e-01 +/- 1.710e-03		8.5 +/- 0.0	8.5 +/- 0.0
3		1.052e+01 +/- 5.940e-04		182571	182571	0	3153214	3153214	0	6.091e-01 +/- 1.384e-03		5.8 +/- 0.0	5.8 +/- 0.0
-------------------------------------------------------------------------------------------------------------------------------------------------------------------------- 
Total		3.092e+01 +/- 1.190e-03		1000049	1000049	0	9224768	9224768	0	3.352e+00 +/- 3.168e-03		10.8 +/- 0.0	10.8 +/- 0.0
--------------------------------------------------------------------------------------------------------------------------------------------------------------------------
Before matching: total cross section = 3.092e+01 +- 1.190e-03 pb
After matching: total cross section = 3.352e+00 +- 3.168e-03 pb
Matching efficiency = 0.1 +/- 0.0   [TO BE USED IN MCM]
Filter efficiency (taking into account weights)= (3.09313e+07) / (3.09313e+07) = 1.000e+00 +- 0.000e+00
Filter efficiency (event-level)= (1.00005e+06) / (1.00005e+06) = 1.000e+00 +- 0.000e+00    [TO BE USED IN MCM]

After filter: final cross section = 3.352e+00 +- 3.168e-03 pb
After filter: final fraction of events with negative weights = 0.000e+00 +- 0.000e+00
After filter: final equivalent lumi for 1M events (1/fb) = 2.983e+02 +- 4.104e-01
