18-Jan-2025 22:05:02 CST  Successfully opened file root://cmsxrootd.fnal.gov//store/mc/Run3Summer22EEMiniAODv4/DYto2L-4Jets_MLL-50to120_HT-1500to2500_TuneCP5_13p6TeV_madgraphMLM-pythia8/MINIAODSIM/130X_mcRun3_2022_realistic_postEE_v6-v2/2560000/125c251a-38a0-4490-9929-fd90944a7256.root
      0.000121      0.000005      0.578412             0
      0.023353      0.000394      0.578412             1
      0.133056      0.000963      0.578412             2
      0.421882      0.001862      0.578412             3
 
18-Jan-2025 22:05:06 CST  Closed file root://cmsxrootd.fnal.gov//store/mc/Run3Summer22EEMiniAODv4/DYto2L-4Jets_MLL-50to120_HT-1500to2500_TuneCP5_13p6TeV_madgraphMLM-pythia8/MINIAODSIM/130X_mcRun3_2022_realistic_postEE_v6-v2/2560000/125c251a-38a0-4490-9929-fd90944a7256.root

------------------------------------
GenXsecAnalyzer:
------------------------------------
-------------------------------------------------------------------------------------------------------------------------------------------------------------------------- 
Overall cross-section summary 
--------------------------------------------------------------------------------------------------------------------------------------------------------------------------
Process		xsec_before [pb]		passed	nposw	nnegw	tried	nposw	nnegw 	xsec_match [pb]			accepted [%]	 event_eff [%]
0		1.600e-04 +/- 1.314e-07		115	115	0	2231	2231	0	8.251e-06 +/- 7.494e-07		5.2 +/- 0.5	5.2 +/- 0.5
1		2.318e-02 +/- 3.814e-06		21936	21936	0	441832	441832	0	1.151e-03 +/- 7.577e-06		5.0 +/- 0.0	5.0 +/- 0.0
2		1.335e-01 +/- 9.571e-06		67779	67779	0	2590911	2590911	0	3.491e-03 +/- 1.324e-05		2.6 +/- 0.0	2.6 +/- 0.0
3		4.179e-01 +/- 1.828e-05		910324	910324	0	8324742	8324742	0	4.569e-02 +/- 4.524e-05		10.9 +/- 0.0	10.9 +/- 0.0
-------------------------------------------------------------------------------------------------------------------------------------------------------------------------- 
Total		5.747e-01 +/- 2.099e-05		1000154	1000154	0	11359716	11359716	0	5.060e-02 +/- 4.835e-05		8.8 +/- 0.0	8.8 +/- 0.0
--------------------------------------------------------------------------------------------------------------------------------------------------------------------------
Before matching: total cross section = 5.747e-01 +- 2.099e-05 pb
After matching: total cross section = 5.060e-02 +- 4.835e-05 pb
Matching efficiency = 0.1 +/- 0.0   [TO BE USED IN MCM]
Filter efficiency (taking into account weights)= (574798) / (574798) = 1.000e+00 +- 0.000e+00
Filter efficiency (event-level)= (1.00015e+06) / (1.00015e+06) = 1.000e+00 +- 0.000e+00    [TO BE USED IN MCM]

After filter: final cross section = 5.060e-02 +- 4.835e-05 pb
After filter: final fraction of events with negative weights = 0.000e+00 +- 0.000e+00
After filter: final equivalent lumi for 1M events (1/fb) = 1.976e+04 +- 2.734e+01
