01-Feb-2025 19:03:57 CST  Closed file root://cmsxrootd.fnal.gov//store/mc/Run3Summer22EEMiniAODv4/DYto2L-4Jets_MLL-50to120_HT-100to400_TuneCP5_13p6TeV_madgraphMLM-pythia8/MINIAODSIM/130X_mcRun3_2022_realistic_postEE_v6-v1/2550000/62730a71-f557-4443-b58c-97343a2a0bb1.root

------------------------------------
GenXsecAnalyzer:
------------------------------------
-------------------------------------------------------------------------------------------------------------------------------------------------------------------------- 
Overall cross-section summary 
--------------------------------------------------------------------------------------------------------------------------------------------------------------------------
Process		xsec_before [pb]		passed	nposw	nnegw	tried	nposw	nnegw 	xsec_match [pb]			accepted [%]	 event_eff [%]
0		6.054e+01 +/- 8.430e-03		139467	139467	0	458492	458492	0	1.841e+01 +/- 4.121e-02		30.4 +/- 0.1	30.4 +/- 0.1
1		3.112e+02 +/- 2.517e-02		504478	504478	0	2332134	2332134	0	6.732e+01 +/- 8.408e-02		21.6 +/- 0.0	21.6 +/- 0.0
2		5.649e+02 +/- 2.789e-02		453113	453113	0	4398019	4398019	0	5.820e+01 +/- 8.193e-02		10.3 +/- 0.0	10.3 +/- 0.0
3		5.652e+02 +/- 2.358e-02		289559	289559	0	4399768	4399768	0	3.720e+01 +/- 6.683e-02		6.6 +/- 0.0	6.6 +/- 0.0
-------------------------------------------------------------------------------------------------------------------------------------------------------------------------- 
Total		1.502e+03 +/- 4.515e-02		1386617	1386617	0	11588413	11588413	0	1.797e+02 +/- 1.433e-01		12.0 +/- 0.0	12.0 +/- 0.0
--------------------------------------------------------------------------------------------------------------------------------------------------------------------------
Before matching: total cross section = 1.502e+03 +- 4.515e-02 pb
After matching: total cross section = 1.797e+02 +- 1.433e-01 pb
Matching efficiency = 0.1 +/- 0.0   [TO BE USED IN MCM]
Filter efficiency (taking into account weights)= (1.50313e+09) / (1.50313e+09) = 1.000e+00 +- 0.000e+00
Filter efficiency (event-level)= (1.00085e+06) / (1.00085e+06) = 1.000e+00 +- 0.000e+00    [TO BE USED IN MCM]

After filter: final cross section = 1.797e+02 +- 1.433e-01 pb
After filter: final fraction of events with negative weights = 0.000e+00 +- 0.000e+00
After filter: final equivalent lumi for 1M events (1/fb) = 5.565e+00 +- 7.117e-03
