18-Jan-2025 21:19:00 CST  Successfully opened file root://cmsxrootd.fnal.gov//store/mc/Run3Summer22EEMiniAODv4/DYto2L-4Jets_MLL-50to120_HT-100to400_TuneCP5_13p6TeV_madgraphMLM-pythia8/MINIAODSIM/130X_mcRun3_2022_realistic_postEE_v6-v1/2550000/a9914e9f-f314-42ba-9a16-dd9226d93412.root
    562.345000      1.295930   1503.695000             3
    565.119000      1.487560   1503.695000             2
    310.442000      1.336130   1503.695000             1
     60.751600      0.437984   1503.695000             0
 
18-Jan-2025 21:19:03 CST  Closed file root://cmsxrootd.fnal.gov//store/mc/Run3Summer22EEMiniAODv4/DYto2L-4Jets_MLL-50to120_HT-100to400_TuneCP5_13p6TeV_madgraphMLM-pythia8/MINIAODSIM/130X_mcRun3_2022_realistic_postEE_v6-v1/2550000/a9914e9f-f314-42ba-9a16-dd9226d93412.root

------------------------------------
GenXsecAnalyzer:
------------------------------------
-------------------------------------------------------------------------------------------------------------------------------------------------------------------------- 
Overall cross-section summary 
--------------------------------------------------------------------------------------------------------------------------------------------------------------------------
Process		xsec_before [pb]		passed	nposw	nnegw	tried	nposw	nnegw 	xsec_match [pb]			accepted [%]	 event_eff [%]
0		6.052e+01 +/- 8.472e-03		139501	139501	0	459121	459121	0	1.839e+01 +/- 4.116e-02		30.4 +/- 0.1	30.4 +/- 0.1
1		3.112e+02 +/- 2.532e-02		506213	506213	0	2339482	2339482	0	6.734e+01 +/- 8.396e-02		21.6 +/- 0.0	21.6 +/- 0.0
2		5.648e+02 +/- 2.799e-02		455258	455258	0	4415739	4415739	0	5.824e+01 +/- 8.179e-02		10.3 +/- 0.0	10.3 +/- 0.0
3		5.652e+02 +/- 2.371e-02		290331	290331	0	4417381	4417381	0	3.715e+01 +/- 6.665e-02		6.6 +/- 0.0	6.6 +/- 0.0
-------------------------------------------------------------------------------------------------------------------------------------------------------------------------- 
Total		1.502e+03 +/- 4.537e-02		1391303	1391303	0	11631723	11631723	0	1.796e+02 +/- 1.430e-01		12.0 +/- 0.0	12.0 +/- 0.0
--------------------------------------------------------------------------------------------------------------------------------------------------------------------------
Before matching: total cross section = 1.502e+03 +- 4.537e-02 pb
After matching: total cross section = 1.796e+02 +- 1.430e-01 pb
Matching efficiency = 0.1 +/- 0.0   [TO BE USED IN MCM]
Filter efficiency (taking into account weights)= (1.50303e+09) / (1.50303e+09) = 1.000e+00 +- 0.000e+00
Filter efficiency (event-level)= (1.0008e+06) / (1.0008e+06) = 1.000e+00 +- 0.000e+00    [TO BE USED IN MCM]

After filter: final cross section = 1.796e+02 +- 1.430e-01 pb
After filter: final fraction of events with negative weights = 0.000e+00 +- 0.000e+00
After filter: final equivalent lumi for 1M events (1/fb) = 5.567e+00 +- 7.116e-03
