18-Jan-2025 21:05:23 CST  Successfully opened file root://cmsxrootd.fnal.gov//store/mc/Run3Summer22EEMiniAODv4/DYto2L-4Jets_MLL-50to120_HT-70to100_TuneCP5_13p6TeV_madgraphMLM-pythia8/MINIAODSIM/130X_mcRun3_2022_realistic_postEE_v6-v3/50000/10094129-bb57-4e1c-98a2-4288dd955f6d.root
     97.880430      1.648073    881.378400             0
    320.647300      2.701535    881.378400             1
    325.589500      2.077434    881.378400             2
    137.261000      0.872379    881.378400             3
 
18-Jan-2025 21:05:26 CST  Closed file root://cmsxrootd.fnal.gov//store/mc/Run3Summer22EEMiniAODv4/DYto2L-4Jets_MLL-50to120_HT-70to100_TuneCP5_13p6TeV_madgraphMLM-pythia8/MINIAODSIM/130X_mcRun3_2022_realistic_postEE_v6-v3/50000/10094129-bb57-4e1c-98a2-4288dd955f6d.root

------------------------------------
GenXsecAnalyzer:
------------------------------------
-------------------------------------------------------------------------------------------------------------------------------------------------------------------------- 
Overall cross-section summary 
--------------------------------------------------------------------------------------------------------------------------------------------------------------------------
Process		xsec_before [pb]		passed	nposw	nnegw	tried	nposw	nnegw 	xsec_match [pb]			accepted [%]	 event_eff [%]
0		9.874e+01 +/- 2.104e-02		277111	277111	0	707496	707496	0	3.867e+01 +/- 5.789e-02		39.2 +/- 0.1	39.2 +/- 0.1
1		3.186e+02 +/- 3.376e-02		539651	539651	0	2257170	2257170	0	7.617e+01 +/- 9.081e-02		23.9 +/- 0.0	23.9 +/- 0.0
2		3.274e+02 +/- 2.544e-02		170718	170718	0	2332500	2332500	0	2.397e+01 +/- 5.587e-02		7.3 +/- 0.0	7.3 +/- 0.0
3		1.385e+02 +/- 1.129e-02		12811	12811	0	987284	987284	0	1.798e+00 +/- 1.578e-02		1.3 +/- 0.0	1.3 +/- 0.0
-------------------------------------------------------------------------------------------------------------------------------------------------------------------------- 
Total		8.833e+02 +/- 4.855e-02		1000291	1000291	0	6284450	6284450	0	1.406e+02 +/- 1.291e-01		15.9 +/- 0.0	15.9 +/- 0.0
--------------------------------------------------------------------------------------------------------------------------------------------------------------------------
Before matching: total cross section = 8.833e+02 +- 4.855e-02 pb
After matching: total cross section = 1.406e+02 +- 1.291e-01 pb
Matching efficiency = 0.2 +/- 0.0   [TO BE USED IN MCM]
Filter efficiency (taking into account weights)= (8.83787e+08) / (8.83787e+08) = 1.000e+00 +- 0.000e+00
Filter efficiency (event-level)= (1.00029e+06) / (1.00029e+06) = 1.000e+00 +- 0.000e+00    [TO BE USED IN MCM]

After filter: final cross section = 1.406e+02 +- 1.291e-01 pb
After filter: final fraction of events with negative weights = 0.000e+00 +- 0.000e+00
After filter: final equivalent lumi for 1M events (1/fb) = 7.113e+00 +- 9.658e-03
