18-Jan-2025 16:22:12 CST  Successfully opened file root://cmsxrootd.fnal.gov//store/mc/Run3Summer22EEMiniAODv4/DYto2L-4Jets_MLL-120_HT-40to70_TuneCP5_13p6TeV_madgraphMLM-pythia8/MINIAODSIM/130X_mcRun3_2022_realistic_postEE_v6-v3/2810000/6ac17e3d-ee9f-46c0-9bd9-a4bcda635147.root
      6.325333      0.080066     23.326300             0
     11.266960      0.074599     23.326300             1
      5.115311      0.036095     23.326300             2
      0.618695      0.007333     23.326300             3
 
18-Jan-2025 16:22:19 CST  Closed file root://cmsxrootd.fnal.gov//store/mc/Run3Summer22EEMiniAODv4/DYto2L-4Jets_MLL-120_HT-40to70_TuneCP5_13p6TeV_madgraphMLM-pythia8/MINIAODSIM/130X_mcRun3_2022_realistic_postEE_v6-v3/2810000/6ac17e3d-ee9f-46c0-9bd9-a4bcda635147.root

------------------------------------
GenXsecAnalyzer:
------------------------------------
-------------------------------------------------------------------------------------------------------------------------------------------------------------------------- 
Overall cross-section summary 
--------------------------------------------------------------------------------------------------------------------------------------------------------------------------
Process		xsec_before [pb]		passed	nposw	nnegw	tried	nposw	nnegw 	xsec_match [pb]			accepted [%]	 event_eff [%]
0		6.280e+00 +/- 1.057e-03		594800	594800	0	1380195	1380195	0	2.707e+00 +/- 2.686e-03		43.1 +/- 0.0	43.1 +/- 0.0
1		1.130e+01 +/- 9.972e-04		382766	382766	0	2464376	2464376	0	1.755e+00 +/- 2.612e-03		15.5 +/- 0.0	15.5 +/- 0.0
2		5.044e+00 +/- 4.625e-04		22357	22357	0	1106616	1106616	0	1.019e-01 +/- 6.747e-04		2.0 +/- 0.0	2.0 +/- 0.0
3		5.347e-01 +/- 9.748e-05		228	228	0	118213	118213	0	1.032e-03 +/- 6.825e-05		0.2 +/- 0.0	0.2 +/- 0.0
-------------------------------------------------------------------------------------------------------------------------------------------------------------------------- 
Total		2.316e+01 +/- 1.528e-03		1000151	1000151	0	5069400	5069400	0	4.569e+00 +/- 4.105e-03		19.7 +/- 0.0	19.7 +/- 0.0
--------------------------------------------------------------------------------------------------------------------------------------------------------------------------
Before matching: total cross section = 2.316e+01 +- 1.528e-03 pb
After matching: total cross section = 4.569e+00 +- 4.105e-03 pb
Matching efficiency = 0.2 +/- 0.0   [TO BE USED IN MCM]
Filter efficiency (taking into account weights)= (2.31753e+07) / (2.31753e+07) = 1.000e+00 +- 0.000e+00
Filter efficiency (event-level)= (1.00015e+06) / (1.00015e+06) = 1.000e+00 +- 0.000e+00    [TO BE USED IN MCM]

After filter: final cross section = 4.569e+00 +- 4.105e-03 pb
After filter: final fraction of events with negative weights = 0.000e+00 +- 0.000e+00
After filter: final equivalent lumi for 1M events (1/fb) = 2.188e+02 +- 2.942e-01

