18-Jan-2025 19:02:03 CST  Successfully opened file root://cmsxrootd.fnal.gov//store/mc/Run3Summer22EEMiniAODv4/DYto2L-4Jets_MLL-120_HT-800to1500_TuneCP5_13p6TeV_madgraphMLM-pythia8/MINIAODSIM/130X_mcRun3_2022_realistic_postEE_v6-v3/2810000/852ebfe4-ef51-4874-9663-d0dd6f2d2b74.root
      0.000865      0.000013      0.252326             0
      0.015091      0.000196      0.252326             1
      0.066318      0.000383      0.252326             2
      0.170052      0.000630      0.252326             3
 
18-Jan-2025 19:02:06 CST  Closed file root://cmsxrootd.fnal.gov//store/mc/Run3Summer22EEMiniAODv4/DYto2L-4Jets_MLL-120_HT-800to1500_TuneCP5_13p6TeV_madgraphMLM-pythia8/MINIAODSIM/130X_mcRun3_2022_realistic_postEE_v6-v3/2810000/852ebfe4-ef51-4874-9663-d0dd6f2d2b74.root

------------------------------------
GenXsecAnalyzer:
------------------------------------
-------------------------------------------------------------------------------------------------------------------------------------------------------------------------- 
Overall cross-section summary 
--------------------------------------------------------------------------------------------------------------------------------------------------------------------------
Process		xsec_before [pb]		passed	nposw	nnegw	tried	nposw	nnegw 	xsec_match [pb]			accepted [%]	 event_eff [%]
0		8.629e-04 +/- 1.547e-07		2836	2836	0	39485	39485	0	6.199e-05 +/- 1.121e-06		7.2 +/- 0.1	7.2 +/- 0.1
1		1.502e-02 +/- 2.048e-06		43147	43147	0	684266	684266	0	9.470e-04 +/- 4.415e-06		6.3 +/- 0.0	6.3 +/- 0.0
2		6.689e-02 +/- 4.095e-06		116301	116301	0	3182491	3182491	0	2.444e-03 +/- 7.037e-06		3.7 +/- 0.0	3.7 +/- 0.0
3		1.720e-01 +/- 6.900e-06		837873	837873	0	8315968	8315968	0	1.733e-02 +/- 1.797e-05		10.1 +/- 0.0	10.1 +/- 0.0
-------------------------------------------------------------------------------------------------------------------------------------------------------------------------- 
Total		2.548e-01 +/- 8.282e-06		1000157	1000157	0	12222210	12222210	0	2.085e-02 +/- 1.999e-05		8.2 +/- 0.0	8.2 +/- 0.0
--------------------------------------------------------------------------------------------------------------------------------------------------------------------------
Before matching: total cross section = 2.548e-01 +- 8.282e-06 pb
After matching: total cross section = 2.085e-02 +- 1.999e-05 pb
Matching efficiency = 0.1 +/- 0.0   [TO BE USED IN MCM]
Filter efficiency (taking into account weights)= (254883) / (254883) = 1.000e+00 +- 0.000e+00
Filter efficiency (event-level)= (1.00016e+06) / (1.00016e+06) = 1.000e+00 +- 0.000e+00    [TO BE USED IN MCM]

After filter: final cross section = 2.085e-02 +- 1.999e-05 pb
After filter: final fraction of events with negative weights = 0.000e+00 +- 0.000e+00
After filter: final equivalent lumi for 1M events (1/fb) = 4.796e+04 +- 6.644e+01
