01-Feb-2025 19:34:41 CST  Closed file root://cmsxrootd.fnal.gov//store/mc/Run3Summer22EEMiniAODv4/DYto2L-4Jets_MLL-50to120_HT-800to1500_TuneCP5_13p6TeV_madgraphMLM-pythia8/MINIAODSIM/130X_mcRun3_2022_realistic_postEE_v6-v3/2810000/b3649c05-882f-4ea3-9c0e-275f197f8907.root

------------------------------------
GenXsecAnalyzer:
------------------------------------
-------------------------------------------------------------------------------------------------------------------------------------------------------------------------- 
Overall cross-section summary 
--------------------------------------------------------------------------------------------------------------------------------------------------------------------------
Process		xsec_before [pb]		passed	nposw	nnegw	tried	nposw	nnegw 	xsec_match [pb]			accepted [%]	 event_eff [%]
0		7.688e-03 +/- 2.043e-06		806	806	0	10847	10847	0	5.711e-04 +/- 1.936e-05		7.4 +/- 0.3	7.4 +/- 0.3
1		4.007e-01 +/- 6.684e-05		37024	37024	0	542227	542227	0	2.736e-02 +/- 1.373e-04		6.8 +/- 0.0	6.8 +/- 0.0
2		2.007e+00 +/- 1.399e-04		108724	108724	0	2839785	2839785	0	7.683e-02 +/- 2.286e-04		3.8 +/- 0.0	3.8 +/- 0.0
3		5.467e+00 +/- 2.394e-04		853863	853863	0	7885641	7885641	0	5.919e-01 +/- 6.055e-04		10.8 +/- 0.0	10.8 +/- 0.0
-------------------------------------------------------------------------------------------------------------------------------------------------------------------------- 
Total		7.882e+00 +/- 2.853e-04		1000417	1000417	0	11278500	11278500	0	6.991e-01 +/- 6.678e-04		8.9 +/- 0.0	8.9 +/- 0.0
--------------------------------------------------------------------------------------------------------------------------------------------------------------------------
Before matching: total cross section = 7.882e+00 +- 2.853e-04 pb
After matching: total cross section = 6.991e-01 +- 6.678e-04 pb
Matching efficiency = 0.1 +/- 0.0   [TO BE USED IN MCM]
Filter efficiency (taking into account weights)= (7.88645e+06) / (7.88645e+06) = 1.000e+00 +- 0.000e+00
Filter efficiency (event-level)= (1.00042e+06) / (1.00042e+06) = 1.000e+00 +- 0.000e+00    [TO BE USED IN MCM]

After filter: final cross section = 6.991e-01 +- 6.678e-04 pb
After filter: final fraction of events with negative weights = 0.000e+00 +- 0.000e+00
After filter: final equivalent lumi for 1M events (1/fb) = 1.430e+03 +- 1.978e+00
