01-Feb-2025 16:51:13 CST  Closed file root://cmsxrootd.fnal.gov//store/mc/Run3Summer22EEMiniAODv4/DYto2L-4Jets_MLL-120_HT-70to100_TuneCP5_13p6TeV_madgraphMLM-pythia8/MINIAODSIM/130X_mcRun3_2022_realistic_postEE_v6-v5/2810000/3f6955df-766a-4e59-a4a1-c9f278ad8248.root

------------------------------------
GenXsecAnalyzer:
------------------------------------
-------------------------------------------------------------------------------------------------------------------------------------------------------------------------- 
Overall cross-section summary 
--------------------------------------------------------------------------------------------------------------------------------------------------------------------------
Process		xsec_before [pb]		passed	nposw	nnegw	tried	nposw	nnegw 	xsec_match [pb]			accepted [%]	 event_eff [%]
0		2.153e+00 +/- 4.144e-04		352399	352399	0	974765	974765	0	7.784e-01 +/- 1.058e-03		36.2 +/- 0.0	36.2 +/- 0.0
1		5.498e+00 +/- 4.690e-04		497355	497355	0	2475154	2475154	0	1.105e+00 +/- 1.403e-03		20.1 +/- 0.0	20.1 +/- 0.0
2		4.982e+00 +/- 3.453e-04		140464	140464	0	2261294	2261294	0	3.095e-01 +/- 7.999e-04		6.2 +/- 0.0	6.2 +/- 0.0
3		1.946e+00 +/- 1.617e-04		10166	10166	0	882227	882227	0	2.242e-02 +/- 2.211e-04		1.2 +/- 0.0	1.2 +/- 0.0
-------------------------------------------------------------------------------------------------------------------------------------------------------------------------- 
Total		1.458e+01 +/- 7.328e-04		1000384	1000384	0	6593440	6593440	0	2.212e+00 +/- 2.040e-03		15.2 +/- 0.0	15.2 +/- 0.0
--------------------------------------------------------------------------------------------------------------------------------------------------------------------------
Before matching: total cross section = 1.458e+01 +- 7.328e-04 pb
After matching: total cross section = 2.212e+00 +- 2.040e-03 pb
Matching efficiency = 0.2 +/- 0.0   [TO BE USED IN MCM]
Filter efficiency (taking into account weights)= (1.45883e+07) / (1.45883e+07) = 1.000e+00 +- 0.000e+00
Filter efficiency (event-level)= (1.00038e+06) / (1.00038e+06) = 1.000e+00 +- 0.000e+00    [TO BE USED IN MCM]

After filter: final cross section = 2.212e+00 +- 2.040e-03 pb
After filter: final fraction of events with negative weights = 0.000e+00 +- 0.000e+00
After filter: final equivalent lumi for 1M events (1/fb) = 4.521e+02 +- 6.150e-01
