18-Jan-2025 21:23:02 CST  Successfully opened file root://cmsxrootd.fnal.gov//store/mc/Run3Summer22EEMiniAODv4/DYto2L-4Jets_MLL-50to120_HT-400to800_TuneCP5_13p6TeV_madgraphMLM-pythia8/MINIAODSIM/130X_mcRun3_2022_realistic_postEE_v6-v2/80000/7c7e1428-e9ac-4c1c-bd0f-ab72aa52bef7.root
      0.279525      0.007146     71.439260             0
      5.386126      0.088070     71.439260             1
     20.994040      0.131381     71.439260             2
     44.779560      0.198883     71.439260             3
 
18-Jan-2025 21:23:02 CST  Closed file root://cmsxrootd.fnal.gov//store/mc/Run3Summer22EEMiniAODv4/DYto2L-4Jets_MLL-50to120_HT-400to800_TuneCP5_13p6TeV_madgraphMLM-pythia8/MINIAODSIM/130X_mcRun3_2022_realistic_postEE_v6-v2/80000/7c7e1428-e9ac-4c1c-bd0f-ab72aa52bef7.root

------------------------------------
GenXsecAnalyzer:
------------------------------------
-------------------------------------------------------------------------------------------------------------------------------------------------------------------------- 
Overall cross-section summary 
--------------------------------------------------------------------------------------------------------------------------------------------------------------------------
Process		xsec_before [pb]		passed	nposw	nnegw	tried	nposw	nnegw 	xsec_match [pb]			accepted [%]	 event_eff [%]
0		2.918e-01 +/- 5.688e-05		5100	5100	0	41628	41628	0	3.575e-02 +/- 4.690e-04		12.3 +/- 0.2	12.3 +/- 0.2
1		5.395e+00 +/- 8.400e-04		81782	81782	0	760692	760692	0	5.800e-01 +/- 1.918e-03		10.8 +/- 0.0	10.8 +/- 0.0
2		2.102e+01 +/- 1.381e-03		194650	194650	0	3128171	3128171	0	1.308e+00 +/- 2.872e-03		6.2 +/- 0.0	6.2 +/- 0.0
3		4.497e+01 +/- 2.015e-03		718678	718678	0	6730952	6730952	0	4.802e+00 +/- 5.358e-03		10.7 +/- 0.0	10.7 +/- 0.0
-------------------------------------------------------------------------------------------------------------------------------------------------------------------------- 
Total		7.168e+01 +/- 2.584e-03		1000210	1000210	0	10661443	10661443	0	6.725e+00 +/- 6.406e-03		9.4 +/- 0.0	9.4 +/- 0.0
--------------------------------------------------------------------------------------------------------------------------------------------------------------------------
Before matching: total cross section = 7.168e+01 +- 2.584e-03 pb
After matching: total cross section = 6.725e+00 +- 6.406e-03 pb
Matching efficiency = 0.1 +/- 0.0   [TO BE USED IN MCM]
Filter efficiency (taking into account weights)= (7.17099e+07) / (7.17099e+07) = 1.000e+00 +- 0.000e+00
Filter efficiency (event-level)= (1.00021e+06) / (1.00021e+06) = 1.000e+00 +- 0.000e+00    [TO BE USED IN MCM]

After filter: final cross section = 6.725e+00 +- 6.406e-03 pb
After filter: final fraction of events with negative weights = 0.000e+00 +- 0.000e+00
After filter: final equivalent lumi for 1M events (1/fb) = 1.487e+02 +- 2.054e-01
