01-Feb-2025 19:48:30 CST  Closed file root://cmsxrootd.fnal.gov//store/mc/Run3Summer22EEMiniAODv4/TTLNu-1Jets_TuneCP5_13p6TeV_amcatnloFXFX-pythia8/MINIAODSIM/130X_mcRun3_2022_realistic_postEE_v6-v4/50000/2c55f785-b13e-46ab-b07e-f7b22e685332.root

------------------------------------
GenXsecAnalyzer:
------------------------------------
-------------------------------------------------------------------------------------------------------------------------------------------------------------------------- 
Overall cross-section summary 
--------------------------------------------------------------------------------------------------------------------------------------------------------------------------
Process		xsec_before [pb]		passed	nposw	nnegw	tried	nposw	nnegw 	xsec_match [pb]			accepted [%]	 event_eff [%]
0		1.424e-01 +/- 1.234e-04		82983	71138	11845	146605	122160	24445	8.641e-02 +/- 2.874e-04		60.7 +/- 0.2	56.6 +/- 0.1
1		7.150e-02 +/- 8.658e-05		41870	36060	5810	72581	60971	11610	4.381e-02 +/- 2.004e-04		61.3 +/- 0.3	57.7 +/- 0.2
2		1.021e-01 +/- 1.292e-05		140968	98660	42308	252736	162239	90497	8.017e-02 +/- 3.909e-04		78.5 +/- 0.4	55.8 +/- 0.1
3		5.255e-02 +/- 1.051e-05		70164	49348	20816	124078	80511	43567	4.058e-02 +/- 2.692e-04		77.2 +/- 0.5	56.5 +/- 0.1
-------------------------------------------------------------------------------------------------------------------------------------------------------------------------- 
Total		3.685e-01 +/- 1.517e-04		335985	255206	80779	596000	425881	170119	2.513e-01 +/- 5.765e-04		68.2 +/- 0.2	56.4 +/- 0.1
--------------------------------------------------------------------------------------------------------------------------------------------------------------------------
Before matching: total cross section = 3.685e-01 +- 1.517e-04 pb
After matching: total cross section = 2.513e-01 +- 5.765e-04 pb
Matching efficiency = 0.6 +/- 0.0   [TO BE USED IN MCM]
Filter efficiency (taking into account weights)= (151585) / (151585) = 1.000e+00 +- 0.000e+00
Filter efficiency (event-level)= (335985) / (335985) = 1.000e+00 +- 0.000e+00    [TO BE USED IN MCM]

After filter: final cross section = 2.513e-01 +- 5.765e-04 pb
After filter: final fraction of events with negative weights = 2.404e-01 +- 8.839e-05
After filter: final equivalent lumi for 1M events (1/fb) = 1.072e+03 +- 1.444e+00
