01-Feb-2025 22:02:43 CST  Closed file root://cmsxrootd.fnal.gov//store/mc/Run3Summer22EEMiniAODv4/WtoLNu-4Jets_MLNu-120_HT-800to1500_TuneCP5_13p6TeV_madgraphMLM-pythia8/MINIAODSIM/130X_mcRun3_2022_realistic_postEE_v6-v2/40000/005566f1-6209-4b6c-9e22-bfb6c81434b7.root

------------------------------------
GenXsecAnalyzer:
------------------------------------
-------------------------------------------------------------------------------------------------------------------------------------------------------------------------- 
Overall cross-section summary 
--------------------------------------------------------------------------------------------------------------------------------------------------------------------------
Process		xsec_before [pb]		passed	nposw	nnegw	tried	nposw	nnegw 	xsec_match [pb]			accepted [%]	 event_eff [%]
0		1.703e-03 +/- 4.415e-07		1873	1873	0	26147	26147	0	1.220e-04 +/- 2.716e-06		7.2 +/- 0.2	7.2 +/- 0.2
1		6.921e-04 +/- 2.392e-07		789	789	0	10666	10666	0	5.120e-05 +/- 1.754e-06		7.4 +/- 0.3	7.4 +/- 0.3
2		2.959e-02 +/- 5.091e-06		28553	28553	0	448213	448213	0	1.885e-03 +/- 1.080e-05		6.4 +/- 0.0	6.4 +/- 0.0
3		1.453e-02 +/- 3.252e-06		15388	15388	0	220553	220553	0	1.014e-03 +/- 7.886e-06		7.0 +/- 0.1	7.0 +/- 0.1
4		1.321e-01 +/- 1.079e-05		76615	76615	0	2084812	2084812	0	4.853e-03 +/- 1.721e-05		3.7 +/- 0.0	3.7 +/- 0.0
5		6.534e-02 +/- 7.023e-06		40979	40979	0	1047002	1047002	0	2.557e-03 +/- 1.239e-05		3.9 +/- 0.0	3.9 +/- 0.0
6		3.399e-01 +/- 1.773e-05		553190	553190	0	5480246	5480246	0	3.431e-02 +/- 4.377e-05		10.1 +/- 0.0	10.1 +/- 0.0
7		1.677e-01 +/- 1.127e-05		282953	282953	0	2691528	2691528	0	1.763e-02 +/- 3.137e-05		10.5 +/- 0.0	10.5 +/- 0.0
-------------------------------------------------------------------------------------------------------------------------------------------------------------------------- 
Total		7.515e-01 +/- 2.538e-05		1000340	1000340	0	12009167	12009167	0	6.260e-02 +/- 5.996e-05		8.3 +/- 0.0	8.3 +/- 0.0
--------------------------------------------------------------------------------------------------------------------------------------------------------------------------
Before matching: total cross section = 7.515e-01 +- 2.538e-05 pb
After matching: total cross section = 6.260e-02 +- 5.996e-05 pb
Matching efficiency = 0.1 +/- 0.0   [TO BE USED IN MCM]
Filter efficiency (taking into account weights)= (751952) / (751952) = 1.000e+00 +- 0.000e+00
Filter efficiency (event-level)= (1.00034e+06) / (1.00034e+06) = 1.000e+00 +- 0.000e+00    [TO BE USED IN MCM]

After filter: final cross section = 6.260e-02 +- 5.996e-05 pb
After filter: final fraction of events with negative weights = 0.000e+00 +- 0.000e+00
After filter: final equivalent lumi for 1M events (1/fb) = 1.598e+04 +- 2.212e+01
