01-Feb-2025 21:44:14 CST  Closed file root://cmsxrootd.fnal.gov//store/mc/Run3Summer22EEMiniAODv4/WtoLNu-4Jets_MLNu-120_HT-100to400_TuneCP5_13p6TeV_madgraphMLM-pythia8/MINIAODSIM/130X_mcRun3_2022_realistic_postEE_v6-v2/40000/3925640b-bf8a-4f72-8455-60e1f92dd188.root

------------------------------------
GenXsecAnalyzer:
------------------------------------
-------------------------------------------------------------------------------------------------------------------------------------------------------------------------- 
Overall cross-section summary 
--------------------------------------------------------------------------------------------------------------------------------------------------------------------------
Process		xsec_before [pb]		passed	nposw	nnegw	tried	nposw	nnegw 	xsec_match [pb]			accepted [%]	 event_eff [%]
0		3.485e+00 +/- 1.016e-03		93145	93145	0	335234	335234	0	9.683e-01 +/- 2.711e-03		27.8 +/- 0.1	27.8 +/- 0.1
1		2.253e+00 +/- 7.214e-04		61470	61470	0	216418	216418	0	6.400e-01 +/- 2.194e-03		28.4 +/- 0.1	28.4 +/- 0.1
2		1.300e+01 +/- 1.543e-03		220611	220611	0	1243115	1243115	0	2.307e+00 +/- 4.464e-03		17.7 +/- 0.0	17.7 +/- 0.0
3		8.487e+00 +/- 1.323e-03		151542	151542	0	818790	818790	0	1.571e+00 +/- 3.651e-03		18.5 +/- 0.0	18.5 +/- 0.0
4		2.044e+01 +/- 1.689e-03		173933	173933	0	2028176	2028176	0	1.753e+00 +/- 4.022e-03		8.6 +/- 0.0	8.6 +/- 0.0
5		1.330e+01 +/- 1.329e-03		118535	118535	0	1327101	1327101	0	1.188e+00 +/- 3.295e-03		8.9 +/- 0.0	8.9 +/- 0.0
6		1.912e+01 +/- 1.469e-03		109435	109435	0	1887404	1887404	0	1.108e+00 +/- 3.253e-03		5.8 +/- 0.0	5.8 +/- 0.0
7		1.224e+01 +/- 1.143e-03		71760	71760	0	1203002	1203002	0	7.301e-01 +/- 2.644e-03		6.0 +/- 0.0	6.0 +/- 0.0
-------------------------------------------------------------------------------------------------------------------------------------------------------------------------- 
Total		9.233e+01 +/- 3.710e-03		1000431	1000431	0	9059240	9059240	0	1.020e+01 +/- 9.623e-03		11.0 +/- 0.0	11.0 +/- 0.0
--------------------------------------------------------------------------------------------------------------------------------------------------------------------------
Before matching: total cross section = 9.233e+01 +- 3.710e-03 pb
After matching: total cross section = 1.020e+01 +- 9.623e-03 pb
Matching efficiency = 0.1 +/- 0.0   [TO BE USED IN MCM]
Filter efficiency (taking into account weights)= (9.24023e+07) / (9.24023e+07) = 1.000e+00 +- 0.000e+00
Filter efficiency (event-level)= (1.00043e+06) / (1.00043e+06) = 1.000e+00 +- 0.000e+00    [TO BE USED IN MCM]

After filter: final cross section = 1.020e+01 +- 9.623e-03 pb
After filter: final fraction of events with negative weights = 0.000e+00 +- 0.000e+00
After filter: final equivalent lumi for 1M events (1/fb) = 9.808e+01 +- 1.349e-01
