01-Feb-2025 21:50:50 CST  Closed file root://cmsxrootd.fnal.gov//store/mc/Run3Summer22EEMiniAODv4/WtoLNu-4Jets_MLNu-120_HT-2500_TuneCP5_13p6TeV_madgraphMLM-pythia8/MINIAODSIM/130X_mcRun3_2022_realistic_postEE_v6-v2/40000/e4466f0f-2954-483a-92ce-f7d4262c3317.root

------------------------------------
GenXsecAnalyzer:
------------------------------------
-------------------------------------------------------------------------------------------------------------------------------------------------------------------------- 
Overall cross-section summary 
--------------------------------------------------------------------------------------------------------------------------------------------------------------------------
Process		xsec_before [pb]		passed	nposw	nnegw	tried	nposw	nnegw 	xsec_match [pb]			accepted [%]	 event_eff [%]
0		1.070e-06 +/- 1.530e-09		26	26	0	1033	1033	0	2.692e-08 +/- 5.213e-09		2.5 +/- 0.5	2.5 +/- 0.5
1		9.494e-07 +/- 3.244e-09		4	4	0	187	187	0	2.026e-08 +/- 1.002e-08		2.1 +/- 1.1	2.1 +/- 1.1
2		1.103e-04 +/- 2.357e-08		11395	11395	0	280948	280948	0	4.475e-06 +/- 4.108e-08		4.1 +/- 0.0	4.1 +/- 0.0
3		4.157e-05 +/- 1.190e-08		4767	4767	0	106263	106263	0	1.865e-06 +/- 2.640e-08		4.5 +/- 0.1	4.5 +/- 0.1
4		6.745e-04 +/- 5.513e-08		37677	37677	0	1750933	1750933	0	1.451e-05 +/- 7.397e-08		2.2 +/- 0.0	2.2 +/- 0.0
5		2.563e-04 +/- 3.095e-08		16205	16205	0	679289	679289	0	6.114e-06 +/- 4.746e-08		2.4 +/- 0.0	2.4 +/- 0.0
6		2.276e-03 +/- 1.163e-07		673528	673528	0	6054301	6054301	0	2.532e-04 +/- 2.911e-07		11.1 +/- 0.0	11.1 +/- 0.0
7		8.409e-04 +/- 6.228e-08		256443	256443	0	2233262	2233262	0	9.657e-05 +/- 1.796e-07		11.5 +/- 0.0	11.5 +/- 0.0
-------------------------------------------------------------------------------------------------------------------------------------------------------------------------- 
Total		4.202e-03 +/- 1.487e-07		1000045	1000045	0	11106216	11106216	0	3.783e-04 +/- 3.611e-07		9.0 +/- 0.0	9.0 +/- 0.0
--------------------------------------------------------------------------------------------------------------------------------------------------------------------------
Before matching: total cross section = 4.202e-03 +- 1.487e-07 pb
After matching: total cross section = 3.783e-04 +- 3.611e-07 pb
Matching efficiency = 0.1 +/- 0.0   [TO BE USED IN MCM]
Filter efficiency (taking into account weights)= (4201.75) / (4201.75) = 1.000e+00 +- 0.000e+00
Filter efficiency (event-level)= (1.00004e+06) / (1.00004e+06) = 1.000e+00 +- 0.000e+00    [TO BE USED IN MCM]

After filter: final cross section = 3.783e-04 +- 3.611e-07 pb
After filter: final fraction of events with negative weights = 0.000e+00 +- 0.000e+00
After filter: final equivalent lumi for 1M events (1/fb) = 2.643e+06 +- 3.654e+03
