01-Feb-2025 21:47:28 CST  Closed file root://cmsxrootd.fnal.gov//store/mc/Run3Summer22EEMiniAODv4/WtoLNu-4Jets_MLNu-120_HT-1500to2500_TuneCP5_13p6TeV_madgraphMLM-pythia8/MINIAODSIM/130X_mcRun3_2022_realistic_postEE_v6-v2/40000/5de37135-f7fa-44a6-9d55-e9bec4ec0bc7.root

------------------------------------
GenXsecAnalyzer:
------------------------------------
-------------------------------------------------------------------------------------------------------------------------------------------------------------------------- 
Overall cross-section summary 
--------------------------------------------------------------------------------------------------------------------------------------------------------------------------
Process		xsec_before [pb]		passed	nposw	nnegw	tried	nposw	nnegw 	xsec_match [pb]			accepted [%]	 event_eff [%]
0		2.827e-05 +/- 1.481e-08		268	268	0	6047	6047	0	1.253e-06 +/- 7.481e-08		4.4 +/- 0.3	4.4 +/- 0.3
1		1.434e-05 +/- 1.580e-08		95	95	0	1900	1900	0	7.172e-07 +/- 7.172e-08		5.0 +/- 0.5	5.0 +/- 0.5
2		1.760e-03 +/- 3.337e-07		15997	15997	0	330911	330911	0	8.506e-05 +/- 6.562e-07		4.8 +/- 0.0	4.8 +/- 0.0
3		7.564e-04 +/- 1.717e-07		7639	7639	0	142692	142692	0	4.050e-05 +/- 4.508e-07		5.4 +/- 0.1	5.4 +/- 0.1
4		9.696e-03 +/- 7.822e-07		48495	48495	0	1879490	1879490	0	2.502e-04 +/- 1.121e-06		2.6 +/- 0.0	2.6 +/- 0.0
5		4.237e-03 +/- 4.855e-07		23610	23610	0	836101	836101	0	1.196e-04 +/- 7.677e-07		2.8 +/- 0.0	2.8 +/- 0.0
6		2.980e-02 +/- 1.510e-06		624615	624615	0	5930383	5930383	0	3.138e-03 +/- 3.759e-06		10.5 +/- 0.0	10.5 +/- 0.0
7		1.287e-02 +/- 8.814e-07		279290	279290	0	2550503	2550503	0	1.409e-03 +/- 2.518e-06		11.0 +/- 0.0	11.0 +/- 0.0
-------------------------------------------------------------------------------------------------------------------------------------------------------------------------- 
Total		5.916e-02 +/- 2.012e-06		1000009	1000009	0	11678027	11678027	0	5.066e-03 +/- 4.847e-06		8.6 +/- 0.0	8.6 +/- 0.0
--------------------------------------------------------------------------------------------------------------------------------------------------------------------------
Before matching: total cross section = 5.916e-02 +- 2.012e-06 pb
After matching: total cross section = 5.066e-03 +- 4.847e-06 pb
Matching efficiency = 0.1 +/- 0.0   [TO BE USED IN MCM]
Filter efficiency (taking into account weights)= (59175.3) / (59175.3) = 1.000e+00 +- 0.000e+00
Filter efficiency (event-level)= (1.00001e+06) / (1.00001e+06) = 1.000e+00 +- 0.000e+00    [TO BE USED IN MCM]

After filter: final cross section = 5.066e-03 +- 4.847e-06 pb
After filter: final fraction of events with negative weights = 0.000e+00 +- 0.000e+00
After filter: final equivalent lumi for 1M events (1/fb) = 1.974e+05 +- 2.732e+02
