01-Feb-2025 21:28:52 CST  Closed file root://cmsxrootd.fnal.gov//store/mc/Run3Summer22EEMiniAODv4/WtoLNu-4Jets_MLNu-0to120_HT-100to400_TuneCP5_13p6TeV_madgraphMLM-pythia8/MINIAODSIM/130X_mcRun3_2022_realistic_postEE_v6-v3/80000/ad2eeaa7-6120-4e4b-9596-94ce280e4295.root

------------------------------------
GenXsecAnalyzer:
------------------------------------
-------------------------------------------------------------------------------------------------------------------------------------------------------------------------- 
Overall cross-section summary 
--------------------------------------------------------------------------------------------------------------------------------------------------------------------------
Process		xsec_before [pb]		passed	nposw	nnegw	tried	nposw	nnegw 	xsec_match [pb]			accepted [%]	 event_eff [%]
0		2.867e+02 +/- 1.058e-01		52276	52276	0	171130	171130	0	8.758e+01 +/- 3.209e-01		30.5 +/- 0.1	30.5 +/- 0.1
1		1.968e+02 +/- 7.879e-02		36817	36817	0	118179	118179	0	6.131e+01 +/- 2.662e-01		31.2 +/- 0.1	31.2 +/- 0.1
2		1.593e+03 +/- 2.356e-01		210561	210561	0	949900	949900	0	3.530e+02 +/- 6.808e-01		22.2 +/- 0.0	22.2 +/- 0.0
3		1.102e+03 +/- 1.876e-01		153340	153340	0	662032	662032	0	2.553e+02 +/- 5.731e-01		23.2 +/- 0.1	23.2 +/- 0.1
4		2.992e+03 +/- 2.749e-01		193483	193483	0	1839426	1839426	0	3.147e+02 +/- 6.773e-01		10.5 +/- 0.0	10.5 +/- 0.0
5		2.047e+03 +/- 2.072e-01		139883	139883	0	1272644	1272644	0	2.250e+02 +/- 5.681e-01		11.0 +/- 0.0	11.0 +/- 0.0
6		3.054e+03 +/- 2.443e-01		126667	126667	0	1874799	1874799	0	2.063e+02 +/- 5.601e-01		6.8 +/- 0.0	6.8 +/- 0.0
7		2.050e+03 +/- 1.877e-01		87330	87330	0	1257142	1257142	0	1.424e+02 +/- 4.649e-01		6.9 +/- 0.0	6.9 +/- 0.0
-------------------------------------------------------------------------------------------------------------------------------------------------------------------------- 
Total		1.332e+04 +/- 5.670e-01		1000357	1000357	0	8145252	8145252	0	1.636e+03 +/- 1.534e+00		12.3 +/- 0.0	12.3 +/- 0.0
--------------------------------------------------------------------------------------------------------------------------------------------------------------------------
Before matching: total cross section = 1.332e+04 +- 5.670e-01 pb
After matching: total cross section = 1.636e+03 +- 1.534e+00 pb
Matching efficiency = 0.1 +/- 0.0   [TO BE USED IN MCM]
Filter efficiency (taking into account weights)= (1.33303e+10) / (1.33303e+10) = 1.000e+00 +- 0.000e+00
Filter efficiency (event-level)= (1.00036e+06) / (1.00036e+06) = 1.000e+00 +- 0.000e+00    [TO BE USED IN MCM]

After filter: final cross section = 1.636e+03 +- 1.534e+00 pb
After filter: final fraction of events with negative weights = 0.000e+00 +- 0.000e+00
After filter: final equivalent lumi for 1M events (1/fb) = 6.113e-01 +- 8.378e-04
