01-Feb-2025 21:01:40 CST  Closed file root://cmsxrootd.fnal.gov//store/mc/Run3Summer22EEMiniAODv4/WWZ_4F_TuneCP5_13p6TeV_amcatnlo-pythia8/MINIAODSIM/130X_mcRun3_2022_realistic_postEE_v6-v2/40000/33ed1233-8f95-46e9-8330-d5ec4f932903.root

------------------------------------
GenXsecAnalyzer:
------------------------------------
-------------------------------------------------------------------------------------------------------------------------------------------------------------------------- 
Overall cross-section summary 
--------------------------------------------------------------------------------------------------------------------------------------------------------------------------
Process		xsec_before [pb]		passed	nposw	nnegw	tried	nposw	nnegw 	xsec_match [pb]			accepted [%]	 event_eff [%]
0		1.851e-01 +/- 9.482e-05		1000056	954706	45350	1000056	954706	45350	1.851e-01 +/- 9.482e-05		100.0 +/- 0.0	100.0 +/- 0.0
-------------------------------------------------------------------------------------------------------------------------------------------------------------------------- 
Total		1.851e-01 +/- 9.482e-05		1000056	954706	45350	1000056	954706	45350	1.851e-01 +/- 9.482e-05		100.0 +/- 0.0	100.0 +/- 0.0
--------------------------------------------------------------------------------------------------------------------------------------------------------------------------
Before matching: total cross section = 1.851e-01 +- 9.482e-05 pb
After matching: total cross section = 1.851e-01 +- 9.482e-05 pb
Matching efficiency = 1.0 +/- 0.0   [TO BE USED IN MCM]
Filter efficiency (taking into account weights)= (185140) / (185140) = 1.000e+00 +- 0.000e+00
Filter efficiency (event-level)= (1.00006e+06) / (1.00006e+06) = 1.000e+00 +- 0.000e+00    [TO BE USED IN MCM]

After filter: final cross section = 1.851e-01 +- 9.482e-05 pb
After filter: final fraction of events with negative weights = 4.535e-02 +- 2.031e-06
After filter: final equivalent lumi for 1M events (1/fb) = 4.466e+03 +- 4.563e+00
