22-Oct-2024 18:52:47 CDT  Successfully opened file root://cmsxrootd.fnal.gov//store/mc/Run3Summer22MiniAODv4/DYto2L-4Jets_MLL-50to120_HT-40to70_TuneCP5_13p6TeV_madgraphMLM-pythia8/MINIAODSIM/130X_mcRun3_2022_realistic_v5-v1/2550000/fba48760-7889-46e5-8bbc-4a8d5af672a5.root
     41.839100      0.180237   1524.700000             3
    361.966000      0.998819   1524.700000             2
    753.661000      2.225780   1524.700000             1
    361.715000      1.654940   1524.700000             0
 
22-Oct-2024 18:52:48 CDT  Closed file root://cmsxrootd.fnal.gov//store/mc/Run3Summer22MiniAODv4/DYto2L-4Jets_MLL-50to120_HT-40to70_TuneCP5_13p6TeV_madgraphMLM-pythia8/MINIAODSIM/130X_mcRun3_2022_realistic_v5-v1/2550000/fba48760-7889-46e5-8bbc-4a8d5af672a5.root

------------------------------------
GenXsecAnalyzer:
------------------------------------
-------------------------------------------------------------------------------------------------------------------------------------------------------------------------- 
Overall cross-section summary 
--------------------------------------------------------------------------------------------------------------------------------------------------------------------------
Process		xsec_before [pb]		passed	nposw	nnegw	tried	nposw	nnegw 	xsec_match [pb]			accepted [%]	 event_eff [%]
0		3.622e+02 +/- 3.696e-03		47043383	47043383	0	98673166	98673166	0	1.727e+02 +/- 1.830e-02		47.7 +/- 0.0	47.7 +/- 0.0
1		7.541e+02 +/- 5.041e-03		36522573	36522573	0	203240575	203240575	0	1.355e+02 +/- 2.033e-02		18.0 +/- 0.0	18.0 +/- 0.0
2		3.613e+02 +/- 2.229e-03		2190020	2190020	0	98487994	98487994	0	8.033e+00 +/- 5.368e-03		2.2 +/- 0.0	2.2 +/- 0.0
3		4.127e+01 +/- 4.201e-04		22588	22588	0	11200884	11200884	0	8.323e-02 +/- 5.532e-04		0.2 +/- 0.0	0.2 +/- 0.0
-------------------------------------------------------------------------------------------------------------------------------------------------------------------------- 
Total		1.519e+03 +/- 6.650e-03		85778564	85778564	0	411602619	411602619	0	3.165e+02 +/- 3.044e-02		20.8 +/- 0.0	20.8 +/- 0.0
--------------------------------------------------------------------------------------------------------------------------------------------------------------------------
Before matching: total cross section = 1.519e+03 +- 6.650e-03 pb
After matching: total cross section = 3.165e+02 +- 3.044e-02 pb
Matching efficiency = 0.2 +/- 0.0   [TO BE USED IN MCM]
Filter efficiency (taking into account weights)= (6.17967e+10) / (6.17967e+10) = 1.000e+00 +- 0.000e+00
Filter efficiency (event-level)= (4.06867e+07) / (4.06867e+07) = 1.000e+00 +- 0.000e+00    [TO BE USED IN MCM]

After filter: final cross section = 3.165e+02 +- 3.044e-02 pb
After filter: final fraction of events with negative weights = 0.000e+00 +- 0.000e+00
After filter: final equivalent lumi for 1M events (1/fb) = 3.159e+00 +- 3.174e-03
