01-Feb-2025 16:47:53 CST  Closed file root://cmsxrootd.fnal.gov//store/mc/Run3Summer22EEMiniAODv4/DYto2L-4Jets_MLL-120_HT-400to800_TuneCP5_13p6TeV_madgraphMLM-pythia8/MINIAODSIM/130X_mcRun3_2022_realistic_postEE_v6-v5/2810000/731d1306-736d-4297-847b-8e202a502250.root

------------------------------------
GenXsecAnalyzer:
------------------------------------
-------------------------------------------------------------------------------------------------------------------------------------------------------------------------- 
Overall cross-section summary 
--------------------------------------------------------------------------------------------------------------------------------------------------------------------------
Process		xsec_before [pb]		passed	nposw	nnegw	tried	nposw	nnegw 	xsec_match [pb]			accepted [%]	 event_eff [%]
0		2.283e-02 +/- 4.095e-06		15181	15181	0	124892	124892	0	2.775e-03 +/- 2.111e-05		12.2 +/- 0.1	12.2 +/- 0.1
1		1.971e-01 +/- 2.424e-05		102540	102540	0	1071645	1071645	0	1.886e-02 +/- 5.606e-05		9.6 +/- 0.0	9.6 +/- 0.0
2		6.407e-01 +/- 3.767e-05		207617	207617	0	3643645	3643645	0	3.651e-02 +/- 7.784e-05		5.7 +/- 0.0	5.7 +/- 0.0
3		1.245e+00 +/- 5.114e-05		674761	674761	0	7147913	7147913	0	1.175e-01 +/- 1.362e-04		9.4 +/- 0.0	9.4 +/- 0.0
-------------------------------------------------------------------------------------------------------------------------------------------------------------------------- 
Total		2.106e+00 +/- 6.811e-05		1000099	1000099	0	11988095	11988095	0	1.757e-01 +/- 1.683e-04		8.3 +/- 0.0	8.3 +/- 0.0
--------------------------------------------------------------------------------------------------------------------------------------------------------------------------
Before matching: total cross section = 2.106e+00 +- 6.811e-05 pb
After matching: total cross section = 1.757e-01 +- 1.683e-04 pb
Matching efficiency = 0.1 +/- 0.0   [TO BE USED IN MCM]
Filter efficiency (taking into account weights)= (2.10626e+06) / (2.10626e+06) = 1.000e+00 +- 0.000e+00
Filter efficiency (event-level)= (1.0001e+06) / (1.0001e+06) = 1.000e+00 +- 0.000e+00    [TO BE USED IN MCM]

After filter: final cross section = 1.757e-01 +- 1.683e-04 pb
After filter: final fraction of events with negative weights = 0.000e+00 +- 0.000e+00
After filter: final equivalent lumi for 1M events (1/fb) = 5.692e+03 +- 7.883e+00
