01-Feb-2025 16:43:57 CST  Closed file root://cmsxrootd.fnal.gov//store/mc/Run3Summer22EEMiniAODv4/DYto2L-4Jets_MLL-120_HT-2500_TuneCP5_13p6TeV_madgraphMLM-pythia8/MINIAODSIM/130X_mcRun3_2022_realistic_postEE_v6-v3/2560000/aa698ccc-8b2c-4477-9c32-cc85153247de.root

------------------------------------
GenXsecAnalyzer:
------------------------------------
-------------------------------------------------------------------------------------------------------------------------------------------------------------------------- 
Overall cross-section summary 
--------------------------------------------------------------------------------------------------------------------------------------------------------------------------
Process		xsec_before [pb]		passed	nposw	nnegw	tried	nposw	nnegw 	xsec_match [pb]			accepted [%]	 event_eff [%]
0		3.472e-07 +/- 5.060e-10		40	40	0	998	998	0	1.391e-08 +/- 2.154e-09		4.0 +/- 0.6	4.0 +/- 0.6
1		4.917e-05 +/- 7.718e-09		15712	15712	0	384681	384681	0	2.008e-06 +/- 1.570e-08		4.1 +/- 0.0	4.1 +/- 0.0
2		3.093e-04 +/- 2.019e-08		53212	53212	0	2459614	2459614	0	6.691e-06 +/- 2.869e-08		2.2 +/- 0.0	2.2 +/- 0.0
3		1.039e-03 +/- 4.356e-08		931063	931063	0	8399332	8399332	0	1.152e-04 +/- 1.127e-07		11.1 +/- 0.0	11.1 +/- 0.0
-------------------------------------------------------------------------------------------------------------------------------------------------------------------------- 
Total		1.398e-03 +/- 4.863e-08		1000027	1000027	0	11244625	11244625	0	1.243e-04 +/- 1.188e-07		8.9 +/- 0.0	8.9 +/- 0.0
--------------------------------------------------------------------------------------------------------------------------------------------------------------------------
Before matching: total cross section = 1.398e-03 +- 4.863e-08 pb
After matching: total cross section = 1.243e-04 +- 1.188e-07 pb
Matching efficiency = 0.1 +/- 0.0   [TO BE USED IN MCM]
Filter efficiency (taking into account weights)= (1398.3) / (1398.3) = 1.000e+00 +- 0.000e+00
Filter efficiency (event-level)= (1.00003e+06) / (1.00003e+06) = 1.000e+00 +- 0.000e+00    [TO BE USED IN MCM]

After filter: final cross section = 1.243e-04 +- 1.188e-07 pb
After filter: final fraction of events with negative weights = 0.000e+00 +- 0.000e+00
After filter: final equivalent lumi for 1M events (1/fb) = 8.042e+06 +- 1.112e+04
