01-Feb-2025 19:55:35 CST  Closed file root://cmsxrootd.fnal.gov//store/mc/Run3Summer22EEMiniAODv4/TbarBtoLminusNuB-s-channel-4FS_TuneCP5_13p6TeV_amcatnlo-pythia8/MINIAODSIM/130X_mcRun3_2022_realistic_postEE_v6-v2/30000/749beef7-55d3-48e9-8b54-cdcd01f57827.root

------------------------------------
GenXsecAnalyzer:
------------------------------------
-------------------------------------------------------------------------------------------------------------------------------------------------------------------------- 
Overall cross-section summary 
--------------------------------------------------------------------------------------------------------------------------------------------------------------------------
Process		xsec_before [pb]		passed	nposw	nnegw	tried	nposw	nnegw 	xsec_match [pb]			accepted [%]	 event_eff [%]
0		1.430e+00 +/- 5.170e-05		1000644	808039	192605	1000644	808039	192605	1.430e+00 +/- 5.170e-05		100.0 +/- 0.0	100.0 +/- 0.0
-------------------------------------------------------------------------------------------------------------------------------------------------------------------------- 
Total		1.430e+00 +/- 5.170e-05		1000644	808039	192605	1000644	808039	192605	1.430e+00 +/- 5.170e-05		100.0 +/- 0.0	100.0 +/- 0.0
--------------------------------------------------------------------------------------------------------------------------------------------------------------------------
Before matching: total cross section = 1.430e+00 +- 5.170e-05 pb
After matching: total cross section = 1.430e+00 +- 5.170e-05 pb
Matching efficiency = 1.0 +/- 0.0   [TO BE USED IN MCM]
Filter efficiency (taking into account weights)= (1.42754e+06) / (1.42754e+06) = 1.000e+00 +- 0.000e+00
Filter efficiency (event-level)= (1.00064e+06) / (1.00064e+06) = 1.000e+00 +- 0.000e+00    [TO BE USED IN MCM]

After filter: final cross section = 1.430e+00 +- 5.170e-05 pb
After filter: final fraction of events with negative weights = 1.925e-01 +- 3.329e-05
After filter: final equivalent lumi for 1M events (1/fb) = 2.645e+02 +- 1.665e-01
