01-Feb-2025 19:45:27 CST  Closed file root://cmsxrootd.fnal.gov//store/mc/Run3Summer22EEMiniAODv4/TTLL_MLL-4to50_TuneCP5_13p6TeV_amcatnlo-pythia8/MINIAODSIM/130X_mcRun3_2022_realistic_postEE_v6-v2/40000/a55ba350-ba90-44f4-aefa-d92be5d89465.root

------------------------------------
GenXsecAnalyzer:
------------------------------------
-------------------------------------------------------------------------------------------------------------------------------------------------------------------------- 
Overall cross-section summary 
--------------------------------------------------------------------------------------------------------------------------------------------------------------------------
Process		xsec_before [pb]		passed	nposw	nnegw	tried	nposw	nnegw 	xsec_match [pb]			accepted [%]	 event_eff [%]
0		3.949e-02 +/- 2.728e-05		1000229	777685	222544	1000230	777686	222544	3.949e-02 +/- 2.728e-05		100.0 +/- 0.0	100.0 +/- 0.0
-------------------------------------------------------------------------------------------------------------------------------------------------------------------------- 
Total		3.949e-02 +/- 2.728e-05		1000229	777685	222544	1000230	777686	222544	3.949e-02 +/- 2.728e-05		100.0 +/- 0.0	100.0 +/- 0.0
--------------------------------------------------------------------------------------------------------------------------------------------------------------------------
Before matching: total cross section = 3.949e-02 +- 2.728e-05 pb
After matching: total cross section = 3.949e-02 +- 2.728e-05 pb
Matching efficiency = 1.0 +/- 0.0   [TO BE USED IN MCM]
Filter efficiency (taking into account weights)= (39452.5) / (39452.5) = 1.000e+00 +- 0.000e+00
Filter efficiency (event-level)= (1.00023e+06) / (1.00023e+06) = 1.000e+00 +- 0.000e+00    [TO BE USED IN MCM]

After filter: final cross section = 3.949e-02 +- 2.728e-05 pb
After filter: final fraction of events with negative weights = 2.225e-01 +- 4.408e-05
After filter: final equivalent lumi for 1M events (1/fb) = 7.801e+03 +- 5.439e+00
