01-Feb-2025 21:42:01 CST  Closed file root://cmsxrootd.fnal.gov//store/mc/Run3Summer22EEMiniAODv4/WtoLNu-4Jets_MLNu-0to120_HT-800to1500_TuneCP5_13p6TeV_madgraphMLM-pythia8/MINIAODSIM/130X_mcRun3_2022_realistic_postEE_v6-v2/2820000/0c146ccb-6dfd-4afe-bc2b-5c176e3bd175.root

------------------------------------
GenXsecAnalyzer:
------------------------------------
-------------------------------------------------------------------------------------------------------------------------------------------------------------------------- 
Overall cross-section summary 
--------------------------------------------------------------------------------------------------------------------------------------------------------------------------
Process		xsec_before [pb]		passed	nposw	nnegw	tried	nposw	nnegw 	xsec_match [pb]			accepted [%]	 event_eff [%]
0		4.107e-02 +/- 1.705e-05		483	483	0	6785	6785	0	2.925e-03 +/- 1.283e-04		7.1 +/- 0.3	7.1 +/- 0.3
1		1.925e-02 +/- 1.408e-05		222	222	0	2894	2894	0	1.477e-03 +/- 9.525e-05		7.7 +/- 0.5	7.7 +/- 0.5
2		2.294e+00 +/- 4.743e-04		23290	23290	0	350860	350860	0	1.523e-01 +/- 9.648e-04		6.6 +/- 0.0	6.6 +/- 0.0
3		1.211e+00 +/- 3.041e-04		13586	13586	0	184939	184939	0	8.893e-02 +/- 7.348e-04		7.3 +/- 0.1	7.3 +/- 0.1
4		1.153e+01 +/- 1.019e-03		68331	68331	0	1819416	1819416	0	4.329e-01 +/- 1.625e-03		3.8 +/- 0.0	3.8 +/- 0.0
5		6.074e+00 +/- 6.899e-04		39453	39453	0	977340	977340	0	2.452e-01 +/- 1.210e-03		4.0 +/- 0.0	4.0 +/- 0.0
6		3.170e+01 +/- 1.713e-03		556951	556951	0	5147332	5147332	0	3.430e+00 +/- 4.344e-03		10.8 +/- 0.0	10.8 +/- 0.0
7		1.640e+01 +/- 1.125e-03		297715	297715	0	2652655	2652655	0	1.840e+00 +/- 3.181e-03		11.2 +/- 0.0	11.2 +/- 0.0
-------------------------------------------------------------------------------------------------------------------------------------------------------------------------- 
Total		6.926e+01 +/- 2.456e-03		1000031	1000031	0	11142221	11142221	0	6.216e+00 +/- 5.935e-03		9.0 +/- 0.0	9.0 +/- 0.0
--------------------------------------------------------------------------------------------------------------------------------------------------------------------------
Before matching: total cross section = 6.926e+01 +- 2.456e-03 pb
After matching: total cross section = 6.216e+00 +- 5.935e-03 pb
Matching efficiency = 0.1 +/- 0.0   [TO BE USED IN MCM]
Filter efficiency (taking into account weights)= (6.92837e+07) / (6.92837e+07) = 1.000e+00 +- 0.000e+00
Filter efficiency (event-level)= (1.00003e+06) / (1.00003e+06) = 1.000e+00 +- 0.000e+00    [TO BE USED IN MCM]

After filter: final cross section = 6.216e+00 +- 5.935e-03 pb
After filter: final fraction of events with negative weights = 0.000e+00 +- 0.000e+00
After filter: final equivalent lumi for 1M events (1/fb) = 1.609e+02 +- 2.224e-01
