01-Feb-2025 21:56:45 CST  Closed file root://cmsxrootd.fnal.gov//store/mc/Run3Summer22EEMiniAODv4/WtoLNu-4Jets_MLNu-120_HT-40to100_TuneCP5_13p6TeV_madgraphMLM-pythia8/MINIAODSIM/130X_mcRun3_2022_realistic_postEE_v6-v2/40000/5b702ae3-d53c-40d3-9a5d-a00740e41c02.root

------------------------------------
GenXsecAnalyzer:
------------------------------------
-------------------------------------------------------------------------------------------------------------------------------------------------------------------------- 
Overall cross-section summary 
--------------------------------------------------------------------------------------------------------------------------------------------------------------------------
Process		xsec_before [pb]		passed	nposw	nnegw	tried	nposw	nnegw 	xsec_match [pb]			accepted [%]	 event_eff [%]
0		1.508e+01 +/- 3.196e-03		303009	303009	0	725292	725292	0	6.299e+00 +/- 8.833e-03		41.8 +/- 0.1	41.8 +/- 0.1
1		1.040e+01 +/- 2.666e-03		212549	212549	0	506136	506136	0	4.368e+00 +/- 7.303e-03		42.0 +/- 0.1	42.0 +/- 0.1
2		2.992e+01 +/- 3.522e-03		245666	245666	0	1441579	1441579	0	5.099e+00 +/- 9.389e-03		17.0 +/- 0.0	17.0 +/- 0.0
3		2.069e+01 +/- 2.832e-03		174889	174889	0	1003166	1003166	0	3.607e+00 +/- 7.854e-03		17.4 +/- 0.0	17.4 +/- 0.0
4		1.776e+01 +/- 2.072e-03		35381	35381	0	865346	865346	0	7.262e-01 +/- 3.782e-03		4.1 +/- 0.0	4.1 +/- 0.0
5		1.227e+01 +/- 1.664e-03		25313	25313	0	596774	596774	0	5.204e-01 +/- 3.202e-03		4.2 +/- 0.0	4.2 +/- 0.0
6		4.425e+00 +/- 7.630e-04		2044	2044	0	215824	215824	0	4.191e-02 +/- 9.227e-04		0.9 +/- 0.0	0.9 +/- 0.0
7		3.039e+00 +/- 5.835e-04		1387	1387	0	147947	147947	0	2.849e-02 +/- 7.615e-04		0.9 +/- 0.0	0.9 +/- 0.0
-------------------------------------------------------------------------------------------------------------------------------------------------------------------------- 
Total		1.136e+02 +/- 6.763e-03		1000238	1000238	0	5502064	5502064	0	2.065e+01 +/- 1.872e-02		18.2 +/- 0.0	18.2 +/- 0.0
--------------------------------------------------------------------------------------------------------------------------------------------------------------------------
Before matching: total cross section = 1.136e+02 +- 6.763e-03 pb
After matching: total cross section = 2.065e+01 +- 1.872e-02 pb
Matching efficiency = 0.2 +/- 0.0   [TO BE USED IN MCM]
Filter efficiency (taking into account weights)= (1.13697e+08) / (1.13697e+08) = 1.000e+00 +- 0.000e+00
Filter efficiency (event-level)= (1.00024e+06) / (1.00024e+06) = 1.000e+00 +- 0.000e+00    [TO BE USED IN MCM]

After filter: final cross section = 2.065e+01 +- 1.872e-02 pb
After filter: final fraction of events with negative weights = 0.000e+00 +- 0.000e+00
After filter: final equivalent lumi for 1M events (1/fb) = 4.843e+01 +- 6.536e-02
