01-Feb-2025 21:39:25 CST  Closed file root://cmsxrootd.fnal.gov//store/mc/Run3Summer22EEMiniAODv4/WtoLNu-4Jets_MLNu-0to120_HT-40to100_TuneCP5_13p6TeV_madgraphMLM-pythia8/MINIAODSIM/130X_mcRun3_2022_realistic_postEE_v6-v3/80000/803b7ad6-73b1-4357-a183-1cee8efeec3a.root

------------------------------------
GenXsecAnalyzer:
------------------------------------
-------------------------------------------------------------------------------------------------------------------------------------------------------------------------- 
Overall cross-section summary 
--------------------------------------------------------------------------------------------------------------------------------------------------------------------------
Process		xsec_before [pb]		passed	nposw	nnegw	tried	nposw	nnegw 	xsec_match [pb]			accepted [%]	 event_eff [%]
0		2.344e+03 +/- 5.607e-01		258136	258136	0	551821	551821	0	1.097e+03 +/- 1.596e+00		46.8 +/- 0.1	46.8 +/- 0.1
1		1.736e+03 +/- 4.463e-01		193517	193517	0	408590	408590	0	8.221e+02 +/- 1.372e+00		47.4 +/- 0.1	47.4 +/- 0.1
2		5.667e+03 +/- 7.260e-01		268157	268157	0	1323114	1323114	0	1.149e+03 +/- 1.986e+00		20.3 +/- 0.0	20.3 +/- 0.0
3		4.204e+03 +/- 5.769e-01		204256	204256	0	982586	982586	0	8.738e+02 +/- 1.725e+00		20.8 +/- 0.0	20.8 +/- 0.0
4		3.715e+03 +/- 4.427e-01		41205	41205	0	873166	873166	0	1.753e+02 +/- 8.433e-01		4.7 +/- 0.0	4.7 +/- 0.0
5		2.714e+03 +/- 3.639e-01		30894	30894	0	638610	638610	0	1.313e+02 +/- 7.289e-01		4.8 +/- 0.0	4.8 +/- 0.0
6		9.854e+02 +/- 1.561e-01		2312	2312	0	231619	231619	0	9.835e+00 +/- 2.035e-01		1.0 +/- 0.0	1.0 +/- 0.0
7		7.109e+02 +/- 1.323e-01		1789	1789	0	168056	168056	0	7.569e+00 +/- 1.780e-01		1.1 +/- 0.0	1.1 +/- 0.0
-------------------------------------------------------------------------------------------------------------------------------------------------------------------------- 
Total		2.208e+04 +/- 1.321e+00		1000266	1000266	0	5177562	5177562	0	4.265e+03 +/- 3.839e+00		19.3 +/- 0.0	19.3 +/- 0.0
--------------------------------------------------------------------------------------------------------------------------------------------------------------------------
Before matching: total cross section = 2.208e+04 +- 1.321e+00 pb
After matching: total cross section = 4.265e+03 +- 3.839e+00 pb
Matching efficiency = 0.2 +/- 0.0   [TO BE USED IN MCM]
Filter efficiency (taking into account weights)= (2.20996e+10) / (2.20996e+10) = 1.000e+00 +- 0.000e+00
Filter efficiency (event-level)= (1.00027e+06) / (1.00027e+06) = 1.000e+00 +- 0.000e+00    [TO BE USED IN MCM]

After filter: final cross section = 4.265e+03 +- 3.839e+00 pb
After filter: final fraction of events with negative weights = 0.000e+00 +- 0.000e+00
After filter: final equivalent lumi for 1M events (1/fb) = 2.345e-01 +- 3.155e-04
