01-Feb-2025 21:31:42 CST  Closed file root://cmsxrootd.fnal.gov//store/mc/Run3Summer22EEMiniAODv4/WtoLNu-4Jets_MLNu-0to120_HT-1500to2500_TuneCP5_13p6TeV_madgraphMLM-pythia8/MINIAODSIM/130X_mcRun3_2022_realistic_postEE_v6-v2/30000/bb9cbe67-021c-400e-9206-a301f7eade0b.root

------------------------------------
GenXsecAnalyzer:
------------------------------------
-------------------------------------------------------------------------------------------------------------------------------------------------------------------------- 
Overall cross-section summary 
--------------------------------------------------------------------------------------------------------------------------------------------------------------------------
Process		xsec_before [pb]		passed	nposw	nnegw	tried	nposw	nnegw 	xsec_match [pb]			accepted [%]	 event_eff [%]
0		1.375e-03 +/- 1.512e-06		59	59	0	1515	1515	0	5.353e-05 +/- 6.833e-06		3.9 +/- 0.5	3.9 +/- 0.5
1		1.213e-03 +/- 2.473e-06		29	29	0	477	477	0	7.379e-05 +/- 1.328e-05		6.1 +/- 1.1	6.1 +/- 1.1
2		1.409e-01 +/- 2.668e-05		14604	14604	0	301778	301778	0	6.817e-03 +/- 5.504e-05		4.8 +/- 0.0	4.8 +/- 0.0
3		6.538e-02 +/- 1.458e-05		7451	7451	0	140622	140622	0	3.464e-03 +/- 3.906e-05		5.3 +/- 0.1	5.3 +/- 0.1
4		8.089e-01 +/- 6.471e-05		45658	45658	0	1770067	1770067	0	2.087e-02 +/- 9.640e-05		2.6 +/- 0.0	2.6 +/- 0.0
5		3.686e-01 +/- 4.205e-05		22786	22786	0	822318	822318	0	1.021e-02 +/- 6.674e-05		2.8 +/- 0.0	2.8 +/- 0.0
6		2.527e+00 +/- 1.291e-04		621525	621525	0	5656842	5656842	0	2.777e-01 +/- 3.326e-04		11.0 +/- 0.0	11.0 +/- 0.0
7		1.133e+00 +/- 7.479e-05		288144	288144	0	2530374	2530374	0	1.290e-01 +/- 2.264e-04		11.4 +/- 0.0	11.4 +/- 0.0
-------------------------------------------------------------------------------------------------------------------------------------------------------------------------- 
Total		5.047e+00 +/- 1.708e-04		1000256	1000256	0	11223993	11223993	0	4.498e-01 +/- 4.295e-04		8.9 +/- 0.0	8.9 +/- 0.0
--------------------------------------------------------------------------------------------------------------------------------------------------------------------------
Before matching: total cross section = 5.047e+00 +- 1.708e-04 pb
After matching: total cross section = 4.498e-01 +- 4.295e-04 pb
Matching efficiency = 0.1 +/- 0.0   [TO BE USED IN MCM]
Filter efficiency (taking into account weights)= (5.04828e+06) / (5.04828e+06) = 1.000e+00 +- 0.000e+00
Filter efficiency (event-level)= (1.00026e+06) / (1.00026e+06) = 1.000e+00 +- 0.000e+00    [TO BE USED IN MCM]

After filter: final cross section = 4.498e-01 +- 4.295e-04 pb
After filter: final fraction of events with negative weights = 0.000e+00 +- 0.000e+00
After filter: final equivalent lumi for 1M events (1/fb) = 2.223e+03 +- 3.074e+00
