01-Feb-2025 21:55:05 CST  Closed file root://cmsxrootd.fnal.gov//store/mc/Run3Summer22EEMiniAODv4/WtoLNu-4Jets_MLNu-120_HT-400to800_TuneCP5_13p6TeV_madgraphMLM-pythia8/MINIAODSIM/130X_mcRun3_2022_realistic_postEE_v6-v2/40000/00bd9a20-4a77-44c2-8b03-a5bb261dbcea.root

------------------------------------
GenXsecAnalyzer:
------------------------------------
-------------------------------------------------------------------------------------------------------------------------------------------------------------------------- 
Overall cross-section summary 
--------------------------------------------------------------------------------------------------------------------------------------------------------------------------
Process		xsec_before [pb]		passed	nposw	nnegw	tried	nposw	nnegw 	xsec_match [pb]			accepted [%]	 event_eff [%]
0		4.323e-02 +/- 1.204e-05		9731	9731	0	79508	79508	0	5.291e-03 +/- 5.027e-05		12.2 +/- 0.1	12.2 +/- 0.1
1		2.218e-02 +/- 6.810e-06		5118	5118	0	40819	40819	0	2.782e-03 +/- 3.638e-05		12.5 +/- 0.2	12.5 +/- 0.2
2		3.728e-01 +/- 5.589e-05		64247	64247	0	675985	675985	0	3.543e-02 +/- 1.331e-04		9.5 +/- 0.0	9.5 +/- 0.0
3		2.059e-01 +/- 4.117e-05		38525	38525	0	377992	377992	0	2.098e-02 +/- 1.014e-04		10.2 +/- 0.0	10.2 +/- 0.0
4		1.214e+00 +/- 9.827e-05		130378	130378	0	2295124	2295124	0	6.898e-02 +/- 1.856e-04		5.7 +/- 0.0	5.7 +/- 0.0
5		6.766e-01 +/- 6.761e-05		77164	77164	0	1291601	1291601	0	4.042e-02 +/- 1.412e-04		6.0 +/- 0.0	6.0 +/- 0.0
6		2.356e+00 +/- 1.296e-04		427592	427592	0	4524839	4524839	0	2.227e-01 +/- 3.243e-04		9.4 +/- 0.0	9.4 +/- 0.0
7		1.315e+00 +/- 8.978e-05		247352	247352	0	2507252	2507252	0	1.298e-01 +/- 2.479e-04		9.9 +/- 0.0	9.9 +/- 0.0
-------------------------------------------------------------------------------------------------------------------------------------------------------------------------- 
Total		6.207e+00 +/- 2.100e-04		1000107	1000107	0	11793120	11793120	0	5.263e-01 +/- 5.038e-04		8.5 +/- 0.0	8.5 +/- 0.0
--------------------------------------------------------------------------------------------------------------------------------------------------------------------------
Before matching: total cross section = 6.207e+00 +- 2.100e-04 pb
After matching: total cross section = 5.263e-01 +- 5.038e-04 pb
Matching efficiency = 0.1 +/- 0.0   [TO BE USED IN MCM]
Filter efficiency (taking into account weights)= (6.20887e+06) / (6.20887e+06) = 1.000e+00 +- 0.000e+00
Filter efficiency (event-level)= (1.00011e+06) / (1.00011e+06) = 1.000e+00 +- 0.000e+00    [TO BE USED IN MCM]

After filter: final cross section = 5.263e-01 +- 5.038e-04 pb
After filter: final fraction of events with negative weights = 0.000e+00 +- 0.000e+00
After filter: final equivalent lumi for 1M events (1/fb) = 1.900e+03 +- 2.630e+00
