01-Feb-2025 21:35:30 CST  Closed file root://cmsxrootd.fnal.gov//store/mc/Run3Summer22EEMiniAODv4/WtoLNu-4Jets_MLNu-0to120_HT-2500_TuneCP5_13p6TeV_madgraphMLM-pythia8/MINIAODSIM/130X_mcRun3_2022_realistic_postEE_v6-v2/40000/a1f98649-a1c6-47cd-a558-f6fb4290188f.root

------------------------------------
GenXsecAnalyzer:
------------------------------------
-------------------------------------------------------------------------------------------------------------------------------------------------------------------------- 
Overall cross-section summary 
--------------------------------------------------------------------------------------------------------------------------------------------------------------------------
Process		xsec_before [pb]		passed	nposw	nnegw	tried	nposw	nnegw 	xsec_match [pb]			accepted [%]	 event_eff [%]
0		1.061e-04 +/- 3.456e-07		6	6	0	218	218	0	2.916e-06 +/- 1.174e-06		2.7 +/- 1.1	2.8 +/- 1.1
1		1.064e-04 +/- 7.838e-07		2	2	0	39	39	0	5.471e-06 +/- 3.768e-06		5.1 +/- 3.5	5.1 +/- 3.5
2		9.079e-03 +/- 1.651e-06		11424	11424	0	284740	284740	0	3.643e-04 +/- 3.340e-06		4.0 +/- 0.0	4.0 +/- 0.0
3		3.606e-03 +/- 8.189e-07		4953	4953	0	113733	113733	0	1.570e-04 +/- 2.183e-06		4.4 +/- 0.1	4.4 +/- 0.1
4		5.426e-02 +/- 4.184e-06		36748	36748	0	1729321	1729321	0	1.153e-03 +/- 5.951e-06		2.1 +/- 0.0	2.1 +/- 0.0
5		2.123e-02 +/- 2.327e-06		15916	15916	0	688847	688847	0	4.905e-04 +/- 3.843e-06		2.3 +/- 0.0	2.3 +/- 0.0
6		1.774e-01 +/- 9.209e-06		666633	666633	0	5762820	5762820	0	2.052e-02 +/- 2.366e-05		11.6 +/- 0.0	11.6 +/- 0.0
7		6.813e-02 +/- 5.013e-06		264503	264503	0	2217894	2217894	0	8.125e-03 +/- 1.484e-05		11.9 +/- 0.0	11.9 +/- 0.0
-------------------------------------------------------------------------------------------------------------------------------------------------------------------------- 
Total		3.339e-01 +/- 1.170e-05		1000185	1000185	0	10797612	10797612	0	3.093e-02 +/- 2.948e-05		9.3 +/- 0.0	9.3 +/- 0.0
--------------------------------------------------------------------------------------------------------------------------------------------------------------------------
Before matching: total cross section = 3.339e-01 +- 1.170e-05 pb
After matching: total cross section = 3.093e-02 +- 2.948e-05 pb
Matching efficiency = 0.1 +/- 0.0   [TO BE USED IN MCM]
Filter efficiency (taking into account weights)= (333931) / (333931) = 1.000e+00 +- 0.000e+00
Filter efficiency (event-level)= (1.00018e+06) / (1.00018e+06) = 1.000e+00 +- 0.000e+00    [TO BE USED IN MCM]

After filter: final cross section = 3.093e-02 +- 2.948e-05 pb
After filter: final fraction of events with negative weights = 0.000e+00 +- 0.000e+00
After filter: final equivalent lumi for 1M events (1/fb) = 3.233e+04 +- 4.467e+01
