01-Feb-2025 21:37:33 CST  Closed file root://cmsxrootd.fnal.gov//store/mc/Run3Summer22EEMiniAODv4/WtoLNu-4Jets_MLNu-0to120_HT-400to800_TuneCP5_13p6TeV_madgraphMLM-pythia8/MINIAODSIM/130X_mcRun3_2022_realistic_postEE_v6-v3/80000/19a0dccf-2285-4036-87d0-ea1c223c104f.root

------------------------------------
GenXsecAnalyzer:
------------------------------------
-------------------------------------------------------------------------------------------------------------------------------------------------------------------------- 
Overall cross-section summary 
--------------------------------------------------------------------------------------------------------------------------------------------------------------------------
Process		xsec_before [pb]		passed	nposw	nnegw	tried	nposw	nnegw 	xsec_match [pb]			accepted [%]	 event_eff [%]
0		1.463e+00 +/- 4.114e-04		2872	2872	0	23472	23472	0	1.790e-01 +/- 3.129e-03		12.2 +/- 0.2	12.2 +/- 0.2
1		7.715e-01 +/- 2.547e-04		1587	1587	0	12647	12647	0	9.682e-02 +/- 2.273e-03		12.6 +/- 0.3	12.5 +/- 0.3
2		2.919e+01 +/- 5.272e-03		49719	49719	0	467977	467977	0	3.101e+00 +/- 1.316e-02		10.6 +/- 0.0	10.6 +/- 0.0
3		1.721e+01 +/- 3.984e-03		31559	31559	0	276113	276113	0	1.967e+00 +/- 1.043e-02		11.4 +/- 0.1	11.4 +/- 0.1
4		1.156e+02 +/- 9.902e-03		117754	117754	0	1920088	1920088	0	7.092e+00 +/- 2.003e-02		6.1 +/- 0.0	6.1 +/- 0.0
5		6.786e+01 +/- 7.514e-03		74970	74970	0	1140655	1140655	0	4.460e+00 +/- 1.575e-02		6.6 +/- 0.0	6.6 +/- 0.0
6		2.506e+02 +/- 1.415e-02		451401	451401	0	4238294	4238294	0	2.668e+01 +/- 3.757e-02		10.7 +/- 0.0	10.7 +/- 0.0
7		1.454e+02 +/- 9.898e-03		270427	270427	0	2447326	2447326	0	1.606e+01 +/- 2.916e-02		11.0 +/- 0.0	11.0 +/- 0.0
-------------------------------------------------------------------------------------------------------------------------------------------------------------------------- 
Total		6.281e+02 +/- 2.228e-02		1000289	1000289	0	10526572	10526572	0	5.968e+01 +/- 5.681e-02		9.5 +/- 0.0	9.5 +/- 0.0
--------------------------------------------------------------------------------------------------------------------------------------------------------------------------
Before matching: total cross section = 6.281e+02 +- 2.228e-02 pb
After matching: total cross section = 5.968e+01 +- 5.681e-02 pb
Matching efficiency = 0.1 +/- 0.0   [TO BE USED IN MCM]
Filter efficiency (taking into account weights)= (6.28453e+08) / (6.28453e+08) = 1.000e+00 +- 0.000e+00
Filter efficiency (event-level)= (1.00029e+06) / (1.00029e+06) = 1.000e+00 +- 0.000e+00    [TO BE USED IN MCM]

After filter: final cross section = 5.968e+01 +- 5.681e-02 pb
After filter: final fraction of events with negative weights = 0.000e+00 +- 0.000e+00
After filter: final equivalent lumi for 1M events (1/fb) = 1.676e+01 +- 2.313e-02
