01-Feb-2025 21:25:28 CST  Closed file root://cmsxrootd.fnal.gov//store/mc/Run3Summer22EEMiniAODv4/WZZ_TuneCP5_13p6TeV_amcatnlo-pythia8/MINIAODSIM/130X_mcRun3_2022_realistic_postEE_v6-v2/2540000/e5121ee9-3231-4f0a-8afe-a0f9b0429edb.root

------------------------------------
GenXsecAnalyzer:
------------------------------------
-------------------------------------------------------------------------------------------------------------------------------------------------------------------------- 
Overall cross-section summary 
--------------------------------------------------------------------------------------------------------------------------------------------------------------------------
Process		xsec_before [pb]		passed	nposw	nnegw	tried	nposw	nnegw 	xsec_match [pb]			accepted [%]	 event_eff [%]
0		6.206e-02 +/- 3.689e-05		1000632	955363	45269	1000632	955363	45269	6.206e-02 +/- 3.689e-05		100.0 +/- 0.0	100.0 +/- 0.0
-------------------------------------------------------------------------------------------------------------------------------------------------------------------------- 
Total		6.206e-02 +/- 3.689e-05		1000632	955363	45269	1000632	955363	45269	6.206e-02 +/- 3.689e-05		100.0 +/- 0.0	100.0 +/- 0.0
--------------------------------------------------------------------------------------------------------------------------------------------------------------------------
Before matching: total cross section = 6.206e-02 +- 3.689e-05 pb
After matching: total cross section = 6.206e-02 +- 3.689e-05 pb
Matching efficiency = 1.0 +/- 0.0   [TO BE USED IN MCM]
Filter efficiency (taking into account weights)= (62138.5) / (62138.5) = 1.000e+00 +- 0.000e+00
Filter efficiency (event-level)= (1.00063e+06) / (1.00063e+06) = 1.000e+00 +- 0.000e+00    [TO BE USED IN MCM]

After filter: final cross section = 6.206e-02 +- 3.689e-05 pb
After filter: final fraction of events with negative weights = 4.524e-02 +- 2.049e-06
After filter: final equivalent lumi for 1M events (1/fb) = 1.333e+04 +- 1.410e+01
