01-Feb-2025 22:23:59 CST  Closed file root://cmsxrootd.fnal.gov//store/mc/Run3Summer22EEMiniAODv4/ZZZ_TuneCP5_13p6TeV_amcatnlo-pythia8/MINIAODSIM/130X_mcRun3_2022_realistic_postEE_v6-v2/30000/51c26bf8-9348-4b2f-90e7-ddcd01671ac9.root

------------------------------------
GenXsecAnalyzer:
------------------------------------
-------------------------------------------------------------------------------------------------------------------------------------------------------------------------- 
Overall cross-section summary 
--------------------------------------------------------------------------------------------------------------------------------------------------------------------------
Process		xsec_before [pb]		passed	nposw	nnegw	tried	nposw	nnegw 	xsec_match [pb]			accepted [%]	 event_eff [%]
0		1.591e-02 +/- 7.828e-06		1177200	1111640	65560	1177200	1111640	65560	1.591e-02 +/- 7.828e-06		100.0 +/- 0.0	100.0 +/- 0.0
-------------------------------------------------------------------------------------------------------------------------------------------------------------------------- 
Total		1.591e-02 +/- 7.828e-06		1177200	1111640	65560	1177200	1111640	65560	1.591e-02 +/- 7.828e-06		100.0 +/- 0.0	100.0 +/- 0.0
--------------------------------------------------------------------------------------------------------------------------------------------------------------------------
Before matching: total cross section = 1.591e-02 +- 7.828e-06 pb
After matching: total cross section = 1.591e-02 +- 7.828e-06 pb
Matching efficiency = 1.0 +/- 0.0   [TO BE USED IN MCM]
Filter efficiency (taking into account weights)= (18748.6) / (18748.6) = 1.000e+00 +- 0.000e+00
Filter efficiency (event-level)= (1.1772e+06) / (1.1772e+06) = 1.000e+00 +- 0.000e+00    [TO BE USED IN MCM]

After filter: final cross section = 1.591e-02 +- 7.828e-06 pb
After filter: final fraction of events with negative weights = 5.569e-02 +- 2.836e-06
After filter: final equivalent lumi for 1M events (1/fb) = 4.964e+04 +- 4.916e+01
